<?xml version="1.0" encoding="UTF-8"?>
<testExecutions version="1">
  <file path="C:\Angular project-2\codebook\src\app\services\dark-mode.service.spec.ts">
    <testCase name="DarkModeService should be created" duration="215"/>
    <testCase name="DarkModeService Initialization should initialize with system theme if no saved theme in localStorage" duration="35"/>
    <testCase name="DarkModeService Initialization should initialize with saved theme from localStorage" duration="54">
      <failure message="Error: expect(received).toBe(expected) // Object.is equality"><![CDATA[Error: expect(received).toBe(expected) // Object.is equality

Expected: "dark"
Received: "system"
    at C:\Angular project-2\codebook\src\app\services\dark-mode.service.spec.ts:67:48
    at _ZoneDelegate.invoke (C:\Angular project-2\codebook\node_modules\zone.js\bundles\zone.umd.js:416:32)
    at ProxyZoneSpec.Object.<anonymous>.ProxyZoneSpec.onInvoke (C:\Angular project-2\codebook\node_modules\zone.js\bundles\zone-testing.umd.js:2177:43)
    at _ZoneDelegate.invoke (C:\Angular project-2\codebook\node_modules\zone.js\bundles\zone.umd.js:415:38)
    at ZoneImpl.run (C:\Angular project-2\codebook\node_modules\zone.js\bundles\zone.umd.js:147:47)
    at Object.wrappedFunc (C:\Angular project-2\codebook\node_modules\zone.js\bundles\zone-testing.umd.js:450:38)
    at Promise.then.completed (C:\Angular project-2\codebook\node_modules\jest-circus\build\utils.js:298:28)
    at new Promise (<anonymous>)
    at callAsyncCircusFn (C:\Angular project-2\codebook\node_modules\jest-circus\build\utils.js:231:10)
    at _callCircusTest (C:\Angular project-2\codebook\node_modules\jest-circus\build\run.js:316:40)
    at processTicksAndRejections (node:internal/process/task_queues:105:5)
    at _runTest (C:\Angular project-2\codebook\node_modules\jest-circus\build\run.js:252:3)
    at _runTestsForDescribeBlock (C:\Angular project-2\codebook\node_modules\jest-circus\build\run.js:126:9)
    at _runTestsForDescribeBlock (C:\Angular project-2\codebook\node_modules\jest-circus\build\run.js:121:9)
    at _runTestsForDescribeBlock (C:\Angular project-2\codebook\node_modules\jest-circus\build\run.js:121:9)
    at run (C:\Angular project-2\codebook\node_modules\jest-circus\build\run.js:71:3)
    at runAndTransformResultsToJestFormat (C:\Angular project-2\codebook\node_modules\jest-circus\build\legacy-code-todo-rewrite\jestAdapterInit.js:122:21)]]></failure>
    </testCase>
    <testCase name="DarkModeService Initialization should set up system theme change listener" duration="13">
      <failure message="Error: expect(jest.fn()).toHaveBeenCalledWith(...expected)"><![CDATA[Error: expect(jest.fn()).toHaveBeenCalledWith(...expected)

Expected: "change", Any<Function>

Number of calls: 0
    at C:\Angular project-2\codebook\src\app\services\dark-mode.service.spec.ts:81:35
    at _ZoneDelegate.invoke (C:\Angular project-2\codebook\node_modules\zone.js\bundles\zone.umd.js:416:32)
    at ProxyZoneSpec.Object.<anonymous>.ProxyZoneSpec.onInvoke (C:\Angular project-2\codebook\node_modules\zone.js\bundles\zone-testing.umd.js:2177:43)
    at _ZoneDelegate.invoke (C:\Angular project-2\codebook\node_modules\zone.js\bundles\zone.umd.js:415:38)
    at ZoneImpl.run (C:\Angular project-2\codebook\node_modules\zone.js\bundles\zone.umd.js:147:47)
    at Object.wrappedFunc (C:\Angular project-2\codebook\node_modules\zone.js\bundles\zone-testing.umd.js:450:38)
    at Promise.then.completed (C:\Angular project-2\codebook\node_modules\jest-circus\build\utils.js:298:28)
    at new Promise (<anonymous>)
    at callAsyncCircusFn (C:\Angular project-2\codebook\node_modules\jest-circus\build\utils.js:231:10)
    at _callCircusTest (C:\Angular project-2\codebook\node_modules\jest-circus\build\run.js:316:40)
    at processTicksAndRejections (node:internal/process/task_queues:105:5)
    at _runTest (C:\Angular project-2\codebook\node_modules\jest-circus\build\run.js:252:3)
    at _runTestsForDescribeBlock (C:\Angular project-2\codebook\node_modules\jest-circus\build\run.js:126:9)
    at _runTestsForDescribeBlock (C:\Angular project-2\codebook\node_modules\jest-circus\build\run.js:121:9)
    at _runTestsForDescribeBlock (C:\Angular project-2\codebook\node_modules\jest-circus\build\run.js:121:9)
    at run (C:\Angular project-2\codebook\node_modules\jest-circus\build\run.js:71:3)
    at runAndTransformResultsToJestFormat (C:\Angular project-2\codebook\node_modules\jest-circus\build\legacy-code-todo-rewrite\jestAdapterInit.js:122:21)]]></failure>
    </testCase>
    <testCase name="DarkModeService getThemes should return all available themes" duration="65"/>
    <testCase name="DarkModeService setTheme should set light theme and update localStorage and DOM" duration="12"/>
    <testCase name="DarkModeService setTheme should set dark theme and update localStorage and DOM" duration="24"/>
    <testCase name="DarkModeService setTheme should set system theme and update based on system preference" duration="21">
      <failure message="Error: expect(jest.fn()).toHaveBeenCalledWith(...expected)"><![CDATA[Error: expect(jest.fn()).toHaveBeenCalledWith(...expected)

Expected: "dark-theme", true
Received
       1: "dark-theme", false
       2: "light-theme", true
       3: "dark-theme", false

Number of calls: 4
    at C:\Angular project-2\codebook\src\app\services\dark-mode.service.spec.ts:120:46
    at _ZoneDelegate.invoke (C:\Angular project-2\codebook\node_modules\zone.js\bundles\zone.umd.js:416:32)
    at ProxyZoneSpec.Object.<anonymous>.ProxyZoneSpec.onInvoke (C:\Angular project-2\codebook\node_modules\zone.js\bundles\zone-testing.umd.js:2177:43)
    at _ZoneDelegate.invoke (C:\Angular project-2\codebook\node_modules\zone.js\bundles\zone.umd.js:415:38)
    at ZoneImpl.run (C:\Angular project-2\codebook\node_modules\zone.js\bundles\zone.umd.js:147:47)
    at Object.wrappedFunc (C:\Angular project-2\codebook\node_modules\zone.js\bundles\zone-testing.umd.js:450:38)
    at Promise.then.completed (C:\Angular project-2\codebook\node_modules\jest-circus\build\utils.js:298:28)
    at new Promise (<anonymous>)
    at callAsyncCircusFn (C:\Angular project-2\codebook\node_modules\jest-circus\build\utils.js:231:10)
    at _callCircusTest (C:\Angular project-2\codebook\node_modules\jest-circus\build\run.js:316:40)
    at processTicksAndRejections (node:internal/process/task_queues:105:5)
    at _runTest (C:\Angular project-2\codebook\node_modules\jest-circus\build\run.js:252:3)
    at _runTestsForDescribeBlock (C:\Angular project-2\codebook\node_modules\jest-circus\build\run.js:126:9)
    at _runTestsForDescribeBlock (C:\Angular project-2\codebook\node_modules\jest-circus\build\run.js:121:9)
    at _runTestsForDescribeBlock (C:\Angular project-2\codebook\node_modules\jest-circus\build\run.js:121:9)
    at run (C:\Angular project-2\codebook\node_modules\jest-circus\build\run.js:71:3)
    at runAndTransformResultsToJestFormat (C:\Angular project-2\codebook\node_modules\jest-circus\build\legacy-code-todo-rewrite\jestAdapterInit.js:122:21)]]></failure>
    </testCase>
    <testCase name="DarkModeService isDarkMode should return true for dark theme" duration="10"/>
    <testCase name="DarkModeService isDarkMode should return false for light theme" duration="19"/>
    <testCase name="DarkModeService isDarkMode should return system preference for system theme (dark)" duration="11">
      <failure message="Error: expect(received).toBe(expected) // Object.is equality"><![CDATA[Error: expect(received).toBe(expected) // Object.is equality

Expected: true
Received: false
    at C:\Angular project-2\codebook\src\app\services\dark-mode.service.spec.ts:140:36
    at _ZoneDelegate.invoke (C:\Angular project-2\codebook\node_modules\zone.js\bundles\zone.umd.js:416:32)
    at ProxyZoneSpec.Object.<anonymous>.ProxyZoneSpec.onInvoke (C:\Angular project-2\codebook\node_modules\zone.js\bundles\zone-testing.umd.js:2177:43)
    at _ZoneDelegate.invoke (C:\Angular project-2\codebook\node_modules\zone.js\bundles\zone.umd.js:415:38)
    at ZoneImpl.run (C:\Angular project-2\codebook\node_modules\zone.js\bundles\zone.umd.js:147:47)
    at Object.wrappedFunc (C:\Angular project-2\codebook\node_modules\zone.js\bundles\zone-testing.umd.js:450:38)
    at Promise.then.completed (C:\Angular project-2\codebook\node_modules\jest-circus\build\utils.js:298:28)
    at new Promise (<anonymous>)
    at callAsyncCircusFn (C:\Angular project-2\codebook\node_modules\jest-circus\build\utils.js:231:10)
    at _callCircusTest (C:\Angular project-2\codebook\node_modules\jest-circus\build\run.js:316:40)
    at processTicksAndRejections (node:internal/process/task_queues:105:5)
    at _runTest (C:\Angular project-2\codebook\node_modules\jest-circus\build\run.js:252:3)
    at _runTestsForDescribeBlock (C:\Angular project-2\codebook\node_modules\jest-circus\build\run.js:126:9)
    at _runTestsForDescribeBlock (C:\Angular project-2\codebook\node_modules\jest-circus\build\run.js:121:9)
    at _runTestsForDescribeBlock (C:\Angular project-2\codebook\node_modules\jest-circus\build\run.js:121:9)
    at run (C:\Angular project-2\codebook\node_modules\jest-circus\build\run.js:71:3)
    at runAndTransformResultsToJestFormat (C:\Angular project-2\codebook\node_modules\jest-circus\build\legacy-code-todo-rewrite\jestAdapterInit.js:122:21)]]></failure>
    </testCase>
    <testCase name="DarkModeService isDarkMode should return system preference for system theme (light)" duration="6"/>
    <testCase name="DarkModeService isDarkMode should handle missing window.matchMedia for system theme" duration="6"/>
    <testCase name="DarkModeService selectedTheme should return correct theme object for light theme" duration="6"/>
    <testCase name="DarkModeService selectedTheme should return correct theme object for dark theme" duration="6"/>
    <testCase name="DarkModeService selectedTheme should return correct theme object for system theme" duration="20"/>
    <testCase name="DarkModeService System theme change listener should apply dark theme when system preference changes to dark in system mode" duration="14">
      <failure message="TypeError: changeHandler is not a function"><![CDATA[TypeError: changeHandler is not a function
    at C:\Angular project-2\codebook\src\app\services\dark-mode.service.spec.ts:187:7
    at _ZoneDelegate.invoke (C:\Angular project-2\codebook\node_modules\zone.js\bundles\zone.umd.js:416:32)
    at ProxyZoneSpec.Object.<anonymous>.ProxyZoneSpec.onInvoke (C:\Angular project-2\codebook\node_modules\zone.js\bundles\zone-testing.umd.js:2177:43)
    at _ZoneDelegate.invoke (C:\Angular project-2\codebook\node_modules\zone.js\bundles\zone.umd.js:415:38)
    at ZoneImpl.run (C:\Angular project-2\codebook\node_modules\zone.js\bundles\zone.umd.js:147:47)
    at Object.wrappedFunc (C:\Angular project-2\codebook\node_modules\zone.js\bundles\zone-testing.umd.js:450:38)
    at Promise.then.completed (C:\Angular project-2\codebook\node_modules\jest-circus\build\utils.js:298:28)
    at new Promise (<anonymous>)
    at callAsyncCircusFn (C:\Angular project-2\codebook\node_modules\jest-circus\build\utils.js:231:10)
    at _callCircusTest (C:\Angular project-2\codebook\node_modules\jest-circus\build\run.js:316:40)
    at processTicksAndRejections (node:internal/process/task_queues:105:5)
    at _runTest (C:\Angular project-2\codebook\node_modules\jest-circus\build\run.js:252:3)
    at _runTestsForDescribeBlock (C:\Angular project-2\codebook\node_modules\jest-circus\build\run.js:126:9)
    at _runTestsForDescribeBlock (C:\Angular project-2\codebook\node_modules\jest-circus\build\run.js:121:9)
    at _runTestsForDescribeBlock (C:\Angular project-2\codebook\node_modules\jest-circus\build\run.js:121:9)
    at run (C:\Angular project-2\codebook\node_modules\jest-circus\build\run.js:71:3)
    at runAndTransformResultsToJestFormat (C:\Angular project-2\codebook\node_modules\jest-circus\build\legacy-code-todo-rewrite\jestAdapterInit.js:122:21)]]></failure>
    </testCase>
    <testCase name="DarkModeService System theme change listener should apply light theme when system preference changes to light in system mode" duration="6">
      <failure message="TypeError: changeHandler is not a function"><![CDATA[TypeError: changeHandler is not a function
    at C:\Angular project-2\codebook\src\app\services\dark-mode.service.spec.ts:196:7
    at _ZoneDelegate.invoke (C:\Angular project-2\codebook\node_modules\zone.js\bundles\zone.umd.js:416:32)
    at ProxyZoneSpec.Object.<anonymous>.ProxyZoneSpec.onInvoke (C:\Angular project-2\codebook\node_modules\zone.js\bundles\zone-testing.umd.js:2177:43)
    at _ZoneDelegate.invoke (C:\Angular project-2\codebook\node_modules\zone.js\bundles\zone.umd.js:415:38)
    at ZoneImpl.run (C:\Angular project-2\codebook\node_modules\zone.js\bundles\zone.umd.js:147:47)
    at Object.wrappedFunc (C:\Angular project-2\codebook\node_modules\zone.js\bundles\zone-testing.umd.js:450:38)
    at Promise.then.completed (C:\Angular project-2\codebook\node_modules\jest-circus\build\utils.js:298:28)
    at new Promise (<anonymous>)
    at callAsyncCircusFn (C:\Angular project-2\codebook\node_modules\jest-circus\build\utils.js:231:10)
    at _callCircusTest (C:\Angular project-2\codebook\node_modules\jest-circus\build\run.js:316:40)
    at processTicksAndRejections (node:internal/process/task_queues:105:5)
    at _runTest (C:\Angular project-2\codebook\node_modules\jest-circus\build\run.js:252:3)
    at _runTestsForDescribeBlock (C:\Angular project-2\codebook\node_modules\jest-circus\build\run.js:126:9)
    at _runTestsForDescribeBlock (C:\Angular project-2\codebook\node_modules\jest-circus\build\run.js:121:9)
    at _runTestsForDescribeBlock (C:\Angular project-2\codebook\node_modules\jest-circus\build\run.js:121:9)
    at run (C:\Angular project-2\codebook\node_modules\jest-circus\build\run.js:71:3)
    at runAndTransformResultsToJestFormat (C:\Angular project-2\codebook\node_modules\jest-circus\build\legacy-code-todo-rewrite\jestAdapterInit.js:122:21)]]></failure>
    </testCase>
    <testCase name="DarkModeService System theme change listener should handle multiple system preference changes in system mode" duration="10">
      <failure message="TypeError: changeHandler is not a function"><![CDATA[TypeError: changeHandler is not a function
    at C:\Angular project-2\codebook\src\app\services\dark-mode.service.spec.ts:205:7
    at _ZoneDelegate.invoke (C:\Angular project-2\codebook\node_modules\zone.js\bundles\zone.umd.js:416:32)
    at ProxyZoneSpec.Object.<anonymous>.ProxyZoneSpec.onInvoke (C:\Angular project-2\codebook\node_modules\zone.js\bundles\zone-testing.umd.js:2177:43)
    at _ZoneDelegate.invoke (C:\Angular project-2\codebook\node_modules\zone.js\bundles\zone.umd.js:415:38)
    at ZoneImpl.run (C:\Angular project-2\codebook\node_modules\zone.js\bundles\zone.umd.js:147:47)
    at Object.wrappedFunc (C:\Angular project-2\codebook\node_modules\zone.js\bundles\zone-testing.umd.js:450:38)
    at Promise.then.completed (C:\Angular project-2\codebook\node_modules\jest-circus\build\utils.js:298:28)
    at new Promise (<anonymous>)
    at callAsyncCircusFn (C:\Angular project-2\codebook\node_modules\jest-circus\build\utils.js:231:10)
    at _callCircusTest (C:\Angular project-2\codebook\node_modules\jest-circus\build\run.js:316:40)
    at processTicksAndRejections (node:internal/process/task_queues:105:5)
    at _runTest (C:\Angular project-2\codebook\node_modules\jest-circus\build\run.js:252:3)
    at _runTestsForDescribeBlock (C:\Angular project-2\codebook\node_modules\jest-circus\build\run.js:126:9)
    at _runTestsForDescribeBlock (C:\Angular project-2\codebook\node_modules\jest-circus\build\run.js:121:9)
    at _runTestsForDescribeBlock (C:\Angular project-2\codebook\node_modules\jest-circus\build\run.js:121:9)
    at run (C:\Angular project-2\codebook\node_modules\jest-circus\build\run.js:71:3)
    at runAndTransformResultsToJestFormat (C:\Angular project-2\codebook\node_modules\jest-circus\build\legacy-code-todo-rewrite\jestAdapterInit.js:122:21)]]></failure>
    </testCase>
    <testCase name="DarkModeService System theme change listener should not apply theme when system preference changes in light mode" duration="14">
      <failure message="TypeError: changeHandler is not a function"><![CDATA[TypeError: changeHandler is not a function
    at C:\Angular project-2\codebook\src\app\services\dark-mode.service.spec.ts:221:7
    at _ZoneDelegate.invoke (C:\Angular project-2\codebook\node_modules\zone.js\bundles\zone.umd.js:416:32)
    at ProxyZoneSpec.Object.<anonymous>.ProxyZoneSpec.onInvoke (C:\Angular project-2\codebook\node_modules\zone.js\bundles\zone-testing.umd.js:2177:43)
    at _ZoneDelegate.invoke (C:\Angular project-2\codebook\node_modules\zone.js\bundles\zone.umd.js:415:38)
    at ZoneImpl.run (C:\Angular project-2\codebook\node_modules\zone.js\bundles\zone.umd.js:147:47)
    at Object.wrappedFunc (C:\Angular project-2\codebook\node_modules\zone.js\bundles\zone-testing.umd.js:450:38)
    at Promise.then.completed (C:\Angular project-2\codebook\node_modules\jest-circus\build\utils.js:298:28)
    at new Promise (<anonymous>)
    at callAsyncCircusFn (C:\Angular project-2\codebook\node_modules\jest-circus\build\utils.js:231:10)
    at _callCircusTest (C:\Angular project-2\codebook\node_modules\jest-circus\build\run.js:316:40)
    at processTicksAndRejections (node:internal/process/task_queues:105:5)
    at _runTest (C:\Angular project-2\codebook\node_modules\jest-circus\build\run.js:252:3)
    at _runTestsForDescribeBlock (C:\Angular project-2\codebook\node_modules\jest-circus\build\run.js:126:9)
    at _runTestsForDescribeBlock (C:\Angular project-2\codebook\node_modules\jest-circus\build\run.js:121:9)
    at _runTestsForDescribeBlock (C:\Angular project-2\codebook\node_modules\jest-circus\build\run.js:121:9)
    at run (C:\Angular project-2\codebook\node_modules\jest-circus\build\run.js:71:3)
    at runAndTransformResultsToJestFormat (C:\Angular project-2\codebook\node_modules\jest-circus\build\legacy-code-todo-rewrite\jestAdapterInit.js:122:21)]]></failure>
    </testCase>
    <testCase name="DarkModeService System theme change listener should not apply theme when system preference changes in dark mode" duration="15">
      <failure message="TypeError: changeHandler is not a function"><![CDATA[TypeError: changeHandler is not a function
    at C:\Angular project-2\codebook\src\app\services\dark-mode.service.spec.ts:229:7
    at _ZoneDelegate.invoke (C:\Angular project-2\codebook\node_modules\zone.js\bundles\zone.umd.js:416:32)
    at ProxyZoneSpec.Object.<anonymous>.ProxyZoneSpec.onInvoke (C:\Angular project-2\codebook\node_modules\zone.js\bundles\zone-testing.umd.js:2177:43)
    at _ZoneDelegate.invoke (C:\Angular project-2\codebook\node_modules\zone.js\bundles\zone.umd.js:415:38)
    at ZoneImpl.run (C:\Angular project-2\codebook\node_modules\zone.js\bundles\zone.umd.js:147:47)
    at Object.wrappedFunc (C:\Angular project-2\codebook\node_modules\zone.js\bundles\zone-testing.umd.js:450:38)
    at Promise.then.completed (C:\Angular project-2\codebook\node_modules\jest-circus\build\utils.js:298:28)
    at new Promise (<anonymous>)
    at callAsyncCircusFn (C:\Angular project-2\codebook\node_modules\jest-circus\build\utils.js:231:10)
    at _callCircusTest (C:\Angular project-2\codebook\node_modules\jest-circus\build\run.js:316:40)
    at processTicksAndRejections (node:internal/process/task_queues:105:5)
    at _runTest (C:\Angular project-2\codebook\node_modules\jest-circus\build\run.js:252:3)
    at _runTestsForDescribeBlock (C:\Angular project-2\codebook\node_modules\jest-circus\build\run.js:126:9)
    at _runTestsForDescribeBlock (C:\Angular project-2\codebook\node_modules\jest-circus\build\run.js:121:9)
    at _runTestsForDescribeBlock (C:\Angular project-2\codebook\node_modules\jest-circus\build\run.js:121:9)
    at run (C:\Angular project-2\codebook\node_modules\jest-circus\build\run.js:71:3)
    at runAndTransformResultsToJestFormat (C:\Angular project-2\codebook\node_modules\jest-circus\build\legacy-code-todo-rewrite\jestAdapterInit.js:122:21)]]></failure>
    </testCase>
    <testCase name="DarkModeService System theme change listener should handle theme change from system to non-system and back during listener" duration="11">
      <failure message="TypeError: changeHandler is not a function"><![CDATA[TypeError: changeHandler is not a function
    at C:\Angular project-2\codebook\src\app\services\dark-mode.service.spec.ts:237:7
    at _ZoneDelegate.invoke (C:\Angular project-2\codebook\node_modules\zone.js\bundles\zone.umd.js:416:32)
    at ProxyZoneSpec.Object.<anonymous>.ProxyZoneSpec.onInvoke (C:\Angular project-2\codebook\node_modules\zone.js\bundles\zone-testing.umd.js:2177:43)
    at _ZoneDelegate.invoke (C:\Angular project-2\codebook\node_modules\zone.js\bundles\zone.umd.js:415:38)
    at ZoneImpl.run (C:\Angular project-2\codebook\node_modules\zone.js\bundles\zone.umd.js:147:47)
    at Object.wrappedFunc (C:\Angular project-2\codebook\node_modules\zone.js\bundles\zone-testing.umd.js:450:38)
    at Promise.then.completed (C:\Angular project-2\codebook\node_modules\jest-circus\build\utils.js:298:28)
    at new Promise (<anonymous>)
    at callAsyncCircusFn (C:\Angular project-2\codebook\node_modules\jest-circus\build\utils.js:231:10)
    at _callCircusTest (C:\Angular project-2\codebook\node_modules\jest-circus\build\run.js:316:40)
    at processTicksAndRejections (node:internal/process/task_queues:105:5)
    at _runTest (C:\Angular project-2\codebook\node_modules\jest-circus\build\run.js:252:3)
    at _runTestsForDescribeBlock (C:\Angular project-2\codebook\node_modules\jest-circus\build\run.js:126:9)
    at _runTestsForDescribeBlock (C:\Angular project-2\codebook\node_modules\jest-circus\build\run.js:121:9)
    at _runTestsForDescribeBlock (C:\Angular project-2\codebook\node_modules\jest-circus\build\run.js:121:9)
    at run (C:\Angular project-2\codebook\node_modules\jest-circus\build\run.js:71:3)
    at runAndTransformResultsToJestFormat (C:\Angular project-2\codebook\node_modules\jest-circus\build\legacy-code-todo-rewrite\jestAdapterInit.js:122:21)]]></failure>
    </testCase>
    <testCase name="DarkModeService System theme change listener should handle initial system mode with immediate preference change" duration="10">
      <failure message="Error: expect(jest.fn()).toHaveBeenCalledWith(...expected)"><![CDATA[Error: expect(jest.fn()).toHaveBeenCalledWith(...expected)

Expected: "dark-theme", true
Received
       1: "dark-theme", false
       2: "light-theme", true

Number of calls: 2
    at C:\Angular project-2\codebook\src\app\services\dark-mode.service.spec.ts:260:46
    at _ZoneDelegate.invoke (C:\Angular project-2\codebook\node_modules\zone.js\bundles\zone.umd.js:416:32)
    at ProxyZoneSpec.Object.<anonymous>.ProxyZoneSpec.onInvoke (C:\Angular project-2\codebook\node_modules\zone.js\bundles\zone-testing.umd.js:2177:43)
    at _ZoneDelegate.invoke (C:\Angular project-2\codebook\node_modules\zone.js\bundles\zone.umd.js:415:38)
    at ZoneImpl.run (C:\Angular project-2\codebook\node_modules\zone.js\bundles\zone.umd.js:147:47)
    at Object.wrappedFunc (C:\Angular project-2\codebook\node_modules\zone.js\bundles\zone-testing.umd.js:450:38)
    at Promise.then.completed (C:\Angular project-2\codebook\node_modules\jest-circus\build\utils.js:298:28)
    at new Promise (<anonymous>)
    at callAsyncCircusFn (C:\Angular project-2\codebook\node_modules\jest-circus\build\utils.js:231:10)
    at _callCircusTest (C:\Angular project-2\codebook\node_modules\jest-circus\build\run.js:316:40)
    at processTicksAndRejections (node:internal/process/task_queues:105:5)
    at _runTest (C:\Angular project-2\codebook\node_modules\jest-circus\build\run.js:252:3)
    at _runTestsForDescribeBlock (C:\Angular project-2\codebook\node_modules\jest-circus\build\run.js:126:9)
    at _runTestsForDescribeBlock (C:\Angular project-2\codebook\node_modules\jest-circus\build\run.js:121:9)
    at _runTestsForDescribeBlock (C:\Angular project-2\codebook\node_modules\jest-circus\build\run.js:121:9)
    at run (C:\Angular project-2\codebook\node_modules\jest-circus\build\run.js:71:3)
    at runAndTransformResultsToJestFormat (C:\Angular project-2\codebook\node_modules\jest-circus\build\legacy-code-todo-rewrite\jestAdapterInit.js:122:21)]]></failure>
    </testCase>
  </file>
  <file path="C:\Angular project-2\codebook\src\app\pages\dashboard\dashboard.component.spec.ts">
    <testCase name="DashboardComponent should create" duration="274">
      <failure message="TypeError: window.matchMedia is not a function"><![CDATA[TypeError: window.matchMedia is not a function
    at new matchMedia (C:\Angular project-2\codebook\src\app\services\dark-mode.service.ts:30:12)
    at Object.DarkModeService_Factory [as factory] (ng:///DarkModeService/ɵfac.js:5:10)
    at C:\Angular project-2\codebook\node_modules\@angular\core\fesm2022\core.mjs:2274:47
    at runInInjectorProfilerContext (C:\Angular project-2\codebook\node_modules\@angular\core\fesm2022\core.mjs:880:9)
    at R3Injector.hydrate (C:\Angular project-2\codebook\node_modules\@angular\core\fesm2022\core.mjs:2273:21)
    at R3Injector.get (C:\Angular project-2\codebook\node_modules\@angular\core\fesm2022\core.mjs:2141:33)
    at ChainedInjector.get (C:\Angular project-2\codebook\node_modules\@angular\core\fesm2022\core.mjs:17238:36)
    at lookupTokenUsingModuleInjector (C:\Angular project-2\codebook\node_modules\@angular\core\fesm2022\core.mjs:5063:39)
    at getOrCreateInjectable (C:\Angular project-2\codebook\node_modules\@angular\core\fesm2022\core.mjs:5111:12)
    at ɵɵdirectiveInject (C:\Angular project-2\codebook\node_modules\@angular\core\fesm2022\core.mjs:17289:19)
    at ɵɵinject (C:\Angular project-2\codebook\node_modules\@angular\core\fesm2022\core.mjs:1125:42)
    at inject (C:\Angular project-2\codebook\node_modules\@angular\core\fesm2022\core.mjs:1211:12)
    at new DashboardComponent (C:\Angular project-2\codebook\src\app\pages\dashboard\dashboard.component.ts:11:34)
    at NodeInjectorFactory.DashboardComponent_Factory [as factory] (ng:///DashboardComponent/ɵfac.js:5:10)
    at getNodeInjectable (C:\Angular project-2\codebook\node_modules\@angular\core\fesm2022\core.mjs:5323:44)
    at instantiateAllDirectives (C:\Angular project-2\codebook\node_modules\@angular\core\fesm2022\core.mjs:12562:27)
    at createDirectivesInstances (C:\Angular project-2\codebook\node_modules\@angular\core\fesm2022\core.mjs:12352:5)
    at ComponentFactory2.create (C:\Angular project-2\codebook\node_modules\@angular\core\fesm2022\core.mjs:17945:17)
    at initComponent (C:\Angular project-2\codebook\node_modules\@angular\core\fesm2022\testing.mjs:2053:51)
    at _ZoneDelegate.invoke (C:\Angular project-2\codebook\node_modules\zone.js\bundles\zone.umd.js:416:32)
    at ProxyZoneSpec.Object.<anonymous>.ProxyZoneSpec.onInvoke (C:\Angular project-2\codebook\node_modules\zone.js\bundles\zone-testing.umd.js:2177:43)
    at _ZoneDelegate.invoke (C:\Angular project-2\codebook\node_modules\zone.js\bundles\zone.umd.js:415:38)
    at Object.onInvoke (C:\Angular project-2\codebook\node_modules\@angular\core\fesm2022\core.mjs:6528:33)
    at _ZoneDelegate.invoke (C:\Angular project-2\codebook\node_modules\zone.js\bundles\zone.umd.js:415:38)
    at ZoneImpl.run (C:\Angular project-2\codebook\node_modules\zone.js\bundles\zone.umd.js:147:47)
    at NgZone.run (C:\Angular project-2\codebook\node_modules\@angular\core\fesm2022\core.mjs:6374:28)
    at _TestBedImpl.createComponent (C:\Angular project-2\codebook\node_modules\@angular\core\fesm2022\testing.mjs:2058:41)
    at Function.createComponent (C:\Angular project-2\codebook\node_modules\@angular\core\fesm2022\testing.mjs:1844:37)
    at C:\Angular project-2\codebook\src\app\pages\dashboard\dashboard.component.spec.ts:15:23
    at Generator.next (<anonymous>)
    at fulfilled (C:\Angular project-2\codebook\node_modules\tslib\tslib.js:167:62)
    at _ZoneDelegate.invoke (C:\Angular project-2\codebook\node_modules\zone.js\bundles\zone.umd.js:416:32)
    at ProxyZoneSpec.Object.<anonymous>.ProxyZoneSpec.onInvoke (C:\Angular project-2\codebook\node_modules\zone.js\bundles\zone-testing.umd.js:2177:43)
    at _ZoneDelegate.invoke (C:\Angular project-2\codebook\node_modules\zone.js\bundles\zone.umd.js:415:38)
    at ZoneImpl.run (C:\Angular project-2\codebook\node_modules\zone.js\bundles\zone.umd.js:147:47)
    at C:\Angular project-2\codebook\node_modules\zone.js\bundles\zone.umd.js:2598:42
    at _ZoneDelegate.invokeTask (C:\Angular project-2\codebook\node_modules\zone.js\bundles\zone.umd.js:449:37)
    at ProxyZoneSpec.Object.<anonymous>.ProxyZoneSpec.onInvokeTask (C:\Angular project-2\codebook\node_modules\zone.js\bundles\zone-testing.umd.js:2208:43)
    at _ZoneDelegate.invokeTask (C:\Angular project-2\codebook\node_modules\zone.js\bundles\zone.umd.js:448:42)
    at ZoneImpl.runTask (C:\Angular project-2\codebook\node_modules\zone.js\bundles\zone.umd.js:196:51)
    at drainMicroTaskQueue (C:\Angular project-2\codebook\node_modules\zone.js\bundles\zone.umd.js:638:39)
    at processTicksAndRejections (node:internal/process/task_queues:105:5)]]></failure>
    </testCase>
  </file>
  <file path="C:\Angular project-2\codebook\src\app\services\responsive\responsive.service.spec.ts">
    <testCase name="ResponsiveService should be created" duration="32"/>
    <testCase name="ResponsiveService constructor should initialize breakpointObserver with all breakpoints" duration="10"/>
    <testCase name="ResponsiveService constructor should update breakpointState when breakpointObserver emits" duration="8"/>
    <testCase name="ResponsiveService isMobile should return true when isXSmall is true" duration="6"/>
    <testCase name="ResponsiveService isMobile should return false when isXSmall is false" duration="5"/>
    <testCase name="ResponsiveService isTablet should return true when isSmall is true" duration="4"/>
    <testCase name="ResponsiveService isTablet should return true when isMedium is true" duration="4"/>
    <testCase name="ResponsiveService isTablet should return false when neither isSmall nor isMedium is true" duration="6"/>
    <testCase name="ResponsiveService isDesktop should return true when isLarge is true" duration="6"/>
    <testCase name="ResponsiveService isDesktop should return true when isXLarge is true" duration="5"/>
    <testCase name="ResponsiveService isDesktop should return false when neither isLarge nor isXLarge is true" duration="5"/>
    <testCase name="ResponsiveService currentBreakpoint should return &quot;xsmall&quot; when isXSmall is true" duration="4"/>
    <testCase name="ResponsiveService currentBreakpoint should return &quot;small&quot; when isSmall is true" duration="5"/>
    <testCase name="ResponsiveService currentBreakpoint should return &quot;medium&quot; when isMedium is true" duration="5"/>
    <testCase name="ResponsiveService currentBreakpoint should return &quot;large&quot; when isLarge is true" duration="5"/>
    <testCase name="ResponsiveService currentBreakpoint should return &quot;xlarge&quot; when isXLarge is true or no other breakpoint is active" duration="6"/>
  </file>
  <file path="C:\Angular project-2\codebook\src\app\pages\users\store\user-store.spec.ts">
    <testCase name="UserStore should initialize with correct initial state" duration="1906">
      <failure message="Error: expect(received).toBe(expected) // Object.is equality"><![CDATA[Error: expect(received).toBe(expected) // Object.is equality

Expected: null
Received: "Failed to load users"
    at C:\Angular project-2\codebook\src\app\pages\users\store\user-store.spec.ts:76:27
    at _ZoneDelegate.invoke (C:\Angular project-2\codebook\node_modules\zone.js\bundles\zone.umd.js:416:32)
    at ProxyZoneSpec.Object.<anonymous>.ProxyZoneSpec.onInvoke (C:\Angular project-2\codebook\node_modules\zone.js\bundles\zone-testing.umd.js:2177:43)
    at _ZoneDelegate.invoke (C:\Angular project-2\codebook\node_modules\zone.js\bundles\zone.umd.js:415:38)
    at ZoneImpl.run (C:\Angular project-2\codebook\node_modules\zone.js\bundles\zone.umd.js:147:47)
    at Object.wrappedFunc (C:\Angular project-2\codebook\node_modules\zone.js\bundles\zone-testing.umd.js:450:38)
    at Promise.then.completed (C:\Angular project-2\codebook\node_modules\jest-circus\build\utils.js:298:28)
    at new Promise (<anonymous>)
    at callAsyncCircusFn (C:\Angular project-2\codebook\node_modules\jest-circus\build\utils.js:231:10)
    at _callCircusTest (C:\Angular project-2\codebook\node_modules\jest-circus\build\run.js:316:40)
    at processTicksAndRejections (node:internal/process/task_queues:105:5)
    at _runTest (C:\Angular project-2\codebook\node_modules\jest-circus\build\run.js:252:3)
    at _runTestsForDescribeBlock (C:\Angular project-2\codebook\node_modules\jest-circus\build\run.js:126:9)
    at _runTestsForDescribeBlock (C:\Angular project-2\codebook\node_modules\jest-circus\build\run.js:121:9)
    at run (C:\Angular project-2\codebook\node_modules\jest-circus\build\run.js:71:3)
    at runAndTransformResultsToJestFormat (C:\Angular project-2\codebook\node_modules\jest-circus\build\legacy-code-todo-rewrite\jestAdapterInit.js:122:21)]]></failure>
    </testCase>
    <testCase name="UserStore loadUsers should load users from localStorage if available" duration="48">
      <failure message="Error: expect(jest.fn()).not.toHaveBeenCalled()"><![CDATA[Error: expect(jest.fn()).not.toHaveBeenCalled()

Expected number of calls: 0
Received number of calls: 1

1: "https://jsonplaceholder.typicode.com/users"
    at C:\Angular project-2\codebook\src\app\pages\users\store\user-store.spec.ts:87:38
    at Generator.next (<anonymous>)
    at fulfilled (C:\Angular project-2\codebook\node_modules\tslib\tslib.js:167:62)
    at _ZoneDelegate.invoke (C:\Angular project-2\codebook\node_modules\zone.js\bundles\zone.umd.js:416:32)
    at ProxyZoneSpec.Object.<anonymous>.ProxyZoneSpec.onInvoke (C:\Angular project-2\codebook\node_modules\zone.js\bundles\zone-testing.umd.js:2177:43)
    at _ZoneDelegate.invoke (C:\Angular project-2\codebook\node_modules\zone.js\bundles\zone.umd.js:415:38)
    at ZoneImpl.run (C:\Angular project-2\codebook\node_modules\zone.js\bundles\zone.umd.js:147:47)
    at C:\Angular project-2\codebook\node_modules\zone.js\bundles\zone.umd.js:2598:42
    at _ZoneDelegate.invokeTask (C:\Angular project-2\codebook\node_modules\zone.js\bundles\zone.umd.js:449:37)
    at ProxyZoneSpec.Object.<anonymous>.ProxyZoneSpec.onInvokeTask (C:\Angular project-2\codebook\node_modules\zone.js\bundles\zone-testing.umd.js:2208:43)
    at _ZoneDelegate.invokeTask (C:\Angular project-2\codebook\node_modules\zone.js\bundles\zone.umd.js:448:42)
    at ZoneImpl.runTask (C:\Angular project-2\codebook\node_modules\zone.js\bundles\zone.umd.js:196:51)
    at drainMicroTaskQueue (C:\Angular project-2\codebook\node_modules\zone.js\bundles\zone.umd.js:638:39)
    at processTicksAndRejections (node:internal/process/task_queues:105:5)]]></failure>
    </testCase>
    <testCase name="UserStore loadUsers should fetch users from API and store in localStorage if localStorage is empty" duration="47">
      <failure message="Error: expect(received).toBe(expected) // Object.is equality"><![CDATA[Error: expect(received).toBe(expected) // Object.is equality

Expected: false
Received: true
    at C:\Angular project-2\codebook\src\app\pages\users\store\user-store.spec.ts:105:33
    at Generator.next (<anonymous>)
    at fulfilled (C:\Angular project-2\codebook\node_modules\tslib\tslib.js:167:62)
    at _ZoneDelegate.invoke (C:\Angular project-2\codebook\node_modules\zone.js\bundles\zone.umd.js:416:32)
    at ProxyZoneSpec.Object.<anonymous>.ProxyZoneSpec.onInvoke (C:\Angular project-2\codebook\node_modules\zone.js\bundles\zone-testing.umd.js:2177:43)
    at _ZoneDelegate.invoke (C:\Angular project-2\codebook\node_modules\zone.js\bundles\zone.umd.js:415:38)
    at ZoneImpl.run (C:\Angular project-2\codebook\node_modules\zone.js\bundles\zone.umd.js:147:47)
    at C:\Angular project-2\codebook\node_modules\zone.js\bundles\zone.umd.js:2598:42
    at _ZoneDelegate.invokeTask (C:\Angular project-2\codebook\node_modules\zone.js\bundles\zone.umd.js:449:37)
    at ProxyZoneSpec.Object.<anonymous>.ProxyZoneSpec.onInvokeTask (C:\Angular project-2\codebook\node_modules\zone.js\bundles\zone-testing.umd.js:2208:43)
    at _ZoneDelegate.invokeTask (C:\Angular project-2\codebook\node_modules\zone.js\bundles\zone.umd.js:448:42)
    at ZoneImpl.runTask (C:\Angular project-2\codebook\node_modules\zone.js\bundles\zone.umd.js:196:51)
    at drainMicroTaskQueue (C:\Angular project-2\codebook\node_modules\zone.js\bundles\zone.umd.js:638:39)
    at processTicksAndRejections (node:internal/process/task_queues:105:5)]]></failure>
    </testCase>
    <testCase name="UserStore loadUsers should handle API error and update error state" duration="288"/>
    <testCase name="UserStore addUser should add a new user and update localStorage" duration="41"/>
    <testCase name="UserStore addUser should handle error when adding user fails" duration="543"/>
    <testCase name="UserStore updateUser should update an existing user and update localStorage" duration="24">
      <failure message="Error: expect(received).toContainEqual(expected) // deep equality"><![CDATA[Error: expect(received).toContainEqual(expected) // deep equality

Expected value: {"bs": "Innovation", "company": "Acme Corp", "id": 1, "name": "John Smith", "website": "https://johnsmith.com"}
Received array: [{"bs": "Innovation", "company": "Acme Corp", "id": 123456, "name": "John Doe", "website": "https://johndoe.com"}]
    at C:\Angular project-2\codebook\src\app\pages\users\store\user-store.spec.ts:170:29
    at _ZoneDelegate.invoke (C:\Angular project-2\codebook\node_modules\zone.js\bundles\zone.umd.js:416:32)
    at ProxyZoneSpec.Object.<anonymous>.ProxyZoneSpec.onInvoke (C:\Angular project-2\codebook\node_modules\zone.js\bundles\zone-testing.umd.js:2177:43)
    at _ZoneDelegate.invoke (C:\Angular project-2\codebook\node_modules\zone.js\bundles\zone.umd.js:415:38)
    at ZoneImpl.run (C:\Angular project-2\codebook\node_modules\zone.js\bundles\zone.umd.js:147:47)
    at Object.wrappedFunc (C:\Angular project-2\codebook\node_modules\zone.js\bundles\zone-testing.umd.js:450:38)
    at Promise.then.completed (C:\Angular project-2\codebook\node_modules\jest-circus\build\utils.js:298:28)
    at new Promise (<anonymous>)
    at callAsyncCircusFn (C:\Angular project-2\codebook\node_modules\jest-circus\build\utils.js:231:10)
    at _callCircusTest (C:\Angular project-2\codebook\node_modules\jest-circus\build\run.js:316:40)
    at processTicksAndRejections (node:internal/process/task_queues:105:5)
    at _runTest (C:\Angular project-2\codebook\node_modules\jest-circus\build\run.js:252:3)
    at _runTestsForDescribeBlock (C:\Angular project-2\codebook\node_modules\jest-circus\build\run.js:126:9)
    at _runTestsForDescribeBlock (C:\Angular project-2\codebook\node_modules\jest-circus\build\run.js:121:9)
    at _runTestsForDescribeBlock (C:\Angular project-2\codebook\node_modules\jest-circus\build\run.js:121:9)
    at run (C:\Angular project-2\codebook\node_modules\jest-circus\build\run.js:71:3)
    at runAndTransformResultsToJestFormat (C:\Angular project-2\codebook\node_modules\jest-circus\build\legacy-code-todo-rewrite\jestAdapterInit.js:122:21)]]></failure>
    </testCase>
    <testCase name="UserStore updateUser should handle error when updating user fails" duration="51">
      <failure message="Error: expect(received).toEqual(expected) // deep equality"><![CDATA[Error: expect(received).toEqual(expected) // deep equality

- Expected  - 1
+ Received  + 1

  Array [
    Object {
      "bs": "Innovation",
      "company": "Acme Corp",
-     "id": 1,
+     "id": 123456,
      "name": "John Doe",
      "website": "https://johndoe.com",
    },
  ]
    at C:\Angular project-2\codebook\src\app\pages\users\store\user-store.spec.ts:191:29
    at _ZoneDelegate.invoke (C:\Angular project-2\codebook\node_modules\zone.js\bundles\zone.umd.js:416:32)
    at ProxyZoneSpec.Object.<anonymous>.ProxyZoneSpec.onInvoke (C:\Angular project-2\codebook\node_modules\zone.js\bundles\zone-testing.umd.js:2177:43)
    at _ZoneDelegate.invoke (C:\Angular project-2\codebook\node_modules\zone.js\bundles\zone.umd.js:415:38)
    at ZoneImpl.run (C:\Angular project-2\codebook\node_modules\zone.js\bundles\zone.umd.js:147:47)
    at Object.wrappedFunc (C:\Angular project-2\codebook\node_modules\zone.js\bundles\zone-testing.umd.js:450:38)
    at Promise.then.completed (C:\Angular project-2\codebook\node_modules\jest-circus\build\utils.js:298:28)
    at new Promise (<anonymous>)
    at callAsyncCircusFn (C:\Angular project-2\codebook\node_modules\jest-circus\build\utils.js:231:10)
    at _callCircusTest (C:\Angular project-2\codebook\node_modules\jest-circus\build\run.js:316:40)
    at processTicksAndRejections (node:internal/process/task_queues:105:5)
    at _runTest (C:\Angular project-2\codebook\node_modules\jest-circus\build\run.js:252:3)
    at _runTestsForDescribeBlock (C:\Angular project-2\codebook\node_modules\jest-circus\build\run.js:126:9)
    at _runTestsForDescribeBlock (C:\Angular project-2\codebook\node_modules\jest-circus\build\run.js:121:9)
    at _runTestsForDescribeBlock (C:\Angular project-2\codebook\node_modules\jest-circus\build\run.js:121:9)
    at run (C:\Angular project-2\codebook\node_modules\jest-circus\build\run.js:71:3)
    at runAndTransformResultsToJestFormat (C:\Angular project-2\codebook\node_modules\jest-circus\build\legacy-code-todo-rewrite\jestAdapterInit.js:122:21)]]></failure>
    </testCase>
    <testCase name="UserStore deleteUser should delete a user and update localStorage" duration="43">
      <failure message="Error: expect(received).toEqual(expected) // deep equality"><![CDATA[Error: expect(received).toEqual(expected) // deep equality

- Expected  - 1
+ Received  + 9

- Array []
+ Array [
+   Object {
+     "bs": "Innovation",
+     "company": "Acme Corp",
+     "id": 123456,
+     "name": "John Doe",
+     "website": "https://johndoe.com",
+   },
+ ]
    at C:\Angular project-2\codebook\src\app\pages\users\store\user-store.spec.ts:200:29
    at _ZoneDelegate.invoke (C:\Angular project-2\codebook\node_modules\zone.js\bundles\zone.umd.js:416:32)
    at ProxyZoneSpec.Object.<anonymous>.ProxyZoneSpec.onInvoke (C:\Angular project-2\codebook\node_modules\zone.js\bundles\zone-testing.umd.js:2177:43)
    at _ZoneDelegate.invoke (C:\Angular project-2\codebook\node_modules\zone.js\bundles\zone.umd.js:415:38)
    at ZoneImpl.run (C:\Angular project-2\codebook\node_modules\zone.js\bundles\zone.umd.js:147:47)
    at Object.wrappedFunc (C:\Angular project-2\codebook\node_modules\zone.js\bundles\zone-testing.umd.js:450:38)
    at Promise.then.completed (C:\Angular project-2\codebook\node_modules\jest-circus\build\utils.js:298:28)
    at new Promise (<anonymous>)
    at callAsyncCircusFn (C:\Angular project-2\codebook\node_modules\jest-circus\build\utils.js:231:10)
    at _callCircusTest (C:\Angular project-2\codebook\node_modules\jest-circus\build\run.js:316:40)
    at processTicksAndRejections (node:internal/process/task_queues:105:5)
    at _runTest (C:\Angular project-2\codebook\node_modules\jest-circus\build\run.js:252:3)
    at _runTestsForDescribeBlock (C:\Angular project-2\codebook\node_modules\jest-circus\build\run.js:126:9)
    at _runTestsForDescribeBlock (C:\Angular project-2\codebook\node_modules\jest-circus\build\run.js:121:9)
    at _runTestsForDescribeBlock (C:\Angular project-2\codebook\node_modules\jest-circus\build\run.js:121:9)
    at run (C:\Angular project-2\codebook\node_modules\jest-circus\build\run.js:71:3)
    at runAndTransformResultsToJestFormat (C:\Angular project-2\codebook\node_modules\jest-circus\build\legacy-code-todo-rewrite\jestAdapterInit.js:122:21)]]></failure>
    </testCase>
    <testCase name="UserStore deleteUser should handle error when deleting user fails" duration="26">
      <failure message="Error: expect(received).toEqual(expected) // deep equality"><![CDATA[Error: expect(received).toEqual(expected) // deep equality

- Expected  - 1
+ Received  + 1

  Array [
    Object {
      "bs": "Innovation",
      "company": "Acme Corp",
-     "id": 1,
+     "id": 123456,
      "name": "John Doe",
      "website": "https://johndoe.com",
    },
  ]
    at C:\Angular project-2\codebook\src\app\pages\users\store\user-store.spec.ts:213:29
    at _ZoneDelegate.invoke (C:\Angular project-2\codebook\node_modules\zone.js\bundles\zone.umd.js:416:32)
    at ProxyZoneSpec.Object.<anonymous>.ProxyZoneSpec.onInvoke (C:\Angular project-2\codebook\node_modules\zone.js\bundles\zone-testing.umd.js:2177:43)
    at _ZoneDelegate.invoke (C:\Angular project-2\codebook\node_modules\zone.js\bundles\zone.umd.js:415:38)
    at ZoneImpl.run (C:\Angular project-2\codebook\node_modules\zone.js\bundles\zone.umd.js:147:47)
    at Object.wrappedFunc (C:\Angular project-2\codebook\node_modules\zone.js\bundles\zone-testing.umd.js:450:38)
    at Promise.then.completed (C:\Angular project-2\codebook\node_modules\jest-circus\build\utils.js:298:28)
    at new Promise (<anonymous>)
    at callAsyncCircusFn (C:\Angular project-2\codebook\node_modules\jest-circus\build\utils.js:231:10)
    at _callCircusTest (C:\Angular project-2\codebook\node_modules\jest-circus\build\run.js:316:40)
    at processTicksAndRejections (node:internal/process/task_queues:105:5)
    at _runTest (C:\Angular project-2\codebook\node_modules\jest-circus\build\run.js:252:3)
    at _runTestsForDescribeBlock (C:\Angular project-2\codebook\node_modules\jest-circus\build\run.js:126:9)
    at _runTestsForDescribeBlock (C:\Angular project-2\codebook\node_modules\jest-circus\build\run.js:121:9)
    at _runTestsForDescribeBlock (C:\Angular project-2\codebook\node_modules\jest-circus\build\run.js:121:9)
    at run (C:\Angular project-2\codebook\node_modules\jest-circus\build\run.js:71:3)
    at runAndTransformResultsToJestFormat (C:\Angular project-2\codebook\node_modules\jest-circus\build\legacy-code-todo-rewrite\jestAdapterInit.js:122:21)]]></failure>
    </testCase>
    <testCase name="UserStore getUser should return the user with the given ID" duration="16">
      <failure message="Error: expect(received).toEqual(expected) // deep equality"><![CDATA[Error: expect(received).toEqual(expected) // deep equality

Expected: {"bs": "Innovation", "company": "Acme Corp", "id": 1, "name": "John Doe", "website": "https://johndoe.com"}
Received: undefined
    at C:\Angular project-2\codebook\src\app\pages\users\store\user-store.spec.ts:222:20
    at _ZoneDelegate.invoke (C:\Angular project-2\codebook\node_modules\zone.js\bundles\zone.umd.js:416:32)
    at ProxyZoneSpec.Object.<anonymous>.ProxyZoneSpec.onInvoke (C:\Angular project-2\codebook\node_modules\zone.js\bundles\zone-testing.umd.js:2177:43)
    at _ZoneDelegate.invoke (C:\Angular project-2\codebook\node_modules\zone.js\bundles\zone.umd.js:415:38)
    at ZoneImpl.run (C:\Angular project-2\codebook\node_modules\zone.js\bundles\zone.umd.js:147:47)
    at Object.wrappedFunc (C:\Angular project-2\codebook\node_modules\zone.js\bundles\zone-testing.umd.js:450:38)
    at Promise.then.completed (C:\Angular project-2\codebook\node_modules\jest-circus\build\utils.js:298:28)
    at new Promise (<anonymous>)
    at callAsyncCircusFn (C:\Angular project-2\codebook\node_modules\jest-circus\build\utils.js:231:10)
    at _callCircusTest (C:\Angular project-2\codebook\node_modules\jest-circus\build\run.js:316:40)
    at processTicksAndRejections (node:internal/process/task_queues:105:5)
    at _runTest (C:\Angular project-2\codebook\node_modules\jest-circus\build\run.js:252:3)
    at _runTestsForDescribeBlock (C:\Angular project-2\codebook\node_modules\jest-circus\build\run.js:126:9)
    at _runTestsForDescribeBlock (C:\Angular project-2\codebook\node_modules\jest-circus\build\run.js:121:9)
    at _runTestsForDescribeBlock (C:\Angular project-2\codebook\node_modules\jest-circus\build\run.js:121:9)
    at run (C:\Angular project-2\codebook\node_modules\jest-circus\build\run.js:71:3)
    at runAndTransformResultsToJestFormat (C:\Angular project-2\codebook\node_modules\jest-circus\build\legacy-code-todo-rewrite\jestAdapterInit.js:122:21)]]></failure>
    </testCase>
    <testCase name="UserStore getUser should return undefined if user is not found" duration="35"/>
    <testCase name="UserStore getUser should handle error when fetching user fails" duration="25">
      <failure message="Error: expect(received).toThrow(expected)"><![CDATA[Error: expect(received).toThrow(expected)

Expected substring: "Find error"

Received function did not throw
    at C:\Angular project-2\codebook\src\app\pages\users\store\user-store.spec.ts:240:38
    at _ZoneDelegate.invoke (C:\Angular project-2\codebook\node_modules\zone.js\bundles\zone.umd.js:416:32)
    at ProxyZoneSpec.Object.<anonymous>.ProxyZoneSpec.onInvoke (C:\Angular project-2\codebook\node_modules\zone.js\bundles\zone-testing.umd.js:2177:43)
    at _ZoneDelegate.invoke (C:\Angular project-2\codebook\node_modules\zone.js\bundles\zone.umd.js:415:38)
    at ZoneImpl.run (C:\Angular project-2\codebook\node_modules\zone.js\bundles\zone.umd.js:147:47)
    at Object.wrappedFunc (C:\Angular project-2\codebook\node_modules\zone.js\bundles\zone-testing.umd.js:450:38)
    at Promise.then.completed (C:\Angular project-2\codebook\node_modules\jest-circus\build\utils.js:298:28)
    at new Promise (<anonymous>)
    at callAsyncCircusFn (C:\Angular project-2\codebook\node_modules\jest-circus\build\utils.js:231:10)
    at _callCircusTest (C:\Angular project-2\codebook\node_modules\jest-circus\build\run.js:316:40)
    at processTicksAndRejections (node:internal/process/task_queues:105:5)
    at _runTest (C:\Angular project-2\codebook\node_modules\jest-circus\build\run.js:252:3)
    at _runTestsForDescribeBlock (C:\Angular project-2\codebook\node_modules\jest-circus\build\run.js:126:9)
    at _runTestsForDescribeBlock (C:\Angular project-2\codebook\node_modules\jest-circus\build\run.js:121:9)
    at _runTestsForDescribeBlock (C:\Angular project-2\codebook\node_modules\jest-circus\build\run.js:121:9)
    at run (C:\Angular project-2\codebook\node_modules\jest-circus\build\run.js:71:3)
    at runAndTransformResultsToJestFormat (C:\Angular project-2\codebook\node_modules\jest-circus\build\legacy-code-todo-rewrite\jestAdapterInit.js:122:21)]]></failure>
    </testCase>
    <testCase name="UserStore Computed Signals should reflect users state in users computed signal" duration="16">
      <failure message="Error: expect(received).toEqual(expected) // deep equality"><![CDATA[Error: expect(received).toEqual(expected) // deep equality

- Expected  - 1
+ Received  + 1

  Array [
    Object {
      "bs": "Innovation",
      "company": "Acme Corp",
-     "id": 1,
+     "id": 123456,
      "name": "John Doe",
      "website": "https://johndoe.com",
    },
  ]
    at C:\Angular project-2\codebook\src\app\pages\users\store\user-store.spec.ts:248:29
    at _ZoneDelegate.invoke (C:\Angular project-2\codebook\node_modules\zone.js\bundles\zone.umd.js:416:32)
    at ProxyZoneSpec.Object.<anonymous>.ProxyZoneSpec.onInvoke (C:\Angular project-2\codebook\node_modules\zone.js\bundles\zone-testing.umd.js:2177:43)
    at _ZoneDelegate.invoke (C:\Angular project-2\codebook\node_modules\zone.js\bundles\zone.umd.js:415:38)
    at ZoneImpl.run (C:\Angular project-2\codebook\node_modules\zone.js\bundles\zone.umd.js:147:47)
    at Object.wrappedFunc (C:\Angular project-2\codebook\node_modules\zone.js\bundles\zone-testing.umd.js:450:38)
    at Promise.then.completed (C:\Angular project-2\codebook\node_modules\jest-circus\build\utils.js:298:28)
    at new Promise (<anonymous>)
    at callAsyncCircusFn (C:\Angular project-2\codebook\node_modules\jest-circus\build\utils.js:231:10)
    at _callCircusTest (C:\Angular project-2\codebook\node_modules\jest-circus\build\run.js:316:40)
    at processTicksAndRejections (node:internal/process/task_queues:105:5)
    at _runTest (C:\Angular project-2\codebook\node_modules\jest-circus\build\run.js:252:3)
    at _runTestsForDescribeBlock (C:\Angular project-2\codebook\node_modules\jest-circus\build\run.js:126:9)
    at _runTestsForDescribeBlock (C:\Angular project-2\codebook\node_modules\jest-circus\build\run.js:121:9)
    at _runTestsForDescribeBlock (C:\Angular project-2\codebook\node_modules\jest-circus\build\run.js:121:9)
    at run (C:\Angular project-2\codebook\node_modules\jest-circus\build\run.js:71:3)
    at runAndTransformResultsToJestFormat (C:\Angular project-2\codebook\node_modules\jest-circus\build\legacy-code-todo-rewrite\jestAdapterInit.js:122:21)]]></failure>
    </testCase>
    <testCase name="UserStore Computed Signals should reflect isLoading based on initialized state" duration="16">
      <failure message="Error: expect(received).toBe(expected) // Object.is equality"><![CDATA[Error: expect(received).toBe(expected) // Object.is equality

Expected: false
Received: true
    at C:\Angular project-2\codebook\src\app\pages\users\store\user-store.spec.ts:255:33
    at _ZoneDelegate.invoke (C:\Angular project-2\codebook\node_modules\zone.js\bundles\zone.umd.js:416:32)
    at ProxyZoneSpec.Object.<anonymous>.ProxyZoneSpec.onInvoke (C:\Angular project-2\codebook\node_modules\zone.js\bundles\zone-testing.umd.js:2177:43)
    at _ZoneDelegate.invoke (C:\Angular project-2\codebook\node_modules\zone.js\bundles\zone.umd.js:415:38)
    at ZoneImpl.run (C:\Angular project-2\codebook\node_modules\zone.js\bundles\zone.umd.js:147:47)
    at Object.wrappedFunc (C:\Angular project-2\codebook\node_modules\zone.js\bundles\zone-testing.umd.js:450:38)
    at Promise.then.completed (C:\Angular project-2\codebook\node_modules\jest-circus\build\utils.js:298:28)
    at new Promise (<anonymous>)
    at callAsyncCircusFn (C:\Angular project-2\codebook\node_modules\jest-circus\build\utils.js:231:10)
    at _callCircusTest (C:\Angular project-2\codebook\node_modules\jest-circus\build\run.js:316:40)
    at processTicksAndRejections (node:internal/process/task_queues:105:5)
    at _runTest (C:\Angular project-2\codebook\node_modules\jest-circus\build\run.js:252:3)
    at _runTestsForDescribeBlock (C:\Angular project-2\codebook\node_modules\jest-circus\build\run.js:126:9)
    at _runTestsForDescribeBlock (C:\Angular project-2\codebook\node_modules\jest-circus\build\run.js:121:9)
    at _runTestsForDescribeBlock (C:\Angular project-2\codebook\node_modules\jest-circus\build\run.js:121:9)
    at run (C:\Angular project-2\codebook\node_modules\jest-circus\build\run.js:71:3)
    at runAndTransformResultsToJestFormat (C:\Angular project-2\codebook\node_modules\jest-circus\build\legacy-code-todo-rewrite\jestAdapterInit.js:122:21)]]></failure>
    </testCase>
    <testCase name="UserStore Hooks should call loadUsers on initialization" duration="64">
      <failure message="Error: expect(jest.fn()).toHaveBeenCalled()"><![CDATA[Error: expect(jest.fn()).toHaveBeenCalled()

Expected number of calls: >= 1
Received number of calls:    0
    at C:\Angular project-2\codebook\src\app\pages\users\store\user-store.spec.ts:270:28
    at _ZoneDelegate.invoke (C:\Angular project-2\codebook\node_modules\zone.js\bundles\zone.umd.js:416:32)
    at ProxyZoneSpec.Object.<anonymous>.ProxyZoneSpec.onInvoke (C:\Angular project-2\codebook\node_modules\zone.js\bundles\zone-testing.umd.js:2177:43)
    at _ZoneDelegate.invoke (C:\Angular project-2\codebook\node_modules\zone.js\bundles\zone.umd.js:415:38)
    at ZoneImpl.run (C:\Angular project-2\codebook\node_modules\zone.js\bundles\zone.umd.js:147:47)
    at Object.wrappedFunc (C:\Angular project-2\codebook\node_modules\zone.js\bundles\zone-testing.umd.js:450:38)
    at Promise.then.completed (C:\Angular project-2\codebook\node_modules\jest-circus\build\utils.js:298:28)
    at new Promise (<anonymous>)
    at callAsyncCircusFn (C:\Angular project-2\codebook\node_modules\jest-circus\build\utils.js:231:10)
    at _callCircusTest (C:\Angular project-2\codebook\node_modules\jest-circus\build\run.js:316:40)
    at processTicksAndRejections (node:internal/process/task_queues:105:5)
    at _runTest (C:\Angular project-2\codebook\node_modules\jest-circus\build\run.js:252:3)
    at _runTestsForDescribeBlock (C:\Angular project-2\codebook\node_modules\jest-circus\build\run.js:126:9)
    at _runTestsForDescribeBlock (C:\Angular project-2\codebook\node_modules\jest-circus\build\run.js:121:9)
    at _runTestsForDescribeBlock (C:\Angular project-2\codebook\node_modules\jest-circus\build\run.js:121:9)
    at run (C:\Angular project-2\codebook\node_modules\jest-circus\build\run.js:71:3)
    at runAndTransformResultsToJestFormat (C:\Angular project-2\codebook\node_modules\jest-circus\build\legacy-code-todo-rewrite\jestAdapterInit.js:122:21)]]></failure>
    </testCase>
  </file>
  <file path="C:\Angular project-2\codebook\src\app\custom-sidenav\custom-sidenav.component.spec.ts">
    <testCase name="CustomSidenavComponent should create" duration="510"/>
    <testCase name="CustomSidenavComponent Initial state should initialize menuItems with correct values" duration="147"/>
    <testCase name="CustomSidenavComponent Initial state should initialize sideNavCollapsed as false" duration="89"/>
    <testCase name="CustomSidenavComponent Input collapsed should update sideNavCollapsed when input changes to true" duration="56"/>
    <testCase name="CustomSidenavComponent Input collapsed should update sideNavCollapsed when input changes to false" duration="64"/>
    <testCase name="CustomSidenavComponent Template rendering should render menu items with correct router links" duration="51"/>
    <testCase name="CustomSidenavComponent Template rendering should display icon and label when not collapsed on desktop" duration="42"/>
    <testCase name="CustomSidenavComponent Template rendering should display only icon when collapsed on desktop" duration="46"/>
    <testCase name="CustomSidenavComponent Template rendering should display icon and label when collapsed on mobile" duration="47">
      <failure message="Error: expect(received).toBe(expected) // Object.is equality"><![CDATA[Error: expect(received).toBe(expected) // Object.is equality

Expected: true
Received: undefined
    at C:\Angular project-2\codebook\src\app\custom-sidenav\custom-sidenav.component.spec.ts:137:40
    at _ZoneDelegate.invoke (C:\Angular project-2\codebook\node_modules\zone.js\bundles\zone.umd.js:416:32)
    at ProxyZoneSpec.Object.<anonymous>.ProxyZoneSpec.onInvoke (C:\Angular project-2\codebook\node_modules\zone.js\bundles\zone-testing.umd.js:2177:43)
    at _ZoneDelegate.invoke (C:\Angular project-2\codebook\node_modules\zone.js\bundles\zone.umd.js:415:38)
    at ZoneImpl.run (C:\Angular project-2\codebook\node_modules\zone.js\bundles\zone.umd.js:147:47)
    at Object.wrappedFunc (C:\Angular project-2\codebook\node_modules\zone.js\bundles\zone-testing.umd.js:450:38)
    at Promise.then.completed (C:\Angular project-2\codebook\node_modules\jest-circus\build\utils.js:298:28)
    at new Promise (<anonymous>)
    at callAsyncCircusFn (C:\Angular project-2\codebook\node_modules\jest-circus\build\utils.js:231:10)
    at _callCircusTest (C:\Angular project-2\codebook\node_modules\jest-circus\build\run.js:316:40)
    at processTicksAndRejections (node:internal/process/task_queues:105:5)
    at _runTest (C:\Angular project-2\codebook\node_modules\jest-circus\build\run.js:252:3)
    at _runTestsForDescribeBlock (C:\Angular project-2\codebook\node_modules\jest-circus\build\run.js:126:9)
    at _runTestsForDescribeBlock (C:\Angular project-2\codebook\node_modules\jest-circus\build\run.js:121:9)
    at _runTestsForDescribeBlock (C:\Angular project-2\codebook\node_modules\jest-circus\build\run.js:121:9)
    at run (C:\Angular project-2\codebook\node_modules\jest-circus\build\run.js:71:3)
    at runAndTransformResultsToJestFormat (C:\Angular project-2\codebook\node_modules\jest-circus\build\legacy-code-todo-rewrite\jestAdapterInit.js:122:21)]]></failure>
    </testCase>
    <testCase name="CustomSidenavComponent Dark mode behavior should apply light mode classes when darkMode is false" duration="45"/>
    <testCase name="CustomSidenavComponent Dark mode behavior should apply dark mode classes when darkMode is true" duration="44"/>
    <testCase name="CustomSidenavComponent Active route behavior should apply active classes in light mode" duration="52"/>
    <testCase name="CustomSidenavComponent Active route behavior should apply active classes in dark mode" duration="40"/>
    <testCase name="CustomSidenavComponent Active route behavior should apply inactive classes for non-active routes in light mode" duration="32"/>
    <testCase name="CustomSidenavComponent Active route behavior should apply inactive classes for non-active routes in dark mode" duration="33"/>
    <testCase name="CustomSidenavComponent Responsive behavior should apply mobile styling when isMobile returns true" duration="35">
      <failure message="Error: expect(received).toBe(expected) // Object.is equality"><![CDATA[Error: expect(received).toBe(expected) // Object.is equality

Expected: true
Received: undefined
    at C:\Angular project-2\codebook\src\app\custom-sidenav\custom-sidenav.component.spec.ts:250:40
    at _ZoneDelegate.invoke (C:\Angular project-2\codebook\node_modules\zone.js\bundles\zone.umd.js:416:32)
    at ProxyZoneSpec.Object.<anonymous>.ProxyZoneSpec.onInvoke (C:\Angular project-2\codebook\node_modules\zone.js\bundles\zone-testing.umd.js:2177:43)
    at _ZoneDelegate.invoke (C:\Angular project-2\codebook\node_modules\zone.js\bundles\zone.umd.js:415:38)
    at ZoneImpl.run (C:\Angular project-2\codebook\node_modules\zone.js\bundles\zone.umd.js:147:47)
    at Object.wrappedFunc (C:\Angular project-2\codebook\node_modules\zone.js\bundles\zone-testing.umd.js:450:38)
    at Promise.then.completed (C:\Angular project-2\codebook\node_modules\jest-circus\build\utils.js:298:28)
    at new Promise (<anonymous>)
    at callAsyncCircusFn (C:\Angular project-2\codebook\node_modules\jest-circus\build\utils.js:231:10)
    at _callCircusTest (C:\Angular project-2\codebook\node_modules\jest-circus\build\run.js:316:40)
    at processTicksAndRejections (node:internal/process/task_queues:105:5)
    at _runTest (C:\Angular project-2\codebook\node_modules\jest-circus\build\run.js:252:3)
    at _runTestsForDescribeBlock (C:\Angular project-2\codebook\node_modules\jest-circus\build\run.js:126:9)
    at _runTestsForDescribeBlock (C:\Angular project-2\codebook\node_modules\jest-circus\build\run.js:121:9)
    at _runTestsForDescribeBlock (C:\Angular project-2\codebook\node_modules\jest-circus\build\run.js:121:9)
    at run (C:\Angular project-2\codebook\node_modules\jest-circus\build\run.js:71:3)
    at runAndTransformResultsToJestFormat (C:\Angular project-2\codebook\node_modules\jest-circus\build\legacy-code-todo-rewrite\jestAdapterInit.js:122:21)]]></failure>
    </testCase>
    <testCase name="CustomSidenavComponent Responsive behavior should apply desktop collapsed styling when not mobile and collapsed" duration="37"/>
    <testCase name="CustomSidenavComponent Responsive behavior should apply desktop expanded styling when not mobile and not collapsed" duration="37">
      <failure message="Error: expect(received).toBe(expected) // Object.is equality"><![CDATA[Error: expect(received).toBe(expected) // Object.is equality

Expected: true
Received: undefined
    at C:\Angular project-2\codebook\src\app\custom-sidenav\custom-sidenav.component.spec.ts:271:40
    at _ZoneDelegate.invoke (C:\Angular project-2\codebook\node_modules\zone.js\bundles\zone.umd.js:416:32)
    at ProxyZoneSpec.Object.<anonymous>.ProxyZoneSpec.onInvoke (C:\Angular project-2\codebook\node_modules\zone.js\bundles\zone-testing.umd.js:2177:43)
    at _ZoneDelegate.invoke (C:\Angular project-2\codebook\node_modules\zone.js\bundles\zone.umd.js:415:38)
    at ZoneImpl.run (C:\Angular project-2\codebook\node_modules\zone.js\bundles\zone.umd.js:147:47)
    at Object.wrappedFunc (C:\Angular project-2\codebook\node_modules\zone.js\bundles\zone-testing.umd.js:450:38)
    at Promise.then.completed (C:\Angular project-2\codebook\node_modules\jest-circus\build\utils.js:298:28)
    at new Promise (<anonymous>)
    at callAsyncCircusFn (C:\Angular project-2\codebook\node_modules\jest-circus\build\utils.js:231:10)
    at _callCircusTest (C:\Angular project-2\codebook\node_modules\jest-circus\build\run.js:316:40)
    at processTicksAndRejections (node:internal/process/task_queues:105:5)
    at _runTest (C:\Angular project-2\codebook\node_modules\jest-circus\build\run.js:252:3)
    at _runTestsForDescribeBlock (C:\Angular project-2\codebook\node_modules\jest-circus\build\run.js:126:9)
    at _runTestsForDescribeBlock (C:\Angular project-2\codebook\node_modules\jest-circus\build\run.js:121:9)
    at _runTestsForDescribeBlock (C:\Angular project-2\codebook\node_modules\jest-circus\build\run.js:121:9)
    at run (C:\Angular project-2\codebook\node_modules\jest-circus\build\run.js:71:3)
    at runAndTransformResultsToJestFormat (C:\Angular project-2\codebook\node_modules\jest-circus\build\legacy-code-todo-rewrite\jestAdapterInit.js:122:21)]]></failure>
    </testCase>
  </file>
  <file path="C:\Angular project-2\codebook\src\app\pages\users\add-user\add-user.component.spec.ts">
    <testCase name="AddUserComponent should create" duration="103">
      <failure message="Error: Unexpected &quot;AddUserComponent&quot; found in the &quot;declarations&quot; array of the &quot;TestBed.configureTestingModule&quot; call, &quot;AddUserComponent&quot; is marked as standalone and can&apos;t be declared in any NgModule - did you intend to import it instead (by adding it to the &quot;imports&quot; array)?"><![CDATA[Error: Unexpected "AddUserComponent" found in the "declarations" array of the "TestBed.configureTestingModule" call, "AddUserComponent" is marked as standalone and can't be declared in any NgModule - did you intend to import it instead (by adding it to the "imports" array)?
    at C:\Angular project-2\codebook\node_modules\@angular\core\fesm2022\testing.mjs:769:23
    at Array.forEach (<anonymous>)
    at assertNoStandaloneComponents (C:\Angular project-2\codebook\node_modules\@angular\core\fesm2022\testing.mjs:765:11)
    at TestBedCompiler.configureTestingModule (C:\Angular project-2\codebook\node_modules\@angular\core\fesm2022\testing.mjs:844:13)
    at _TestBedImpl.configureTestingModule (C:\Angular project-2\codebook\node_modules\@angular\core\fesm2022\testing.mjs:1976:23)
    at Function.configureTestingModule (C:\Angular project-2\codebook\node_modules\@angular\core\fesm2022\testing.mjs:1791:37)
    at C:\Angular project-2\codebook\src\app\pages\users\add-user\add-user.component.spec.ts:50:19
    at Generator.next (<anonymous>)
    at C:\Angular project-2\codebook\node_modules\tslib\tslib.js:170:75
    at new ZoneAwarePromise (C:\Angular project-2\codebook\node_modules\zone.js\bundles\zone.umd.js:2623:29)
    at Object.__awaiter (C:\Angular project-2\codebook\node_modules\tslib\tslib.js:166:16)
    at C:\Angular project-2\codebook\src\app\pages\users\add-user\add-user.component.spec.ts:30:25
    at _ZoneDelegate.invoke (C:\Angular project-2\codebook\node_modules\zone.js\bundles\zone.umd.js:416:32)
    at ProxyZoneSpec.Object.<anonymous>.ProxyZoneSpec.onInvoke (C:\Angular project-2\codebook\node_modules\zone.js\bundles\zone-testing.umd.js:2177:43)
    at _ZoneDelegate.invoke (C:\Angular project-2\codebook\node_modules\zone.js\bundles\zone.umd.js:415:38)
    at ZoneImpl.run (C:\Angular project-2\codebook\node_modules\zone.js\bundles\zone.umd.js:147:47)
    at Object.wrappedFunc (C:\Angular project-2\codebook\node_modules\zone.js\bundles\zone-testing.umd.js:450:38)
    at Promise.then.completed (C:\Angular project-2\codebook\node_modules\jest-circus\build\utils.js:298:28)
    at new Promise (<anonymous>)
    at callAsyncCircusFn (C:\Angular project-2\codebook\node_modules\jest-circus\build\utils.js:231:10)
    at _callCircusHook (C:\Angular project-2\codebook\node_modules\jest-circus\build\run.js:281:40)
    at processTicksAndRejections (node:internal/process/task_queues:105:5)
    at _runTest (C:\Angular project-2\codebook\node_modules\jest-circus\build\run.js:246:5)
    at _runTestsForDescribeBlock (C:\Angular project-2\codebook\node_modules\jest-circus\build\run.js:126:9)
    at _runTestsForDescribeBlock (C:\Angular project-2\codebook\node_modules\jest-circus\build\run.js:121:9)
    at run (C:\Angular project-2\codebook\node_modules\jest-circus\build\run.js:71:3)
    at runAndTransformResultsToJestFormat (C:\Angular project-2\codebook\node_modules\jest-circus\build\legacy-code-todo-rewrite\jestAdapterInit.js:122:21)]]></failure>
    </testCase>
    <testCase name="AddUserComponent ngOnInit should initialize form for adding user when no userId provided" duration="4">
      <failure message="Error: Unexpected &quot;AddUserComponent&quot; found in the &quot;declarations&quot; array of the &quot;TestBed.configureTestingModule&quot; call, &quot;AddUserComponent&quot; is marked as standalone and can&apos;t be declared in any NgModule - did you intend to import it instead (by adding it to the &quot;imports&quot; array)?"><![CDATA[Error: Unexpected "AddUserComponent" found in the "declarations" array of the "TestBed.configureTestingModule" call, "AddUserComponent" is marked as standalone and can't be declared in any NgModule - did you intend to import it instead (by adding it to the "imports" array)?
    at C:\Angular project-2\codebook\node_modules\@angular\core\fesm2022\testing.mjs:769:23
    at Array.forEach (<anonymous>)
    at assertNoStandaloneComponents (C:\Angular project-2\codebook\node_modules\@angular\core\fesm2022\testing.mjs:765:11)
    at TestBedCompiler.configureTestingModule (C:\Angular project-2\codebook\node_modules\@angular\core\fesm2022\testing.mjs:844:13)
    at _TestBedImpl.configureTestingModule (C:\Angular project-2\codebook\node_modules\@angular\core\fesm2022\testing.mjs:1976:23)
    at Function.configureTestingModule (C:\Angular project-2\codebook\node_modules\@angular\core\fesm2022\testing.mjs:1791:37)
    at C:\Angular project-2\codebook\src\app\pages\users\add-user\add-user.component.spec.ts:50:19
    at Generator.next (<anonymous>)
    at C:\Angular project-2\codebook\node_modules\tslib\tslib.js:170:75
    at new ZoneAwarePromise (C:\Angular project-2\codebook\node_modules\zone.js\bundles\zone.umd.js:2623:29)
    at Object.__awaiter (C:\Angular project-2\codebook\node_modules\tslib\tslib.js:166:16)
    at C:\Angular project-2\codebook\src\app\pages\users\add-user\add-user.component.spec.ts:30:25
    at _ZoneDelegate.invoke (C:\Angular project-2\codebook\node_modules\zone.js\bundles\zone.umd.js:416:32)
    at ProxyZoneSpec.Object.<anonymous>.ProxyZoneSpec.onInvoke (C:\Angular project-2\codebook\node_modules\zone.js\bundles\zone-testing.umd.js:2177:43)
    at _ZoneDelegate.invoke (C:\Angular project-2\codebook\node_modules\zone.js\bundles\zone.umd.js:415:38)
    at ZoneImpl.run (C:\Angular project-2\codebook\node_modules\zone.js\bundles\zone.umd.js:147:47)
    at Object.wrappedFunc (C:\Angular project-2\codebook\node_modules\zone.js\bundles\zone-testing.umd.js:450:38)
    at Promise.then.completed (C:\Angular project-2\codebook\node_modules\jest-circus\build\utils.js:298:28)
    at new Promise (<anonymous>)
    at callAsyncCircusFn (C:\Angular project-2\codebook\node_modules\jest-circus\build\utils.js:231:10)
    at _callCircusHook (C:\Angular project-2\codebook\node_modules\jest-circus\build\run.js:281:40)
    at processTicksAndRejections (node:internal/process/task_queues:105:5)
    at _runTest (C:\Angular project-2\codebook\node_modules\jest-circus\build\run.js:246:5)
    at _runTestsForDescribeBlock (C:\Angular project-2\codebook\node_modules\jest-circus\build\run.js:126:9)
    at _runTestsForDescribeBlock (C:\Angular project-2\codebook\node_modules\jest-circus\build\run.js:121:9)
    at _runTestsForDescribeBlock (C:\Angular project-2\codebook\node_modules\jest-circus\build\run.js:121:9)
    at run (C:\Angular project-2\codebook\node_modules\jest-circus\build\run.js:71:3)
    at runAndTransformResultsToJestFormat (C:\Angular project-2\codebook\node_modules\jest-circus\build\legacy-code-todo-rewrite\jestAdapterInit.js:122:21)]]></failure>
    </testCase>
    <testCase name="AddUserComponent ngOnInit should patch form values when editing existing user" duration="2">
      <failure message="Error: Unexpected &quot;AddUserComponent&quot; found in the &quot;declarations&quot; array of the &quot;TestBed.configureTestingModule&quot; call, &quot;AddUserComponent&quot; is marked as standalone and can&apos;t be declared in any NgModule - did you intend to import it instead (by adding it to the &quot;imports&quot; array)?"><![CDATA[Error: Unexpected "AddUserComponent" found in the "declarations" array of the "TestBed.configureTestingModule" call, "AddUserComponent" is marked as standalone and can't be declared in any NgModule - did you intend to import it instead (by adding it to the "imports" array)?
    at C:\Angular project-2\codebook\node_modules\@angular\core\fesm2022\testing.mjs:769:23
    at Array.forEach (<anonymous>)
    at assertNoStandaloneComponents (C:\Angular project-2\codebook\node_modules\@angular\core\fesm2022\testing.mjs:765:11)
    at TestBedCompiler.configureTestingModule (C:\Angular project-2\codebook\node_modules\@angular\core\fesm2022\testing.mjs:844:13)
    at _TestBedImpl.configureTestingModule (C:\Angular project-2\codebook\node_modules\@angular\core\fesm2022\testing.mjs:1976:23)
    at Function.configureTestingModule (C:\Angular project-2\codebook\node_modules\@angular\core\fesm2022\testing.mjs:1791:37)
    at C:\Angular project-2\codebook\src\app\pages\users\add-user\add-user.component.spec.ts:50:19
    at Generator.next (<anonymous>)
    at C:\Angular project-2\codebook\node_modules\tslib\tslib.js:170:75
    at new ZoneAwarePromise (C:\Angular project-2\codebook\node_modules\zone.js\bundles\zone.umd.js:2623:29)
    at Object.__awaiter (C:\Angular project-2\codebook\node_modules\tslib\tslib.js:166:16)
    at C:\Angular project-2\codebook\src\app\pages\users\add-user\add-user.component.spec.ts:30:25
    at _ZoneDelegate.invoke (C:\Angular project-2\codebook\node_modules\zone.js\bundles\zone.umd.js:416:32)
    at ProxyZoneSpec.Object.<anonymous>.ProxyZoneSpec.onInvoke (C:\Angular project-2\codebook\node_modules\zone.js\bundles\zone-testing.umd.js:2177:43)
    at _ZoneDelegate.invoke (C:\Angular project-2\codebook\node_modules\zone.js\bundles\zone.umd.js:415:38)
    at ZoneImpl.run (C:\Angular project-2\codebook\node_modules\zone.js\bundles\zone.umd.js:147:47)
    at Object.wrappedFunc (C:\Angular project-2\codebook\node_modules\zone.js\bundles\zone-testing.umd.js:450:38)
    at Promise.then.completed (C:\Angular project-2\codebook\node_modules\jest-circus\build\utils.js:298:28)
    at new Promise (<anonymous>)
    at callAsyncCircusFn (C:\Angular project-2\codebook\node_modules\jest-circus\build\utils.js:231:10)
    at _callCircusHook (C:\Angular project-2\codebook\node_modules\jest-circus\build\run.js:281:40)
    at processTicksAndRejections (node:internal/process/task_queues:105:5)
    at _runTest (C:\Angular project-2\codebook\node_modules\jest-circus\build\run.js:246:5)
    at _runTestsForDescribeBlock (C:\Angular project-2\codebook\node_modules\jest-circus\build\run.js:126:9)
    at _runTestsForDescribeBlock (C:\Angular project-2\codebook\node_modules\jest-circus\build\run.js:121:9)
    at _runTestsForDescribeBlock (C:\Angular project-2\codebook\node_modules\jest-circus\build\run.js:121:9)
    at run (C:\Angular project-2\codebook\node_modules\jest-circus\build\run.js:71:3)
    at runAndTransformResultsToJestFormat (C:\Angular project-2\codebook\node_modules\jest-circus\build\legacy-code-todo-rewrite\jestAdapterInit.js:122:21)]]></failure>
    </testCase>
    <testCase name="AddUserComponent ngOnInit should show error and close when user not found for edit" duration="3">
      <failure message="Error: Unexpected &quot;AddUserComponent&quot; found in the &quot;declarations&quot; array of the &quot;TestBed.configureTestingModule&quot; call, &quot;AddUserComponent&quot; is marked as standalone and can&apos;t be declared in any NgModule - did you intend to import it instead (by adding it to the &quot;imports&quot; array)?"><![CDATA[Error: Unexpected "AddUserComponent" found in the "declarations" array of the "TestBed.configureTestingModule" call, "AddUserComponent" is marked as standalone and can't be declared in any NgModule - did you intend to import it instead (by adding it to the "imports" array)?
    at C:\Angular project-2\codebook\node_modules\@angular\core\fesm2022\testing.mjs:769:23
    at Array.forEach (<anonymous>)
    at assertNoStandaloneComponents (C:\Angular project-2\codebook\node_modules\@angular\core\fesm2022\testing.mjs:765:11)
    at TestBedCompiler.configureTestingModule (C:\Angular project-2\codebook\node_modules\@angular\core\fesm2022\testing.mjs:844:13)
    at _TestBedImpl.configureTestingModule (C:\Angular project-2\codebook\node_modules\@angular\core\fesm2022\testing.mjs:1976:23)
    at Function.configureTestingModule (C:\Angular project-2\codebook\node_modules\@angular\core\fesm2022\testing.mjs:1791:37)
    at C:\Angular project-2\codebook\src\app\pages\users\add-user\add-user.component.spec.ts:50:19
    at Generator.next (<anonymous>)
    at C:\Angular project-2\codebook\node_modules\tslib\tslib.js:170:75
    at new ZoneAwarePromise (C:\Angular project-2\codebook\node_modules\zone.js\bundles\zone.umd.js:2623:29)
    at Object.__awaiter (C:\Angular project-2\codebook\node_modules\tslib\tslib.js:166:16)
    at C:\Angular project-2\codebook\src\app\pages\users\add-user\add-user.component.spec.ts:30:25
    at _ZoneDelegate.invoke (C:\Angular project-2\codebook\node_modules\zone.js\bundles\zone.umd.js:416:32)
    at ProxyZoneSpec.Object.<anonymous>.ProxyZoneSpec.onInvoke (C:\Angular project-2\codebook\node_modules\zone.js\bundles\zone-testing.umd.js:2177:43)
    at _ZoneDelegate.invoke (C:\Angular project-2\codebook\node_modules\zone.js\bundles\zone.umd.js:415:38)
    at ZoneImpl.run (C:\Angular project-2\codebook\node_modules\zone.js\bundles\zone.umd.js:147:47)
    at Object.wrappedFunc (C:\Angular project-2\codebook\node_modules\zone.js\bundles\zone-testing.umd.js:450:38)
    at Promise.then.completed (C:\Angular project-2\codebook\node_modules\jest-circus\build\utils.js:298:28)
    at new Promise (<anonymous>)
    at callAsyncCircusFn (C:\Angular project-2\codebook\node_modules\jest-circus\build\utils.js:231:10)
    at _callCircusHook (C:\Angular project-2\codebook\node_modules\jest-circus\build\run.js:281:40)
    at processTicksAndRejections (node:internal/process/task_queues:105:5)
    at _runTest (C:\Angular project-2\codebook\node_modules\jest-circus\build\run.js:246:5)
    at _runTestsForDescribeBlock (C:\Angular project-2\codebook\node_modules\jest-circus\build\run.js:126:9)
    at _runTestsForDescribeBlock (C:\Angular project-2\codebook\node_modules\jest-circus\build\run.js:121:9)
    at _runTestsForDescribeBlock (C:\Angular project-2\codebook\node_modules\jest-circus\build\run.js:121:9)
    at run (C:\Angular project-2\codebook\node_modules\jest-circus\build\run.js:71:3)
    at runAndTransformResultsToJestFormat (C:\Angular project-2\codebook\node_modules\jest-circus\build\legacy-code-todo-rewrite\jestAdapterInit.js:122:21)]]></failure>
    </testCase>
    <testCase name="AddUserComponent saveUser should show error when form is invalid" duration="5">
      <failure message="Error: Unexpected &quot;AddUserComponent&quot; found in the &quot;declarations&quot; array of the &quot;TestBed.configureTestingModule&quot; call, &quot;AddUserComponent&quot; is marked as standalone and can&apos;t be declared in any NgModule - did you intend to import it instead (by adding it to the &quot;imports&quot; array)?"><![CDATA[Error: Unexpected "AddUserComponent" found in the "declarations" array of the "TestBed.configureTestingModule" call, "AddUserComponent" is marked as standalone and can't be declared in any NgModule - did you intend to import it instead (by adding it to the "imports" array)?
    at C:\Angular project-2\codebook\node_modules\@angular\core\fesm2022\testing.mjs:769:23
    at Array.forEach (<anonymous>)
    at assertNoStandaloneComponents (C:\Angular project-2\codebook\node_modules\@angular\core\fesm2022\testing.mjs:765:11)
    at TestBedCompiler.configureTestingModule (C:\Angular project-2\codebook\node_modules\@angular\core\fesm2022\testing.mjs:844:13)
    at _TestBedImpl.configureTestingModule (C:\Angular project-2\codebook\node_modules\@angular\core\fesm2022\testing.mjs:1976:23)
    at Function.configureTestingModule (C:\Angular project-2\codebook\node_modules\@angular\core\fesm2022\testing.mjs:1791:37)
    at C:\Angular project-2\codebook\src\app\pages\users\add-user\add-user.component.spec.ts:50:19
    at Generator.next (<anonymous>)
    at C:\Angular project-2\codebook\node_modules\tslib\tslib.js:170:75
    at new ZoneAwarePromise (C:\Angular project-2\codebook\node_modules\zone.js\bundles\zone.umd.js:2623:29)
    at Object.__awaiter (C:\Angular project-2\codebook\node_modules\tslib\tslib.js:166:16)
    at C:\Angular project-2\codebook\src\app\pages\users\add-user\add-user.component.spec.ts:30:25
    at _ZoneDelegate.invoke (C:\Angular project-2\codebook\node_modules\zone.js\bundles\zone.umd.js:416:32)
    at ProxyZoneSpec.Object.<anonymous>.ProxyZoneSpec.onInvoke (C:\Angular project-2\codebook\node_modules\zone.js\bundles\zone-testing.umd.js:2177:43)
    at _ZoneDelegate.invoke (C:\Angular project-2\codebook\node_modules\zone.js\bundles\zone.umd.js:415:38)
    at ZoneImpl.run (C:\Angular project-2\codebook\node_modules\zone.js\bundles\zone.umd.js:147:47)
    at Object.wrappedFunc (C:\Angular project-2\codebook\node_modules\zone.js\bundles\zone-testing.umd.js:450:38)
    at Promise.then.completed (C:\Angular project-2\codebook\node_modules\jest-circus\build\utils.js:298:28)
    at new Promise (<anonymous>)
    at callAsyncCircusFn (C:\Angular project-2\codebook\node_modules\jest-circus\build\utils.js:231:10)
    at _callCircusHook (C:\Angular project-2\codebook\node_modules\jest-circus\build\run.js:281:40)
    at processTicksAndRejections (node:internal/process/task_queues:105:5)
    at _runTest (C:\Angular project-2\codebook\node_modules\jest-circus\build\run.js:246:5)
    at _runTestsForDescribeBlock (C:\Angular project-2\codebook\node_modules\jest-circus\build\run.js:126:9)
    at _runTestsForDescribeBlock (C:\Angular project-2\codebook\node_modules\jest-circus\build\run.js:121:9)
    at _runTestsForDescribeBlock (C:\Angular project-2\codebook\node_modules\jest-circus\build\run.js:121:9)
    at run (C:\Angular project-2\codebook\node_modules\jest-circus\build\run.js:71:3)
    at runAndTransformResultsToJestFormat (C:\Angular project-2\codebook\node_modules\jest-circus\build\legacy-code-todo-rewrite\jestAdapterInit.js:122:21)]]></failure>
    </testCase>
    <testCase name="AddUserComponent saveUser should add new user when form is valid and not in edit mode" duration="4">
      <failure message="Error: Unexpected &quot;AddUserComponent&quot; found in the &quot;declarations&quot; array of the &quot;TestBed.configureTestingModule&quot; call, &quot;AddUserComponent&quot; is marked as standalone and can&apos;t be declared in any NgModule - did you intend to import it instead (by adding it to the &quot;imports&quot; array)?"><![CDATA[Error: Unexpected "AddUserComponent" found in the "declarations" array of the "TestBed.configureTestingModule" call, "AddUserComponent" is marked as standalone and can't be declared in any NgModule - did you intend to import it instead (by adding it to the "imports" array)?
    at C:\Angular project-2\codebook\node_modules\@angular\core\fesm2022\testing.mjs:769:23
    at Array.forEach (<anonymous>)
    at assertNoStandaloneComponents (C:\Angular project-2\codebook\node_modules\@angular\core\fesm2022\testing.mjs:765:11)
    at TestBedCompiler.configureTestingModule (C:\Angular project-2\codebook\node_modules\@angular\core\fesm2022\testing.mjs:844:13)
    at _TestBedImpl.configureTestingModule (C:\Angular project-2\codebook\node_modules\@angular\core\fesm2022\testing.mjs:1976:23)
    at Function.configureTestingModule (C:\Angular project-2\codebook\node_modules\@angular\core\fesm2022\testing.mjs:1791:37)
    at C:\Angular project-2\codebook\src\app\pages\users\add-user\add-user.component.spec.ts:50:19
    at Generator.next (<anonymous>)
    at C:\Angular project-2\codebook\node_modules\tslib\tslib.js:170:75
    at new ZoneAwarePromise (C:\Angular project-2\codebook\node_modules\zone.js\bundles\zone.umd.js:2623:29)
    at Object.__awaiter (C:\Angular project-2\codebook\node_modules\tslib\tslib.js:166:16)
    at C:\Angular project-2\codebook\src\app\pages\users\add-user\add-user.component.spec.ts:30:25
    at _ZoneDelegate.invoke (C:\Angular project-2\codebook\node_modules\zone.js\bundles\zone.umd.js:416:32)
    at ProxyZoneSpec.Object.<anonymous>.ProxyZoneSpec.onInvoke (C:\Angular project-2\codebook\node_modules\zone.js\bundles\zone-testing.umd.js:2177:43)
    at _ZoneDelegate.invoke (C:\Angular project-2\codebook\node_modules\zone.js\bundles\zone.umd.js:415:38)
    at ZoneImpl.run (C:\Angular project-2\codebook\node_modules\zone.js\bundles\zone.umd.js:147:47)
    at Object.wrappedFunc (C:\Angular project-2\codebook\node_modules\zone.js\bundles\zone-testing.umd.js:450:38)
    at Promise.then.completed (C:\Angular project-2\codebook\node_modules\jest-circus\build\utils.js:298:28)
    at new Promise (<anonymous>)
    at callAsyncCircusFn (C:\Angular project-2\codebook\node_modules\jest-circus\build\utils.js:231:10)
    at _callCircusHook (C:\Angular project-2\codebook\node_modules\jest-circus\build\run.js:281:40)
    at processTicksAndRejections (node:internal/process/task_queues:105:5)
    at _runTest (C:\Angular project-2\codebook\node_modules\jest-circus\build\run.js:246:5)
    at _runTestsForDescribeBlock (C:\Angular project-2\codebook\node_modules\jest-circus\build\run.js:126:9)
    at _runTestsForDescribeBlock (C:\Angular project-2\codebook\node_modules\jest-circus\build\run.js:121:9)
    at _runTestsForDescribeBlock (C:\Angular project-2\codebook\node_modules\jest-circus\build\run.js:121:9)
    at run (C:\Angular project-2\codebook\node_modules\jest-circus\build\run.js:71:3)
    at runAndTransformResultsToJestFormat (C:\Angular project-2\codebook\node_modules\jest-circus\build\legacy-code-todo-rewrite\jestAdapterInit.js:122:21)]]></failure>
    </testCase>
    <testCase name="AddUserComponent saveUser should update user when form is valid and in edit mode" duration="2">
      <failure message="Error: Unexpected &quot;AddUserComponent&quot; found in the &quot;declarations&quot; array of the &quot;TestBed.configureTestingModule&quot; call, &quot;AddUserComponent&quot; is marked as standalone and can&apos;t be declared in any NgModule - did you intend to import it instead (by adding it to the &quot;imports&quot; array)?"><![CDATA[Error: Unexpected "AddUserComponent" found in the "declarations" array of the "TestBed.configureTestingModule" call, "AddUserComponent" is marked as standalone and can't be declared in any NgModule - did you intend to import it instead (by adding it to the "imports" array)?
    at C:\Angular project-2\codebook\node_modules\@angular\core\fesm2022\testing.mjs:769:23
    at Array.forEach (<anonymous>)
    at assertNoStandaloneComponents (C:\Angular project-2\codebook\node_modules\@angular\core\fesm2022\testing.mjs:765:11)
    at TestBedCompiler.configureTestingModule (C:\Angular project-2\codebook\node_modules\@angular\core\fesm2022\testing.mjs:844:13)
    at _TestBedImpl.configureTestingModule (C:\Angular project-2\codebook\node_modules\@angular\core\fesm2022\testing.mjs:1976:23)
    at Function.configureTestingModule (C:\Angular project-2\codebook\node_modules\@angular\core\fesm2022\testing.mjs:1791:37)
    at C:\Angular project-2\codebook\src\app\pages\users\add-user\add-user.component.spec.ts:50:19
    at Generator.next (<anonymous>)
    at C:\Angular project-2\codebook\node_modules\tslib\tslib.js:170:75
    at new ZoneAwarePromise (C:\Angular project-2\codebook\node_modules\zone.js\bundles\zone.umd.js:2623:29)
    at Object.__awaiter (C:\Angular project-2\codebook\node_modules\tslib\tslib.js:166:16)
    at C:\Angular project-2\codebook\src\app\pages\users\add-user\add-user.component.spec.ts:30:25
    at _ZoneDelegate.invoke (C:\Angular project-2\codebook\node_modules\zone.js\bundles\zone.umd.js:416:32)
    at ProxyZoneSpec.Object.<anonymous>.ProxyZoneSpec.onInvoke (C:\Angular project-2\codebook\node_modules\zone.js\bundles\zone-testing.umd.js:2177:43)
    at _ZoneDelegate.invoke (C:\Angular project-2\codebook\node_modules\zone.js\bundles\zone.umd.js:415:38)
    at ZoneImpl.run (C:\Angular project-2\codebook\node_modules\zone.js\bundles\zone.umd.js:147:47)
    at Object.wrappedFunc (C:\Angular project-2\codebook\node_modules\zone.js\bundles\zone-testing.umd.js:450:38)
    at Promise.then.completed (C:\Angular project-2\codebook\node_modules\jest-circus\build\utils.js:298:28)
    at new Promise (<anonymous>)
    at callAsyncCircusFn (C:\Angular project-2\codebook\node_modules\jest-circus\build\utils.js:231:10)
    at _callCircusHook (C:\Angular project-2\codebook\node_modules\jest-circus\build\run.js:281:40)
    at processTicksAndRejections (node:internal/process/task_queues:105:5)
    at _runTest (C:\Angular project-2\codebook\node_modules\jest-circus\build\run.js:246:5)
    at _runTestsForDescribeBlock (C:\Angular project-2\codebook\node_modules\jest-circus\build\run.js:126:9)
    at _runTestsForDescribeBlock (C:\Angular project-2\codebook\node_modules\jest-circus\build\run.js:121:9)
    at _runTestsForDescribeBlock (C:\Angular project-2\codebook\node_modules\jest-circus\build\run.js:121:9)
    at run (C:\Angular project-2\codebook\node_modules\jest-circus\build\run.js:71:3)
    at runAndTransformResultsToJestFormat (C:\Angular project-2\codebook\node_modules\jest-circus\build\legacy-code-todo-rewrite\jestAdapterInit.js:122:21)]]></failure>
    </testCase>
    <testCase name="AddUserComponent saveUser should show error when adding user fails" duration="2">
      <failure message="Error: Unexpected &quot;AddUserComponent&quot; found in the &quot;declarations&quot; array of the &quot;TestBed.configureTestingModule&quot; call, &quot;AddUserComponent&quot; is marked as standalone and can&apos;t be declared in any NgModule - did you intend to import it instead (by adding it to the &quot;imports&quot; array)?"><![CDATA[Error: Unexpected "AddUserComponent" found in the "declarations" array of the "TestBed.configureTestingModule" call, "AddUserComponent" is marked as standalone and can't be declared in any NgModule - did you intend to import it instead (by adding it to the "imports" array)?
    at C:\Angular project-2\codebook\node_modules\@angular\core\fesm2022\testing.mjs:769:23
    at Array.forEach (<anonymous>)
    at assertNoStandaloneComponents (C:\Angular project-2\codebook\node_modules\@angular\core\fesm2022\testing.mjs:765:11)
    at TestBedCompiler.configureTestingModule (C:\Angular project-2\codebook\node_modules\@angular\core\fesm2022\testing.mjs:844:13)
    at _TestBedImpl.configureTestingModule (C:\Angular project-2\codebook\node_modules\@angular\core\fesm2022\testing.mjs:1976:23)
    at Function.configureTestingModule (C:\Angular project-2\codebook\node_modules\@angular\core\fesm2022\testing.mjs:1791:37)
    at C:\Angular project-2\codebook\src\app\pages\users\add-user\add-user.component.spec.ts:50:19
    at Generator.next (<anonymous>)
    at C:\Angular project-2\codebook\node_modules\tslib\tslib.js:170:75
    at new ZoneAwarePromise (C:\Angular project-2\codebook\node_modules\zone.js\bundles\zone.umd.js:2623:29)
    at Object.__awaiter (C:\Angular project-2\codebook\node_modules\tslib\tslib.js:166:16)
    at C:\Angular project-2\codebook\src\app\pages\users\add-user\add-user.component.spec.ts:30:25
    at _ZoneDelegate.invoke (C:\Angular project-2\codebook\node_modules\zone.js\bundles\zone.umd.js:416:32)
    at ProxyZoneSpec.Object.<anonymous>.ProxyZoneSpec.onInvoke (C:\Angular project-2\codebook\node_modules\zone.js\bundles\zone-testing.umd.js:2177:43)
    at _ZoneDelegate.invoke (C:\Angular project-2\codebook\node_modules\zone.js\bundles\zone.umd.js:415:38)
    at ZoneImpl.run (C:\Angular project-2\codebook\node_modules\zone.js\bundles\zone.umd.js:147:47)
    at Object.wrappedFunc (C:\Angular project-2\codebook\node_modules\zone.js\bundles\zone-testing.umd.js:450:38)
    at Promise.then.completed (C:\Angular project-2\codebook\node_modules\jest-circus\build\utils.js:298:28)
    at new Promise (<anonymous>)
    at callAsyncCircusFn (C:\Angular project-2\codebook\node_modules\jest-circus\build\utils.js:231:10)
    at _callCircusHook (C:\Angular project-2\codebook\node_modules\jest-circus\build\run.js:281:40)
    at processTicksAndRejections (node:internal/process/task_queues:105:5)
    at _runTest (C:\Angular project-2\codebook\node_modules\jest-circus\build\run.js:246:5)
    at _runTestsForDescribeBlock (C:\Angular project-2\codebook\node_modules\jest-circus\build\run.js:126:9)
    at _runTestsForDescribeBlock (C:\Angular project-2\codebook\node_modules\jest-circus\build\run.js:121:9)
    at _runTestsForDescribeBlock (C:\Angular project-2\codebook\node_modules\jest-circus\build\run.js:121:9)
    at run (C:\Angular project-2\codebook\node_modules\jest-circus\build\run.js:71:3)
    at runAndTransformResultsToJestFormat (C:\Angular project-2\codebook\node_modules\jest-circus\build\legacy-code-todo-rewrite\jestAdapterInit.js:122:21)]]></failure>
    </testCase>
    <testCase name="AddUserComponent saveUser should show error when updating user fails" duration="2">
      <failure message="Error: Unexpected &quot;AddUserComponent&quot; found in the &quot;declarations&quot; array of the &quot;TestBed.configureTestingModule&quot; call, &quot;AddUserComponent&quot; is marked as standalone and can&apos;t be declared in any NgModule - did you intend to import it instead (by adding it to the &quot;imports&quot; array)?"><![CDATA[Error: Unexpected "AddUserComponent" found in the "declarations" array of the "TestBed.configureTestingModule" call, "AddUserComponent" is marked as standalone and can't be declared in any NgModule - did you intend to import it instead (by adding it to the "imports" array)?
    at C:\Angular project-2\codebook\node_modules\@angular\core\fesm2022\testing.mjs:769:23
    at Array.forEach (<anonymous>)
    at assertNoStandaloneComponents (C:\Angular project-2\codebook\node_modules\@angular\core\fesm2022\testing.mjs:765:11)
    at TestBedCompiler.configureTestingModule (C:\Angular project-2\codebook\node_modules\@angular\core\fesm2022\testing.mjs:844:13)
    at _TestBedImpl.configureTestingModule (C:\Angular project-2\codebook\node_modules\@angular\core\fesm2022\testing.mjs:1976:23)
    at Function.configureTestingModule (C:\Angular project-2\codebook\node_modules\@angular\core\fesm2022\testing.mjs:1791:37)
    at C:\Angular project-2\codebook\src\app\pages\users\add-user\add-user.component.spec.ts:50:19
    at Generator.next (<anonymous>)
    at C:\Angular project-2\codebook\node_modules\tslib\tslib.js:170:75
    at new ZoneAwarePromise (C:\Angular project-2\codebook\node_modules\zone.js\bundles\zone.umd.js:2623:29)
    at Object.__awaiter (C:\Angular project-2\codebook\node_modules\tslib\tslib.js:166:16)
    at C:\Angular project-2\codebook\src\app\pages\users\add-user\add-user.component.spec.ts:30:25
    at _ZoneDelegate.invoke (C:\Angular project-2\codebook\node_modules\zone.js\bundles\zone.umd.js:416:32)
    at ProxyZoneSpec.Object.<anonymous>.ProxyZoneSpec.onInvoke (C:\Angular project-2\codebook\node_modules\zone.js\bundles\zone-testing.umd.js:2177:43)
    at _ZoneDelegate.invoke (C:\Angular project-2\codebook\node_modules\zone.js\bundles\zone.umd.js:415:38)
    at ZoneImpl.run (C:\Angular project-2\codebook\node_modules\zone.js\bundles\zone.umd.js:147:47)
    at Object.wrappedFunc (C:\Angular project-2\codebook\node_modules\zone.js\bundles\zone-testing.umd.js:450:38)
    at Promise.then.completed (C:\Angular project-2\codebook\node_modules\jest-circus\build\utils.js:298:28)
    at new Promise (<anonymous>)
    at callAsyncCircusFn (C:\Angular project-2\codebook\node_modules\jest-circus\build\utils.js:231:10)
    at _callCircusHook (C:\Angular project-2\codebook\node_modules\jest-circus\build\run.js:281:40)
    at processTicksAndRejections (node:internal/process/task_queues:105:5)
    at _runTest (C:\Angular project-2\codebook\node_modules\jest-circus\build\run.js:246:5)
    at _runTestsForDescribeBlock (C:\Angular project-2\codebook\node_modules\jest-circus\build\run.js:126:9)
    at _runTestsForDescribeBlock (C:\Angular project-2\codebook\node_modules\jest-circus\build\run.js:121:9)
    at _runTestsForDescribeBlock (C:\Angular project-2\codebook\node_modules\jest-circus\build\run.js:121:9)
    at run (C:\Angular project-2\codebook\node_modules\jest-circus\build\run.js:71:3)
    at runAndTransformResultsToJestFormat (C:\Angular project-2\codebook\node_modules\jest-circus\build\legacy-code-todo-rewrite\jestAdapterInit.js:122:21)]]></failure>
    </testCase>
    <testCase name="AddUserComponent closePopup should close the dialog" duration="3">
      <failure message="Error: Unexpected &quot;AddUserComponent&quot; found in the &quot;declarations&quot; array of the &quot;TestBed.configureTestingModule&quot; call, &quot;AddUserComponent&quot; is marked as standalone and can&apos;t be declared in any NgModule - did you intend to import it instead (by adding it to the &quot;imports&quot; array)?"><![CDATA[Error: Unexpected "AddUserComponent" found in the "declarations" array of the "TestBed.configureTestingModule" call, "AddUserComponent" is marked as standalone and can't be declared in any NgModule - did you intend to import it instead (by adding it to the "imports" array)?
    at C:\Angular project-2\codebook\node_modules\@angular\core\fesm2022\testing.mjs:769:23
    at Array.forEach (<anonymous>)
    at assertNoStandaloneComponents (C:\Angular project-2\codebook\node_modules\@angular\core\fesm2022\testing.mjs:765:11)
    at TestBedCompiler.configureTestingModule (C:\Angular project-2\codebook\node_modules\@angular\core\fesm2022\testing.mjs:844:13)
    at _TestBedImpl.configureTestingModule (C:\Angular project-2\codebook\node_modules\@angular\core\fesm2022\testing.mjs:1976:23)
    at Function.configureTestingModule (C:\Angular project-2\codebook\node_modules\@angular\core\fesm2022\testing.mjs:1791:37)
    at C:\Angular project-2\codebook\src\app\pages\users\add-user\add-user.component.spec.ts:50:19
    at Generator.next (<anonymous>)
    at C:\Angular project-2\codebook\node_modules\tslib\tslib.js:170:75
    at new ZoneAwarePromise (C:\Angular project-2\codebook\node_modules\zone.js\bundles\zone.umd.js:2623:29)
    at Object.__awaiter (C:\Angular project-2\codebook\node_modules\tslib\tslib.js:166:16)
    at C:\Angular project-2\codebook\src\app\pages\users\add-user\add-user.component.spec.ts:30:25
    at _ZoneDelegate.invoke (C:\Angular project-2\codebook\node_modules\zone.js\bundles\zone.umd.js:416:32)
    at ProxyZoneSpec.Object.<anonymous>.ProxyZoneSpec.onInvoke (C:\Angular project-2\codebook\node_modules\zone.js\bundles\zone-testing.umd.js:2177:43)
    at _ZoneDelegate.invoke (C:\Angular project-2\codebook\node_modules\zone.js\bundles\zone.umd.js:415:38)
    at ZoneImpl.run (C:\Angular project-2\codebook\node_modules\zone.js\bundles\zone.umd.js:147:47)
    at Object.wrappedFunc (C:\Angular project-2\codebook\node_modules\zone.js\bundles\zone-testing.umd.js:450:38)
    at Promise.then.completed (C:\Angular project-2\codebook\node_modules\jest-circus\build\utils.js:298:28)
    at new Promise (<anonymous>)
    at callAsyncCircusFn (C:\Angular project-2\codebook\node_modules\jest-circus\build\utils.js:231:10)
    at _callCircusHook (C:\Angular project-2\codebook\node_modules\jest-circus\build\run.js:281:40)
    at processTicksAndRejections (node:internal/process/task_queues:105:5)
    at _runTest (C:\Angular project-2\codebook\node_modules\jest-circus\build\run.js:246:5)
    at _runTestsForDescribeBlock (C:\Angular project-2\codebook\node_modules\jest-circus\build\run.js:126:9)
    at _runTestsForDescribeBlock (C:\Angular project-2\codebook\node_modules\jest-circus\build\run.js:121:9)
    at _runTestsForDescribeBlock (C:\Angular project-2\codebook\node_modules\jest-circus\build\run.js:121:9)
    at run (C:\Angular project-2\codebook\node_modules\jest-circus\build\run.js:71:3)
    at runAndTransformResultsToJestFormat (C:\Angular project-2\codebook\node_modules\jest-circus\build\legacy-code-todo-rewrite\jestAdapterInit.js:122:21)]]></failure>
    </testCase>
    <testCase name="AddUserComponent form validation should mark name as invalid when empty" duration="3">
      <failure message="Error: Unexpected &quot;AddUserComponent&quot; found in the &quot;declarations&quot; array of the &quot;TestBed.configureTestingModule&quot; call, &quot;AddUserComponent&quot; is marked as standalone and can&apos;t be declared in any NgModule - did you intend to import it instead (by adding it to the &quot;imports&quot; array)?"><![CDATA[Error: Unexpected "AddUserComponent" found in the "declarations" array of the "TestBed.configureTestingModule" call, "AddUserComponent" is marked as standalone and can't be declared in any NgModule - did you intend to import it instead (by adding it to the "imports" array)?
    at C:\Angular project-2\codebook\node_modules\@angular\core\fesm2022\testing.mjs:769:23
    at Array.forEach (<anonymous>)
    at assertNoStandaloneComponents (C:\Angular project-2\codebook\node_modules\@angular\core\fesm2022\testing.mjs:765:11)
    at TestBedCompiler.configureTestingModule (C:\Angular project-2\codebook\node_modules\@angular\core\fesm2022\testing.mjs:844:13)
    at _TestBedImpl.configureTestingModule (C:\Angular project-2\codebook\node_modules\@angular\core\fesm2022\testing.mjs:1976:23)
    at Function.configureTestingModule (C:\Angular project-2\codebook\node_modules\@angular\core\fesm2022\testing.mjs:1791:37)
    at C:\Angular project-2\codebook\src\app\pages\users\add-user\add-user.component.spec.ts:50:19
    at Generator.next (<anonymous>)
    at C:\Angular project-2\codebook\node_modules\tslib\tslib.js:170:75
    at new ZoneAwarePromise (C:\Angular project-2\codebook\node_modules\zone.js\bundles\zone.umd.js:2623:29)
    at Object.__awaiter (C:\Angular project-2\codebook\node_modules\tslib\tslib.js:166:16)
    at C:\Angular project-2\codebook\src\app\pages\users\add-user\add-user.component.spec.ts:30:25
    at _ZoneDelegate.invoke (C:\Angular project-2\codebook\node_modules\zone.js\bundles\zone.umd.js:416:32)
    at ProxyZoneSpec.Object.<anonymous>.ProxyZoneSpec.onInvoke (C:\Angular project-2\codebook\node_modules\zone.js\bundles\zone-testing.umd.js:2177:43)
    at _ZoneDelegate.invoke (C:\Angular project-2\codebook\node_modules\zone.js\bundles\zone.umd.js:415:38)
    at ZoneImpl.run (C:\Angular project-2\codebook\node_modules\zone.js\bundles\zone.umd.js:147:47)
    at Object.wrappedFunc (C:\Angular project-2\codebook\node_modules\zone.js\bundles\zone-testing.umd.js:450:38)
    at Promise.then.completed (C:\Angular project-2\codebook\node_modules\jest-circus\build\utils.js:298:28)
    at new Promise (<anonymous>)
    at callAsyncCircusFn (C:\Angular project-2\codebook\node_modules\jest-circus\build\utils.js:231:10)
    at _callCircusHook (C:\Angular project-2\codebook\node_modules\jest-circus\build\run.js:281:40)
    at processTicksAndRejections (node:internal/process/task_queues:105:5)
    at _runTest (C:\Angular project-2\codebook\node_modules\jest-circus\build\run.js:246:5)
    at _runTestsForDescribeBlock (C:\Angular project-2\codebook\node_modules\jest-circus\build\run.js:126:9)
    at _runTestsForDescribeBlock (C:\Angular project-2\codebook\node_modules\jest-circus\build\run.js:121:9)
    at _runTestsForDescribeBlock (C:\Angular project-2\codebook\node_modules\jest-circus\build\run.js:121:9)
    at run (C:\Angular project-2\codebook\node_modules\jest-circus\build\run.js:71:3)
    at runAndTransformResultsToJestFormat (C:\Angular project-2\codebook\node_modules\jest-circus\build\legacy-code-todo-rewrite\jestAdapterInit.js:122:21)]]></failure>
    </testCase>
    <testCase name="AddUserComponent form validation should mark company as invalid when empty" duration="1">
      <failure message="Error: Unexpected &quot;AddUserComponent&quot; found in the &quot;declarations&quot; array of the &quot;TestBed.configureTestingModule&quot; call, &quot;AddUserComponent&quot; is marked as standalone and can&apos;t be declared in any NgModule - did you intend to import it instead (by adding it to the &quot;imports&quot; array)?"><![CDATA[Error: Unexpected "AddUserComponent" found in the "declarations" array of the "TestBed.configureTestingModule" call, "AddUserComponent" is marked as standalone and can't be declared in any NgModule - did you intend to import it instead (by adding it to the "imports" array)?
    at C:\Angular project-2\codebook\node_modules\@angular\core\fesm2022\testing.mjs:769:23
    at Array.forEach (<anonymous>)
    at assertNoStandaloneComponents (C:\Angular project-2\codebook\node_modules\@angular\core\fesm2022\testing.mjs:765:11)
    at TestBedCompiler.configureTestingModule (C:\Angular project-2\codebook\node_modules\@angular\core\fesm2022\testing.mjs:844:13)
    at _TestBedImpl.configureTestingModule (C:\Angular project-2\codebook\node_modules\@angular\core\fesm2022\testing.mjs:1976:23)
    at Function.configureTestingModule (C:\Angular project-2\codebook\node_modules\@angular\core\fesm2022\testing.mjs:1791:37)
    at C:\Angular project-2\codebook\src\app\pages\users\add-user\add-user.component.spec.ts:50:19
    at Generator.next (<anonymous>)
    at C:\Angular project-2\codebook\node_modules\tslib\tslib.js:170:75
    at new ZoneAwarePromise (C:\Angular project-2\codebook\node_modules\zone.js\bundles\zone.umd.js:2623:29)
    at Object.__awaiter (C:\Angular project-2\codebook\node_modules\tslib\tslib.js:166:16)
    at C:\Angular project-2\codebook\src\app\pages\users\add-user\add-user.component.spec.ts:30:25
    at _ZoneDelegate.invoke (C:\Angular project-2\codebook\node_modules\zone.js\bundles\zone.umd.js:416:32)
    at ProxyZoneSpec.Object.<anonymous>.ProxyZoneSpec.onInvoke (C:\Angular project-2\codebook\node_modules\zone.js\bundles\zone-testing.umd.js:2177:43)
    at _ZoneDelegate.invoke (C:\Angular project-2\codebook\node_modules\zone.js\bundles\zone.umd.js:415:38)
    at ZoneImpl.run (C:\Angular project-2\codebook\node_modules\zone.js\bundles\zone.umd.js:147:47)
    at Object.wrappedFunc (C:\Angular project-2\codebook\node_modules\zone.js\bundles\zone-testing.umd.js:450:38)
    at Promise.then.completed (C:\Angular project-2\codebook\node_modules\jest-circus\build\utils.js:298:28)
    at new Promise (<anonymous>)
    at callAsyncCircusFn (C:\Angular project-2\codebook\node_modules\jest-circus\build\utils.js:231:10)
    at _callCircusHook (C:\Angular project-2\codebook\node_modules\jest-circus\build\run.js:281:40)
    at processTicksAndRejections (node:internal/process/task_queues:105:5)
    at _runTest (C:\Angular project-2\codebook\node_modules\jest-circus\build\run.js:246:5)
    at _runTestsForDescribeBlock (C:\Angular project-2\codebook\node_modules\jest-circus\build\run.js:126:9)
    at _runTestsForDescribeBlock (C:\Angular project-2\codebook\node_modules\jest-circus\build\run.js:121:9)
    at _runTestsForDescribeBlock (C:\Angular project-2\codebook\node_modules\jest-circus\build\run.js:121:9)
    at run (C:\Angular project-2\codebook\node_modules\jest-circus\build\run.js:71:3)
    at runAndTransformResultsToJestFormat (C:\Angular project-2\codebook\node_modules\jest-circus\build\legacy-code-todo-rewrite\jestAdapterInit.js:122:21)]]></failure>
    </testCase>
    <testCase name="AddUserComponent form validation should mark bs as invalid when empty" duration="2">
      <failure message="Error: Unexpected &quot;AddUserComponent&quot; found in the &quot;declarations&quot; array of the &quot;TestBed.configureTestingModule&quot; call, &quot;AddUserComponent&quot; is marked as standalone and can&apos;t be declared in any NgModule - did you intend to import it instead (by adding it to the &quot;imports&quot; array)?"><![CDATA[Error: Unexpected "AddUserComponent" found in the "declarations" array of the "TestBed.configureTestingModule" call, "AddUserComponent" is marked as standalone and can't be declared in any NgModule - did you intend to import it instead (by adding it to the "imports" array)?
    at C:\Angular project-2\codebook\node_modules\@angular\core\fesm2022\testing.mjs:769:23
    at Array.forEach (<anonymous>)
    at assertNoStandaloneComponents (C:\Angular project-2\codebook\node_modules\@angular\core\fesm2022\testing.mjs:765:11)
    at TestBedCompiler.configureTestingModule (C:\Angular project-2\codebook\node_modules\@angular\core\fesm2022\testing.mjs:844:13)
    at _TestBedImpl.configureTestingModule (C:\Angular project-2\codebook\node_modules\@angular\core\fesm2022\testing.mjs:1976:23)
    at Function.configureTestingModule (C:\Angular project-2\codebook\node_modules\@angular\core\fesm2022\testing.mjs:1791:37)
    at C:\Angular project-2\codebook\src\app\pages\users\add-user\add-user.component.spec.ts:50:19
    at Generator.next (<anonymous>)
    at C:\Angular project-2\codebook\node_modules\tslib\tslib.js:170:75
    at new ZoneAwarePromise (C:\Angular project-2\codebook\node_modules\zone.js\bundles\zone.umd.js:2623:29)
    at Object.__awaiter (C:\Angular project-2\codebook\node_modules\tslib\tslib.js:166:16)
    at C:\Angular project-2\codebook\src\app\pages\users\add-user\add-user.component.spec.ts:30:25
    at _ZoneDelegate.invoke (C:\Angular project-2\codebook\node_modules\zone.js\bundles\zone.umd.js:416:32)
    at ProxyZoneSpec.Object.<anonymous>.ProxyZoneSpec.onInvoke (C:\Angular project-2\codebook\node_modules\zone.js\bundles\zone-testing.umd.js:2177:43)
    at _ZoneDelegate.invoke (C:\Angular project-2\codebook\node_modules\zone.js\bundles\zone.umd.js:415:38)
    at ZoneImpl.run (C:\Angular project-2\codebook\node_modules\zone.js\bundles\zone.umd.js:147:47)
    at Object.wrappedFunc (C:\Angular project-2\codebook\node_modules\zone.js\bundles\zone-testing.umd.js:450:38)
    at Promise.then.completed (C:\Angular project-2\codebook\node_modules\jest-circus\build\utils.js:298:28)
    at new Promise (<anonymous>)
    at callAsyncCircusFn (C:\Angular project-2\codebook\node_modules\jest-circus\build\utils.js:231:10)
    at _callCircusHook (C:\Angular project-2\codebook\node_modules\jest-circus\build\run.js:281:40)
    at processTicksAndRejections (node:internal/process/task_queues:105:5)
    at _runTest (C:\Angular project-2\codebook\node_modules\jest-circus\build\run.js:246:5)
    at _runTestsForDescribeBlock (C:\Angular project-2\codebook\node_modules\jest-circus\build\run.js:126:9)
    at _runTestsForDescribeBlock (C:\Angular project-2\codebook\node_modules\jest-circus\build\run.js:121:9)
    at _runTestsForDescribeBlock (C:\Angular project-2\codebook\node_modules\jest-circus\build\run.js:121:9)
    at run (C:\Angular project-2\codebook\node_modules\jest-circus\build\run.js:71:3)
    at runAndTransformResultsToJestFormat (C:\Angular project-2\codebook\node_modules\jest-circus\build\legacy-code-todo-rewrite\jestAdapterInit.js:122:21)]]></failure>
    </testCase>
    <testCase name="AddUserComponent form validation should mark website as invalid when empty" duration="1">
      <failure message="Error: Unexpected &quot;AddUserComponent&quot; found in the &quot;declarations&quot; array of the &quot;TestBed.configureTestingModule&quot; call, &quot;AddUserComponent&quot; is marked as standalone and can&apos;t be declared in any NgModule - did you intend to import it instead (by adding it to the &quot;imports&quot; array)?"><![CDATA[Error: Unexpected "AddUserComponent" found in the "declarations" array of the "TestBed.configureTestingModule" call, "AddUserComponent" is marked as standalone and can't be declared in any NgModule - did you intend to import it instead (by adding it to the "imports" array)?
    at C:\Angular project-2\codebook\node_modules\@angular\core\fesm2022\testing.mjs:769:23
    at Array.forEach (<anonymous>)
    at assertNoStandaloneComponents (C:\Angular project-2\codebook\node_modules\@angular\core\fesm2022\testing.mjs:765:11)
    at TestBedCompiler.configureTestingModule (C:\Angular project-2\codebook\node_modules\@angular\core\fesm2022\testing.mjs:844:13)
    at _TestBedImpl.configureTestingModule (C:\Angular project-2\codebook\node_modules\@angular\core\fesm2022\testing.mjs:1976:23)
    at Function.configureTestingModule (C:\Angular project-2\codebook\node_modules\@angular\core\fesm2022\testing.mjs:1791:37)
    at C:\Angular project-2\codebook\src\app\pages\users\add-user\add-user.component.spec.ts:50:19
    at Generator.next (<anonymous>)
    at C:\Angular project-2\codebook\node_modules\tslib\tslib.js:170:75
    at new ZoneAwarePromise (C:\Angular project-2\codebook\node_modules\zone.js\bundles\zone.umd.js:2623:29)
    at Object.__awaiter (C:\Angular project-2\codebook\node_modules\tslib\tslib.js:166:16)
    at C:\Angular project-2\codebook\src\app\pages\users\add-user\add-user.component.spec.ts:30:25
    at _ZoneDelegate.invoke (C:\Angular project-2\codebook\node_modules\zone.js\bundles\zone.umd.js:416:32)
    at ProxyZoneSpec.Object.<anonymous>.ProxyZoneSpec.onInvoke (C:\Angular project-2\codebook\node_modules\zone.js\bundles\zone-testing.umd.js:2177:43)
    at _ZoneDelegate.invoke (C:\Angular project-2\codebook\node_modules\zone.js\bundles\zone.umd.js:415:38)
    at ZoneImpl.run (C:\Angular project-2\codebook\node_modules\zone.js\bundles\zone.umd.js:147:47)
    at Object.wrappedFunc (C:\Angular project-2\codebook\node_modules\zone.js\bundles\zone-testing.umd.js:450:38)
    at Promise.then.completed (C:\Angular project-2\codebook\node_modules\jest-circus\build\utils.js:298:28)
    at new Promise (<anonymous>)
    at callAsyncCircusFn (C:\Angular project-2\codebook\node_modules\jest-circus\build\utils.js:231:10)
    at _callCircusHook (C:\Angular project-2\codebook\node_modules\jest-circus\build\run.js:281:40)
    at processTicksAndRejections (node:internal/process/task_queues:105:5)
    at _runTest (C:\Angular project-2\codebook\node_modules\jest-circus\build\run.js:246:5)
    at _runTestsForDescribeBlock (C:\Angular project-2\codebook\node_modules\jest-circus\build\run.js:126:9)
    at _runTestsForDescribeBlock (C:\Angular project-2\codebook\node_modules\jest-circus\build\run.js:121:9)
    at _runTestsForDescribeBlock (C:\Angular project-2\codebook\node_modules\jest-circus\build\run.js:121:9)
    at run (C:\Angular project-2\codebook\node_modules\jest-circus\build\run.js:71:3)
    at runAndTransformResultsToJestFormat (C:\Angular project-2\codebook\node_modules\jest-circus\build\legacy-code-todo-rewrite\jestAdapterInit.js:122:21)]]></failure>
    </testCase>
    <testCase name="AddUserComponent form validation should mark form as valid when all fields are filled" duration="1">
      <failure message="Error: Unexpected &quot;AddUserComponent&quot; found in the &quot;declarations&quot; array of the &quot;TestBed.configureTestingModule&quot; call, &quot;AddUserComponent&quot; is marked as standalone and can&apos;t be declared in any NgModule - did you intend to import it instead (by adding it to the &quot;imports&quot; array)?"><![CDATA[Error: Unexpected "AddUserComponent" found in the "declarations" array of the "TestBed.configureTestingModule" call, "AddUserComponent" is marked as standalone and can't be declared in any NgModule - did you intend to import it instead (by adding it to the "imports" array)?
    at C:\Angular project-2\codebook\node_modules\@angular\core\fesm2022\testing.mjs:769:23
    at Array.forEach (<anonymous>)
    at assertNoStandaloneComponents (C:\Angular project-2\codebook\node_modules\@angular\core\fesm2022\testing.mjs:765:11)
    at TestBedCompiler.configureTestingModule (C:\Angular project-2\codebook\node_modules\@angular\core\fesm2022\testing.mjs:844:13)
    at _TestBedImpl.configureTestingModule (C:\Angular project-2\codebook\node_modules\@angular\core\fesm2022\testing.mjs:1976:23)
    at Function.configureTestingModule (C:\Angular project-2\codebook\node_modules\@angular\core\fesm2022\testing.mjs:1791:37)
    at C:\Angular project-2\codebook\src\app\pages\users\add-user\add-user.component.spec.ts:50:19
    at Generator.next (<anonymous>)
    at C:\Angular project-2\codebook\node_modules\tslib\tslib.js:170:75
    at new ZoneAwarePromise (C:\Angular project-2\codebook\node_modules\zone.js\bundles\zone.umd.js:2623:29)
    at Object.__awaiter (C:\Angular project-2\codebook\node_modules\tslib\tslib.js:166:16)
    at C:\Angular project-2\codebook\src\app\pages\users\add-user\add-user.component.spec.ts:30:25
    at _ZoneDelegate.invoke (C:\Angular project-2\codebook\node_modules\zone.js\bundles\zone.umd.js:416:32)
    at ProxyZoneSpec.Object.<anonymous>.ProxyZoneSpec.onInvoke (C:\Angular project-2\codebook\node_modules\zone.js\bundles\zone-testing.umd.js:2177:43)
    at _ZoneDelegate.invoke (C:\Angular project-2\codebook\node_modules\zone.js\bundles\zone.umd.js:415:38)
    at ZoneImpl.run (C:\Angular project-2\codebook\node_modules\zone.js\bundles\zone.umd.js:147:47)
    at Object.wrappedFunc (C:\Angular project-2\codebook\node_modules\zone.js\bundles\zone-testing.umd.js:450:38)
    at Promise.then.completed (C:\Angular project-2\codebook\node_modules\jest-circus\build\utils.js:298:28)
    at new Promise (<anonymous>)
    at callAsyncCircusFn (C:\Angular project-2\codebook\node_modules\jest-circus\build\utils.js:231:10)
    at _callCircusHook (C:\Angular project-2\codebook\node_modules\jest-circus\build\run.js:281:40)
    at processTicksAndRejections (node:internal/process/task_queues:105:5)
    at _runTest (C:\Angular project-2\codebook\node_modules\jest-circus\build\run.js:246:5)
    at _runTestsForDescribeBlock (C:\Angular project-2\codebook\node_modules\jest-circus\build\run.js:126:9)
    at _runTestsForDescribeBlock (C:\Angular project-2\codebook\node_modules\jest-circus\build\run.js:121:9)
    at _runTestsForDescribeBlock (C:\Angular project-2\codebook\node_modules\jest-circus\build\run.js:121:9)
    at run (C:\Angular project-2\codebook\node_modules\jest-circus\build\run.js:71:3)
    at runAndTransformResultsToJestFormat (C:\Angular project-2\codebook\node_modules\jest-circus\build\legacy-code-todo-rewrite\jestAdapterInit.js:122:21)]]></failure>
    </testCase>
  </file>
  <file path="C:\Angular project-2\codebook\src\app\app.component.spec.ts">
    <testCase name="AppComponent should create the app" duration="250">
      <failure message="TypeError: window.matchMedia is not a function"><![CDATA[TypeError: window.matchMedia is not a function
    at new matchMedia (C:\Angular project-2\codebook\src\app\services\dark-mode.service.ts:30:12)
    at Object.DarkModeService_Factory [as factory] (ng:///DarkModeService/ɵfac.js:5:10)
    at C:\Angular project-2\codebook\node_modules\@angular\core\fesm2022\core.mjs:2274:47
    at runInInjectorProfilerContext (C:\Angular project-2\codebook\node_modules\@angular\core\fesm2022\core.mjs:880:9)
    at R3Injector.hydrate (C:\Angular project-2\codebook\node_modules\@angular\core\fesm2022\core.mjs:2273:21)
    at R3Injector.get (C:\Angular project-2\codebook\node_modules\@angular\core\fesm2022\core.mjs:2141:33)
    at R3Injector.get (C:\Angular project-2\codebook\node_modules\@angular\core\fesm2022\core.mjs:2151:33)
    at ChainedInjector.get (C:\Angular project-2\codebook\node_modules\@angular\core\fesm2022\core.mjs:17238:36)
    at lookupTokenUsingModuleInjector (C:\Angular project-2\codebook\node_modules\@angular\core\fesm2022\core.mjs:5063:39)
    at getOrCreateInjectable (C:\Angular project-2\codebook\node_modules\@angular\core\fesm2022\core.mjs:5111:12)
    at ɵɵdirectiveInject (C:\Angular project-2\codebook\node_modules\@angular\core\fesm2022\core.mjs:17289:19)
    at ɵɵinject (C:\Angular project-2\codebook\node_modules\@angular\core\fesm2022\core.mjs:1125:42)
    at inject (C:\Angular project-2\codebook\node_modules\@angular\core\fesm2022\core.mjs:1211:12)
    at new AppComponent (C:\Angular project-2\codebook\src\app\app.component.ts:41:34)
    at NodeInjectorFactory.AppComponent_Factory [as factory] (ng:///AppComponent/ɵfac.js:5:10)
    at getNodeInjectable (C:\Angular project-2\codebook\node_modules\@angular\core\fesm2022\core.mjs:5323:44)
    at instantiateAllDirectives (C:\Angular project-2\codebook\node_modules\@angular\core\fesm2022\core.mjs:12562:27)
    at createDirectivesInstances (C:\Angular project-2\codebook\node_modules\@angular\core\fesm2022\core.mjs:12352:5)
    at ComponentFactory2.create (C:\Angular project-2\codebook\node_modules\@angular\core\fesm2022\core.mjs:17945:17)
    at initComponent (C:\Angular project-2\codebook\node_modules\@angular\core\fesm2022\testing.mjs:2053:51)
    at _ZoneDelegate.invoke (C:\Angular project-2\codebook\node_modules\zone.js\bundles\zone.umd.js:416:32)
    at ProxyZoneSpec.Object.<anonymous>.ProxyZoneSpec.onInvoke (C:\Angular project-2\codebook\node_modules\zone.js\bundles\zone-testing.umd.js:2177:43)
    at _ZoneDelegate.invoke (C:\Angular project-2\codebook\node_modules\zone.js\bundles\zone.umd.js:415:38)
    at Object.onInvoke (C:\Angular project-2\codebook\node_modules\@angular\core\fesm2022\core.mjs:6528:33)
    at _ZoneDelegate.invoke (C:\Angular project-2\codebook\node_modules\zone.js\bundles\zone.umd.js:415:38)
    at ZoneImpl.run (C:\Angular project-2\codebook\node_modules\zone.js\bundles\zone.umd.js:147:47)
    at NgZone.run (C:\Angular project-2\codebook\node_modules\@angular\core\fesm2022\core.mjs:6374:28)
    at _TestBedImpl.createComponent (C:\Angular project-2\codebook\node_modules\@angular\core\fesm2022\testing.mjs:2058:41)
    at Function.createComponent (C:\Angular project-2\codebook\node_modules\@angular\core\fesm2022\testing.mjs:1844:37)
    at C:\Angular project-2\codebook\src\app\app.component.spec.ts:49:23
    at Generator.next (<anonymous>)
    at fulfilled (C:\Angular project-2\codebook\node_modules\tslib\tslib.js:167:62)
    at _ZoneDelegate.invoke (C:\Angular project-2\codebook\node_modules\zone.js\bundles\zone.umd.js:416:32)
    at ProxyZoneSpec.Object.<anonymous>.ProxyZoneSpec.onInvoke (C:\Angular project-2\codebook\node_modules\zone.js\bundles\zone-testing.umd.js:2177:43)
    at _ZoneDelegate.invoke (C:\Angular project-2\codebook\node_modules\zone.js\bundles\zone.umd.js:415:38)
    at ZoneImpl.run (C:\Angular project-2\codebook\node_modules\zone.js\bundles\zone.umd.js:147:47)
    at C:\Angular project-2\codebook\node_modules\zone.js\bundles\zone.umd.js:2598:42
    at _ZoneDelegate.invokeTask (C:\Angular project-2\codebook\node_modules\zone.js\bundles\zone.umd.js:449:37)
    at ProxyZoneSpec.Object.<anonymous>.ProxyZoneSpec.onInvokeTask (C:\Angular project-2\codebook\node_modules\zone.js\bundles\zone-testing.umd.js:2208:43)
    at _ZoneDelegate.invokeTask (C:\Angular project-2\codebook\node_modules\zone.js\bundles\zone.umd.js:448:42)
    at ZoneImpl.runTask (C:\Angular project-2\codebook\node_modules\zone.js\bundles\zone.umd.js:196:51)
    at drainMicroTaskQueue (C:\Angular project-2\codebook\node_modules\zone.js\bundles\zone.umd.js:638:39)
    at processTicksAndRejections (node:internal/process/task_queues:105:5)]]></failure>
    </testCase>
    <testCase name="AppComponent should have title &quot;Code Book&quot;" duration="30">
      <failure message="TypeError: window.matchMedia is not a function"><![CDATA[TypeError: window.matchMedia is not a function
    at new matchMedia (C:\Angular project-2\codebook\src\app\services\dark-mode.service.ts:30:12)
    at Object.DarkModeService_Factory [as factory] (ng:///DarkModeService/ɵfac.js:5:10)
    at C:\Angular project-2\codebook\node_modules\@angular\core\fesm2022\core.mjs:2274:47
    at runInInjectorProfilerContext (C:\Angular project-2\codebook\node_modules\@angular\core\fesm2022\core.mjs:880:9)
    at R3Injector.hydrate (C:\Angular project-2\codebook\node_modules\@angular\core\fesm2022\core.mjs:2273:21)
    at R3Injector.get (C:\Angular project-2\codebook\node_modules\@angular\core\fesm2022\core.mjs:2141:33)
    at R3Injector.get (C:\Angular project-2\codebook\node_modules\@angular\core\fesm2022\core.mjs:2151:33)
    at ChainedInjector.get (C:\Angular project-2\codebook\node_modules\@angular\core\fesm2022\core.mjs:17238:36)
    at lookupTokenUsingModuleInjector (C:\Angular project-2\codebook\node_modules\@angular\core\fesm2022\core.mjs:5063:39)
    at getOrCreateInjectable (C:\Angular project-2\codebook\node_modules\@angular\core\fesm2022\core.mjs:5111:12)
    at ɵɵdirectiveInject (C:\Angular project-2\codebook\node_modules\@angular\core\fesm2022\core.mjs:17289:19)
    at ɵɵinject (C:\Angular project-2\codebook\node_modules\@angular\core\fesm2022\core.mjs:1125:42)
    at inject (C:\Angular project-2\codebook\node_modules\@angular\core\fesm2022\core.mjs:1211:12)
    at new AppComponent (C:\Angular project-2\codebook\src\app\app.component.ts:41:34)
    at NodeInjectorFactory.AppComponent_Factory [as factory] (ng:///AppComponent/ɵfac.js:5:10)
    at getNodeInjectable (C:\Angular project-2\codebook\node_modules\@angular\core\fesm2022\core.mjs:5323:44)
    at instantiateAllDirectives (C:\Angular project-2\codebook\node_modules\@angular\core\fesm2022\core.mjs:12562:27)
    at createDirectivesInstances (C:\Angular project-2\codebook\node_modules\@angular\core\fesm2022\core.mjs:12352:5)
    at ComponentFactory2.create (C:\Angular project-2\codebook\node_modules\@angular\core\fesm2022\core.mjs:17945:17)
    at initComponent (C:\Angular project-2\codebook\node_modules\@angular\core\fesm2022\testing.mjs:2053:51)
    at _ZoneDelegate.invoke (C:\Angular project-2\codebook\node_modules\zone.js\bundles\zone.umd.js:416:32)
    at ProxyZoneSpec.Object.<anonymous>.ProxyZoneSpec.onInvoke (C:\Angular project-2\codebook\node_modules\zone.js\bundles\zone-testing.umd.js:2177:43)
    at _ZoneDelegate.invoke (C:\Angular project-2\codebook\node_modules\zone.js\bundles\zone.umd.js:415:38)
    at Object.onInvoke (C:\Angular project-2\codebook\node_modules\@angular\core\fesm2022\core.mjs:6528:33)
    at _ZoneDelegate.invoke (C:\Angular project-2\codebook\node_modules\zone.js\bundles\zone.umd.js:415:38)
    at ZoneImpl.run (C:\Angular project-2\codebook\node_modules\zone.js\bundles\zone.umd.js:147:47)
    at NgZone.run (C:\Angular project-2\codebook\node_modules\@angular\core\fesm2022\core.mjs:6374:28)
    at _TestBedImpl.createComponent (C:\Angular project-2\codebook\node_modules\@angular\core\fesm2022\testing.mjs:2058:41)
    at Function.createComponent (C:\Angular project-2\codebook\node_modules\@angular\core\fesm2022\testing.mjs:1844:37)
    at C:\Angular project-2\codebook\src\app\app.component.spec.ts:49:23
    at Generator.next (<anonymous>)
    at fulfilled (C:\Angular project-2\codebook\node_modules\tslib\tslib.js:167:62)
    at _ZoneDelegate.invoke (C:\Angular project-2\codebook\node_modules\zone.js\bundles\zone.umd.js:416:32)
    at ProxyZoneSpec.Object.<anonymous>.ProxyZoneSpec.onInvoke (C:\Angular project-2\codebook\node_modules\zone.js\bundles\zone-testing.umd.js:2177:43)
    at _ZoneDelegate.invoke (C:\Angular project-2\codebook\node_modules\zone.js\bundles\zone.umd.js:415:38)
    at ZoneImpl.run (C:\Angular project-2\codebook\node_modules\zone.js\bundles\zone.umd.js:147:47)
    at C:\Angular project-2\codebook\node_modules\zone.js\bundles\zone.umd.js:2598:42
    at _ZoneDelegate.invokeTask (C:\Angular project-2\codebook\node_modules\zone.js\bundles\zone.umd.js:449:37)
    at ProxyZoneSpec.Object.<anonymous>.ProxyZoneSpec.onInvokeTask (C:\Angular project-2\codebook\node_modules\zone.js\bundles\zone-testing.umd.js:2208:43)
    at _ZoneDelegate.invokeTask (C:\Angular project-2\codebook\node_modules\zone.js\bundles\zone.umd.js:448:42)
    at ZoneImpl.runTask (C:\Angular project-2\codebook\node_modules\zone.js\bundles\zone.umd.js:196:51)
    at drainMicroTaskQueue (C:\Angular project-2\codebook\node_modules\zone.js\bundles\zone.umd.js:638:39)
    at processTicksAndRejections (node:internal/process/task_queues:105:5)]]></failure>
    </testCase>
    <testCase name="AppComponent Initial state should initialize collapsed as false" duration="20">
      <failure message="TypeError: window.matchMedia is not a function"><![CDATA[TypeError: window.matchMedia is not a function
    at new matchMedia (C:\Angular project-2\codebook\src\app\services\dark-mode.service.ts:30:12)
    at Object.DarkModeService_Factory [as factory] (ng:///DarkModeService/ɵfac.js:5:10)
    at C:\Angular project-2\codebook\node_modules\@angular\core\fesm2022\core.mjs:2274:47
    at runInInjectorProfilerContext (C:\Angular project-2\codebook\node_modules\@angular\core\fesm2022\core.mjs:880:9)
    at R3Injector.hydrate (C:\Angular project-2\codebook\node_modules\@angular\core\fesm2022\core.mjs:2273:21)
    at R3Injector.get (C:\Angular project-2\codebook\node_modules\@angular\core\fesm2022\core.mjs:2141:33)
    at R3Injector.get (C:\Angular project-2\codebook\node_modules\@angular\core\fesm2022\core.mjs:2151:33)
    at ChainedInjector.get (C:\Angular project-2\codebook\node_modules\@angular\core\fesm2022\core.mjs:17238:36)
    at lookupTokenUsingModuleInjector (C:\Angular project-2\codebook\node_modules\@angular\core\fesm2022\core.mjs:5063:39)
    at getOrCreateInjectable (C:\Angular project-2\codebook\node_modules\@angular\core\fesm2022\core.mjs:5111:12)
    at ɵɵdirectiveInject (C:\Angular project-2\codebook\node_modules\@angular\core\fesm2022\core.mjs:17289:19)
    at ɵɵinject (C:\Angular project-2\codebook\node_modules\@angular\core\fesm2022\core.mjs:1125:42)
    at inject (C:\Angular project-2\codebook\node_modules\@angular\core\fesm2022\core.mjs:1211:12)
    at new AppComponent (C:\Angular project-2\codebook\src\app\app.component.ts:41:34)
    at NodeInjectorFactory.AppComponent_Factory [as factory] (ng:///AppComponent/ɵfac.js:5:10)
    at getNodeInjectable (C:\Angular project-2\codebook\node_modules\@angular\core\fesm2022\core.mjs:5323:44)
    at instantiateAllDirectives (C:\Angular project-2\codebook\node_modules\@angular\core\fesm2022\core.mjs:12562:27)
    at createDirectivesInstances (C:\Angular project-2\codebook\node_modules\@angular\core\fesm2022\core.mjs:12352:5)
    at ComponentFactory2.create (C:\Angular project-2\codebook\node_modules\@angular\core\fesm2022\core.mjs:17945:17)
    at initComponent (C:\Angular project-2\codebook\node_modules\@angular\core\fesm2022\testing.mjs:2053:51)
    at _ZoneDelegate.invoke (C:\Angular project-2\codebook\node_modules\zone.js\bundles\zone.umd.js:416:32)
    at ProxyZoneSpec.Object.<anonymous>.ProxyZoneSpec.onInvoke (C:\Angular project-2\codebook\node_modules\zone.js\bundles\zone-testing.umd.js:2177:43)
    at _ZoneDelegate.invoke (C:\Angular project-2\codebook\node_modules\zone.js\bundles\zone.umd.js:415:38)
    at Object.onInvoke (C:\Angular project-2\codebook\node_modules\@angular\core\fesm2022\core.mjs:6528:33)
    at _ZoneDelegate.invoke (C:\Angular project-2\codebook\node_modules\zone.js\bundles\zone.umd.js:415:38)
    at ZoneImpl.run (C:\Angular project-2\codebook\node_modules\zone.js\bundles\zone.umd.js:147:47)
    at NgZone.run (C:\Angular project-2\codebook\node_modules\@angular\core\fesm2022\core.mjs:6374:28)
    at _TestBedImpl.createComponent (C:\Angular project-2\codebook\node_modules\@angular\core\fesm2022\testing.mjs:2058:41)
    at Function.createComponent (C:\Angular project-2\codebook\node_modules\@angular\core\fesm2022\testing.mjs:1844:37)
    at C:\Angular project-2\codebook\src\app\app.component.spec.ts:49:23
    at Generator.next (<anonymous>)
    at fulfilled (C:\Angular project-2\codebook\node_modules\tslib\tslib.js:167:62)
    at _ZoneDelegate.invoke (C:\Angular project-2\codebook\node_modules\zone.js\bundles\zone.umd.js:416:32)
    at ProxyZoneSpec.Object.<anonymous>.ProxyZoneSpec.onInvoke (C:\Angular project-2\codebook\node_modules\zone.js\bundles\zone-testing.umd.js:2177:43)
    at _ZoneDelegate.invoke (C:\Angular project-2\codebook\node_modules\zone.js\bundles\zone.umd.js:415:38)
    at ZoneImpl.run (C:\Angular project-2\codebook\node_modules\zone.js\bundles\zone.umd.js:147:47)
    at C:\Angular project-2\codebook\node_modules\zone.js\bundles\zone.umd.js:2598:42
    at _ZoneDelegate.invokeTask (C:\Angular project-2\codebook\node_modules\zone.js\bundles\zone.umd.js:449:37)
    at ProxyZoneSpec.Object.<anonymous>.ProxyZoneSpec.onInvokeTask (C:\Angular project-2\codebook\node_modules\zone.js\bundles\zone-testing.umd.js:2208:43)
    at _ZoneDelegate.invokeTask (C:\Angular project-2\codebook\node_modules\zone.js\bundles\zone.umd.js:448:42)
    at ZoneImpl.runTask (C:\Angular project-2\codebook\node_modules\zone.js\bundles\zone.umd.js:196:51)
    at drainMicroTaskQueue (C:\Angular project-2\codebook\node_modules\zone.js\bundles\zone.umd.js:638:39)
    at processTicksAndRejections (node:internal/process/task_queues:105:5)]]></failure>
    </testCase>
    <testCase name="AppComponent Initial state should initialize currentLanguage as &quot;English&quot;" duration="20">
      <failure message="TypeError: window.matchMedia is not a function"><![CDATA[TypeError: window.matchMedia is not a function
    at new matchMedia (C:\Angular project-2\codebook\src\app\services\dark-mode.service.ts:30:12)
    at Object.DarkModeService_Factory [as factory] (ng:///DarkModeService/ɵfac.js:5:10)
    at C:\Angular project-2\codebook\node_modules\@angular\core\fesm2022\core.mjs:2274:47
    at runInInjectorProfilerContext (C:\Angular project-2\codebook\node_modules\@angular\core\fesm2022\core.mjs:880:9)
    at R3Injector.hydrate (C:\Angular project-2\codebook\node_modules\@angular\core\fesm2022\core.mjs:2273:21)
    at R3Injector.get (C:\Angular project-2\codebook\node_modules\@angular\core\fesm2022\core.mjs:2141:33)
    at R3Injector.get (C:\Angular project-2\codebook\node_modules\@angular\core\fesm2022\core.mjs:2151:33)
    at ChainedInjector.get (C:\Angular project-2\codebook\node_modules\@angular\core\fesm2022\core.mjs:17238:36)
    at lookupTokenUsingModuleInjector (C:\Angular project-2\codebook\node_modules\@angular\core\fesm2022\core.mjs:5063:39)
    at getOrCreateInjectable (C:\Angular project-2\codebook\node_modules\@angular\core\fesm2022\core.mjs:5111:12)
    at ɵɵdirectiveInject (C:\Angular project-2\codebook\node_modules\@angular\core\fesm2022\core.mjs:17289:19)
    at ɵɵinject (C:\Angular project-2\codebook\node_modules\@angular\core\fesm2022\core.mjs:1125:42)
    at inject (C:\Angular project-2\codebook\node_modules\@angular\core\fesm2022\core.mjs:1211:12)
    at new AppComponent (C:\Angular project-2\codebook\src\app\app.component.ts:41:34)
    at NodeInjectorFactory.AppComponent_Factory [as factory] (ng:///AppComponent/ɵfac.js:5:10)
    at getNodeInjectable (C:\Angular project-2\codebook\node_modules\@angular\core\fesm2022\core.mjs:5323:44)
    at instantiateAllDirectives (C:\Angular project-2\codebook\node_modules\@angular\core\fesm2022\core.mjs:12562:27)
    at createDirectivesInstances (C:\Angular project-2\codebook\node_modules\@angular\core\fesm2022\core.mjs:12352:5)
    at ComponentFactory2.create (C:\Angular project-2\codebook\node_modules\@angular\core\fesm2022\core.mjs:17945:17)
    at initComponent (C:\Angular project-2\codebook\node_modules\@angular\core\fesm2022\testing.mjs:2053:51)
    at _ZoneDelegate.invoke (C:\Angular project-2\codebook\node_modules\zone.js\bundles\zone.umd.js:416:32)
    at ProxyZoneSpec.Object.<anonymous>.ProxyZoneSpec.onInvoke (C:\Angular project-2\codebook\node_modules\zone.js\bundles\zone-testing.umd.js:2177:43)
    at _ZoneDelegate.invoke (C:\Angular project-2\codebook\node_modules\zone.js\bundles\zone.umd.js:415:38)
    at Object.onInvoke (C:\Angular project-2\codebook\node_modules\@angular\core\fesm2022\core.mjs:6528:33)
    at _ZoneDelegate.invoke (C:\Angular project-2\codebook\node_modules\zone.js\bundles\zone.umd.js:415:38)
    at ZoneImpl.run (C:\Angular project-2\codebook\node_modules\zone.js\bundles\zone.umd.js:147:47)
    at NgZone.run (C:\Angular project-2\codebook\node_modules\@angular\core\fesm2022\core.mjs:6374:28)
    at _TestBedImpl.createComponent (C:\Angular project-2\codebook\node_modules\@angular\core\fesm2022\testing.mjs:2058:41)
    at Function.createComponent (C:\Angular project-2\codebook\node_modules\@angular\core\fesm2022\testing.mjs:1844:37)
    at C:\Angular project-2\codebook\src\app\app.component.spec.ts:49:23
    at Generator.next (<anonymous>)
    at fulfilled (C:\Angular project-2\codebook\node_modules\tslib\tslib.js:167:62)
    at _ZoneDelegate.invoke (C:\Angular project-2\codebook\node_modules\zone.js\bundles\zone.umd.js:416:32)
    at ProxyZoneSpec.Object.<anonymous>.ProxyZoneSpec.onInvoke (C:\Angular project-2\codebook\node_modules\zone.js\bundles\zone-testing.umd.js:2177:43)
    at _ZoneDelegate.invoke (C:\Angular project-2\codebook\node_modules\zone.js\bundles\zone.umd.js:415:38)
    at ZoneImpl.run (C:\Angular project-2\codebook\node_modules\zone.js\bundles\zone.umd.js:147:47)
    at C:\Angular project-2\codebook\node_modules\zone.js\bundles\zone.umd.js:2598:42
    at _ZoneDelegate.invokeTask (C:\Angular project-2\codebook\node_modules\zone.js\bundles\zone.umd.js:449:37)
    at ProxyZoneSpec.Object.<anonymous>.ProxyZoneSpec.onInvokeTask (C:\Angular project-2\codebook\node_modules\zone.js\bundles\zone-testing.umd.js:2208:43)
    at _ZoneDelegate.invokeTask (C:\Angular project-2\codebook\node_modules\zone.js\bundles\zone.umd.js:448:42)
    at ZoneImpl.runTask (C:\Angular project-2\codebook\node_modules\zone.js\bundles\zone.umd.js:196:51)
    at drainMicroTaskQueue (C:\Angular project-2\codebook\node_modules\zone.js\bundles\zone.umd.js:638:39)
    at processTicksAndRejections (node:internal/process/task_queues:105:5)]]></failure>
    </testCase>
    <testCase name="AppComponent toggleFullScreen() should enter fullscreen when not in fullscreen" duration="25">
      <failure message="TypeError: window.matchMedia is not a function"><![CDATA[TypeError: window.matchMedia is not a function
    at new matchMedia (C:\Angular project-2\codebook\src\app\services\dark-mode.service.ts:30:12)
    at Object.DarkModeService_Factory [as factory] (ng:///DarkModeService/ɵfac.js:5:10)
    at C:\Angular project-2\codebook\node_modules\@angular\core\fesm2022\core.mjs:2274:47
    at runInInjectorProfilerContext (C:\Angular project-2\codebook\node_modules\@angular\core\fesm2022\core.mjs:880:9)
    at R3Injector.hydrate (C:\Angular project-2\codebook\node_modules\@angular\core\fesm2022\core.mjs:2273:21)
    at R3Injector.get (C:\Angular project-2\codebook\node_modules\@angular\core\fesm2022\core.mjs:2141:33)
    at R3Injector.get (C:\Angular project-2\codebook\node_modules\@angular\core\fesm2022\core.mjs:2151:33)
    at ChainedInjector.get (C:\Angular project-2\codebook\node_modules\@angular\core\fesm2022\core.mjs:17238:36)
    at lookupTokenUsingModuleInjector (C:\Angular project-2\codebook\node_modules\@angular\core\fesm2022\core.mjs:5063:39)
    at getOrCreateInjectable (C:\Angular project-2\codebook\node_modules\@angular\core\fesm2022\core.mjs:5111:12)
    at ɵɵdirectiveInject (C:\Angular project-2\codebook\node_modules\@angular\core\fesm2022\core.mjs:17289:19)
    at ɵɵinject (C:\Angular project-2\codebook\node_modules\@angular\core\fesm2022\core.mjs:1125:42)
    at inject (C:\Angular project-2\codebook\node_modules\@angular\core\fesm2022\core.mjs:1211:12)
    at new AppComponent (C:\Angular project-2\codebook\src\app\app.component.ts:41:34)
    at NodeInjectorFactory.AppComponent_Factory [as factory] (ng:///AppComponent/ɵfac.js:5:10)
    at getNodeInjectable (C:\Angular project-2\codebook\node_modules\@angular\core\fesm2022\core.mjs:5323:44)
    at instantiateAllDirectives (C:\Angular project-2\codebook\node_modules\@angular\core\fesm2022\core.mjs:12562:27)
    at createDirectivesInstances (C:\Angular project-2\codebook\node_modules\@angular\core\fesm2022\core.mjs:12352:5)
    at ComponentFactory2.create (C:\Angular project-2\codebook\node_modules\@angular\core\fesm2022\core.mjs:17945:17)
    at initComponent (C:\Angular project-2\codebook\node_modules\@angular\core\fesm2022\testing.mjs:2053:51)
    at _ZoneDelegate.invoke (C:\Angular project-2\codebook\node_modules\zone.js\bundles\zone.umd.js:416:32)
    at ProxyZoneSpec.Object.<anonymous>.ProxyZoneSpec.onInvoke (C:\Angular project-2\codebook\node_modules\zone.js\bundles\zone-testing.umd.js:2177:43)
    at _ZoneDelegate.invoke (C:\Angular project-2\codebook\node_modules\zone.js\bundles\zone.umd.js:415:38)
    at Object.onInvoke (C:\Angular project-2\codebook\node_modules\@angular\core\fesm2022\core.mjs:6528:33)
    at _ZoneDelegate.invoke (C:\Angular project-2\codebook\node_modules\zone.js\bundles\zone.umd.js:415:38)
    at ZoneImpl.run (C:\Angular project-2\codebook\node_modules\zone.js\bundles\zone.umd.js:147:47)
    at NgZone.run (C:\Angular project-2\codebook\node_modules\@angular\core\fesm2022\core.mjs:6374:28)
    at _TestBedImpl.createComponent (C:\Angular project-2\codebook\node_modules\@angular\core\fesm2022\testing.mjs:2058:41)
    at Function.createComponent (C:\Angular project-2\codebook\node_modules\@angular\core\fesm2022\testing.mjs:1844:37)
    at C:\Angular project-2\codebook\src\app\app.component.spec.ts:49:23
    at Generator.next (<anonymous>)
    at fulfilled (C:\Angular project-2\codebook\node_modules\tslib\tslib.js:167:62)
    at _ZoneDelegate.invoke (C:\Angular project-2\codebook\node_modules\zone.js\bundles\zone.umd.js:416:32)
    at ProxyZoneSpec.Object.<anonymous>.ProxyZoneSpec.onInvoke (C:\Angular project-2\codebook\node_modules\zone.js\bundles\zone-testing.umd.js:2177:43)
    at _ZoneDelegate.invoke (C:\Angular project-2\codebook\node_modules\zone.js\bundles\zone.umd.js:415:38)
    at ZoneImpl.run (C:\Angular project-2\codebook\node_modules\zone.js\bundles\zone.umd.js:147:47)
    at C:\Angular project-2\codebook\node_modules\zone.js\bundles\zone.umd.js:2598:42
    at _ZoneDelegate.invokeTask (C:\Angular project-2\codebook\node_modules\zone.js\bundles\zone.umd.js:449:37)
    at ProxyZoneSpec.Object.<anonymous>.ProxyZoneSpec.onInvokeTask (C:\Angular project-2\codebook\node_modules\zone.js\bundles\zone-testing.umd.js:2208:43)
    at _ZoneDelegate.invokeTask (C:\Angular project-2\codebook\node_modules\zone.js\bundles\zone.umd.js:448:42)
    at ZoneImpl.runTask (C:\Angular project-2\codebook\node_modules\zone.js\bundles\zone.umd.js:196:51)
    at drainMicroTaskQueue (C:\Angular project-2\codebook\node_modules\zone.js\bundles\zone.umd.js:638:39)
    at processTicksAndRejections (node:internal/process/task_queues:105:5)]]></failure>
    </testCase>
    <testCase name="AppComponent toggleFullScreen() should exit fullscreen when in fullscreen" duration="31">
      <failure message="TypeError: window.matchMedia is not a function"><![CDATA[TypeError: window.matchMedia is not a function
    at new matchMedia (C:\Angular project-2\codebook\src\app\services\dark-mode.service.ts:30:12)
    at Object.DarkModeService_Factory [as factory] (ng:///DarkModeService/ɵfac.js:5:10)
    at C:\Angular project-2\codebook\node_modules\@angular\core\fesm2022\core.mjs:2274:47
    at runInInjectorProfilerContext (C:\Angular project-2\codebook\node_modules\@angular\core\fesm2022\core.mjs:880:9)
    at R3Injector.hydrate (C:\Angular project-2\codebook\node_modules\@angular\core\fesm2022\core.mjs:2273:21)
    at R3Injector.get (C:\Angular project-2\codebook\node_modules\@angular\core\fesm2022\core.mjs:2141:33)
    at R3Injector.get (C:\Angular project-2\codebook\node_modules\@angular\core\fesm2022\core.mjs:2151:33)
    at ChainedInjector.get (C:\Angular project-2\codebook\node_modules\@angular\core\fesm2022\core.mjs:17238:36)
    at lookupTokenUsingModuleInjector (C:\Angular project-2\codebook\node_modules\@angular\core\fesm2022\core.mjs:5063:39)
    at getOrCreateInjectable (C:\Angular project-2\codebook\node_modules\@angular\core\fesm2022\core.mjs:5111:12)
    at ɵɵdirectiveInject (C:\Angular project-2\codebook\node_modules\@angular\core\fesm2022\core.mjs:17289:19)
    at ɵɵinject (C:\Angular project-2\codebook\node_modules\@angular\core\fesm2022\core.mjs:1125:42)
    at inject (C:\Angular project-2\codebook\node_modules\@angular\core\fesm2022\core.mjs:1211:12)
    at new AppComponent (C:\Angular project-2\codebook\src\app\app.component.ts:41:34)
    at NodeInjectorFactory.AppComponent_Factory [as factory] (ng:///AppComponent/ɵfac.js:5:10)
    at getNodeInjectable (C:\Angular project-2\codebook\node_modules\@angular\core\fesm2022\core.mjs:5323:44)
    at instantiateAllDirectives (C:\Angular project-2\codebook\node_modules\@angular\core\fesm2022\core.mjs:12562:27)
    at createDirectivesInstances (C:\Angular project-2\codebook\node_modules\@angular\core\fesm2022\core.mjs:12352:5)
    at ComponentFactory2.create (C:\Angular project-2\codebook\node_modules\@angular\core\fesm2022\core.mjs:17945:17)
    at initComponent (C:\Angular project-2\codebook\node_modules\@angular\core\fesm2022\testing.mjs:2053:51)
    at _ZoneDelegate.invoke (C:\Angular project-2\codebook\node_modules\zone.js\bundles\zone.umd.js:416:32)
    at ProxyZoneSpec.Object.<anonymous>.ProxyZoneSpec.onInvoke (C:\Angular project-2\codebook\node_modules\zone.js\bundles\zone-testing.umd.js:2177:43)
    at _ZoneDelegate.invoke (C:\Angular project-2\codebook\node_modules\zone.js\bundles\zone.umd.js:415:38)
    at Object.onInvoke (C:\Angular project-2\codebook\node_modules\@angular\core\fesm2022\core.mjs:6528:33)
    at _ZoneDelegate.invoke (C:\Angular project-2\codebook\node_modules\zone.js\bundles\zone.umd.js:415:38)
    at ZoneImpl.run (C:\Angular project-2\codebook\node_modules\zone.js\bundles\zone.umd.js:147:47)
    at NgZone.run (C:\Angular project-2\codebook\node_modules\@angular\core\fesm2022\core.mjs:6374:28)
    at _TestBedImpl.createComponent (C:\Angular project-2\codebook\node_modules\@angular\core\fesm2022\testing.mjs:2058:41)
    at Function.createComponent (C:\Angular project-2\codebook\node_modules\@angular\core\fesm2022\testing.mjs:1844:37)
    at C:\Angular project-2\codebook\src\app\app.component.spec.ts:49:23
    at Generator.next (<anonymous>)
    at fulfilled (C:\Angular project-2\codebook\node_modules\tslib\tslib.js:167:62)
    at _ZoneDelegate.invoke (C:\Angular project-2\codebook\node_modules\zone.js\bundles\zone.umd.js:416:32)
    at ProxyZoneSpec.Object.<anonymous>.ProxyZoneSpec.onInvoke (C:\Angular project-2\codebook\node_modules\zone.js\bundles\zone-testing.umd.js:2177:43)
    at _ZoneDelegate.invoke (C:\Angular project-2\codebook\node_modules\zone.js\bundles\zone.umd.js:415:38)
    at ZoneImpl.run (C:\Angular project-2\codebook\node_modules\zone.js\bundles\zone.umd.js:147:47)
    at C:\Angular project-2\codebook\node_modules\zone.js\bundles\zone.umd.js:2598:42
    at _ZoneDelegate.invokeTask (C:\Angular project-2\codebook\node_modules\zone.js\bundles\zone.umd.js:449:37)
    at ProxyZoneSpec.Object.<anonymous>.ProxyZoneSpec.onInvokeTask (C:\Angular project-2\codebook\node_modules\zone.js\bundles\zone-testing.umd.js:2208:43)
    at _ZoneDelegate.invokeTask (C:\Angular project-2\codebook\node_modules\zone.js\bundles\zone.umd.js:448:42)
    at ZoneImpl.runTask (C:\Angular project-2\codebook\node_modules\zone.js\bundles\zone.umd.js:196:51)
    at drainMicroTaskQueue (C:\Angular project-2\codebook\node_modules\zone.js\bundles\zone.umd.js:638:39)
    at processTicksAndRejections (node:internal/process/task_queues:105:5)]]></failure>
    </testCase>
    <testCase name="AppComponent toggleFullScreen() should handle fullscreen error" duration="28">
      <failure message="TypeError: window.matchMedia is not a function"><![CDATA[TypeError: window.matchMedia is not a function
    at new matchMedia (C:\Angular project-2\codebook\src\app\services\dark-mode.service.ts:30:12)
    at Object.DarkModeService_Factory [as factory] (ng:///DarkModeService/ɵfac.js:5:10)
    at C:\Angular project-2\codebook\node_modules\@angular\core\fesm2022\core.mjs:2274:47
    at runInInjectorProfilerContext (C:\Angular project-2\codebook\node_modules\@angular\core\fesm2022\core.mjs:880:9)
    at R3Injector.hydrate (C:\Angular project-2\codebook\node_modules\@angular\core\fesm2022\core.mjs:2273:21)
    at R3Injector.get (C:\Angular project-2\codebook\node_modules\@angular\core\fesm2022\core.mjs:2141:33)
    at R3Injector.get (C:\Angular project-2\codebook\node_modules\@angular\core\fesm2022\core.mjs:2151:33)
    at ChainedInjector.get (C:\Angular project-2\codebook\node_modules\@angular\core\fesm2022\core.mjs:17238:36)
    at lookupTokenUsingModuleInjector (C:\Angular project-2\codebook\node_modules\@angular\core\fesm2022\core.mjs:5063:39)
    at getOrCreateInjectable (C:\Angular project-2\codebook\node_modules\@angular\core\fesm2022\core.mjs:5111:12)
    at ɵɵdirectiveInject (C:\Angular project-2\codebook\node_modules\@angular\core\fesm2022\core.mjs:17289:19)
    at ɵɵinject (C:\Angular project-2\codebook\node_modules\@angular\core\fesm2022\core.mjs:1125:42)
    at inject (C:\Angular project-2\codebook\node_modules\@angular\core\fesm2022\core.mjs:1211:12)
    at new AppComponent (C:\Angular project-2\codebook\src\app\app.component.ts:41:34)
    at NodeInjectorFactory.AppComponent_Factory [as factory] (ng:///AppComponent/ɵfac.js:5:10)
    at getNodeInjectable (C:\Angular project-2\codebook\node_modules\@angular\core\fesm2022\core.mjs:5323:44)
    at instantiateAllDirectives (C:\Angular project-2\codebook\node_modules\@angular\core\fesm2022\core.mjs:12562:27)
    at createDirectivesInstances (C:\Angular project-2\codebook\node_modules\@angular\core\fesm2022\core.mjs:12352:5)
    at ComponentFactory2.create (C:\Angular project-2\codebook\node_modules\@angular\core\fesm2022\core.mjs:17945:17)
    at initComponent (C:\Angular project-2\codebook\node_modules\@angular\core\fesm2022\testing.mjs:2053:51)
    at _ZoneDelegate.invoke (C:\Angular project-2\codebook\node_modules\zone.js\bundles\zone.umd.js:416:32)
    at ProxyZoneSpec.Object.<anonymous>.ProxyZoneSpec.onInvoke (C:\Angular project-2\codebook\node_modules\zone.js\bundles\zone-testing.umd.js:2177:43)
    at _ZoneDelegate.invoke (C:\Angular project-2\codebook\node_modules\zone.js\bundles\zone.umd.js:415:38)
    at Object.onInvoke (C:\Angular project-2\codebook\node_modules\@angular\core\fesm2022\core.mjs:6528:33)
    at _ZoneDelegate.invoke (C:\Angular project-2\codebook\node_modules\zone.js\bundles\zone.umd.js:415:38)
    at ZoneImpl.run (C:\Angular project-2\codebook\node_modules\zone.js\bundles\zone.umd.js:147:47)
    at NgZone.run (C:\Angular project-2\codebook\node_modules\@angular\core\fesm2022\core.mjs:6374:28)
    at _TestBedImpl.createComponent (C:\Angular project-2\codebook\node_modules\@angular\core\fesm2022\testing.mjs:2058:41)
    at Function.createComponent (C:\Angular project-2\codebook\node_modules\@angular\core\fesm2022\testing.mjs:1844:37)
    at C:\Angular project-2\codebook\src\app\app.component.spec.ts:49:23
    at Generator.next (<anonymous>)
    at fulfilled (C:\Angular project-2\codebook\node_modules\tslib\tslib.js:167:62)
    at _ZoneDelegate.invoke (C:\Angular project-2\codebook\node_modules\zone.js\bundles\zone.umd.js:416:32)
    at ProxyZoneSpec.Object.<anonymous>.ProxyZoneSpec.onInvoke (C:\Angular project-2\codebook\node_modules\zone.js\bundles\zone-testing.umd.js:2177:43)
    at _ZoneDelegate.invoke (C:\Angular project-2\codebook\node_modules\zone.js\bundles\zone.umd.js:415:38)
    at ZoneImpl.run (C:\Angular project-2\codebook\node_modules\zone.js\bundles\zone.umd.js:147:47)
    at C:\Angular project-2\codebook\node_modules\zone.js\bundles\zone.umd.js:2598:42
    at _ZoneDelegate.invokeTask (C:\Angular project-2\codebook\node_modules\zone.js\bundles\zone.umd.js:449:37)
    at ProxyZoneSpec.Object.<anonymous>.ProxyZoneSpec.onInvokeTask (C:\Angular project-2\codebook\node_modules\zone.js\bundles\zone-testing.umd.js:2208:43)
    at _ZoneDelegate.invokeTask (C:\Angular project-2\codebook\node_modules\zone.js\bundles\zone.umd.js:448:42)
    at ZoneImpl.runTask (C:\Angular project-2\codebook\node_modules\zone.js\bundles\zone.umd.js:196:51)
    at drainMicroTaskQueue (C:\Angular project-2\codebook\node_modules\zone.js\bundles\zone.umd.js:638:39)
    at processTicksAndRejections (node:internal/process/task_queues:105:5)]]></failure>
    </testCase>
    <testCase name="AppComponent setLanguage() should set language to English when &quot;en&quot; is passed" duration="19">
      <failure message="TypeError: window.matchMedia is not a function"><![CDATA[TypeError: window.matchMedia is not a function
    at new matchMedia (C:\Angular project-2\codebook\src\app\services\dark-mode.service.ts:30:12)
    at Object.DarkModeService_Factory [as factory] (ng:///DarkModeService/ɵfac.js:5:10)
    at C:\Angular project-2\codebook\node_modules\@angular\core\fesm2022\core.mjs:2274:47
    at runInInjectorProfilerContext (C:\Angular project-2\codebook\node_modules\@angular\core\fesm2022\core.mjs:880:9)
    at R3Injector.hydrate (C:\Angular project-2\codebook\node_modules\@angular\core\fesm2022\core.mjs:2273:21)
    at R3Injector.get (C:\Angular project-2\codebook\node_modules\@angular\core\fesm2022\core.mjs:2141:33)
    at R3Injector.get (C:\Angular project-2\codebook\node_modules\@angular\core\fesm2022\core.mjs:2151:33)
    at ChainedInjector.get (C:\Angular project-2\codebook\node_modules\@angular\core\fesm2022\core.mjs:17238:36)
    at lookupTokenUsingModuleInjector (C:\Angular project-2\codebook\node_modules\@angular\core\fesm2022\core.mjs:5063:39)
    at getOrCreateInjectable (C:\Angular project-2\codebook\node_modules\@angular\core\fesm2022\core.mjs:5111:12)
    at ɵɵdirectiveInject (C:\Angular project-2\codebook\node_modules\@angular\core\fesm2022\core.mjs:17289:19)
    at ɵɵinject (C:\Angular project-2\codebook\node_modules\@angular\core\fesm2022\core.mjs:1125:42)
    at inject (C:\Angular project-2\codebook\node_modules\@angular\core\fesm2022\core.mjs:1211:12)
    at new AppComponent (C:\Angular project-2\codebook\src\app\app.component.ts:41:34)
    at NodeInjectorFactory.AppComponent_Factory [as factory] (ng:///AppComponent/ɵfac.js:5:10)
    at getNodeInjectable (C:\Angular project-2\codebook\node_modules\@angular\core\fesm2022\core.mjs:5323:44)
    at instantiateAllDirectives (C:\Angular project-2\codebook\node_modules\@angular\core\fesm2022\core.mjs:12562:27)
    at createDirectivesInstances (C:\Angular project-2\codebook\node_modules\@angular\core\fesm2022\core.mjs:12352:5)
    at ComponentFactory2.create (C:\Angular project-2\codebook\node_modules\@angular\core\fesm2022\core.mjs:17945:17)
    at initComponent (C:\Angular project-2\codebook\node_modules\@angular\core\fesm2022\testing.mjs:2053:51)
    at _ZoneDelegate.invoke (C:\Angular project-2\codebook\node_modules\zone.js\bundles\zone.umd.js:416:32)
    at ProxyZoneSpec.Object.<anonymous>.ProxyZoneSpec.onInvoke (C:\Angular project-2\codebook\node_modules\zone.js\bundles\zone-testing.umd.js:2177:43)
    at _ZoneDelegate.invoke (C:\Angular project-2\codebook\node_modules\zone.js\bundles\zone.umd.js:415:38)
    at Object.onInvoke (C:\Angular project-2\codebook\node_modules\@angular\core\fesm2022\core.mjs:6528:33)
    at _ZoneDelegate.invoke (C:\Angular project-2\codebook\node_modules\zone.js\bundles\zone.umd.js:415:38)
    at ZoneImpl.run (C:\Angular project-2\codebook\node_modules\zone.js\bundles\zone.umd.js:147:47)
    at NgZone.run (C:\Angular project-2\codebook\node_modules\@angular\core\fesm2022\core.mjs:6374:28)
    at _TestBedImpl.createComponent (C:\Angular project-2\codebook\node_modules\@angular\core\fesm2022\testing.mjs:2058:41)
    at Function.createComponent (C:\Angular project-2\codebook\node_modules\@angular\core\fesm2022\testing.mjs:1844:37)
    at C:\Angular project-2\codebook\src\app\app.component.spec.ts:49:23
    at Generator.next (<anonymous>)
    at fulfilled (C:\Angular project-2\codebook\node_modules\tslib\tslib.js:167:62)
    at _ZoneDelegate.invoke (C:\Angular project-2\codebook\node_modules\zone.js\bundles\zone.umd.js:416:32)
    at ProxyZoneSpec.Object.<anonymous>.ProxyZoneSpec.onInvoke (C:\Angular project-2\codebook\node_modules\zone.js\bundles\zone-testing.umd.js:2177:43)
    at _ZoneDelegate.invoke (C:\Angular project-2\codebook\node_modules\zone.js\bundles\zone.umd.js:415:38)
    at ZoneImpl.run (C:\Angular project-2\codebook\node_modules\zone.js\bundles\zone.umd.js:147:47)
    at C:\Angular project-2\codebook\node_modules\zone.js\bundles\zone.umd.js:2598:42
    at _ZoneDelegate.invokeTask (C:\Angular project-2\codebook\node_modules\zone.js\bundles\zone.umd.js:449:37)
    at ProxyZoneSpec.Object.<anonymous>.ProxyZoneSpec.onInvokeTask (C:\Angular project-2\codebook\node_modules\zone.js\bundles\zone-testing.umd.js:2208:43)
    at _ZoneDelegate.invokeTask (C:\Angular project-2\codebook\node_modules\zone.js\bundles\zone.umd.js:448:42)
    at ZoneImpl.runTask (C:\Angular project-2\codebook\node_modules\zone.js\bundles\zone.umd.js:196:51)
    at drainMicroTaskQueue (C:\Angular project-2\codebook\node_modules\zone.js\bundles\zone.umd.js:638:39)
    at processTicksAndRejections (node:internal/process/task_queues:105:5)]]></failure>
    </testCase>
    <testCase name="AppComponent setLanguage() should set language to French when &quot;fr&quot; is passed" duration="20">
      <failure message="TypeError: window.matchMedia is not a function"><![CDATA[TypeError: window.matchMedia is not a function
    at new matchMedia (C:\Angular project-2\codebook\src\app\services\dark-mode.service.ts:30:12)
    at Object.DarkModeService_Factory [as factory] (ng:///DarkModeService/ɵfac.js:5:10)
    at C:\Angular project-2\codebook\node_modules\@angular\core\fesm2022\core.mjs:2274:47
    at runInInjectorProfilerContext (C:\Angular project-2\codebook\node_modules\@angular\core\fesm2022\core.mjs:880:9)
    at R3Injector.hydrate (C:\Angular project-2\codebook\node_modules\@angular\core\fesm2022\core.mjs:2273:21)
    at R3Injector.get (C:\Angular project-2\codebook\node_modules\@angular\core\fesm2022\core.mjs:2141:33)
    at R3Injector.get (C:\Angular project-2\codebook\node_modules\@angular\core\fesm2022\core.mjs:2151:33)
    at ChainedInjector.get (C:\Angular project-2\codebook\node_modules\@angular\core\fesm2022\core.mjs:17238:36)
    at lookupTokenUsingModuleInjector (C:\Angular project-2\codebook\node_modules\@angular\core\fesm2022\core.mjs:5063:39)
    at getOrCreateInjectable (C:\Angular project-2\codebook\node_modules\@angular\core\fesm2022\core.mjs:5111:12)
    at ɵɵdirectiveInject (C:\Angular project-2\codebook\node_modules\@angular\core\fesm2022\core.mjs:17289:19)
    at ɵɵinject (C:\Angular project-2\codebook\node_modules\@angular\core\fesm2022\core.mjs:1125:42)
    at inject (C:\Angular project-2\codebook\node_modules\@angular\core\fesm2022\core.mjs:1211:12)
    at new AppComponent (C:\Angular project-2\codebook\src\app\app.component.ts:41:34)
    at NodeInjectorFactory.AppComponent_Factory [as factory] (ng:///AppComponent/ɵfac.js:5:10)
    at getNodeInjectable (C:\Angular project-2\codebook\node_modules\@angular\core\fesm2022\core.mjs:5323:44)
    at instantiateAllDirectives (C:\Angular project-2\codebook\node_modules\@angular\core\fesm2022\core.mjs:12562:27)
    at createDirectivesInstances (C:\Angular project-2\codebook\node_modules\@angular\core\fesm2022\core.mjs:12352:5)
    at ComponentFactory2.create (C:\Angular project-2\codebook\node_modules\@angular\core\fesm2022\core.mjs:17945:17)
    at initComponent (C:\Angular project-2\codebook\node_modules\@angular\core\fesm2022\testing.mjs:2053:51)
    at _ZoneDelegate.invoke (C:\Angular project-2\codebook\node_modules\zone.js\bundles\zone.umd.js:416:32)
    at ProxyZoneSpec.Object.<anonymous>.ProxyZoneSpec.onInvoke (C:\Angular project-2\codebook\node_modules\zone.js\bundles\zone-testing.umd.js:2177:43)
    at _ZoneDelegate.invoke (C:\Angular project-2\codebook\node_modules\zone.js\bundles\zone.umd.js:415:38)
    at Object.onInvoke (C:\Angular project-2\codebook\node_modules\@angular\core\fesm2022\core.mjs:6528:33)
    at _ZoneDelegate.invoke (C:\Angular project-2\codebook\node_modules\zone.js\bundles\zone.umd.js:415:38)
    at ZoneImpl.run (C:\Angular project-2\codebook\node_modules\zone.js\bundles\zone.umd.js:147:47)
    at NgZone.run (C:\Angular project-2\codebook\node_modules\@angular\core\fesm2022\core.mjs:6374:28)
    at _TestBedImpl.createComponent (C:\Angular project-2\codebook\node_modules\@angular\core\fesm2022\testing.mjs:2058:41)
    at Function.createComponent (C:\Angular project-2\codebook\node_modules\@angular\core\fesm2022\testing.mjs:1844:37)
    at C:\Angular project-2\codebook\src\app\app.component.spec.ts:49:23
    at Generator.next (<anonymous>)
    at fulfilled (C:\Angular project-2\codebook\node_modules\tslib\tslib.js:167:62)
    at _ZoneDelegate.invoke (C:\Angular project-2\codebook\node_modules\zone.js\bundles\zone.umd.js:416:32)
    at ProxyZoneSpec.Object.<anonymous>.ProxyZoneSpec.onInvoke (C:\Angular project-2\codebook\node_modules\zone.js\bundles\zone-testing.umd.js:2177:43)
    at _ZoneDelegate.invoke (C:\Angular project-2\codebook\node_modules\zone.js\bundles\zone.umd.js:415:38)
    at ZoneImpl.run (C:\Angular project-2\codebook\node_modules\zone.js\bundles\zone.umd.js:147:47)
    at C:\Angular project-2\codebook\node_modules\zone.js\bundles\zone.umd.js:2598:42
    at _ZoneDelegate.invokeTask (C:\Angular project-2\codebook\node_modules\zone.js\bundles\zone.umd.js:449:37)
    at ProxyZoneSpec.Object.<anonymous>.ProxyZoneSpec.onInvokeTask (C:\Angular project-2\codebook\node_modules\zone.js\bundles\zone-testing.umd.js:2208:43)
    at _ZoneDelegate.invokeTask (C:\Angular project-2\codebook\node_modules\zone.js\bundles\zone.umd.js:448:42)
    at ZoneImpl.runTask (C:\Angular project-2\codebook\node_modules\zone.js\bundles\zone.umd.js:196:51)
    at drainMicroTaskQueue (C:\Angular project-2\codebook\node_modules\zone.js\bundles\zone.umd.js:638:39)
    at processTicksAndRejections (node:internal/process/task_queues:105:5)]]></failure>
    </testCase>
    <testCase name="AppComponent setLanguage() should keep current language when unknown code is passed" duration="14">
      <failure message="TypeError: window.matchMedia is not a function"><![CDATA[TypeError: window.matchMedia is not a function
    at new matchMedia (C:\Angular project-2\codebook\src\app\services\dark-mode.service.ts:30:12)
    at Object.DarkModeService_Factory [as factory] (ng:///DarkModeService/ɵfac.js:5:10)
    at C:\Angular project-2\codebook\node_modules\@angular\core\fesm2022\core.mjs:2274:47
    at runInInjectorProfilerContext (C:\Angular project-2\codebook\node_modules\@angular\core\fesm2022\core.mjs:880:9)
    at R3Injector.hydrate (C:\Angular project-2\codebook\node_modules\@angular\core\fesm2022\core.mjs:2273:21)
    at R3Injector.get (C:\Angular project-2\codebook\node_modules\@angular\core\fesm2022\core.mjs:2141:33)
    at R3Injector.get (C:\Angular project-2\codebook\node_modules\@angular\core\fesm2022\core.mjs:2151:33)
    at ChainedInjector.get (C:\Angular project-2\codebook\node_modules\@angular\core\fesm2022\core.mjs:17238:36)
    at lookupTokenUsingModuleInjector (C:\Angular project-2\codebook\node_modules\@angular\core\fesm2022\core.mjs:5063:39)
    at getOrCreateInjectable (C:\Angular project-2\codebook\node_modules\@angular\core\fesm2022\core.mjs:5111:12)
    at ɵɵdirectiveInject (C:\Angular project-2\codebook\node_modules\@angular\core\fesm2022\core.mjs:17289:19)
    at ɵɵinject (C:\Angular project-2\codebook\node_modules\@angular\core\fesm2022\core.mjs:1125:42)
    at inject (C:\Angular project-2\codebook\node_modules\@angular\core\fesm2022\core.mjs:1211:12)
    at new AppComponent (C:\Angular project-2\codebook\src\app\app.component.ts:41:34)
    at NodeInjectorFactory.AppComponent_Factory [as factory] (ng:///AppComponent/ɵfac.js:5:10)
    at getNodeInjectable (C:\Angular project-2\codebook\node_modules\@angular\core\fesm2022\core.mjs:5323:44)
    at instantiateAllDirectives (C:\Angular project-2\codebook\node_modules\@angular\core\fesm2022\core.mjs:12562:27)
    at createDirectivesInstances (C:\Angular project-2\codebook\node_modules\@angular\core\fesm2022\core.mjs:12352:5)
    at ComponentFactory2.create (C:\Angular project-2\codebook\node_modules\@angular\core\fesm2022\core.mjs:17945:17)
    at initComponent (C:\Angular project-2\codebook\node_modules\@angular\core\fesm2022\testing.mjs:2053:51)
    at _ZoneDelegate.invoke (C:\Angular project-2\codebook\node_modules\zone.js\bundles\zone.umd.js:416:32)
    at ProxyZoneSpec.Object.<anonymous>.ProxyZoneSpec.onInvoke (C:\Angular project-2\codebook\node_modules\zone.js\bundles\zone-testing.umd.js:2177:43)
    at _ZoneDelegate.invoke (C:\Angular project-2\codebook\node_modules\zone.js\bundles\zone.umd.js:415:38)
    at Object.onInvoke (C:\Angular project-2\codebook\node_modules\@angular\core\fesm2022\core.mjs:6528:33)
    at _ZoneDelegate.invoke (C:\Angular project-2\codebook\node_modules\zone.js\bundles\zone.umd.js:415:38)
    at ZoneImpl.run (C:\Angular project-2\codebook\node_modules\zone.js\bundles\zone.umd.js:147:47)
    at NgZone.run (C:\Angular project-2\codebook\node_modules\@angular\core\fesm2022\core.mjs:6374:28)
    at _TestBedImpl.createComponent (C:\Angular project-2\codebook\node_modules\@angular\core\fesm2022\testing.mjs:2058:41)
    at Function.createComponent (C:\Angular project-2\codebook\node_modules\@angular\core\fesm2022\testing.mjs:1844:37)
    at C:\Angular project-2\codebook\src\app\app.component.spec.ts:49:23
    at Generator.next (<anonymous>)
    at fulfilled (C:\Angular project-2\codebook\node_modules\tslib\tslib.js:167:62)
    at _ZoneDelegate.invoke (C:\Angular project-2\codebook\node_modules\zone.js\bundles\zone.umd.js:416:32)
    at ProxyZoneSpec.Object.<anonymous>.ProxyZoneSpec.onInvoke (C:\Angular project-2\codebook\node_modules\zone.js\bundles\zone-testing.umd.js:2177:43)
    at _ZoneDelegate.invoke (C:\Angular project-2\codebook\node_modules\zone.js\bundles\zone.umd.js:415:38)
    at ZoneImpl.run (C:\Angular project-2\codebook\node_modules\zone.js\bundles\zone.umd.js:147:47)
    at C:\Angular project-2\codebook\node_modules\zone.js\bundles\zone.umd.js:2598:42
    at _ZoneDelegate.invokeTask (C:\Angular project-2\codebook\node_modules\zone.js\bundles\zone.umd.js:449:37)
    at ProxyZoneSpec.Object.<anonymous>.ProxyZoneSpec.onInvokeTask (C:\Angular project-2\codebook\node_modules\zone.js\bundles\zone-testing.umd.js:2208:43)
    at _ZoneDelegate.invokeTask (C:\Angular project-2\codebook\node_modules\zone.js\bundles\zone.umd.js:448:42)
    at ZoneImpl.runTask (C:\Angular project-2\codebook\node_modules\zone.js\bundles\zone.umd.js:196:51)
    at drainMicroTaskQueue (C:\Angular project-2\codebook\node_modules\zone.js\bundles\zone.umd.js:638:39)
    at processTicksAndRejections (node:internal/process/task_queues:105:5)]]></failure>
    </testCase>
    <testCase name="AppComponent setLanguage() should actually change language in transloco service" duration="17">
      <failure message="TypeError: window.matchMedia is not a function"><![CDATA[TypeError: window.matchMedia is not a function
    at new matchMedia (C:\Angular project-2\codebook\src\app\services\dark-mode.service.ts:30:12)
    at Object.DarkModeService_Factory [as factory] (ng:///DarkModeService/ɵfac.js:5:10)
    at C:\Angular project-2\codebook\node_modules\@angular\core\fesm2022\core.mjs:2274:47
    at runInInjectorProfilerContext (C:\Angular project-2\codebook\node_modules\@angular\core\fesm2022\core.mjs:880:9)
    at R3Injector.hydrate (C:\Angular project-2\codebook\node_modules\@angular\core\fesm2022\core.mjs:2273:21)
    at R3Injector.get (C:\Angular project-2\codebook\node_modules\@angular\core\fesm2022\core.mjs:2141:33)
    at R3Injector.get (C:\Angular project-2\codebook\node_modules\@angular\core\fesm2022\core.mjs:2151:33)
    at ChainedInjector.get (C:\Angular project-2\codebook\node_modules\@angular\core\fesm2022\core.mjs:17238:36)
    at lookupTokenUsingModuleInjector (C:\Angular project-2\codebook\node_modules\@angular\core\fesm2022\core.mjs:5063:39)
    at getOrCreateInjectable (C:\Angular project-2\codebook\node_modules\@angular\core\fesm2022\core.mjs:5111:12)
    at ɵɵdirectiveInject (C:\Angular project-2\codebook\node_modules\@angular\core\fesm2022\core.mjs:17289:19)
    at ɵɵinject (C:\Angular project-2\codebook\node_modules\@angular\core\fesm2022\core.mjs:1125:42)
    at inject (C:\Angular project-2\codebook\node_modules\@angular\core\fesm2022\core.mjs:1211:12)
    at new AppComponent (C:\Angular project-2\codebook\src\app\app.component.ts:41:34)
    at NodeInjectorFactory.AppComponent_Factory [as factory] (ng:///AppComponent/ɵfac.js:5:10)
    at getNodeInjectable (C:\Angular project-2\codebook\node_modules\@angular\core\fesm2022\core.mjs:5323:44)
    at instantiateAllDirectives (C:\Angular project-2\codebook\node_modules\@angular\core\fesm2022\core.mjs:12562:27)
    at createDirectivesInstances (C:\Angular project-2\codebook\node_modules\@angular\core\fesm2022\core.mjs:12352:5)
    at ComponentFactory2.create (C:\Angular project-2\codebook\node_modules\@angular\core\fesm2022\core.mjs:17945:17)
    at initComponent (C:\Angular project-2\codebook\node_modules\@angular\core\fesm2022\testing.mjs:2053:51)
    at _ZoneDelegate.invoke (C:\Angular project-2\codebook\node_modules\zone.js\bundles\zone.umd.js:416:32)
    at ProxyZoneSpec.Object.<anonymous>.ProxyZoneSpec.onInvoke (C:\Angular project-2\codebook\node_modules\zone.js\bundles\zone-testing.umd.js:2177:43)
    at _ZoneDelegate.invoke (C:\Angular project-2\codebook\node_modules\zone.js\bundles\zone.umd.js:415:38)
    at Object.onInvoke (C:\Angular project-2\codebook\node_modules\@angular\core\fesm2022\core.mjs:6528:33)
    at _ZoneDelegate.invoke (C:\Angular project-2\codebook\node_modules\zone.js\bundles\zone.umd.js:415:38)
    at ZoneImpl.run (C:\Angular project-2\codebook\node_modules\zone.js\bundles\zone.umd.js:147:47)
    at NgZone.run (C:\Angular project-2\codebook\node_modules\@angular\core\fesm2022\core.mjs:6374:28)
    at _TestBedImpl.createComponent (C:\Angular project-2\codebook\node_modules\@angular\core\fesm2022\testing.mjs:2058:41)
    at Function.createComponent (C:\Angular project-2\codebook\node_modules\@angular\core\fesm2022\testing.mjs:1844:37)
    at C:\Angular project-2\codebook\src\app\app.component.spec.ts:49:23
    at Generator.next (<anonymous>)
    at fulfilled (C:\Angular project-2\codebook\node_modules\tslib\tslib.js:167:62)
    at _ZoneDelegate.invoke (C:\Angular project-2\codebook\node_modules\zone.js\bundles\zone.umd.js:416:32)
    at ProxyZoneSpec.Object.<anonymous>.ProxyZoneSpec.onInvoke (C:\Angular project-2\codebook\node_modules\zone.js\bundles\zone-testing.umd.js:2177:43)
    at _ZoneDelegate.invoke (C:\Angular project-2\codebook\node_modules\zone.js\bundles\zone.umd.js:415:38)
    at ZoneImpl.run (C:\Angular project-2\codebook\node_modules\zone.js\bundles\zone.umd.js:147:47)
    at C:\Angular project-2\codebook\node_modules\zone.js\bundles\zone.umd.js:2598:42
    at _ZoneDelegate.invokeTask (C:\Angular project-2\codebook\node_modules\zone.js\bundles\zone.umd.js:449:37)
    at ProxyZoneSpec.Object.<anonymous>.ProxyZoneSpec.onInvokeTask (C:\Angular project-2\codebook\node_modules\zone.js\bundles\zone-testing.umd.js:2208:43)
    at _ZoneDelegate.invokeTask (C:\Angular project-2\codebook\node_modules\zone.js\bundles\zone.umd.js:448:42)
    at ZoneImpl.runTask (C:\Angular project-2\codebook\node_modules\zone.js\bundles\zone.umd.js:196:51)
    at drainMicroTaskQueue (C:\Angular project-2\codebook\node_modules\zone.js\bundles\zone.umd.js:638:39)
    at processTicksAndRejections (node:internal/process/task_queues:105:5)]]></failure>
    </testCase>
    <testCase name="AppComponent toggleSidenav() should toggle collapsed state" duration="23">
      <failure message="TypeError: window.matchMedia is not a function"><![CDATA[TypeError: window.matchMedia is not a function
    at new matchMedia (C:\Angular project-2\codebook\src\app\services\dark-mode.service.ts:30:12)
    at Object.DarkModeService_Factory [as factory] (ng:///DarkModeService/ɵfac.js:5:10)
    at C:\Angular project-2\codebook\node_modules\@angular\core\fesm2022\core.mjs:2274:47
    at runInInjectorProfilerContext (C:\Angular project-2\codebook\node_modules\@angular\core\fesm2022\core.mjs:880:9)
    at R3Injector.hydrate (C:\Angular project-2\codebook\node_modules\@angular\core\fesm2022\core.mjs:2273:21)
    at R3Injector.get (C:\Angular project-2\codebook\node_modules\@angular\core\fesm2022\core.mjs:2141:33)
    at R3Injector.get (C:\Angular project-2\codebook\node_modules\@angular\core\fesm2022\core.mjs:2151:33)
    at ChainedInjector.get (C:\Angular project-2\codebook\node_modules\@angular\core\fesm2022\core.mjs:17238:36)
    at lookupTokenUsingModuleInjector (C:\Angular project-2\codebook\node_modules\@angular\core\fesm2022\core.mjs:5063:39)
    at getOrCreateInjectable (C:\Angular project-2\codebook\node_modules\@angular\core\fesm2022\core.mjs:5111:12)
    at ɵɵdirectiveInject (C:\Angular project-2\codebook\node_modules\@angular\core\fesm2022\core.mjs:17289:19)
    at ɵɵinject (C:\Angular project-2\codebook\node_modules\@angular\core\fesm2022\core.mjs:1125:42)
    at inject (C:\Angular project-2\codebook\node_modules\@angular\core\fesm2022\core.mjs:1211:12)
    at new AppComponent (C:\Angular project-2\codebook\src\app\app.component.ts:41:34)
    at NodeInjectorFactory.AppComponent_Factory [as factory] (ng:///AppComponent/ɵfac.js:5:10)
    at getNodeInjectable (C:\Angular project-2\codebook\node_modules\@angular\core\fesm2022\core.mjs:5323:44)
    at instantiateAllDirectives (C:\Angular project-2\codebook\node_modules\@angular\core\fesm2022\core.mjs:12562:27)
    at createDirectivesInstances (C:\Angular project-2\codebook\node_modules\@angular\core\fesm2022\core.mjs:12352:5)
    at ComponentFactory2.create (C:\Angular project-2\codebook\node_modules\@angular\core\fesm2022\core.mjs:17945:17)
    at initComponent (C:\Angular project-2\codebook\node_modules\@angular\core\fesm2022\testing.mjs:2053:51)
    at _ZoneDelegate.invoke (C:\Angular project-2\codebook\node_modules\zone.js\bundles\zone.umd.js:416:32)
    at ProxyZoneSpec.Object.<anonymous>.ProxyZoneSpec.onInvoke (C:\Angular project-2\codebook\node_modules\zone.js\bundles\zone-testing.umd.js:2177:43)
    at _ZoneDelegate.invoke (C:\Angular project-2\codebook\node_modules\zone.js\bundles\zone.umd.js:415:38)
    at Object.onInvoke (C:\Angular project-2\codebook\node_modules\@angular\core\fesm2022\core.mjs:6528:33)
    at _ZoneDelegate.invoke (C:\Angular project-2\codebook\node_modules\zone.js\bundles\zone.umd.js:415:38)
    at ZoneImpl.run (C:\Angular project-2\codebook\node_modules\zone.js\bundles\zone.umd.js:147:47)
    at NgZone.run (C:\Angular project-2\codebook\node_modules\@angular\core\fesm2022\core.mjs:6374:28)
    at _TestBedImpl.createComponent (C:\Angular project-2\codebook\node_modules\@angular\core\fesm2022\testing.mjs:2058:41)
    at Function.createComponent (C:\Angular project-2\codebook\node_modules\@angular\core\fesm2022\testing.mjs:1844:37)
    at C:\Angular project-2\codebook\src\app\app.component.spec.ts:49:23
    at Generator.next (<anonymous>)
    at fulfilled (C:\Angular project-2\codebook\node_modules\tslib\tslib.js:167:62)
    at _ZoneDelegate.invoke (C:\Angular project-2\codebook\node_modules\zone.js\bundles\zone.umd.js:416:32)
    at ProxyZoneSpec.Object.<anonymous>.ProxyZoneSpec.onInvoke (C:\Angular project-2\codebook\node_modules\zone.js\bundles\zone-testing.umd.js:2177:43)
    at _ZoneDelegate.invoke (C:\Angular project-2\codebook\node_modules\zone.js\bundles\zone.umd.js:415:38)
    at ZoneImpl.run (C:\Angular project-2\codebook\node_modules\zone.js\bundles\zone.umd.js:147:47)
    at C:\Angular project-2\codebook\node_modules\zone.js\bundles\zone.umd.js:2598:42
    at _ZoneDelegate.invokeTask (C:\Angular project-2\codebook\node_modules\zone.js\bundles\zone.umd.js:449:37)
    at ProxyZoneSpec.Object.<anonymous>.ProxyZoneSpec.onInvokeTask (C:\Angular project-2\codebook\node_modules\zone.js\bundles\zone-testing.umd.js:2208:43)
    at _ZoneDelegate.invokeTask (C:\Angular project-2\codebook\node_modules\zone.js\bundles\zone.umd.js:448:42)
    at ZoneImpl.runTask (C:\Angular project-2\codebook\node_modules\zone.js\bundles\zone.umd.js:196:51)
    at drainMicroTaskQueue (C:\Angular project-2\codebook\node_modules\zone.js\bundles\zone.umd.js:638:39)
    at processTicksAndRejections (node:internal/process/task_queues:105:5)]]></failure>
    </testCase>
    <testCase name="AppComponent computed properties sidenavWidth() should return 280px for mobile" duration="22">
      <failure message="TypeError: window.matchMedia is not a function"><![CDATA[TypeError: window.matchMedia is not a function
    at new matchMedia (C:\Angular project-2\codebook\src\app\services\dark-mode.service.ts:30:12)
    at Object.DarkModeService_Factory [as factory] (ng:///DarkModeService/ɵfac.js:5:10)
    at C:\Angular project-2\codebook\node_modules\@angular\core\fesm2022\core.mjs:2274:47
    at runInInjectorProfilerContext (C:\Angular project-2\codebook\node_modules\@angular\core\fesm2022\core.mjs:880:9)
    at R3Injector.hydrate (C:\Angular project-2\codebook\node_modules\@angular\core\fesm2022\core.mjs:2273:21)
    at R3Injector.get (C:\Angular project-2\codebook\node_modules\@angular\core\fesm2022\core.mjs:2141:33)
    at R3Injector.get (C:\Angular project-2\codebook\node_modules\@angular\core\fesm2022\core.mjs:2151:33)
    at ChainedInjector.get (C:\Angular project-2\codebook\node_modules\@angular\core\fesm2022\core.mjs:17238:36)
    at lookupTokenUsingModuleInjector (C:\Angular project-2\codebook\node_modules\@angular\core\fesm2022\core.mjs:5063:39)
    at getOrCreateInjectable (C:\Angular project-2\codebook\node_modules\@angular\core\fesm2022\core.mjs:5111:12)
    at ɵɵdirectiveInject (C:\Angular project-2\codebook\node_modules\@angular\core\fesm2022\core.mjs:17289:19)
    at ɵɵinject (C:\Angular project-2\codebook\node_modules\@angular\core\fesm2022\core.mjs:1125:42)
    at inject (C:\Angular project-2\codebook\node_modules\@angular\core\fesm2022\core.mjs:1211:12)
    at new AppComponent (C:\Angular project-2\codebook\src\app\app.component.ts:41:34)
    at NodeInjectorFactory.AppComponent_Factory [as factory] (ng:///AppComponent/ɵfac.js:5:10)
    at getNodeInjectable (C:\Angular project-2\codebook\node_modules\@angular\core\fesm2022\core.mjs:5323:44)
    at instantiateAllDirectives (C:\Angular project-2\codebook\node_modules\@angular\core\fesm2022\core.mjs:12562:27)
    at createDirectivesInstances (C:\Angular project-2\codebook\node_modules\@angular\core\fesm2022\core.mjs:12352:5)
    at ComponentFactory2.create (C:\Angular project-2\codebook\node_modules\@angular\core\fesm2022\core.mjs:17945:17)
    at initComponent (C:\Angular project-2\codebook\node_modules\@angular\core\fesm2022\testing.mjs:2053:51)
    at _ZoneDelegate.invoke (C:\Angular project-2\codebook\node_modules\zone.js\bundles\zone.umd.js:416:32)
    at ProxyZoneSpec.Object.<anonymous>.ProxyZoneSpec.onInvoke (C:\Angular project-2\codebook\node_modules\zone.js\bundles\zone-testing.umd.js:2177:43)
    at _ZoneDelegate.invoke (C:\Angular project-2\codebook\node_modules\zone.js\bundles\zone.umd.js:415:38)
    at Object.onInvoke (C:\Angular project-2\codebook\node_modules\@angular\core\fesm2022\core.mjs:6528:33)
    at _ZoneDelegate.invoke (C:\Angular project-2\codebook\node_modules\zone.js\bundles\zone.umd.js:415:38)
    at ZoneImpl.run (C:\Angular project-2\codebook\node_modules\zone.js\bundles\zone.umd.js:147:47)
    at NgZone.run (C:\Angular project-2\codebook\node_modules\@angular\core\fesm2022\core.mjs:6374:28)
    at _TestBedImpl.createComponent (C:\Angular project-2\codebook\node_modules\@angular\core\fesm2022\testing.mjs:2058:41)
    at Function.createComponent (C:\Angular project-2\codebook\node_modules\@angular\core\fesm2022\testing.mjs:1844:37)
    at C:\Angular project-2\codebook\src\app\app.component.spec.ts:49:23
    at Generator.next (<anonymous>)
    at fulfilled (C:\Angular project-2\codebook\node_modules\tslib\tslib.js:167:62)
    at _ZoneDelegate.invoke (C:\Angular project-2\codebook\node_modules\zone.js\bundles\zone.umd.js:416:32)
    at ProxyZoneSpec.Object.<anonymous>.ProxyZoneSpec.onInvoke (C:\Angular project-2\codebook\node_modules\zone.js\bundles\zone-testing.umd.js:2177:43)
    at _ZoneDelegate.invoke (C:\Angular project-2\codebook\node_modules\zone.js\bundles\zone.umd.js:415:38)
    at ZoneImpl.run (C:\Angular project-2\codebook\node_modules\zone.js\bundles\zone.umd.js:147:47)
    at C:\Angular project-2\codebook\node_modules\zone.js\bundles\zone.umd.js:2598:42
    at _ZoneDelegate.invokeTask (C:\Angular project-2\codebook\node_modules\zone.js\bundles\zone.umd.js:449:37)
    at ProxyZoneSpec.Object.<anonymous>.ProxyZoneSpec.onInvokeTask (C:\Angular project-2\codebook\node_modules\zone.js\bundles\zone-testing.umd.js:2208:43)
    at _ZoneDelegate.invokeTask (C:\Angular project-2\codebook\node_modules\zone.js\bundles\zone.umd.js:448:42)
    at ZoneImpl.runTask (C:\Angular project-2\codebook\node_modules\zone.js\bundles\zone.umd.js:196:51)
    at drainMicroTaskQueue (C:\Angular project-2\codebook\node_modules\zone.js\bundles\zone.umd.js:638:39)
    at processTicksAndRejections (node:internal/process/task_queues:105:5)]]></failure>
    </testCase>
    <testCase name="AppComponent computed properties sidenavWidth() should return 64px when collapsed on desktop" duration="15">
      <failure message="TypeError: window.matchMedia is not a function"><![CDATA[TypeError: window.matchMedia is not a function
    at new matchMedia (C:\Angular project-2\codebook\src\app\services\dark-mode.service.ts:30:12)
    at Object.DarkModeService_Factory [as factory] (ng:///DarkModeService/ɵfac.js:5:10)
    at C:\Angular project-2\codebook\node_modules\@angular\core\fesm2022\core.mjs:2274:47
    at runInInjectorProfilerContext (C:\Angular project-2\codebook\node_modules\@angular\core\fesm2022\core.mjs:880:9)
    at R3Injector.hydrate (C:\Angular project-2\codebook\node_modules\@angular\core\fesm2022\core.mjs:2273:21)
    at R3Injector.get (C:\Angular project-2\codebook\node_modules\@angular\core\fesm2022\core.mjs:2141:33)
    at R3Injector.get (C:\Angular project-2\codebook\node_modules\@angular\core\fesm2022\core.mjs:2151:33)
    at ChainedInjector.get (C:\Angular project-2\codebook\node_modules\@angular\core\fesm2022\core.mjs:17238:36)
    at lookupTokenUsingModuleInjector (C:\Angular project-2\codebook\node_modules\@angular\core\fesm2022\core.mjs:5063:39)
    at getOrCreateInjectable (C:\Angular project-2\codebook\node_modules\@angular\core\fesm2022\core.mjs:5111:12)
    at ɵɵdirectiveInject (C:\Angular project-2\codebook\node_modules\@angular\core\fesm2022\core.mjs:17289:19)
    at ɵɵinject (C:\Angular project-2\codebook\node_modules\@angular\core\fesm2022\core.mjs:1125:42)
    at inject (C:\Angular project-2\codebook\node_modules\@angular\core\fesm2022\core.mjs:1211:12)
    at new AppComponent (C:\Angular project-2\codebook\src\app\app.component.ts:41:34)
    at NodeInjectorFactory.AppComponent_Factory [as factory] (ng:///AppComponent/ɵfac.js:5:10)
    at getNodeInjectable (C:\Angular project-2\codebook\node_modules\@angular\core\fesm2022\core.mjs:5323:44)
    at instantiateAllDirectives (C:\Angular project-2\codebook\node_modules\@angular\core\fesm2022\core.mjs:12562:27)
    at createDirectivesInstances (C:\Angular project-2\codebook\node_modules\@angular\core\fesm2022\core.mjs:12352:5)
    at ComponentFactory2.create (C:\Angular project-2\codebook\node_modules\@angular\core\fesm2022\core.mjs:17945:17)
    at initComponent (C:\Angular project-2\codebook\node_modules\@angular\core\fesm2022\testing.mjs:2053:51)
    at _ZoneDelegate.invoke (C:\Angular project-2\codebook\node_modules\zone.js\bundles\zone.umd.js:416:32)
    at ProxyZoneSpec.Object.<anonymous>.ProxyZoneSpec.onInvoke (C:\Angular project-2\codebook\node_modules\zone.js\bundles\zone-testing.umd.js:2177:43)
    at _ZoneDelegate.invoke (C:\Angular project-2\codebook\node_modules\zone.js\bundles\zone.umd.js:415:38)
    at Object.onInvoke (C:\Angular project-2\codebook\node_modules\@angular\core\fesm2022\core.mjs:6528:33)
    at _ZoneDelegate.invoke (C:\Angular project-2\codebook\node_modules\zone.js\bundles\zone.umd.js:415:38)
    at ZoneImpl.run (C:\Angular project-2\codebook\node_modules\zone.js\bundles\zone.umd.js:147:47)
    at NgZone.run (C:\Angular project-2\codebook\node_modules\@angular\core\fesm2022\core.mjs:6374:28)
    at _TestBedImpl.createComponent (C:\Angular project-2\codebook\node_modules\@angular\core\fesm2022\testing.mjs:2058:41)
    at Function.createComponent (C:\Angular project-2\codebook\node_modules\@angular\core\fesm2022\testing.mjs:1844:37)
    at C:\Angular project-2\codebook\src\app\app.component.spec.ts:49:23
    at Generator.next (<anonymous>)
    at fulfilled (C:\Angular project-2\codebook\node_modules\tslib\tslib.js:167:62)
    at _ZoneDelegate.invoke (C:\Angular project-2\codebook\node_modules\zone.js\bundles\zone.umd.js:416:32)
    at ProxyZoneSpec.Object.<anonymous>.ProxyZoneSpec.onInvoke (C:\Angular project-2\codebook\node_modules\zone.js\bundles\zone-testing.umd.js:2177:43)
    at _ZoneDelegate.invoke (C:\Angular project-2\codebook\node_modules\zone.js\bundles\zone.umd.js:415:38)
    at ZoneImpl.run (C:\Angular project-2\codebook\node_modules\zone.js\bundles\zone.umd.js:147:47)
    at C:\Angular project-2\codebook\node_modules\zone.js\bundles\zone.umd.js:2598:42
    at _ZoneDelegate.invokeTask (C:\Angular project-2\codebook\node_modules\zone.js\bundles\zone.umd.js:449:37)
    at ProxyZoneSpec.Object.<anonymous>.ProxyZoneSpec.onInvokeTask (C:\Angular project-2\codebook\node_modules\zone.js\bundles\zone-testing.umd.js:2208:43)
    at _ZoneDelegate.invokeTask (C:\Angular project-2\codebook\node_modules\zone.js\bundles\zone.umd.js:448:42)
    at ZoneImpl.runTask (C:\Angular project-2\codebook\node_modules\zone.js\bundles\zone.umd.js:196:51)
    at drainMicroTaskQueue (C:\Angular project-2\codebook\node_modules\zone.js\bundles\zone.umd.js:638:39)
    at processTicksAndRejections (node:internal/process/task_queues:105:5)]]></failure>
    </testCase>
    <testCase name="AppComponent computed properties sidenavWidth() should return 200px when not collapsed on desktop" duration="18">
      <failure message="TypeError: window.matchMedia is not a function"><![CDATA[TypeError: window.matchMedia is not a function
    at new matchMedia (C:\Angular project-2\codebook\src\app\services\dark-mode.service.ts:30:12)
    at Object.DarkModeService_Factory [as factory] (ng:///DarkModeService/ɵfac.js:5:10)
    at C:\Angular project-2\codebook\node_modules\@angular\core\fesm2022\core.mjs:2274:47
    at runInInjectorProfilerContext (C:\Angular project-2\codebook\node_modules\@angular\core\fesm2022\core.mjs:880:9)
    at R3Injector.hydrate (C:\Angular project-2\codebook\node_modules\@angular\core\fesm2022\core.mjs:2273:21)
    at R3Injector.get (C:\Angular project-2\codebook\node_modules\@angular\core\fesm2022\core.mjs:2141:33)
    at R3Injector.get (C:\Angular project-2\codebook\node_modules\@angular\core\fesm2022\core.mjs:2151:33)
    at ChainedInjector.get (C:\Angular project-2\codebook\node_modules\@angular\core\fesm2022\core.mjs:17238:36)
    at lookupTokenUsingModuleInjector (C:\Angular project-2\codebook\node_modules\@angular\core\fesm2022\core.mjs:5063:39)
    at getOrCreateInjectable (C:\Angular project-2\codebook\node_modules\@angular\core\fesm2022\core.mjs:5111:12)
    at ɵɵdirectiveInject (C:\Angular project-2\codebook\node_modules\@angular\core\fesm2022\core.mjs:17289:19)
    at ɵɵinject (C:\Angular project-2\codebook\node_modules\@angular\core\fesm2022\core.mjs:1125:42)
    at inject (C:\Angular project-2\codebook\node_modules\@angular\core\fesm2022\core.mjs:1211:12)
    at new AppComponent (C:\Angular project-2\codebook\src\app\app.component.ts:41:34)
    at NodeInjectorFactory.AppComponent_Factory [as factory] (ng:///AppComponent/ɵfac.js:5:10)
    at getNodeInjectable (C:\Angular project-2\codebook\node_modules\@angular\core\fesm2022\core.mjs:5323:44)
    at instantiateAllDirectives (C:\Angular project-2\codebook\node_modules\@angular\core\fesm2022\core.mjs:12562:27)
    at createDirectivesInstances (C:\Angular project-2\codebook\node_modules\@angular\core\fesm2022\core.mjs:12352:5)
    at ComponentFactory2.create (C:\Angular project-2\codebook\node_modules\@angular\core\fesm2022\core.mjs:17945:17)
    at initComponent (C:\Angular project-2\codebook\node_modules\@angular\core\fesm2022\testing.mjs:2053:51)
    at _ZoneDelegate.invoke (C:\Angular project-2\codebook\node_modules\zone.js\bundles\zone.umd.js:416:32)
    at ProxyZoneSpec.Object.<anonymous>.ProxyZoneSpec.onInvoke (C:\Angular project-2\codebook\node_modules\zone.js\bundles\zone-testing.umd.js:2177:43)
    at _ZoneDelegate.invoke (C:\Angular project-2\codebook\node_modules\zone.js\bundles\zone.umd.js:415:38)
    at Object.onInvoke (C:\Angular project-2\codebook\node_modules\@angular\core\fesm2022\core.mjs:6528:33)
    at _ZoneDelegate.invoke (C:\Angular project-2\codebook\node_modules\zone.js\bundles\zone.umd.js:415:38)
    at ZoneImpl.run (C:\Angular project-2\codebook\node_modules\zone.js\bundles\zone.umd.js:147:47)
    at NgZone.run (C:\Angular project-2\codebook\node_modules\@angular\core\fesm2022\core.mjs:6374:28)
    at _TestBedImpl.createComponent (C:\Angular project-2\codebook\node_modules\@angular\core\fesm2022\testing.mjs:2058:41)
    at Function.createComponent (C:\Angular project-2\codebook\node_modules\@angular\core\fesm2022\testing.mjs:1844:37)
    at C:\Angular project-2\codebook\src\app\app.component.spec.ts:49:23
    at Generator.next (<anonymous>)
    at fulfilled (C:\Angular project-2\codebook\node_modules\tslib\tslib.js:167:62)
    at _ZoneDelegate.invoke (C:\Angular project-2\codebook\node_modules\zone.js\bundles\zone.umd.js:416:32)
    at ProxyZoneSpec.Object.<anonymous>.ProxyZoneSpec.onInvoke (C:\Angular project-2\codebook\node_modules\zone.js\bundles\zone-testing.umd.js:2177:43)
    at _ZoneDelegate.invoke (C:\Angular project-2\codebook\node_modules\zone.js\bundles\zone.umd.js:415:38)
    at ZoneImpl.run (C:\Angular project-2\codebook\node_modules\zone.js\bundles\zone.umd.js:147:47)
    at C:\Angular project-2\codebook\node_modules\zone.js\bundles\zone.umd.js:2598:42
    at _ZoneDelegate.invokeTask (C:\Angular project-2\codebook\node_modules\zone.js\bundles\zone.umd.js:449:37)
    at ProxyZoneSpec.Object.<anonymous>.ProxyZoneSpec.onInvokeTask (C:\Angular project-2\codebook\node_modules\zone.js\bundles\zone-testing.umd.js:2208:43)
    at _ZoneDelegate.invokeTask (C:\Angular project-2\codebook\node_modules\zone.js\bundles\zone.umd.js:448:42)
    at ZoneImpl.runTask (C:\Angular project-2\codebook\node_modules\zone.js\bundles\zone.umd.js:196:51)
    at drainMicroTaskQueue (C:\Angular project-2\codebook\node_modules\zone.js\bundles\zone.umd.js:638:39)
    at processTicksAndRejections (node:internal/process/task_queues:105:5)]]></failure>
    </testCase>
    <testCase name="AppComponent computed properties sidenavMode() should return &quot;over&quot; for mobile" duration="20">
      <failure message="TypeError: window.matchMedia is not a function"><![CDATA[TypeError: window.matchMedia is not a function
    at new matchMedia (C:\Angular project-2\codebook\src\app\services\dark-mode.service.ts:30:12)
    at Object.DarkModeService_Factory [as factory] (ng:///DarkModeService/ɵfac.js:5:10)
    at C:\Angular project-2\codebook\node_modules\@angular\core\fesm2022\core.mjs:2274:47
    at runInInjectorProfilerContext (C:\Angular project-2\codebook\node_modules\@angular\core\fesm2022\core.mjs:880:9)
    at R3Injector.hydrate (C:\Angular project-2\codebook\node_modules\@angular\core\fesm2022\core.mjs:2273:21)
    at R3Injector.get (C:\Angular project-2\codebook\node_modules\@angular\core\fesm2022\core.mjs:2141:33)
    at R3Injector.get (C:\Angular project-2\codebook\node_modules\@angular\core\fesm2022\core.mjs:2151:33)
    at ChainedInjector.get (C:\Angular project-2\codebook\node_modules\@angular\core\fesm2022\core.mjs:17238:36)
    at lookupTokenUsingModuleInjector (C:\Angular project-2\codebook\node_modules\@angular\core\fesm2022\core.mjs:5063:39)
    at getOrCreateInjectable (C:\Angular project-2\codebook\node_modules\@angular\core\fesm2022\core.mjs:5111:12)
    at ɵɵdirectiveInject (C:\Angular project-2\codebook\node_modules\@angular\core\fesm2022\core.mjs:17289:19)
    at ɵɵinject (C:\Angular project-2\codebook\node_modules\@angular\core\fesm2022\core.mjs:1125:42)
    at inject (C:\Angular project-2\codebook\node_modules\@angular\core\fesm2022\core.mjs:1211:12)
    at new AppComponent (C:\Angular project-2\codebook\src\app\app.component.ts:41:34)
    at NodeInjectorFactory.AppComponent_Factory [as factory] (ng:///AppComponent/ɵfac.js:5:10)
    at getNodeInjectable (C:\Angular project-2\codebook\node_modules\@angular\core\fesm2022\core.mjs:5323:44)
    at instantiateAllDirectives (C:\Angular project-2\codebook\node_modules\@angular\core\fesm2022\core.mjs:12562:27)
    at createDirectivesInstances (C:\Angular project-2\codebook\node_modules\@angular\core\fesm2022\core.mjs:12352:5)
    at ComponentFactory2.create (C:\Angular project-2\codebook\node_modules\@angular\core\fesm2022\core.mjs:17945:17)
    at initComponent (C:\Angular project-2\codebook\node_modules\@angular\core\fesm2022\testing.mjs:2053:51)
    at _ZoneDelegate.invoke (C:\Angular project-2\codebook\node_modules\zone.js\bundles\zone.umd.js:416:32)
    at ProxyZoneSpec.Object.<anonymous>.ProxyZoneSpec.onInvoke (C:\Angular project-2\codebook\node_modules\zone.js\bundles\zone-testing.umd.js:2177:43)
    at _ZoneDelegate.invoke (C:\Angular project-2\codebook\node_modules\zone.js\bundles\zone.umd.js:415:38)
    at Object.onInvoke (C:\Angular project-2\codebook\node_modules\@angular\core\fesm2022\core.mjs:6528:33)
    at _ZoneDelegate.invoke (C:\Angular project-2\codebook\node_modules\zone.js\bundles\zone.umd.js:415:38)
    at ZoneImpl.run (C:\Angular project-2\codebook\node_modules\zone.js\bundles\zone.umd.js:147:47)
    at NgZone.run (C:\Angular project-2\codebook\node_modules\@angular\core\fesm2022\core.mjs:6374:28)
    at _TestBedImpl.createComponent (C:\Angular project-2\codebook\node_modules\@angular\core\fesm2022\testing.mjs:2058:41)
    at Function.createComponent (C:\Angular project-2\codebook\node_modules\@angular\core\fesm2022\testing.mjs:1844:37)
    at C:\Angular project-2\codebook\src\app\app.component.spec.ts:49:23
    at Generator.next (<anonymous>)
    at fulfilled (C:\Angular project-2\codebook\node_modules\tslib\tslib.js:167:62)
    at _ZoneDelegate.invoke (C:\Angular project-2\codebook\node_modules\zone.js\bundles\zone.umd.js:416:32)
    at ProxyZoneSpec.Object.<anonymous>.ProxyZoneSpec.onInvoke (C:\Angular project-2\codebook\node_modules\zone.js\bundles\zone-testing.umd.js:2177:43)
    at _ZoneDelegate.invoke (C:\Angular project-2\codebook\node_modules\zone.js\bundles\zone.umd.js:415:38)
    at ZoneImpl.run (C:\Angular project-2\codebook\node_modules\zone.js\bundles\zone.umd.js:147:47)
    at C:\Angular project-2\codebook\node_modules\zone.js\bundles\zone.umd.js:2598:42
    at _ZoneDelegate.invokeTask (C:\Angular project-2\codebook\node_modules\zone.js\bundles\zone.umd.js:449:37)
    at ProxyZoneSpec.Object.<anonymous>.ProxyZoneSpec.onInvokeTask (C:\Angular project-2\codebook\node_modules\zone.js\bundles\zone-testing.umd.js:2208:43)
    at _ZoneDelegate.invokeTask (C:\Angular project-2\codebook\node_modules\zone.js\bundles\zone.umd.js:448:42)
    at ZoneImpl.runTask (C:\Angular project-2\codebook\node_modules\zone.js\bundles\zone.umd.js:196:51)
    at drainMicroTaskQueue (C:\Angular project-2\codebook\node_modules\zone.js\bundles\zone.umd.js:638:39)
    at processTicksAndRejections (node:internal/process/task_queues:105:5)]]></failure>
    </testCase>
    <testCase name="AppComponent computed properties sidenavMode() should return &quot;side&quot; for desktop" duration="18">
      <failure message="TypeError: window.matchMedia is not a function"><![CDATA[TypeError: window.matchMedia is not a function
    at new matchMedia (C:\Angular project-2\codebook\src\app\services\dark-mode.service.ts:30:12)
    at Object.DarkModeService_Factory [as factory] (ng:///DarkModeService/ɵfac.js:5:10)
    at C:\Angular project-2\codebook\node_modules\@angular\core\fesm2022\core.mjs:2274:47
    at runInInjectorProfilerContext (C:\Angular project-2\codebook\node_modules\@angular\core\fesm2022\core.mjs:880:9)
    at R3Injector.hydrate (C:\Angular project-2\codebook\node_modules\@angular\core\fesm2022\core.mjs:2273:21)
    at R3Injector.get (C:\Angular project-2\codebook\node_modules\@angular\core\fesm2022\core.mjs:2141:33)
    at R3Injector.get (C:\Angular project-2\codebook\node_modules\@angular\core\fesm2022\core.mjs:2151:33)
    at ChainedInjector.get (C:\Angular project-2\codebook\node_modules\@angular\core\fesm2022\core.mjs:17238:36)
    at lookupTokenUsingModuleInjector (C:\Angular project-2\codebook\node_modules\@angular\core\fesm2022\core.mjs:5063:39)
    at getOrCreateInjectable (C:\Angular project-2\codebook\node_modules\@angular\core\fesm2022\core.mjs:5111:12)
    at ɵɵdirectiveInject (C:\Angular project-2\codebook\node_modules\@angular\core\fesm2022\core.mjs:17289:19)
    at ɵɵinject (C:\Angular project-2\codebook\node_modules\@angular\core\fesm2022\core.mjs:1125:42)
    at inject (C:\Angular project-2\codebook\node_modules\@angular\core\fesm2022\core.mjs:1211:12)
    at new AppComponent (C:\Angular project-2\codebook\src\app\app.component.ts:41:34)
    at NodeInjectorFactory.AppComponent_Factory [as factory] (ng:///AppComponent/ɵfac.js:5:10)
    at getNodeInjectable (C:\Angular project-2\codebook\node_modules\@angular\core\fesm2022\core.mjs:5323:44)
    at instantiateAllDirectives (C:\Angular project-2\codebook\node_modules\@angular\core\fesm2022\core.mjs:12562:27)
    at createDirectivesInstances (C:\Angular project-2\codebook\node_modules\@angular\core\fesm2022\core.mjs:12352:5)
    at ComponentFactory2.create (C:\Angular project-2\codebook\node_modules\@angular\core\fesm2022\core.mjs:17945:17)
    at initComponent (C:\Angular project-2\codebook\node_modules\@angular\core\fesm2022\testing.mjs:2053:51)
    at _ZoneDelegate.invoke (C:\Angular project-2\codebook\node_modules\zone.js\bundles\zone.umd.js:416:32)
    at ProxyZoneSpec.Object.<anonymous>.ProxyZoneSpec.onInvoke (C:\Angular project-2\codebook\node_modules\zone.js\bundles\zone-testing.umd.js:2177:43)
    at _ZoneDelegate.invoke (C:\Angular project-2\codebook\node_modules\zone.js\bundles\zone.umd.js:415:38)
    at Object.onInvoke (C:\Angular project-2\codebook\node_modules\@angular\core\fesm2022\core.mjs:6528:33)
    at _ZoneDelegate.invoke (C:\Angular project-2\codebook\node_modules\zone.js\bundles\zone.umd.js:415:38)
    at ZoneImpl.run (C:\Angular project-2\codebook\node_modules\zone.js\bundles\zone.umd.js:147:47)
    at NgZone.run (C:\Angular project-2\codebook\node_modules\@angular\core\fesm2022\core.mjs:6374:28)
    at _TestBedImpl.createComponent (C:\Angular project-2\codebook\node_modules\@angular\core\fesm2022\testing.mjs:2058:41)
    at Function.createComponent (C:\Angular project-2\codebook\node_modules\@angular\core\fesm2022\testing.mjs:1844:37)
    at C:\Angular project-2\codebook\src\app\app.component.spec.ts:49:23
    at Generator.next (<anonymous>)
    at fulfilled (C:\Angular project-2\codebook\node_modules\tslib\tslib.js:167:62)
    at _ZoneDelegate.invoke (C:\Angular project-2\codebook\node_modules\zone.js\bundles\zone.umd.js:416:32)
    at ProxyZoneSpec.Object.<anonymous>.ProxyZoneSpec.onInvoke (C:\Angular project-2\codebook\node_modules\zone.js\bundles\zone-testing.umd.js:2177:43)
    at _ZoneDelegate.invoke (C:\Angular project-2\codebook\node_modules\zone.js\bundles\zone.umd.js:415:38)
    at ZoneImpl.run (C:\Angular project-2\codebook\node_modules\zone.js\bundles\zone.umd.js:147:47)
    at C:\Angular project-2\codebook\node_modules\zone.js\bundles\zone.umd.js:2598:42
    at _ZoneDelegate.invokeTask (C:\Angular project-2\codebook\node_modules\zone.js\bundles\zone.umd.js:449:37)
    at ProxyZoneSpec.Object.<anonymous>.ProxyZoneSpec.onInvokeTask (C:\Angular project-2\codebook\node_modules\zone.js\bundles\zone-testing.umd.js:2208:43)
    at _ZoneDelegate.invokeTask (C:\Angular project-2\codebook\node_modules\zone.js\bundles\zone.umd.js:448:42)
    at ZoneImpl.runTask (C:\Angular project-2\codebook\node_modules\zone.js\bundles\zone.umd.js:196:51)
    at drainMicroTaskQueue (C:\Angular project-2\codebook\node_modules\zone.js\bundles\zone.umd.js:638:39)
    at processTicksAndRejections (node:internal/process/task_queues:105:5)]]></failure>
    </testCase>
    <testCase name="AppComponent computed properties sidenavOpened() should return true for desktop regardless of collapsed state" duration="14">
      <failure message="TypeError: window.matchMedia is not a function"><![CDATA[TypeError: window.matchMedia is not a function
    at new matchMedia (C:\Angular project-2\codebook\src\app\services\dark-mode.service.ts:30:12)
    at Object.DarkModeService_Factory [as factory] (ng:///DarkModeService/ɵfac.js:5:10)
    at C:\Angular project-2\codebook\node_modules\@angular\core\fesm2022\core.mjs:2274:47
    at runInInjectorProfilerContext (C:\Angular project-2\codebook\node_modules\@angular\core\fesm2022\core.mjs:880:9)
    at R3Injector.hydrate (C:\Angular project-2\codebook\node_modules\@angular\core\fesm2022\core.mjs:2273:21)
    at R3Injector.get (C:\Angular project-2\codebook\node_modules\@angular\core\fesm2022\core.mjs:2141:33)
    at R3Injector.get (C:\Angular project-2\codebook\node_modules\@angular\core\fesm2022\core.mjs:2151:33)
    at ChainedInjector.get (C:\Angular project-2\codebook\node_modules\@angular\core\fesm2022\core.mjs:17238:36)
    at lookupTokenUsingModuleInjector (C:\Angular project-2\codebook\node_modules\@angular\core\fesm2022\core.mjs:5063:39)
    at getOrCreateInjectable (C:\Angular project-2\codebook\node_modules\@angular\core\fesm2022\core.mjs:5111:12)
    at ɵɵdirectiveInject (C:\Angular project-2\codebook\node_modules\@angular\core\fesm2022\core.mjs:17289:19)
    at ɵɵinject (C:\Angular project-2\codebook\node_modules\@angular\core\fesm2022\core.mjs:1125:42)
    at inject (C:\Angular project-2\codebook\node_modules\@angular\core\fesm2022\core.mjs:1211:12)
    at new AppComponent (C:\Angular project-2\codebook\src\app\app.component.ts:41:34)
    at NodeInjectorFactory.AppComponent_Factory [as factory] (ng:///AppComponent/ɵfac.js:5:10)
    at getNodeInjectable (C:\Angular project-2\codebook\node_modules\@angular\core\fesm2022\core.mjs:5323:44)
    at instantiateAllDirectives (C:\Angular project-2\codebook\node_modules\@angular\core\fesm2022\core.mjs:12562:27)
    at createDirectivesInstances (C:\Angular project-2\codebook\node_modules\@angular\core\fesm2022\core.mjs:12352:5)
    at ComponentFactory2.create (C:\Angular project-2\codebook\node_modules\@angular\core\fesm2022\core.mjs:17945:17)
    at initComponent (C:\Angular project-2\codebook\node_modules\@angular\core\fesm2022\testing.mjs:2053:51)
    at _ZoneDelegate.invoke (C:\Angular project-2\codebook\node_modules\zone.js\bundles\zone.umd.js:416:32)
    at ProxyZoneSpec.Object.<anonymous>.ProxyZoneSpec.onInvoke (C:\Angular project-2\codebook\node_modules\zone.js\bundles\zone-testing.umd.js:2177:43)
    at _ZoneDelegate.invoke (C:\Angular project-2\codebook\node_modules\zone.js\bundles\zone.umd.js:415:38)
    at Object.onInvoke (C:\Angular project-2\codebook\node_modules\@angular\core\fesm2022\core.mjs:6528:33)
    at _ZoneDelegate.invoke (C:\Angular project-2\codebook\node_modules\zone.js\bundles\zone.umd.js:415:38)
    at ZoneImpl.run (C:\Angular project-2\codebook\node_modules\zone.js\bundles\zone.umd.js:147:47)
    at NgZone.run (C:\Angular project-2\codebook\node_modules\@angular\core\fesm2022\core.mjs:6374:28)
    at _TestBedImpl.createComponent (C:\Angular project-2\codebook\node_modules\@angular\core\fesm2022\testing.mjs:2058:41)
    at Function.createComponent (C:\Angular project-2\codebook\node_modules\@angular\core\fesm2022\testing.mjs:1844:37)
    at C:\Angular project-2\codebook\src\app\app.component.spec.ts:49:23
    at Generator.next (<anonymous>)
    at fulfilled (C:\Angular project-2\codebook\node_modules\tslib\tslib.js:167:62)
    at _ZoneDelegate.invoke (C:\Angular project-2\codebook\node_modules\zone.js\bundles\zone.umd.js:416:32)
    at ProxyZoneSpec.Object.<anonymous>.ProxyZoneSpec.onInvoke (C:\Angular project-2\codebook\node_modules\zone.js\bundles\zone-testing.umd.js:2177:43)
    at _ZoneDelegate.invoke (C:\Angular project-2\codebook\node_modules\zone.js\bundles\zone.umd.js:415:38)
    at ZoneImpl.run (C:\Angular project-2\codebook\node_modules\zone.js\bundles\zone.umd.js:147:47)
    at C:\Angular project-2\codebook\node_modules\zone.js\bundles\zone.umd.js:2598:42
    at _ZoneDelegate.invokeTask (C:\Angular project-2\codebook\node_modules\zone.js\bundles\zone.umd.js:449:37)
    at ProxyZoneSpec.Object.<anonymous>.ProxyZoneSpec.onInvokeTask (C:\Angular project-2\codebook\node_modules\zone.js\bundles\zone-testing.umd.js:2208:43)
    at _ZoneDelegate.invokeTask (C:\Angular project-2\codebook\node_modules\zone.js\bundles\zone.umd.js:448:42)
    at ZoneImpl.runTask (C:\Angular project-2\codebook\node_modules\zone.js\bundles\zone.umd.js:196:51)
    at drainMicroTaskQueue (C:\Angular project-2\codebook\node_modules\zone.js\bundles\zone.umd.js:638:39)
    at processTicksAndRejections (node:internal/process/task_queues:105:5)]]></failure>
    </testCase>
    <testCase name="AppComponent computed properties sidenavOpened() should return false when collapsed on mobile" duration="16">
      <failure message="TypeError: window.matchMedia is not a function"><![CDATA[TypeError: window.matchMedia is not a function
    at new matchMedia (C:\Angular project-2\codebook\src\app\services\dark-mode.service.ts:30:12)
    at Object.DarkModeService_Factory [as factory] (ng:///DarkModeService/ɵfac.js:5:10)
    at C:\Angular project-2\codebook\node_modules\@angular\core\fesm2022\core.mjs:2274:47
    at runInInjectorProfilerContext (C:\Angular project-2\codebook\node_modules\@angular\core\fesm2022\core.mjs:880:9)
    at R3Injector.hydrate (C:\Angular project-2\codebook\node_modules\@angular\core\fesm2022\core.mjs:2273:21)
    at R3Injector.get (C:\Angular project-2\codebook\node_modules\@angular\core\fesm2022\core.mjs:2141:33)
    at R3Injector.get (C:\Angular project-2\codebook\node_modules\@angular\core\fesm2022\core.mjs:2151:33)
    at ChainedInjector.get (C:\Angular project-2\codebook\node_modules\@angular\core\fesm2022\core.mjs:17238:36)
    at lookupTokenUsingModuleInjector (C:\Angular project-2\codebook\node_modules\@angular\core\fesm2022\core.mjs:5063:39)
    at getOrCreateInjectable (C:\Angular project-2\codebook\node_modules\@angular\core\fesm2022\core.mjs:5111:12)
    at ɵɵdirectiveInject (C:\Angular project-2\codebook\node_modules\@angular\core\fesm2022\core.mjs:17289:19)
    at ɵɵinject (C:\Angular project-2\codebook\node_modules\@angular\core\fesm2022\core.mjs:1125:42)
    at inject (C:\Angular project-2\codebook\node_modules\@angular\core\fesm2022\core.mjs:1211:12)
    at new AppComponent (C:\Angular project-2\codebook\src\app\app.component.ts:41:34)
    at NodeInjectorFactory.AppComponent_Factory [as factory] (ng:///AppComponent/ɵfac.js:5:10)
    at getNodeInjectable (C:\Angular project-2\codebook\node_modules\@angular\core\fesm2022\core.mjs:5323:44)
    at instantiateAllDirectives (C:\Angular project-2\codebook\node_modules\@angular\core\fesm2022\core.mjs:12562:27)
    at createDirectivesInstances (C:\Angular project-2\codebook\node_modules\@angular\core\fesm2022\core.mjs:12352:5)
    at ComponentFactory2.create (C:\Angular project-2\codebook\node_modules\@angular\core\fesm2022\core.mjs:17945:17)
    at initComponent (C:\Angular project-2\codebook\node_modules\@angular\core\fesm2022\testing.mjs:2053:51)
    at _ZoneDelegate.invoke (C:\Angular project-2\codebook\node_modules\zone.js\bundles\zone.umd.js:416:32)
    at ProxyZoneSpec.Object.<anonymous>.ProxyZoneSpec.onInvoke (C:\Angular project-2\codebook\node_modules\zone.js\bundles\zone-testing.umd.js:2177:43)
    at _ZoneDelegate.invoke (C:\Angular project-2\codebook\node_modules\zone.js\bundles\zone.umd.js:415:38)
    at Object.onInvoke (C:\Angular project-2\codebook\node_modules\@angular\core\fesm2022\core.mjs:6528:33)
    at _ZoneDelegate.invoke (C:\Angular project-2\codebook\node_modules\zone.js\bundles\zone.umd.js:415:38)
    at ZoneImpl.run (C:\Angular project-2\codebook\node_modules\zone.js\bundles\zone.umd.js:147:47)
    at NgZone.run (C:\Angular project-2\codebook\node_modules\@angular\core\fesm2022\core.mjs:6374:28)
    at _TestBedImpl.createComponent (C:\Angular project-2\codebook\node_modules\@angular\core\fesm2022\testing.mjs:2058:41)
    at Function.createComponent (C:\Angular project-2\codebook\node_modules\@angular\core\fesm2022\testing.mjs:1844:37)
    at C:\Angular project-2\codebook\src\app\app.component.spec.ts:49:23
    at Generator.next (<anonymous>)
    at fulfilled (C:\Angular project-2\codebook\node_modules\tslib\tslib.js:167:62)
    at _ZoneDelegate.invoke (C:\Angular project-2\codebook\node_modules\zone.js\bundles\zone.umd.js:416:32)
    at ProxyZoneSpec.Object.<anonymous>.ProxyZoneSpec.onInvoke (C:\Angular project-2\codebook\node_modules\zone.js\bundles\zone-testing.umd.js:2177:43)
    at _ZoneDelegate.invoke (C:\Angular project-2\codebook\node_modules\zone.js\bundles\zone.umd.js:415:38)
    at ZoneImpl.run (C:\Angular project-2\codebook\node_modules\zone.js\bundles\zone.umd.js:147:47)
    at C:\Angular project-2\codebook\node_modules\zone.js\bundles\zone.umd.js:2598:42
    at _ZoneDelegate.invokeTask (C:\Angular project-2\codebook\node_modules\zone.js\bundles\zone.umd.js:449:37)
    at ProxyZoneSpec.Object.<anonymous>.ProxyZoneSpec.onInvokeTask (C:\Angular project-2\codebook\node_modules\zone.js\bundles\zone-testing.umd.js:2208:43)
    at _ZoneDelegate.invokeTask (C:\Angular project-2\codebook\node_modules\zone.js\bundles\zone.umd.js:448:42)
    at ZoneImpl.runTask (C:\Angular project-2\codebook\node_modules\zone.js\bundles\zone.umd.js:196:51)
    at drainMicroTaskQueue (C:\Angular project-2\codebook\node_modules\zone.js\bundles\zone.umd.js:638:39)
    at processTicksAndRejections (node:internal/process/task_queues:105:5)]]></failure>
    </testCase>
    <testCase name="AppComponent computed properties sidenavOpened() should return true when not collapsed on mobile" duration="11">
      <failure message="TypeError: window.matchMedia is not a function"><![CDATA[TypeError: window.matchMedia is not a function
    at new matchMedia (C:\Angular project-2\codebook\src\app\services\dark-mode.service.ts:30:12)
    at Object.DarkModeService_Factory [as factory] (ng:///DarkModeService/ɵfac.js:5:10)
    at C:\Angular project-2\codebook\node_modules\@angular\core\fesm2022\core.mjs:2274:47
    at runInInjectorProfilerContext (C:\Angular project-2\codebook\node_modules\@angular\core\fesm2022\core.mjs:880:9)
    at R3Injector.hydrate (C:\Angular project-2\codebook\node_modules\@angular\core\fesm2022\core.mjs:2273:21)
    at R3Injector.get (C:\Angular project-2\codebook\node_modules\@angular\core\fesm2022\core.mjs:2141:33)
    at R3Injector.get (C:\Angular project-2\codebook\node_modules\@angular\core\fesm2022\core.mjs:2151:33)
    at ChainedInjector.get (C:\Angular project-2\codebook\node_modules\@angular\core\fesm2022\core.mjs:17238:36)
    at lookupTokenUsingModuleInjector (C:\Angular project-2\codebook\node_modules\@angular\core\fesm2022\core.mjs:5063:39)
    at getOrCreateInjectable (C:\Angular project-2\codebook\node_modules\@angular\core\fesm2022\core.mjs:5111:12)
    at ɵɵdirectiveInject (C:\Angular project-2\codebook\node_modules\@angular\core\fesm2022\core.mjs:17289:19)
    at ɵɵinject (C:\Angular project-2\codebook\node_modules\@angular\core\fesm2022\core.mjs:1125:42)
    at inject (C:\Angular project-2\codebook\node_modules\@angular\core\fesm2022\core.mjs:1211:12)
    at new AppComponent (C:\Angular project-2\codebook\src\app\app.component.ts:41:34)
    at NodeInjectorFactory.AppComponent_Factory [as factory] (ng:///AppComponent/ɵfac.js:5:10)
    at getNodeInjectable (C:\Angular project-2\codebook\node_modules\@angular\core\fesm2022\core.mjs:5323:44)
    at instantiateAllDirectives (C:\Angular project-2\codebook\node_modules\@angular\core\fesm2022\core.mjs:12562:27)
    at createDirectivesInstances (C:\Angular project-2\codebook\node_modules\@angular\core\fesm2022\core.mjs:12352:5)
    at ComponentFactory2.create (C:\Angular project-2\codebook\node_modules\@angular\core\fesm2022\core.mjs:17945:17)
    at initComponent (C:\Angular project-2\codebook\node_modules\@angular\core\fesm2022\testing.mjs:2053:51)
    at _ZoneDelegate.invoke (C:\Angular project-2\codebook\node_modules\zone.js\bundles\zone.umd.js:416:32)
    at ProxyZoneSpec.Object.<anonymous>.ProxyZoneSpec.onInvoke (C:\Angular project-2\codebook\node_modules\zone.js\bundles\zone-testing.umd.js:2177:43)
    at _ZoneDelegate.invoke (C:\Angular project-2\codebook\node_modules\zone.js\bundles\zone.umd.js:415:38)
    at Object.onInvoke (C:\Angular project-2\codebook\node_modules\@angular\core\fesm2022\core.mjs:6528:33)
    at _ZoneDelegate.invoke (C:\Angular project-2\codebook\node_modules\zone.js\bundles\zone.umd.js:415:38)
    at ZoneImpl.run (C:\Angular project-2\codebook\node_modules\zone.js\bundles\zone.umd.js:147:47)
    at NgZone.run (C:\Angular project-2\codebook\node_modules\@angular\core\fesm2022\core.mjs:6374:28)
    at _TestBedImpl.createComponent (C:\Angular project-2\codebook\node_modules\@angular\core\fesm2022\testing.mjs:2058:41)
    at Function.createComponent (C:\Angular project-2\codebook\node_modules\@angular\core\fesm2022\testing.mjs:1844:37)
    at C:\Angular project-2\codebook\src\app\app.component.spec.ts:49:23
    at Generator.next (<anonymous>)
    at fulfilled (C:\Angular project-2\codebook\node_modules\tslib\tslib.js:167:62)
    at _ZoneDelegate.invoke (C:\Angular project-2\codebook\node_modules\zone.js\bundles\zone.umd.js:416:32)
    at ProxyZoneSpec.Object.<anonymous>.ProxyZoneSpec.onInvoke (C:\Angular project-2\codebook\node_modules\zone.js\bundles\zone-testing.umd.js:2177:43)
    at _ZoneDelegate.invoke (C:\Angular project-2\codebook\node_modules\zone.js\bundles\zone.umd.js:415:38)
    at ZoneImpl.run (C:\Angular project-2\codebook\node_modules\zone.js\bundles\zone.umd.js:147:47)
    at C:\Angular project-2\codebook\node_modules\zone.js\bundles\zone.umd.js:2598:42
    at _ZoneDelegate.invokeTask (C:\Angular project-2\codebook\node_modules\zone.js\bundles\zone.umd.js:449:37)
    at ProxyZoneSpec.Object.<anonymous>.ProxyZoneSpec.onInvokeTask (C:\Angular project-2\codebook\node_modules\zone.js\bundles\zone-testing.umd.js:2208:43)
    at _ZoneDelegate.invokeTask (C:\Angular project-2\codebook\node_modules\zone.js\bundles\zone.umd.js:448:42)
    at ZoneImpl.runTask (C:\Angular project-2\codebook\node_modules\zone.js\bundles\zone.umd.js:196:51)
    at drainMicroTaskQueue (C:\Angular project-2\codebook\node_modules\zone.js\bundles\zone.umd.js:638:39)
    at processTicksAndRejections (node:internal/process/task_queues:105:5)]]></failure>
    </testCase>
    <testCase name="AppComponent Template should display the correct title in toolbar" duration="11">
      <failure message="TypeError: window.matchMedia is not a function"><![CDATA[TypeError: window.matchMedia is not a function
    at new matchMedia (C:\Angular project-2\codebook\src\app\services\dark-mode.service.ts:30:12)
    at Object.DarkModeService_Factory [as factory] (ng:///DarkModeService/ɵfac.js:5:10)
    at C:\Angular project-2\codebook\node_modules\@angular\core\fesm2022\core.mjs:2274:47
    at runInInjectorProfilerContext (C:\Angular project-2\codebook\node_modules\@angular\core\fesm2022\core.mjs:880:9)
    at R3Injector.hydrate (C:\Angular project-2\codebook\node_modules\@angular\core\fesm2022\core.mjs:2273:21)
    at R3Injector.get (C:\Angular project-2\codebook\node_modules\@angular\core\fesm2022\core.mjs:2141:33)
    at R3Injector.get (C:\Angular project-2\codebook\node_modules\@angular\core\fesm2022\core.mjs:2151:33)
    at ChainedInjector.get (C:\Angular project-2\codebook\node_modules\@angular\core\fesm2022\core.mjs:17238:36)
    at lookupTokenUsingModuleInjector (C:\Angular project-2\codebook\node_modules\@angular\core\fesm2022\core.mjs:5063:39)
    at getOrCreateInjectable (C:\Angular project-2\codebook\node_modules\@angular\core\fesm2022\core.mjs:5111:12)
    at ɵɵdirectiveInject (C:\Angular project-2\codebook\node_modules\@angular\core\fesm2022\core.mjs:17289:19)
    at ɵɵinject (C:\Angular project-2\codebook\node_modules\@angular\core\fesm2022\core.mjs:1125:42)
    at inject (C:\Angular project-2\codebook\node_modules\@angular\core\fesm2022\core.mjs:1211:12)
    at new AppComponent (C:\Angular project-2\codebook\src\app\app.component.ts:41:34)
    at NodeInjectorFactory.AppComponent_Factory [as factory] (ng:///AppComponent/ɵfac.js:5:10)
    at getNodeInjectable (C:\Angular project-2\codebook\node_modules\@angular\core\fesm2022\core.mjs:5323:44)
    at instantiateAllDirectives (C:\Angular project-2\codebook\node_modules\@angular\core\fesm2022\core.mjs:12562:27)
    at createDirectivesInstances (C:\Angular project-2\codebook\node_modules\@angular\core\fesm2022\core.mjs:12352:5)
    at ComponentFactory2.create (C:\Angular project-2\codebook\node_modules\@angular\core\fesm2022\core.mjs:17945:17)
    at initComponent (C:\Angular project-2\codebook\node_modules\@angular\core\fesm2022\testing.mjs:2053:51)
    at _ZoneDelegate.invoke (C:\Angular project-2\codebook\node_modules\zone.js\bundles\zone.umd.js:416:32)
    at ProxyZoneSpec.Object.<anonymous>.ProxyZoneSpec.onInvoke (C:\Angular project-2\codebook\node_modules\zone.js\bundles\zone-testing.umd.js:2177:43)
    at _ZoneDelegate.invoke (C:\Angular project-2\codebook\node_modules\zone.js\bundles\zone.umd.js:415:38)
    at Object.onInvoke (C:\Angular project-2\codebook\node_modules\@angular\core\fesm2022\core.mjs:6528:33)
    at _ZoneDelegate.invoke (C:\Angular project-2\codebook\node_modules\zone.js\bundles\zone.umd.js:415:38)
    at ZoneImpl.run (C:\Angular project-2\codebook\node_modules\zone.js\bundles\zone.umd.js:147:47)
    at NgZone.run (C:\Angular project-2\codebook\node_modules\@angular\core\fesm2022\core.mjs:6374:28)
    at _TestBedImpl.createComponent (C:\Angular project-2\codebook\node_modules\@angular\core\fesm2022\testing.mjs:2058:41)
    at Function.createComponent (C:\Angular project-2\codebook\node_modules\@angular\core\fesm2022\testing.mjs:1844:37)
    at C:\Angular project-2\codebook\src\app\app.component.spec.ts:49:23
    at Generator.next (<anonymous>)
    at fulfilled (C:\Angular project-2\codebook\node_modules\tslib\tslib.js:167:62)
    at _ZoneDelegate.invoke (C:\Angular project-2\codebook\node_modules\zone.js\bundles\zone.umd.js:416:32)
    at ProxyZoneSpec.Object.<anonymous>.ProxyZoneSpec.onInvoke (C:\Angular project-2\codebook\node_modules\zone.js\bundles\zone-testing.umd.js:2177:43)
    at _ZoneDelegate.invoke (C:\Angular project-2\codebook\node_modules\zone.js\bundles\zone.umd.js:415:38)
    at ZoneImpl.run (C:\Angular project-2\codebook\node_modules\zone.js\bundles\zone.umd.js:147:47)
    at C:\Angular project-2\codebook\node_modules\zone.js\bundles\zone.umd.js:2598:42
    at _ZoneDelegate.invokeTask (C:\Angular project-2\codebook\node_modules\zone.js\bundles\zone.umd.js:449:37)
    at ProxyZoneSpec.Object.<anonymous>.ProxyZoneSpec.onInvokeTask (C:\Angular project-2\codebook\node_modules\zone.js\bundles\zone-testing.umd.js:2208:43)
    at _ZoneDelegate.invokeTask (C:\Angular project-2\codebook\node_modules\zone.js\bundles\zone.umd.js:448:42)
    at ZoneImpl.runTask (C:\Angular project-2\codebook\node_modules\zone.js\bundles\zone.umd.js:196:51)
    at drainMicroTaskQueue (C:\Angular project-2\codebook\node_modules\zone.js\bundles\zone.umd.js:638:39)
    at processTicksAndRejections (node:internal/process/task_queues:105:5)]]></failure>
    </testCase>
    <testCase name="AppComponent Template should call toggleSidenav when menu button is clicked" duration="12">
      <failure message="TypeError: window.matchMedia is not a function"><![CDATA[TypeError: window.matchMedia is not a function
    at new matchMedia (C:\Angular project-2\codebook\src\app\services\dark-mode.service.ts:30:12)
    at Object.DarkModeService_Factory [as factory] (ng:///DarkModeService/ɵfac.js:5:10)
    at C:\Angular project-2\codebook\node_modules\@angular\core\fesm2022\core.mjs:2274:47
    at runInInjectorProfilerContext (C:\Angular project-2\codebook\node_modules\@angular\core\fesm2022\core.mjs:880:9)
    at R3Injector.hydrate (C:\Angular project-2\codebook\node_modules\@angular\core\fesm2022\core.mjs:2273:21)
    at R3Injector.get (C:\Angular project-2\codebook\node_modules\@angular\core\fesm2022\core.mjs:2141:33)
    at R3Injector.get (C:\Angular project-2\codebook\node_modules\@angular\core\fesm2022\core.mjs:2151:33)
    at ChainedInjector.get (C:\Angular project-2\codebook\node_modules\@angular\core\fesm2022\core.mjs:17238:36)
    at lookupTokenUsingModuleInjector (C:\Angular project-2\codebook\node_modules\@angular\core\fesm2022\core.mjs:5063:39)
    at getOrCreateInjectable (C:\Angular project-2\codebook\node_modules\@angular\core\fesm2022\core.mjs:5111:12)
    at ɵɵdirectiveInject (C:\Angular project-2\codebook\node_modules\@angular\core\fesm2022\core.mjs:17289:19)
    at ɵɵinject (C:\Angular project-2\codebook\node_modules\@angular\core\fesm2022\core.mjs:1125:42)
    at inject (C:\Angular project-2\codebook\node_modules\@angular\core\fesm2022\core.mjs:1211:12)
    at new AppComponent (C:\Angular project-2\codebook\src\app\app.component.ts:41:34)
    at NodeInjectorFactory.AppComponent_Factory [as factory] (ng:///AppComponent/ɵfac.js:5:10)
    at getNodeInjectable (C:\Angular project-2\codebook\node_modules\@angular\core\fesm2022\core.mjs:5323:44)
    at instantiateAllDirectives (C:\Angular project-2\codebook\node_modules\@angular\core\fesm2022\core.mjs:12562:27)
    at createDirectivesInstances (C:\Angular project-2\codebook\node_modules\@angular\core\fesm2022\core.mjs:12352:5)
    at ComponentFactory2.create (C:\Angular project-2\codebook\node_modules\@angular\core\fesm2022\core.mjs:17945:17)
    at initComponent (C:\Angular project-2\codebook\node_modules\@angular\core\fesm2022\testing.mjs:2053:51)
    at _ZoneDelegate.invoke (C:\Angular project-2\codebook\node_modules\zone.js\bundles\zone.umd.js:416:32)
    at ProxyZoneSpec.Object.<anonymous>.ProxyZoneSpec.onInvoke (C:\Angular project-2\codebook\node_modules\zone.js\bundles\zone-testing.umd.js:2177:43)
    at _ZoneDelegate.invoke (C:\Angular project-2\codebook\node_modules\zone.js\bundles\zone.umd.js:415:38)
    at Object.onInvoke (C:\Angular project-2\codebook\node_modules\@angular\core\fesm2022\core.mjs:6528:33)
    at _ZoneDelegate.invoke (C:\Angular project-2\codebook\node_modules\zone.js\bundles\zone.umd.js:415:38)
    at ZoneImpl.run (C:\Angular project-2\codebook\node_modules\zone.js\bundles\zone.umd.js:147:47)
    at NgZone.run (C:\Angular project-2\codebook\node_modules\@angular\core\fesm2022\core.mjs:6374:28)
    at _TestBedImpl.createComponent (C:\Angular project-2\codebook\node_modules\@angular\core\fesm2022\testing.mjs:2058:41)
    at Function.createComponent (C:\Angular project-2\codebook\node_modules\@angular\core\fesm2022\testing.mjs:1844:37)
    at C:\Angular project-2\codebook\src\app\app.component.spec.ts:49:23
    at Generator.next (<anonymous>)
    at fulfilled (C:\Angular project-2\codebook\node_modules\tslib\tslib.js:167:62)
    at _ZoneDelegate.invoke (C:\Angular project-2\codebook\node_modules\zone.js\bundles\zone.umd.js:416:32)
    at ProxyZoneSpec.Object.<anonymous>.ProxyZoneSpec.onInvoke (C:\Angular project-2\codebook\node_modules\zone.js\bundles\zone-testing.umd.js:2177:43)
    at _ZoneDelegate.invoke (C:\Angular project-2\codebook\node_modules\zone.js\bundles\zone.umd.js:415:38)
    at ZoneImpl.run (C:\Angular project-2\codebook\node_modules\zone.js\bundles\zone.umd.js:147:47)
    at C:\Angular project-2\codebook\node_modules\zone.js\bundles\zone.umd.js:2598:42
    at _ZoneDelegate.invokeTask (C:\Angular project-2\codebook\node_modules\zone.js\bundles\zone.umd.js:449:37)
    at ProxyZoneSpec.Object.<anonymous>.ProxyZoneSpec.onInvokeTask (C:\Angular project-2\codebook\node_modules\zone.js\bundles\zone-testing.umd.js:2208:43)
    at _ZoneDelegate.invokeTask (C:\Angular project-2\codebook\node_modules\zone.js\bundles\zone.umd.js:448:42)
    at ZoneImpl.runTask (C:\Angular project-2\codebook\node_modules\zone.js\bundles\zone.umd.js:196:51)
    at drainMicroTaskQueue (C:\Angular project-2\codebook\node_modules\zone.js\bundles\zone.umd.js:638:39)
    at processTicksAndRejections (node:internal/process/task_queues:105:5)]]></failure>
    </testCase>
    <testCase name="AppComponent Template should call toggleFullScreen when fullscreen button is clicked" duration="18">
      <failure message="TypeError: window.matchMedia is not a function"><![CDATA[TypeError: window.matchMedia is not a function
    at new matchMedia (C:\Angular project-2\codebook\src\app\services\dark-mode.service.ts:30:12)
    at Object.DarkModeService_Factory [as factory] (ng:///DarkModeService/ɵfac.js:5:10)
    at C:\Angular project-2\codebook\node_modules\@angular\core\fesm2022\core.mjs:2274:47
    at runInInjectorProfilerContext (C:\Angular project-2\codebook\node_modules\@angular\core\fesm2022\core.mjs:880:9)
    at R3Injector.hydrate (C:\Angular project-2\codebook\node_modules\@angular\core\fesm2022\core.mjs:2273:21)
    at R3Injector.get (C:\Angular project-2\codebook\node_modules\@angular\core\fesm2022\core.mjs:2141:33)
    at R3Injector.get (C:\Angular project-2\codebook\node_modules\@angular\core\fesm2022\core.mjs:2151:33)
    at ChainedInjector.get (C:\Angular project-2\codebook\node_modules\@angular\core\fesm2022\core.mjs:17238:36)
    at lookupTokenUsingModuleInjector (C:\Angular project-2\codebook\node_modules\@angular\core\fesm2022\core.mjs:5063:39)
    at getOrCreateInjectable (C:\Angular project-2\codebook\node_modules\@angular\core\fesm2022\core.mjs:5111:12)
    at ɵɵdirectiveInject (C:\Angular project-2\codebook\node_modules\@angular\core\fesm2022\core.mjs:17289:19)
    at ɵɵinject (C:\Angular project-2\codebook\node_modules\@angular\core\fesm2022\core.mjs:1125:42)
    at inject (C:\Angular project-2\codebook\node_modules\@angular\core\fesm2022\core.mjs:1211:12)
    at new AppComponent (C:\Angular project-2\codebook\src\app\app.component.ts:41:34)
    at NodeInjectorFactory.AppComponent_Factory [as factory] (ng:///AppComponent/ɵfac.js:5:10)
    at getNodeInjectable (C:\Angular project-2\codebook\node_modules\@angular\core\fesm2022\core.mjs:5323:44)
    at instantiateAllDirectives (C:\Angular project-2\codebook\node_modules\@angular\core\fesm2022\core.mjs:12562:27)
    at createDirectivesInstances (C:\Angular project-2\codebook\node_modules\@angular\core\fesm2022\core.mjs:12352:5)
    at ComponentFactory2.create (C:\Angular project-2\codebook\node_modules\@angular\core\fesm2022\core.mjs:17945:17)
    at initComponent (C:\Angular project-2\codebook\node_modules\@angular\core\fesm2022\testing.mjs:2053:51)
    at _ZoneDelegate.invoke (C:\Angular project-2\codebook\node_modules\zone.js\bundles\zone.umd.js:416:32)
    at ProxyZoneSpec.Object.<anonymous>.ProxyZoneSpec.onInvoke (C:\Angular project-2\codebook\node_modules\zone.js\bundles\zone-testing.umd.js:2177:43)
    at _ZoneDelegate.invoke (C:\Angular project-2\codebook\node_modules\zone.js\bundles\zone.umd.js:415:38)
    at Object.onInvoke (C:\Angular project-2\codebook\node_modules\@angular\core\fesm2022\core.mjs:6528:33)
    at _ZoneDelegate.invoke (C:\Angular project-2\codebook\node_modules\zone.js\bundles\zone.umd.js:415:38)
    at ZoneImpl.run (C:\Angular project-2\codebook\node_modules\zone.js\bundles\zone.umd.js:147:47)
    at NgZone.run (C:\Angular project-2\codebook\node_modules\@angular\core\fesm2022\core.mjs:6374:28)
    at _TestBedImpl.createComponent (C:\Angular project-2\codebook\node_modules\@angular\core\fesm2022\testing.mjs:2058:41)
    at Function.createComponent (C:\Angular project-2\codebook\node_modules\@angular\core\fesm2022\testing.mjs:1844:37)
    at C:\Angular project-2\codebook\src\app\app.component.spec.ts:49:23
    at Generator.next (<anonymous>)
    at fulfilled (C:\Angular project-2\codebook\node_modules\tslib\tslib.js:167:62)
    at _ZoneDelegate.invoke (C:\Angular project-2\codebook\node_modules\zone.js\bundles\zone.umd.js:416:32)
    at ProxyZoneSpec.Object.<anonymous>.ProxyZoneSpec.onInvoke (C:\Angular project-2\codebook\node_modules\zone.js\bundles\zone-testing.umd.js:2177:43)
    at _ZoneDelegate.invoke (C:\Angular project-2\codebook\node_modules\zone.js\bundles\zone.umd.js:415:38)
    at ZoneImpl.run (C:\Angular project-2\codebook\node_modules\zone.js\bundles\zone.umd.js:147:47)
    at C:\Angular project-2\codebook\node_modules\zone.js\bundles\zone.umd.js:2598:42
    at _ZoneDelegate.invokeTask (C:\Angular project-2\codebook\node_modules\zone.js\bundles\zone.umd.js:449:37)
    at ProxyZoneSpec.Object.<anonymous>.ProxyZoneSpec.onInvokeTask (C:\Angular project-2\codebook\node_modules\zone.js\bundles\zone-testing.umd.js:2208:43)
    at _ZoneDelegate.invokeTask (C:\Angular project-2\codebook\node_modules\zone.js\bundles\zone.umd.js:448:42)
    at ZoneImpl.runTask (C:\Angular project-2\codebook\node_modules\zone.js\bundles\zone.umd.js:196:51)
    at drainMicroTaskQueue (C:\Angular project-2\codebook\node_modules\zone.js\bundles\zone.umd.js:638:39)
    at processTicksAndRejections (node:internal/process/task_queues:105:5)]]></failure>
    </testCase>
    <testCase name="AppComponent Template should contain app-custom-sidenav component" duration="18">
      <failure message="TypeError: window.matchMedia is not a function"><![CDATA[TypeError: window.matchMedia is not a function
    at new matchMedia (C:\Angular project-2\codebook\src\app\services\dark-mode.service.ts:30:12)
    at Object.DarkModeService_Factory [as factory] (ng:///DarkModeService/ɵfac.js:5:10)
    at C:\Angular project-2\codebook\node_modules\@angular\core\fesm2022\core.mjs:2274:47
    at runInInjectorProfilerContext (C:\Angular project-2\codebook\node_modules\@angular\core\fesm2022\core.mjs:880:9)
    at R3Injector.hydrate (C:\Angular project-2\codebook\node_modules\@angular\core\fesm2022\core.mjs:2273:21)
    at R3Injector.get (C:\Angular project-2\codebook\node_modules\@angular\core\fesm2022\core.mjs:2141:33)
    at R3Injector.get (C:\Angular project-2\codebook\node_modules\@angular\core\fesm2022\core.mjs:2151:33)
    at ChainedInjector.get (C:\Angular project-2\codebook\node_modules\@angular\core\fesm2022\core.mjs:17238:36)
    at lookupTokenUsingModuleInjector (C:\Angular project-2\codebook\node_modules\@angular\core\fesm2022\core.mjs:5063:39)
    at getOrCreateInjectable (C:\Angular project-2\codebook\node_modules\@angular\core\fesm2022\core.mjs:5111:12)
    at ɵɵdirectiveInject (C:\Angular project-2\codebook\node_modules\@angular\core\fesm2022\core.mjs:17289:19)
    at ɵɵinject (C:\Angular project-2\codebook\node_modules\@angular\core\fesm2022\core.mjs:1125:42)
    at inject (C:\Angular project-2\codebook\node_modules\@angular\core\fesm2022\core.mjs:1211:12)
    at new AppComponent (C:\Angular project-2\codebook\src\app\app.component.ts:41:34)
    at NodeInjectorFactory.AppComponent_Factory [as factory] (ng:///AppComponent/ɵfac.js:5:10)
    at getNodeInjectable (C:\Angular project-2\codebook\node_modules\@angular\core\fesm2022\core.mjs:5323:44)
    at instantiateAllDirectives (C:\Angular project-2\codebook\node_modules\@angular\core\fesm2022\core.mjs:12562:27)
    at createDirectivesInstances (C:\Angular project-2\codebook\node_modules\@angular\core\fesm2022\core.mjs:12352:5)
    at ComponentFactory2.create (C:\Angular project-2\codebook\node_modules\@angular\core\fesm2022\core.mjs:17945:17)
    at initComponent (C:\Angular project-2\codebook\node_modules\@angular\core\fesm2022\testing.mjs:2053:51)
    at _ZoneDelegate.invoke (C:\Angular project-2\codebook\node_modules\zone.js\bundles\zone.umd.js:416:32)
    at ProxyZoneSpec.Object.<anonymous>.ProxyZoneSpec.onInvoke (C:\Angular project-2\codebook\node_modules\zone.js\bundles\zone-testing.umd.js:2177:43)
    at _ZoneDelegate.invoke (C:\Angular project-2\codebook\node_modules\zone.js\bundles\zone.umd.js:415:38)
    at Object.onInvoke (C:\Angular project-2\codebook\node_modules\@angular\core\fesm2022\core.mjs:6528:33)
    at _ZoneDelegate.invoke (C:\Angular project-2\codebook\node_modules\zone.js\bundles\zone.umd.js:415:38)
    at ZoneImpl.run (C:\Angular project-2\codebook\node_modules\zone.js\bundles\zone.umd.js:147:47)
    at NgZone.run (C:\Angular project-2\codebook\node_modules\@angular\core\fesm2022\core.mjs:6374:28)
    at _TestBedImpl.createComponent (C:\Angular project-2\codebook\node_modules\@angular\core\fesm2022\testing.mjs:2058:41)
    at Function.createComponent (C:\Angular project-2\codebook\node_modules\@angular\core\fesm2022\testing.mjs:1844:37)
    at C:\Angular project-2\codebook\src\app\app.component.spec.ts:49:23
    at Generator.next (<anonymous>)
    at fulfilled (C:\Angular project-2\codebook\node_modules\tslib\tslib.js:167:62)
    at _ZoneDelegate.invoke (C:\Angular project-2\codebook\node_modules\zone.js\bundles\zone.umd.js:416:32)
    at ProxyZoneSpec.Object.<anonymous>.ProxyZoneSpec.onInvoke (C:\Angular project-2\codebook\node_modules\zone.js\bundles\zone-testing.umd.js:2177:43)
    at _ZoneDelegate.invoke (C:\Angular project-2\codebook\node_modules\zone.js\bundles\zone.umd.js:415:38)
    at ZoneImpl.run (C:\Angular project-2\codebook\node_modules\zone.js\bundles\zone.umd.js:147:47)
    at C:\Angular project-2\codebook\node_modules\zone.js\bundles\zone.umd.js:2598:42
    at _ZoneDelegate.invokeTask (C:\Angular project-2\codebook\node_modules\zone.js\bundles\zone.umd.js:449:37)
    at ProxyZoneSpec.Object.<anonymous>.ProxyZoneSpec.onInvokeTask (C:\Angular project-2\codebook\node_modules\zone.js\bundles\zone-testing.umd.js:2208:43)
    at _ZoneDelegate.invokeTask (C:\Angular project-2\codebook\node_modules\zone.js\bundles\zone.umd.js:448:42)
    at ZoneImpl.runTask (C:\Angular project-2\codebook\node_modules\zone.js\bundles\zone.umd.js:196:51)
    at drainMicroTaskQueue (C:\Angular project-2\codebook\node_modules\zone.js\bundles\zone.umd.js:638:39)
    at processTicksAndRejections (node:internal/process/task_queues:105:5)]]></failure>
    </testCase>
    <testCase name="AppComponent Template should pass collapsed state to custom sidenav" duration="18">
      <failure message="TypeError: window.matchMedia is not a function"><![CDATA[TypeError: window.matchMedia is not a function
    at new matchMedia (C:\Angular project-2\codebook\src\app\services\dark-mode.service.ts:30:12)
    at Object.DarkModeService_Factory [as factory] (ng:///DarkModeService/ɵfac.js:5:10)
    at C:\Angular project-2\codebook\node_modules\@angular\core\fesm2022\core.mjs:2274:47
    at runInInjectorProfilerContext (C:\Angular project-2\codebook\node_modules\@angular\core\fesm2022\core.mjs:880:9)
    at R3Injector.hydrate (C:\Angular project-2\codebook\node_modules\@angular\core\fesm2022\core.mjs:2273:21)
    at R3Injector.get (C:\Angular project-2\codebook\node_modules\@angular\core\fesm2022\core.mjs:2141:33)
    at R3Injector.get (C:\Angular project-2\codebook\node_modules\@angular\core\fesm2022\core.mjs:2151:33)
    at ChainedInjector.get (C:\Angular project-2\codebook\node_modules\@angular\core\fesm2022\core.mjs:17238:36)
    at lookupTokenUsingModuleInjector (C:\Angular project-2\codebook\node_modules\@angular\core\fesm2022\core.mjs:5063:39)
    at getOrCreateInjectable (C:\Angular project-2\codebook\node_modules\@angular\core\fesm2022\core.mjs:5111:12)
    at ɵɵdirectiveInject (C:\Angular project-2\codebook\node_modules\@angular\core\fesm2022\core.mjs:17289:19)
    at ɵɵinject (C:\Angular project-2\codebook\node_modules\@angular\core\fesm2022\core.mjs:1125:42)
    at inject (C:\Angular project-2\codebook\node_modules\@angular\core\fesm2022\core.mjs:1211:12)
    at new AppComponent (C:\Angular project-2\codebook\src\app\app.component.ts:41:34)
    at NodeInjectorFactory.AppComponent_Factory [as factory] (ng:///AppComponent/ɵfac.js:5:10)
    at getNodeInjectable (C:\Angular project-2\codebook\node_modules\@angular\core\fesm2022\core.mjs:5323:44)
    at instantiateAllDirectives (C:\Angular project-2\codebook\node_modules\@angular\core\fesm2022\core.mjs:12562:27)
    at createDirectivesInstances (C:\Angular project-2\codebook\node_modules\@angular\core\fesm2022\core.mjs:12352:5)
    at ComponentFactory2.create (C:\Angular project-2\codebook\node_modules\@angular\core\fesm2022\core.mjs:17945:17)
    at initComponent (C:\Angular project-2\codebook\node_modules\@angular\core\fesm2022\testing.mjs:2053:51)
    at _ZoneDelegate.invoke (C:\Angular project-2\codebook\node_modules\zone.js\bundles\zone.umd.js:416:32)
    at ProxyZoneSpec.Object.<anonymous>.ProxyZoneSpec.onInvoke (C:\Angular project-2\codebook\node_modules\zone.js\bundles\zone-testing.umd.js:2177:43)
    at _ZoneDelegate.invoke (C:\Angular project-2\codebook\node_modules\zone.js\bundles\zone.umd.js:415:38)
    at Object.onInvoke (C:\Angular project-2\codebook\node_modules\@angular\core\fesm2022\core.mjs:6528:33)
    at _ZoneDelegate.invoke (C:\Angular project-2\codebook\node_modules\zone.js\bundles\zone.umd.js:415:38)
    at ZoneImpl.run (C:\Angular project-2\codebook\node_modules\zone.js\bundles\zone.umd.js:147:47)
    at NgZone.run (C:\Angular project-2\codebook\node_modules\@angular\core\fesm2022\core.mjs:6374:28)
    at _TestBedImpl.createComponent (C:\Angular project-2\codebook\node_modules\@angular\core\fesm2022\testing.mjs:2058:41)
    at Function.createComponent (C:\Angular project-2\codebook\node_modules\@angular\core\fesm2022\testing.mjs:1844:37)
    at C:\Angular project-2\codebook\src\app\app.component.spec.ts:49:23
    at Generator.next (<anonymous>)
    at fulfilled (C:\Angular project-2\codebook\node_modules\tslib\tslib.js:167:62)
    at _ZoneDelegate.invoke (C:\Angular project-2\codebook\node_modules\zone.js\bundles\zone.umd.js:416:32)
    at ProxyZoneSpec.Object.<anonymous>.ProxyZoneSpec.onInvoke (C:\Angular project-2\codebook\node_modules\zone.js\bundles\zone-testing.umd.js:2177:43)
    at _ZoneDelegate.invoke (C:\Angular project-2\codebook\node_modules\zone.js\bundles\zone.umd.js:415:38)
    at ZoneImpl.run (C:\Angular project-2\codebook\node_modules\zone.js\bundles\zone.umd.js:147:47)
    at C:\Angular project-2\codebook\node_modules\zone.js\bundles\zone.umd.js:2598:42
    at _ZoneDelegate.invokeTask (C:\Angular project-2\codebook\node_modules\zone.js\bundles\zone.umd.js:449:37)
    at ProxyZoneSpec.Object.<anonymous>.ProxyZoneSpec.onInvokeTask (C:\Angular project-2\codebook\node_modules\zone.js\bundles\zone-testing.umd.js:2208:43)
    at _ZoneDelegate.invokeTask (C:\Angular project-2\codebook\node_modules\zone.js\bundles\zone.umd.js:448:42)
    at ZoneImpl.runTask (C:\Angular project-2\codebook\node_modules\zone.js\bundles\zone.umd.js:196:51)
    at drainMicroTaskQueue (C:\Angular project-2\codebook\node_modules\zone.js\bundles\zone.umd.js:638:39)
    at processTicksAndRejections (node:internal/process/task_queues:105:5)]]></failure>
    </testCase>
    <testCase name="AppComponent Integration with ResponsiveService should update sidenav when responsive service emits changes" duration="15">
      <failure message="TypeError: window.matchMedia is not a function"><![CDATA[TypeError: window.matchMedia is not a function
    at new matchMedia (C:\Angular project-2\codebook\src\app\services\dark-mode.service.ts:30:12)
    at Object.DarkModeService_Factory [as factory] (ng:///DarkModeService/ɵfac.js:5:10)
    at C:\Angular project-2\codebook\node_modules\@angular\core\fesm2022\core.mjs:2274:47
    at runInInjectorProfilerContext (C:\Angular project-2\codebook\node_modules\@angular\core\fesm2022\core.mjs:880:9)
    at R3Injector.hydrate (C:\Angular project-2\codebook\node_modules\@angular\core\fesm2022\core.mjs:2273:21)
    at R3Injector.get (C:\Angular project-2\codebook\node_modules\@angular\core\fesm2022\core.mjs:2141:33)
    at R3Injector.get (C:\Angular project-2\codebook\node_modules\@angular\core\fesm2022\core.mjs:2151:33)
    at ChainedInjector.get (C:\Angular project-2\codebook\node_modules\@angular\core\fesm2022\core.mjs:17238:36)
    at lookupTokenUsingModuleInjector (C:\Angular project-2\codebook\node_modules\@angular\core\fesm2022\core.mjs:5063:39)
    at getOrCreateInjectable (C:\Angular project-2\codebook\node_modules\@angular\core\fesm2022\core.mjs:5111:12)
    at ɵɵdirectiveInject (C:\Angular project-2\codebook\node_modules\@angular\core\fesm2022\core.mjs:17289:19)
    at ɵɵinject (C:\Angular project-2\codebook\node_modules\@angular\core\fesm2022\core.mjs:1125:42)
    at inject (C:\Angular project-2\codebook\node_modules\@angular\core\fesm2022\core.mjs:1211:12)
    at new AppComponent (C:\Angular project-2\codebook\src\app\app.component.ts:41:34)
    at NodeInjectorFactory.AppComponent_Factory [as factory] (ng:///AppComponent/ɵfac.js:5:10)
    at getNodeInjectable (C:\Angular project-2\codebook\node_modules\@angular\core\fesm2022\core.mjs:5323:44)
    at instantiateAllDirectives (C:\Angular project-2\codebook\node_modules\@angular\core\fesm2022\core.mjs:12562:27)
    at createDirectivesInstances (C:\Angular project-2\codebook\node_modules\@angular\core\fesm2022\core.mjs:12352:5)
    at ComponentFactory2.create (C:\Angular project-2\codebook\node_modules\@angular\core\fesm2022\core.mjs:17945:17)
    at initComponent (C:\Angular project-2\codebook\node_modules\@angular\core\fesm2022\testing.mjs:2053:51)
    at _ZoneDelegate.invoke (C:\Angular project-2\codebook\node_modules\zone.js\bundles\zone.umd.js:416:32)
    at ProxyZoneSpec.Object.<anonymous>.ProxyZoneSpec.onInvoke (C:\Angular project-2\codebook\node_modules\zone.js\bundles\zone-testing.umd.js:2177:43)
    at _ZoneDelegate.invoke (C:\Angular project-2\codebook\node_modules\zone.js\bundles\zone.umd.js:415:38)
    at Object.onInvoke (C:\Angular project-2\codebook\node_modules\@angular\core\fesm2022\core.mjs:6528:33)
    at _ZoneDelegate.invoke (C:\Angular project-2\codebook\node_modules\zone.js\bundles\zone.umd.js:415:38)
    at ZoneImpl.run (C:\Angular project-2\codebook\node_modules\zone.js\bundles\zone.umd.js:147:47)
    at NgZone.run (C:\Angular project-2\codebook\node_modules\@angular\core\fesm2022\core.mjs:6374:28)
    at _TestBedImpl.createComponent (C:\Angular project-2\codebook\node_modules\@angular\core\fesm2022\testing.mjs:2058:41)
    at Function.createComponent (C:\Angular project-2\codebook\node_modules\@angular\core\fesm2022\testing.mjs:1844:37)
    at C:\Angular project-2\codebook\src\app\app.component.spec.ts:49:23
    at Generator.next (<anonymous>)
    at fulfilled (C:\Angular project-2\codebook\node_modules\tslib\tslib.js:167:62)
    at _ZoneDelegate.invoke (C:\Angular project-2\codebook\node_modules\zone.js\bundles\zone.umd.js:416:32)
    at ProxyZoneSpec.Object.<anonymous>.ProxyZoneSpec.onInvoke (C:\Angular project-2\codebook\node_modules\zone.js\bundles\zone-testing.umd.js:2177:43)
    at _ZoneDelegate.invoke (C:\Angular project-2\codebook\node_modules\zone.js\bundles\zone.umd.js:415:38)
    at ZoneImpl.run (C:\Angular project-2\codebook\node_modules\zone.js\bundles\zone.umd.js:147:47)
    at C:\Angular project-2\codebook\node_modules\zone.js\bundles\zone.umd.js:2598:42
    at _ZoneDelegate.invokeTask (C:\Angular project-2\codebook\node_modules\zone.js\bundles\zone.umd.js:449:37)
    at ProxyZoneSpec.Object.<anonymous>.ProxyZoneSpec.onInvokeTask (C:\Angular project-2\codebook\node_modules\zone.js\bundles\zone-testing.umd.js:2208:43)
    at _ZoneDelegate.invokeTask (C:\Angular project-2\codebook\node_modules\zone.js\bundles\zone.umd.js:448:42)
    at ZoneImpl.runTask (C:\Angular project-2\codebook\node_modules\zone.js\bundles\zone.umd.js:196:51)
    at drainMicroTaskQueue (C:\Angular project-2\codebook\node_modules\zone.js\bundles\zone.umd.js:638:39)
    at processTicksAndRejections (node:internal/process/task_queues:105:5)]]></failure>
    </testCase>
    <testCase name="AppComponent App Routing should redirect empty path to dashboard" duration="18">
      <failure message="TypeError: window.matchMedia is not a function"><![CDATA[TypeError: window.matchMedia is not a function
    at new matchMedia (C:\Angular project-2\codebook\src\app\services\dark-mode.service.ts:30:12)
    at Object.DarkModeService_Factory [as factory] (ng:///DarkModeService/ɵfac.js:5:10)
    at C:\Angular project-2\codebook\node_modules\@angular\core\fesm2022\core.mjs:2274:47
    at runInInjectorProfilerContext (C:\Angular project-2\codebook\node_modules\@angular\core\fesm2022\core.mjs:880:9)
    at R3Injector.hydrate (C:\Angular project-2\codebook\node_modules\@angular\core\fesm2022\core.mjs:2273:21)
    at R3Injector.get (C:\Angular project-2\codebook\node_modules\@angular\core\fesm2022\core.mjs:2141:33)
    at R3Injector.get (C:\Angular project-2\codebook\node_modules\@angular\core\fesm2022\core.mjs:2151:33)
    at ChainedInjector.get (C:\Angular project-2\codebook\node_modules\@angular\core\fesm2022\core.mjs:17238:36)
    at lookupTokenUsingModuleInjector (C:\Angular project-2\codebook\node_modules\@angular\core\fesm2022\core.mjs:5063:39)
    at getOrCreateInjectable (C:\Angular project-2\codebook\node_modules\@angular\core\fesm2022\core.mjs:5111:12)
    at ɵɵdirectiveInject (C:\Angular project-2\codebook\node_modules\@angular\core\fesm2022\core.mjs:17289:19)
    at ɵɵinject (C:\Angular project-2\codebook\node_modules\@angular\core\fesm2022\core.mjs:1125:42)
    at inject (C:\Angular project-2\codebook\node_modules\@angular\core\fesm2022\core.mjs:1211:12)
    at new AppComponent (C:\Angular project-2\codebook\src\app\app.component.ts:41:34)
    at NodeInjectorFactory.AppComponent_Factory [as factory] (ng:///AppComponent/ɵfac.js:5:10)
    at getNodeInjectable (C:\Angular project-2\codebook\node_modules\@angular\core\fesm2022\core.mjs:5323:44)
    at instantiateAllDirectives (C:\Angular project-2\codebook\node_modules\@angular\core\fesm2022\core.mjs:12562:27)
    at createDirectivesInstances (C:\Angular project-2\codebook\node_modules\@angular\core\fesm2022\core.mjs:12352:5)
    at ComponentFactory2.create (C:\Angular project-2\codebook\node_modules\@angular\core\fesm2022\core.mjs:17945:17)
    at initComponent (C:\Angular project-2\codebook\node_modules\@angular\core\fesm2022\testing.mjs:2053:51)
    at _ZoneDelegate.invoke (C:\Angular project-2\codebook\node_modules\zone.js\bundles\zone.umd.js:416:32)
    at ProxyZoneSpec.Object.<anonymous>.ProxyZoneSpec.onInvoke (C:\Angular project-2\codebook\node_modules\zone.js\bundles\zone-testing.umd.js:2177:43)
    at _ZoneDelegate.invoke (C:\Angular project-2\codebook\node_modules\zone.js\bundles\zone.umd.js:415:38)
    at Object.onInvoke (C:\Angular project-2\codebook\node_modules\@angular\core\fesm2022\core.mjs:6528:33)
    at _ZoneDelegate.invoke (C:\Angular project-2\codebook\node_modules\zone.js\bundles\zone.umd.js:415:38)
    at ZoneImpl.run (C:\Angular project-2\codebook\node_modules\zone.js\bundles\zone.umd.js:147:47)
    at NgZone.run (C:\Angular project-2\codebook\node_modules\@angular\core\fesm2022\core.mjs:6374:28)
    at _TestBedImpl.createComponent (C:\Angular project-2\codebook\node_modules\@angular\core\fesm2022\testing.mjs:2058:41)
    at Function.createComponent (C:\Angular project-2\codebook\node_modules\@angular\core\fesm2022\testing.mjs:1844:37)
    at C:\Angular project-2\codebook\src\app\app.component.spec.ts:49:23
    at Generator.next (<anonymous>)
    at fulfilled (C:\Angular project-2\codebook\node_modules\tslib\tslib.js:167:62)
    at _ZoneDelegate.invoke (C:\Angular project-2\codebook\node_modules\zone.js\bundles\zone.umd.js:416:32)
    at ProxyZoneSpec.Object.<anonymous>.ProxyZoneSpec.onInvoke (C:\Angular project-2\codebook\node_modules\zone.js\bundles\zone-testing.umd.js:2177:43)
    at _ZoneDelegate.invoke (C:\Angular project-2\codebook\node_modules\zone.js\bundles\zone.umd.js:415:38)
    at ZoneImpl.run (C:\Angular project-2\codebook\node_modules\zone.js\bundles\zone.umd.js:147:47)
    at C:\Angular project-2\codebook\node_modules\zone.js\bundles\zone.umd.js:2598:42
    at _ZoneDelegate.invokeTask (C:\Angular project-2\codebook\node_modules\zone.js\bundles\zone.umd.js:449:37)
    at ProxyZoneSpec.Object.<anonymous>.ProxyZoneSpec.onInvokeTask (C:\Angular project-2\codebook\node_modules\zone.js\bundles\zone-testing.umd.js:2208:43)
    at _ZoneDelegate.invokeTask (C:\Angular project-2\codebook\node_modules\zone.js\bundles\zone.umd.js:448:42)
    at ZoneImpl.runTask (C:\Angular project-2\codebook\node_modules\zone.js\bundles\zone.umd.js:196:51)
    at drainMicroTaskQueue (C:\Angular project-2\codebook\node_modules\zone.js\bundles\zone.umd.js:638:39)
    at processTicksAndRejections (node:internal/process/task_queues:105:5)]]></failure>
    </testCase>
    <testCase name="AppComponent App Routing should redirect unknown paths to dashboard" duration="15">
      <failure message="TypeError: window.matchMedia is not a function"><![CDATA[TypeError: window.matchMedia is not a function
    at new matchMedia (C:\Angular project-2\codebook\src\app\services\dark-mode.service.ts:30:12)
    at Object.DarkModeService_Factory [as factory] (ng:///DarkModeService/ɵfac.js:5:10)
    at C:\Angular project-2\codebook\node_modules\@angular\core\fesm2022\core.mjs:2274:47
    at runInInjectorProfilerContext (C:\Angular project-2\codebook\node_modules\@angular\core\fesm2022\core.mjs:880:9)
    at R3Injector.hydrate (C:\Angular project-2\codebook\node_modules\@angular\core\fesm2022\core.mjs:2273:21)
    at R3Injector.get (C:\Angular project-2\codebook\node_modules\@angular\core\fesm2022\core.mjs:2141:33)
    at R3Injector.get (C:\Angular project-2\codebook\node_modules\@angular\core\fesm2022\core.mjs:2151:33)
    at ChainedInjector.get (C:\Angular project-2\codebook\node_modules\@angular\core\fesm2022\core.mjs:17238:36)
    at lookupTokenUsingModuleInjector (C:\Angular project-2\codebook\node_modules\@angular\core\fesm2022\core.mjs:5063:39)
    at getOrCreateInjectable (C:\Angular project-2\codebook\node_modules\@angular\core\fesm2022\core.mjs:5111:12)
    at ɵɵdirectiveInject (C:\Angular project-2\codebook\node_modules\@angular\core\fesm2022\core.mjs:17289:19)
    at ɵɵinject (C:\Angular project-2\codebook\node_modules\@angular\core\fesm2022\core.mjs:1125:42)
    at inject (C:\Angular project-2\codebook\node_modules\@angular\core\fesm2022\core.mjs:1211:12)
    at new AppComponent (C:\Angular project-2\codebook\src\app\app.component.ts:41:34)
    at NodeInjectorFactory.AppComponent_Factory [as factory] (ng:///AppComponent/ɵfac.js:5:10)
    at getNodeInjectable (C:\Angular project-2\codebook\node_modules\@angular\core\fesm2022\core.mjs:5323:44)
    at instantiateAllDirectives (C:\Angular project-2\codebook\node_modules\@angular\core\fesm2022\core.mjs:12562:27)
    at createDirectivesInstances (C:\Angular project-2\codebook\node_modules\@angular\core\fesm2022\core.mjs:12352:5)
    at ComponentFactory2.create (C:\Angular project-2\codebook\node_modules\@angular\core\fesm2022\core.mjs:17945:17)
    at initComponent (C:\Angular project-2\codebook\node_modules\@angular\core\fesm2022\testing.mjs:2053:51)
    at _ZoneDelegate.invoke (C:\Angular project-2\codebook\node_modules\zone.js\bundles\zone.umd.js:416:32)
    at ProxyZoneSpec.Object.<anonymous>.ProxyZoneSpec.onInvoke (C:\Angular project-2\codebook\node_modules\zone.js\bundles\zone-testing.umd.js:2177:43)
    at _ZoneDelegate.invoke (C:\Angular project-2\codebook\node_modules\zone.js\bundles\zone.umd.js:415:38)
    at Object.onInvoke (C:\Angular project-2\codebook\node_modules\@angular\core\fesm2022\core.mjs:6528:33)
    at _ZoneDelegate.invoke (C:\Angular project-2\codebook\node_modules\zone.js\bundles\zone.umd.js:415:38)
    at ZoneImpl.run (C:\Angular project-2\codebook\node_modules\zone.js\bundles\zone.umd.js:147:47)
    at NgZone.run (C:\Angular project-2\codebook\node_modules\@angular\core\fesm2022\core.mjs:6374:28)
    at _TestBedImpl.createComponent (C:\Angular project-2\codebook\node_modules\@angular\core\fesm2022\testing.mjs:2058:41)
    at Function.createComponent (C:\Angular project-2\codebook\node_modules\@angular\core\fesm2022\testing.mjs:1844:37)
    at C:\Angular project-2\codebook\src\app\app.component.spec.ts:49:23
    at Generator.next (<anonymous>)
    at fulfilled (C:\Angular project-2\codebook\node_modules\tslib\tslib.js:167:62)
    at _ZoneDelegate.invoke (C:\Angular project-2\codebook\node_modules\zone.js\bundles\zone.umd.js:416:32)
    at ProxyZoneSpec.Object.<anonymous>.ProxyZoneSpec.onInvoke (C:\Angular project-2\codebook\node_modules\zone.js\bundles\zone-testing.umd.js:2177:43)
    at _ZoneDelegate.invoke (C:\Angular project-2\codebook\node_modules\zone.js\bundles\zone.umd.js:415:38)
    at ZoneImpl.run (C:\Angular project-2\codebook\node_modules\zone.js\bundles\zone.umd.js:147:47)
    at C:\Angular project-2\codebook\node_modules\zone.js\bundles\zone.umd.js:2598:42
    at _ZoneDelegate.invokeTask (C:\Angular project-2\codebook\node_modules\zone.js\bundles\zone.umd.js:449:37)
    at ProxyZoneSpec.Object.<anonymous>.ProxyZoneSpec.onInvokeTask (C:\Angular project-2\codebook\node_modules\zone.js\bundles\zone-testing.umd.js:2208:43)
    at _ZoneDelegate.invokeTask (C:\Angular project-2\codebook\node_modules\zone.js\bundles\zone.umd.js:448:42)
    at ZoneImpl.runTask (C:\Angular project-2\codebook\node_modules\zone.js\bundles\zone.umd.js:196:51)
    at drainMicroTaskQueue (C:\Angular project-2\codebook\node_modules\zone.js\bundles\zone.umd.js:638:39)
    at processTicksAndRejections (node:internal/process/task_queues:105:5)]]></failure>
    </testCase>
    <testCase name="AppComponent App Routing should route to dashboard component" duration="12">
      <failure message="TypeError: window.matchMedia is not a function"><![CDATA[TypeError: window.matchMedia is not a function
    at new matchMedia (C:\Angular project-2\codebook\src\app\services\dark-mode.service.ts:30:12)
    at Object.DarkModeService_Factory [as factory] (ng:///DarkModeService/ɵfac.js:5:10)
    at C:\Angular project-2\codebook\node_modules\@angular\core\fesm2022\core.mjs:2274:47
    at runInInjectorProfilerContext (C:\Angular project-2\codebook\node_modules\@angular\core\fesm2022\core.mjs:880:9)
    at R3Injector.hydrate (C:\Angular project-2\codebook\node_modules\@angular\core\fesm2022\core.mjs:2273:21)
    at R3Injector.get (C:\Angular project-2\codebook\node_modules\@angular\core\fesm2022\core.mjs:2141:33)
    at R3Injector.get (C:\Angular project-2\codebook\node_modules\@angular\core\fesm2022\core.mjs:2151:33)
    at ChainedInjector.get (C:\Angular project-2\codebook\node_modules\@angular\core\fesm2022\core.mjs:17238:36)
    at lookupTokenUsingModuleInjector (C:\Angular project-2\codebook\node_modules\@angular\core\fesm2022\core.mjs:5063:39)
    at getOrCreateInjectable (C:\Angular project-2\codebook\node_modules\@angular\core\fesm2022\core.mjs:5111:12)
    at ɵɵdirectiveInject (C:\Angular project-2\codebook\node_modules\@angular\core\fesm2022\core.mjs:17289:19)
    at ɵɵinject (C:\Angular project-2\codebook\node_modules\@angular\core\fesm2022\core.mjs:1125:42)
    at inject (C:\Angular project-2\codebook\node_modules\@angular\core\fesm2022\core.mjs:1211:12)
    at new AppComponent (C:\Angular project-2\codebook\src\app\app.component.ts:41:34)
    at NodeInjectorFactory.AppComponent_Factory [as factory] (ng:///AppComponent/ɵfac.js:5:10)
    at getNodeInjectable (C:\Angular project-2\codebook\node_modules\@angular\core\fesm2022\core.mjs:5323:44)
    at instantiateAllDirectives (C:\Angular project-2\codebook\node_modules\@angular\core\fesm2022\core.mjs:12562:27)
    at createDirectivesInstances (C:\Angular project-2\codebook\node_modules\@angular\core\fesm2022\core.mjs:12352:5)
    at ComponentFactory2.create (C:\Angular project-2\codebook\node_modules\@angular\core\fesm2022\core.mjs:17945:17)
    at initComponent (C:\Angular project-2\codebook\node_modules\@angular\core\fesm2022\testing.mjs:2053:51)
    at _ZoneDelegate.invoke (C:\Angular project-2\codebook\node_modules\zone.js\bundles\zone.umd.js:416:32)
    at ProxyZoneSpec.Object.<anonymous>.ProxyZoneSpec.onInvoke (C:\Angular project-2\codebook\node_modules\zone.js\bundles\zone-testing.umd.js:2177:43)
    at _ZoneDelegate.invoke (C:\Angular project-2\codebook\node_modules\zone.js\bundles\zone.umd.js:415:38)
    at Object.onInvoke (C:\Angular project-2\codebook\node_modules\@angular\core\fesm2022\core.mjs:6528:33)
    at _ZoneDelegate.invoke (C:\Angular project-2\codebook\node_modules\zone.js\bundles\zone.umd.js:415:38)
    at ZoneImpl.run (C:\Angular project-2\codebook\node_modules\zone.js\bundles\zone.umd.js:147:47)
    at NgZone.run (C:\Angular project-2\codebook\node_modules\@angular\core\fesm2022\core.mjs:6374:28)
    at _TestBedImpl.createComponent (C:\Angular project-2\codebook\node_modules\@angular\core\fesm2022\testing.mjs:2058:41)
    at Function.createComponent (C:\Angular project-2\codebook\node_modules\@angular\core\fesm2022\testing.mjs:1844:37)
    at C:\Angular project-2\codebook\src\app\app.component.spec.ts:49:23
    at Generator.next (<anonymous>)
    at fulfilled (C:\Angular project-2\codebook\node_modules\tslib\tslib.js:167:62)
    at _ZoneDelegate.invoke (C:\Angular project-2\codebook\node_modules\zone.js\bundles\zone.umd.js:416:32)
    at ProxyZoneSpec.Object.<anonymous>.ProxyZoneSpec.onInvoke (C:\Angular project-2\codebook\node_modules\zone.js\bundles\zone-testing.umd.js:2177:43)
    at _ZoneDelegate.invoke (C:\Angular project-2\codebook\node_modules\zone.js\bundles\zone.umd.js:415:38)
    at ZoneImpl.run (C:\Angular project-2\codebook\node_modules\zone.js\bundles\zone.umd.js:147:47)
    at C:\Angular project-2\codebook\node_modules\zone.js\bundles\zone.umd.js:2598:42
    at _ZoneDelegate.invokeTask (C:\Angular project-2\codebook\node_modules\zone.js\bundles\zone.umd.js:449:37)
    at ProxyZoneSpec.Object.<anonymous>.ProxyZoneSpec.onInvokeTask (C:\Angular project-2\codebook\node_modules\zone.js\bundles\zone-testing.umd.js:2208:43)
    at _ZoneDelegate.invokeTask (C:\Angular project-2\codebook\node_modules\zone.js\bundles\zone.umd.js:448:42)
    at ZoneImpl.runTask (C:\Angular project-2\codebook\node_modules\zone.js\bundles\zone.umd.js:196:51)
    at drainMicroTaskQueue (C:\Angular project-2\codebook\node_modules\zone.js\bundles\zone.umd.js:638:39)
    at processTicksAndRejections (node:internal/process/task_queues:105:5)]]></failure>
    </testCase>
    <testCase name="AppComponent App Routing should route to users component" duration="36">
      <failure message="TypeError: window.matchMedia is not a function"><![CDATA[TypeError: window.matchMedia is not a function
    at new matchMedia (C:\Angular project-2\codebook\src\app\services\dark-mode.service.ts:30:12)
    at Object.DarkModeService_Factory [as factory] (ng:///DarkModeService/ɵfac.js:5:10)
    at C:\Angular project-2\codebook\node_modules\@angular\core\fesm2022\core.mjs:2274:47
    at runInInjectorProfilerContext (C:\Angular project-2\codebook\node_modules\@angular\core\fesm2022\core.mjs:880:9)
    at R3Injector.hydrate (C:\Angular project-2\codebook\node_modules\@angular\core\fesm2022\core.mjs:2273:21)
    at R3Injector.get (C:\Angular project-2\codebook\node_modules\@angular\core\fesm2022\core.mjs:2141:33)
    at R3Injector.get (C:\Angular project-2\codebook\node_modules\@angular\core\fesm2022\core.mjs:2151:33)
    at ChainedInjector.get (C:\Angular project-2\codebook\node_modules\@angular\core\fesm2022\core.mjs:17238:36)
    at lookupTokenUsingModuleInjector (C:\Angular project-2\codebook\node_modules\@angular\core\fesm2022\core.mjs:5063:39)
    at getOrCreateInjectable (C:\Angular project-2\codebook\node_modules\@angular\core\fesm2022\core.mjs:5111:12)
    at ɵɵdirectiveInject (C:\Angular project-2\codebook\node_modules\@angular\core\fesm2022\core.mjs:17289:19)
    at ɵɵinject (C:\Angular project-2\codebook\node_modules\@angular\core\fesm2022\core.mjs:1125:42)
    at inject (C:\Angular project-2\codebook\node_modules\@angular\core\fesm2022\core.mjs:1211:12)
    at new AppComponent (C:\Angular project-2\codebook\src\app\app.component.ts:41:34)
    at NodeInjectorFactory.AppComponent_Factory [as factory] (ng:///AppComponent/ɵfac.js:5:10)
    at getNodeInjectable (C:\Angular project-2\codebook\node_modules\@angular\core\fesm2022\core.mjs:5323:44)
    at instantiateAllDirectives (C:\Angular project-2\codebook\node_modules\@angular\core\fesm2022\core.mjs:12562:27)
    at createDirectivesInstances (C:\Angular project-2\codebook\node_modules\@angular\core\fesm2022\core.mjs:12352:5)
    at ComponentFactory2.create (C:\Angular project-2\codebook\node_modules\@angular\core\fesm2022\core.mjs:17945:17)
    at initComponent (C:\Angular project-2\codebook\node_modules\@angular\core\fesm2022\testing.mjs:2053:51)
    at _ZoneDelegate.invoke (C:\Angular project-2\codebook\node_modules\zone.js\bundles\zone.umd.js:416:32)
    at ProxyZoneSpec.Object.<anonymous>.ProxyZoneSpec.onInvoke (C:\Angular project-2\codebook\node_modules\zone.js\bundles\zone-testing.umd.js:2177:43)
    at _ZoneDelegate.invoke (C:\Angular project-2\codebook\node_modules\zone.js\bundles\zone.umd.js:415:38)
    at Object.onInvoke (C:\Angular project-2\codebook\node_modules\@angular\core\fesm2022\core.mjs:6528:33)
    at _ZoneDelegate.invoke (C:\Angular project-2\codebook\node_modules\zone.js\bundles\zone.umd.js:415:38)
    at ZoneImpl.run (C:\Angular project-2\codebook\node_modules\zone.js\bundles\zone.umd.js:147:47)
    at NgZone.run (C:\Angular project-2\codebook\node_modules\@angular\core\fesm2022\core.mjs:6374:28)
    at _TestBedImpl.createComponent (C:\Angular project-2\codebook\node_modules\@angular\core\fesm2022\testing.mjs:2058:41)
    at Function.createComponent (C:\Angular project-2\codebook\node_modules\@angular\core\fesm2022\testing.mjs:1844:37)
    at C:\Angular project-2\codebook\src\app\app.component.spec.ts:49:23
    at Generator.next (<anonymous>)
    at fulfilled (C:\Angular project-2\codebook\node_modules\tslib\tslib.js:167:62)
    at _ZoneDelegate.invoke (C:\Angular project-2\codebook\node_modules\zone.js\bundles\zone.umd.js:416:32)
    at ProxyZoneSpec.Object.<anonymous>.ProxyZoneSpec.onInvoke (C:\Angular project-2\codebook\node_modules\zone.js\bundles\zone-testing.umd.js:2177:43)
    at _ZoneDelegate.invoke (C:\Angular project-2\codebook\node_modules\zone.js\bundles\zone.umd.js:415:38)
    at ZoneImpl.run (C:\Angular project-2\codebook\node_modules\zone.js\bundles\zone.umd.js:147:47)
    at C:\Angular project-2\codebook\node_modules\zone.js\bundles\zone.umd.js:2598:42
    at _ZoneDelegate.invokeTask (C:\Angular project-2\codebook\node_modules\zone.js\bundles\zone.umd.js:449:37)
    at ProxyZoneSpec.Object.<anonymous>.ProxyZoneSpec.onInvokeTask (C:\Angular project-2\codebook\node_modules\zone.js\bundles\zone-testing.umd.js:2208:43)
    at _ZoneDelegate.invokeTask (C:\Angular project-2\codebook\node_modules\zone.js\bundles\zone.umd.js:448:42)
    at ZoneImpl.runTask (C:\Angular project-2\codebook\node_modules\zone.js\bundles\zone.umd.js:196:51)
    at drainMicroTaskQueue (C:\Angular project-2\codebook\node_modules\zone.js\bundles\zone.umd.js:638:39)
    at processTicksAndRejections (node:internal/process/task_queues:105:5)]]></failure>
    </testCase>
    <testCase name="AppConfig should provide zone change detection with event coalescing" duration="12">
      <failure message="Error: expect(received).toBeDefined()"><![CDATA[Error: expect(received).toBeDefined()

Received: undefined
    at C:\Angular project-2\codebook\src\app\app.component.spec.ts:294:26
    at _ZoneDelegate.invoke (C:\Angular project-2\codebook\node_modules\zone.js\bundles\zone.umd.js:416:32)
    at ProxyZoneSpec.Object.<anonymous>.ProxyZoneSpec.onInvoke (C:\Angular project-2\codebook\node_modules\zone.js\bundles\zone-testing.umd.js:2177:43)
    at _ZoneDelegate.invoke (C:\Angular project-2\codebook\node_modules\zone.js\bundles\zone.umd.js:415:38)
    at ZoneImpl.run (C:\Angular project-2\codebook\node_modules\zone.js\bundles\zone.umd.js:147:47)
    at Object.wrappedFunc (C:\Angular project-2\codebook\node_modules\zone.js\bundles\zone-testing.umd.js:450:38)
    at Promise.then.completed (C:\Angular project-2\codebook\node_modules\jest-circus\build\utils.js:298:28)
    at new Promise (<anonymous>)
    at callAsyncCircusFn (C:\Angular project-2\codebook\node_modules\jest-circus\build\utils.js:231:10)
    at _callCircusTest (C:\Angular project-2\codebook\node_modules\jest-circus\build\run.js:316:40)
    at processTicksAndRejections (node:internal/process/task_queues:105:5)
    at _runTest (C:\Angular project-2\codebook\node_modules\jest-circus\build\run.js:252:3)
    at _runTestsForDescribeBlock (C:\Angular project-2\codebook\node_modules\jest-circus\build\run.js:126:9)
    at _runTestsForDescribeBlock (C:\Angular project-2\codebook\node_modules\jest-circus\build\run.js:121:9)
    at run (C:\Angular project-2\codebook\node_modules\jest-circus\build\run.js:71:3)
    at runAndTransformResultsToJestFormat (C:\Angular project-2\codebook\node_modules\jest-circus\build\legacy-code-todo-rewrite\jestAdapterInit.js:122:21)]]></failure>
    </testCase>
    <testCase name="AppConfig should provide router with correct routes" duration="1">
      <failure message="Error: expect(received).toBeDefined()"><![CDATA[Error: expect(received).toBeDefined()

Received: undefined
    at C:\Angular project-2\codebook\src\app\app.component.spec.ts:302:28
    at _ZoneDelegate.invoke (C:\Angular project-2\codebook\node_modules\zone.js\bundles\zone.umd.js:416:32)
    at ProxyZoneSpec.Object.<anonymous>.ProxyZoneSpec.onInvoke (C:\Angular project-2\codebook\node_modules\zone.js\bundles\zone-testing.umd.js:2177:43)
    at _ZoneDelegate.invoke (C:\Angular project-2\codebook\node_modules\zone.js\bundles\zone.umd.js:415:38)
    at ZoneImpl.run (C:\Angular project-2\codebook\node_modules\zone.js\bundles\zone.umd.js:147:47)
    at Object.wrappedFunc (C:\Angular project-2\codebook\node_modules\zone.js\bundles\zone-testing.umd.js:450:38)
    at Promise.then.completed (C:\Angular project-2\codebook\node_modules\jest-circus\build\utils.js:298:28)
    at new Promise (<anonymous>)
    at callAsyncCircusFn (C:\Angular project-2\codebook\node_modules\jest-circus\build\utils.js:231:10)
    at _callCircusTest (C:\Angular project-2\codebook\node_modules\jest-circus\build\run.js:316:40)
    at processTicksAndRejections (node:internal/process/task_queues:105:5)
    at _runTest (C:\Angular project-2\codebook\node_modules\jest-circus\build\run.js:252:3)
    at _runTestsForDescribeBlock (C:\Angular project-2\codebook\node_modules\jest-circus\build\run.js:126:9)
    at _runTestsForDescribeBlock (C:\Angular project-2\codebook\node_modules\jest-circus\build\run.js:121:9)
    at run (C:\Angular project-2\codebook\node_modules\jest-circus\build\run.js:71:3)
    at runAndTransformResultsToJestFormat (C:\Angular project-2\codebook\node_modules\jest-circus\build\legacy-code-todo-rewrite\jestAdapterInit.js:122:21)]]></failure>
    </testCase>
  </file>
  <file path="C:\Angular project-2\codebook\src\app\pages\users\users.component.spec.ts">
    <testCase name="UsersComponent Initialization should create the component" duration="748"/>
    <testCase name="UsersComponent Initialization should initialize properties" duration="79"/>
    <testCase name="UsersComponent Initialization should call loadUsers and set filterPredicate on ngOnInit" duration="101"/>
    <testCase name="UsersComponent Initialization should set dataSource.data, paginator, and call detectChanges when users change" duration="375">
      <failure message="TypeError: Cannot read private member #channel from an object whose class did not declare it"><![CDATA[TypeError: Cannot read private member #channel from an object whose class did not declare it
    at C:\Angular project-2\codebook\src\app\pages\users\users.component.spec.ts:140:46
    at _ZoneDelegate.invoke (C:\Angular project-2\codebook\node_modules\zone.js\bundles\zone.umd.js:416:32)
    at ProxyZoneSpec.Object.<anonymous>.ProxyZoneSpec.onInvoke (C:\Angular project-2\codebook\node_modules\zone.js\bundles\zone-testing.umd.js:2177:43)
    at _ZoneDelegate.invoke (C:\Angular project-2\codebook\node_modules\zone.js\bundles\zone.umd.js:415:38)
    at ZoneImpl.run (C:\Angular project-2\codebook\node_modules\zone.js\bundles\zone.umd.js:147:47)
    at Object.wrappedFunc (C:\Angular project-2\codebook\node_modules\zone.js\bundles\zone-testing.umd.js:450:38)
    at Promise.then.completed (C:\Angular project-2\codebook\node_modules\jest-circus\build\utils.js:298:28)
    at new Promise (<anonymous>)
    at callAsyncCircusFn (C:\Angular project-2\codebook\node_modules\jest-circus\build\utils.js:231:10)
    at _callCircusTest (C:\Angular project-2\codebook\node_modules\jest-circus\build\run.js:316:40)
    at processTicksAndRejections (node:internal/process/task_queues:105:5)
    at _runTest (C:\Angular project-2\codebook\node_modules\jest-circus\build\run.js:252:3)
    at _runTestsForDescribeBlock (C:\Angular project-2\codebook\node_modules\jest-circus\build\run.js:126:9)
    at _runTestsForDescribeBlock (C:\Angular project-2\codebook\node_modules\jest-circus\build\run.js:121:9)
    at _runTestsForDescribeBlock (C:\Angular project-2\codebook\node_modules\jest-circus\build\run.js:121:9)
    at run (C:\Angular project-2\codebook\node_modules\jest-circus\build\run.js:71:3)
    at runAndTransformResultsToJestFormat (C:\Angular project-2\codebook\node_modules\jest-circus\build\legacy-code-todo-rewrite\jestAdapterInit.js:122:21)]]></failure>
    </testCase>
    <testCase name="UsersComponent Initialization should show error toast and log error when store has error" duration="210">
      <failure message="Error: expect(jest.fn()).toHaveBeenCalled()"><![CDATA[Error: expect(jest.fn()).toHaveBeenCalled()

Expected number of calls: >= 1
Received number of calls:    0
    at C:\Angular project-2\codebook\src\app\pages\users\users.component.spec.ts:151:37
    at _ZoneDelegate.invoke (C:\Angular project-2\codebook\node_modules\zone.js\bundles\zone.umd.js:416:32)
    at ProxyZoneSpec.Object.<anonymous>.ProxyZoneSpec.onInvoke (C:\Angular project-2\codebook\node_modules\zone.js\bundles\zone-testing.umd.js:2177:43)
    at _ZoneDelegate.invoke (C:\Angular project-2\codebook\node_modules\zone.js\bundles\zone.umd.js:415:38)
    at ZoneImpl.run (C:\Angular project-2\codebook\node_modules\zone.js\bundles\zone.umd.js:147:47)
    at Object.wrappedFunc (C:\Angular project-2\codebook\node_modules\zone.js\bundles\zone-testing.umd.js:450:38)
    at Promise.then.completed (C:\Angular project-2\codebook\node_modules\jest-circus\build\utils.js:298:28)
    at new Promise (<anonymous>)
    at callAsyncCircusFn (C:\Angular project-2\codebook\node_modules\jest-circus\build\utils.js:231:10)
    at _callCircusTest (C:\Angular project-2\codebook\node_modules\jest-circus\build\run.js:316:40)
    at processTicksAndRejections (node:internal/process/task_queues:105:5)
    at _runTest (C:\Angular project-2\codebook\node_modules\jest-circus\build\run.js:252:3)
    at _runTestsForDescribeBlock (C:\Angular project-2\codebook\node_modules\jest-circus\build\run.js:126:9)
    at _runTestsForDescribeBlock (C:\Angular project-2\codebook\node_modules\jest-circus\build\run.js:121:9)
    at _runTestsForDescribeBlock (C:\Angular project-2\codebook\node_modules\jest-circus\build\run.js:121:9)
    at run (C:\Angular project-2\codebook\node_modules\jest-circus\build\run.js:71:3)
    at runAndTransformResultsToJestFormat (C:\Angular project-2\codebook\node_modules\jest-circus\build\legacy-code-todo-rewrite\jestAdapterInit.js:122:21)]]></failure>
    </testCase>
    <testCase name="UsersComponent Initialization should log warning if paginator is not initialized" duration="166">
      <failure message="Error: expect(jest.fn()).toHaveBeenCalled()"><![CDATA[Error: expect(jest.fn()).toHaveBeenCalled()

Expected number of calls: >= 1
Received number of calls:    0
    at C:\Angular project-2\codebook\src\app\pages\users\users.component.spec.ts:160:37
    at _ZoneDelegate.invoke (C:\Angular project-2\codebook\node_modules\zone.js\bundles\zone.umd.js:416:32)
    at ProxyZoneSpec.Object.<anonymous>.ProxyZoneSpec.onInvoke (C:\Angular project-2\codebook\node_modules\zone.js\bundles\zone-testing.umd.js:2177:43)
    at _ZoneDelegate.invoke (C:\Angular project-2\codebook\node_modules\zone.js\bundles\zone.umd.js:415:38)
    at ZoneImpl.run (C:\Angular project-2\codebook\node_modules\zone.js\bundles\zone.umd.js:147:47)
    at Object.wrappedFunc (C:\Angular project-2\codebook\node_modules\zone.js\bundles\zone-testing.umd.js:450:38)
    at Promise.then.completed (C:\Angular project-2\codebook\node_modules\jest-circus\build\utils.js:298:28)
    at new Promise (<anonymous>)
    at callAsyncCircusFn (C:\Angular project-2\codebook\node_modules\jest-circus\build\utils.js:231:10)
    at _callCircusTest (C:\Angular project-2\codebook\node_modules\jest-circus\build\run.js:316:40)
    at processTicksAndRejections (node:internal/process/task_queues:105:5)
    at _runTest (C:\Angular project-2\codebook\node_modules\jest-circus\build\run.js:252:3)
    at _runTestsForDescribeBlock (C:\Angular project-2\codebook\node_modules\jest-circus\build\run.js:126:9)
    at _runTestsForDescribeBlock (C:\Angular project-2\codebook\node_modules\jest-circus\build\run.js:121:9)
    at _runTestsForDescribeBlock (C:\Angular project-2\codebook\node_modules\jest-circus\build\run.js:121:9)
    at run (C:\Angular project-2\codebook\node_modules\jest-circus\build\run.js:71:3)
    at runAndTransformResultsToJestFormat (C:\Angular project-2\codebook\node_modules\jest-circus\build\legacy-code-todo-rewrite\jestAdapterInit.js:122:21)]]></failure>
    </testCase>
    <testCase name="UsersComponent User Actions should open dialog for adding user" duration="299">
      <failure message="TypeError: Cannot read properties of undefined (reading &apos;push&apos;)"><![CDATA[TypeError: Cannot read properties of undefined (reading 'push')
    at _MatDialog.open (C:\Angular project-2\codebook\node_modules\@angular\material\fesm2022\module-c1a8b4bb.mjs:638:26)
    at UsersComponent.open [as openPopup] (C:\Angular project-2\codebook\src\app\pages\users\users.component.ts:92:17)
    at UsersComponent.openPopup [as addUser] (C:\Angular project-2\codebook\src\app\pages\users\users.component.ts:80:10)
    at C:\Angular project-2\codebook\src\app\pages\users\users.component.spec.ts:167:17
    at _ZoneDelegate.invoke (C:\Angular project-2\codebook\node_modules\zone.js\bundles\zone.umd.js:416:32)
    at ProxyZoneSpec.Object.<anonymous>.ProxyZoneSpec.onInvoke (C:\Angular project-2\codebook\node_modules\zone.js\bundles\zone-testing.umd.js:2177:43)
    at _ZoneDelegate.invoke (C:\Angular project-2\codebook\node_modules\zone.js\bundles\zone.umd.js:415:38)
    at ZoneImpl.run (C:\Angular project-2\codebook\node_modules\zone.js\bundles\zone.umd.js:147:47)
    at Object.wrappedFunc (C:\Angular project-2\codebook\node_modules\zone.js\bundles\zone-testing.umd.js:450:38)
    at Promise.then.completed (C:\Angular project-2\codebook\node_modules\jest-circus\build\utils.js:298:28)
    at new Promise (<anonymous>)
    at callAsyncCircusFn (C:\Angular project-2\codebook\node_modules\jest-circus\build\utils.js:231:10)
    at _callCircusTest (C:\Angular project-2\codebook\node_modules\jest-circus\build\run.js:316:40)
    at processTicksAndRejections (node:internal/process/task_queues:105:5)
    at _runTest (C:\Angular project-2\codebook\node_modules\jest-circus\build\run.js:252:3)
    at _runTestsForDescribeBlock (C:\Angular project-2\codebook\node_modules\jest-circus\build\run.js:126:9)
    at _runTestsForDescribeBlock (C:\Angular project-2\codebook\node_modules\jest-circus\build\run.js:121:9)
    at _runTestsForDescribeBlock (C:\Angular project-2\codebook\node_modules\jest-circus\build\run.js:121:9)
    at run (C:\Angular project-2\codebook\node_modules\jest-circus\build\run.js:71:3)
    at runAndTransformResultsToJestFormat (C:\Angular project-2\codebook\node_modules\jest-circus\build\legacy-code-todo-rewrite\jestAdapterInit.js:122:21)]]></failure>
    </testCase>
    <testCase name="UsersComponent User Actions should open dialog for editing user" duration="214">
      <failure message="TypeError: Cannot read properties of undefined (reading &apos;push&apos;)"><![CDATA[TypeError: Cannot read properties of undefined (reading 'push')
    at _MatDialog.open (C:\Angular project-2\codebook\node_modules\@angular\material\fesm2022\module-c1a8b4bb.mjs:638:26)
    at UsersComponent.open [as openPopup] (C:\Angular project-2\codebook\src\app\pages\users\users.component.ts:92:17)
    at UsersComponent.openPopup [as editUser] (C:\Angular project-2\codebook\src\app\pages\users\users.component.ts:88:10)
    at C:\Angular project-2\codebook\src\app\pages\users\users.component.spec.ts:178:17
    at _ZoneDelegate.invoke (C:\Angular project-2\codebook\node_modules\zone.js\bundles\zone.umd.js:416:32)
    at ProxyZoneSpec.Object.<anonymous>.ProxyZoneSpec.onInvoke (C:\Angular project-2\codebook\node_modules\zone.js\bundles\zone-testing.umd.js:2177:43)
    at _ZoneDelegate.invoke (C:\Angular project-2\codebook\node_modules\zone.js\bundles\zone.umd.js:415:38)
    at ZoneImpl.run (C:\Angular project-2\codebook\node_modules\zone.js\bundles\zone.umd.js:147:47)
    at Object.wrappedFunc (C:\Angular project-2\codebook\node_modules\zone.js\bundles\zone-testing.umd.js:450:38)
    at Promise.then.completed (C:\Angular project-2\codebook\node_modules\jest-circus\build\utils.js:298:28)
    at new Promise (<anonymous>)
    at callAsyncCircusFn (C:\Angular project-2\codebook\node_modules\jest-circus\build\utils.js:231:10)
    at _callCircusTest (C:\Angular project-2\codebook\node_modules\jest-circus\build\run.js:316:40)
    at processTicksAndRejections (node:internal/process/task_queues:105:5)
    at _runTest (C:\Angular project-2\codebook\node_modules\jest-circus\build\run.js:252:3)
    at _runTestsForDescribeBlock (C:\Angular project-2\codebook\node_modules\jest-circus\build\run.js:126:9)
    at _runTestsForDescribeBlock (C:\Angular project-2\codebook\node_modules\jest-circus\build\run.js:121:9)
    at _runTestsForDescribeBlock (C:\Angular project-2\codebook\node_modules\jest-circus\build\run.js:121:9)
    at run (C:\Angular project-2\codebook\node_modules\jest-circus\build\run.js:71:3)
    at runAndTransformResultsToJestFormat (C:\Angular project-2\codebook\node_modules\jest-circus\build\legacy-code-todo-rewrite\jestAdapterInit.js:122:21)]]></failure>
    </testCase>
    <testCase name="UsersComponent User Actions should call deleteUser on store when deleting user" duration="71"/>
    <testCase name="UsersComponent User Actions should open popup with correct configuration" duration="113">
      <failure message="TypeError: Cannot read properties of undefined (reading &apos;push&apos;)"><![CDATA[TypeError: Cannot read properties of undefined (reading 'push')
    at _MatDialog.open (C:\Angular project-2\codebook\node_modules\@angular\material\fesm2022\module-c1a8b4bb.mjs:638:26)
    at UsersComponent.open [as openPopup] (C:\Angular project-2\codebook\src\app\pages\users\users.component.ts:92:17)
    at C:\Angular project-2\codebook\src\app\pages\users\users.component.spec.ts:194:17
    at _ZoneDelegate.invoke (C:\Angular project-2\codebook\node_modules\zone.js\bundles\zone.umd.js:416:32)
    at ProxyZoneSpec.Object.<anonymous>.ProxyZoneSpec.onInvoke (C:\Angular project-2\codebook\node_modules\zone.js\bundles\zone-testing.umd.js:2177:43)
    at _ZoneDelegate.invoke (C:\Angular project-2\codebook\node_modules\zone.js\bundles\zone.umd.js:415:38)
    at ZoneImpl.run (C:\Angular project-2\codebook\node_modules\zone.js\bundles\zone.umd.js:147:47)
    at Object.wrappedFunc (C:\Angular project-2\codebook\node_modules\zone.js\bundles\zone-testing.umd.js:450:38)
    at Promise.then.completed (C:\Angular project-2\codebook\node_modules\jest-circus\build\utils.js:298:28)
    at new Promise (<anonymous>)
    at callAsyncCircusFn (C:\Angular project-2\codebook\node_modules\jest-circus\build\utils.js:231:10)
    at _callCircusTest (C:\Angular project-2\codebook\node_modules\jest-circus\build\run.js:316:40)
    at processTicksAndRejections (node:internal/process/task_queues:105:5)
    at _runTest (C:\Angular project-2\codebook\node_modules\jest-circus\build\run.js:252:3)
    at _runTestsForDescribeBlock (C:\Angular project-2\codebook\node_modules\jest-circus\build\run.js:126:9)
    at _runTestsForDescribeBlock (C:\Angular project-2\codebook\node_modules\jest-circus\build\run.js:121:9)
    at _runTestsForDescribeBlock (C:\Angular project-2\codebook\node_modules\jest-circus\build\run.js:121:9)
    at run (C:\Angular project-2\codebook\node_modules\jest-circus\build\run.js:71:3)
    at runAndTransformResultsToJestFormat (C:\Angular project-2\codebook\node_modules\jest-circus\build\legacy-code-todo-rewrite\jestAdapterInit.js:122:21)]]></failure>
    </testCase>
    <testCase name="UsersComponent Filtering should apply filter when search term changes with paginator" duration="239">
      <failure message="TypeError: Cannot read properties of undefined (reading &apos;firstPage&apos;)"><![CDATA[TypeError: Cannot read properties of undefined (reading 'firstPage')
    at C:\Angular project-2\codebook\src\app\pages\users\users.component.spec.ts:212:46
    at _ZoneDelegate.invoke (C:\Angular project-2\codebook\node_modules\zone.js\bundles\zone.umd.js:416:32)
    at ProxyZoneSpec.Object.<anonymous>.ProxyZoneSpec.onInvoke (C:\Angular project-2\codebook\node_modules\zone.js\bundles\zone-testing.umd.js:2177:43)
    at _ZoneDelegate.invoke (C:\Angular project-2\codebook\node_modules\zone.js\bundles\zone.umd.js:415:38)
    at ZoneImpl.run (C:\Angular project-2\codebook\node_modules\zone.js\bundles\zone.umd.js:147:47)
    at Object.wrappedFunc (C:\Angular project-2\codebook\node_modules\zone.js\bundles\zone-testing.umd.js:450:38)
    at Promise.then.completed (C:\Angular project-2\codebook\node_modules\jest-circus\build\utils.js:298:28)
    at new Promise (<anonymous>)
    at callAsyncCircusFn (C:\Angular project-2\codebook\node_modules\jest-circus\build\utils.js:231:10)
    at _callCircusTest (C:\Angular project-2\codebook\node_modules\jest-circus\build\run.js:316:40)
    at processTicksAndRejections (node:internal/process/task_queues:105:5)
    at _runTest (C:\Angular project-2\codebook\node_modules\jest-circus\build\run.js:252:3)
    at _runTestsForDescribeBlock (C:\Angular project-2\codebook\node_modules\jest-circus\build\run.js:126:9)
    at _runTestsForDescribeBlock (C:\Angular project-2\codebook\node_modules\jest-circus\build\run.js:121:9)
    at _runTestsForDescribeBlock (C:\Angular project-2\codebook\node_modules\jest-circus\build\run.js:121:9)
    at run (C:\Angular project-2\codebook\node_modules\jest-circus\build\run.js:71:3)
    at runAndTransformResultsToJestFormat (C:\Angular project-2\codebook\node_modules\jest-circus\build\legacy-code-todo-rewrite\jestAdapterInit.js:122:21)]]></failure>
    </testCase>
    <testCase name="UsersComponent Filtering should apply filter when search term changes without paginator" duration="139">
      <failure message="Error: expect(jest.fn()).toHaveBeenCalled()"><![CDATA[Error: expect(jest.fn()).toHaveBeenCalled()

Expected number of calls: >= 1
Received number of calls:    0
    at C:\Angular project-2\codebook\src\app\pages\users\users.component.spec.ts:222:37
    at _ZoneDelegate.invoke (C:\Angular project-2\codebook\node_modules\zone.js\bundles\zone.umd.js:416:32)
    at ProxyZoneSpec.Object.<anonymous>.ProxyZoneSpec.onInvoke (C:\Angular project-2\codebook\node_modules\zone.js\bundles\zone-testing.umd.js:2177:43)
    at _ZoneDelegate.invoke (C:\Angular project-2\codebook\node_modules\zone.js\bundles\zone.umd.js:415:38)
    at ZoneImpl.run (C:\Angular project-2\codebook\node_modules\zone.js\bundles\zone.umd.js:147:47)
    at Object.wrappedFunc (C:\Angular project-2\codebook\node_modules\zone.js\bundles\zone-testing.umd.js:450:38)
    at Promise.then.completed (C:\Angular project-2\codebook\node_modules\jest-circus\build\utils.js:298:28)
    at new Promise (<anonymous>)
    at callAsyncCircusFn (C:\Angular project-2\codebook\node_modules\jest-circus\build\utils.js:231:10)
    at _callCircusTest (C:\Angular project-2\codebook\node_modules\jest-circus\build\run.js:316:40)
    at processTicksAndRejections (node:internal/process/task_queues:105:5)
    at _runTest (C:\Angular project-2\codebook\node_modules\jest-circus\build\run.js:252:3)
    at _runTestsForDescribeBlock (C:\Angular project-2\codebook\node_modules\jest-circus\build\run.js:126:9)
    at _runTestsForDescribeBlock (C:\Angular project-2\codebook\node_modules\jest-circus\build\run.js:121:9)
    at _runTestsForDescribeBlock (C:\Angular project-2\codebook\node_modules\jest-circus\build\run.js:121:9)
    at run (C:\Angular project-2\codebook\node_modules\jest-circus\build\run.js:71:3)
    at runAndTransformResultsToJestFormat (C:\Angular project-2\codebook\node_modules\jest-circus\build\legacy-code-todo-rewrite\jestAdapterInit.js:122:21)]]></failure>
    </testCase>
    <testCase name="UsersComponent Filtering should filter dataSource based on search term" duration="44"/>
    <testCase name="UsersComponent Pagination should initialize paginator with correct pageSizeOptions and pageSize" duration="30"/>
    <testCase name="UsersComponent Pagination should slice data correctly based on paginator" duration="93"/>
    <testCase name="UsersComponent Template Interactions should display users in table view on desktop" duration="232"/>
    <testCase name="UsersComponent Template Interactions should display users in card view on mobile" duration="183"/>
    <testCase name="UsersComponent Template Interactions should trigger addUser when clicking Add New button" duration="145"/>
    <testCase name="UsersComponent Template Interactions should trigger editUser when clicking Edit button" duration="155"/>
    <testCase name="UsersComponent Template Interactions should trigger deleteUser when clicking Delete button" duration="130"/>
    <testCase name="UsersComponent Template Interactions should apply filter when typing in search input" duration="113"/>
    <testCase name="UsersComponent Dark Mode should apply dark-theme class when darkModeService.isDarkMode is true" duration="126"/>
    <testCase name="UsersComponent Dark Mode should not apply dark-theme class when darkModeService.isDarkMode is false" duration="96"/>
    <testCase name="UsersComponent Lifecycle Hooks should log on ngOnInit" duration="28"/>
    <testCase name="UsersComponent Lifecycle Hooks should log on ngOnDestroy" duration="36"/>
  </file>
</testExecutions>