<?xml version="1.0" encoding="UTF-8"?>
<testExecutions version="1">
  <file path="C:\Angular project-2\codebook\src\app\custom-sidenav\custom-sidenav.component.spec.ts">
    <testCase name="CustomSidenavComponent should create the component" duration="649"/>
    <testCase name="CustomSidenavComponent should inject ResponsiveService" duration="91"/>
    <testCase name="CustomSidenavComponent should inject DarkModeService" duration="139"/>
    <testCase name="CustomSidenavComponent should initialize menuItems signal with correct items" duration="103"/>
    <testCase name="CustomSidenavComponent should initialize sideNavCollapsed signal as false" duration="91"/>
    <testCase name="CustomSidenavComponent should set sideNavCollapsed signal when collapsed input is set" duration="100"/>
    <testCase name="CustomSidenavComponent should render all menu items in the template" duration="130">
      <failure message="Error: expect(received).toBe(expected) // Object.is equality"><![CDATA[Error: expect(received).toBe(expected) // Object.is equality

Expected: 4
Received: 0
    at C:\Angular project-2\codebook\src\app\custom-sidenav\custom-sidenav.component.spec.ts:96:30
    at _ZoneDelegate.invoke (C:\Angular project-2\codebook\node_modules\zone.js\bundles\zone.umd.js:416:32)
    at ProxyZoneSpec.Object.<anonymous>.ProxyZoneSpec.onInvoke (C:\Angular project-2\codebook\node_modules\zone.js\bundles\zone-testing.umd.js:2177:43)
    at _ZoneDelegate.invoke (C:\Angular project-2\codebook\node_modules\zone.js\bundles\zone.umd.js:415:38)
    at ZoneImpl.run (C:\Angular project-2\codebook\node_modules\zone.js\bundles\zone.umd.js:147:47)
    at Object.wrappedFunc (C:\Angular project-2\codebook\node_modules\zone.js\bundles\zone-testing.umd.js:450:38)
    at Promise.then.completed (C:\Angular project-2\codebook\node_modules\jest-circus\build\utils.js:298:28)
    at new Promise (<anonymous>)
    at callAsyncCircusFn (C:\Angular project-2\codebook\node_modules\jest-circus\build\utils.js:231:10)
    at _callCircusTest (C:\Angular project-2\codebook\node_modules\jest-circus\build\run.js:316:40)
    at processTicksAndRejections (node:internal/process/task_queues:105:5)
    at _runTest (C:\Angular project-2\codebook\node_modules\jest-circus\build\run.js:252:3)
    at _runTestsForDescribeBlock (C:\Angular project-2\codebook\node_modules\jest-circus\build\run.js:126:9)
    at _runTestsForDescribeBlock (C:\Angular project-2\codebook\node_modules\jest-circus\build\run.js:121:9)
    at run (C:\Angular project-2\codebook\node_modules\jest-circus\build\run.js:71:3)
    at runAndTransformResultsToJestFormat (C:\Angular project-2\codebook\node_modules\jest-circus\build\legacy-code-todo-rewrite\jestAdapterInit.js:122:21)]]></failure>
    </testCase>
    <testCase name="CustomSidenavComponent should apply collapsed class when sideNavCollapsed is true" duration="96">
      <failure message="TypeError: ctx_r2.responsiveService.isMobile is not a function"><![CDATA[TypeError: ctx_r2.responsiveService.isMobile is not a function
    at CustomSidenavComponent_a_2_Template (ng:///CustomSidenavComponent.js:36:69)
    at executeTemplate (C:\Angular project-2\codebook\node_modules\@angular\core\fesm2022\core.mjs:12338:9)
    at refreshView (C:\Angular project-2\codebook\node_modules\@angular\core\fesm2022\core.mjs:14023:13)
    at detectChangesInView (C:\Angular project-2\codebook\node_modules\@angular\core\fesm2022\core.mjs:14243:9)
    at detectChangesInViewIfAttached (C:\Angular project-2\codebook\node_modules\@angular\core\fesm2022\core.mjs:14203:5)
    at detectChangesInEmbeddedViews (C:\Angular project-2\codebook\node_modules\@angular\core\fesm2022\core.mjs:14160:13)
    at refreshView (C:\Angular project-2\codebook\node_modules\@angular\core\fesm2022\core.mjs:14052:9)
    at detectChangesInView (C:\Angular project-2\codebook\node_modules\@angular\core\fesm2022\core.mjs:14243:9)
    at detectChangesInViewIfAttached (C:\Angular project-2\codebook\node_modules\@angular\core\fesm2022\core.mjs:14203:5)
    at detectChangesInComponent (C:\Angular project-2\codebook\node_modules\@angular\core\fesm2022\core.mjs:14191:5)
    at detectChangesInChildComponents (C:\Angular project-2\codebook\node_modules\@angular\core\fesm2022\core.mjs:14262:9)
    at refreshView (C:\Angular project-2\codebook\node_modules\@angular\core\fesm2022\core.mjs:14078:13)
    at detectChangesInView (C:\Angular project-2\codebook\node_modules\@angular\core\fesm2022\core.mjs:14243:9)
    at detectChangesInViewWhileDirty (C:\Angular project-2\codebook\node_modules\@angular\core\fesm2022\core.mjs:13935:9)
    at detectChangesInternal (C:\Angular project-2\codebook\node_modules\@angular\core\fesm2022\core.mjs:13917:9)
    at ViewRef.detectChanges (C:\Angular project-2\codebook\node_modules\@angular\core\fesm2022\core.mjs:14774:9)
    at C:\Angular project-2\codebook\node_modules\@angular\core\fesm2022\testing.mjs:292:44
    at _ZoneDelegate.invoke (C:\Angular project-2\codebook\node_modules\zone.js\bundles\zone.umd.js:416:32)
    at ProxyZoneSpec.Object.<anonymous>.ProxyZoneSpec.onInvoke (C:\Angular project-2\codebook\node_modules\zone.js\bundles\zone-testing.umd.js:2177:43)
    at _ZoneDelegate.invoke (C:\Angular project-2\codebook\node_modules\zone.js\bundles\zone.umd.js:415:38)
    at Object.onInvoke (C:\Angular project-2\codebook\node_modules\@angular\core\fesm2022\core.mjs:6528:33)
    at _ZoneDelegate.invoke (C:\Angular project-2\codebook\node_modules\zone.js\bundles\zone.umd.js:415:38)
    at ZoneImpl.run (C:\Angular project-2\codebook\node_modules\zone.js\bundles\zone.umd.js:147:47)
    at NgZone.run (C:\Angular project-2\codebook\node_modules\@angular\core\fesm2022\core.mjs:6374:28)
    at ComponentFixture.detectChanges (C:\Angular project-2\codebook\node_modules\@angular\core\fesm2022\testing.mjs:289:30)
    at C:\Angular project-2\codebook\src\app\custom-sidenav\custom-sidenav.component.spec.ts:112:13
    at _ZoneDelegate.invoke (C:\Angular project-2\codebook\node_modules\zone.js\bundles\zone.umd.js:416:32)
    at ProxyZoneSpec.Object.<anonymous>.ProxyZoneSpec.onInvoke (C:\Angular project-2\codebook\node_modules\zone.js\bundles\zone-testing.umd.js:2177:43)
    at _ZoneDelegate.invoke (C:\Angular project-2\codebook\node_modules\zone.js\bundles\zone.umd.js:415:38)
    at ZoneImpl.run (C:\Angular project-2\codebook\node_modules\zone.js\bundles\zone.umd.js:147:47)
    at Object.wrappedFunc (C:\Angular project-2\codebook\node_modules\zone.js\bundles\zone-testing.umd.js:450:38)
    at Promise.then.completed (C:\Angular project-2\codebook\node_modules\jest-circus\build\utils.js:298:28)
    at new Promise (<anonymous>)
    at callAsyncCircusFn (C:\Angular project-2\codebook\node_modules\jest-circus\build\utils.js:231:10)
    at _callCircusTest (C:\Angular project-2\codebook\node_modules\jest-circus\build\run.js:316:40)
    at processTicksAndRejections (node:internal/process/task_queues:105:5)
    at _runTest (C:\Angular project-2\codebook\node_modules\jest-circus\build\run.js:252:3)
    at _runTestsForDescribeBlock (C:\Angular project-2\codebook\node_modules\jest-circus\build\run.js:126:9)
    at _runTestsForDescribeBlock (C:\Angular project-2\codebook\node_modules\jest-circus\build\run.js:121:9)
    at run (C:\Angular project-2\codebook\node_modules\jest-circus\build\run.js:71:3)
    at runAndTransformResultsToJestFormat (C:\Angular project-2\codebook\node_modules\jest-circus\build\legacy-code-todo-rewrite\jestAdapterInit.js:122:21)]]></failure>
    </testCase>
    <testCase name="CustomSidenavComponent should not apply collapsed class when sideNavCollapsed is false" duration="122">
      <failure message="TypeError: Cannot read properties of null (reading &apos;classes&apos;)"><![CDATA[TypeError: Cannot read properties of null (reading 'classes')
    at C:\Angular project-2\codebook\src\app\custom-sidenav\custom-sidenav.component.spec.ts:123:20
    at _ZoneDelegate.invoke (C:\Angular project-2\codebook\node_modules\zone.js\bundles\zone.umd.js:416:32)
    at ProxyZoneSpec.Object.<anonymous>.ProxyZoneSpec.onInvoke (C:\Angular project-2\codebook\node_modules\zone.js\bundles\zone-testing.umd.js:2177:43)
    at _ZoneDelegate.invoke (C:\Angular project-2\codebook\node_modules\zone.js\bundles\zone.umd.js:415:38)
    at ZoneImpl.run (C:\Angular project-2\codebook\node_modules\zone.js\bundles\zone.umd.js:147:47)
    at Object.wrappedFunc (C:\Angular project-2\codebook\node_modules\zone.js\bundles\zone-testing.umd.js:450:38)
    at Promise.then.completed (C:\Angular project-2\codebook\node_modules\jest-circus\build\utils.js:298:28)
    at new Promise (<anonymous>)
    at callAsyncCircusFn (C:\Angular project-2\codebook\node_modules\jest-circus\build\utils.js:231:10)
    at _callCircusTest (C:\Angular project-2\codebook\node_modules\jest-circus\build\run.js:316:40)
    at processTicksAndRejections (node:internal/process/task_queues:105:5)
    at _runTest (C:\Angular project-2\codebook\node_modules\jest-circus\build\run.js:252:3)
    at _runTestsForDescribeBlock (C:\Angular project-2\codebook\node_modules\jest-circus\build\run.js:126:9)
    at _runTestsForDescribeBlock (C:\Angular project-2\codebook\node_modules\jest-circus\build\run.js:121:9)
    at run (C:\Angular project-2\codebook\node_modules\jest-circus\build\run.js:71:3)
    at runAndTransformResultsToJestFormat (C:\Angular project-2\codebook\node_modules\jest-circus\build\legacy-code-todo-rewrite\jestAdapterInit.js:122:21)]]></failure>
    </testCase>
    <testCase name="CustomSidenavComponent should handle empty menuItems signal" duration="310"/>
    <testCase name="CustomSidenavComponent should update menuItems signal and reflect in template" duration="112">
      <failure message="Error: expect(received).toBe(expected) // Object.is equality"><![CDATA[Error: expect(received).toBe(expected) // Object.is equality

Expected: 1
Received: 0
    at C:\Angular project-2\codebook\src\app\custom-sidenav\custom-sidenav.component.spec.ts:142:30
    at _ZoneDelegate.invoke (C:\Angular project-2\codebook\node_modules\zone.js\bundles\zone.umd.js:416:32)
    at ProxyZoneSpec.Object.<anonymous>.ProxyZoneSpec.onInvoke (C:\Angular project-2\codebook\node_modules\zone.js\bundles\zone-testing.umd.js:2177:43)
    at _ZoneDelegate.invoke (C:\Angular project-2\codebook\node_modules\zone.js\bundles\zone.umd.js:415:38)
    at ZoneImpl.run (C:\Angular project-2\codebook\node_modules\zone.js\bundles\zone.umd.js:147:47)
    at Object.wrappedFunc (C:\Angular project-2\codebook\node_modules\zone.js\bundles\zone-testing.umd.js:450:38)
    at Promise.then.completed (C:\Angular project-2\codebook\node_modules\jest-circus\build\utils.js:298:28)
    at new Promise (<anonymous>)
    at callAsyncCircusFn (C:\Angular project-2\codebook\node_modules\jest-circus\build\utils.js:231:10)
    at _callCircusTest (C:\Angular project-2\codebook\node_modules\jest-circus\build\run.js:316:40)
    at processTicksAndRejections (node:internal/process/task_queues:105:5)
    at _runTest (C:\Angular project-2\codebook\node_modules\jest-circus\build\run.js:252:3)
    at _runTestsForDescribeBlock (C:\Angular project-2\codebook\node_modules\jest-circus\build\run.js:126:9)
    at _runTestsForDescribeBlock (C:\Angular project-2\codebook\node_modules\jest-circus\build\run.js:121:9)
    at run (C:\Angular project-2\codebook\node_modules\jest-circus\build\run.js:71:3)
    at runAndTransformResultsToJestFormat (C:\Angular project-2\codebook\node_modules\jest-circus\build\legacy-code-todo-rewrite\jestAdapterInit.js:122:21)]]></failure>
    </testCase>
    <testCase name="CustomSidenavComponent should handle null collapsed input gracefully" duration="161">
      <failure message="Error: expect(received).toBe(expected) // Object.is equality"><![CDATA[Error: expect(received).toBe(expected) // Object.is equality

Expected: false
Received: null
    at C:\Angular project-2\codebook\src\app\custom-sidenav\custom-sidenav.component.spec.ts:152:42
    at _ZoneDelegate.invoke (C:\Angular project-2\codebook\node_modules\zone.js\bundles\zone.umd.js:416:32)
    at ProxyZoneSpec.Object.<anonymous>.ProxyZoneSpec.onInvoke (C:\Angular project-2\codebook\node_modules\zone.js\bundles\zone-testing.umd.js:2177:43)
    at _ZoneDelegate.invoke (C:\Angular project-2\codebook\node_modules\zone.js\bundles\zone.umd.js:415:38)
    at ZoneImpl.run (C:\Angular project-2\codebook\node_modules\zone.js\bundles\zone.umd.js:147:47)
    at Object.wrappedFunc (C:\Angular project-2\codebook\node_modules\zone.js\bundles\zone-testing.umd.js:450:38)
    at Promise.then.completed (C:\Angular project-2\codebook\node_modules\jest-circus\build\utils.js:298:28)
    at new Promise (<anonymous>)
    at callAsyncCircusFn (C:\Angular project-2\codebook\node_modules\jest-circus\build\utils.js:231:10)
    at _callCircusTest (C:\Angular project-2\codebook\node_modules\jest-circus\build\run.js:316:40)
    at processTicksAndRejections (node:internal/process/task_queues:105:5)
    at _runTest (C:\Angular project-2\codebook\node_modules\jest-circus\build\run.js:252:3)
    at _runTestsForDescribeBlock (C:\Angular project-2\codebook\node_modules\jest-circus\build\run.js:126:9)
    at _runTestsForDescribeBlock (C:\Angular project-2\codebook\node_modules\jest-circus\build\run.js:121:9)
    at run (C:\Angular project-2\codebook\node_modules\jest-circus\build\run.js:71:3)
    at runAndTransformResultsToJestFormat (C:\Angular project-2\codebook\node_modules\jest-circus\build\legacy-code-todo-rewrite\jestAdapterInit.js:122:21)]]></failure>
    </testCase>
    <testCase name="CustomSidenavComponent should use translate pipe for menu item labels" duration="90"/>
  </file>
  <file path="C:\Angular project-2\codebook\src\app\user\user.component.spec.ts">
    <testCase name="UserComponent should create" duration="744"/>
    <testCase name="UserComponent Initial State should initialize with showAvatar as true and user object" duration="183"/>
    <testCase name="UserComponent Initial State should render avatar image when showAvatar is true and avatar exists" duration="152"/>
    <testCase name="UserComponent Initial State should render status dot with online class" duration="166">
      <failure message="TypeError: Cannot read properties of null (reading &apos;classes&apos;)"><![CDATA[TypeError: Cannot read properties of null (reading 'classes')
    at C:\Angular project-2\codebook\src\app\user\user.component.spec.ts:53:24
    at _ZoneDelegate.invoke (C:\Angular project-2\codebook\node_modules\zone.js\bundles\zone.umd.js:416:32)
    at ProxyZoneSpec.Object.<anonymous>.ProxyZoneSpec.onInvoke (C:\Angular project-2\codebook\node_modules\zone.js\bundles\zone-testing.umd.js:2177:43)
    at _ZoneDelegate.invoke (C:\Angular project-2\codebook\node_modules\zone.js\bundles\zone.umd.js:415:38)
    at ZoneImpl.run (C:\Angular project-2\codebook\node_modules\zone.js\bundles\zone.umd.js:147:47)
    at Object.wrappedFunc (C:\Angular project-2\codebook\node_modules\zone.js\bundles\zone-testing.umd.js:450:38)
    at Promise.then.completed (C:\Angular project-2\codebook\node_modules\jest-circus\build\utils.js:298:28)
    at new Promise (<anonymous>)
    at callAsyncCircusFn (C:\Angular project-2\codebook\node_modules\jest-circus\build\utils.js:231:10)
    at _callCircusTest (C:\Angular project-2\codebook\node_modules\jest-circus\build\run.js:316:40)
    at processTicksAndRejections (node:internal/process/task_queues:105:5)
    at _runTest (C:\Angular project-2\codebook\node_modules\jest-circus\build\run.js:252:3)
    at _runTestsForDescribeBlock (C:\Angular project-2\codebook\node_modules\jest-circus\build\run.js:126:9)
    at _runTestsForDescribeBlock (C:\Angular project-2\codebook\node_modules\jest-circus\build\run.js:121:9)
    at _runTestsForDescribeBlock (C:\Angular project-2\codebook\node_modules\jest-circus\build\run.js:121:9)
    at run (C:\Angular project-2\codebook\node_modules\jest-circus\build\run.js:71:3)
    at runAndTransformResultsToJestFormat (C:\Angular project-2\codebook\node_modules\jest-circus\build\legacy-code-todo-rewrite\jestAdapterInit.js:122:21)]]></failure>
    </testCase>
    <testCase name="UserComponent Avatar Rendering should render mat-icon when showAvatar is false" duration="288"/>
    <testCase name="UserComponent Avatar Rendering should render mat-icon when user.avatar is empty" duration="178"/>
    <testCase name="UserComponent updateUserStatus should update user status to online" duration="147">
      <failure message="TypeError: Cannot read properties of null (reading &apos;classes&apos;)"><![CDATA[TypeError: Cannot read properties of null (reading 'classes')
    at C:\Angular project-2\codebook\src\app\user\user.component.spec.ts:85:24
    at _ZoneDelegate.invoke (C:\Angular project-2\codebook\node_modules\zone.js\bundles\zone.umd.js:416:32)
    at ProxyZoneSpec.Object.<anonymous>.ProxyZoneSpec.onInvoke (C:\Angular project-2\codebook\node_modules\zone.js\bundles\zone-testing.umd.js:2177:43)
    at _ZoneDelegate.invoke (C:\Angular project-2\codebook\node_modules\zone.js\bundles\zone.umd.js:415:38)
    at ZoneImpl.run (C:\Angular project-2\codebook\node_modules\zone.js\bundles\zone.umd.js:147:47)
    at Object.wrappedFunc (C:\Angular project-2\codebook\node_modules\zone.js\bundles\zone-testing.umd.js:450:38)
    at Promise.then.completed (C:\Angular project-2\codebook\node_modules\jest-circus\build\utils.js:298:28)
    at new Promise (<anonymous>)
    at callAsyncCircusFn (C:\Angular project-2\codebook\node_modules\jest-circus\build\utils.js:231:10)
    at _callCircusTest (C:\Angular project-2\codebook\node_modules\jest-circus\build\run.js:316:40)
    at processTicksAndRejections (node:internal/process/task_queues:105:5)
    at _runTest (C:\Angular project-2\codebook\node_modules\jest-circus\build\run.js:252:3)
    at _runTestsForDescribeBlock (C:\Angular project-2\codebook\node_modules\jest-circus\build\run.js:126:9)
    at _runTestsForDescribeBlock (C:\Angular project-2\codebook\node_modules\jest-circus\build\run.js:121:9)
    at _runTestsForDescribeBlock (C:\Angular project-2\codebook\node_modules\jest-circus\build\run.js:121:9)
    at run (C:\Angular project-2\codebook\node_modules\jest-circus\build\run.js:71:3)
    at runAndTransformResultsToJestFormat (C:\Angular project-2\codebook\node_modules\jest-circus\build\legacy-code-todo-rewrite\jestAdapterInit.js:122:21)]]></failure>
    </testCase>
    <testCase name="UserComponent updateUserStatus should update user status to away" duration="157">
      <failure message="TypeError: Cannot read properties of null (reading &apos;classes&apos;)"><![CDATA[TypeError: Cannot read properties of null (reading 'classes')
    at C:\Angular project-2\codebook\src\app\user\user.component.spec.ts:96:24
    at _ZoneDelegate.invoke (C:\Angular project-2\codebook\node_modules\zone.js\bundles\zone.umd.js:416:32)
    at ProxyZoneSpec.Object.<anonymous>.ProxyZoneSpec.onInvoke (C:\Angular project-2\codebook\node_modules\zone.js\bundles\zone-testing.umd.js:2177:43)
    at _ZoneDelegate.invoke (C:\Angular project-2\codebook\node_modules\zone.js\bundles\zone.umd.js:415:38)
    at ZoneImpl.run (C:\Angular project-2\codebook\node_modules\zone.js\bundles\zone.umd.js:147:47)
    at Object.wrappedFunc (C:\Angular project-2\codebook\node_modules\zone.js\bundles\zone-testing.umd.js:450:38)
    at Promise.then.completed (C:\Angular project-2\codebook\node_modules\jest-circus\build\utils.js:298:28)
    at new Promise (<anonymous>)
    at callAsyncCircusFn (C:\Angular project-2\codebook\node_modules\jest-circus\build\utils.js:231:10)
    at _callCircusTest (C:\Angular project-2\codebook\node_modules\jest-circus\build\run.js:316:40)
    at processTicksAndRejections (node:internal/process/task_queues:105:5)
    at _runTest (C:\Angular project-2\codebook\node_modules\jest-circus\build\run.js:252:3)
    at _runTestsForDescribeBlock (C:\Angular project-2\codebook\node_modules\jest-circus\build\run.js:126:9)
    at _runTestsForDescribeBlock (C:\Angular project-2\codebook\node_modules\jest-circus\build\run.js:121:9)
    at _runTestsForDescribeBlock (C:\Angular project-2\codebook\node_modules\jest-circus\build\run.js:121:9)
    at run (C:\Angular project-2\codebook\node_modules\jest-circus\build\run.js:71:3)
    at runAndTransformResultsToJestFormat (C:\Angular project-2\codebook\node_modules\jest-circus\build\legacy-code-todo-rewrite\jestAdapterInit.js:122:21)]]></failure>
    </testCase>
    <testCase name="UserComponent updateUserStatus should update user status to busy" duration="184">
      <failure message="TypeError: Cannot read properties of null (reading &apos;classes&apos;)"><![CDATA[TypeError: Cannot read properties of null (reading 'classes')
    at C:\Angular project-2\codebook\src\app\user\user.component.spec.ts:107:24
    at _ZoneDelegate.invoke (C:\Angular project-2\codebook\node_modules\zone.js\bundles\zone.umd.js:416:32)
    at ProxyZoneSpec.Object.<anonymous>.ProxyZoneSpec.onInvoke (C:\Angular project-2\codebook\node_modules\zone.js\bundles\zone-testing.umd.js:2177:43)
    at _ZoneDelegate.invoke (C:\Angular project-2\codebook\node_modules\zone.js\bundles\zone.umd.js:415:38)
    at ZoneImpl.run (C:\Angular project-2\codebook\node_modules\zone.js\bundles\zone.umd.js:147:47)
    at Object.wrappedFunc (C:\Angular project-2\codebook\node_modules\zone.js\bundles\zone-testing.umd.js:450:38)
    at Promise.then.completed (C:\Angular project-2\codebook\node_modules\jest-circus\build\utils.js:298:28)
    at new Promise (<anonymous>)
    at callAsyncCircusFn (C:\Angular project-2\codebook\node_modules\jest-circus\build\utils.js:231:10)
    at _callCircusTest (C:\Angular project-2\codebook\node_modules\jest-circus\build\run.js:316:40)
    at processTicksAndRejections (node:internal/process/task_queues:105:5)
    at _runTest (C:\Angular project-2\codebook\node_modules\jest-circus\build\run.js:252:3)
    at _runTestsForDescribeBlock (C:\Angular project-2\codebook\node_modules\jest-circus\build\run.js:126:9)
    at _runTestsForDescribeBlock (C:\Angular project-2\codebook\node_modules\jest-circus\build\run.js:121:9)
    at _runTestsForDescribeBlock (C:\Angular project-2\codebook\node_modules\jest-circus\build\run.js:121:9)
    at run (C:\Angular project-2\codebook\node_modules\jest-circus\build\run.js:71:3)
    at runAndTransformResultsToJestFormat (C:\Angular project-2\codebook\node_modules\jest-circus\build\legacy-code-todo-rewrite\jestAdapterInit.js:122:21)]]></failure>
    </testCase>
    <testCase name="UserComponent updateUserStatus should update user status to not-visible" duration="155">
      <failure message="TypeError: Cannot read properties of null (reading &apos;classes&apos;)"><![CDATA[TypeError: Cannot read properties of null (reading 'classes')
    at C:\Angular project-2\codebook\src\app\user\user.component.spec.ts:118:24
    at _ZoneDelegate.invoke (C:\Angular project-2\codebook\node_modules\zone.js\bundles\zone.umd.js:416:32)
    at ProxyZoneSpec.Object.<anonymous>.ProxyZoneSpec.onInvoke (C:\Angular project-2\codebook\node_modules\zone.js\bundles\zone-testing.umd.js:2177:43)
    at _ZoneDelegate.invoke (C:\Angular project-2\codebook\node_modules\zone.js\bundles\zone.umd.js:415:38)
    at ZoneImpl.run (C:\Angular project-2\codebook\node_modules\zone.js\bundles\zone.umd.js:147:47)
    at Object.wrappedFunc (C:\Angular project-2\codebook\node_modules\zone.js\bundles\zone-testing.umd.js:450:38)
    at Promise.then.completed (C:\Angular project-2\codebook\node_modules\jest-circus\build\utils.js:298:28)
    at new Promise (<anonymous>)
    at callAsyncCircusFn (C:\Angular project-2\codebook\node_modules\jest-circus\build\utils.js:231:10)
    at _callCircusTest (C:\Angular project-2\codebook\node_modules\jest-circus\build\run.js:316:40)
    at processTicksAndRejections (node:internal/process/task_queues:105:5)
    at _runTest (C:\Angular project-2\codebook\node_modules\jest-circus\build\run.js:252:3)
    at _runTestsForDescribeBlock (C:\Angular project-2\codebook\node_modules\jest-circus\build\run.js:126:9)
    at _runTestsForDescribeBlock (C:\Angular project-2\codebook\node_modules\jest-circus\build\run.js:121:9)
    at _runTestsForDescribeBlock (C:\Angular project-2\codebook\node_modules\jest-circus\build\run.js:121:9)
    at run (C:\Angular project-2\codebook\node_modules\jest-circus\build\run.js:71:3)
    at runAndTransformResultsToJestFormat (C:\Angular project-2\codebook\node_modules\jest-circus\build\legacy-code-todo-rewrite\jestAdapterInit.js:122:21)]]></failure>
    </testCase>
    <testCase name="UserComponent signOut should log sign out message when signOut is called" duration="174"/>
    <testCase name="UserComponent Menu Interactions should render user menu with profile, settings, status, and sign out options" duration="123">
      <failure message="Error: expect(received).toBe(expected) // Object.is equality"><![CDATA[Error: expect(received).toBe(expected) // Object.is equality

Expected: 4
Received: 0
    at C:\Angular project-2\codebook\src\app\user\user.component.spec.ts:137:32
    at _ZoneDelegate.invoke (C:\Angular project-2\codebook\node_modules\zone.js\bundles\zone.umd.js:416:32)
    at ProxyZoneSpec.Object.<anonymous>.ProxyZoneSpec.onInvoke (C:\Angular project-2\codebook\node_modules\zone.js\bundles\zone-testing.umd.js:2177:43)
    at _ZoneDelegate.invoke (C:\Angular project-2\codebook\node_modules\zone.js\bundles\zone.umd.js:415:38)
    at ZoneImpl.run (C:\Angular project-2\codebook\node_modules\zone.js\bundles\zone.umd.js:147:47)
    at Object.wrappedFunc (C:\Angular project-2\codebook\node_modules\zone.js\bundles\zone-testing.umd.js:450:38)
    at Promise.then.completed (C:\Angular project-2\codebook\node_modules\jest-circus\build\utils.js:298:28)
    at new Promise (<anonymous>)
    at callAsyncCircusFn (C:\Angular project-2\codebook\node_modules\jest-circus\build\utils.js:231:10)
    at _callCircusTest (C:\Angular project-2\codebook\node_modules\jest-circus\build\run.js:316:40)
    at processTicksAndRejections (node:internal/process/task_queues:105:5)
    at _runTest (C:\Angular project-2\codebook\node_modules\jest-circus\build\run.js:252:3)
    at _runTestsForDescribeBlock (C:\Angular project-2\codebook\node_modules\jest-circus\build\run.js:126:9)
    at _runTestsForDescribeBlock (C:\Angular project-2\codebook\node_modules\jest-circus\build\run.js:121:9)
    at _runTestsForDescribeBlock (C:\Angular project-2\codebook\node_modules\jest-circus\build\run.js:121:9)
    at run (C:\Angular project-2\codebook\node_modules\jest-circus\build\run.js:71:3)
    at runAndTransformResultsToJestFormat (C:\Angular project-2\codebook\node_modules\jest-circus\build\legacy-code-todo-rewrite\jestAdapterInit.js:122:21)]]></failure>
    </testCase>
    <testCase name="UserComponent Menu Interactions should render status menu with all status options" duration="135">
      <failure message="Error: expect(received).toBe(expected) // Object.is equality"><![CDATA[Error: expect(received).toBe(expected) // Object.is equality

Expected: 4
Received: 0
    at C:\Angular project-2\codebook\src\app\user\user.component.spec.ts:146:38
    at _ZoneDelegate.invoke (C:\Angular project-2\codebook\node_modules\zone.js\bundles\zone.umd.js:416:32)
    at ProxyZoneSpec.Object.<anonymous>.ProxyZoneSpec.onInvoke (C:\Angular project-2\codebook\node_modules\zone.js\bundles\zone-testing.umd.js:2177:43)
    at _ZoneDelegate.invoke (C:\Angular project-2\codebook\node_modules\zone.js\bundles\zone.umd.js:415:38)
    at ZoneImpl.run (C:\Angular project-2\codebook\node_modules\zone.js\bundles\zone.umd.js:147:47)
    at Object.wrappedFunc (C:\Angular project-2\codebook\node_modules\zone.js\bundles\zone-testing.umd.js:450:38)
    at Promise.then.completed (C:\Angular project-2\codebook\node_modules\jest-circus\build\utils.js:298:28)
    at new Promise (<anonymous>)
    at callAsyncCircusFn (C:\Angular project-2\codebook\node_modules\jest-circus\build\utils.js:231:10)
    at _callCircusTest (C:\Angular project-2\codebook\node_modules\jest-circus\build\run.js:316:40)
    at processTicksAndRejections (node:internal/process/task_queues:105:5)
    at _runTest (C:\Angular project-2\codebook\node_modules\jest-circus\build\run.js:252:3)
    at _runTestsForDescribeBlock (C:\Angular project-2\codebook\node_modules\jest-circus\build\run.js:126:9)
    at _runTestsForDescribeBlock (C:\Angular project-2\codebook\node_modules\jest-circus\build\run.js:121:9)
    at _runTestsForDescribeBlock (C:\Angular project-2\codebook\node_modules\jest-circus\build\run.js:121:9)
    at run (C:\Angular project-2\codebook\node_modules\jest-circus\build\run.js:71:3)
    at runAndTransformResultsToJestFormat (C:\Angular project-2\codebook\node_modules\jest-circus\build\legacy-code-todo-rewrite\jestAdapterInit.js:122:21)]]></failure>
    </testCase>
    <testCase name="UserComponent Menu Interactions should update status to online when online menu item is clicked" duration="99">
      <failure message="TypeError: Cannot read properties of undefined (reading &apos;nativeElement&apos;)"><![CDATA[TypeError: Cannot read properties of undefined (reading 'nativeElement')
    at C:\Angular project-2\codebook\src\app\user\user.component.spec.ts:155:26
    at _ZoneDelegate.invoke (C:\Angular project-2\codebook\node_modules\zone.js\bundles\zone.umd.js:416:32)
    at ProxyZoneSpec.Object.<anonymous>.ProxyZoneSpec.onInvoke (C:\Angular project-2\codebook\node_modules\zone.js\bundles\zone-testing.umd.js:2177:43)
    at _ZoneDelegate.invoke (C:\Angular project-2\codebook\node_modules\zone.js\bundles\zone.umd.js:415:38)
    at ZoneImpl.run (C:\Angular project-2\codebook\node_modules\zone.js\bundles\zone.umd.js:147:47)
    at Object.wrappedFunc (C:\Angular project-2\codebook\node_modules\zone.js\bundles\zone-testing.umd.js:450:38)
    at Promise.then.completed (C:\Angular project-2\codebook\node_modules\jest-circus\build\utils.js:298:28)
    at new Promise (<anonymous>)
    at callAsyncCircusFn (C:\Angular project-2\codebook\node_modules\jest-circus\build\utils.js:231:10)
    at _callCircusTest (C:\Angular project-2\codebook\node_modules\jest-circus\build\run.js:316:40)
    at processTicksAndRejections (node:internal/process/task_queues:105:5)
    at _runTest (C:\Angular project-2\codebook\node_modules\jest-circus\build\run.js:252:3)
    at _runTestsForDescribeBlock (C:\Angular project-2\codebook\node_modules\jest-circus\build\run.js:126:9)
    at _runTestsForDescribeBlock (C:\Angular project-2\codebook\node_modules\jest-circus\build\run.js:121:9)
    at _runTestsForDescribeBlock (C:\Angular project-2\codebook\node_modules\jest-circus\build\run.js:121:9)
    at run (C:\Angular project-2\codebook\node_modules\jest-circus\build\run.js:71:3)
    at runAndTransformResultsToJestFormat (C:\Angular project-2\codebook\node_modules\jest-circus\build\legacy-code-todo-rewrite\jestAdapterInit.js:122:21)]]></failure>
    </testCase>
    <testCase name="UserComponent Menu Interactions should update status to away when away menu item is clicked" duration="215">
      <failure message="TypeError: Cannot read properties of undefined (reading &apos;nativeElement&apos;)"><![CDATA[TypeError: Cannot read properties of undefined (reading 'nativeElement')
    at C:\Angular project-2\codebook\src\app\user\user.component.spec.ts:164:26
    at _ZoneDelegate.invoke (C:\Angular project-2\codebook\node_modules\zone.js\bundles\zone.umd.js:416:32)
    at ProxyZoneSpec.Object.<anonymous>.ProxyZoneSpec.onInvoke (C:\Angular project-2\codebook\node_modules\zone.js\bundles\zone-testing.umd.js:2177:43)
    at _ZoneDelegate.invoke (C:\Angular project-2\codebook\node_modules\zone.js\bundles\zone.umd.js:415:38)
    at ZoneImpl.run (C:\Angular project-2\codebook\node_modules\zone.js\bundles\zone.umd.js:147:47)
    at Object.wrappedFunc (C:\Angular project-2\codebook\node_modules\zone.js\bundles\zone-testing.umd.js:450:38)
    at Promise.then.completed (C:\Angular project-2\codebook\node_modules\jest-circus\build\utils.js:298:28)
    at new Promise (<anonymous>)
    at callAsyncCircusFn (C:\Angular project-2\codebook\node_modules\jest-circus\build\utils.js:231:10)
    at _callCircusTest (C:\Angular project-2\codebook\node_modules\jest-circus\build\run.js:316:40)
    at processTicksAndRejections (node:internal/process/task_queues:105:5)
    at _runTest (C:\Angular project-2\codebook\node_modules\jest-circus\build\run.js:252:3)
    at _runTestsForDescribeBlock (C:\Angular project-2\codebook\node_modules\jest-circus\build\run.js:126:9)
    at _runTestsForDescribeBlock (C:\Angular project-2\codebook\node_modules\jest-circus\build\run.js:121:9)
    at _runTestsForDescribeBlock (C:\Angular project-2\codebook\node_modules\jest-circus\build\run.js:121:9)
    at run (C:\Angular project-2\codebook\node_modules\jest-circus\build\run.js:71:3)
    at runAndTransformResultsToJestFormat (C:\Angular project-2\codebook\node_modules\jest-circus\build\legacy-code-todo-rewrite\jestAdapterInit.js:122:21)]]></failure>
    </testCase>
    <testCase name="UserComponent Menu Interactions should update status to busy when busy menu item is clicked" duration="264">
      <failure message="TypeError: Cannot read properties of undefined (reading &apos;nativeElement&apos;)"><![CDATA[TypeError: Cannot read properties of undefined (reading 'nativeElement')
    at C:\Angular project-2\codebook\src\app\user\user.component.spec.ts:173:26
    at _ZoneDelegate.invoke (C:\Angular project-2\codebook\node_modules\zone.js\bundles\zone.umd.js:416:32)
    at ProxyZoneSpec.Object.<anonymous>.ProxyZoneSpec.onInvoke (C:\Angular project-2\codebook\node_modules\zone.js\bundles\zone-testing.umd.js:2177:43)
    at _ZoneDelegate.invoke (C:\Angular project-2\codebook\node_modules\zone.js\bundles\zone.umd.js:415:38)
    at ZoneImpl.run (C:\Angular project-2\codebook\node_modules\zone.js\bundles\zone.umd.js:147:47)
    at Object.wrappedFunc (C:\Angular project-2\codebook\node_modules\zone.js\bundles\zone-testing.umd.js:450:38)
    at Promise.then.completed (C:\Angular project-2\codebook\node_modules\jest-circus\build\utils.js:298:28)
    at new Promise (<anonymous>)
    at callAsyncCircusFn (C:\Angular project-2\codebook\node_modules\jest-circus\build\utils.js:231:10)
    at _callCircusTest (C:\Angular project-2\codebook\node_modules\jest-circus\build\run.js:316:40)
    at processTicksAndRejections (node:internal/process/task_queues:105:5)
    at _runTest (C:\Angular project-2\codebook\node_modules\jest-circus\build\run.js:252:3)
    at _runTestsForDescribeBlock (C:\Angular project-2\codebook\node_modules\jest-circus\build\run.js:126:9)
    at _runTestsForDescribeBlock (C:\Angular project-2\codebook\node_modules\jest-circus\build\run.js:121:9)
    at _runTestsForDescribeBlock (C:\Angular project-2\codebook\node_modules\jest-circus\build\run.js:121:9)
    at run (C:\Angular project-2\codebook\node_modules\jest-circus\build\run.js:71:3)
    at runAndTransformResultsToJestFormat (C:\Angular project-2\codebook\node_modules\jest-circus\build\legacy-code-todo-rewrite\jestAdapterInit.js:122:21)]]></failure>
    </testCase>
    <testCase name="UserComponent Menu Interactions should update status to not-visible when invisible menu item is clicked" duration="167">
      <failure message="TypeError: Cannot read properties of undefined (reading &apos;nativeElement&apos;)"><![CDATA[TypeError: Cannot read properties of undefined (reading 'nativeElement')
    at C:\Angular project-2\codebook\src\app\user\user.component.spec.ts:182:26
    at _ZoneDelegate.invoke (C:\Angular project-2\codebook\node_modules\zone.js\bundles\zone.umd.js:416:32)
    at ProxyZoneSpec.Object.<anonymous>.ProxyZoneSpec.onInvoke (C:\Angular project-2\codebook\node_modules\zone.js\bundles\zone-testing.umd.js:2177:43)
    at _ZoneDelegate.invoke (C:\Angular project-2\codebook\node_modules\zone.js\bundles\zone.umd.js:415:38)
    at ZoneImpl.run (C:\Angular project-2\codebook\node_modules\zone.js\bundles\zone.umd.js:147:47)
    at Object.wrappedFunc (C:\Angular project-2\codebook\node_modules\zone.js\bundles\zone-testing.umd.js:450:38)
    at Promise.then.completed (C:\Angular project-2\codebook\node_modules\jest-circus\build\utils.js:298:28)
    at new Promise (<anonymous>)
    at callAsyncCircusFn (C:\Angular project-2\codebook\node_modules\jest-circus\build\utils.js:231:10)
    at _callCircusTest (C:\Angular project-2\codebook\node_modules\jest-circus\build\run.js:316:40)
    at processTicksAndRejections (node:internal/process/task_queues:105:5)
    at _runTest (C:\Angular project-2\codebook\node_modules\jest-circus\build\run.js:252:3)
    at _runTestsForDescribeBlock (C:\Angular project-2\codebook\node_modules\jest-circus\build\run.js:126:9)
    at _runTestsForDescribeBlock (C:\Angular project-2\codebook\node_modules\jest-circus\build\run.js:121:9)
    at _runTestsForDescribeBlock (C:\Angular project-2\codebook\node_modules\jest-circus\build\run.js:121:9)
    at run (C:\Angular project-2\codebook\node_modules\jest-circus\build\run.js:71:3)
    at runAndTransformResultsToJestFormat (C:\Angular project-2\codebook\node_modules\jest-circus\build\legacy-code-todo-rewrite\jestAdapterInit.js:122:21)]]></failure>
    </testCase>
    <testCase name="UserComponent Menu Interactions should call signOut when sign out menu item is clicked" duration="154">
      <failure message="TypeError: Cannot read properties of undefined (reading &apos;nativeElement&apos;)"><![CDATA[TypeError: Cannot read properties of undefined (reading 'nativeElement')
    at C:\Angular project-2\codebook\src\app\user\user.component.spec.ts:192:20
    at _ZoneDelegate.invoke (C:\Angular project-2\codebook\node_modules\zone.js\bundles\zone.umd.js:416:32)
    at ProxyZoneSpec.Object.<anonymous>.ProxyZoneSpec.onInvoke (C:\Angular project-2\codebook\node_modules\zone.js\bundles\zone-testing.umd.js:2177:43)
    at _ZoneDelegate.invoke (C:\Angular project-2\codebook\node_modules\zone.js\bundles\zone.umd.js:415:38)
    at ZoneImpl.run (C:\Angular project-2\codebook\node_modules\zone.js\bundles\zone.umd.js:147:47)
    at Object.wrappedFunc (C:\Angular project-2\codebook\node_modules\zone.js\bundles\zone-testing.umd.js:450:38)
    at Promise.then.completed (C:\Angular project-2\codebook\node_modules\jest-circus\build\utils.js:298:28)
    at new Promise (<anonymous>)
    at callAsyncCircusFn (C:\Angular project-2\codebook\node_modules\jest-circus\build\utils.js:231:10)
    at _callCircusTest (C:\Angular project-2\codebook\node_modules\jest-circus\build\run.js:316:40)
    at processTicksAndRejections (node:internal/process/task_queues:105:5)
    at _runTest (C:\Angular project-2\codebook\node_modules\jest-circus\build\run.js:252:3)
    at _runTestsForDescribeBlock (C:\Angular project-2\codebook\node_modules\jest-circus\build\run.js:126:9)
    at _runTestsForDescribeBlock (C:\Angular project-2\codebook\node_modules\jest-circus\build\run.js:121:9)
    at _runTestsForDescribeBlock (C:\Angular project-2\codebook\node_modules\jest-circus\build\run.js:121:9)
    at run (C:\Angular project-2\codebook\node_modules\jest-circus\build\run.js:71:3)
    at runAndTransformResultsToJestFormat (C:\Angular project-2\codebook\node_modules\jest-circus\build\legacy-code-todo-rewrite\jestAdapterInit.js:122:21)]]></failure>
    </testCase>
    <testCase name="UserComponent Avatar Click should not have avatar upload input (commented out in template)" duration="150"/>
    <testCase name="UserComponent Avatar Click should render avatar with click handler" duration="155"/>
  </file>
  <file path="C:\Angular project-2\codebook\src\app\pages\dashboard\service-provider\service-provider.component.spec.ts">
    <testCase name="ServiceProviderComponent constructor and form initialization should create component and initialize form without provider" duration="1306"/>
    <testCase name="ServiceProviderComponent constructor and form initialization should initialize form with provider data" duration="492"/>
    <testCase name="ServiceProviderComponent constructor and form initialization should set isPopup to false when no dialog data provided" duration="354"/>
    <testCase name="ServiceProviderComponent ngOnInit should set responsiveClass to flex-col for xsmall breakpoint" duration="201"/>
    <testCase name="ServiceProviderComponent ngOnInit should set responsiveClass to flex-col for small breakpoint" duration="213"/>
    <testCase name="ServiceProviderComponent ngOnInit should set responsiveClass to md:flex-row for medium breakpoint" duration="198"/>
    <testCase name="ServiceProviderComponent ngOnInit should set responsiveClass to md:flex-row for large breakpoint" duration="209"/>
    <testCase name="ServiceProviderComponent ngOnInit should set responsiveClass to md:flex-row for xlarge breakpoint" duration="215"/>
    <testCase name="ServiceProviderComponent saveProvider should save new provider and close dialog when form is valid" duration="271"/>
    <testCase name="ServiceProviderComponent saveProvider should update existing provider and close dialog when form is valid" duration="195"/>
    <testCase name="ServiceProviderComponent saveProvider should handle error when saving provider" duration="156"/>
    <testCase name="ServiceProviderComponent saveProvider should show error and mark form as touched when form is invalid" duration="155"/>
    <testCase name="ServiceProviderComponent closePopup should close dialog" duration="171"/>
    <testCase name="ServiceProviderComponent onCancel should reset form and set default country when not in popup" duration="403">
      <failure message="Error: expect(received).toBe(expected) // Object.is equality"><![CDATA[Error: expect(received).toBe(expected) // Object.is equality

Expected: ""
Received: null
    at C:\Angular project-2\codebook\src\app\pages\dashboard\service-provider\service-provider.component.spec.ts:298:55
    at _ZoneDelegate.invoke (C:\Angular project-2\codebook\node_modules\zone.js\bundles\zone.umd.js:416:32)
    at ProxyZoneSpec.Object.<anonymous>.ProxyZoneSpec.onInvoke (C:\Angular project-2\codebook\node_modules\zone.js\bundles\zone-testing.umd.js:2177:43)
    at _ZoneDelegate.invoke (C:\Angular project-2\codebook\node_modules\zone.js\bundles\zone.umd.js:415:38)
    at ZoneImpl.run (C:\Angular project-2\codebook\node_modules\zone.js\bundles\zone.umd.js:147:47)
    at Object.wrappedFunc (C:\Angular project-2\codebook\node_modules\zone.js\bundles\zone-testing.umd.js:450:38)
    at Promise.then.completed (C:\Angular project-2\codebook\node_modules\jest-circus\build\utils.js:298:28)
    at new Promise (<anonymous>)
    at callAsyncCircusFn (C:\Angular project-2\codebook\node_modules\jest-circus\build\utils.js:231:10)
    at _callCircusTest (C:\Angular project-2\codebook\node_modules\jest-circus\build\run.js:316:40)
    at processTicksAndRejections (node:internal/process/task_queues:105:5)
    at _runTest (C:\Angular project-2\codebook\node_modules\jest-circus\build\run.js:252:3)
    at _runTestsForDescribeBlock (C:\Angular project-2\codebook\node_modules\jest-circus\build\run.js:126:9)
    at _runTestsForDescribeBlock (C:\Angular project-2\codebook\node_modules\jest-circus\build\run.js:121:9)
    at _runTestsForDescribeBlock (C:\Angular project-2\codebook\node_modules\jest-circus\build\run.js:121:9)
    at run (C:\Angular project-2\codebook\node_modules\jest-circus\build\run.js:71:3)
    at runAndTransformResultsToJestFormat (C:\Angular project-2\codebook\node_modules\jest-circus\build\legacy-code-todo-rewrite\jestAdapterInit.js:122:21)]]></failure>
    </testCase>
    <testCase name="ServiceProviderComponent onCancel should reset form, set default country, and close dialog when in popup" duration="202">
      <failure message="Error: expect(received).toBe(expected) // Object.is equality"><![CDATA[Error: expect(received).toBe(expected) // Object.is equality

Expected: ""
Received: null
    at C:\Angular project-2\codebook\src\app\pages\dashboard\service-provider\service-provider.component.spec.ts:319:55
    at _ZoneDelegate.invoke (C:\Angular project-2\codebook\node_modules\zone.js\bundles\zone.umd.js:416:32)
    at ProxyZoneSpec.Object.<anonymous>.ProxyZoneSpec.onInvoke (C:\Angular project-2\codebook\node_modules\zone.js\bundles\zone-testing.umd.js:2177:43)
    at _ZoneDelegate.invoke (C:\Angular project-2\codebook\node_modules\zone.js\bundles\zone.umd.js:415:38)
    at ZoneImpl.run (C:\Angular project-2\codebook\node_modules\zone.js\bundles\zone.umd.js:147:47)
    at Object.wrappedFunc (C:\Angular project-2\codebook\node_modules\zone.js\bundles\zone-testing.umd.js:450:38)
    at Promise.then.completed (C:\Angular project-2\codebook\node_modules\jest-circus\build\utils.js:298:28)
    at new Promise (<anonymous>)
    at callAsyncCircusFn (C:\Angular project-2\codebook\node_modules\jest-circus\build\utils.js:231:10)
    at _callCircusTest (C:\Angular project-2\codebook\node_modules\jest-circus\build\run.js:316:40)
    at processTicksAndRejections (node:internal/process/task_queues:105:5)
    at _runTest (C:\Angular project-2\codebook\node_modules\jest-circus\build\run.js:252:3)
    at _runTestsForDescribeBlock (C:\Angular project-2\codebook\node_modules\jest-circus\build\run.js:126:9)
    at _runTestsForDescribeBlock (C:\Angular project-2\codebook\node_modules\jest-circus\build\run.js:121:9)
    at _runTestsForDescribeBlock (C:\Angular project-2\codebook\node_modules\jest-circus\build\run.js:121:9)
    at run (C:\Angular project-2\codebook\node_modules\jest-circus\build\run.js:71:3)
    at runAndTransformResultsToJestFormat (C:\Angular project-2\codebook\node_modules\jest-circus\build\legacy-code-todo-rewrite\jestAdapterInit.js:122:21)]]></failure>
    </testCase>
  </file>
  <file path="C:\Angular project-2\codebook\src\app\pages\business\list-businesses\list-businesses.component.spec.ts">
    <testCase name="ListBusinessesComponent should create the component" duration="691"/>
    <testCase name="ListBusinessesComponent Initial State should initialize with businesses from BusinessStore" duration="187"/>
    <testCase name="ListBusinessesComponent Desktop and Tablet View should render table layout when isDesktop is true" duration="109"/>
    <testCase name="ListBusinessesComponent Desktop and Tablet View should render table layout when isTablet is true" duration="128"/>
    <testCase name="ListBusinessesComponent Desktop and Tablet View should display business data in table rows" duration="329"/>
    <testCase name="ListBusinessesComponent Desktop and Tablet View should render delete button for each business" duration="100"/>
    <testCase name="ListBusinessesComponent Mobile View should render card layout when isMobile is true" duration="263"/>
    <testCase name="ListBusinessesComponent Mobile View should display business data in cards" duration="232">
      <failure message="Error: expect(received).toContain(expected) // indexOf"><![CDATA[Error: expect(received).toContain(expected) // indexOf

Expected substring: "Country: USA"
Received string:    "Country:USA"
    at C:\Angular project-2\codebook\src\app\pages\business\list-businesses\list-businesses.component.spec.ts:151:62
    at _ZoneDelegate.invoke (C:\Angular project-2\codebook\node_modules\zone.js\bundles\zone.umd.js:416:32)
    at ProxyZoneSpec.Object.<anonymous>.ProxyZoneSpec.onInvoke (C:\Angular project-2\codebook\node_modules\zone.js\bundles\zone-testing.umd.js:2177:43)
    at _ZoneDelegate.invoke (C:\Angular project-2\codebook\node_modules\zone.js\bundles\zone.umd.js:415:38)
    at ZoneImpl.run (C:\Angular project-2\codebook\node_modules\zone.js\bundles\zone.umd.js:147:47)
    at Object.wrappedFunc (C:\Angular project-2\codebook\node_modules\zone.js\bundles\zone-testing.umd.js:450:38)
    at Promise.then.completed (C:\Angular project-2\codebook\node_modules\jest-circus\build\utils.js:298:28)
    at new Promise (<anonymous>)
    at callAsyncCircusFn (C:\Angular project-2\codebook\node_modules\jest-circus\build\utils.js:231:10)
    at _callCircusTest (C:\Angular project-2\codebook\node_modules\jest-circus\build\run.js:316:40)
    at _runTest (C:\Angular project-2\codebook\node_modules\jest-circus\build\run.js:252:3)
    at _runTestsForDescribeBlock (C:\Angular project-2\codebook\node_modules\jest-circus\build\run.js:126:9)
    at _runTestsForDescribeBlock (C:\Angular project-2\codebook\node_modules\jest-circus\build\run.js:121:9)
    at _runTestsForDescribeBlock (C:\Angular project-2\codebook\node_modules\jest-circus\build\run.js:121:9)
    at run (C:\Angular project-2\codebook\node_modules\jest-circus\build\run.js:71:3)
    at runAndTransformResultsToJestFormat (C:\Angular project-2\codebook\node_modules\jest-circus\build\legacy-code-todo-rewrite\jestAdapterInit.js:122:21)]]></failure>
    </testCase>
    <testCase name="ListBusinessesComponent Mobile View should render delete button for each card" duration="187"/>
    <testCase name="ListBusinessesComponent deleteBusiness should call deleteBusiness on BusinessStore when confirmed" duration="150"/>
    <testCase name="ListBusinessesComponent deleteBusiness should not call deleteBusiness if confirmation is cancelled" duration="142"/>
    <testCase name="ListBusinessesComponent Dark Mode Integration should inject DarkModeService" duration="78"/>
    <testCase name="ListBusinessesComponent Dark Mode Integration should apply dark mode if enabled" duration="71">
      <failure message="Error: expect(jest.fn()).toHaveBeenCalled()"><![CDATA[Error: expect(jest.fn()).toHaveBeenCalled()

Expected number of calls: >= 1
Received number of calls:    0
    at C:\Angular project-2\codebook\src\app\pages\business\list-businesses\list-businesses.component.spec.ts:191:42
    at _ZoneDelegate.invoke (C:\Angular project-2\codebook\node_modules\zone.js\bundles\zone.umd.js:416:32)
    at ProxyZoneSpec.Object.<anonymous>.ProxyZoneSpec.onInvoke (C:\Angular project-2\codebook\node_modules\zone.js\bundles\zone-testing.umd.js:2177:43)
    at _ZoneDelegate.invoke (C:\Angular project-2\codebook\node_modules\zone.js\bundles\zone.umd.js:415:38)
    at ZoneImpl.run (C:\Angular project-2\codebook\node_modules\zone.js\bundles\zone.umd.js:147:47)
    at Object.wrappedFunc (C:\Angular project-2\codebook\node_modules\zone.js\bundles\zone-testing.umd.js:450:38)
    at Promise.then.completed (C:\Angular project-2\codebook\node_modules\jest-circus\build\utils.js:298:28)
    at new Promise (<anonymous>)
    at callAsyncCircusFn (C:\Angular project-2\codebook\node_modules\jest-circus\build\utils.js:231:10)
    at _callCircusTest (C:\Angular project-2\codebook\node_modules\jest-circus\build\run.js:316:40)
    at _runTest (C:\Angular project-2\codebook\node_modules\jest-circus\build\run.js:252:3)
    at _runTestsForDescribeBlock (C:\Angular project-2\codebook\node_modules\jest-circus\build\run.js:126:9)
    at _runTestsForDescribeBlock (C:\Angular project-2\codebook\node_modules\jest-circus\build\run.js:121:9)
    at _runTestsForDescribeBlock (C:\Angular project-2\codebook\node_modules\jest-circus\build\run.js:121:9)
    at run (C:\Angular project-2\codebook\node_modules\jest-circus\build\run.js:71:3)
    at runAndTransformResultsToJestFormat (C:\Angular project-2\codebook\node_modules\jest-circus\build\legacy-code-todo-rewrite\jestAdapterInit.js:122:21)]]></failure>
    </testCase>
    <testCase name="ListBusinessesComponent Responsive Behavior should not render table or cards when businesses is empty" duration="383"/>
    <testCase name="ListBusinessesComponent Responsive Behavior should render table when both isDesktop and isTablet are false but isMobile is false" duration="175">
      <failure message="Error: expect(received).toBeTruthy()"><![CDATA[Error: expect(received).toBeTruthy()

Received: null
    at C:\Angular project-2\codebook\src\app\pages\business\list-businesses\list-businesses.component.spec.ts:212:21
    at _ZoneDelegate.invoke (C:\Angular project-2\codebook\node_modules\zone.js\bundles\zone.umd.js:416:32)
    at ProxyZoneSpec.Object.<anonymous>.ProxyZoneSpec.onInvoke (C:\Angular project-2\codebook\node_modules\zone.js\bundles\zone-testing.umd.js:2177:43)
    at _ZoneDelegate.invoke (C:\Angular project-2\codebook\node_modules\zone.js\bundles\zone.umd.js:415:38)
    at ZoneImpl.run (C:\Angular project-2\codebook\node_modules\zone.js\bundles\zone.umd.js:147:47)
    at Object.wrappedFunc (C:\Angular project-2\codebook\node_modules\zone.js\bundles\zone-testing.umd.js:450:38)
    at Promise.then.completed (C:\Angular project-2\codebook\node_modules\jest-circus\build\utils.js:298:28)
    at new Promise (<anonymous>)
    at callAsyncCircusFn (C:\Angular project-2\codebook\node_modules\jest-circus\build\utils.js:231:10)
    at _callCircusTest (C:\Angular project-2\codebook\node_modules\jest-circus\build\run.js:316:40)
    at _runTest (C:\Angular project-2\codebook\node_modules\jest-circus\build\run.js:252:3)
    at _runTestsForDescribeBlock (C:\Angular project-2\codebook\node_modules\jest-circus\build\run.js:126:9)
    at _runTestsForDescribeBlock (C:\Angular project-2\codebook\node_modules\jest-circus\build\run.js:121:9)
    at _runTestsForDescribeBlock (C:\Angular project-2\codebook\node_modules\jest-circus\build\run.js:121:9)
    at run (C:\Angular project-2\codebook\node_modules\jest-circus\build\run.js:71:3)
    at runAndTransformResultsToJestFormat (C:\Angular project-2\codebook\node_modules\jest-circus\build\legacy-code-todo-rewrite\jestAdapterInit.js:122:21)]]></failure>
    </testCase>
  </file>
  <file path="C:\Angular project-2\codebook\src\app\pages\users\store\user-store.spec.ts">
    <testCase name="UserStore Initial State should initialize with default state" duration="1232">
      <failure message="Error: expect(received).toBe(expected) // Object.is equality"><![CDATA[Error: expect(received).toBe(expected) // Object.is equality

Expected: false
Received: true
    at C:\Angular project-2\codebook\src\app\pages\users\store\user-store.spec.ts:84:35
    at _ZoneDelegate.invoke (C:\Angular project-2\codebook\node_modules\zone.js\bundles\zone.umd.js:416:32)
    at ProxyZoneSpec.Object.<anonymous>.ProxyZoneSpec.onInvoke (C:\Angular project-2\codebook\node_modules\zone.js\bundles\zone-testing.umd.js:2177:43)
    at _ZoneDelegate.invoke (C:\Angular project-2\codebook\node_modules\zone.js\bundles\zone.umd.js:415:38)
    at ZoneImpl.run (C:\Angular project-2\codebook\node_modules\zone.js\bundles\zone.umd.js:147:47)
    at Object.wrappedFunc (C:\Angular project-2\codebook\node_modules\zone.js\bundles\zone-testing.umd.js:450:38)
    at Promise.then.completed (C:\Angular project-2\codebook\node_modules\jest-circus\build\utils.js:298:28)
    at new Promise (<anonymous>)
    at callAsyncCircusFn (C:\Angular project-2\codebook\node_modules\jest-circus\build\utils.js:231:10)
    at _callCircusTest (C:\Angular project-2\codebook\node_modules\jest-circus\build\run.js:316:40)
    at processTicksAndRejections (node:internal/process/task_queues:105:5)
    at _runTest (C:\Angular project-2\codebook\node_modules\jest-circus\build\run.js:252:3)
    at _runTestsForDescribeBlock (C:\Angular project-2\codebook\node_modules\jest-circus\build\run.js:126:9)
    at _runTestsForDescribeBlock (C:\Angular project-2\codebook\node_modules\jest-circus\build\run.js:121:9)
    at _runTestsForDescribeBlock (C:\Angular project-2\codebook\node_modules\jest-circus\build\run.js:121:9)
    at run (C:\Angular project-2\codebook\node_modules\jest-circus\build\run.js:71:3)
    at runAndTransformResultsToJestFormat (C:\Angular project-2\codebook\node_modules\jest-circus\build\legacy-code-todo-rewrite\jestAdapterInit.js:122:21)]]></failure>
    </testCase>
    <testCase name="UserStore Computed Properties should compute users correctly" duration="39"/>
    <testCase name="UserStore Computed Properties should compute isLoading correctly" duration="140">
      <failure message="Error: expect(received).toBe(expected) // Object.is equality"><![CDATA[Error: expect(received).toBe(expected) // Object.is equality

Expected: false
Received: true
    at C:\Angular project-2\codebook\src\app\pages\users\store\user-store.spec.ts:100:33
    at _ZoneDelegate.invoke (C:\Angular project-2\codebook\node_modules\zone.js\bundles\zone.umd.js:416:32)
    at ProxyZoneSpec.Object.<anonymous>.ProxyZoneSpec.onInvoke (C:\Angular project-2\codebook\node_modules\zone.js\bundles\zone-testing.umd.js:2177:43)
    at _ZoneDelegate.invoke (C:\Angular project-2\codebook\node_modules\zone.js\bundles\zone.umd.js:415:38)
    at ZoneImpl.run (C:\Angular project-2\codebook\node_modules\zone.js\bundles\zone.umd.js:147:47)
    at Object.wrappedFunc (C:\Angular project-2\codebook\node_modules\zone.js\bundles\zone-testing.umd.js:450:38)
    at Promise.then.completed (C:\Angular project-2\codebook\node_modules\jest-circus\build\utils.js:298:28)
    at new Promise (<anonymous>)
    at callAsyncCircusFn (C:\Angular project-2\codebook\node_modules\jest-circus\build\utils.js:231:10)
    at _callCircusTest (C:\Angular project-2\codebook\node_modules\jest-circus\build\run.js:316:40)
    at processTicksAndRejections (node:internal/process/task_queues:105:5)
    at _runTest (C:\Angular project-2\codebook\node_modules\jest-circus\build\run.js:252:3)
    at _runTestsForDescribeBlock (C:\Angular project-2\codebook\node_modules\jest-circus\build\run.js:126:9)
    at _runTestsForDescribeBlock (C:\Angular project-2\codebook\node_modules\jest-circus\build\run.js:121:9)
    at _runTestsForDescribeBlock (C:\Angular project-2\codebook\node_modules\jest-circus\build\run.js:121:9)
    at run (C:\Angular project-2\codebook\node_modules\jest-circus\build\run.js:71:3)
    at runAndTransformResultsToJestFormat (C:\Angular project-2\codebook\node_modules\jest-circus\build\legacy-code-todo-rewrite\jestAdapterInit.js:122:21)]]></failure>
    </testCase>
    <testCase name="UserStore loadUsers should load users from local storage if available" duration="32">
      <failure message="Error: expect(jest.fn()).not.toHaveBeenCalled()"><![CDATA[Error: expect(jest.fn()).not.toHaveBeenCalled()

Expected number of calls: 0
Received number of calls: 1

1: "https://jsonplaceholder.typicode.com/users"
    at C:\Angular project-2\codebook\src\app\pages\users\store\user-store.spec.ts:109:38
    at Generator.next (<anonymous>)
    at fulfilled (C:\Angular project-2\codebook\node_modules\tslib\tslib.js:167:62)
    at _ZoneDelegate.invoke (C:\Angular project-2\codebook\node_modules\zone.js\bundles\zone.umd.js:416:32)
    at ProxyZoneSpec.Object.<anonymous>.ProxyZoneSpec.onInvoke (C:\Angular project-2\codebook\node_modules\zone.js\bundles\zone-testing.umd.js:2177:43)
    at _ZoneDelegate.invoke (C:\Angular project-2\codebook\node_modules\zone.js\bundles\zone.umd.js:415:38)
    at ZoneImpl.run (C:\Angular project-2\codebook\node_modules\zone.js\bundles\zone.umd.js:147:47)
    at C:\Angular project-2\codebook\node_modules\zone.js\bundles\zone.umd.js:2598:42
    at _ZoneDelegate.invokeTask (C:\Angular project-2\codebook\node_modules\zone.js\bundles\zone.umd.js:449:37)
    at ProxyZoneSpec.Object.<anonymous>.ProxyZoneSpec.onInvokeTask (C:\Angular project-2\codebook\node_modules\zone.js\bundles\zone-testing.umd.js:2208:43)
    at _ZoneDelegate.invokeTask (C:\Angular project-2\codebook\node_modules\zone.js\bundles\zone.umd.js:448:42)
    at ZoneImpl.runTask (C:\Angular project-2\codebook\node_modules\zone.js\bundles\zone.umd.js:196:51)
    at drainMicroTaskQueue (C:\Angular project-2\codebook\node_modules\zone.js\bundles\zone.umd.js:638:39)
    at processTicksAndRejections (node:internal/process/task_queues:105:5)]]></failure>
    </testCase>
    <testCase name="UserStore loadUsers should load users from API if local storage is empty" duration="24"/>
    <testCase name="UserStore loadUsers should handle API error" duration="71">
      <failure message="Error: expect(received).toEqual(expected) // deep equality"><![CDATA[Error: expect(received).toEqual(expected) // deep equality

- Expected  - 1
+ Received  + 9

- Array []
+ Array [
+   Object {
+     "bs": "Synergy",
+     "company": "Doe Inc",
+     "id": 1,
+     "name": "John Doe",
+     "website": "johndoe.com",
+   },
+ ]
    at C:\Angular project-2\codebook\src\app\pages\users\store\user-store.spec.ts:131:29
    at Generator.next (<anonymous>)
    at fulfilled (C:\Angular project-2\codebook\node_modules\tslib\tslib.js:167:62)
    at _ZoneDelegate.invoke (C:\Angular project-2\codebook\node_modules\zone.js\bundles\zone.umd.js:416:32)
    at ProxyZoneSpec.Object.<anonymous>.ProxyZoneSpec.onInvoke (C:\Angular project-2\codebook\node_modules\zone.js\bundles\zone-testing.umd.js:2177:43)
    at _ZoneDelegate.invoke (C:\Angular project-2\codebook\node_modules\zone.js\bundles\zone.umd.js:415:38)
    at ZoneImpl.run (C:\Angular project-2\codebook\node_modules\zone.js\bundles\zone.umd.js:147:47)
    at C:\Angular project-2\codebook\node_modules\zone.js\bundles\zone.umd.js:2598:42
    at _ZoneDelegate.invokeTask (C:\Angular project-2\codebook\node_modules\zone.js\bundles\zone.umd.js:449:37)
    at ProxyZoneSpec.Object.<anonymous>.ProxyZoneSpec.onInvokeTask (C:\Angular project-2\codebook\node_modules\zone.js\bundles\zone-testing.umd.js:2208:43)
    at _ZoneDelegate.invokeTask (C:\Angular project-2\codebook\node_modules\zone.js\bundles\zone.umd.js:448:42)
    at ZoneImpl.runTask (C:\Angular project-2\codebook\node_modules\zone.js\bundles\zone.umd.js:196:51)
    at drainMicroTaskQueue (C:\Angular project-2\codebook\node_modules\zone.js\bundles\zone.umd.js:638:39)
    at processTicksAndRejections (node:internal/process/task_queues:105:5)]]></failure>
    </testCase>
    <testCase name="UserStore addUser should add a new user" duration="56">
      <failure message="Error: expect(received).toContainEqual(expected) // deep equality"><![CDATA[Error: expect(received).toContainEqual(expected) // deep equality

Expected value: {"bs": "Innovation", "company": "Jane Inc", "id": 2, "name": "Jane Doe", "website": "janedoe.com"}
Received array: [{"bs": "Synergy", "company": "Doe Inc", "id": 1, "name": "John Doe", "website": "johndoe.com"}, {"bs": "Innovation", "company": "Jane Inc", "id": 1747473233504, "name": "Jane Doe", "website": "janedoe.com"}]
    at C:\Angular project-2\codebook\src\app\pages\users\store\user-store.spec.ts:146:29
    at _ZoneDelegate.invoke (C:\Angular project-2\codebook\node_modules\zone.js\bundles\zone.umd.js:416:32)
    at ProxyZoneSpec.Object.<anonymous>.ProxyZoneSpec.onInvoke (C:\Angular project-2\codebook\node_modules\zone.js\bundles\zone-testing.umd.js:2177:43)
    at _ZoneDelegate.invoke (C:\Angular project-2\codebook\node_modules\zone.js\bundles\zone.umd.js:415:38)
    at ZoneImpl.run (C:\Angular project-2\codebook\node_modules\zone.js\bundles\zone.umd.js:147:47)
    at Object.wrappedFunc (C:\Angular project-2\codebook\node_modules\zone.js\bundles\zone-testing.umd.js:450:38)
    at Promise.then.completed (C:\Angular project-2\codebook\node_modules\jest-circus\build\utils.js:298:28)
    at new Promise (<anonymous>)
    at callAsyncCircusFn (C:\Angular project-2\codebook\node_modules\jest-circus\build\utils.js:231:10)
    at _callCircusTest (C:\Angular project-2\codebook\node_modules\jest-circus\build\run.js:316:40)
    at processTicksAndRejections (node:internal/process/task_queues:105:5)
    at _runTest (C:\Angular project-2\codebook\node_modules\jest-circus\build\run.js:252:3)
    at _runTestsForDescribeBlock (C:\Angular project-2\codebook\node_modules\jest-circus\build\run.js:126:9)
    at _runTestsForDescribeBlock (C:\Angular project-2\codebook\node_modules\jest-circus\build\run.js:121:9)
    at _runTestsForDescribeBlock (C:\Angular project-2\codebook\node_modules\jest-circus\build\run.js:121:9)
    at run (C:\Angular project-2\codebook\node_modules\jest-circus\build\run.js:71:3)
    at runAndTransformResultsToJestFormat (C:\Angular project-2\codebook\node_modules\jest-circus\build\legacy-code-todo-rewrite\jestAdapterInit.js:122:21)]]></failure>
    </testCase>
    <testCase name="UserStore addUser should handle error when adding user" duration="38">
      <failure message="Error: expect(received).toEqual(expected) // deep equality"><![CDATA[Error: expect(received).toEqual(expected) // deep equality

- Expected  - 1
+ Received  + 9

- Array []
+ Array [
+   Object {
+     "bs": "Synergy",
+     "company": "Doe Inc",
+     "id": 1,
+     "name": "John Doe",
+     "website": "johndoe.com",
+   },
+ ]
    at C:\Angular project-2\codebook\src\app\pages\users\store\user-store.spec.ts:164:29
    at _ZoneDelegate.invoke (C:\Angular project-2\codebook\node_modules\zone.js\bundles\zone.umd.js:416:32)
    at ProxyZoneSpec.Object.<anonymous>.ProxyZoneSpec.onInvoke (C:\Angular project-2\codebook\node_modules\zone.js\bundles\zone-testing.umd.js:2177:43)
    at _ZoneDelegate.invoke (C:\Angular project-2\codebook\node_modules\zone.js\bundles\zone.umd.js:415:38)
    at ZoneImpl.run (C:\Angular project-2\codebook\node_modules\zone.js\bundles\zone.umd.js:147:47)
    at Object.wrappedFunc (C:\Angular project-2\codebook\node_modules\zone.js\bundles\zone-testing.umd.js:450:38)
    at Promise.then.completed (C:\Angular project-2\codebook\node_modules\jest-circus\build\utils.js:298:28)
    at new Promise (<anonymous>)
    at callAsyncCircusFn (C:\Angular project-2\codebook\node_modules\jest-circus\build\utils.js:231:10)
    at _callCircusTest (C:\Angular project-2\codebook\node_modules\jest-circus\build\run.js:316:40)
    at processTicksAndRejections (node:internal/process/task_queues:105:5)
    at _runTest (C:\Angular project-2\codebook\node_modules\jest-circus\build\run.js:252:3)
    at _runTestsForDescribeBlock (C:\Angular project-2\codebook\node_modules\jest-circus\build\run.js:126:9)
    at _runTestsForDescribeBlock (C:\Angular project-2\codebook\node_modules\jest-circus\build\run.js:121:9)
    at _runTestsForDescribeBlock (C:\Angular project-2\codebook\node_modules\jest-circus\build\run.js:121:9)
    at run (C:\Angular project-2\codebook\node_modules\jest-circus\build\run.js:71:3)
    at runAndTransformResultsToJestFormat (C:\Angular project-2\codebook\node_modules\jest-circus\build\legacy-code-todo-rewrite\jestAdapterInit.js:122:21)]]></failure>
    </testCase>
    <testCase name="UserStore updateUser should update an existing user" duration="17"/>
    <testCase name="UserStore updateUser should handle error when updating user" duration="28"/>
    <testCase name="UserStore deleteUser should delete a user" duration="16"/>
    <testCase name="UserStore deleteUser should handle error when deleting user" duration="19"/>
    <testCase name="UserStore getUser should return a user by ID" duration="55"/>
    <testCase name="UserStore getUser should return undefined if user is not found" duration="92"/>
    <testCase name="UserStore getUser should handle error when fetching user" duration="44"/>
    <testCase name="UserStore onInit Hook should call loadUsers on initialization" duration="129">
      <failure message="Error: expect(jest.fn()).toHaveBeenCalled()"><![CDATA[Error: expect(jest.fn()).toHaveBeenCalled()

Expected number of calls: >= 1
Received number of calls:    0
    at C:\Angular project-2\codebook\src\app\pages\users\store\user-store.spec.ts:253:28
    at _ZoneDelegate.invoke (C:\Angular project-2\codebook\node_modules\zone.js\bundles\zone.umd.js:416:32)
    at ProxyZoneSpec.Object.<anonymous>.ProxyZoneSpec.onInvoke (C:\Angular project-2\codebook\node_modules\zone.js\bundles\zone-testing.umd.js:2177:43)
    at _ZoneDelegate.invoke (C:\Angular project-2\codebook\node_modules\zone.js\bundles\zone.umd.js:415:38)
    at ZoneImpl.run (C:\Angular project-2\codebook\node_modules\zone.js\bundles\zone.umd.js:147:47)
    at Object.wrappedFunc (C:\Angular project-2\codebook\node_modules\zone.js\bundles\zone-testing.umd.js:450:38)
    at Promise.then.completed (C:\Angular project-2\codebook\node_modules\jest-circus\build\utils.js:298:28)
    at new Promise (<anonymous>)
    at callAsyncCircusFn (C:\Angular project-2\codebook\node_modules\jest-circus\build\utils.js:231:10)
    at _callCircusTest (C:\Angular project-2\codebook\node_modules\jest-circus\build\run.js:316:40)
    at processTicksAndRejections (node:internal/process/task_queues:105:5)
    at _runTest (C:\Angular project-2\codebook\node_modules\jest-circus\build\run.js:252:3)
    at _runTestsForDescribeBlock (C:\Angular project-2\codebook\node_modules\jest-circus\build\run.js:126:9)
    at _runTestsForDescribeBlock (C:\Angular project-2\codebook\node_modules\jest-circus\build\run.js:121:9)
    at _runTestsForDescribeBlock (C:\Angular project-2\codebook\node_modules\jest-circus\build\run.js:121:9)
    at run (C:\Angular project-2\codebook\node_modules\jest-circus\build\run.js:71:3)
    at runAndTransformResultsToJestFormat (C:\Angular project-2\codebook\node_modules\jest-circus\build\legacy-code-todo-rewrite\jestAdapterInit.js:122:21)]]></failure>
    </testCase>
  </file>
  <file path="C:\Angular project-2\codebook\src\app\pages\business\business.component.spec.ts">
    <testCase name="BusinessComponent should create the component" duration="1542"/>
    <testCase name="BusinessComponent Initial State should initialize business signal with empty values" duration="376"/>
    <testCase name="BusinessComponent Initial State should initialize categories and subCategories" duration="339"/>
    <testCase name="BusinessComponent Initial State should initialize isPublished as false" duration="281"/>
    <testCase name="BusinessComponent Initial State should initialize isEditing with all steps as false" duration="385"/>
    <testCase name="BusinessComponent Template Rendering should render the header with title and Create New Business button" duration="461"/>
    <testCase name="BusinessComponent Template Rendering should render the stepper with three steps" duration="254">
      <failure message="Error: expect(received).toBe(expected) // Object.is equality"><![CDATA[Error: expect(received).toBe(expected) // Object.is equality

Expected: 3
Received: 0
    at C:\Angular project-2\codebook\src\app\pages\business\business.component.spec.ts:116:28
    at _ZoneDelegate.invoke (C:\Angular project-2\codebook\node_modules\zone.js\bundles\zone.umd.js:416:32)
    at ProxyZoneSpec.Object.<anonymous>.ProxyZoneSpec.onInvoke (C:\Angular project-2\codebook\node_modules\zone.js\bundles\zone-testing.umd.js:2177:43)
    at _ZoneDelegate.invoke (C:\Angular project-2\codebook\node_modules\zone.js\bundles\zone.umd.js:415:38)
    at ZoneImpl.run (C:\Angular project-2\codebook\node_modules\zone.js\bundles\zone.umd.js:147:47)
    at Object.wrappedFunc (C:\Angular project-2\codebook\node_modules\zone.js\bundles\zone-testing.umd.js:450:38)
    at Promise.then.completed (C:\Angular project-2\codebook\node_modules\jest-circus\build\utils.js:298:28)
    at new Promise (<anonymous>)
    at callAsyncCircusFn (C:\Angular project-2\codebook\node_modules\jest-circus\build\utils.js:231:10)
    at _callCircusTest (C:\Angular project-2\codebook\node_modules\jest-circus\build\run.js:316:40)
    at _runTest (C:\Angular project-2\codebook\node_modules\jest-circus\build\run.js:252:3)
    at _runTestsForDescribeBlock (C:\Angular project-2\codebook\node_modules\jest-circus\build\run.js:126:9)
    at _runTestsForDescribeBlock (C:\Angular project-2\codebook\node_modules\jest-circus\build\run.js:121:9)
    at _runTestsForDescribeBlock (C:\Angular project-2\codebook\node_modules\jest-circus\build\run.js:121:9)
    at run (C:\Angular project-2\codebook\node_modules\jest-circus\build\run.js:71:3)
    at runAndTransformResultsToJestFormat (C:\Angular project-2\codebook\node_modules\jest-circus\build\legacy-code-todo-rewrite\jestAdapterInit.js:122:21)]]></failure>
    </testCase>
    <testCase name="BusinessComponent Template Rendering should render step 1 form when not published" duration="248"/>
    <testCase name="BusinessComponent Template Rendering should render published view when isPublished is true" duration="417">
      <failure message="Error: expect(received).toContain(expected) // indexOf"><![CDATA[Error: expect(received).toContain(expected) // indexOf

Expected substring: "Test Business"
Received string:    "Name:"
    at C:\Angular project-2\codebook\src\app\pages\business\business.component.spec.ts:142:63
    at _ZoneDelegate.invoke (C:\Angular project-2\codebook\node_modules\zone.js\bundles\zone.umd.js:416:32)
    at ProxyZoneSpec.Object.<anonymous>.ProxyZoneSpec.onInvoke (C:\Angular project-2\codebook\node_modules\zone.js\bundles\zone-testing.umd.js:2177:43)
    at _ZoneDelegate.invoke (C:\Angular project-2\codebook\node_modules\zone.js\bundles\zone.umd.js:415:38)
    at ZoneImpl.run (C:\Angular project-2\codebook\node_modules\zone.js\bundles\zone.umd.js:147:47)
    at Object.wrappedFunc (C:\Angular project-2\codebook\node_modules\zone.js\bundles\zone-testing.umd.js:450:38)
    at Promise.then.completed (C:\Angular project-2\codebook\node_modules\jest-circus\build\utils.js:298:28)
    at new Promise (<anonymous>)
    at callAsyncCircusFn (C:\Angular project-2\codebook\node_modules\jest-circus\build\utils.js:231:10)
    at _callCircusTest (C:\Angular project-2\codebook\node_modules\jest-circus\build\run.js:316:40)
    at _runTest (C:\Angular project-2\codebook\node_modules\jest-circus\build\run.js:252:3)
    at _runTestsForDescribeBlock (C:\Angular project-2\codebook\node_modules\jest-circus\build\run.js:126:9)
    at _runTestsForDescribeBlock (C:\Angular project-2\codebook\node_modules\jest-circus\build\run.js:121:9)
    at _runTestsForDescribeBlock (C:\Angular project-2\codebook\node_modules\jest-circus\build\run.js:121:9)
    at run (C:\Angular project-2\codebook\node_modules\jest-circus\build\run.js:71:3)
    at runAndTransformResultsToJestFormat (C:\Angular project-2\codebook\node_modules\jest-circus\build\legacy-code-todo-rewrite\jestAdapterInit.js:122:21)]]></failure>
    </testCase>
    <testCase name="BusinessComponent Template Rendering should show success message when published" duration="325"/>
    <testCase name="BusinessComponent Form Validation should validate step 1 as invalid when name or country is empty" duration="263"/>
    <testCase name="BusinessComponent Form Validation should validate step 2 as invalid when category or subCategory is empty" duration="214"/>
    <testCase name="BusinessComponent Form Validation should validate step 3 as invalid when phone is empty" duration="220"/>
    <testCase name="BusinessComponent Form Validation should show validation errors for step 1 when fields are touched and invalid" duration="257"/>
    <testCase name="BusinessComponent Stepper Navigation should disable Next button in step 1 when form is invalid" duration="229">
      <failure message="Error: expect(received).toBe(expected) // Object.is equality"><![CDATA[Error: expect(received).toBe(expected) // Object.is equality

Expected: true
Received: false
    at C:\Angular project-2\codebook\src\app\pages\business\business.component.spec.ts:195:35
    at _ZoneDelegate.invoke (C:\Angular project-2\codebook\node_modules\zone.js\bundles\zone.umd.js:416:32)
    at ProxyZoneSpec.Object.<anonymous>.ProxyZoneSpec.onInvoke (C:\Angular project-2\codebook\node_modules\zone.js\bundles\zone-testing.umd.js:2177:43)
    at _ZoneDelegate.invoke (C:\Angular project-2\codebook\node_modules\zone.js\bundles\zone.umd.js:415:38)
    at ZoneImpl.run (C:\Angular project-2\codebook\node_modules\zone.js\bundles\zone.umd.js:147:47)
    at Object.wrappedFunc (C:\Angular project-2\codebook\node_modules\zone.js\bundles\zone-testing.umd.js:450:38)
    at Promise.then.completed (C:\Angular project-2\codebook\node_modules\jest-circus\build\utils.js:298:28)
    at new Promise (<anonymous>)
    at callAsyncCircusFn (C:\Angular project-2\codebook\node_modules\jest-circus\build\utils.js:231:10)
    at _callCircusTest (C:\Angular project-2\codebook\node_modules\jest-circus\build\run.js:316:40)
    at _runTest (C:\Angular project-2\codebook\node_modules\jest-circus\build\run.js:252:3)
    at _runTestsForDescribeBlock (C:\Angular project-2\codebook\node_modules\jest-circus\build\run.js:126:9)
    at _runTestsForDescribeBlock (C:\Angular project-2\codebook\node_modules\jest-circus\build\run.js:121:9)
    at _runTestsForDescribeBlock (C:\Angular project-2\codebook\node_modules\jest-circus\build\run.js:121:9)
    at run (C:\Angular project-2\codebook\node_modules\jest-circus\build\run.js:71:3)
    at runAndTransformResultsToJestFormat (C:\Angular project-2\codebook\node_modules\jest-circus\build\legacy-code-todo-rewrite\jestAdapterInit.js:122:21)]]></failure>
    </testCase>
    <testCase name="BusinessComponent Stepper Navigation should enable Next button in step 1 when form is valid" duration="264">
      <failure message="Error: expect(received).toBe(expected) // Object.is equality"><![CDATA[Error: expect(received).toBe(expected) // Object.is equality

Expected: false
Received: true
    at C:\Angular project-2\codebook\src\app\pages\business\business.component.spec.ts:206:35
    at _ZoneDelegate.invoke (C:\Angular project-2\codebook\node_modules\zone.js\bundles\zone.umd.js:416:32)
    at ProxyZoneSpec.Object.<anonymous>.ProxyZoneSpec.onInvoke (C:\Angular project-2\codebook\node_modules\zone.js\bundles\zone-testing.umd.js:2177:43)
    at _ZoneDelegate.invoke (C:\Angular project-2\codebook\node_modules\zone.js\bundles\zone.umd.js:415:38)
    at ZoneImpl.run (C:\Angular project-2\codebook\node_modules\zone.js\bundles\zone.umd.js:147:47)
    at Object.wrappedFunc (C:\Angular project-2\codebook\node_modules\zone.js\bundles\zone-testing.umd.js:450:38)
    at Promise.then.completed (C:\Angular project-2\codebook\node_modules\jest-circus\build\utils.js:298:28)
    at new Promise (<anonymous>)
    at callAsyncCircusFn (C:\Angular project-2\codebook\node_modules\jest-circus\build\utils.js:231:10)
    at _callCircusTest (C:\Angular project-2\codebook\node_modules\jest-circus\build\run.js:316:40)
    at _runTest (C:\Angular project-2\codebook\node_modules\jest-circus\build\run.js:252:3)
    at _runTestsForDescribeBlock (C:\Angular project-2\codebook\node_modules\jest-circus\build\run.js:126:9)
    at _runTestsForDescribeBlock (C:\Angular project-2\codebook\node_modules\jest-circus\build\run.js:121:9)
    at _runTestsForDescribeBlock (C:\Angular project-2\codebook\node_modules\jest-circus\build\run.js:121:9)
    at run (C:\Angular project-2\codebook\node_modules\jest-circus\build\run.js:71:3)
    at runAndTransformResultsToJestFormat (C:\Angular project-2\codebook\node_modules\jest-circus\build\legacy-code-todo-rewrite\jestAdapterInit.js:122:21)]]></failure>
    </testCase>
    <testCase name="BusinessComponent Stepper Navigation should navigate to step 2 when Next is clicked" duration="488">
      <failure message="Error: expect(received).toBeTruthy()"><![CDATA[Error: expect(received).toBeTruthy()

Received: null
    at C:\Angular project-2\codebook\src\app\pages\business\business.component.spec.ts:221:52
    at _ZoneDelegate.invoke (C:\Angular project-2\codebook\node_modules\zone.js\bundles\zone.umd.js:416:32)
    at ProxyZoneSpec.Object.<anonymous>.ProxyZoneSpec.onInvoke (C:\Angular project-2\codebook\node_modules\zone.js\bundles\zone-testing.umd.js:2177:43)
    at _ZoneDelegate.invoke (C:\Angular project-2\codebook\node_modules\zone.js\bundles\zone.umd.js:415:38)
    at ZoneImpl.run (C:\Angular project-2\codebook\node_modules\zone.js\bundles\zone.umd.js:147:47)
    at Object.wrappedFunc (C:\Angular project-2\codebook\node_modules\zone.js\bundles\zone-testing.umd.js:450:38)
    at Promise.then.completed (C:\Angular project-2\codebook\node_modules\jest-circus\build\utils.js:298:28)
    at new Promise (<anonymous>)
    at callAsyncCircusFn (C:\Angular project-2\codebook\node_modules\jest-circus\build\utils.js:231:10)
    at _callCircusTest (C:\Angular project-2\codebook\node_modules\jest-circus\build\run.js:316:40)
    at _runTest (C:\Angular project-2\codebook\node_modules\jest-circus\build\run.js:252:3)
    at _runTestsForDescribeBlock (C:\Angular project-2\codebook\node_modules\jest-circus\build\run.js:126:9)
    at _runTestsForDescribeBlock (C:\Angular project-2\codebook\node_modules\jest-circus\build\run.js:121:9)
    at _runTestsForDescribeBlock (C:\Angular project-2\codebook\node_modules\jest-circus\build\run.js:121:9)
    at run (C:\Angular project-2\codebook\node_modules\jest-circus\build\run.js:71:3)
    at runAndTransformResultsToJestFormat (C:\Angular project-2\codebook\node_modules\jest-circus\build\legacy-code-todo-rewrite\jestAdapterInit.js:122:21)]]></failure>
    </testCase>
    <testCase name="BusinessComponent Stepper Navigation should navigate back to step 1 from step 2" duration="328">
      <failure message="TypeError: Cannot read properties of null (reading &apos;click&apos;)"><![CDATA[TypeError: Cannot read properties of null (reading 'click')
    at C:\Angular project-2\codebook\src\app\pages\business\business.component.spec.ts:233:72
    at _ZoneDelegate.invoke (C:\Angular project-2\codebook\node_modules\zone.js\bundles\zone.umd.js:416:32)
    at ProxyZoneSpec.Object.<anonymous>.ProxyZoneSpec.onInvoke (C:\Angular project-2\codebook\node_modules\zone.js\bundles\zone-testing.umd.js:2177:43)
    at _ZoneDelegate.invoke (C:\Angular project-2\codebook\node_modules\zone.js\bundles\zone.umd.js:415:38)
    at ZoneImpl.run (C:\Angular project-2\codebook\node_modules\zone.js\bundles\zone.umd.js:147:47)
    at Object.wrappedFunc (C:\Angular project-2\codebook\node_modules\zone.js\bundles\zone-testing.umd.js:450:38)
    at Promise.then.completed (C:\Angular project-2\codebook\node_modules\jest-circus\build\utils.js:298:28)
    at new Promise (<anonymous>)
    at callAsyncCircusFn (C:\Angular project-2\codebook\node_modules\jest-circus\build\utils.js:231:10)
    at _callCircusTest (C:\Angular project-2\codebook\node_modules\jest-circus\build\run.js:316:40)
    at _runTest (C:\Angular project-2\codebook\node_modules\jest-circus\build\run.js:252:3)
    at _runTestsForDescribeBlock (C:\Angular project-2\codebook\node_modules\jest-circus\build\run.js:126:9)
    at _runTestsForDescribeBlock (C:\Angular project-2\codebook\node_modules\jest-circus\build\run.js:121:9)
    at _runTestsForDescribeBlock (C:\Angular project-2\codebook\node_modules\jest-circus\build\run.js:121:9)
    at run (C:\Angular project-2\codebook\node_modules\jest-circus\build\run.js:71:3)
    at runAndTransformResultsToJestFormat (C:\Angular project-2\codebook\node_modules\jest-circus\build\legacy-code-todo-rewrite\jestAdapterInit.js:122:21)]]></failure>
    </testCase>
    <testCase name="BusinessComponent Publishing Business should call addBusiness and set isPublished to true on publish" duration="288"/>
    <testCase name="BusinessComponent Publishing Business should not publish if confirm is cancelled" duration="432"/>
    <testCase name="BusinessComponent Editing Business should toggle edit mode for step 1" duration="383"/>
    <testCase name="BusinessComponent Editing Business should render edit form for step 1" duration="500"/>
    <testCase name="BusinessComponent Editing Business should call updateBusiness on save" duration="388"/>
    <testCase name="BusinessComponent Editing Business should cancel edit mode without saving" duration="402">
      <failure message="Error: expect(received).toEqual(expected) // deep equality"><![CDATA[Error: expect(received).toEqual(expected) // deep equality

- Expected  - 1
+ Received  + 1

  Object {
    "category": "Retail",
    "country": "USA",
    "id": "123",
-   "name": "Test Business",
+   "name": "Updated Business",
    "phone": "1234567890",
    "subCategory": "Clothing",
  }
    at C:\Angular project-2\codebook\src\app\pages\business\business.component.spec.ts:316:36
    at _ZoneDelegate.invoke (C:\Angular project-2\codebook\node_modules\zone.js\bundles\zone.umd.js:416:32)
    at ProxyZoneSpec.Object.<anonymous>.ProxyZoneSpec.onInvoke (C:\Angular project-2\codebook\node_modules\zone.js\bundles\zone-testing.umd.js:2177:43)
    at _ZoneDelegate.invoke (C:\Angular project-2\codebook\node_modules\zone.js\bundles\zone.umd.js:415:38)
    at ZoneImpl.run (C:\Angular project-2\codebook\node_modules\zone.js\bundles\zone.umd.js:147:47)
    at Object.wrappedFunc (C:\Angular project-2\codebook\node_modules\zone.js\bundles\zone-testing.umd.js:450:38)
    at Promise.then.completed (C:\Angular project-2\codebook\node_modules\jest-circus\build\utils.js:298:28)
    at new Promise (<anonymous>)
    at callAsyncCircusFn (C:\Angular project-2\codebook\node_modules\jest-circus\build\utils.js:231:10)
    at _callCircusTest (C:\Angular project-2\codebook\node_modules\jest-circus\build\run.js:316:40)
    at _runTest (C:\Angular project-2\codebook\node_modules\jest-circus\build\run.js:252:3)
    at _runTestsForDescribeBlock (C:\Angular project-2\codebook\node_modules\jest-circus\build\run.js:126:9)
    at _runTestsForDescribeBlock (C:\Angular project-2\codebook\node_modules\jest-circus\build\run.js:121:9)
    at _runTestsForDescribeBlock (C:\Angular project-2\codebook\node_modules\jest-circus\build\run.js:121:9)
    at run (C:\Angular project-2\codebook\node_modules\jest-circus\build\run.js:71:3)
    at runAndTransformResultsToJestFormat (C:\Angular project-2\codebook\node_modules\jest-circus\build\legacy-code-todo-rewrite\jestAdapterInit.js:122:21)]]></failure>
    </testCase>
    <testCase name="BusinessComponent Reset Form should reset the form and signals" duration="437"/>
    <testCase name="BusinessComponent Responsive Behavior should set stepper orientation to vertical on mobile" duration="624">
      <failure message="Error: expect(received).toBe(expected) // Object.is equality"><![CDATA[Error: expect(received).toBe(expected) // Object.is equality

Expected: "vertical"
Received: null
    at C:\Angular project-2\codebook\src\app\pages\business\business.component.spec.ts:353:51
    at _ZoneDelegate.invoke (C:\Angular project-2\codebook\node_modules\zone.js\bundles\zone.umd.js:416:32)
    at ProxyZoneSpec.Object.<anonymous>.ProxyZoneSpec.onInvoke (C:\Angular project-2\codebook\node_modules\zone.js\bundles\zone-testing.umd.js:2177:43)
    at _ZoneDelegate.invoke (C:\Angular project-2\codebook\node_modules\zone.js\bundles\zone.umd.js:415:38)
    at ZoneImpl.run (C:\Angular project-2\codebook\node_modules\zone.js\bundles\zone.umd.js:147:47)
    at Object.wrappedFunc (C:\Angular project-2\codebook\node_modules\zone.js\bundles\zone-testing.umd.js:450:38)
    at Promise.then.completed (C:\Angular project-2\codebook\node_modules\jest-circus\build\utils.js:298:28)
    at new Promise (<anonymous>)
    at callAsyncCircusFn (C:\Angular project-2\codebook\node_modules\jest-circus\build\utils.js:231:10)
    at _callCircusTest (C:\Angular project-2\codebook\node_modules\jest-circus\build\run.js:316:40)
    at _runTest (C:\Angular project-2\codebook\node_modules\jest-circus\build\run.js:252:3)
    at _runTestsForDescribeBlock (C:\Angular project-2\codebook\node_modules\jest-circus\build\run.js:126:9)
    at _runTestsForDescribeBlock (C:\Angular project-2\codebook\node_modules\jest-circus\build\run.js:121:9)
    at _runTestsForDescribeBlock (C:\Angular project-2\codebook\node_modules\jest-circus\build\run.js:121:9)
    at run (C:\Angular project-2\codebook\node_modules\jest-circus\build\run.js:71:3)
    at runAndTransformResultsToJestFormat (C:\Angular project-2\codebook\node_modules\jest-circus\build\legacy-code-todo-rewrite\jestAdapterInit.js:122:21)]]></failure>
    </testCase>
    <testCase name="BusinessComponent Responsive Behavior should set stepper orientation to horizontal on desktop" duration="409">
      <failure message="Error: expect(received).toBe(expected) // Object.is equality"><![CDATA[Error: expect(received).toBe(expected) // Object.is equality

Expected: "horizontal"
Received: null
    at C:\Angular project-2\codebook\src\app\pages\business\business.component.spec.ts:360:51
    at _ZoneDelegate.invoke (C:\Angular project-2\codebook\node_modules\zone.js\bundles\zone.umd.js:416:32)
    at ProxyZoneSpec.Object.<anonymous>.ProxyZoneSpec.onInvoke (C:\Angular project-2\codebook\node_modules\zone.js\bundles\zone-testing.umd.js:2177:43)
    at _ZoneDelegate.invoke (C:\Angular project-2\codebook\node_modules\zone.js\bundles\zone.umd.js:415:38)
    at ZoneImpl.run (C:\Angular project-2\codebook\node_modules\zone.js\bundles\zone.umd.js:147:47)
    at Object.wrappedFunc (C:\Angular project-2\codebook\node_modules\zone.js\bundles\zone-testing.umd.js:450:38)
    at Promise.then.completed (C:\Angular project-2\codebook\node_modules\jest-circus\build\utils.js:298:28)
    at new Promise (<anonymous>)
    at callAsyncCircusFn (C:\Angular project-2\codebook\node_modules\jest-circus\build\utils.js:231:10)
    at _callCircusTest (C:\Angular project-2\codebook\node_modules\jest-circus\build\run.js:316:40)
    at _runTest (C:\Angular project-2\codebook\node_modules\jest-circus\build\run.js:252:3)
    at _runTestsForDescribeBlock (C:\Angular project-2\codebook\node_modules\jest-circus\build\run.js:126:9)
    at _runTestsForDescribeBlock (C:\Angular project-2\codebook\node_modules\jest-circus\build\run.js:121:9)
    at _runTestsForDescribeBlock (C:\Angular project-2\codebook\node_modules\jest-circus\build\run.js:121:9)
    at run (C:\Angular project-2\codebook\node_modules\jest-circus\build\run.js:71:3)
    at runAndTransformResultsToJestFormat (C:\Angular project-2\codebook\node_modules\jest-circus\build\legacy-code-todo-rewrite\jestAdapterInit.js:122:21)]]></failure>
    </testCase>
    <testCase name="BusinessComponent Dark Mode should apply dark-theme class when dark mode is enabled" duration="301"/>
    <testCase name="BusinessComponent Dark Mode should not apply dark-theme class when dark mode is disabled" duration="235"/>
  </file>
  <file path="C:\Angular project-2\codebook\src\app\pages\users\add-user\add-user.component.spec.ts">
    <testCase name="AddUserComponent should create the component" duration="612"/>
    <testCase name="AddUserComponent Initial State should initialize form with default values for add mode" duration="279">
      <failure message="Error: expect(received).toEqual(expected) // deep equality"><![CDATA[Error: expect(received).toEqual(expected) // deep equality

- Expected  - 1
+ Received  + 0

  Object {
    "bs": "",
    "company": "",
-   "id": 0,
    "name": "",
    "website": "",
  }
    at C:\Angular project-2\codebook\src\app\pages\users\add-user\add-user.component.spec.ts:90:40
    at _ZoneDelegate.invoke (C:\Angular project-2\codebook\node_modules\zone.js\bundles\zone.umd.js:416:32)
    at ProxyZoneSpec.Object.<anonymous>.ProxyZoneSpec.onInvoke (C:\Angular project-2\codebook\node_modules\zone.js\bundles\zone-testing.umd.js:2177:43)
    at _ZoneDelegate.invoke (C:\Angular project-2\codebook\node_modules\zone.js\bundles\zone.umd.js:415:38)
    at ZoneImpl.run (C:\Angular project-2\codebook\node_modules\zone.js\bundles\zone.umd.js:147:47)
    at Object.wrappedFunc (C:\Angular project-2\codebook\node_modules\zone.js\bundles\zone-testing.umd.js:450:38)
    at Promise.then.completed (C:\Angular project-2\codebook\node_modules\jest-circus\build\utils.js:298:28)
    at new Promise (<anonymous>)
    at callAsyncCircusFn (C:\Angular project-2\codebook\node_modules\jest-circus\build\utils.js:231:10)
    at _callCircusTest (C:\Angular project-2\codebook\node_modules\jest-circus\build\run.js:316:40)
    at _runTest (C:\Angular project-2\codebook\node_modules\jest-circus\build\run.js:252:3)
    at _runTestsForDescribeBlock (C:\Angular project-2\codebook\node_modules\jest-circus\build\run.js:126:9)
    at _runTestsForDescribeBlock (C:\Angular project-2\codebook\node_modules\jest-circus\build\run.js:121:9)
    at _runTestsForDescribeBlock (C:\Angular project-2\codebook\node_modules\jest-circus\build\run.js:121:9)
    at run (C:\Angular project-2\codebook\node_modules\jest-circus\build\run.js:71:3)
    at runAndTransformResultsToJestFormat (C:\Angular project-2\codebook\node_modules\jest-circus\build\legacy-code-todo-rewrite\jestAdapterInit.js:122:21)]]></failure>
    </testCase>
    <testCase name="AddUserComponent Initial State should initialize form with user data for edit mode" duration="278">
      <failure message="Error: expect(received).toEqual(expected) // deep equality"><![CDATA[Error: expect(received).toEqual(expected) // deep equality

- Expected  - 1
+ Received  + 0

  Object {
    "bs": "Innovation",
    "company": "Acme Corp",
-   "id": 1,
    "name": "John Doe",
    "website": "https://acme.com",
  }
    at C:\Angular project-2\codebook\src\app\pages\users\add-user\add-user.component.spec.ts:130:40
    at _ZoneDelegate.invoke (C:\Angular project-2\codebook\node_modules\zone.js\bundles\zone.umd.js:416:32)
    at ProxyZoneSpec.Object.<anonymous>.ProxyZoneSpec.onInvoke (C:\Angular project-2\codebook\node_modules\zone.js\bundles\zone-testing.umd.js:2177:43)
    at _ZoneDelegate.invoke (C:\Angular project-2\codebook\node_modules\zone.js\bundles\zone.umd.js:415:38)
    at ZoneImpl.run (C:\Angular project-2\codebook\node_modules\zone.js\bundles\zone.umd.js:147:47)
    at Object.wrappedFunc (C:\Angular project-2\codebook\node_modules\zone.js\bundles\zone-testing.umd.js:450:38)
    at Promise.then.completed (C:\Angular project-2\codebook\node_modules\jest-circus\build\utils.js:298:28)
    at new Promise (<anonymous>)
    at callAsyncCircusFn (C:\Angular project-2\codebook\node_modules\jest-circus\build\utils.js:231:10)
    at _callCircusTest (C:\Angular project-2\codebook\node_modules\jest-circus\build\run.js:316:40)
    at _runTest (C:\Angular project-2\codebook\node_modules\jest-circus\build\run.js:252:3)
    at _runTestsForDescribeBlock (C:\Angular project-2\codebook\node_modules\jest-circus\build\run.js:126:9)
    at _runTestsForDescribeBlock (C:\Angular project-2\codebook\node_modules\jest-circus\build\run.js:121:9)
    at _runTestsForDescribeBlock (C:\Angular project-2\codebook\node_modules\jest-circus\build\run.js:121:9)
    at run (C:\Angular project-2\codebook\node_modules\jest-circus\build\run.js:71:3)
    at runAndTransformResultsToJestFormat (C:\Angular project-2\codebook\node_modules\jest-circus\build\legacy-code-todo-rewrite\jestAdapterInit.js:122:21)]]></failure>
    </testCase>
    <testCase name="AddUserComponent Initial State should show error and close dialog if user not found in edit mode" duration="763"/>
    <testCase name="AddUserComponent Template Rendering should render form with all fields" duration="246"/>
    <testCase name="AddUserComponent Template Rendering should apply dark-theme class when dark mode is enabled" duration="405"/>
    <testCase name="AddUserComponent Template Rendering should display title correctly" duration="339"/>
    <testCase name="AddUserComponent Template Rendering should mark id field as readonly" duration="114"/>
    <testCase name="AddUserComponent Form Validation should mark form as invalid when required fields are empty" duration="136"/>
    <testCase name="AddUserComponent Form Validation should show error toast when submitting invalid form" duration="87"/>
    <testCase name="AddUserComponent saveUser should add new user and close dialog in add mode" duration="100"/>
    <testCase name="AddUserComponent saveUser should update user and close dialog in edit mode" duration="198"/>
    <testCase name="AddUserComponent saveUser should show error toast and not close dialog on add failure" duration="77"/>
    <testCase name="AddUserComponent saveUser should show error toast and not close dialog on update failure" duration="209"/>
    <testCase name="AddUserComponent closePopup should close the dialog" duration="108"/>
    <testCase name="AddUserComponent Dark Mode Integration should inject DarkModeService" duration="134"/>
    <testCase name="AddUserComponent Dark Mode Integration should not apply dark-theme class when dark mode is disabled" duration="124"/>
  </file>
  <file path="C:\Angular project-2\codebook\src\app\pages\dashboard\dashboard.component.spec.ts">
    <testCase name="DashboardComponent constructor and form initialization should create component and initialize form" duration="1434"/>
    <testCase name="DashboardComponent ngOnInit should initialize countries and load from localStorage" duration="322">
      <failure message="Error: expect(jest.fn()).toHaveBeenCalled()"><![CDATA[Error: expect(jest.fn()).toHaveBeenCalled()

Expected number of calls: >= 1
Received number of calls:    0
    at C:\Angular project-2\codebook\src\app\pages\dashboard\dashboard.component.spec.ts:127:36
    at _ZoneDelegate.invoke (C:\Angular project-2\codebook\node_modules\zone.js\bundles\zone.umd.js:416:32)
    at ProxyZoneSpec.Object.<anonymous>.ProxyZoneSpec.onInvoke (C:\Angular project-2\codebook\node_modules\zone.js\bundles\zone-testing.umd.js:2177:43)
    at _ZoneDelegate.invoke (C:\Angular project-2\codebook\node_modules\zone.js\bundles\zone.umd.js:415:38)
    at ZoneImpl.run (C:\Angular project-2\codebook\node_modules\zone.js\bundles\zone.umd.js:147:47)
    at Object.wrappedFunc (C:\Angular project-2\codebook\node_modules\zone.js\bundles\zone-testing.umd.js:450:38)
    at Promise.then.completed (C:\Angular project-2\codebook\node_modules\jest-circus\build\utils.js:298:28)
    at new Promise (<anonymous>)
    at callAsyncCircusFn (C:\Angular project-2\codebook\node_modules\jest-circus\build\utils.js:231:10)
    at _callCircusTest (C:\Angular project-2\codebook\node_modules\jest-circus\build\run.js:316:40)
    at processTicksAndRejections (node:internal/process/task_queues:105:5)
    at _runTest (C:\Angular project-2\codebook\node_modules\jest-circus\build\run.js:252:3)
    at _runTestsForDescribeBlock (C:\Angular project-2\codebook\node_modules\jest-circus\build\run.js:126:9)
    at _runTestsForDescribeBlock (C:\Angular project-2\codebook\node_modules\jest-circus\build\run.js:121:9)
    at _runTestsForDescribeBlock (C:\Angular project-2\codebook\node_modules\jest-circus\build\run.js:121:9)
    at run (C:\Angular project-2\codebook\node_modules\jest-circus\build\run.js:71:3)
    at runAndTransformResultsToJestFormat (C:\Angular project-2\codebook\node_modules\jest-circus\build\legacy-code-todo-rewrite\jestAdapterInit.js:122:21)]]></failure>
    </testCase>
    <testCase name="DashboardComponent ngOnInit should set responsiveClass to flex-col for xsmall breakpoint" duration="354">
      <failure message="Error: expect(jest.fn()).toHaveBeenCalled()"><![CDATA[Error: expect(jest.fn()).toHaveBeenCalled()

Expected number of calls: >= 1
Received number of calls:    0
    at C:\Angular project-2\codebook\src\app\pages\dashboard\dashboard.component.spec.ts:134:36
    at _ZoneDelegate.invoke (C:\Angular project-2\codebook\node_modules\zone.js\bundles\zone.umd.js:416:32)
    at ProxyZoneSpec.Object.<anonymous>.ProxyZoneSpec.onInvoke (C:\Angular project-2\codebook\node_modules\zone.js\bundles\zone-testing.umd.js:2177:43)
    at _ZoneDelegate.invoke (C:\Angular project-2\codebook\node_modules\zone.js\bundles\zone.umd.js:415:38)
    at ZoneImpl.run (C:\Angular project-2\codebook\node_modules\zone.js\bundles\zone.umd.js:147:47)
    at Object.wrappedFunc (C:\Angular project-2\codebook\node_modules\zone.js\bundles\zone-testing.umd.js:450:38)
    at Promise.then.completed (C:\Angular project-2\codebook\node_modules\jest-circus\build\utils.js:298:28)
    at new Promise (<anonymous>)
    at callAsyncCircusFn (C:\Angular project-2\codebook\node_modules\jest-circus\build\utils.js:231:10)
    at _callCircusTest (C:\Angular project-2\codebook\node_modules\jest-circus\build\run.js:316:40)
    at processTicksAndRejections (node:internal/process/task_queues:105:5)
    at _runTest (C:\Angular project-2\codebook\node_modules\jest-circus\build\run.js:252:3)
    at _runTestsForDescribeBlock (C:\Angular project-2\codebook\node_modules\jest-circus\build\run.js:126:9)
    at _runTestsForDescribeBlock (C:\Angular project-2\codebook\node_modules\jest-circus\build\run.js:121:9)
    at _runTestsForDescribeBlock (C:\Angular project-2\codebook\node_modules\jest-circus\build\run.js:121:9)
    at run (C:\Angular project-2\codebook\node_modules\jest-circus\build\run.js:71:3)
    at runAndTransformResultsToJestFormat (C:\Angular project-2\codebook\node_modules\jest-circus\build\legacy-code-todo-rewrite\jestAdapterInit.js:122:21)]]></failure>
    </testCase>
    <testCase name="DashboardComponent ngOnInit should set responsiveClass to flex-col for small breakpoint" duration="404">
      <failure message="Error: expect(jest.fn()).toHaveBeenCalled()"><![CDATA[Error: expect(jest.fn()).toHaveBeenCalled()

Expected number of calls: >= 1
Received number of calls:    0
    at C:\Angular project-2\codebook\src\app\pages\dashboard\dashboard.component.spec.ts:141:36
    at _ZoneDelegate.invoke (C:\Angular project-2\codebook\node_modules\zone.js\bundles\zone.umd.js:416:32)
    at ProxyZoneSpec.Object.<anonymous>.ProxyZoneSpec.onInvoke (C:\Angular project-2\codebook\node_modules\zone.js\bundles\zone-testing.umd.js:2177:43)
    at _ZoneDelegate.invoke (C:\Angular project-2\codebook\node_modules\zone.js\bundles\zone.umd.js:415:38)
    at ZoneImpl.run (C:\Angular project-2\codebook\node_modules\zone.js\bundles\zone.umd.js:147:47)
    at Object.wrappedFunc (C:\Angular project-2\codebook\node_modules\zone.js\bundles\zone-testing.umd.js:450:38)
    at Promise.then.completed (C:\Angular project-2\codebook\node_modules\jest-circus\build\utils.js:298:28)
    at new Promise (<anonymous>)
    at callAsyncCircusFn (C:\Angular project-2\codebook\node_modules\jest-circus\build\utils.js:231:10)
    at _callCircusTest (C:\Angular project-2\codebook\node_modules\jest-circus\build\run.js:316:40)
    at processTicksAndRejections (node:internal/process/task_queues:105:5)
    at _runTest (C:\Angular project-2\codebook\node_modules\jest-circus\build\run.js:252:3)
    at _runTestsForDescribeBlock (C:\Angular project-2\codebook\node_modules\jest-circus\build\run.js:126:9)
    at _runTestsForDescribeBlock (C:\Angular project-2\codebook\node_modules\jest-circus\build\run.js:121:9)
    at _runTestsForDescribeBlock (C:\Angular project-2\codebook\node_modules\jest-circus\build\run.js:121:9)
    at run (C:\Angular project-2\codebook\node_modules\jest-circus\build\run.js:71:3)
    at runAndTransformResultsToJestFormat (C:\Angular project-2\codebook\node_modules\jest-circus\build\legacy-code-todo-rewrite\jestAdapterInit.js:122:21)]]></failure>
    </testCase>
    <testCase name="DashboardComponent ngOnInit should set responsiveClass to md:flex-row for medium breakpoint" duration="274">
      <failure message="Error: expect(jest.fn()).toHaveBeenCalled()"><![CDATA[Error: expect(jest.fn()).toHaveBeenCalled()

Expected number of calls: >= 1
Received number of calls:    0
    at C:\Angular project-2\codebook\src\app\pages\dashboard\dashboard.component.spec.ts:148:36
    at _ZoneDelegate.invoke (C:\Angular project-2\codebook\node_modules\zone.js\bundles\zone.umd.js:416:32)
    at ProxyZoneSpec.Object.<anonymous>.ProxyZoneSpec.onInvoke (C:\Angular project-2\codebook\node_modules\zone.js\bundles\zone-testing.umd.js:2177:43)
    at _ZoneDelegate.invoke (C:\Angular project-2\codebook\node_modules\zone.js\bundles\zone.umd.js:415:38)
    at ZoneImpl.run (C:\Angular project-2\codebook\node_modules\zone.js\bundles\zone.umd.js:147:47)
    at Object.wrappedFunc (C:\Angular project-2\codebook\node_modules\zone.js\bundles\zone-testing.umd.js:450:38)
    at Promise.then.completed (C:\Angular project-2\codebook\node_modules\jest-circus\build\utils.js:298:28)
    at new Promise (<anonymous>)
    at callAsyncCircusFn (C:\Angular project-2\codebook\node_modules\jest-circus\build\utils.js:231:10)
    at _callCircusTest (C:\Angular project-2\codebook\node_modules\jest-circus\build\run.js:316:40)
    at processTicksAndRejections (node:internal/process/task_queues:105:5)
    at _runTest (C:\Angular project-2\codebook\node_modules\jest-circus\build\run.js:252:3)
    at _runTestsForDescribeBlock (C:\Angular project-2\codebook\node_modules\jest-circus\build\run.js:126:9)
    at _runTestsForDescribeBlock (C:\Angular project-2\codebook\node_modules\jest-circus\build\run.js:121:9)
    at _runTestsForDescribeBlock (C:\Angular project-2\codebook\node_modules\jest-circus\build\run.js:121:9)
    at run (C:\Angular project-2\codebook\node_modules\jest-circus\build\run.js:71:3)
    at runAndTransformResultsToJestFormat (C:\Angular project-2\codebook\node_modules\jest-circus\build\legacy-code-todo-rewrite\jestAdapterInit.js:122:21)]]></failure>
    </testCase>
    <testCase name="DashboardComponent ngOnInit should set responsiveClass to md:flex-row for large breakpoint" duration="183">
      <failure message="Error: expect(jest.fn()).toHaveBeenCalled()"><![CDATA[Error: expect(jest.fn()).toHaveBeenCalled()

Expected number of calls: >= 1
Received number of calls:    0
    at C:\Angular project-2\codebook\src\app\pages\dashboard\dashboard.component.spec.ts:155:36
    at _ZoneDelegate.invoke (C:\Angular project-2\codebook\node_modules\zone.js\bundles\zone.umd.js:416:32)
    at ProxyZoneSpec.Object.<anonymous>.ProxyZoneSpec.onInvoke (C:\Angular project-2\codebook\node_modules\zone.js\bundles\zone-testing.umd.js:2177:43)
    at _ZoneDelegate.invoke (C:\Angular project-2\codebook\node_modules\zone.js\bundles\zone.umd.js:415:38)
    at ZoneImpl.run (C:\Angular project-2\codebook\node_modules\zone.js\bundles\zone.umd.js:147:47)
    at Object.wrappedFunc (C:\Angular project-2\codebook\node_modules\zone.js\bundles\zone-testing.umd.js:450:38)
    at Promise.then.completed (C:\Angular project-2\codebook\node_modules\jest-circus\build\utils.js:298:28)
    at new Promise (<anonymous>)
    at callAsyncCircusFn (C:\Angular project-2\codebook\node_modules\jest-circus\build\utils.js:231:10)
    at _callCircusTest (C:\Angular project-2\codebook\node_modules\jest-circus\build\run.js:316:40)
    at processTicksAndRejections (node:internal/process/task_queues:105:5)
    at _runTest (C:\Angular project-2\codebook\node_modules\jest-circus\build\run.js:252:3)
    at _runTestsForDescribeBlock (C:\Angular project-2\codebook\node_modules\jest-circus\build\run.js:126:9)
    at _runTestsForDescribeBlock (C:\Angular project-2\codebook\node_modules\jest-circus\build\run.js:121:9)
    at _runTestsForDescribeBlock (C:\Angular project-2\codebook\node_modules\jest-circus\build\run.js:121:9)
    at run (C:\Angular project-2\codebook\node_modules\jest-circus\build\run.js:71:3)
    at runAndTransformResultsToJestFormat (C:\Angular project-2\codebook\node_modules\jest-circus\build\legacy-code-todo-rewrite\jestAdapterInit.js:122:21)]]></failure>
    </testCase>
    <testCase name="DashboardComponent ngOnInit should set responsiveClass to md:flex-row for xlarge breakpoint" duration="259">
      <failure message="Error: expect(jest.fn()).toHaveBeenCalled()"><![CDATA[Error: expect(jest.fn()).toHaveBeenCalled()

Expected number of calls: >= 1
Received number of calls:    0
    at C:\Angular project-2\codebook\src\app\pages\dashboard\dashboard.component.spec.ts:162:36
    at _ZoneDelegate.invoke (C:\Angular project-2\codebook\node_modules\zone.js\bundles\zone.umd.js:416:32)
    at ProxyZoneSpec.Object.<anonymous>.ProxyZoneSpec.onInvoke (C:\Angular project-2\codebook\node_modules\zone.js\bundles\zone-testing.umd.js:2177:43)
    at _ZoneDelegate.invoke (C:\Angular project-2\codebook\node_modules\zone.js\bundles\zone.umd.js:415:38)
    at ZoneImpl.run (C:\Angular project-2\codebook\node_modules\zone.js\bundles\zone.umd.js:147:47)
    at Object.wrappedFunc (C:\Angular project-2\codebook\node_modules\zone.js\bundles\zone-testing.umd.js:450:38)
    at Promise.then.completed (C:\Angular project-2\codebook\node_modules\jest-circus\build\utils.js:298:28)
    at new Promise (<anonymous>)
    at callAsyncCircusFn (C:\Angular project-2\codebook\node_modules\jest-circus\build\utils.js:231:10)
    at _callCircusTest (C:\Angular project-2\codebook\node_modules\jest-circus\build\run.js:316:40)
    at processTicksAndRejections (node:internal/process/task_queues:105:5)
    at _runTest (C:\Angular project-2\codebook\node_modules\jest-circus\build\run.js:252:3)
    at _runTestsForDescribeBlock (C:\Angular project-2\codebook\node_modules\jest-circus\build\run.js:126:9)
    at _runTestsForDescribeBlock (C:\Angular project-2\codebook\node_modules\jest-circus\build\run.js:121:9)
    at _runTestsForDescribeBlock (C:\Angular project-2\codebook\node_modules\jest-circus\build\run.js:121:9)
    at run (C:\Angular project-2\codebook\node_modules\jest-circus\build\run.js:71:3)
    at runAndTransformResultsToJestFormat (C:\Angular project-2\codebook\node_modules\jest-circus\build\legacy-code-todo-rewrite\jestAdapterInit.js:122:21)]]></failure>
    </testCase>
    <testCase name="DashboardComponent countries getter should return countries array" duration="212"/>
    <testCase name="DashboardComponent serviceProvidersArray getter should return serviceProviders FormArray" duration="259"/>
    <testCase name="DashboardComponent openPopup should open dialog for adding new provider" duration="1701">
      <failure message="TypeError: Cannot read properties of undefined (reading &apos;push&apos;)"><![CDATA[TypeError: Cannot read properties of undefined (reading 'push')
    at _MatDialog.open (C:\Angular project-2\codebook\node_modules\@angular\material\fesm2022\module-c1a8b4bb.mjs:638:26)
    at DashboardComponent.open [as openPopup] (C:\Angular project-2\codebook\src\app\pages\dashboard\dashboard.component.ts:82:35)
    at C:\Angular project-2\codebook\src\app\pages\dashboard\dashboard.component.spec.ts:182:17
    at _ZoneDelegate.invoke (C:\Angular project-2\codebook\node_modules\zone.js\bundles\zone.umd.js:416:32)
    at ProxyZoneSpec.Object.<anonymous>.ProxyZoneSpec.onInvoke (C:\Angular project-2\codebook\node_modules\zone.js\bundles\zone-testing.umd.js:2177:43)
    at _ZoneDelegate.invoke (C:\Angular project-2\codebook\node_modules\zone.js\bundles\zone.umd.js:415:38)
    at ZoneImpl.run (C:\Angular project-2\codebook\node_modules\zone.js\bundles\zone.umd.js:147:47)
    at Object.wrappedFunc (C:\Angular project-2\codebook\node_modules\zone.js\bundles\zone-testing.umd.js:450:38)
    at Promise.then.completed (C:\Angular project-2\codebook\node_modules\jest-circus\build\utils.js:298:28)
    at new Promise (<anonymous>)
    at callAsyncCircusFn (C:\Angular project-2\codebook\node_modules\jest-circus\build\utils.js:231:10)
    at _callCircusTest (C:\Angular project-2\codebook\node_modules\jest-circus\build\run.js:316:40)
    at processTicksAndRejections (node:internal/process/task_queues:105:5)
    at _runTest (C:\Angular project-2\codebook\node_modules\jest-circus\build\run.js:252:3)
    at _runTestsForDescribeBlock (C:\Angular project-2\codebook\node_modules\jest-circus\build\run.js:126:9)
    at _runTestsForDescribeBlock (C:\Angular project-2\codebook\node_modules\jest-circus\build\run.js:121:9)
    at _runTestsForDescribeBlock (C:\Angular project-2\codebook\node_modules\jest-circus\build\run.js:121:9)
    at run (C:\Angular project-2\codebook\node_modules\jest-circus\build\run.js:71:3)
    at runAndTransformResultsToJestFormat (C:\Angular project-2\codebook\node_modules\jest-circus\build\legacy-code-todo-rewrite\jestAdapterInit.js:122:21)]]></failure>
    </testCase>
    <testCase name="DashboardComponent openPopup should open dialog for editing existing provider" duration="485">
      <failure message="TypeError: Cannot read properties of undefined (reading &apos;push&apos;)"><![CDATA[TypeError: Cannot read properties of undefined (reading 'push')
    at _MatDialog.open (C:\Angular project-2\codebook\node_modules\@angular\material\fesm2022\module-c1a8b4bb.mjs:638:26)
    at DashboardComponent.open [as openPopup] (C:\Angular project-2\codebook\src\app\pages\dashboard\dashboard.component.ts:82:35)
    at C:\Angular project-2\codebook\src\app\pages\dashboard\dashboard.component.spec.ts:190:17
    at _ZoneDelegate.invoke (C:\Angular project-2\codebook\node_modules\zone.js\bundles\zone.umd.js:416:32)
    at ProxyZoneSpec.Object.<anonymous>.ProxyZoneSpec.onInvoke (C:\Angular project-2\codebook\node_modules\zone.js\bundles\zone-testing.umd.js:2177:43)
    at _ZoneDelegate.invoke (C:\Angular project-2\codebook\node_modules\zone.js\bundles\zone.umd.js:415:38)
    at ZoneImpl.run (C:\Angular project-2\codebook\node_modules\zone.js\bundles\zone.umd.js:147:47)
    at Object.wrappedFunc (C:\Angular project-2\codebook\node_modules\zone.js\bundles\zone-testing.umd.js:450:38)
    at Promise.then.completed (C:\Angular project-2\codebook\node_modules\jest-circus\build\utils.js:298:28)
    at new Promise (<anonymous>)
    at callAsyncCircusFn (C:\Angular project-2\codebook\node_modules\jest-circus\build\utils.js:231:10)
    at _callCircusTest (C:\Angular project-2\codebook\node_modules\jest-circus\build\run.js:316:40)
    at processTicksAndRejections (node:internal/process/task_queues:105:5)
    at _runTest (C:\Angular project-2\codebook\node_modules\jest-circus\build\run.js:252:3)
    at _runTestsForDescribeBlock (C:\Angular project-2\codebook\node_modules\jest-circus\build\run.js:126:9)
    at _runTestsForDescribeBlock (C:\Angular project-2\codebook\node_modules\jest-circus\build\run.js:121:9)
    at _runTestsForDescribeBlock (C:\Angular project-2\codebook\node_modules\jest-circus\build\run.js:121:9)
    at run (C:\Angular project-2\codebook\node_modules\jest-circus\build\run.js:71:3)
    at runAndTransformResultsToJestFormat (C:\Angular project-2\codebook\node_modules\jest-circus\build\legacy-code-todo-rewrite\jestAdapterInit.js:122:21)]]></failure>
    </testCase>
    <testCase name="DashboardComponent openPopup should add new provider after dialog closes with result" duration="401">
      <failure message="TypeError: Cannot read properties of undefined (reading &apos;push&apos;)"><![CDATA[TypeError: Cannot read properties of undefined (reading 'push')
    at _MatDialog.open (C:\Angular project-2\codebook\node_modules\@angular\material\fesm2022\module-c1a8b4bb.mjs:638:26)
    at DashboardComponent.open [as openPopup] (C:\Angular project-2\codebook\src\app\pages\dashboard\dashboard.component.ts:82:35)
    at C:\Angular project-2\codebook\src\app\pages\dashboard\dashboard.component.spec.ts:198:17
    at _ZoneDelegate.invoke (C:\Angular project-2\codebook\node_modules\zone.js\bundles\zone.umd.js:416:32)
    at ProxyZoneSpec.Object.<anonymous>.ProxyZoneSpec.onInvoke (C:\Angular project-2\codebook\node_modules\zone.js\bundles\zone-testing.umd.js:2177:43)
    at _ZoneDelegate.invoke (C:\Angular project-2\codebook\node_modules\zone.js\bundles\zone.umd.js:415:38)
    at ZoneImpl.run (C:\Angular project-2\codebook\node_modules\zone.js\bundles\zone.umd.js:147:47)
    at Object.wrappedFunc (C:\Angular project-2\codebook\node_modules\zone.js\bundles\zone-testing.umd.js:450:38)
    at Promise.then.completed (C:\Angular project-2\codebook\node_modules\jest-circus\build\utils.js:298:28)
    at new Promise (<anonymous>)
    at callAsyncCircusFn (C:\Angular project-2\codebook\node_modules\jest-circus\build\utils.js:231:10)
    at _callCircusTest (C:\Angular project-2\codebook\node_modules\jest-circus\build\run.js:316:40)
    at processTicksAndRejections (node:internal/process/task_queues:105:5)
    at _runTest (C:\Angular project-2\codebook\node_modules\jest-circus\build\run.js:252:3)
    at _runTestsForDescribeBlock (C:\Angular project-2\codebook\node_modules\jest-circus\build\run.js:126:9)
    at _runTestsForDescribeBlock (C:\Angular project-2\codebook\node_modules\jest-circus\build\run.js:121:9)
    at _runTestsForDescribeBlock (C:\Angular project-2\codebook\node_modules\jest-circus\build\run.js:121:9)
    at run (C:\Angular project-2\codebook\node_modules\jest-circus\build\run.js:71:3)
    at runAndTransformResultsToJestFormat (C:\Angular project-2\codebook\node_modules\jest-circus\build\legacy-code-todo-rewrite\jestAdapterInit.js:122:21)]]></failure>
    </testCase>
    <testCase name="DashboardComponent openPopup should update existing provider after dialog closes with result" duration="563">
      <failure message="TypeError: Cannot read properties of undefined (reading &apos;push&apos;)"><![CDATA[TypeError: Cannot read properties of undefined (reading 'push')
    at _MatDialog.open (C:\Angular project-2\codebook\node_modules\@angular\material\fesm2022\module-c1a8b4bb.mjs:638:26)
    at DashboardComponent.open [as openPopup] (C:\Angular project-2\codebook\src\app\pages\dashboard\dashboard.component.ts:82:35)
    at C:\Angular project-2\codebook\src\app\pages\dashboard\dashboard.component.spec.ts:221:17
    at _ZoneDelegate.invoke (C:\Angular project-2\codebook\node_modules\zone.js\bundles\zone.umd.js:416:32)
    at ProxyZoneSpec.Object.<anonymous>.ProxyZoneSpec.onInvoke (C:\Angular project-2\codebook\node_modules\zone.js\bundles\zone-testing.umd.js:2177:43)
    at _ZoneDelegate.invoke (C:\Angular project-2\codebook\node_modules\zone.js\bundles\zone.umd.js:415:38)
    at ZoneImpl.run (C:\Angular project-2\codebook\node_modules\zone.js\bundles\zone.umd.js:147:47)
    at Object.wrappedFunc (C:\Angular project-2\codebook\node_modules\zone.js\bundles\zone-testing.umd.js:450:38)
    at Promise.then.completed (C:\Angular project-2\codebook\node_modules\jest-circus\build\utils.js:298:28)
    at new Promise (<anonymous>)
    at callAsyncCircusFn (C:\Angular project-2\codebook\node_modules\jest-circus\build\utils.js:231:10)
    at _callCircusTest (C:\Angular project-2\codebook\node_modules\jest-circus\build\run.js:316:40)
    at processTicksAndRejections (node:internal/process/task_queues:105:5)
    at _runTest (C:\Angular project-2\codebook\node_modules\jest-circus\build\run.js:252:3)
    at _runTestsForDescribeBlock (C:\Angular project-2\codebook\node_modules\jest-circus\build\run.js:126:9)
    at _runTestsForDescribeBlock (C:\Angular project-2\codebook\node_modules\jest-circus\build\run.js:121:9)
    at _runTestsForDescribeBlock (C:\Angular project-2\codebook\node_modules\jest-circus\build\run.js:121:9)
    at run (C:\Angular project-2\codebook\node_modules\jest-circus\build\run.js:71:3)
    at runAndTransformResultsToJestFormat (C:\Angular project-2\codebook\node_modules\jest-circus\build\legacy-code-todo-rewrite\jestAdapterInit.js:122:21)]]></failure>
    </testCase>
    <testCase name="DashboardComponent openPopup should not update providers if dialog closes without result" duration="412">
      <failure message="TypeError: Cannot read properties of undefined (reading &apos;push&apos;)"><![CDATA[TypeError: Cannot read properties of undefined (reading 'push')
    at _MatDialog.open (C:\Angular project-2\codebook\node_modules\@angular\material\fesm2022\module-c1a8b4bb.mjs:638:26)
    at DashboardComponent.open [as openPopup] (C:\Angular project-2\codebook\src\app\pages\dashboard\dashboard.component.ts:82:35)
    at C:\Angular project-2\codebook\src\app\pages\dashboard\dashboard.component.spec.ts:231:17
    at _ZoneDelegate.invoke (C:\Angular project-2\codebook\node_modules\zone.js\bundles\zone.umd.js:416:32)
    at ProxyZoneSpec.Object.<anonymous>.ProxyZoneSpec.onInvoke (C:\Angular project-2\codebook\node_modules\zone.js\bundles\zone-testing.umd.js:2177:43)
    at _ZoneDelegate.invoke (C:\Angular project-2\codebook\node_modules\zone.js\bundles\zone.umd.js:415:38)
    at ZoneImpl.run (C:\Angular project-2\codebook\node_modules\zone.js\bundles\zone.umd.js:147:47)
    at Object.wrappedFunc (C:\Angular project-2\codebook\node_modules\zone.js\bundles\zone-testing.umd.js:450:38)
    at Promise.then.completed (C:\Angular project-2\codebook\node_modules\jest-circus\build\utils.js:298:28)
    at new Promise (<anonymous>)
    at callAsyncCircusFn (C:\Angular project-2\codebook\node_modules\jest-circus\build\utils.js:231:10)
    at _callCircusTest (C:\Angular project-2\codebook\node_modules\jest-circus\build\run.js:316:40)
    at processTicksAndRejections (node:internal/process/task_queues:105:5)
    at _runTest (C:\Angular project-2\codebook\node_modules\jest-circus\build\run.js:252:3)
    at _runTestsForDescribeBlock (C:\Angular project-2\codebook\node_modules\jest-circus\build\run.js:126:9)
    at _runTestsForDescribeBlock (C:\Angular project-2\codebook\node_modules\jest-circus\build\run.js:121:9)
    at _runTestsForDescribeBlock (C:\Angular project-2\codebook\node_modules\jest-circus\build\run.js:121:9)
    at run (C:\Angular project-2\codebook\node_modules\jest-circus\build\run.js:71:3)
    at runAndTransformResultsToJestFormat (C:\Angular project-2\codebook\node_modules\jest-circus\build\legacy-code-todo-rewrite\jestAdapterInit.js:122:21)]]></failure>
    </testCase>
    <testCase name="DashboardComponent editServiceProvider should call openPopup with provider and index" duration="438">
      <failure message="TypeError: Cannot read properties of undefined (reading &apos;push&apos;)"><![CDATA[TypeError: Cannot read properties of undefined (reading 'push')
    at _MatDialog.open (C:\Angular project-2\codebook\node_modules\@angular\material\fesm2022\module-c1a8b4bb.mjs:638:26)
    at DashboardComponent.open (C:\Angular project-2\codebook\src\app\pages\dashboard\dashboard.component.ts:82:35)
    at DashboardComponent.<anonymous> (C:\Angular project-2\codebook\node_modules\jest-mock\build\index.js:794:25)
    at C:\Angular project-2\codebook\node_modules\jest-mock\build\index.js:397:39
    at DashboardComponent.<anonymous> (C:\Angular project-2\codebook\node_modules\jest-mock\build\index.js:404:13)
    at DashboardComponent.mockConstructor [as openPopup] (C:\Angular project-2\codebook\node_modules\jest-mock\build\index.js:148:19)
    at DashboardComponent.openPopup [as editServiceProvider] (C:\Angular project-2\codebook\src\app\pages\dashboard\dashboard.component.ts:127:10)
    at C:\Angular project-2\codebook\src\app\pages\dashboard\dashboard.component.spec.ts:242:17
    at _ZoneDelegate.invoke (C:\Angular project-2\codebook\node_modules\zone.js\bundles\zone.umd.js:416:32)
    at ProxyZoneSpec.Object.<anonymous>.ProxyZoneSpec.onInvoke (C:\Angular project-2\codebook\node_modules\zone.js\bundles\zone-testing.umd.js:2177:43)
    at _ZoneDelegate.invoke (C:\Angular project-2\codebook\node_modules\zone.js\bundles\zone.umd.js:415:38)
    at ZoneImpl.run (C:\Angular project-2\codebook\node_modules\zone.js\bundles\zone.umd.js:147:47)
    at Object.wrappedFunc (C:\Angular project-2\codebook\node_modules\zone.js\bundles\zone-testing.umd.js:450:38)
    at Promise.then.completed (C:\Angular project-2\codebook\node_modules\jest-circus\build\utils.js:298:28)
    at new Promise (<anonymous>)
    at callAsyncCircusFn (C:\Angular project-2\codebook\node_modules\jest-circus\build\utils.js:231:10)
    at _callCircusTest (C:\Angular project-2\codebook\node_modules\jest-circus\build\run.js:316:40)
    at processTicksAndRejections (node:internal/process/task_queues:105:5)
    at _runTest (C:\Angular project-2\codebook\node_modules\jest-circus\build\run.js:252:3)
    at _runTestsForDescribeBlock (C:\Angular project-2\codebook\node_modules\jest-circus\build\run.js:126:9)
    at _runTestsForDescribeBlock (C:\Angular project-2\codebook\node_modules\jest-circus\build\run.js:121:9)
    at _runTestsForDescribeBlock (C:\Angular project-2\codebook\node_modules\jest-circus\build\run.js:121:9)
    at run (C:\Angular project-2\codebook\node_modules\jest-circus\build\run.js:71:3)
    at runAndTransformResultsToJestFormat (C:\Angular project-2\codebook\node_modules\jest-circus\build\legacy-code-todo-rewrite\jestAdapterInit.js:122:21)]]></failure>
    </testCase>
    <testCase name="DashboardComponent deleteServiceProvider should delete provider and update localStorage" duration="239">
      <failure message="Error: expect(jest.fn()).toHaveBeenCalled()"><![CDATA[Error: expect(jest.fn()).toHaveBeenCalled()

Expected number of calls: >= 1
Received number of calls:    0
    at C:\Angular project-2\codebook\src\app\pages\dashboard\dashboard.component.spec.ts:269:36
    at _ZoneDelegate.invoke (C:\Angular project-2\codebook\node_modules\zone.js\bundles\zone.umd.js:416:32)
    at ProxyZoneSpec.Object.<anonymous>.ProxyZoneSpec.onInvoke (C:\Angular project-2\codebook\node_modules\zone.js\bundles\zone-testing.umd.js:2177:43)
    at _ZoneDelegate.invoke (C:\Angular project-2\codebook\node_modules\zone.js\bundles\zone.umd.js:415:38)
    at ZoneImpl.run (C:\Angular project-2\codebook\node_modules\zone.js\bundles\zone.umd.js:147:47)
    at Object.wrappedFunc (C:\Angular project-2\codebook\node_modules\zone.js\bundles\zone-testing.umd.js:450:38)
    at Promise.then.completed (C:\Angular project-2\codebook\node_modules\jest-circus\build\utils.js:298:28)
    at new Promise (<anonymous>)
    at callAsyncCircusFn (C:\Angular project-2\codebook\node_modules\jest-circus\build\utils.js:231:10)
    at _callCircusTest (C:\Angular project-2\codebook\node_modules\jest-circus\build\run.js:316:40)
    at processTicksAndRejections (node:internal/process/task_queues:105:5)
    at _runTest (C:\Angular project-2\codebook\node_modules\jest-circus\build\run.js:252:3)
    at _runTestsForDescribeBlock (C:\Angular project-2\codebook\node_modules\jest-circus\build\run.js:126:9)
    at _runTestsForDescribeBlock (C:\Angular project-2\codebook\node_modules\jest-circus\build\run.js:121:9)
    at _runTestsForDescribeBlock (C:\Angular project-2\codebook\node_modules\jest-circus\build\run.js:121:9)
    at run (C:\Angular project-2\codebook\node_modules\jest-circus\build\run.js:71:3)
    at runAndTransformResultsToJestFormat (C:\Angular project-2\codebook\node_modules\jest-circus\build\legacy-code-todo-rewrite\jestAdapterInit.js:122:21)]]></failure>
    </testCase>
    <testCase name="DashboardComponent deleteServiceProvider should handle error when deleting provider" duration="186">
      <failure message="Error: expect(jest.fn()).toHaveBeenCalled()"><![CDATA[Error: expect(jest.fn()).toHaveBeenCalled()

Expected number of calls: >= 1
Received number of calls:    0
    at C:\Angular project-2\codebook\src\app\pages\dashboard\dashboard.component.spec.ts:293:36
    at _ZoneDelegate.invoke (C:\Angular project-2\codebook\node_modules\zone.js\bundles\zone.umd.js:416:32)
    at ProxyZoneSpec.Object.<anonymous>.ProxyZoneSpec.onInvoke (C:\Angular project-2\codebook\node_modules\zone.js\bundles\zone-testing.umd.js:2177:43)
    at _ZoneDelegate.invoke (C:\Angular project-2\codebook\node_modules\zone.js\bundles\zone.umd.js:415:38)
    at ZoneImpl.run (C:\Angular project-2\codebook\node_modules\zone.js\bundles\zone.umd.js:147:47)
    at Object.wrappedFunc (C:\Angular project-2\codebook\node_modules\zone.js\bundles\zone-testing.umd.js:450:38)
    at Promise.then.completed (C:\Angular project-2\codebook\node_modules\jest-circus\build\utils.js:298:28)
    at new Promise (<anonymous>)
    at callAsyncCircusFn (C:\Angular project-2\codebook\node_modules\jest-circus\build\utils.js:231:10)
    at _callCircusTest (C:\Angular project-2\codebook\node_modules\jest-circus\build\run.js:316:40)
    at processTicksAndRejections (node:internal/process/task_queues:105:5)
    at _runTest (C:\Angular project-2\codebook\node_modules\jest-circus\build\run.js:252:3)
    at _runTestsForDescribeBlock (C:\Angular project-2\codebook\node_modules\jest-circus\build\run.js:126:9)
    at _runTestsForDescribeBlock (C:\Angular project-2\codebook\node_modules\jest-circus\build\run.js:121:9)
    at _runTestsForDescribeBlock (C:\Angular project-2\codebook\node_modules\jest-circus\build\run.js:121:9)
    at run (C:\Angular project-2\codebook\node_modules\jest-circus\build\run.js:71:3)
    at runAndTransformResultsToJestFormat (C:\Angular project-2\codebook\node_modules\jest-circus\build\legacy-code-todo-rewrite\jestAdapterInit.js:122:21)]]></failure>
    </testCase>
    <testCase name="DashboardComponent onSubmit should save form and switch to read-only mode when valid" duration="312">
      <failure message="Error: expect(jest.fn()).toHaveBeenCalled()"><![CDATA[Error: expect(jest.fn()).toHaveBeenCalled()

Expected number of calls: >= 1
Received number of calls:    0
    at C:\Angular project-2\codebook\src\app\pages\dashboard\dashboard.component.spec.ts:317:36
    at _ZoneDelegate.invoke (C:\Angular project-2\codebook\node_modules\zone.js\bundles\zone.umd.js:416:32)
    at ProxyZoneSpec.Object.<anonymous>.ProxyZoneSpec.onInvoke (C:\Angular project-2\codebook\node_modules\zone.js\bundles\zone-testing.umd.js:2177:43)
    at _ZoneDelegate.invoke (C:\Angular project-2\codebook\node_modules\zone.js\bundles\zone.umd.js:415:38)
    at ZoneImpl.run (C:\Angular project-2\codebook\node_modules\zone.js\bundles\zone.umd.js:147:47)
    at Object.wrappedFunc (C:\Angular project-2\codebook\node_modules\zone.js\bundles\zone-testing.umd.js:450:38)
    at Promise.then.completed (C:\Angular project-2\codebook\node_modules\jest-circus\build\utils.js:298:28)
    at new Promise (<anonymous>)
    at callAsyncCircusFn (C:\Angular project-2\codebook\node_modules\jest-circus\build\utils.js:231:10)
    at _callCircusTest (C:\Angular project-2\codebook\node_modules\jest-circus\build\run.js:316:40)
    at processTicksAndRejections (node:internal/process/task_queues:105:5)
    at _runTest (C:\Angular project-2\codebook\node_modules\jest-circus\build\run.js:252:3)
    at _runTestsForDescribeBlock (C:\Angular project-2\codebook\node_modules\jest-circus\build\run.js:126:9)
    at _runTestsForDescribeBlock (C:\Angular project-2\codebook\node_modules\jest-circus\build\run.js:121:9)
    at _runTestsForDescribeBlock (C:\Angular project-2\codebook\node_modules\jest-circus\build\run.js:121:9)
    at run (C:\Angular project-2\codebook\node_modules\jest-circus\build\run.js:71:3)
    at runAndTransformResultsToJestFormat (C:\Angular project-2\codebook\node_modules\jest-circus\build\legacy-code-todo-rewrite\jestAdapterInit.js:122:21)]]></failure>
    </testCase>
    <testCase name="DashboardComponent onSubmit should show error and mark form as touched when invalid" duration="297">
      <failure message="Error: expect(jest.fn()).toHaveBeenCalled()"><![CDATA[Error: expect(jest.fn()).toHaveBeenCalled()

Expected number of calls: >= 1
Received number of calls:    0
    at C:\Angular project-2\codebook\src\app\pages\dashboard\dashboard.component.spec.ts:338:36
    at _ZoneDelegate.invoke (C:\Angular project-2\codebook\node_modules\zone.js\bundles\zone.umd.js:416:32)
    at ProxyZoneSpec.Object.<anonymous>.ProxyZoneSpec.onInvoke (C:\Angular project-2\codebook\node_modules\zone.js\bundles\zone-testing.umd.js:2177:43)
    at _ZoneDelegate.invoke (C:\Angular project-2\codebook\node_modules\zone.js\bundles\zone.umd.js:415:38)
    at ZoneImpl.run (C:\Angular project-2\codebook\node_modules\zone.js\bundles\zone.umd.js:147:47)
    at Object.wrappedFunc (C:\Angular project-2\codebook\node_modules\zone.js\bundles\zone-testing.umd.js:450:38)
    at Promise.then.completed (C:\Angular project-2\codebook\node_modules\jest-circus\build\utils.js:298:28)
    at new Promise (<anonymous>)
    at callAsyncCircusFn (C:\Angular project-2\codebook\node_modules\jest-circus\build\utils.js:231:10)
    at _callCircusTest (C:\Angular project-2\codebook\node_modules\jest-circus\build\run.js:316:40)
    at processTicksAndRejections (node:internal/process/task_queues:105:5)
    at _runTest (C:\Angular project-2\codebook\node_modules\jest-circus\build\run.js:252:3)
    at _runTestsForDescribeBlock (C:\Angular project-2\codebook\node_modules\jest-circus\build\run.js:126:9)
    at _runTestsForDescribeBlock (C:\Angular project-2\codebook\node_modules\jest-circus\build\run.js:121:9)
    at _runTestsForDescribeBlock (C:\Angular project-2\codebook\node_modules\jest-circus\build\run.js:121:9)
    at run (C:\Angular project-2\codebook\node_modules\jest-circus\build\run.js:71:3)
    at runAndTransformResultsToJestFormat (C:\Angular project-2\codebook\node_modules\jest-circus\build\legacy-code-todo-rewrite\jestAdapterInit.js:122:21)]]></failure>
    </testCase>
    <testCase name="DashboardComponent onSubmit should handle error when saving form" duration="176">
      <failure message="TypeError: jest.spyOn(...).mockImplementation is not a function"><![CDATA[TypeError: jest.spyOn(...).mockImplementation is not a function
    at C:\Angular project-2\codebook\src\app\pages\dashboard\dashboard.component.spec.ts:342:43
    at _ZoneDelegate.invoke (C:\Angular project-2\codebook\node_modules\zone.js\bundles\zone.umd.js:416:32)
    at ProxyZoneSpec.Object.<anonymous>.ProxyZoneSpec.onInvoke (C:\Angular project-2\codebook\node_modules\zone.js\bundles\zone-testing.umd.js:2177:43)
    at _ZoneDelegate.invoke (C:\Angular project-2\codebook\node_modules\zone.js\bundles\zone.umd.js:415:38)
    at ZoneImpl.run (C:\Angular project-2\codebook\node_modules\zone.js\bundles\zone.umd.js:147:47)
    at Object.wrappedFunc (C:\Angular project-2\codebook\node_modules\zone.js\bundles\zone-testing.umd.js:450:38)
    at Promise.then.completed (C:\Angular project-2\codebook\node_modules\jest-circus\build\utils.js:298:28)
    at new Promise (<anonymous>)
    at callAsyncCircusFn (C:\Angular project-2\codebook\node_modules\jest-circus\build\utils.js:231:10)
    at _callCircusTest (C:\Angular project-2\codebook\node_modules\jest-circus\build\run.js:316:40)
    at processTicksAndRejections (node:internal/process/task_queues:105:5)
    at _runTest (C:\Angular project-2\codebook\node_modules\jest-circus\build\run.js:252:3)
    at _runTestsForDescribeBlock (C:\Angular project-2\codebook\node_modules\jest-circus\build\run.js:126:9)
    at _runTestsForDescribeBlock (C:\Angular project-2\codebook\node_modules\jest-circus\build\run.js:121:9)
    at _runTestsForDescribeBlock (C:\Angular project-2\codebook\node_modules\jest-circus\build\run.js:121:9)
    at run (C:\Angular project-2\codebook\node_modules\jest-circus\build\run.js:71:3)
    at runAndTransformResultsToJestFormat (C:\Angular project-2\codebook\node_modules\jest-circus\build\legacy-code-todo-rewrite\jestAdapterInit.js:122:21)]]></failure>
    </testCase>
    <testCase name="DashboardComponent enableEditMode should enable form and set readOnly to false" duration="249">
      <failure message="Error: expect(jest.fn()).toHaveBeenCalled()"><![CDATA[Error: expect(jest.fn()).toHaveBeenCalled()

Expected number of calls: >= 1
Received number of calls:    0
    at C:\Angular project-2\codebook\src\app\pages\dashboard\dashboard.component.spec.ts:373:36
    at _ZoneDelegate.invoke (C:\Angular project-2\codebook\node_modules\zone.js\bundles\zone.umd.js:416:32)
    at ProxyZoneSpec.Object.<anonymous>.ProxyZoneSpec.onInvoke (C:\Angular project-2\codebook\node_modules\zone.js\bundles\zone-testing.umd.js:2177:43)
    at _ZoneDelegate.invoke (C:\Angular project-2\codebook\node_modules\zone.js\bundles\zone.umd.js:415:38)
    at ZoneImpl.run (C:\Angular project-2\codebook\node_modules\zone.js\bundles\zone.umd.js:147:47)
    at Object.wrappedFunc (C:\Angular project-2\codebook\node_modules\zone.js\bundles\zone-testing.umd.js:450:38)
    at Promise.then.completed (C:\Angular project-2\codebook\node_modules\jest-circus\build\utils.js:298:28)
    at new Promise (<anonymous>)
    at callAsyncCircusFn (C:\Angular project-2\codebook\node_modules\jest-circus\build\utils.js:231:10)
    at _callCircusTest (C:\Angular project-2\codebook\node_modules\jest-circus\build\run.js:316:40)
    at processTicksAndRejections (node:internal/process/task_queues:105:5)
    at _runTest (C:\Angular project-2\codebook\node_modules\jest-circus\build\run.js:252:3)
    at _runTestsForDescribeBlock (C:\Angular project-2\codebook\node_modules\jest-circus\build\run.js:126:9)
    at _runTestsForDescribeBlock (C:\Angular project-2\codebook\node_modules\jest-circus\build\run.js:121:9)
    at _runTestsForDescribeBlock (C:\Angular project-2\codebook\node_modules\jest-circus\build\run.js:121:9)
    at run (C:\Angular project-2\codebook\node_modules\jest-circus\build\run.js:71:3)
    at runAndTransformResultsToJestFormat (C:\Angular project-2\codebook\node_modules\jest-circus\build\legacy-code-todo-rewrite\jestAdapterInit.js:122:21)]]></failure>
    </testCase>
    <testCase name="DashboardComponent onCancel should reset form, set default country, and enable form" duration="262">
      <failure message="Error: expect(jest.fn()).toHaveBeenCalled()"><![CDATA[Error: expect(jest.fn()).toHaveBeenCalled()

Expected number of calls: >= 1
Received number of calls:    0
    at C:\Angular project-2\codebook\src\app\pages\dashboard\dashboard.component.spec.ts:413:36
    at _ZoneDelegate.invoke (C:\Angular project-2\codebook\node_modules\zone.js\bundles\zone.umd.js:416:32)
    at ProxyZoneSpec.Object.<anonymous>.ProxyZoneSpec.onInvoke (C:\Angular project-2\codebook\node_modules\zone.js\bundles\zone-testing.umd.js:2177:43)
    at _ZoneDelegate.invoke (C:\Angular project-2\codebook\node_modules\zone.js\bundles\zone.umd.js:415:38)
    at ZoneImpl.run (C:\Angular project-2\codebook\node_modules\zone.js\bundles\zone.umd.js:147:47)
    at Object.wrappedFunc (C:\Angular project-2\codebook\node_modules\zone.js\bundles\zone-testing.umd.js:450:38)
    at Promise.then.completed (C:\Angular project-2\codebook\node_modules\jest-circus\build\utils.js:298:28)
    at new Promise (<anonymous>)
    at callAsyncCircusFn (C:\Angular project-2\codebook\node_modules\jest-circus\build\utils.js:231:10)
    at _callCircusTest (C:\Angular project-2\codebook\node_modules\jest-circus\build\run.js:316:40)
    at processTicksAndRejections (node:internal/process/task_queues:105:5)
    at _runTest (C:\Angular project-2\codebook\node_modules\jest-circus\build\run.js:252:3)
    at _runTestsForDescribeBlock (C:\Angular project-2\codebook\node_modules\jest-circus\build\run.js:126:9)
    at _runTestsForDescribeBlock (C:\Angular project-2\codebook\node_modules\jest-circus\build\run.js:121:9)
    at _runTestsForDescribeBlock (C:\Angular project-2\codebook\node_modules\jest-circus\build\run.js:121:9)
    at run (C:\Angular project-2\codebook\node_modules\jest-circus\build\run.js:71:3)
    at runAndTransformResultsToJestFormat (C:\Angular project-2\codebook\node_modules\jest-circus\build\legacy-code-todo-rewrite\jestAdapterInit.js:122:21)]]></failure>
    </testCase>
    <testCase name="DashboardComponent loadFromLocalStorage should load service providers from localStorage" duration="261">
      <failure message="Error: expect(received).toEqual(expected) // deep equality"><![CDATA[Error: expect(received).toEqual(expected) // deep equality

- Expected  - 13
+ Received  +  1

- Array [
-   Object {
-     "addressLine1": "123 Main St",
-     "addressLine2": "",
-     "addressLine3": "",
-     "city": "Test City",
-     "country": "USA",
-     "id": "123",
-     "postalCode": "12345",
-     "spName": "Test Provider",
-     "state": "CA",
-   },
- ]
+ Array []
    at C:\Angular project-2\codebook\src\app\pages\dashboard\dashboard.component.spec.ts:421:42
    at _ZoneDelegate.invoke (C:\Angular project-2\codebook\node_modules\zone.js\bundles\zone.umd.js:416:32)
    at ProxyZoneSpec.Object.<anonymous>.ProxyZoneSpec.onInvoke (C:\Angular project-2\codebook\node_modules\zone.js\bundles\zone-testing.umd.js:2177:43)
    at _ZoneDelegate.invoke (C:\Angular project-2\codebook\node_modules\zone.js\bundles\zone.umd.js:415:38)
    at ZoneImpl.run (C:\Angular project-2\codebook\node_modules\zone.js\bundles\zone.umd.js:147:47)
    at Object.wrappedFunc (C:\Angular project-2\codebook\node_modules\zone.js\bundles\zone-testing.umd.js:450:38)
    at Promise.then.completed (C:\Angular project-2\codebook\node_modules\jest-circus\build\utils.js:298:28)
    at new Promise (<anonymous>)
    at callAsyncCircusFn (C:\Angular project-2\codebook\node_modules\jest-circus\build\utils.js:231:10)
    at _callCircusTest (C:\Angular project-2\codebook\node_modules\jest-circus\build\run.js:316:40)
    at processTicksAndRejections (node:internal/process/task_queues:105:5)
    at _runTest (C:\Angular project-2\codebook\node_modules\jest-circus\build\run.js:252:3)
    at _runTestsForDescribeBlock (C:\Angular project-2\codebook\node_modules\jest-circus\build\run.js:126:9)
    at _runTestsForDescribeBlock (C:\Angular project-2\codebook\node_modules\jest-circus\build\run.js:121:9)
    at _runTestsForDescribeBlock (C:\Angular project-2\codebook\node_modules\jest-circus\build\run.js:121:9)
    at run (C:\Angular project-2\codebook\node_modules\jest-circus\build\run.js:71:3)
    at runAndTransformResultsToJestFormat (C:\Angular project-2\codebook\node_modules\jest-circus\build\legacy-code-todo-rewrite\jestAdapterInit.js:122:21)]]></failure>
    </testCase>
    <testCase name="DashboardComponent loadFromLocalStorage should handle empty serviceProviders in localStorage" duration="291">
      <failure message="Error: expect(jest.fn()).toHaveBeenCalled()"><![CDATA[Error: expect(jest.fn()).toHaveBeenCalled()

Expected number of calls: >= 1
Received number of calls:    0
    at C:\Angular project-2\codebook\src\app\pages\dashboard\dashboard.component.spec.ts:432:36
    at _ZoneDelegate.invoke (C:\Angular project-2\codebook\node_modules\zone.js\bundles\zone.umd.js:416:32)
    at ProxyZoneSpec.Object.<anonymous>.ProxyZoneSpec.onInvoke (C:\Angular project-2\codebook\node_modules\zone.js\bundles\zone-testing.umd.js:2177:43)
    at _ZoneDelegate.invoke (C:\Angular project-2\codebook\node_modules\zone.js\bundles\zone.umd.js:415:38)
    at ZoneImpl.run (C:\Angular project-2\codebook\node_modules\zone.js\bundles\zone.umd.js:147:47)
    at Object.wrappedFunc (C:\Angular project-2\codebook\node_modules\zone.js\bundles\zone-testing.umd.js:450:38)
    at Promise.then.completed (C:\Angular project-2\codebook\node_modules\jest-circus\build\utils.js:298:28)
    at new Promise (<anonymous>)
    at callAsyncCircusFn (C:\Angular project-2\codebook\node_modules\jest-circus\build\utils.js:231:10)
    at _callCircusTest (C:\Angular project-2\codebook\node_modules\jest-circus\build\run.js:316:40)
    at processTicksAndRejections (node:internal/process/task_queues:105:5)
    at _runTest (C:\Angular project-2\codebook\node_modules\jest-circus\build\run.js:252:3)
    at _runTestsForDescribeBlock (C:\Angular project-2\codebook\node_modules\jest-circus\build\run.js:126:9)
    at _runTestsForDescribeBlock (C:\Angular project-2\codebook\node_modules\jest-circus\build\run.js:121:9)
    at _runTestsForDescribeBlock (C:\Angular project-2\codebook\node_modules\jest-circus\build\run.js:121:9)
    at run (C:\Angular project-2\codebook\node_modules\jest-circus\build\run.js:71:3)
    at runAndTransformResultsToJestFormat (C:\Angular project-2\codebook\node_modules\jest-circus\build\legacy-code-todo-rewrite\jestAdapterInit.js:122:21)]]></failure>
    </testCase>
    <testCase name="DashboardComponent loadFromLocalStorage should handle duplicate providers in localStorage" duration="157">
      <failure message="Error: expect(received).toEqual(expected) // deep equality"><![CDATA[Error: expect(received).toEqual(expected) // deep equality

- Expected  - 24
+ Received  +  1

- Array [
-   Object {
-     "addressLine1": "123 Main St",
-     "addressLine2": "",
-     "addressLine3": "",
-     "city": "Test City",
-     "country": "USA",
-     "id": "123",
-     "postalCode": "12345",
-     "spName": "Test Provider",
-     "state": "CA",
-   },
-   Object {
-     "addressLine1": "456 Elm St",
-     "addressLine2": "",
-     "addressLine3": "",
-     "city": "Another City",
-     "country": "USA",
-     "id": "456",
-     "postalCode": "67890",
-     "spName": "Another Provider",
-     "state": "NY",
-   },
- ]
+ Array []
    at C:\Angular project-2\codebook\src\app\pages\dashboard\dashboard.component.spec.ts:439:42
    at _ZoneDelegate.invoke (C:\Angular project-2\codebook\node_modules\zone.js\bundles\zone.umd.js:416:32)
    at ProxyZoneSpec.Object.<anonymous>.ProxyZoneSpec.onInvoke (C:\Angular project-2\codebook\node_modules\zone.js\bundles\zone-testing.umd.js:2177:43)
    at _ZoneDelegate.invoke (C:\Angular project-2\codebook\node_modules\zone.js\bundles\zone.umd.js:415:38)
    at ZoneImpl.run (C:\Angular project-2\codebook\node_modules\zone.js\bundles\zone.umd.js:147:47)
    at Object.wrappedFunc (C:\Angular project-2\codebook\node_modules\zone.js\bundles\zone-testing.umd.js:450:38)
    at Promise.then.completed (C:\Angular project-2\codebook\node_modules\jest-circus\build\utils.js:298:28)
    at new Promise (<anonymous>)
    at callAsyncCircusFn (C:\Angular project-2\codebook\node_modules\jest-circus\build\utils.js:231:10)
    at _callCircusTest (C:\Angular project-2\codebook\node_modules\jest-circus\build\run.js:316:40)
    at processTicksAndRejections (node:internal/process/task_queues:105:5)
    at _runTest (C:\Angular project-2\codebook\node_modules\jest-circus\build\run.js:252:3)
    at _runTestsForDescribeBlock (C:\Angular project-2\codebook\node_modules\jest-circus\build\run.js:126:9)
    at _runTestsForDescribeBlock (C:\Angular project-2\codebook\node_modules\jest-circus\build\run.js:121:9)
    at _runTestsForDescribeBlock (C:\Angular project-2\codebook\node_modules\jest-circus\build\run.js:121:9)
    at run (C:\Angular project-2\codebook\node_modules\jest-circus\build\run.js:71:3)
    at runAndTransformResultsToJestFormat (C:\Angular project-2\codebook\node_modules\jest-circus\build\legacy-code-todo-rewrite\jestAdapterInit.js:122:21)]]></failure>
    </testCase>
    <testCase name="DashboardComponent loadFromLocalStorage should handle error when loading from localStorage" duration="205">
      <failure message="Error: expect(jest.fn()).toHaveBeenCalled()"><![CDATA[Error: expect(jest.fn()).toHaveBeenCalled()

Expected number of calls: >= 1
Received number of calls:    0
    at C:\Angular project-2\codebook\src\app\pages\dashboard\dashboard.component.spec.ts:453:36
    at _ZoneDelegate.invoke (C:\Angular project-2\codebook\node_modules\zone.js\bundles\zone.umd.js:416:32)
    at ProxyZoneSpec.Object.<anonymous>.ProxyZoneSpec.onInvoke (C:\Angular project-2\codebook\node_modules\zone.js\bundles\zone-testing.umd.js:2177:43)
    at _ZoneDelegate.invoke (C:\Angular project-2\codebook\node_modules\zone.js\bundles\zone.umd.js:415:38)
    at ZoneImpl.run (C:\Angular project-2\codebook\node_modules\zone.js\bundles\zone.umd.js:147:47)
    at Object.wrappedFunc (C:\Angular project-2\codebook\node_modules\zone.js\bundles\zone-testing.umd.js:450:38)
    at Promise.then.completed (C:\Angular project-2\codebook\node_modules\jest-circus\build\utils.js:298:28)
    at new Promise (<anonymous>)
    at callAsyncCircusFn (C:\Angular project-2\codebook\node_modules\jest-circus\build\utils.js:231:10)
    at _callCircusTest (C:\Angular project-2\codebook\node_modules\jest-circus\build\run.js:316:40)
    at processTicksAndRejections (node:internal/process/task_queues:105:5)
    at _runTest (C:\Angular project-2\codebook\node_modules\jest-circus\build\run.js:252:3)
    at _runTestsForDescribeBlock (C:\Angular project-2\codebook\node_modules\jest-circus\build\run.js:126:9)
    at _runTestsForDescribeBlock (C:\Angular project-2\codebook\node_modules\jest-circus\build\run.js:121:9)
    at _runTestsForDescribeBlock (C:\Angular project-2\codebook\node_modules\jest-circus\build\run.js:121:9)
    at run (C:\Angular project-2\codebook\node_modules\jest-circus\build\run.js:71:3)
    at runAndTransformResultsToJestFormat (C:\Angular project-2\codebook\node_modules\jest-circus\build\legacy-code-todo-rewrite\jestAdapterInit.js:122:21)]]></failure>
    </testCase>
    <testCase name="DashboardComponent saveToLocalStorage should save form data to localStorage" duration="173">
      <failure message="Error: NG01000: "><![CDATA[Error: NG01000: 
    There are no form controls registered with this array yet. If you're using ngModel,
    you may want to check next tick (e.g. use setTimeout).
  
    at assertControlPresent (C:\Angular project-2\codebook\node_modules\@angular\forms\fesm2022\forms.mjs:1733:15)
    at C:\Angular project-2\codebook\node_modules\@angular\forms\fesm2022\forms.mjs:7108:13
    at Array.forEach (<anonymous>)
    at FormArray.setValue (C:\Angular project-2\codebook\node_modules\@angular\forms\fesm2022\forms.mjs:7107:15)
    at C:\Angular project-2\codebook\node_modules\@angular\forms\fesm2022\forms.mjs:2871:33
    at Array.forEach (<anonymous>)
    at FormGroup.setValue (C:\Angular project-2\codebook\node_modules\@angular\forms\fesm2022\forms.mjs:2869:28)
    at C:\Angular project-2\codebook\src\app\pages\dashboard\dashboard.component.spec.ts:460:30
    at _ZoneDelegate.invoke (C:\Angular project-2\codebook\node_modules\zone.js\bundles\zone.umd.js:416:32)
    at ProxyZoneSpec.Object.<anonymous>.ProxyZoneSpec.onInvoke (C:\Angular project-2\codebook\node_modules\zone.js\bundles\zone-testing.umd.js:2177:43)
    at _ZoneDelegate.invoke (C:\Angular project-2\codebook\node_modules\zone.js\bundles\zone.umd.js:415:38)
    at ZoneImpl.run (C:\Angular project-2\codebook\node_modules\zone.js\bundles\zone.umd.js:147:47)
    at Object.wrappedFunc (C:\Angular project-2\codebook\node_modules\zone.js\bundles\zone-testing.umd.js:450:38)
    at Promise.then.completed (C:\Angular project-2\codebook\node_modules\jest-circus\build\utils.js:298:28)
    at new Promise (<anonymous>)
    at callAsyncCircusFn (C:\Angular project-2\codebook\node_modules\jest-circus\build\utils.js:231:10)
    at _callCircusTest (C:\Angular project-2\codebook\node_modules\jest-circus\build\run.js:316:40)
    at processTicksAndRejections (node:internal/process/task_queues:105:5)
    at _runTest (C:\Angular project-2\codebook\node_modules\jest-circus\build\run.js:252:3)
    at _runTestsForDescribeBlock (C:\Angular project-2\codebook\node_modules\jest-circus\build\run.js:126:9)
    at _runTestsForDescribeBlock (C:\Angular project-2\codebook\node_modules\jest-circus\build\run.js:121:9)
    at _runTestsForDescribeBlock (C:\Angular project-2\codebook\node_modules\jest-circus\build\run.js:121:9)
    at run (C:\Angular project-2\codebook\node_modules\jest-circus\build\run.js:71:3)
    at runAndTransformResultsToJestFormat (C:\Angular project-2\codebook\node_modules\jest-circus\build\legacy-code-todo-rewrite\jestAdapterInit.js:122:21)]]></failure>
    </testCase>
    <testCase name="DashboardComponent saveToLocalStorage should handle error when saving to localStorage" duration="289">
      <failure message="TypeError: jest.spyOn(...).mockImplementation is not a function"><![CDATA[TypeError: jest.spyOn(...).mockImplementation is not a function
    at C:\Angular project-2\codebook\src\app\pages\dashboard\dashboard.component.spec.ts:480:43
    at _ZoneDelegate.invoke (C:\Angular project-2\codebook\node_modules\zone.js\bundles\zone.umd.js:416:32)
    at ProxyZoneSpec.Object.<anonymous>.ProxyZoneSpec.onInvoke (C:\Angular project-2\codebook\node_modules\zone.js\bundles\zone-testing.umd.js:2177:43)
    at _ZoneDelegate.invoke (C:\Angular project-2\codebook\node_modules\zone.js\bundles\zone.umd.js:415:38)
    at ZoneImpl.run (C:\Angular project-2\codebook\node_modules\zone.js\bundles\zone.umd.js:147:47)
    at Object.wrappedFunc (C:\Angular project-2\codebook\node_modules\zone.js\bundles\zone-testing.umd.js:450:38)
    at Promise.then.completed (C:\Angular project-2\codebook\node_modules\jest-circus\build\utils.js:298:28)
    at new Promise (<anonymous>)
    at callAsyncCircusFn (C:\Angular project-2\codebook\node_modules\jest-circus\build\utils.js:231:10)
    at _callCircusTest (C:\Angular project-2\codebook\node_modules\jest-circus\build\run.js:316:40)
    at processTicksAndRejections (node:internal/process/task_queues:105:5)
    at _runTest (C:\Angular project-2\codebook\node_modules\jest-circus\build\run.js:252:3)
    at _runTestsForDescribeBlock (C:\Angular project-2\codebook\node_modules\jest-circus\build\run.js:126:9)
    at _runTestsForDescribeBlock (C:\Angular project-2\codebook\node_modules\jest-circus\build\run.js:121:9)
    at _runTestsForDescribeBlock (C:\Angular project-2\codebook\node_modules\jest-circus\build\run.js:121:9)
    at run (C:\Angular project-2\codebook\node_modules\jest-circus\build\run.js:71:3)
    at runAndTransformResultsToJestFormat (C:\Angular project-2\codebook\node_modules\jest-circus\build\legacy-code-todo-rewrite\jestAdapterInit.js:122:21)]]></failure>
    </testCase>
    <testCase name="DashboardComponent trackByProvider should return provider id if present" duration="152"/>
    <testCase name="DashboardComponent trackByProvider should return index as string if provider id is not present" duration="174"/>
  </file>
  <file path="C:\Angular project-2\codebook\src\app\pages\business\store\business.store.spec.ts">
    <testCase name="BusinessStore should be created" duration="120"/>
    <testCase name="BusinessStore initial state should have initial state" duration="28"/>
    <testCase name="BusinessStore loadBusinesses should load businesses from localStorage" duration="12"/>
    <testCase name="BusinessStore loadBusinesses should handle empty localStorage" duration="25"/>
    <testCase name="BusinessStore loadBusinesses should handle parsing error" duration="17"/>
    <testCase name="BusinessStore addBusiness should add a new business" duration="21"/>
    <testCase name="BusinessStore addBusiness should handle error when adding business" duration="26"/>
    <testCase name="BusinessStore updateBusiness should update an existing business" duration="103"/>
    <testCase name="BusinessStore updateBusiness should handle business not found" duration="79"/>
    <testCase name="BusinessStore updateBusiness should handle storage error" duration="16"/>
    <testCase name="BusinessStore deleteBusiness should delete a business" duration="17"/>
    <testCase name="BusinessStore deleteBusiness should handle storage error" duration="11"/>
    <testCase name="BusinessStore deleteBusiness should not fail when deleting non-existent business" duration="17"/>
    <testCase name="BusinessStore getBusiness should get a business by id" duration="12"/>
    <testCase name="BusinessStore getBusiness should return undefined for non-existent id" duration="24"/>
    <testCase name="BusinessStore getBusiness should set error if something goes wrong" duration="22"/>
    <testCase name="BusinessStore businessCount should return correct count of businesses" duration="21">
      <failure message="Error: expect(received).toBe(expected) // Object.is equality"><![CDATA[Error: expect(received).toBe(expected) // Object.is equality

Expected: 0
Received: 1
    at C:\Angular project-2\codebook\src\app\pages\business\store\business.store.spec.ts:280:37
    at _ZoneDelegate.invoke (C:\Angular project-2\codebook\node_modules\zone.js\bundles\zone.umd.js:416:32)
    at ProxyZoneSpec.Object.<anonymous>.ProxyZoneSpec.onInvoke (C:\Angular project-2\codebook\node_modules\zone.js\bundles\zone-testing.umd.js:2177:43)
    at _ZoneDelegate.invoke (C:\Angular project-2\codebook\node_modules\zone.js\bundles\zone.umd.js:415:38)
    at ZoneImpl.run (C:\Angular project-2\codebook\node_modules\zone.js\bundles\zone.umd.js:147:47)
    at Object.wrappedFunc (C:\Angular project-2\codebook\node_modules\zone.js\bundles\zone-testing.umd.js:450:38)
    at Promise.then.completed (C:\Angular project-2\codebook\node_modules\jest-circus\build\utils.js:298:28)
    at new Promise (<anonymous>)
    at callAsyncCircusFn (C:\Angular project-2\codebook\node_modules\jest-circus\build\utils.js:231:10)
    at _callCircusTest (C:\Angular project-2\codebook\node_modules\jest-circus\build\run.js:316:40)
    at processTicksAndRejections (node:internal/process/task_queues:105:5)
    at _runTest (C:\Angular project-2\codebook\node_modules\jest-circus\build\run.js:252:3)
    at _runTestsForDescribeBlock (C:\Angular project-2\codebook\node_modules\jest-circus\build\run.js:126:9)
    at _runTestsForDescribeBlock (C:\Angular project-2\codebook\node_modules\jest-circus\build\run.js:121:9)
    at _runTestsForDescribeBlock (C:\Angular project-2\codebook\node_modules\jest-circus\build\run.js:121:9)
    at run (C:\Angular project-2\codebook\node_modules\jest-circus\build\run.js:71:3)
    at runAndTransformResultsToJestFormat (C:\Angular project-2\codebook\node_modules\jest-circus\build\legacy-code-todo-rewrite\jestAdapterInit.js:122:21)]]></failure>
    </testCase>
    <testCase name="BusinessStore onInit should load businesses on initialization" duration="23">
      <failure message="Error: expect(received).toBe(expected) // Object.is equality"><![CDATA[Error: expect(received).toBe(expected) // Object.is equality

Expected: 1
Received: 0
    at C:\Angular project-2\codebook\src\app\pages\business\store\business.store.spec.ts:321:44
    at _ZoneDelegate.invoke (C:\Angular project-2\codebook\node_modules\zone.js\bundles\zone.umd.js:416:32)
    at ProxyZoneSpec.Object.<anonymous>.ProxyZoneSpec.onInvoke (C:\Angular project-2\codebook\node_modules\zone.js\bundles\zone-testing.umd.js:2177:43)
    at _ZoneDelegate.invoke (C:\Angular project-2\codebook\node_modules\zone.js\bundles\zone.umd.js:415:38)
    at ZoneImpl.run (C:\Angular project-2\codebook\node_modules\zone.js\bundles\zone.umd.js:147:47)
    at Object.wrappedFunc (C:\Angular project-2\codebook\node_modules\zone.js\bundles\zone-testing.umd.js:450:38)
    at Promise.then.completed (C:\Angular project-2\codebook\node_modules\jest-circus\build\utils.js:298:28)
    at new Promise (<anonymous>)
    at callAsyncCircusFn (C:\Angular project-2\codebook\node_modules\jest-circus\build\utils.js:231:10)
    at _callCircusTest (C:\Angular project-2\codebook\node_modules\jest-circus\build\run.js:316:40)
    at processTicksAndRejections (node:internal/process/task_queues:105:5)
    at _runTest (C:\Angular project-2\codebook\node_modules\jest-circus\build\run.js:252:3)
    at _runTestsForDescribeBlock (C:\Angular project-2\codebook\node_modules\jest-circus\build\run.js:126:9)
    at _runTestsForDescribeBlock (C:\Angular project-2\codebook\node_modules\jest-circus\build\run.js:121:9)
    at _runTestsForDescribeBlock (C:\Angular project-2\codebook\node_modules\jest-circus\build\run.js:121:9)
    at run (C:\Angular project-2\codebook\node_modules\jest-circus\build\run.js:71:3)
    at runAndTransformResultsToJestFormat (C:\Angular project-2\codebook\node_modules\jest-circus\build\legacy-code-todo-rewrite\jestAdapterInit.js:122:21)]]></failure>
    </testCase>
  </file>
  <file path="C:\Angular project-2\codebook\src\app\services\dark-mode.service.spec.ts">
    <testCase name="DarkModeService Initialization should initialize with system theme by default" duration="66"/>
    <testCase name="DarkModeService Initialization should initialize with saved theme from localStorage" duration="26">
      <failure message="Error: expect(received).toBe(expected) // Object.is equality"><![CDATA[Error: expect(received).toBe(expected) // Object.is equality

Expected: "dark"
Received: "system"
    at C:\Angular project-2\codebook\src\app\services\dark-mode.service.spec.ts:87:37
    at _ZoneDelegate.invoke (C:\Angular project-2\codebook\node_modules\zone.js\bundles\zone.umd.js:416:32)
    at ProxyZoneSpec.Object.<anonymous>.ProxyZoneSpec.onInvoke (C:\Angular project-2\codebook\node_modules\zone.js\bundles\zone-testing.umd.js:2177:43)
    at _ZoneDelegate.invoke (C:\Angular project-2\codebook\node_modules\zone.js\bundles\zone.umd.js:415:38)
    at ZoneImpl.run (C:\Angular project-2\codebook\node_modules\zone.js\bundles\zone.umd.js:147:47)
    at Object.wrappedFunc (C:\Angular project-2\codebook\node_modules\zone.js\bundles\zone-testing.umd.js:450:38)
    at Promise.then.completed (C:\Angular project-2\codebook\node_modules\jest-circus\build\utils.js:298:28)
    at new Promise (<anonymous>)
    at callAsyncCircusFn (C:\Angular project-2\codebook\node_modules\jest-circus\build\utils.js:231:10)
    at _callCircusTest (C:\Angular project-2\codebook\node_modules\jest-circus\build\run.js:316:40)
    at processTicksAndRejections (node:internal/process/task_queues:105:5)
    at _runTest (C:\Angular project-2\codebook\node_modules\jest-circus\build\run.js:252:3)
    at _runTestsForDescribeBlock (C:\Angular project-2\codebook\node_modules\jest-circus\build\run.js:126:9)
    at _runTestsForDescribeBlock (C:\Angular project-2\codebook\node_modules\jest-circus\build\run.js:121:9)
    at _runTestsForDescribeBlock (C:\Angular project-2\codebook\node_modules\jest-circus\build\run.js:121:9)
    at run (C:\Angular project-2\codebook\node_modules\jest-circus\build\run.js:71:3)
    at runAndTransformResultsToJestFormat (C:\Angular project-2\codebook\node_modules\jest-circus\build\legacy-code-todo-rewrite\jestAdapterInit.js:122:21)]]></failure>
    </testCase>
    <testCase name="DarkModeService Initialization should set up event listener for system theme changes" duration="81"/>
    <testCase name="DarkModeService selectedTheme should return the correct theme object for light theme" duration="14"/>
    <testCase name="DarkModeService selectedTheme should return the correct theme object for dark theme" duration="8"/>
    <testCase name="DarkModeService selectedTheme should return the correct theme object for system theme" duration="10"/>
    <testCase name="DarkModeService isDarkMode should return false for light theme" duration="12"/>
    <testCase name="DarkModeService isDarkMode should return true for dark theme" duration="14"/>
    <testCase name="DarkModeService isDarkMode should return system preference for system theme (dark)" duration="20">
      <failure message="Error: expect(received).toBe(expected) // Object.is equality"><![CDATA[Error: expect(received).toBe(expected) // Object.is equality

Expected: true
Received: false
    at C:\Angular project-2\codebook\src\app\services\dark-mode.service.spec.ts:134:36
    at _ZoneDelegate.invoke (C:\Angular project-2\codebook\node_modules\zone.js\bundles\zone.umd.js:416:32)
    at ProxyZoneSpec.Object.<anonymous>.ProxyZoneSpec.onInvoke (C:\Angular project-2\codebook\node_modules\zone.js\bundles\zone-testing.umd.js:2177:43)
    at _ZoneDelegate.invoke (C:\Angular project-2\codebook\node_modules\zone.js\bundles\zone.umd.js:415:38)
    at ZoneImpl.run (C:\Angular project-2\codebook\node_modules\zone.js\bundles\zone.umd.js:147:47)
    at Object.wrappedFunc (C:\Angular project-2\codebook\node_modules\zone.js\bundles\zone-testing.umd.js:450:38)
    at Promise.then.completed (C:\Angular project-2\codebook\node_modules\jest-circus\build\utils.js:298:28)
    at new Promise (<anonymous>)
    at callAsyncCircusFn (C:\Angular project-2\codebook\node_modules\jest-circus\build\utils.js:231:10)
    at _callCircusTest (C:\Angular project-2\codebook\node_modules\jest-circus\build\run.js:316:40)
    at processTicksAndRejections (node:internal/process/task_queues:105:5)
    at _runTest (C:\Angular project-2\codebook\node_modules\jest-circus\build\run.js:252:3)
    at _runTestsForDescribeBlock (C:\Angular project-2\codebook\node_modules\jest-circus\build\run.js:126:9)
    at _runTestsForDescribeBlock (C:\Angular project-2\codebook\node_modules\jest-circus\build\run.js:121:9)
    at _runTestsForDescribeBlock (C:\Angular project-2\codebook\node_modules\jest-circus\build\run.js:121:9)
    at run (C:\Angular project-2\codebook\node_modules\jest-circus\build\run.js:71:3)
    at runAndTransformResultsToJestFormat (C:\Angular project-2\codebook\node_modules\jest-circus\build\legacy-code-todo-rewrite\jestAdapterInit.js:122:21)]]></failure>
    </testCase>
    <testCase name="DarkModeService isDarkMode should return system preference for system theme (light)" duration="18"/>
    <testCase name="DarkModeService isDarkMode should handle missing window.matchMedia for system theme" duration="16"/>
    <testCase name="DarkModeService setTheme should set light theme and update DOM" duration="25"/>
    <testCase name="DarkModeService setTheme should set dark theme and update DOM" duration="44"/>
    <testCase name="DarkModeService setTheme should set system theme and update DOM based on system preference (dark)" duration="21">
      <failure message="Error: expect(jest.fn()).toHaveBeenCalledWith(...expected)"><![CDATA[Error: expect(jest.fn()).toHaveBeenCalledWith(...expected)

Expected: "dark-theme", true
Received
       1: "dark-theme", false
       2: "light-theme", true
       3: "dark-theme", false

Number of calls: 4
    at C:\Angular project-2\codebook\src\app\services\dark-mode.service.spec.ts:174:46
    at _ZoneDelegate.invoke (C:\Angular project-2\codebook\node_modules\zone.js\bundles\zone.umd.js:416:32)
    at ProxyZoneSpec.Object.<anonymous>.ProxyZoneSpec.onInvoke (C:\Angular project-2\codebook\node_modules\zone.js\bundles\zone-testing.umd.js:2177:43)
    at _ZoneDelegate.invoke (C:\Angular project-2\codebook\node_modules\zone.js\bundles\zone.umd.js:415:38)
    at ZoneImpl.run (C:\Angular project-2\codebook\node_modules\zone.js\bundles\zone.umd.js:147:47)
    at Object.wrappedFunc (C:\Angular project-2\codebook\node_modules\zone.js\bundles\zone-testing.umd.js:450:38)
    at Promise.then.completed (C:\Angular project-2\codebook\node_modules\jest-circus\build\utils.js:298:28)
    at new Promise (<anonymous>)
    at callAsyncCircusFn (C:\Angular project-2\codebook\node_modules\jest-circus\build\utils.js:231:10)
    at _callCircusTest (C:\Angular project-2\codebook\node_modules\jest-circus\build\run.js:316:40)
    at processTicksAndRejections (node:internal/process/task_queues:105:5)
    at _runTest (C:\Angular project-2\codebook\node_modules\jest-circus\build\run.js:252:3)
    at _runTestsForDescribeBlock (C:\Angular project-2\codebook\node_modules\jest-circus\build\run.js:126:9)
    at _runTestsForDescribeBlock (C:\Angular project-2\codebook\node_modules\jest-circus\build\run.js:121:9)
    at _runTestsForDescribeBlock (C:\Angular project-2\codebook\node_modules\jest-circus\build\run.js:121:9)
    at run (C:\Angular project-2\codebook\node_modules\jest-circus\build\run.js:71:3)
    at runAndTransformResultsToJestFormat (C:\Angular project-2\codebook\node_modules\jest-circus\build\legacy-code-todo-rewrite\jestAdapterInit.js:122:21)]]></failure>
    </testCase>
    <testCase name="DarkModeService setTheme should set system theme and update DOM based on system preference (light)" duration="15"/>
    <testCase name="DarkModeService getThemes should return the list of themes" duration="9"/>
    <testCase name="DarkModeService System Theme Change Listener should apply theme when system preference changes in system mode" duration="26"/>
    <testCase name="DarkModeService System Theme Change Listener should not apply theme when system preference changes in non-system mode" duration="13"/>
    <testCase name="DarkModeService applyTheme should apply dark theme classes and attributes" duration="18"/>
    <testCase name="DarkModeService applyTheme should apply light theme classes and attributes" duration="11"/>
    <testCase name="DarkModeService applyTheme should apply system theme based on dark preference" duration="11">
      <failure message="Error: expect(jest.fn()).toHaveBeenCalledWith(...expected)"><![CDATA[Error: expect(jest.fn()).toHaveBeenCalledWith(...expected)

Expected: "dark-theme", true
Received
       1: "dark-theme", false
       2: "light-theme", true
       3: "dark-theme", false

Number of calls: 4
    at C:\Angular project-2\codebook\src\app\services\dark-mode.service.spec.ts:241:46
    at _ZoneDelegate.invoke (C:\Angular project-2\codebook\node_modules\zone.js\bundles\zone.umd.js:416:32)
    at ProxyZoneSpec.Object.<anonymous>.ProxyZoneSpec.onInvoke (C:\Angular project-2\codebook\node_modules\zone.js\bundles\zone-testing.umd.js:2177:43)
    at _ZoneDelegate.invoke (C:\Angular project-2\codebook\node_modules\zone.js\bundles\zone.umd.js:415:38)
    at ZoneImpl.run (C:\Angular project-2\codebook\node_modules\zone.js\bundles\zone.umd.js:147:47)
    at Object.wrappedFunc (C:\Angular project-2\codebook\node_modules\zone.js\bundles\zone-testing.umd.js:450:38)
    at Promise.then.completed (C:\Angular project-2\codebook\node_modules\jest-circus\build\utils.js:298:28)
    at new Promise (<anonymous>)
    at callAsyncCircusFn (C:\Angular project-2\codebook\node_modules\jest-circus\build\utils.js:231:10)
    at _callCircusTest (C:\Angular project-2\codebook\node_modules\jest-circus\build\run.js:316:40)
    at processTicksAndRejections (node:internal/process/task_queues:105:5)
    at _runTest (C:\Angular project-2\codebook\node_modules\jest-circus\build\run.js:252:3)
    at _runTestsForDescribeBlock (C:\Angular project-2\codebook\node_modules\jest-circus\build\run.js:126:9)
    at _runTestsForDescribeBlock (C:\Angular project-2\codebook\node_modules\jest-circus\build\run.js:121:9)
    at _runTestsForDescribeBlock (C:\Angular project-2\codebook\node_modules\jest-circus\build\run.js:121:9)
    at run (C:\Angular project-2\codebook\node_modules\jest-circus\build\run.js:71:3)
    at runAndTransformResultsToJestFormat (C:\Angular project-2\codebook\node_modules\jest-circus\build\legacy-code-todo-rewrite\jestAdapterInit.js:122:21)]]></failure>
    </testCase>
    <testCase name="DarkModeService applyTheme should apply system theme based on light preference" duration="60"/>
  </file>
  <file path="C:\Angular project-2\codebook\src\app\pages\users\users.component.spec.ts">
    <testCase name="UsersComponent Initialization should create the component" duration="1971"/>
    <testCase name="UsersComponent Initialization should initialize properties" duration="261"/>
    <testCase name="UsersComponent Initialization should call loadUsers and set filterPredicate on ngOnInit" duration="265">
      <failure message="Error: expect(jest.fn()).toHaveBeenCalledWith(...expected)"><![CDATA[Error: expect(jest.fn()).toHaveBeenCalledWith(...expected)

Expected: "Initializing UsersComponent"

Number of calls: 0
    at C:\Angular project-2\codebook\src\app\pages\users\users.component.spec.ts:121:29
    at _ZoneDelegate.invoke (C:\Angular project-2\codebook\node_modules\zone.js\bundles\zone.umd.js:416:32)
    at ProxyZoneSpec.Object.<anonymous>.ProxyZoneSpec.onInvoke (C:\Angular project-2\codebook\node_modules\zone.js\bundles\zone-testing.umd.js:2177:43)
    at _ZoneDelegate.invoke (C:\Angular project-2\codebook\node_modules\zone.js\bundles\zone.umd.js:415:38)
    at ZoneImpl.run (C:\Angular project-2\codebook\node_modules\zone.js\bundles\zone.umd.js:147:47)
    at Object.wrappedFunc (C:\Angular project-2\codebook\node_modules\zone.js\bundles\zone-testing.umd.js:450:38)
    at Promise.then.completed (C:\Angular project-2\codebook\node_modules\jest-circus\build\utils.js:298:28)
    at new Promise (<anonymous>)
    at callAsyncCircusFn (C:\Angular project-2\codebook\node_modules\jest-circus\build\utils.js:231:10)
    at _callCircusTest (C:\Angular project-2\codebook\node_modules\jest-circus\build\run.js:316:40)
    at processTicksAndRejections (node:internal/process/task_queues:105:5)
    at _runTest (C:\Angular project-2\codebook\node_modules\jest-circus\build\run.js:252:3)
    at _runTestsForDescribeBlock (C:\Angular project-2\codebook\node_modules\jest-circus\build\run.js:126:9)
    at _runTestsForDescribeBlock (C:\Angular project-2\codebook\node_modules\jest-circus\build\run.js:121:9)
    at _runTestsForDescribeBlock (C:\Angular project-2\codebook\node_modules\jest-circus\build\run.js:121:9)
    at run (C:\Angular project-2\codebook\node_modules\jest-circus\build\run.js:71:3)
    at runAndTransformResultsToJestFormat (C:\Angular project-2\codebook\node_modules\jest-circus\build\legacy-code-todo-rewrite\jestAdapterInit.js:122:21)]]></failure>
    </testCase>
    <testCase name="UsersComponent Initialization should set dataSource.data, paginator, and call detectChanges when users change" duration="777">
      <failure message="Error: expect(jest.fn()).toHaveBeenCalledWith(...expected)"><![CDATA[Error: expect(jest.fn()).toHaveBeenCalledWith(...expected)

Expected: "Users updated:", [{"bs": "Innovate", "company": "Acme Corp", "id": 1, "name": "John Doe", "website": "www.acme.com"}, {"bs": "Synergize", "company": "Globex", "id": 2, "name": "Jane Smith", "website": "www.globex.com"}]
Received: "Destroying UsersComponent"

Number of calls: 1
    at C:\Angular project-2\codebook\src\app\pages\users\users.component.spec.ts:138:29
    at _ZoneDelegate.invoke (C:\Angular project-2\codebook\node_modules\zone.js\bundles\zone.umd.js:416:32)
    at ProxyZoneSpec.Object.<anonymous>.ProxyZoneSpec.onInvoke (C:\Angular project-2\codebook\node_modules\zone.js\bundles\zone-testing.umd.js:2177:43)
    at _ZoneDelegate.invoke (C:\Angular project-2\codebook\node_modules\zone.js\bundles\zone.umd.js:415:38)
    at ZoneImpl.run (C:\Angular project-2\codebook\node_modules\zone.js\bundles\zone.umd.js:147:47)
    at Object.wrappedFunc (C:\Angular project-2\codebook\node_modules\zone.js\bundles\zone-testing.umd.js:450:38)
    at Promise.then.completed (C:\Angular project-2\codebook\node_modules\jest-circus\build\utils.js:298:28)
    at new Promise (<anonymous>)
    at callAsyncCircusFn (C:\Angular project-2\codebook\node_modules\jest-circus\build\utils.js:231:10)
    at _callCircusTest (C:\Angular project-2\codebook\node_modules\jest-circus\build\run.js:316:40)
    at processTicksAndRejections (node:internal/process/task_queues:105:5)
    at _runTest (C:\Angular project-2\codebook\node_modules\jest-circus\build\run.js:252:3)
    at _runTestsForDescribeBlock (C:\Angular project-2\codebook\node_modules\jest-circus\build\run.js:126:9)
    at _runTestsForDescribeBlock (C:\Angular project-2\codebook\node_modules\jest-circus\build\run.js:121:9)
    at _runTestsForDescribeBlock (C:\Angular project-2\codebook\node_modules\jest-circus\build\run.js:121:9)
    at run (C:\Angular project-2\codebook\node_modules\jest-circus\build\run.js:71:3)
    at runAndTransformResultsToJestFormat (C:\Angular project-2\codebook\node_modules\jest-circus\build\legacy-code-todo-rewrite\jestAdapterInit.js:122:21)]]></failure>
    </testCase>
    <testCase name="UsersComponent Initialization should show error toast and log error when store has error" duration="734">
      <failure message="Error: expect(jest.fn()).toHaveBeenCalledWith(...expected)"><![CDATA[Error: expect(jest.fn()).toHaveBeenCalledWith(...expected)

Expected: "Store error:", "Failed to load users"

Number of calls: 0
    at C:\Angular project-2\codebook\src\app\pages\users\users.component.spec.ts:149:31
    at _ZoneDelegate.invoke (C:\Angular project-2\codebook\node_modules\zone.js\bundles\zone.umd.js:416:32)
    at ProxyZoneSpec.Object.<anonymous>.ProxyZoneSpec.onInvoke (C:\Angular project-2\codebook\node_modules\zone.js\bundles\zone-testing.umd.js:2177:43)
    at _ZoneDelegate.invoke (C:\Angular project-2\codebook\node_modules\zone.js\bundles\zone.umd.js:415:38)
    at ZoneImpl.run (C:\Angular project-2\codebook\node_modules\zone.js\bundles\zone.umd.js:147:47)
    at Object.wrappedFunc (C:\Angular project-2\codebook\node_modules\zone.js\bundles\zone-testing.umd.js:450:38)
    at Promise.then.completed (C:\Angular project-2\codebook\node_modules\jest-circus\build\utils.js:298:28)
    at new Promise (<anonymous>)
    at callAsyncCircusFn (C:\Angular project-2\codebook\node_modules\jest-circus\build\utils.js:231:10)
    at _callCircusTest (C:\Angular project-2\codebook\node_modules\jest-circus\build\run.js:316:40)
    at processTicksAndRejections (node:internal/process/task_queues:105:5)
    at _runTest (C:\Angular project-2\codebook\node_modules\jest-circus\build\run.js:252:3)
    at _runTestsForDescribeBlock (C:\Angular project-2\codebook\node_modules\jest-circus\build\run.js:126:9)
    at _runTestsForDescribeBlock (C:\Angular project-2\codebook\node_modules\jest-circus\build\run.js:121:9)
    at _runTestsForDescribeBlock (C:\Angular project-2\codebook\node_modules\jest-circus\build\run.js:121:9)
    at run (C:\Angular project-2\codebook\node_modules\jest-circus\build\run.js:71:3)
    at runAndTransformResultsToJestFormat (C:\Angular project-2\codebook\node_modules\jest-circus\build\legacy-code-todo-rewrite\jestAdapterInit.js:122:21)]]></failure>
    </testCase>
    <testCase name="UsersComponent Initialization should log warning if paginator is not initialized" duration="550">
      <failure message="Error: expect(jest.fn()).toHaveBeenCalled()"><![CDATA[Error: expect(jest.fn()).toHaveBeenCalled()

Expected number of calls: >= 1
Received number of calls:    0
    at C:\Angular project-2\codebook\src\app\pages\users\users.component.spec.ts:160:37
    at _ZoneDelegate.invoke (C:\Angular project-2\codebook\node_modules\zone.js\bundles\zone.umd.js:416:32)
    at ProxyZoneSpec.Object.<anonymous>.ProxyZoneSpec.onInvoke (C:\Angular project-2\codebook\node_modules\zone.js\bundles\zone-testing.umd.js:2177:43)
    at _ZoneDelegate.invoke (C:\Angular project-2\codebook\node_modules\zone.js\bundles\zone.umd.js:415:38)
    at ZoneImpl.run (C:\Angular project-2\codebook\node_modules\zone.js\bundles\zone.umd.js:147:47)
    at Object.wrappedFunc (C:\Angular project-2\codebook\node_modules\zone.js\bundles\zone-testing.umd.js:450:38)
    at Promise.then.completed (C:\Angular project-2\codebook\node_modules\jest-circus\build\utils.js:298:28)
    at new Promise (<anonymous>)
    at callAsyncCircusFn (C:\Angular project-2\codebook\node_modules\jest-circus\build\utils.js:231:10)
    at _callCircusTest (C:\Angular project-2\codebook\node_modules\jest-circus\build\run.js:316:40)
    at processTicksAndRejections (node:internal/process/task_queues:105:5)
    at _runTest (C:\Angular project-2\codebook\node_modules\jest-circus\build\run.js:252:3)
    at _runTestsForDescribeBlock (C:\Angular project-2\codebook\node_modules\jest-circus\build\run.js:126:9)
    at _runTestsForDescribeBlock (C:\Angular project-2\codebook\node_modules\jest-circus\build\run.js:121:9)
    at _runTestsForDescribeBlock (C:\Angular project-2\codebook\node_modules\jest-circus\build\run.js:121:9)
    at run (C:\Angular project-2\codebook\node_modules\jest-circus\build\run.js:71:3)
    at runAndTransformResultsToJestFormat (C:\Angular project-2\codebook\node_modules\jest-circus\build\legacy-code-todo-rewrite\jestAdapterInit.js:122:21)]]></failure>
    </testCase>
    <testCase name="UsersComponent User Actions should open dialog for adding user" duration="308">
      <failure message="TypeError: Cannot read properties of undefined (reading &apos;push&apos;)"><![CDATA[TypeError: Cannot read properties of undefined (reading 'push')
    at _MatDialog.open (C:\Angular project-2\codebook\node_modules\@angular\material\fesm2022\module-c1a8b4bb.mjs:638:26)
    at UsersComponent.open [as openPopup] (C:\Angular project-2\codebook\src\app\pages\users\users.component.ts:89:17)
    at UsersComponent.openPopup [as addUser] (C:\Angular project-2\codebook\src\app\pages\users\users.component.ts:77:10)
    at C:\Angular project-2\codebook\src\app\pages\users\users.component.spec.ts:167:17
    at _ZoneDelegate.invoke (C:\Angular project-2\codebook\node_modules\zone.js\bundles\zone.umd.js:416:32)
    at ProxyZoneSpec.Object.<anonymous>.ProxyZoneSpec.onInvoke (C:\Angular project-2\codebook\node_modules\zone.js\bundles\zone-testing.umd.js:2177:43)
    at _ZoneDelegate.invoke (C:\Angular project-2\codebook\node_modules\zone.js\bundles\zone.umd.js:415:38)
    at ZoneImpl.run (C:\Angular project-2\codebook\node_modules\zone.js\bundles\zone.umd.js:147:47)
    at Object.wrappedFunc (C:\Angular project-2\codebook\node_modules\zone.js\bundles\zone-testing.umd.js:450:38)
    at Promise.then.completed (C:\Angular project-2\codebook\node_modules\jest-circus\build\utils.js:298:28)
    at new Promise (<anonymous>)
    at callAsyncCircusFn (C:\Angular project-2\codebook\node_modules\jest-circus\build\utils.js:231:10)
    at _callCircusTest (C:\Angular project-2\codebook\node_modules\jest-circus\build\run.js:316:40)
    at processTicksAndRejections (node:internal/process/task_queues:105:5)
    at _runTest (C:\Angular project-2\codebook\node_modules\jest-circus\build\run.js:252:3)
    at _runTestsForDescribeBlock (C:\Angular project-2\codebook\node_modules\jest-circus\build\run.js:126:9)
    at _runTestsForDescribeBlock (C:\Angular project-2\codebook\node_modules\jest-circus\build\run.js:121:9)
    at _runTestsForDescribeBlock (C:\Angular project-2\codebook\node_modules\jest-circus\build\run.js:121:9)
    at run (C:\Angular project-2\codebook\node_modules\jest-circus\build\run.js:71:3)
    at runAndTransformResultsToJestFormat (C:\Angular project-2\codebook\node_modules\jest-circus\build\legacy-code-todo-rewrite\jestAdapterInit.js:122:21)]]></failure>
    </testCase>
    <testCase name="UsersComponent User Actions should open dialog for editing user" duration="248">
      <failure message="TypeError: Cannot read properties of undefined (reading &apos;push&apos;)"><![CDATA[TypeError: Cannot read properties of undefined (reading 'push')
    at _MatDialog.open (C:\Angular project-2\codebook\node_modules\@angular\material\fesm2022\module-c1a8b4bb.mjs:638:26)
    at UsersComponent.open [as openPopup] (C:\Angular project-2\codebook\src\app\pages\users\users.component.ts:89:17)
    at UsersComponent.openPopup [as editUser] (C:\Angular project-2\codebook\src\app\pages\users\users.component.ts:85:10)
    at C:\Angular project-2\codebook\src\app\pages\users\users.component.spec.ts:178:17
    at _ZoneDelegate.invoke (C:\Angular project-2\codebook\node_modules\zone.js\bundles\zone.umd.js:416:32)
    at ProxyZoneSpec.Object.<anonymous>.ProxyZoneSpec.onInvoke (C:\Angular project-2\codebook\node_modules\zone.js\bundles\zone-testing.umd.js:2177:43)
    at _ZoneDelegate.invoke (C:\Angular project-2\codebook\node_modules\zone.js\bundles\zone.umd.js:415:38)
    at ZoneImpl.run (C:\Angular project-2\codebook\node_modules\zone.js\bundles\zone.umd.js:147:47)
    at Object.wrappedFunc (C:\Angular project-2\codebook\node_modules\zone.js\bundles\zone-testing.umd.js:450:38)
    at Promise.then.completed (C:\Angular project-2\codebook\node_modules\jest-circus\build\utils.js:298:28)
    at new Promise (<anonymous>)
    at callAsyncCircusFn (C:\Angular project-2\codebook\node_modules\jest-circus\build\utils.js:231:10)
    at _callCircusTest (C:\Angular project-2\codebook\node_modules\jest-circus\build\run.js:316:40)
    at processTicksAndRejections (node:internal/process/task_queues:105:5)
    at _runTest (C:\Angular project-2\codebook\node_modules\jest-circus\build\run.js:252:3)
    at _runTestsForDescribeBlock (C:\Angular project-2\codebook\node_modules\jest-circus\build\run.js:126:9)
    at _runTestsForDescribeBlock (C:\Angular project-2\codebook\node_modules\jest-circus\build\run.js:121:9)
    at _runTestsForDescribeBlock (C:\Angular project-2\codebook\node_modules\jest-circus\build\run.js:121:9)
    at run (C:\Angular project-2\codebook\node_modules\jest-circus\build\run.js:71:3)
    at runAndTransformResultsToJestFormat (C:\Angular project-2\codebook\node_modules\jest-circus\build\legacy-code-todo-rewrite\jestAdapterInit.js:122:21)]]></failure>
    </testCase>
    <testCase name="UsersComponent User Actions should call deleteUser on store when deleting user" duration="187"/>
    <testCase name="UsersComponent User Actions should open popup with correct configuration" duration="150">
      <failure message="TypeError: Cannot read properties of undefined (reading &apos;push&apos;)"><![CDATA[TypeError: Cannot read properties of undefined (reading 'push')
    at _MatDialog.open (C:\Angular project-2\codebook\node_modules\@angular\material\fesm2022\module-c1a8b4bb.mjs:638:26)
    at UsersComponent.open [as openPopup] (C:\Angular project-2\codebook\src\app\pages\users\users.component.ts:89:17)
    at C:\Angular project-2\codebook\src\app\pages\users\users.component.spec.ts:194:17
    at _ZoneDelegate.invoke (C:\Angular project-2\codebook\node_modules\zone.js\bundles\zone.umd.js:416:32)
    at ProxyZoneSpec.Object.<anonymous>.ProxyZoneSpec.onInvoke (C:\Angular project-2\codebook\node_modules\zone.js\bundles\zone-testing.umd.js:2177:43)
    at _ZoneDelegate.invoke (C:\Angular project-2\codebook\node_modules\zone.js\bundles\zone.umd.js:415:38)
    at ZoneImpl.run (C:\Angular project-2\codebook\node_modules\zone.js\bundles\zone.umd.js:147:47)
    at Object.wrappedFunc (C:\Angular project-2\codebook\node_modules\zone.js\bundles\zone-testing.umd.js:450:38)
    at Promise.then.completed (C:\Angular project-2\codebook\node_modules\jest-circus\build\utils.js:298:28)
    at new Promise (<anonymous>)
    at callAsyncCircusFn (C:\Angular project-2\codebook\node_modules\jest-circus\build\utils.js:231:10)
    at _callCircusTest (C:\Angular project-2\codebook\node_modules\jest-circus\build\run.js:316:40)
    at processTicksAndRejections (node:internal/process/task_queues:105:5)
    at _runTest (C:\Angular project-2\codebook\node_modules\jest-circus\build\run.js:252:3)
    at _runTestsForDescribeBlock (C:\Angular project-2\codebook\node_modules\jest-circus\build\run.js:126:9)
    at _runTestsForDescribeBlock (C:\Angular project-2\codebook\node_modules\jest-circus\build\run.js:121:9)
    at _runTestsForDescribeBlock (C:\Angular project-2\codebook\node_modules\jest-circus\build\run.js:121:9)
    at run (C:\Angular project-2\codebook\node_modules\jest-circus\build\run.js:71:3)
    at runAndTransformResultsToJestFormat (C:\Angular project-2\codebook\node_modules\jest-circus\build\legacy-code-todo-rewrite\jestAdapterInit.js:122:21)]]></failure>
    </testCase>
    <testCase name="UsersComponent Filtering should apply filter when search term changes with paginator" duration="716">
      <failure message="TypeError: Cannot read properties of undefined (reading &apos;firstPage&apos;)"><![CDATA[TypeError: Cannot read properties of undefined (reading 'firstPage')
    at C:\Angular project-2\codebook\src\app\pages\users\users.component.spec.ts:212:46
    at _ZoneDelegate.invoke (C:\Angular project-2\codebook\node_modules\zone.js\bundles\zone.umd.js:416:32)
    at ProxyZoneSpec.Object.<anonymous>.ProxyZoneSpec.onInvoke (C:\Angular project-2\codebook\node_modules\zone.js\bundles\zone-testing.umd.js:2177:43)
    at _ZoneDelegate.invoke (C:\Angular project-2\codebook\node_modules\zone.js\bundles\zone.umd.js:415:38)
    at ZoneImpl.run (C:\Angular project-2\codebook\node_modules\zone.js\bundles\zone.umd.js:147:47)
    at Object.wrappedFunc (C:\Angular project-2\codebook\node_modules\zone.js\bundles\zone-testing.umd.js:450:38)
    at Promise.then.completed (C:\Angular project-2\codebook\node_modules\jest-circus\build\utils.js:298:28)
    at new Promise (<anonymous>)
    at callAsyncCircusFn (C:\Angular project-2\codebook\node_modules\jest-circus\build\utils.js:231:10)
    at _callCircusTest (C:\Angular project-2\codebook\node_modules\jest-circus\build\run.js:316:40)
    at processTicksAndRejections (node:internal/process/task_queues:105:5)
    at _runTest (C:\Angular project-2\codebook\node_modules\jest-circus\build\run.js:252:3)
    at _runTestsForDescribeBlock (C:\Angular project-2\codebook\node_modules\jest-circus\build\run.js:126:9)
    at _runTestsForDescribeBlock (C:\Angular project-2\codebook\node_modules\jest-circus\build\run.js:121:9)
    at _runTestsForDescribeBlock (C:\Angular project-2\codebook\node_modules\jest-circus\build\run.js:121:9)
    at run (C:\Angular project-2\codebook\node_modules\jest-circus\build\run.js:71:3)
    at runAndTransformResultsToJestFormat (C:\Angular project-2\codebook\node_modules\jest-circus\build\legacy-code-todo-rewrite\jestAdapterInit.js:122:21)]]></failure>
    </testCase>
    <testCase name="UsersComponent Filtering should apply filter when search term changes without paginator" duration="724">
      <failure message="Error: expect(jest.fn()).toHaveBeenCalled()"><![CDATA[Error: expect(jest.fn()).toHaveBeenCalled()

Expected number of calls: >= 1
Received number of calls:    0
    at C:\Angular project-2\codebook\src\app\pages\users\users.component.spec.ts:222:37
    at _ZoneDelegate.invoke (C:\Angular project-2\codebook\node_modules\zone.js\bundles\zone.umd.js:416:32)
    at ProxyZoneSpec.Object.<anonymous>.ProxyZoneSpec.onInvoke (C:\Angular project-2\codebook\node_modules\zone.js\bundles\zone-testing.umd.js:2177:43)
    at _ZoneDelegate.invoke (C:\Angular project-2\codebook\node_modules\zone.js\bundles\zone.umd.js:415:38)
    at ZoneImpl.run (C:\Angular project-2\codebook\node_modules\zone.js\bundles\zone.umd.js:147:47)
    at Object.wrappedFunc (C:\Angular project-2\codebook\node_modules\zone.js\bundles\zone-testing.umd.js:450:38)
    at Promise.then.completed (C:\Angular project-2\codebook\node_modules\jest-circus\build\utils.js:298:28)
    at new Promise (<anonymous>)
    at callAsyncCircusFn (C:\Angular project-2\codebook\node_modules\jest-circus\build\utils.js:231:10)
    at _callCircusTest (C:\Angular project-2\codebook\node_modules\jest-circus\build\run.js:316:40)
    at processTicksAndRejections (node:internal/process/task_queues:105:5)
    at _runTest (C:\Angular project-2\codebook\node_modules\jest-circus\build\run.js:252:3)
    at _runTestsForDescribeBlock (C:\Angular project-2\codebook\node_modules\jest-circus\build\run.js:126:9)
    at _runTestsForDescribeBlock (C:\Angular project-2\codebook\node_modules\jest-circus\build\run.js:121:9)
    at _runTestsForDescribeBlock (C:\Angular project-2\codebook\node_modules\jest-circus\build\run.js:121:9)
    at run (C:\Angular project-2\codebook\node_modules\jest-circus\build\run.js:71:3)
    at runAndTransformResultsToJestFormat (C:\Angular project-2\codebook\node_modules\jest-circus\build\legacy-code-todo-rewrite\jestAdapterInit.js:122:21)]]></failure>
    </testCase>
    <testCase name="UsersComponent Filtering should filter dataSource based on search term" duration="227"/>
    <testCase name="UsersComponent Pagination should initialize paginator with correct pageSizeOptions and pageSize" duration="120"/>
    <testCase name="UsersComponent Pagination should slice data correctly based on paginator" duration="784"/>
    <testCase name="UsersComponent Template Interactions should display users in table view on desktop" duration="877"/>
    <testCase name="UsersComponent Template Interactions should display users in card view on mobile" duration="898"/>
    <testCase name="UsersComponent Template Interactions should trigger addUser when clicking Add New button" duration="845"/>
    <testCase name="UsersComponent Template Interactions should trigger editUser when clicking Edit button" duration="688"/>
    <testCase name="UsersComponent Template Interactions should trigger deleteUser when clicking Delete button" duration="584"/>
    <testCase name="UsersComponent Template Interactions should apply filter when typing in search input" duration="426"/>
    <testCase name="UsersComponent Dark Mode should apply dark-theme class when darkModeService.isDarkMode is true" duration="551"/>
    <testCase name="UsersComponent Dark Mode should not apply dark-theme class when darkModeService.isDarkMode is false" duration="733"/>
    <testCase name="UsersComponent Lifecycle Hooks should log on ngOnInit" duration="142">
      <failure message="Error: expect(jest.fn()).toHaveBeenCalledWith(...expected)"><![CDATA[Error: expect(jest.fn()).toHaveBeenCalledWith(...expected)

Expected: "Initializing UsersComponent"
Received
       1: "Destroying UsersComponent"
       2: "Destroying UsersComponent"
       3: "Destroying UsersComponent"

Number of calls: 21
    at C:\Angular project-2\codebook\src\app\pages\users\users.component.spec.ts:319:29
    at _ZoneDelegate.invoke (C:\Angular project-2\codebook\node_modules\zone.js\bundles\zone.umd.js:416:32)
    at ProxyZoneSpec.Object.<anonymous>.ProxyZoneSpec.onInvoke (C:\Angular project-2\codebook\node_modules\zone.js\bundles\zone-testing.umd.js:2177:43)
    at _ZoneDelegate.invoke (C:\Angular project-2\codebook\node_modules\zone.js\bundles\zone.umd.js:415:38)
    at ZoneImpl.run (C:\Angular project-2\codebook\node_modules\zone.js\bundles\zone.umd.js:147:47)
    at Object.wrappedFunc (C:\Angular project-2\codebook\node_modules\zone.js\bundles\zone-testing.umd.js:450:38)
    at Promise.then.completed (C:\Angular project-2\codebook\node_modules\jest-circus\build\utils.js:298:28)
    at new Promise (<anonymous>)
    at callAsyncCircusFn (C:\Angular project-2\codebook\node_modules\jest-circus\build\utils.js:231:10)
    at _callCircusTest (C:\Angular project-2\codebook\node_modules\jest-circus\build\run.js:316:40)
    at processTicksAndRejections (node:internal/process/task_queues:105:5)
    at _runTest (C:\Angular project-2\codebook\node_modules\jest-circus\build\run.js:252:3)
    at _runTestsForDescribeBlock (C:\Angular project-2\codebook\node_modules\jest-circus\build\run.js:126:9)
    at _runTestsForDescribeBlock (C:\Angular project-2\codebook\node_modules\jest-circus\build\run.js:121:9)
    at _runTestsForDescribeBlock (C:\Angular project-2\codebook\node_modules\jest-circus\build\run.js:121:9)
    at run (C:\Angular project-2\codebook\node_modules\jest-circus\build\run.js:71:3)
    at runAndTransformResultsToJestFormat (C:\Angular project-2\codebook\node_modules\jest-circus\build\legacy-code-todo-rewrite\jestAdapterInit.js:122:21)]]></failure>
    </testCase>
    <testCase name="UsersComponent Lifecycle Hooks should log on ngOnDestroy" duration="173"/>
  </file>
  <file path="C:\Angular project-2\codebook\src\app\services\responsive\responsive.service.spec.ts">
    <testCase name="ResponsiveService currentBreakpoint should return &quot;xsmall&quot; when XSmall breakpoint is matched" duration="47"/>
    <testCase name="ResponsiveService currentBreakpoint should return &quot;small&quot; when Small breakpoint is matched" duration="19"/>
    <testCase name="ResponsiveService currentBreakpoint should return &quot;medium&quot; when Medium breakpoint is matched" duration="12"/>
    <testCase name="ResponsiveService currentBreakpoint should return &quot;large&quot; when Large breakpoint is matched" duration="13"/>
    <testCase name="ResponsiveService currentBreakpoint should return &quot;xlarge&quot; when XLarge breakpoint is matched" duration="11"/>
    <testCase name="ResponsiveService currentBreakpoint should return &quot;xlarge&quot; when no breakpoints are matched" duration="10"/>
    <testCase name="ResponsiveService isMobile should return true when XSmall breakpoint is matched" duration="10"/>
    <testCase name="ResponsiveService isMobile should return false when XSmall breakpoint is not matched" duration="13"/>
    <testCase name="ResponsiveService isTablet should return true when Small breakpoint is matched" duration="10"/>
    <testCase name="ResponsiveService isTablet should return true when Medium breakpoint is matched" duration="10"/>
    <testCase name="ResponsiveService isTablet should return false when neither Small nor Medium breakpoints are matched" duration="11"/>
    <testCase name="ResponsiveService isDesktop should return true when Large breakpoint is matched" duration="14"/>
    <testCase name="ResponsiveService isDesktop should return true when XLarge breakpoint is matched" duration="12"/>
    <testCase name="ResponsiveService isDesktop should return false when neither Large nor XLarge breakpoints are matched" duration="10"/>
  </file>
  <file path="C:\Angular project-2\codebook\src\app\services\theme\theme.service.spec.ts">
    <testCase name="ThemeService Initialization should initialize with deep-blue theme" duration="46">
      <failure message="Error: expect(jest.fn()).toHaveBeenCalledWith(...expected)"><![CDATA[Error: expect(jest.fn()).toHaveBeenCalledWith(...expected)

Expected: "deep-blue-light-theme"

Number of calls: 0
    at C:\Angular project-2\codebook\src\app\services\theme\theme.service.spec.ts:58:43
    at _ZoneDelegate.invoke (C:\Angular project-2\codebook\node_modules\zone.js\bundles\zone.umd.js:416:32)
    at ProxyZoneSpec.Object.<anonymous>.ProxyZoneSpec.onInvoke (C:\Angular project-2\codebook\node_modules\zone.js\bundles\zone-testing.umd.js:2177:43)
    at _ZoneDelegate.invoke (C:\Angular project-2\codebook\node_modules\zone.js\bundles\zone.umd.js:415:38)
    at ZoneImpl.run (C:\Angular project-2\codebook\node_modules\zone.js\bundles\zone.umd.js:147:47)
    at Object.wrappedFunc (C:\Angular project-2\codebook\node_modules\zone.js\bundles\zone-testing.umd.js:450:38)
    at Promise.then.completed (C:\Angular project-2\codebook\node_modules\jest-circus\build\utils.js:298:28)
    at new Promise (<anonymous>)
    at callAsyncCircusFn (C:\Angular project-2\codebook\node_modules\jest-circus\build\utils.js:231:10)
    at _callCircusTest (C:\Angular project-2\codebook\node_modules\jest-circus\build\run.js:316:40)
    at processTicksAndRejections (node:internal/process/task_queues:105:5)
    at _runTest (C:\Angular project-2\codebook\node_modules\jest-circus\build\run.js:252:3)
    at _runTestsForDescribeBlock (C:\Angular project-2\codebook\node_modules\jest-circus\build\run.js:126:9)
    at _runTestsForDescribeBlock (C:\Angular project-2\codebook\node_modules\jest-circus\build\run.js:121:9)
    at _runTestsForDescribeBlock (C:\Angular project-2\codebook\node_modules\jest-circus\build\run.js:121:9)
    at run (C:\Angular project-2\codebook\node_modules\jest-circus\build\run.js:71:3)
    at runAndTransformResultsToJestFormat (C:\Angular project-2\codebook\node_modules\jest-circus\build\legacy-code-todo-rewrite\jestAdapterInit.js:122:21)]]></failure>
    </testCase>
    <testCase name="ThemeService Initialization should remove all theme classes during initialization" duration="14">
      <failure message="Error: expect(jest.fn()).toHaveBeenCalledWith(...expected)"><![CDATA[Error: expect(jest.fn()).toHaveBeenCalledWith(...expected)

Expected: "deep-blue-dark-theme", "deep-blue-light-theme", "green-dark-theme", "green-light-theme", "orange-dark-theme", "orange-light-theme", "purple-dark-theme", "purple-light-theme", "red-dark-theme", "red-light-theme"

Number of calls: 0
    at C:\Angular project-2\codebook\src\app\services\theme\theme.service.spec.ts:71:46
    at _ZoneDelegate.invoke (C:\Angular project-2\codebook\node_modules\zone.js\bundles\zone.umd.js:416:32)
    at ProxyZoneSpec.Object.<anonymous>.ProxyZoneSpec.onInvoke (C:\Angular project-2\codebook\node_modules\zone.js\bundles\zone-testing.umd.js:2177:43)
    at _ZoneDelegate.invoke (C:\Angular project-2\codebook\node_modules\zone.js\bundles\zone.umd.js:415:38)
    at ZoneImpl.run (C:\Angular project-2\codebook\node_modules\zone.js\bundles\zone.umd.js:147:47)
    at Object.wrappedFunc (C:\Angular project-2\codebook\node_modules\zone.js\bundles\zone-testing.umd.js:450:38)
    at Promise.then.completed (C:\Angular project-2\codebook\node_modules\jest-circus\build\utils.js:298:28)
    at new Promise (<anonymous>)
    at callAsyncCircusFn (C:\Angular project-2\codebook\node_modules\jest-circus\build\utils.js:231:10)
    at _callCircusTest (C:\Angular project-2\codebook\node_modules\jest-circus\build\run.js:316:40)
    at processTicksAndRejections (node:internal/process/task_queues:105:5)
    at _runTest (C:\Angular project-2\codebook\node_modules\jest-circus\build\run.js:252:3)
    at _runTestsForDescribeBlock (C:\Angular project-2\codebook\node_modules\jest-circus\build\run.js:126:9)
    at _runTestsForDescribeBlock (C:\Angular project-2\codebook\node_modules\jest-circus\build\run.js:121:9)
    at _runTestsForDescribeBlock (C:\Angular project-2\codebook\node_modules\jest-circus\build\run.js:121:9)
    at run (C:\Angular project-2\codebook\node_modules\jest-circus\build\run.js:71:3)
    at runAndTransformResultsToJestFormat (C:\Angular project-2\codebook\node_modules\jest-circus\build\legacy-code-todo-rewrite\jestAdapterInit.js:122:21)]]></failure>
    </testCase>
    <testCase name="ThemeService getThemes should return the list of themes" duration="17"/>
    <testCase name="ThemeService setTheme should set theme to green and apply light theme class when not in dark mode" duration="19"/>
    <testCase name="ThemeService setTheme should set theme to purple and apply dark theme class when in dark mode" duration="27"/>
    <testCase name="ThemeService setTheme should not change theme if themeId is invalid" duration="15">
      <failure message="Error: expect(jest.fn()).toHaveBeenCalledTimes(expected)"><![CDATA[Error: expect(jest.fn()).toHaveBeenCalledTimes(expected)

Expected number of calls: 1
Received number of calls: 0
    at C:\Angular project-2\codebook\src\app\services\theme\theme.service.spec.ts:168:43
    at _ZoneDelegate.invoke (C:\Angular project-2\codebook\node_modules\zone.js\bundles\zone.umd.js:416:32)
    at ProxyZoneSpec.Object.<anonymous>.ProxyZoneSpec.onInvoke (C:\Angular project-2\codebook\node_modules\zone.js\bundles\zone-testing.umd.js:2177:43)
    at _ZoneDelegate.invoke (C:\Angular project-2\codebook\node_modules\zone.js\bundles\zone.umd.js:415:38)
    at ZoneImpl.run (C:\Angular project-2\codebook\node_modules\zone.js\bundles\zone.umd.js:147:47)
    at Object.wrappedFunc (C:\Angular project-2\codebook\node_modules\zone.js\bundles\zone-testing.umd.js:450:38)
    at Promise.then.completed (C:\Angular project-2\codebook\node_modules\jest-circus\build\utils.js:298:28)
    at new Promise (<anonymous>)
    at callAsyncCircusFn (C:\Angular project-2\codebook\node_modules\jest-circus\build\utils.js:231:10)
    at _callCircusTest (C:\Angular project-2\codebook\node_modules\jest-circus\build\run.js:316:40)
    at processTicksAndRejections (node:internal/process/task_queues:105:5)
    at _runTest (C:\Angular project-2\codebook\node_modules\jest-circus\build\run.js:252:3)
    at _runTestsForDescribeBlock (C:\Angular project-2\codebook\node_modules\jest-circus\build\run.js:126:9)
    at _runTestsForDescribeBlock (C:\Angular project-2\codebook\node_modules\jest-circus\build\run.js:121:9)
    at _runTestsForDescribeBlock (C:\Angular project-2\codebook\node_modules\jest-circus\build\run.js:121:9)
    at run (C:\Angular project-2\codebook\node_modules\jest-circus\build\run.js:71:3)
    at runAndTransformResultsToJestFormat (C:\Angular project-2\codebook\node_modules\jest-circus\build\legacy-code-todo-rewrite\jestAdapterInit.js:122:21)]]></failure>
    </testCase>
    <testCase name="ThemeService applyCurrentTheme should apply light theme class when not in dark mode" duration="19"/>
    <testCase name="ThemeService applyCurrentTheme should apply dark theme class when in dark mode" duration="15"/>
    <testCase name="ThemeService Effect should reapply theme when dark mode changes" duration="20"/>
    <testCase name="ThemeService Effect should call applyCurrentTheme when effect is triggered" duration="13"/>
  </file>
  <file path="C:\Angular project-2\codebook\src\app\app.component.spec.ts">
    <testCase name="AppComponent should create the component" duration="1809"/>
    <testCase name="AppComponent Initial State should initialize with default title, collapsed, and currentLanguage" duration="300"/>
    <testCase name="AppComponent Initial State should inject services" duration="249"/>
    <testCase name="AppComponent Template Rendering should render toolbar with title and buttons" duration="284">
      <failure message="Error: expect(received).toContain(expected) // indexOf"><![CDATA[Error: expect(received).toContain(expected) // indexOf

Expected substring: "Code Book"
Received string:    ""
    at C:\Angular project-2\codebook\src\app\app.component.spec.ts:165:57
    at _ZoneDelegate.invoke (C:\Angular project-2\codebook\node_modules\zone.js\bundles\zone.umd.js:416:32)
    at ProxyZoneSpec.Object.<anonymous>.ProxyZoneSpec.onInvoke (C:\Angular project-2\codebook\node_modules\zone.js\bundles\zone-testing.umd.js:2177:43)
    at _ZoneDelegate.invoke (C:\Angular project-2\codebook\node_modules\zone.js\bundles\zone.umd.js:415:38)
    at ZoneImpl.run (C:\Angular project-2\codebook\node_modules\zone.js\bundles\zone.umd.js:147:47)
    at Object.wrappedFunc (C:\Angular project-2\codebook\node_modules\zone.js\bundles\zone-testing.umd.js:450:38)
    at Promise.then.completed (C:\Angular project-2\codebook\node_modules\jest-circus\build\utils.js:298:28)
    at new Promise (<anonymous>)
    at callAsyncCircusFn (C:\Angular project-2\codebook\node_modules\jest-circus\build\utils.js:231:10)
    at _callCircusTest (C:\Angular project-2\codebook\node_modules\jest-circus\build\run.js:316:40)
    at _runTest (C:\Angular project-2\codebook\node_modules\jest-circus\build\run.js:252:3)
    at _runTestsForDescribeBlock (C:\Angular project-2\codebook\node_modules\jest-circus\build\run.js:126:9)
    at _runTestsForDescribeBlock (C:\Angular project-2\codebook\node_modules\jest-circus\build\run.js:121:9)
    at _runTestsForDescribeBlock (C:\Angular project-2\codebook\node_modules\jest-circus\build\run.js:121:9)
    at run (C:\Angular project-2\codebook\node_modules\jest-circus\build\run.js:71:3)
    at runAndTransformResultsToJestFormat (C:\Angular project-2\codebook\node_modules\jest-circus\build\legacy-code-todo-rewrite\jestAdapterInit.js:122:21)]]></failure>
    </testCase>
    <testCase name="AppComponent Template Rendering should render sidenav with CustomSidenavComponent" duration="289"/>
    <testCase name="AppComponent Template Rendering should render router-outlet in sidenav-content" duration="316"/>
    <testCase name="AppComponent Template Rendering should render footer with copyright and links" duration="282"/>
    <testCase name="AppComponent Template Rendering should apply dark-theme class when dark mode is enabled" duration="255"/>
    <testCase name="AppComponent Computed Signals should compute sidenavWidth based on collapsed and isMobile" duration="251">
      <failure message="Error: expect(received).toBe(expected) // Object.is equality"><![CDATA[Error: expect(received).toBe(expected) // Object.is equality

Expected: "280px"
Received: "200px"
    at C:\Angular project-2\codebook\src\app\app.component.spec.ts:209:40
    at _ZoneDelegate.invoke (C:\Angular project-2\codebook\node_modules\zone.js\bundles\zone.umd.js:416:32)
    at ProxyZoneSpec.Object.<anonymous>.ProxyZoneSpec.onInvoke (C:\Angular project-2\codebook\node_modules\zone.js\bundles\zone-testing.umd.js:2177:43)
    at _ZoneDelegate.invoke (C:\Angular project-2\codebook\node_modules\zone.js\bundles\zone.umd.js:415:38)
    at ZoneImpl.run (C:\Angular project-2\codebook\node_modules\zone.js\bundles\zone.umd.js:147:47)
    at Object.wrappedFunc (C:\Angular project-2\codebook\node_modules\zone.js\bundles\zone-testing.umd.js:450:38)
    at Promise.then.completed (C:\Angular project-2\codebook\node_modules\jest-circus\build\utils.js:298:28)
    at new Promise (<anonymous>)
    at callAsyncCircusFn (C:\Angular project-2\codebook\node_modules\jest-circus\build\utils.js:231:10)
    at _callCircusTest (C:\Angular project-2\codebook\node_modules\jest-circus\build\run.js:316:40)
    at _runTest (C:\Angular project-2\codebook\node_modules\jest-circus\build\run.js:252:3)
    at _runTestsForDescribeBlock (C:\Angular project-2\codebook\node_modules\jest-circus\build\run.js:126:9)
    at _runTestsForDescribeBlock (C:\Angular project-2\codebook\node_modules\jest-circus\build\run.js:121:9)
    at _runTestsForDescribeBlock (C:\Angular project-2\codebook\node_modules\jest-circus\build\run.js:121:9)
    at run (C:\Angular project-2\codebook\node_modules\jest-circus\build\run.js:71:3)
    at runAndTransformResultsToJestFormat (C:\Angular project-2\codebook\node_modules\jest-circus\build\legacy-code-todo-rewrite\jestAdapterInit.js:122:21)]]></failure>
    </testCase>
    <testCase name="AppComponent Computed Signals should compute sidenavMode based on isMobile" duration="204">
      <failure message="Error: expect(received).toBe(expected) // Object.is equality"><![CDATA[Error: expect(received).toBe(expected) // Object.is equality

Expected: "over"
Received: "side"
    at C:\Angular project-2\codebook\src\app\app.component.spec.ts:215:39
    at _ZoneDelegate.invoke (C:\Angular project-2\codebook\node_modules\zone.js\bundles\zone.umd.js:416:32)
    at ProxyZoneSpec.Object.<anonymous>.ProxyZoneSpec.onInvoke (C:\Angular project-2\codebook\node_modules\zone.js\bundles\zone-testing.umd.js:2177:43)
    at _ZoneDelegate.invoke (C:\Angular project-2\codebook\node_modules\zone.js\bundles\zone.umd.js:415:38)
    at ZoneImpl.run (C:\Angular project-2\codebook\node_modules\zone.js\bundles\zone.umd.js:147:47)
    at Object.wrappedFunc (C:\Angular project-2\codebook\node_modules\zone.js\bundles\zone-testing.umd.js:450:38)
    at Promise.then.completed (C:\Angular project-2\codebook\node_modules\jest-circus\build\utils.js:298:28)
    at new Promise (<anonymous>)
    at callAsyncCircusFn (C:\Angular project-2\codebook\node_modules\jest-circus\build\utils.js:231:10)
    at _callCircusTest (C:\Angular project-2\codebook\node_modules\jest-circus\build\run.js:316:40)
    at _runTest (C:\Angular project-2\codebook\node_modules\jest-circus\build\run.js:252:3)
    at _runTestsForDescribeBlock (C:\Angular project-2\codebook\node_modules\jest-circus\build\run.js:126:9)
    at _runTestsForDescribeBlock (C:\Angular project-2\codebook\node_modules\jest-circus\build\run.js:121:9)
    at _runTestsForDescribeBlock (C:\Angular project-2\codebook\node_modules\jest-circus\build\run.js:121:9)
    at run (C:\Angular project-2\codebook\node_modules\jest-circus\build\run.js:71:3)
    at runAndTransformResultsToJestFormat (C:\Angular project-2\codebook\node_modules\jest-circus\build\legacy-code-todo-rewrite\jestAdapterInit.js:122:21)]]></failure>
    </testCase>
    <testCase name="AppComponent Computed Signals should compute sidenavOpened based on isMobile and collapsed" duration="248">
      <failure message="Error: expect(received).toBe(expected) // Object.is equality"><![CDATA[Error: expect(received).toBe(expected) // Object.is equality

Expected: false
Received: true
    at C:\Angular project-2\codebook\src\app\app.component.spec.ts:223:41
    at _ZoneDelegate.invoke (C:\Angular project-2\codebook\node_modules\zone.js\bundles\zone.umd.js:416:32)
    at ProxyZoneSpec.Object.<anonymous>.ProxyZoneSpec.onInvoke (C:\Angular project-2\codebook\node_modules\zone.js\bundles\zone-testing.umd.js:2177:43)
    at _ZoneDelegate.invoke (C:\Angular project-2\codebook\node_modules\zone.js\bundles\zone.umd.js:415:38)
    at ZoneImpl.run (C:\Angular project-2\codebook\node_modules\zone.js\bundles\zone.umd.js:147:47)
    at Object.wrappedFunc (C:\Angular project-2\codebook\node_modules\zone.js\bundles\zone-testing.umd.js:450:38)
    at Promise.then.completed (C:\Angular project-2\codebook\node_modules\jest-circus\build\utils.js:298:28)
    at new Promise (<anonymous>)
    at callAsyncCircusFn (C:\Angular project-2\codebook\node_modules\jest-circus\build\utils.js:231:10)
    at _callCircusTest (C:\Angular project-2\codebook\node_modules\jest-circus\build\run.js:316:40)
    at _runTest (C:\Angular project-2\codebook\node_modules\jest-circus\build\run.js:252:3)
    at _runTestsForDescribeBlock (C:\Angular project-2\codebook\node_modules\jest-circus\build\run.js:126:9)
    at _runTestsForDescribeBlock (C:\Angular project-2\codebook\node_modules\jest-circus\build\run.js:121:9)
    at _runTestsForDescribeBlock (C:\Angular project-2\codebook\node_modules\jest-circus\build\run.js:121:9)
    at run (C:\Angular project-2\codebook\node_modules\jest-circus\build\run.js:71:3)
    at runAndTransformResultsToJestFormat (C:\Angular project-2\codebook\node_modules\jest-circus\build\legacy-code-todo-rewrite\jestAdapterInit.js:122:21)]]></failure>
    </testCase>
    <testCase name="AppComponent toggleSidenav should toggle collapsed state" duration="186"/>
    <testCase name="AppComponent toggleSidenav should toggle sidenav when menu button is clicked" duration="242"/>
    <testCase name="AppComponent toggleSidenav should update sidenav width in UI" duration="214"/>
    <testCase name="AppComponent toggleFullScreen should request fullscreen when not in fullscreen" duration="240">
      <failure message="Error: Property `requestFullscreen` does not exist in the provided object"><![CDATA[Error: Property `requestFullscreen` does not exist in the provided object
    at ModuleMocker.spyOn (C:\Angular project-2\codebook\node_modules\jest-mock\build\index.js:731:13)
    at C:\Angular project-2\codebook\src\app\app.component.spec.ts:259:35
    at _ZoneDelegate.invoke (C:\Angular project-2\codebook\node_modules\zone.js\bundles\zone.umd.js:416:32)
    at ProxyZoneSpec.Object.<anonymous>.ProxyZoneSpec.onInvoke (C:\Angular project-2\codebook\node_modules\zone.js\bundles\zone-testing.umd.js:2177:43)
    at _ZoneDelegate.invoke (C:\Angular project-2\codebook\node_modules\zone.js\bundles\zone.umd.js:415:38)
    at ZoneImpl.run (C:\Angular project-2\codebook\node_modules\zone.js\bundles\zone.umd.js:147:47)
    at Object.wrappedFunc (C:\Angular project-2\codebook\node_modules\zone.js\bundles\zone-testing.umd.js:450:38)
    at Promise.then.completed (C:\Angular project-2\codebook\node_modules\jest-circus\build\utils.js:298:28)
    at new Promise (<anonymous>)
    at callAsyncCircusFn (C:\Angular project-2\codebook\node_modules\jest-circus\build\utils.js:231:10)
    at _callCircusHook (C:\Angular project-2\codebook\node_modules\jest-circus\build\run.js:281:40)
    at _runTest (C:\Angular project-2\codebook\node_modules\jest-circus\build\run.js:246:5)
    at _runTestsForDescribeBlock (C:\Angular project-2\codebook\node_modules\jest-circus\build\run.js:126:9)
    at _runTestsForDescribeBlock (C:\Angular project-2\codebook\node_modules\jest-circus\build\run.js:121:9)
    at _runTestsForDescribeBlock (C:\Angular project-2\codebook\node_modules\jest-circus\build\run.js:121:9)
    at run (C:\Angular project-2\codebook\node_modules\jest-circus\build\run.js:71:3)
    at runAndTransformResultsToJestFormat (C:\Angular project-2\codebook\node_modules\jest-circus\build\legacy-code-todo-rewrite\jestAdapterInit.js:122:21)]]></failure>
      <failure message="TypeError: Cannot read properties of undefined (reading &apos;mockRestore&apos;)"><![CDATA[TypeError: Cannot read properties of undefined (reading 'mockRestore')
    at C:\Angular project-2\codebook\src\app\app.component.spec.ts:275:28
    at _ZoneDelegate.invoke (C:\Angular project-2\codebook\node_modules\zone.js\bundles\zone.umd.js:416:32)
    at ProxyZoneSpec.Object.<anonymous>.ProxyZoneSpec.onInvoke (C:\Angular project-2\codebook\node_modules\zone.js\bundles\zone-testing.umd.js:2177:43)
    at _ZoneDelegate.invoke (C:\Angular project-2\codebook\node_modules\zone.js\bundles\zone.umd.js:415:38)
    at ZoneImpl.run (C:\Angular project-2\codebook\node_modules\zone.js\bundles\zone.umd.js:147:47)
    at Object.wrappedFunc (C:\Angular project-2\codebook\node_modules\zone.js\bundles\zone-testing.umd.js:450:38)
    at Promise.then.completed (C:\Angular project-2\codebook\node_modules\jest-circus\build\utils.js:298:28)
    at new Promise (<anonymous>)
    at callAsyncCircusFn (C:\Angular project-2\codebook\node_modules\jest-circus\build\utils.js:231:10)
    at _callCircusHook (C:\Angular project-2\codebook\node_modules\jest-circus\build\run.js:281:40)
    at _runTest (C:\Angular project-2\codebook\node_modules\jest-circus\build\run.js:254:5)
    at _runTestsForDescribeBlock (C:\Angular project-2\codebook\node_modules\jest-circus\build\run.js:126:9)
    at _runTestsForDescribeBlock (C:\Angular project-2\codebook\node_modules\jest-circus\build\run.js:121:9)
    at _runTestsForDescribeBlock (C:\Angular project-2\codebook\node_modules\jest-circus\build\run.js:121:9)
    at run (C:\Angular project-2\codebook\node_modules\jest-circus\build\run.js:71:3)
    at runAndTransformResultsToJestFormat (C:\Angular project-2\codebook\node_modules\jest-circus\build\legacy-code-todo-rewrite\jestAdapterInit.js:122:21)]]></failure>
    </testCase>
    <testCase name="AppComponent toggleFullScreen should exit fullscreen when in fullscreen and exitFullscreen is available" duration="248">
      <failure message="Error: Property `requestFullscreen` does not exist in the provided object"><![CDATA[Error: Property `requestFullscreen` does not exist in the provided object
    at ModuleMocker.spyOn (C:\Angular project-2\codebook\node_modules\jest-mock\build\index.js:731:13)
    at C:\Angular project-2\codebook\src\app\app.component.spec.ts:259:35
    at _ZoneDelegate.invoke (C:\Angular project-2\codebook\node_modules\zone.js\bundles\zone.umd.js:416:32)
    at ProxyZoneSpec.Object.<anonymous>.ProxyZoneSpec.onInvoke (C:\Angular project-2\codebook\node_modules\zone.js\bundles\zone-testing.umd.js:2177:43)
    at _ZoneDelegate.invoke (C:\Angular project-2\codebook\node_modules\zone.js\bundles\zone.umd.js:415:38)
    at ZoneImpl.run (C:\Angular project-2\codebook\node_modules\zone.js\bundles\zone.umd.js:147:47)
    at Object.wrappedFunc (C:\Angular project-2\codebook\node_modules\zone.js\bundles\zone-testing.umd.js:450:38)
    at Promise.then.completed (C:\Angular project-2\codebook\node_modules\jest-circus\build\utils.js:298:28)
    at new Promise (<anonymous>)
    at callAsyncCircusFn (C:\Angular project-2\codebook\node_modules\jest-circus\build\utils.js:231:10)
    at _callCircusHook (C:\Angular project-2\codebook\node_modules\jest-circus\build\run.js:281:40)
    at _runTest (C:\Angular project-2\codebook\node_modules\jest-circus\build\run.js:246:5)
    at _runTestsForDescribeBlock (C:\Angular project-2\codebook\node_modules\jest-circus\build\run.js:126:9)
    at _runTestsForDescribeBlock (C:\Angular project-2\codebook\node_modules\jest-circus\build\run.js:121:9)
    at _runTestsForDescribeBlock (C:\Angular project-2\codebook\node_modules\jest-circus\build\run.js:121:9)
    at run (C:\Angular project-2\codebook\node_modules\jest-circus\build\run.js:71:3)
    at runAndTransformResultsToJestFormat (C:\Angular project-2\codebook\node_modules\jest-circus\build\legacy-code-todo-rewrite\jestAdapterInit.js:122:21)]]></failure>
      <failure message="TypeError: Cannot read properties of undefined (reading &apos;mockRestore&apos;)"><![CDATA[TypeError: Cannot read properties of undefined (reading 'mockRestore')
    at C:\Angular project-2\codebook\src\app\app.component.spec.ts:275:28
    at _ZoneDelegate.invoke (C:\Angular project-2\codebook\node_modules\zone.js\bundles\zone.umd.js:416:32)
    at ProxyZoneSpec.Object.<anonymous>.ProxyZoneSpec.onInvoke (C:\Angular project-2\codebook\node_modules\zone.js\bundles\zone-testing.umd.js:2177:43)
    at _ZoneDelegate.invoke (C:\Angular project-2\codebook\node_modules\zone.js\bundles\zone.umd.js:415:38)
    at ZoneImpl.run (C:\Angular project-2\codebook\node_modules\zone.js\bundles\zone.umd.js:147:47)
    at Object.wrappedFunc (C:\Angular project-2\codebook\node_modules\zone.js\bundles\zone-testing.umd.js:450:38)
    at Promise.then.completed (C:\Angular project-2\codebook\node_modules\jest-circus\build\utils.js:298:28)
    at new Promise (<anonymous>)
    at callAsyncCircusFn (C:\Angular project-2\codebook\node_modules\jest-circus\build\utils.js:231:10)
    at _callCircusHook (C:\Angular project-2\codebook\node_modules\jest-circus\build\run.js:281:40)
    at _runTest (C:\Angular project-2\codebook\node_modules\jest-circus\build\run.js:254:5)
    at _runTestsForDescribeBlock (C:\Angular project-2\codebook\node_modules\jest-circus\build\run.js:126:9)
    at _runTestsForDescribeBlock (C:\Angular project-2\codebook\node_modules\jest-circus\build\run.js:121:9)
    at _runTestsForDescribeBlock (C:\Angular project-2\codebook\node_modules\jest-circus\build\run.js:121:9)
    at run (C:\Angular project-2\codebook\node_modules\jest-circus\build\run.js:71:3)
    at runAndTransformResultsToJestFormat (C:\Angular project-2\codebook\node_modules\jest-circus\build\legacy-code-todo-rewrite\jestAdapterInit.js:122:21)]]></failure>
    </testCase>
    <testCase name="AppComponent toggleFullScreen should not attempt to exit fullscreen when in fullscreen but exitFullscreen is undefined" duration="127">
      <failure message="Error: Property `requestFullscreen` does not exist in the provided object"><![CDATA[Error: Property `requestFullscreen` does not exist in the provided object
    at ModuleMocker.spyOn (C:\Angular project-2\codebook\node_modules\jest-mock\build\index.js:731:13)
    at C:\Angular project-2\codebook\src\app\app.component.spec.ts:259:35
    at _ZoneDelegate.invoke (C:\Angular project-2\codebook\node_modules\zone.js\bundles\zone.umd.js:416:32)
    at ProxyZoneSpec.Object.<anonymous>.ProxyZoneSpec.onInvoke (C:\Angular project-2\codebook\node_modules\zone.js\bundles\zone-testing.umd.js:2177:43)
    at _ZoneDelegate.invoke (C:\Angular project-2\codebook\node_modules\zone.js\bundles\zone.umd.js:415:38)
    at ZoneImpl.run (C:\Angular project-2\codebook\node_modules\zone.js\bundles\zone.umd.js:147:47)
    at Object.wrappedFunc (C:\Angular project-2\codebook\node_modules\zone.js\bundles\zone-testing.umd.js:450:38)
    at Promise.then.completed (C:\Angular project-2\codebook\node_modules\jest-circus\build\utils.js:298:28)
    at new Promise (<anonymous>)
    at callAsyncCircusFn (C:\Angular project-2\codebook\node_modules\jest-circus\build\utils.js:231:10)
    at _callCircusHook (C:\Angular project-2\codebook\node_modules\jest-circus\build\run.js:281:40)
    at _runTest (C:\Angular project-2\codebook\node_modules\jest-circus\build\run.js:246:5)
    at _runTestsForDescribeBlock (C:\Angular project-2\codebook\node_modules\jest-circus\build\run.js:126:9)
    at _runTestsForDescribeBlock (C:\Angular project-2\codebook\node_modules\jest-circus\build\run.js:121:9)
    at _runTestsForDescribeBlock (C:\Angular project-2\codebook\node_modules\jest-circus\build\run.js:121:9)
    at run (C:\Angular project-2\codebook\node_modules\jest-circus\build\run.js:71:3)
    at runAndTransformResultsToJestFormat (C:\Angular project-2\codebook\node_modules\jest-circus\build\legacy-code-todo-rewrite\jestAdapterInit.js:122:21)]]></failure>
      <failure message="TypeError: Cannot read properties of undefined (reading &apos;mockRestore&apos;)"><![CDATA[TypeError: Cannot read properties of undefined (reading 'mockRestore')
    at C:\Angular project-2\codebook\src\app\app.component.spec.ts:275:28
    at _ZoneDelegate.invoke (C:\Angular project-2\codebook\node_modules\zone.js\bundles\zone.umd.js:416:32)
    at ProxyZoneSpec.Object.<anonymous>.ProxyZoneSpec.onInvoke (C:\Angular project-2\codebook\node_modules\zone.js\bundles\zone-testing.umd.js:2177:43)
    at _ZoneDelegate.invoke (C:\Angular project-2\codebook\node_modules\zone.js\bundles\zone.umd.js:415:38)
    at ZoneImpl.run (C:\Angular project-2\codebook\node_modules\zone.js\bundles\zone.umd.js:147:47)
    at Object.wrappedFunc (C:\Angular project-2\codebook\node_modules\zone.js\bundles\zone-testing.umd.js:450:38)
    at Promise.then.completed (C:\Angular project-2\codebook\node_modules\jest-circus\build\utils.js:298:28)
    at new Promise (<anonymous>)
    at callAsyncCircusFn (C:\Angular project-2\codebook\node_modules\jest-circus\build\utils.js:231:10)
    at _callCircusHook (C:\Angular project-2\codebook\node_modules\jest-circus\build\run.js:281:40)
    at _runTest (C:\Angular project-2\codebook\node_modules\jest-circus\build\run.js:254:5)
    at _runTestsForDescribeBlock (C:\Angular project-2\codebook\node_modules\jest-circus\build\run.js:126:9)
    at _runTestsForDescribeBlock (C:\Angular project-2\codebook\node_modules\jest-circus\build\run.js:121:9)
    at _runTestsForDescribeBlock (C:\Angular project-2\codebook\node_modules\jest-circus\build\run.js:121:9)
    at run (C:\Angular project-2\codebook\node_modules\jest-circus\build\run.js:71:3)
    at runAndTransformResultsToJestFormat (C:\Angular project-2\codebook\node_modules\jest-circus\build\legacy-code-todo-rewrite\jestAdapterInit.js:122:21)]]></failure>
    </testCase>
    <testCase name="AppComponent toggleFullScreen should not attempt to exit fullscreen when in fullscreen but exitFullscreen is null" duration="131">
      <failure message="Error: Property `requestFullscreen` does not exist in the provided object"><![CDATA[Error: Property `requestFullscreen` does not exist in the provided object
    at ModuleMocker.spyOn (C:\Angular project-2\codebook\node_modules\jest-mock\build\index.js:731:13)
    at C:\Angular project-2\codebook\src\app\app.component.spec.ts:259:35
    at _ZoneDelegate.invoke (C:\Angular project-2\codebook\node_modules\zone.js\bundles\zone.umd.js:416:32)
    at ProxyZoneSpec.Object.<anonymous>.ProxyZoneSpec.onInvoke (C:\Angular project-2\codebook\node_modules\zone.js\bundles\zone-testing.umd.js:2177:43)
    at _ZoneDelegate.invoke (C:\Angular project-2\codebook\node_modules\zone.js\bundles\zone.umd.js:415:38)
    at ZoneImpl.run (C:\Angular project-2\codebook\node_modules\zone.js\bundles\zone.umd.js:147:47)
    at Object.wrappedFunc (C:\Angular project-2\codebook\node_modules\zone.js\bundles\zone-testing.umd.js:450:38)
    at Promise.then.completed (C:\Angular project-2\codebook\node_modules\jest-circus\build\utils.js:298:28)
    at new Promise (<anonymous>)
    at callAsyncCircusFn (C:\Angular project-2\codebook\node_modules\jest-circus\build\utils.js:231:10)
    at _callCircusHook (C:\Angular project-2\codebook\node_modules\jest-circus\build\run.js:281:40)
    at _runTest (C:\Angular project-2\codebook\node_modules\jest-circus\build\run.js:246:5)
    at _runTestsForDescribeBlock (C:\Angular project-2\codebook\node_modules\jest-circus\build\run.js:126:9)
    at _runTestsForDescribeBlock (C:\Angular project-2\codebook\node_modules\jest-circus\build\run.js:121:9)
    at _runTestsForDescribeBlock (C:\Angular project-2\codebook\node_modules\jest-circus\build\run.js:121:9)
    at run (C:\Angular project-2\codebook\node_modules\jest-circus\build\run.js:71:3)
    at runAndTransformResultsToJestFormat (C:\Angular project-2\codebook\node_modules\jest-circus\build\legacy-code-todo-rewrite\jestAdapterInit.js:122:21)]]></failure>
      <failure message="TypeError: Cannot read properties of undefined (reading &apos;mockRestore&apos;)"><![CDATA[TypeError: Cannot read properties of undefined (reading 'mockRestore')
    at C:\Angular project-2\codebook\src\app\app.component.spec.ts:275:28
    at _ZoneDelegate.invoke (C:\Angular project-2\codebook\node_modules\zone.js\bundles\zone.umd.js:416:32)
    at ProxyZoneSpec.Object.<anonymous>.ProxyZoneSpec.onInvoke (C:\Angular project-2\codebook\node_modules\zone.js\bundles\zone-testing.umd.js:2177:43)
    at _ZoneDelegate.invoke (C:\Angular project-2\codebook\node_modules\zone.js\bundles\zone.umd.js:415:38)
    at ZoneImpl.run (C:\Angular project-2\codebook\node_modules\zone.js\bundles\zone.umd.js:147:47)
    at Object.wrappedFunc (C:\Angular project-2\codebook\node_modules\zone.js\bundles\zone-testing.umd.js:450:38)
    at Promise.then.completed (C:\Angular project-2\codebook\node_modules\jest-circus\build\utils.js:298:28)
    at new Promise (<anonymous>)
    at callAsyncCircusFn (C:\Angular project-2\codebook\node_modules\jest-circus\build\utils.js:231:10)
    at _callCircusHook (C:\Angular project-2\codebook\node_modules\jest-circus\build\run.js:281:40)
    at _runTest (C:\Angular project-2\codebook\node_modules\jest-circus\build\run.js:254:5)
    at _runTestsForDescribeBlock (C:\Angular project-2\codebook\node_modules\jest-circus\build\run.js:126:9)
    at _runTestsForDescribeBlock (C:\Angular project-2\codebook\node_modules\jest-circus\build\run.js:121:9)
    at _runTestsForDescribeBlock (C:\Angular project-2\codebook\node_modules\jest-circus\build\run.js:121:9)
    at run (C:\Angular project-2\codebook\node_modules\jest-circus\build\run.js:71:3)
    at runAndTransformResultsToJestFormat (C:\Angular project-2\codebook\node_modules\jest-circus\build\legacy-code-todo-rewrite\jestAdapterInit.js:122:21)]]></failure>
    </testCase>
    <testCase name="AppComponent toggleFullScreen should log error when fullscreen request fails" duration="176">
      <failure message="Error: Property `requestFullscreen` does not exist in the provided object"><![CDATA[Error: Property `requestFullscreen` does not exist in the provided object
    at ModuleMocker.spyOn (C:\Angular project-2\codebook\node_modules\jest-mock\build\index.js:731:13)
    at C:\Angular project-2\codebook\src\app\app.component.spec.ts:259:35
    at _ZoneDelegate.invoke (C:\Angular project-2\codebook\node_modules\zone.js\bundles\zone.umd.js:416:32)
    at ProxyZoneSpec.Object.<anonymous>.ProxyZoneSpec.onInvoke (C:\Angular project-2\codebook\node_modules\zone.js\bundles\zone-testing.umd.js:2177:43)
    at _ZoneDelegate.invoke (C:\Angular project-2\codebook\node_modules\zone.js\bundles\zone.umd.js:415:38)
    at ZoneImpl.run (C:\Angular project-2\codebook\node_modules\zone.js\bundles\zone.umd.js:147:47)
    at Object.wrappedFunc (C:\Angular project-2\codebook\node_modules\zone.js\bundles\zone-testing.umd.js:450:38)
    at Promise.then.completed (C:\Angular project-2\codebook\node_modules\jest-circus\build\utils.js:298:28)
    at new Promise (<anonymous>)
    at callAsyncCircusFn (C:\Angular project-2\codebook\node_modules\jest-circus\build\utils.js:231:10)
    at _callCircusHook (C:\Angular project-2\codebook\node_modules\jest-circus\build\run.js:281:40)
    at _runTest (C:\Angular project-2\codebook\node_modules\jest-circus\build\run.js:246:5)
    at _runTestsForDescribeBlock (C:\Angular project-2\codebook\node_modules\jest-circus\build\run.js:126:9)
    at _runTestsForDescribeBlock (C:\Angular project-2\codebook\node_modules\jest-circus\build\run.js:121:9)
    at _runTestsForDescribeBlock (C:\Angular project-2\codebook\node_modules\jest-circus\build\run.js:121:9)
    at run (C:\Angular project-2\codebook\node_modules\jest-circus\build\run.js:71:3)
    at runAndTransformResultsToJestFormat (C:\Angular project-2\codebook\node_modules\jest-circus\build\legacy-code-todo-rewrite\jestAdapterInit.js:122:21)]]></failure>
      <failure message="TypeError: Cannot read properties of undefined (reading &apos;mockRestore&apos;)"><![CDATA[TypeError: Cannot read properties of undefined (reading 'mockRestore')
    at C:\Angular project-2\codebook\src\app\app.component.spec.ts:275:28
    at _ZoneDelegate.invoke (C:\Angular project-2\codebook\node_modules\zone.js\bundles\zone.umd.js:416:32)
    at ProxyZoneSpec.Object.<anonymous>.ProxyZoneSpec.onInvoke (C:\Angular project-2\codebook\node_modules\zone.js\bundles\zone-testing.umd.js:2177:43)
    at _ZoneDelegate.invoke (C:\Angular project-2\codebook\node_modules\zone.js\bundles\zone.umd.js:415:38)
    at ZoneImpl.run (C:\Angular project-2\codebook\node_modules\zone.js\bundles\zone.umd.js:147:47)
    at Object.wrappedFunc (C:\Angular project-2\codebook\node_modules\zone.js\bundles\zone-testing.umd.js:450:38)
    at Promise.then.completed (C:\Angular project-2\codebook\node_modules\jest-circus\build\utils.js:298:28)
    at new Promise (<anonymous>)
    at callAsyncCircusFn (C:\Angular project-2\codebook\node_modules\jest-circus\build\utils.js:231:10)
    at _callCircusHook (C:\Angular project-2\codebook\node_modules\jest-circus\build\run.js:281:40)
    at _runTest (C:\Angular project-2\codebook\node_modules\jest-circus\build\run.js:254:5)
    at _runTestsForDescribeBlock (C:\Angular project-2\codebook\node_modules\jest-circus\build\run.js:126:9)
    at _runTestsForDescribeBlock (C:\Angular project-2\codebook\node_modules\jest-circus\build\run.js:121:9)
    at _runTestsForDescribeBlock (C:\Angular project-2\codebook\node_modules\jest-circus\build\run.js:121:9)
    at run (C:\Angular project-2\codebook\node_modules\jest-circus\build\run.js:71:3)
    at runAndTransformResultsToJestFormat (C:\Angular project-2\codebook\node_modules\jest-circus\build\legacy-code-todo-rewrite\jestAdapterInit.js:122:21)]]></failure>
    </testCase>
    <testCase name="AppComponent toggleFullScreen should trigger fullscreen toggle when button is clicked (enter fullscreen)" duration="151">
      <failure message="Error: Property `requestFullscreen` does not exist in the provided object"><![CDATA[Error: Property `requestFullscreen` does not exist in the provided object
    at ModuleMocker.spyOn (C:\Angular project-2\codebook\node_modules\jest-mock\build\index.js:731:13)
    at C:\Angular project-2\codebook\src\app\app.component.spec.ts:259:35
    at _ZoneDelegate.invoke (C:\Angular project-2\codebook\node_modules\zone.js\bundles\zone.umd.js:416:32)
    at ProxyZoneSpec.Object.<anonymous>.ProxyZoneSpec.onInvoke (C:\Angular project-2\codebook\node_modules\zone.js\bundles\zone-testing.umd.js:2177:43)
    at _ZoneDelegate.invoke (C:\Angular project-2\codebook\node_modules\zone.js\bundles\zone.umd.js:415:38)
    at ZoneImpl.run (C:\Angular project-2\codebook\node_modules\zone.js\bundles\zone.umd.js:147:47)
    at Object.wrappedFunc (C:\Angular project-2\codebook\node_modules\zone.js\bundles\zone-testing.umd.js:450:38)
    at Promise.then.completed (C:\Angular project-2\codebook\node_modules\jest-circus\build\utils.js:298:28)
    at new Promise (<anonymous>)
    at callAsyncCircusFn (C:\Angular project-2\codebook\node_modules\jest-circus\build\utils.js:231:10)
    at _callCircusHook (C:\Angular project-2\codebook\node_modules\jest-circus\build\run.js:281:40)
    at _runTest (C:\Angular project-2\codebook\node_modules\jest-circus\build\run.js:246:5)
    at _runTestsForDescribeBlock (C:\Angular project-2\codebook\node_modules\jest-circus\build\run.js:126:9)
    at _runTestsForDescribeBlock (C:\Angular project-2\codebook\node_modules\jest-circus\build\run.js:121:9)
    at _runTestsForDescribeBlock (C:\Angular project-2\codebook\node_modules\jest-circus\build\run.js:121:9)
    at run (C:\Angular project-2\codebook\node_modules\jest-circus\build\run.js:71:3)
    at runAndTransformResultsToJestFormat (C:\Angular project-2\codebook\node_modules\jest-circus\build\legacy-code-todo-rewrite\jestAdapterInit.js:122:21)]]></failure>
      <failure message="TypeError: Cannot read properties of undefined (reading &apos;mockRestore&apos;)"><![CDATA[TypeError: Cannot read properties of undefined (reading 'mockRestore')
    at C:\Angular project-2\codebook\src\app\app.component.spec.ts:275:28
    at _ZoneDelegate.invoke (C:\Angular project-2\codebook\node_modules\zone.js\bundles\zone.umd.js:416:32)
    at ProxyZoneSpec.Object.<anonymous>.ProxyZoneSpec.onInvoke (C:\Angular project-2\codebook\node_modules\zone.js\bundles\zone-testing.umd.js:2177:43)
    at _ZoneDelegate.invoke (C:\Angular project-2\codebook\node_modules\zone.js\bundles\zone.umd.js:415:38)
    at ZoneImpl.run (C:\Angular project-2\codebook\node_modules\zone.js\bundles\zone.umd.js:147:47)
    at Object.wrappedFunc (C:\Angular project-2\codebook\node_modules\zone.js\bundles\zone-testing.umd.js:450:38)
    at Promise.then.completed (C:\Angular project-2\codebook\node_modules\jest-circus\build\utils.js:298:28)
    at new Promise (<anonymous>)
    at callAsyncCircusFn (C:\Angular project-2\codebook\node_modules\jest-circus\build\utils.js:231:10)
    at _callCircusHook (C:\Angular project-2\codebook\node_modules\jest-circus\build\run.js:281:40)
    at _runTest (C:\Angular project-2\codebook\node_modules\jest-circus\build\run.js:254:5)
    at _runTestsForDescribeBlock (C:\Angular project-2\codebook\node_modules\jest-circus\build\run.js:126:9)
    at _runTestsForDescribeBlock (C:\Angular project-2\codebook\node_modules\jest-circus\build\run.js:121:9)
    at _runTestsForDescribeBlock (C:\Angular project-2\codebook\node_modules\jest-circus\build\run.js:121:9)
    at run (C:\Angular project-2\codebook\node_modules\jest-circus\build\run.js:71:3)
    at runAndTransformResultsToJestFormat (C:\Angular project-2\codebook\node_modules\jest-circus\build\legacy-code-todo-rewrite\jestAdapterInit.js:122:21)]]></failure>
    </testCase>
    <testCase name="AppComponent toggleFullScreen should trigger fullscreen toggle when button is clicked (exit fullscreen)" duration="182">
      <failure message="Error: Property `requestFullscreen` does not exist in the provided object"><![CDATA[Error: Property `requestFullscreen` does not exist in the provided object
    at ModuleMocker.spyOn (C:\Angular project-2\codebook\node_modules\jest-mock\build\index.js:731:13)
    at C:\Angular project-2\codebook\src\app\app.component.spec.ts:259:35
    at _ZoneDelegate.invoke (C:\Angular project-2\codebook\node_modules\zone.js\bundles\zone.umd.js:416:32)
    at ProxyZoneSpec.Object.<anonymous>.ProxyZoneSpec.onInvoke (C:\Angular project-2\codebook\node_modules\zone.js\bundles\zone-testing.umd.js:2177:43)
    at _ZoneDelegate.invoke (C:\Angular project-2\codebook\node_modules\zone.js\bundles\zone.umd.js:415:38)
    at ZoneImpl.run (C:\Angular project-2\codebook\node_modules\zone.js\bundles\zone.umd.js:147:47)
    at Object.wrappedFunc (C:\Angular project-2\codebook\node_modules\zone.js\bundles\zone-testing.umd.js:450:38)
    at Promise.then.completed (C:\Angular project-2\codebook\node_modules\jest-circus\build\utils.js:298:28)
    at new Promise (<anonymous>)
    at callAsyncCircusFn (C:\Angular project-2\codebook\node_modules\jest-circus\build\utils.js:231:10)
    at _callCircusHook (C:\Angular project-2\codebook\node_modules\jest-circus\build\run.js:281:40)
    at runNextTicks (node:internal/process/task_queues:65:5)
    at processTimers (node:internal/timers:526:9)
    at _runTest (C:\Angular project-2\codebook\node_modules\jest-circus\build\run.js:246:5)
    at _runTestsForDescribeBlock (C:\Angular project-2\codebook\node_modules\jest-circus\build\run.js:126:9)
    at _runTestsForDescribeBlock (C:\Angular project-2\codebook\node_modules\jest-circus\build\run.js:121:9)
    at _runTestsForDescribeBlock (C:\Angular project-2\codebook\node_modules\jest-circus\build\run.js:121:9)
    at run (C:\Angular project-2\codebook\node_modules\jest-circus\build\run.js:71:3)
    at runAndTransformResultsToJestFormat (C:\Angular project-2\codebook\node_modules\jest-circus\build\legacy-code-todo-rewrite\jestAdapterInit.js:122:21)]]></failure>
      <failure message="TypeError: Cannot read properties of undefined (reading &apos;mockRestore&apos;)"><![CDATA[TypeError: Cannot read properties of undefined (reading 'mockRestore')
    at C:\Angular project-2\codebook\src\app\app.component.spec.ts:275:28
    at _ZoneDelegate.invoke (C:\Angular project-2\codebook\node_modules\zone.js\bundles\zone.umd.js:416:32)
    at ProxyZoneSpec.Object.<anonymous>.ProxyZoneSpec.onInvoke (C:\Angular project-2\codebook\node_modules\zone.js\bundles\zone-testing.umd.js:2177:43)
    at _ZoneDelegate.invoke (C:\Angular project-2\codebook\node_modules\zone.js\bundles\zone.umd.js:415:38)
    at ZoneImpl.run (C:\Angular project-2\codebook\node_modules\zone.js\bundles\zone.umd.js:147:47)
    at Object.wrappedFunc (C:\Angular project-2\codebook\node_modules\zone.js\bundles\zone-testing.umd.js:450:38)
    at Promise.then.completed (C:\Angular project-2\codebook\node_modules\jest-circus\build\utils.js:298:28)
    at new Promise (<anonymous>)
    at callAsyncCircusFn (C:\Angular project-2\codebook\node_modules\jest-circus\build\utils.js:231:10)
    at _callCircusHook (C:\Angular project-2\codebook\node_modules\jest-circus\build\run.js:281:40)
    at runNextTicks (node:internal/process/task_queues:65:5)
    at processTimers (node:internal/timers:526:9)
    at _runTest (C:\Angular project-2\codebook\node_modules\jest-circus\build\run.js:254:5)
    at _runTestsForDescribeBlock (C:\Angular project-2\codebook\node_modules\jest-circus\build\run.js:126:9)
    at _runTestsForDescribeBlock (C:\Angular project-2\codebook\node_modules\jest-circus\build\run.js:121:9)
    at _runTestsForDescribeBlock (C:\Angular project-2\codebook\node_modules\jest-circus\build\run.js:121:9)
    at run (C:\Angular project-2\codebook\node_modules\jest-circus\build\run.js:71:3)
    at runAndTransformResultsToJestFormat (C:\Angular project-2\codebook\node_modules\jest-circus\build\legacy-code-todo-rewrite\jestAdapterInit.js:122:21)]]></failure>
    </testCase>
    <testCase name="AppComponent setLanguage should set language to English for &quot;en&quot;" duration="246"/>
    <testCase name="AppComponent setLanguage should set language to French for &quot;fr&quot;" duration="301"/>
    <testCase name="AppComponent setLanguage should update language when menu item is clicked" duration="322">
      <failure message="TypeError: Cannot read properties of null (reading &apos;nativeElement&apos;)"><![CDATA[TypeError: Cannot read properties of null (reading 'nativeElement')
    at C:\Angular project-2\codebook\src\app\app.component.spec.ts:362:22
    at _ZoneDelegate.invoke (C:\Angular project-2\codebook\node_modules\zone.js\bundles\zone.umd.js:416:32)
    at ProxyZoneSpec.Object.<anonymous>.ProxyZoneSpec.onInvoke (C:\Angular project-2\codebook\node_modules\zone.js\bundles\zone-testing.umd.js:2177:43)
    at _ZoneDelegate.invoke (C:\Angular project-2\codebook\node_modules\zone.js\bundles\zone.umd.js:415:38)
    at ZoneImpl.run (C:\Angular project-2\codebook\node_modules\zone.js\bundles\zone.umd.js:147:47)
    at Object.wrappedFunc (C:\Angular project-2\codebook\node_modules\zone.js\bundles\zone-testing.umd.js:450:38)
    at Promise.then.completed (C:\Angular project-2\codebook\node_modules\jest-circus\build\utils.js:298:28)
    at new Promise (<anonymous>)
    at callAsyncCircusFn (C:\Angular project-2\codebook\node_modules\jest-circus\build\utils.js:231:10)
    at _callCircusTest (C:\Angular project-2\codebook\node_modules\jest-circus\build\run.js:316:40)
    at _runTest (C:\Angular project-2\codebook\node_modules\jest-circus\build\run.js:252:3)
    at _runTestsForDescribeBlock (C:\Angular project-2\codebook\node_modules\jest-circus\build\run.js:126:9)
    at _runTestsForDescribeBlock (C:\Angular project-2\codebook\node_modules\jest-circus\build\run.js:121:9)
    at _runTestsForDescribeBlock (C:\Angular project-2\codebook\node_modules\jest-circus\build\run.js:121:9)
    at run (C:\Angular project-2\codebook\node_modules\jest-circus\build\run.js:71:3)
    at runAndTransformResultsToJestFormat (C:\Angular project-2\codebook\node_modules\jest-circus\build\legacy-code-todo-rewrite\jestAdapterInit.js:122:21)]]></failure>
    </testCase>
    <testCase name="AppComponent Dark Mode Menu should render dark mode menu items" duration="319">
      <failure message="TypeError: Cannot read properties of null (reading &apos;nativeElement&apos;)"><![CDATA[TypeError: Cannot read properties of null (reading 'nativeElement')
    at C:\Angular project-2\codebook\src\app\app.component.spec.ts:377:22
    at _ZoneDelegate.invoke (C:\Angular project-2\codebook\node_modules\zone.js\bundles\zone.umd.js:416:32)
    at ProxyZoneSpec.Object.<anonymous>.ProxyZoneSpec.onInvoke (C:\Angular project-2\codebook\node_modules\zone.js\bundles\zone-testing.umd.js:2177:43)
    at _ZoneDelegate.invoke (C:\Angular project-2\codebook\node_modules\zone.js\bundles\zone.umd.js:415:38)
    at ZoneImpl.run (C:\Angular project-2\codebook\node_modules\zone.js\bundles\zone.umd.js:147:47)
    at Object.wrappedFunc (C:\Angular project-2\codebook\node_modules\zone.js\bundles\zone-testing.umd.js:450:38)
    at Promise.then.completed (C:\Angular project-2\codebook\node_modules\jest-circus\build\utils.js:298:28)
    at new Promise (<anonymous>)
    at callAsyncCircusFn (C:\Angular project-2\codebook\node_modules\jest-circus\build\utils.js:231:10)
    at _callCircusTest (C:\Angular project-2\codebook\node_modules\jest-circus\build\run.js:316:40)
    at _runTest (C:\Angular project-2\codebook\node_modules\jest-circus\build\run.js:252:3)
    at _runTestsForDescribeBlock (C:\Angular project-2\codebook\node_modules\jest-circus\build\run.js:126:9)
    at _runTestsForDescribeBlock (C:\Angular project-2\codebook\node_modules\jest-circus\build\run.js:121:9)
    at _runTestsForDescribeBlock (C:\Angular project-2\codebook\node_modules\jest-circus\build\run.js:121:9)
    at run (C:\Angular project-2\codebook\node_modules\jest-circus\build\run.js:71:3)
    at runAndTransformResultsToJestFormat (C:\Angular project-2\codebook\node_modules\jest-circus\build\legacy-code-todo-rewrite\jestAdapterInit.js:122:21)]]></failure>
    </testCase>
    <testCase name="AppComponent Dark Mode Menu should apply selected-theme class to current dark mode theme" duration="268">
      <failure message="TypeError: Cannot read properties of null (reading &apos;nativeElement&apos;)"><![CDATA[TypeError: Cannot read properties of null (reading 'nativeElement')
    at C:\Angular project-2\codebook\src\app\app.component.spec.ts:391:22
    at _ZoneDelegate.invoke (C:\Angular project-2\codebook\node_modules\zone.js\bundles\zone.umd.js:416:32)
    at ProxyZoneSpec.Object.<anonymous>.ProxyZoneSpec.onInvoke (C:\Angular project-2\codebook\node_modules\zone.js\bundles\zone-testing.umd.js:2177:43)
    at _ZoneDelegate.invoke (C:\Angular project-2\codebook\node_modules\zone.js\bundles\zone.umd.js:415:38)
    at ZoneImpl.run (C:\Angular project-2\codebook\node_modules\zone.js\bundles\zone.umd.js:147:47)
    at Object.wrappedFunc (C:\Angular project-2\codebook\node_modules\zone.js\bundles\zone-testing.umd.js:450:38)
    at Promise.then.completed (C:\Angular project-2\codebook\node_modules\jest-circus\build\utils.js:298:28)
    at new Promise (<anonymous>)
    at callAsyncCircusFn (C:\Angular project-2\codebook\node_modules\jest-circus\build\utils.js:231:10)
    at _callCircusTest (C:\Angular project-2\codebook\node_modules\jest-circus\build\run.js:316:40)
    at _runTest (C:\Angular project-2\codebook\node_modules\jest-circus\build\run.js:252:3)
    at _runTestsForDescribeBlock (C:\Angular project-2\codebook\node_modules\jest-circus\build\run.js:126:9)
    at _runTestsForDescribeBlock (C:\Angular project-2\codebook\node_modules\jest-circus\build\run.js:121:9)
    at _runTestsForDescribeBlock (C:\Angular project-2\codebook\node_modules\jest-circus\build\run.js:121:9)
    at run (C:\Angular project-2\codebook\node_modules\jest-circus\build\run.js:71:3)
    at runAndTransformResultsToJestFormat (C:\Angular project-2\codebook\node_modules\jest-circus\build\legacy-code-todo-rewrite\jestAdapterInit.js:122:21)]]></failure>
    </testCase>
    <testCase name="AppComponent Dark Mode Menu should call setTheme when dark mode menu item is clicked" duration="390">
      <failure message="TypeError: Cannot read properties of null (reading &apos;nativeElement&apos;)"><![CDATA[TypeError: Cannot read properties of null (reading 'nativeElement')
    at C:\Angular project-2\codebook\src\app\app.component.spec.ts:401:22
    at _ZoneDelegate.invoke (C:\Angular project-2\codebook\node_modules\zone.js\bundles\zone.umd.js:416:32)
    at ProxyZoneSpec.Object.<anonymous>.ProxyZoneSpec.onInvoke (C:\Angular project-2\codebook\node_modules\zone.js\bundles\zone-testing.umd.js:2177:43)
    at _ZoneDelegate.invoke (C:\Angular project-2\codebook\node_modules\zone.js\bundles\zone.umd.js:415:38)
    at ZoneImpl.run (C:\Angular project-2\codebook\node_modules\zone.js\bundles\zone.umd.js:147:47)
    at Object.wrappedFunc (C:\Angular project-2\codebook\node_modules\zone.js\bundles\zone-testing.umd.js:450:38)
    at Promise.then.completed (C:\Angular project-2\codebook\node_modules\jest-circus\build\utils.js:298:28)
    at new Promise (<anonymous>)
    at callAsyncCircusFn (C:\Angular project-2\codebook\node_modules\jest-circus\build\utils.js:231:10)
    at _callCircusTest (C:\Angular project-2\codebook\node_modules\jest-circus\build\run.js:316:40)
    at _runTest (C:\Angular project-2\codebook\node_modules\jest-circus\build\run.js:252:3)
    at _runTestsForDescribeBlock (C:\Angular project-2\codebook\node_modules\jest-circus\build\run.js:126:9)
    at _runTestsForDescribeBlock (C:\Angular project-2\codebook\node_modules\jest-circus\build\run.js:121:9)
    at _runTestsForDescribeBlock (C:\Angular project-2\codebook\node_modules\jest-circus\build\run.js:121:9)
    at run (C:\Angular project-2\codebook\node_modules\jest-circus\build\run.js:71:3)
    at runAndTransformResultsToJestFormat (C:\Angular project-2\codebook\node_modules\jest-circus\build\legacy-code-todo-rewrite\jestAdapterInit.js:122:21)]]></failure>
    </testCase>
    <testCase name="AppComponent Color Theme Menu should render color theme menu items with color preview" duration="460">
      <failure message="TypeError: Cannot read properties of null (reading &apos;nativeElement&apos;)"><![CDATA[TypeError: Cannot read properties of null (reading 'nativeElement')
    at C:\Angular project-2\codebook\src\app\app.component.spec.ts:415:24
    at _ZoneDelegate.invoke (C:\Angular project-2\codebook\node_modules\zone.js\bundles\zone.umd.js:416:32)
    at ProxyZoneSpec.Object.<anonymous>.ProxyZoneSpec.onInvoke (C:\Angular project-2\codebook\node_modules\zone.js\bundles\zone-testing.umd.js:2177:43)
    at _ZoneDelegate.invoke (C:\Angular project-2\codebook\node_modules\zone.js\bundles\zone.umd.js:415:38)
    at ZoneImpl.run (C:\Angular project-2\codebook\node_modules\zone.js\bundles\zone.umd.js:147:47)
    at Object.wrappedFunc (C:\Angular project-2\codebook\node_modules\zone.js\bundles\zone-testing.umd.js:450:38)
    at Promise.then.completed (C:\Angular project-2\codebook\node_modules\jest-circus\build\utils.js:298:28)
    at new Promise (<anonymous>)
    at callAsyncCircusFn (C:\Angular project-2\codebook\node_modules\jest-circus\build\utils.js:231:10)
    at _callCircusTest (C:\Angular project-2\codebook\node_modules\jest-circus\build\run.js:316:40)
    at _runTest (C:\Angular project-2\codebook\node_modules\jest-circus\build\run.js:252:3)
    at _runTestsForDescribeBlock (C:\Angular project-2\codebook\node_modules\jest-circus\build\run.js:126:9)
    at _runTestsForDescribeBlock (C:\Angular project-2\codebook\node_modules\jest-circus\build\run.js:121:9)
    at _runTestsForDescribeBlock (C:\Angular project-2\codebook\node_modules\jest-circus\build\run.js:121:9)
    at run (C:\Angular project-2\codebook\node_modules\jest-circus\build\run.js:71:3)
    at runAndTransformResultsToJestFormat (C:\Angular project-2\codebook\node_modules\jest-circus\build\legacy-code-todo-rewrite\jestAdapterInit.js:122:21)]]></failure>
    </testCase>
    <testCase name="AppComponent Color Theme Menu should call setTheme when color theme menu item is clicked" duration="354">
      <failure message="TypeError: Cannot read properties of null (reading &apos;nativeElement&apos;)"><![CDATA[TypeError: Cannot read properties of null (reading 'nativeElement')
    at C:\Angular project-2\codebook\src\app\app.component.spec.ts:430:24
    at _ZoneDelegate.invoke (C:\Angular project-2\codebook\node_modules\zone.js\bundles\zone.umd.js:416:32)
    at ProxyZoneSpec.Object.<anonymous>.ProxyZoneSpec.onInvoke (C:\Angular project-2\codebook\node_modules\zone.js\bundles\zone-testing.umd.js:2177:43)
    at _ZoneDelegate.invoke (C:\Angular project-2\codebook\node_modules\zone.js\bundles\zone.umd.js:415:38)
    at ZoneImpl.run (C:\Angular project-2\codebook\node_modules\zone.js\bundles\zone.umd.js:147:47)
    at Object.wrappedFunc (C:\Angular project-2\codebook\node_modules\zone.js\bundles\zone-testing.umd.js:450:38)
    at Promise.then.completed (C:\Angular project-2\codebook\node_modules\jest-circus\build\utils.js:298:28)
    at new Promise (<anonymous>)
    at callAsyncCircusFn (C:\Angular project-2\codebook\node_modules\jest-circus\build\utils.js:231:10)
    at _callCircusTest (C:\Angular project-2\codebook\node_modules\jest-circus\build\run.js:316:40)
    at _runTest (C:\Angular project-2\codebook\node_modules\jest-circus\build\run.js:252:3)
    at _runTestsForDescribeBlock (C:\Angular project-2\codebook\node_modules\jest-circus\build\run.js:126:9)
    at _runTestsForDescribeBlock (C:\Angular project-2\codebook\node_modules\jest-circus\build\run.js:121:9)
    at _runTestsForDescribeBlock (C:\Angular project-2\codebook\node_modules\jest-circus\build\run.js:121:9)
    at run (C:\Angular project-2\codebook\node_modules\jest-circus\build\run.js:71:3)
    at runAndTransformResultsToJestFormat (C:\Angular project-2\codebook\node_modules\jest-circus\build\legacy-code-todo-rewrite\jestAdapterInit.js:122:21)]]></failure>
    </testCase>
    <testCase name="AppComponent Responsive Behavior should set sidenav margin-left to 0 on mobile" duration="238"/>
    <testCase name="AppComponent Responsive Behavior should set fixedInViewport and fixedTopGap on mobile" duration="191"/>
    <testCase name="AppComponent Responsive Behavior should close sidenav on content click when mobile" duration="209"/>
    <testCase name="AppComponent Responsive Behavior should not close sidenav on content click when not mobile" duration="209"/>
    <testCase name="AppComponent Tooltip Integration should render tooltips for fullscreen, dark mode, color theme, and language buttons" duration="267">
      <failure message="Error: expect(received).toBe(expected) // Object.is equality"><![CDATA[Error: expect(received).toBe(expected) // Object.is equality

Expected: 3
Received: 0
    at C:\Angular project-2\codebook\src\app\app.component.spec.ts:489:30
    at _ZoneDelegate.invoke (C:\Angular project-2\codebook\node_modules\zone.js\bundles\zone.umd.js:416:32)
    at ProxyZoneSpec.Object.<anonymous>.ProxyZoneSpec.onInvoke (C:\Angular project-2\codebook\node_modules\zone.js\bundles\zone-testing.umd.js:2177:43)
    at _ZoneDelegate.invoke (C:\Angular project-2\codebook\node_modules\zone.js\bundles\zone.umd.js:415:38)
    at ZoneImpl.run (C:\Angular project-2\codebook\node_modules\zone.js\bundles\zone.umd.js:147:47)
    at Object.wrappedFunc (C:\Angular project-2\codebook\node_modules\zone.js\bundles\zone-testing.umd.js:450:38)
    at Promise.then.completed (C:\Angular project-2\codebook\node_modules\jest-circus\build\utils.js:298:28)
    at new Promise (<anonymous>)
    at callAsyncCircusFn (C:\Angular project-2\codebook\node_modules\jest-circus\build\utils.js:231:10)
    at _callCircusTest (C:\Angular project-2\codebook\node_modules\jest-circus\build\run.js:316:40)
    at _runTest (C:\Angular project-2\codebook\node_modules\jest-circus\build\run.js:252:3)
    at _runTestsForDescribeBlock (C:\Angular project-2\codebook\node_modules\jest-circus\build\run.js:126:9)
    at _runTestsForDescribeBlock (C:\Angular project-2\codebook\node_modules\jest-circus\build\run.js:121:9)
    at _runTestsForDescribeBlock (C:\Angular project-2\codebook\node_modules\jest-circus\build\run.js:121:9)
    at run (C:\Angular project-2\codebook\node_modules\jest-circus\build\run.js:71:3)
    at runAndTransformResultsToJestFormat (C:\Angular project-2\codebook\node_modules\jest-circus\build\legacy-code-todo-rewrite\jestAdapterInit.js:122:21)]]></failure>
    </testCase>
    <testCase name="AppComponent Routing Integration should render DashboardComponent for /dashboard route" duration="721">
      <failure message="TypeError: this.responsiveService.currentBreakpoint is not a function"><![CDATA[TypeError: this.responsiveService.currentBreakpoint is not a function
    at DashboardComponent.currentBreakpoint [as ngOnInit] (C:\Angular project-2\codebook\src\app\pages\dashboard\dashboard.component.ts:75:28)
    at callHookInternal (C:\Angular project-2\codebook\node_modules\@angular\core\fesm2022\core.mjs:4207:14)
    at callHook (C:\Angular project-2\codebook\node_modules\@angular\core\fesm2022\core.mjs:4234:13)
    at callHooks (C:\Angular project-2\codebook\node_modules\@angular\core\fesm2022\core.mjs:4188:17)
    at executeInitAndCheckHooks (C:\Angular project-2\codebook\node_modules\@angular\core\fesm2022\core.mjs:4138:9)
    at refreshView (C:\Angular project-2\codebook\node_modules\@angular\core\fesm2022\core.mjs:14038:21)
    at detectChangesInView (C:\Angular project-2\codebook\node_modules\@angular\core\fesm2022\core.mjs:14243:9)
    at detectChangesInViewIfAttached (C:\Angular project-2\codebook\node_modules\@angular\core\fesm2022\core.mjs:14203:5)
    at detectChangesInEmbeddedViews (C:\Angular project-2\codebook\node_modules\@angular\core\fesm2022\core.mjs:14160:13)
    at refreshView (C:\Angular project-2\codebook\node_modules\@angular\core\fesm2022\core.mjs:14052:9)
    at detectChangesInView (C:\Angular project-2\codebook\node_modules\@angular\core\fesm2022\core.mjs:14243:9)
    at detectChangesInViewIfAttached (C:\Angular project-2\codebook\node_modules\@angular\core\fesm2022\core.mjs:14203:5)
    at detectChangesInComponent (C:\Angular project-2\codebook\node_modules\@angular\core\fesm2022\core.mjs:14191:5)
    at detectChangesInChildComponents (C:\Angular project-2\codebook\node_modules\@angular\core\fesm2022\core.mjs:14262:9)
    at refreshView (C:\Angular project-2\codebook\node_modules\@angular\core\fesm2022\core.mjs:14078:13)
    at detectChangesInView (C:\Angular project-2\codebook\node_modules\@angular\core\fesm2022\core.mjs:14243:9)
    at detectChangesInViewWhileDirty (C:\Angular project-2\codebook\node_modules\@angular\core\fesm2022\core.mjs:13935:9)
    at detectChangesInternal (C:\Angular project-2\codebook\node_modules\@angular\core\fesm2022\core.mjs:13917:9)
    at ViewRef.detectChanges (C:\Angular project-2\codebook\node_modules\@angular\core\fesm2022\core.mjs:14774:9)
    at C:\Angular project-2\codebook\node_modules\@angular\core\fesm2022\testing.mjs:292:44
    at _ZoneDelegate.invoke (C:\Angular project-2\codebook\node_modules\zone.js\bundles\zone.umd.js:416:32)
    at ProxyZoneSpec.Object.<anonymous>.ProxyZoneSpec.onInvoke (C:\Angular project-2\codebook\node_modules\zone.js\bundles\zone-testing.umd.js:2177:43)
    at _ZoneDelegate.invoke (C:\Angular project-2\codebook\node_modules\zone.js\bundles\zone.umd.js:415:38)
    at Object.onInvoke (C:\Angular project-2\codebook\node_modules\@angular\core\fesm2022\core.mjs:6528:33)
    at _ZoneDelegate.invoke (C:\Angular project-2\codebook\node_modules\zone.js\bundles\zone.umd.js:415:38)
    at ZoneImpl.run (C:\Angular project-2\codebook\node_modules\zone.js\bundles\zone.umd.js:147:47)
    at NgZone.run (C:\Angular project-2\codebook\node_modules\@angular\core\fesm2022\core.mjs:6374:28)
    at ComponentFixture.detectChanges (C:\Angular project-2\codebook\node_modules\@angular\core\fesm2022\testing.mjs:289:30)
    at C:\Angular project-2\codebook\src\app\app.component.spec.ts:548:15
    at Generator.next (<anonymous>)
    at fulfilled (C:\Angular project-2\codebook\node_modules\tslib\tslib.js:167:62)
    at _ZoneDelegate.invoke (C:\Angular project-2\codebook\node_modules\zone.js\bundles\zone.umd.js:416:32)
    at ProxyZoneSpec.Object.<anonymous>.ProxyZoneSpec.onInvoke (C:\Angular project-2\codebook\node_modules\zone.js\bundles\zone-testing.umd.js:2177:43)
    at _ZoneDelegate.invoke (C:\Angular project-2\codebook\node_modules\zone.js\bundles\zone.umd.js:415:38)
    at ZoneImpl.run (C:\Angular project-2\codebook\node_modules\zone.js\bundles\zone.umd.js:147:47)
    at C:\Angular project-2\codebook\node_modules\zone.js\bundles\zone.umd.js:2598:42
    at _ZoneDelegate.invokeTask (C:\Angular project-2\codebook\node_modules\zone.js\bundles\zone.umd.js:449:37)
    at ProxyZoneSpec.Object.<anonymous>.ProxyZoneSpec.onInvokeTask (C:\Angular project-2\codebook\node_modules\zone.js\bundles\zone-testing.umd.js:2208:43)
    at _ZoneDelegate.invokeTask (C:\Angular project-2\codebook\node_modules\zone.js\bundles\zone.umd.js:448:42)
    at ZoneImpl.runTask (C:\Angular project-2\codebook\node_modules\zone.js\bundles\zone.umd.js:196:51)
    at drainMicroTaskQueue (C:\Angular project-2\codebook\node_modules\zone.js\bundles\zone.umd.js:638:39)]]></failure>
    </testCase>
    <testCase name="AppComponent Routing Integration should render UsersComponent for /users route" duration="1336">
      <failure message="Error: expect(received).toContain(expected) // indexOf"><![CDATA[Error: expect(received).toContain(expected) // indexOf

Expected substring: "Users"
Received string:    " Add New User IdNameCompanyBusiness StrategyWebsiteAction Items per page:  0 of 0  Items per page:  0 of 0 "
    at C:\Angular project-2\codebook\src\app\app.component.spec.ts:559:47
    at Generator.next (<anonymous>)
    at fulfilled (C:\Angular project-2\codebook\node_modules\tslib\tslib.js:167:62)
    at _ZoneDelegate.invoke (C:\Angular project-2\codebook\node_modules\zone.js\bundles\zone.umd.js:416:32)
    at ProxyZoneSpec.Object.<anonymous>.ProxyZoneSpec.onInvoke (C:\Angular project-2\codebook\node_modules\zone.js\bundles\zone-testing.umd.js:2177:43)
    at _ZoneDelegate.invoke (C:\Angular project-2\codebook\node_modules\zone.js\bundles\zone.umd.js:415:38)
    at ZoneImpl.run (C:\Angular project-2\codebook\node_modules\zone.js\bundles\zone.umd.js:147:47)
    at C:\Angular project-2\codebook\node_modules\zone.js\bundles\zone.umd.js:2598:42
    at _ZoneDelegate.invokeTask (C:\Angular project-2\codebook\node_modules\zone.js\bundles\zone.umd.js:449:37)
    at ProxyZoneSpec.Object.<anonymous>.ProxyZoneSpec.onInvokeTask (C:\Angular project-2\codebook\node_modules\zone.js\bundles\zone-testing.umd.js:2208:43)
    at _ZoneDelegate.invokeTask (C:\Angular project-2\codebook\node_modules\zone.js\bundles\zone.umd.js:448:42)
    at ZoneImpl.runTask (C:\Angular project-2\codebook\node_modules\zone.js\bundles\zone.umd.js:196:51)
    at drainMicroTaskQueue (C:\Angular project-2\codebook\node_modules\zone.js\bundles\zone.umd.js:638:39)]]></failure>
    </testCase>
    <testCase name="AppComponent Routing Integration should render BusinessComponent for /business route" duration="594"/>
    <testCase name="AppComponent Routing Integration should render ListBusinessesComponent for /business-list route" duration="340">
      <failure message="TypeError: ctx.responsiveService.isDesktop is not a function"><![CDATA[TypeError: ctx.responsiveService.isDesktop is not a function
    at ListBusinessesComponent_Template (ng:///ListBusinessesComponent.js:150:57)
    at executeTemplate (C:\Angular project-2\codebook\node_modules\@angular\core\fesm2022\core.mjs:12338:9)
    at refreshView (C:\Angular project-2\codebook\node_modules\@angular\core\fesm2022\core.mjs:14023:13)
    at detectChangesInView (C:\Angular project-2\codebook\node_modules\@angular\core\fesm2022\core.mjs:14243:9)
    at detectChangesInViewIfAttached (C:\Angular project-2\codebook\node_modules\@angular\core\fesm2022\core.mjs:14203:5)
    at detectChangesInComponent (C:\Angular project-2\codebook\node_modules\@angular\core\fesm2022\core.mjs:14191:5)
    at detectChangesInChildComponents (C:\Angular project-2\codebook\node_modules\@angular\core\fesm2022\core.mjs:14262:9)
    at refreshView (C:\Angular project-2\codebook\node_modules\@angular\core\fesm2022\core.mjs:14078:13)
    at detectChangesInView (C:\Angular project-2\codebook\node_modules\@angular\core\fesm2022\core.mjs:14243:9)
    at detectChangesInViewIfAttached (C:\Angular project-2\codebook\node_modules\@angular\core\fesm2022\core.mjs:14203:5)
    at detectChangesInEmbeddedViews (C:\Angular project-2\codebook\node_modules\@angular\core\fesm2022\core.mjs:14160:13)
    at refreshView (C:\Angular project-2\codebook\node_modules\@angular\core\fesm2022\core.mjs:14052:9)
    at detectChangesInView (C:\Angular project-2\codebook\node_modules\@angular\core\fesm2022\core.mjs:14243:9)
    at detectChangesInViewIfAttached (C:\Angular project-2\codebook\node_modules\@angular\core\fesm2022\core.mjs:14203:5)
    at detectChangesInComponent (C:\Angular project-2\codebook\node_modules\@angular\core\fesm2022\core.mjs:14191:5)
    at detectChangesInChildComponents (C:\Angular project-2\codebook\node_modules\@angular\core\fesm2022\core.mjs:14262:9)
    at refreshView (C:\Angular project-2\codebook\node_modules\@angular\core\fesm2022\core.mjs:14078:13)
    at detectChangesInView (C:\Angular project-2\codebook\node_modules\@angular\core\fesm2022\core.mjs:14243:9)
    at detectChangesInViewWhileDirty (C:\Angular project-2\codebook\node_modules\@angular\core\fesm2022\core.mjs:13935:9)
    at detectChangesInternal (C:\Angular project-2\codebook\node_modules\@angular\core\fesm2022\core.mjs:13917:9)
    at ViewRef.detectChanges (C:\Angular project-2\codebook\node_modules\@angular\core\fesm2022\core.mjs:14774:9)
    at C:\Angular project-2\codebook\node_modules\@angular\core\fesm2022\testing.mjs:292:44
    at _ZoneDelegate.invoke (C:\Angular project-2\codebook\node_modules\zone.js\bundles\zone.umd.js:416:32)
    at ProxyZoneSpec.Object.<anonymous>.ProxyZoneSpec.onInvoke (C:\Angular project-2\codebook\node_modules\zone.js\bundles\zone-testing.umd.js:2177:43)
    at _ZoneDelegate.invoke (C:\Angular project-2\codebook\node_modules\zone.js\bundles\zone.umd.js:415:38)
    at Object.onInvoke (C:\Angular project-2\codebook\node_modules\@angular\core\fesm2022\core.mjs:6528:33)
    at _ZoneDelegate.invoke (C:\Angular project-2\codebook\node_modules\zone.js\bundles\zone.umd.js:415:38)
    at ZoneImpl.run (C:\Angular project-2\codebook\node_modules\zone.js\bundles\zone.umd.js:147:47)
    at NgZone.run (C:\Angular project-2\codebook\node_modules\@angular\core\fesm2022\core.mjs:6374:28)
    at ComponentFixture.detectChanges (C:\Angular project-2\codebook\node_modules\@angular\core\fesm2022\testing.mjs:289:30)
    at C:\Angular project-2\codebook\src\app\app.component.spec.ts:572:15
    at Generator.next (<anonymous>)
    at fulfilled (C:\Angular project-2\codebook\node_modules\tslib\tslib.js:167:62)
    at _ZoneDelegate.invoke (C:\Angular project-2\codebook\node_modules\zone.js\bundles\zone.umd.js:416:32)
    at ProxyZoneSpec.Object.<anonymous>.ProxyZoneSpec.onInvoke (C:\Angular project-2\codebook\node_modules\zone.js\bundles\zone-testing.umd.js:2177:43)
    at _ZoneDelegate.invoke (C:\Angular project-2\codebook\node_modules\zone.js\bundles\zone.umd.js:415:38)
    at ZoneImpl.run (C:\Angular project-2\codebook\node_modules\zone.js\bundles\zone.umd.js:147:47)
    at C:\Angular project-2\codebook\node_modules\zone.js\bundles\zone.umd.js:2598:42
    at _ZoneDelegate.invokeTask (C:\Angular project-2\codebook\node_modules\zone.js\bundles\zone.umd.js:449:37)
    at ProxyZoneSpec.Object.<anonymous>.ProxyZoneSpec.onInvokeTask (C:\Angular project-2\codebook\node_modules\zone.js\bundles\zone-testing.umd.js:2208:43)
    at _ZoneDelegate.invokeTask (C:\Angular project-2\codebook\node_modules\zone.js\bundles\zone.umd.js:448:42)
    at ZoneImpl.runTask (C:\Angular project-2\codebook\node_modules\zone.js\bundles\zone.umd.js:196:51)
    at drainMicroTaskQueue (C:\Angular project-2\codebook\node_modules\zone.js\bundles\zone.umd.js:638:39)
    at runNextTicks (node:internal/process/task_queues:65:5)
    at processTimers (node:internal/timers:526:9)]]></failure>
    </testCase>
    <testCase name="AppComponent Routing Integration should redirect to /dashboard for empty route" duration="347">
      <failure message="TypeError: this.responsiveService.currentBreakpoint is not a function"><![CDATA[TypeError: this.responsiveService.currentBreakpoint is not a function
    at DashboardComponent.currentBreakpoint [as ngOnInit] (C:\Angular project-2\codebook\src\app\pages\dashboard\dashboard.component.ts:75:28)
    at callHookInternal (C:\Angular project-2\codebook\node_modules\@angular\core\fesm2022\core.mjs:4207:14)
    at callHook (C:\Angular project-2\codebook\node_modules\@angular\core\fesm2022\core.mjs:4234:13)
    at callHooks (C:\Angular project-2\codebook\node_modules\@angular\core\fesm2022\core.mjs:4188:17)
    at executeInitAndCheckHooks (C:\Angular project-2\codebook\node_modules\@angular\core\fesm2022\core.mjs:4138:9)
    at refreshView (C:\Angular project-2\codebook\node_modules\@angular\core\fesm2022\core.mjs:14038:21)
    at detectChangesInView (C:\Angular project-2\codebook\node_modules\@angular\core\fesm2022\core.mjs:14243:9)
    at detectChangesInViewIfAttached (C:\Angular project-2\codebook\node_modules\@angular\core\fesm2022\core.mjs:14203:5)
    at detectChangesInEmbeddedViews (C:\Angular project-2\codebook\node_modules\@angular\core\fesm2022\core.mjs:14160:13)
    at refreshView (C:\Angular project-2\codebook\node_modules\@angular\core\fesm2022\core.mjs:14052:9)
    at detectChangesInView (C:\Angular project-2\codebook\node_modules\@angular\core\fesm2022\core.mjs:14243:9)
    at detectChangesInViewIfAttached (C:\Angular project-2\codebook\node_modules\@angular\core\fesm2022\core.mjs:14203:5)
    at detectChangesInComponent (C:\Angular project-2\codebook\node_modules\@angular\core\fesm2022\core.mjs:14191:5)
    at detectChangesInChildComponents (C:\Angular project-2\codebook\node_modules\@angular\core\fesm2022\core.mjs:14262:9)
    at refreshView (C:\Angular project-2\codebook\node_modules\@angular\core\fesm2022\core.mjs:14078:13)
    at detectChangesInView (C:\Angular project-2\codebook\node_modules\@angular\core\fesm2022\core.mjs:14243:9)
    at detectChangesInViewWhileDirty (C:\Angular project-2\codebook\node_modules\@angular\core\fesm2022\core.mjs:13935:9)
    at detectChangesInternal (C:\Angular project-2\codebook\node_modules\@angular\core\fesm2022\core.mjs:13917:9)
    at ViewRef.detectChanges (C:\Angular project-2\codebook\node_modules\@angular\core\fesm2022\core.mjs:14774:9)
    at C:\Angular project-2\codebook\node_modules\@angular\core\fesm2022\testing.mjs:292:44
    at _ZoneDelegate.invoke (C:\Angular project-2\codebook\node_modules\zone.js\bundles\zone.umd.js:416:32)
    at ProxyZoneSpec.Object.<anonymous>.ProxyZoneSpec.onInvoke (C:\Angular project-2\codebook\node_modules\zone.js\bundles\zone-testing.umd.js:2177:43)
    at _ZoneDelegate.invoke (C:\Angular project-2\codebook\node_modules\zone.js\bundles\zone.umd.js:415:38)
    at Object.onInvoke (C:\Angular project-2\codebook\node_modules\@angular\core\fesm2022\core.mjs:6528:33)
    at _ZoneDelegate.invoke (C:\Angular project-2\codebook\node_modules\zone.js\bundles\zone.umd.js:415:38)
    at ZoneImpl.run (C:\Angular project-2\codebook\node_modules\zone.js\bundles\zone.umd.js:147:47)
    at NgZone.run (C:\Angular project-2\codebook\node_modules\@angular\core\fesm2022\core.mjs:6374:28)
    at ComponentFixture.detectChanges (C:\Angular project-2\codebook\node_modules\@angular\core\fesm2022\testing.mjs:289:30)
    at C:\Angular project-2\codebook\src\app\app.component.spec.ts:580:15
    at Generator.next (<anonymous>)
    at fulfilled (C:\Angular project-2\codebook\node_modules\tslib\tslib.js:167:62)
    at _ZoneDelegate.invoke (C:\Angular project-2\codebook\node_modules\zone.js\bundles\zone.umd.js:416:32)
    at ProxyZoneSpec.Object.<anonymous>.ProxyZoneSpec.onInvoke (C:\Angular project-2\codebook\node_modules\zone.js\bundles\zone-testing.umd.js:2177:43)
    at _ZoneDelegate.invoke (C:\Angular project-2\codebook\node_modules\zone.js\bundles\zone.umd.js:415:38)
    at ZoneImpl.run (C:\Angular project-2\codebook\node_modules\zone.js\bundles\zone.umd.js:147:47)
    at C:\Angular project-2\codebook\node_modules\zone.js\bundles\zone.umd.js:2598:42
    at _ZoneDelegate.invokeTask (C:\Angular project-2\codebook\node_modules\zone.js\bundles\zone.umd.js:449:37)
    at ProxyZoneSpec.Object.<anonymous>.ProxyZoneSpec.onInvokeTask (C:\Angular project-2\codebook\node_modules\zone.js\bundles\zone-testing.umd.js:2208:43)
    at _ZoneDelegate.invokeTask (C:\Angular project-2\codebook\node_modules\zone.js\bundles\zone.umd.js:448:42)
    at ZoneImpl.runTask (C:\Angular project-2\codebook\node_modules\zone.js\bundles\zone.umd.js:196:51)
    at drainMicroTaskQueue (C:\Angular project-2\codebook\node_modules\zone.js\bundles\zone.umd.js:638:39)]]></failure>
    </testCase>
    <testCase name="AppComponent Routing Integration should redirect to /dashboard for unknown route" duration="272">
      <failure message="TypeError: this.responsiveService.currentBreakpoint is not a function"><![CDATA[TypeError: this.responsiveService.currentBreakpoint is not a function
    at DashboardComponent.currentBreakpoint [as ngOnInit] (C:\Angular project-2\codebook\src\app\pages\dashboard\dashboard.component.ts:75:28)
    at callHookInternal (C:\Angular project-2\codebook\node_modules\@angular\core\fesm2022\core.mjs:4207:14)
    at callHook (C:\Angular project-2\codebook\node_modules\@angular\core\fesm2022\core.mjs:4234:13)
    at callHooks (C:\Angular project-2\codebook\node_modules\@angular\core\fesm2022\core.mjs:4188:17)
    at executeInitAndCheckHooks (C:\Angular project-2\codebook\node_modules\@angular\core\fesm2022\core.mjs:4138:9)
    at refreshView (C:\Angular project-2\codebook\node_modules\@angular\core\fesm2022\core.mjs:14038:21)
    at detectChangesInView (C:\Angular project-2\codebook\node_modules\@angular\core\fesm2022\core.mjs:14243:9)
    at detectChangesInViewIfAttached (C:\Angular project-2\codebook\node_modules\@angular\core\fesm2022\core.mjs:14203:5)
    at detectChangesInEmbeddedViews (C:\Angular project-2\codebook\node_modules\@angular\core\fesm2022\core.mjs:14160:13)
    at refreshView (C:\Angular project-2\codebook\node_modules\@angular\core\fesm2022\core.mjs:14052:9)
    at detectChangesInView (C:\Angular project-2\codebook\node_modules\@angular\core\fesm2022\core.mjs:14243:9)
    at detectChangesInViewIfAttached (C:\Angular project-2\codebook\node_modules\@angular\core\fesm2022\core.mjs:14203:5)
    at detectChangesInComponent (C:\Angular project-2\codebook\node_modules\@angular\core\fesm2022\core.mjs:14191:5)
    at detectChangesInChildComponents (C:\Angular project-2\codebook\node_modules\@angular\core\fesm2022\core.mjs:14262:9)
    at refreshView (C:\Angular project-2\codebook\node_modules\@angular\core\fesm2022\core.mjs:14078:13)
    at detectChangesInView (C:\Angular project-2\codebook\node_modules\@angular\core\fesm2022\core.mjs:14243:9)
    at detectChangesInViewWhileDirty (C:\Angular project-2\codebook\node_modules\@angular\core\fesm2022\core.mjs:13935:9)
    at detectChangesInternal (C:\Angular project-2\codebook\node_modules\@angular\core\fesm2022\core.mjs:13917:9)
    at ViewRef.detectChanges (C:\Angular project-2\codebook\node_modules\@angular\core\fesm2022\core.mjs:14774:9)
    at C:\Angular project-2\codebook\node_modules\@angular\core\fesm2022\testing.mjs:292:44
    at _ZoneDelegate.invoke (C:\Angular project-2\codebook\node_modules\zone.js\bundles\zone.umd.js:416:32)
    at ProxyZoneSpec.Object.<anonymous>.ProxyZoneSpec.onInvoke (C:\Angular project-2\codebook\node_modules\zone.js\bundles\zone-testing.umd.js:2177:43)
    at _ZoneDelegate.invoke (C:\Angular project-2\codebook\node_modules\zone.js\bundles\zone.umd.js:415:38)
    at Object.onInvoke (C:\Angular project-2\codebook\node_modules\@angular\core\fesm2022\core.mjs:6528:33)
    at _ZoneDelegate.invoke (C:\Angular project-2\codebook\node_modules\zone.js\bundles\zone.umd.js:415:38)
    at ZoneImpl.run (C:\Angular project-2\codebook\node_modules\zone.js\bundles\zone.umd.js:147:47)
    at NgZone.run (C:\Angular project-2\codebook\node_modules\@angular\core\fesm2022\core.mjs:6374:28)
    at ComponentFixture.detectChanges (C:\Angular project-2\codebook\node_modules\@angular\core\fesm2022\testing.mjs:289:30)
    at C:\Angular project-2\codebook\src\app\app.component.spec.ts:588:15
    at Generator.next (<anonymous>)
    at fulfilled (C:\Angular project-2\codebook\node_modules\tslib\tslib.js:167:62)
    at _ZoneDelegate.invoke (C:\Angular project-2\codebook\node_modules\zone.js\bundles\zone.umd.js:416:32)
    at ProxyZoneSpec.Object.<anonymous>.ProxyZoneSpec.onInvoke (C:\Angular project-2\codebook\node_modules\zone.js\bundles\zone-testing.umd.js:2177:43)
    at _ZoneDelegate.invoke (C:\Angular project-2\codebook\node_modules\zone.js\bundles\zone.umd.js:415:38)
    at ZoneImpl.run (C:\Angular project-2\codebook\node_modules\zone.js\bundles\zone.umd.js:147:47)
    at C:\Angular project-2\codebook\node_modules\zone.js\bundles\zone.umd.js:2598:42
    at _ZoneDelegate.invokeTask (C:\Angular project-2\codebook\node_modules\zone.js\bundles\zone.umd.js:449:37)
    at ProxyZoneSpec.Object.<anonymous>.ProxyZoneSpec.onInvokeTask (C:\Angular project-2\codebook\node_modules\zone.js\bundles\zone-testing.umd.js:2208:43)
    at _ZoneDelegate.invokeTask (C:\Angular project-2\codebook\node_modules\zone.js\bundles\zone.umd.js:448:42)
    at ZoneImpl.runTask (C:\Angular project-2\codebook\node_modules\zone.js\bundles\zone.umd.js:196:51)
    at drainMicroTaskQueue (C:\Angular project-2\codebook\node_modules\zone.js\bundles\zone.umd.js:638:39)
    at runNextTicks (node:internal/process/task_queues:65:5)
    at processTimers (node:internal/timers:526:9)]]></failure>
    </testCase>
    <testCase name="AppComponent AppConfig Integration should include all providers from appConfig" duration="146">
      <failure message="Error: expect(received).toBe(expected) // Object.is equality"><![CDATA[Error: expect(received).toBe(expected) // Object.is equality

Expected: 5
Received: 6
    at C:\Angular project-2\codebook\src\app\app.component.spec.ts:641:42
    at _ZoneDelegate.invoke (C:\Angular project-2\codebook\node_modules\zone.js\bundles\zone.umd.js:416:32)
    at ProxyZoneSpec.Object.<anonymous>.ProxyZoneSpec.onInvoke (C:\Angular project-2\codebook\node_modules\zone.js\bundles\zone-testing.umd.js:2177:43)
    at _ZoneDelegate.invoke (C:\Angular project-2\codebook\node_modules\zone.js\bundles\zone.umd.js:415:38)
    at ZoneImpl.run (C:\Angular project-2\codebook\node_modules\zone.js\bundles\zone.umd.js:147:47)
    at Object.wrappedFunc (C:\Angular project-2\codebook\node_modules\zone.js\bundles\zone-testing.umd.js:450:38)
    at Promise.then.completed (C:\Angular project-2\codebook\node_modules\jest-circus\build\utils.js:298:28)
    at new Promise (<anonymous>)
    at callAsyncCircusFn (C:\Angular project-2\codebook\node_modules\jest-circus\build\utils.js:231:10)
    at _callCircusTest (C:\Angular project-2\codebook\node_modules\jest-circus\build\run.js:316:40)
    at runNextTicks (node:internal/process/task_queues:65:5)
    at processTimers (node:internal/timers:526:9)
    at _runTest (C:\Angular project-2\codebook\node_modules\jest-circus\build\run.js:252:3)
    at _runTestsForDescribeBlock (C:\Angular project-2\codebook\node_modules\jest-circus\build\run.js:126:9)
    at _runTestsForDescribeBlock (C:\Angular project-2\codebook\node_modules\jest-circus\build\run.js:121:9)
    at _runTestsForDescribeBlock (C:\Angular project-2\codebook\node_modules\jest-circus\build\run.js:121:9)
    at run (C:\Angular project-2\codebook\node_modules\jest-circus\build\run.js:71:3)
    at runAndTransformResultsToJestFormat (C:\Angular project-2\codebook\node_modules\jest-circus\build\legacy-code-todo-rewrite\jestAdapterInit.js:122:21)]]></failure>
    </testCase>
    <testCase name="AppComponent AppConfig Integration should provide ZoneChangeDetection with eventCoalescing" duration="110">
      <failure message="NullInjectorError: R3InjectorError[provideZoneChangeDetection -&gt; provideZoneChangeDetection]: "><![CDATA[NullInjectorError: R3InjectorError[provideZoneChangeDetection -> provideZoneChangeDetection]: 
  NullInjectorError: No provider for provideZoneChangeDetection!
    at NullInjector.get (C:\Angular project-2\codebook\node_modules\@angular\core\fesm2022\core.mjs:1624:27)
    at R3Injector.get (C:\Angular project-2\codebook\node_modules\@angular\core\fesm2022\core.mjs:2151:33)
    at R3Injector.get (C:\Angular project-2\codebook\node_modules\@angular\core\fesm2022\core.mjs:2151:33)
    at _TestBedImpl.inject (C:\Angular project-2\codebook\node_modules\@angular\core\fesm2022\testing.mjs:1989:38)
    at Function.inject (C:\Angular project-2\codebook\node_modules\@angular\core\fesm2022\testing.mjs:1829:37)
    at C:\Angular project-2\codebook\src\app\app.component.spec.ts:656:34
    at _ZoneDelegate.invoke (C:\Angular project-2\codebook\node_modules\zone.js\bundles\zone.umd.js:416:32)
    at ProxyZoneSpec.Object.<anonymous>.ProxyZoneSpec.onInvoke (C:\Angular project-2\codebook\node_modules\zone.js\bundles\zone-testing.umd.js:2177:43)
    at _ZoneDelegate.invoke (C:\Angular project-2\codebook\node_modules\zone.js\bundles\zone.umd.js:415:38)
    at ZoneImpl.run (C:\Angular project-2\codebook\node_modules\zone.js\bundles\zone.umd.js:147:47)
    at Object.wrappedFunc (C:\Angular project-2\codebook\node_modules\zone.js\bundles\zone-testing.umd.js:450:38)
    at Promise.then.completed (C:\Angular project-2\codebook\node_modules\jest-circus\build\utils.js:298:28)
    at new Promise (<anonymous>)
    at callAsyncCircusFn (C:\Angular project-2\codebook\node_modules\jest-circus\build\utils.js:231:10)
    at _callCircusTest (C:\Angular project-2\codebook\node_modules\jest-circus\build\run.js:316:40)
    at runNextTicks (node:internal/process/task_queues:65:5)
    at processTimers (node:internal/timers:526:9)
    at _runTest (C:\Angular project-2\codebook\node_modules\jest-circus\build\run.js:252:3)
    at _runTestsForDescribeBlock (C:\Angular project-2\codebook\node_modules\jest-circus\build\run.js:126:9)
    at _runTestsForDescribeBlock (C:\Angular project-2\codebook\node_modules\jest-circus\build\run.js:121:9)
    at _runTestsForDescribeBlock (C:\Angular project-2\codebook\node_modules\jest-circus\build\run.js:121:9)
    at run (C:\Angular project-2\codebook\node_modules\jest-circus\build\run.js:71:3)
    at runAndTransformResultsToJestFormat (C:\Angular project-2\codebook\node_modules\jest-circus\build\legacy-code-todo-rewrite\jestAdapterInit.js:122:21)]]></failure>
    </testCase>
    <testCase name="AppComponent AppConfig Integration should provide Router with routes" duration="133"/>
    <testCase name="AppComponent AppConfig Integration should provide HttpClient" duration="193"/>
    <testCase name="AppComponent AppConfig Integration should provide Animations" duration="140">
      <failure message="NullInjectorError: R3InjectorError[provideAnimations -&gt; provideAnimations]: "><![CDATA[NullInjectorError: R3InjectorError[provideAnimations -> provideAnimations]: 
  NullInjectorError: No provider for provideAnimations!
    at NullInjector.get (C:\Angular project-2\codebook\node_modules\@angular\core\fesm2022\core.mjs:1624:27)
    at R3Injector.get (C:\Angular project-2\codebook\node_modules\@angular\core\fesm2022\core.mjs:2151:33)
    at R3Injector.get (C:\Angular project-2\codebook\node_modules\@angular\core\fesm2022\core.mjs:2151:33)
    at _TestBedImpl.inject (C:\Angular project-2\codebook\node_modules\@angular\core\fesm2022\testing.mjs:1989:38)
    at Function.inject (C:\Angular project-2\codebook\node_modules\@angular\core\fesm2022\testing.mjs:1829:37)
    at C:\Angular project-2\codebook\src\app\app.component.spec.ts:678:34
    at _ZoneDelegate.invoke (C:\Angular project-2\codebook\node_modules\zone.js\bundles\zone.umd.js:416:32)
    at ProxyZoneSpec.Object.<anonymous>.ProxyZoneSpec.onInvoke (C:\Angular project-2\codebook\node_modules\zone.js\bundles\zone-testing.umd.js:2177:43)
    at _ZoneDelegate.invoke (C:\Angular project-2\codebook\node_modules\zone.js\bundles\zone.umd.js:415:38)
    at ZoneImpl.run (C:\Angular project-2\codebook\node_modules\zone.js\bundles\zone.umd.js:147:47)
    at Object.wrappedFunc (C:\Angular project-2\codebook\node_modules\zone.js\bundles\zone-testing.umd.js:450:38)
    at Promise.then.completed (C:\Angular project-2\codebook\node_modules\jest-circus\build\utils.js:298:28)
    at new Promise (<anonymous>)
    at callAsyncCircusFn (C:\Angular project-2\codebook\node_modules\jest-circus\build\utils.js:231:10)
    at _callCircusTest (C:\Angular project-2\codebook\node_modules\jest-circus\build\run.js:316:40)
    at _runTest (C:\Angular project-2\codebook\node_modules\jest-circus\build\run.js:252:3)
    at _runTestsForDescribeBlock (C:\Angular project-2\codebook\node_modules\jest-circus\build\run.js:126:9)
    at _runTestsForDescribeBlock (C:\Angular project-2\codebook\node_modules\jest-circus\build\run.js:121:9)
    at _runTestsForDescribeBlock (C:\Angular project-2\codebook\node_modules\jest-circus\build\run.js:121:9)
    at run (C:\Angular project-2\codebook\node_modules\jest-circus\build\run.js:71:3)
    at runAndTransformResultsToJestFormat (C:\Angular project-2\codebook\node_modules\jest-circus\build\legacy-code-todo-rewrite\jestAdapterInit.js:122:21)]]></failure>
    </testCase>
    <testCase name="AppComponent AppConfig Integration should provide Toastr with correct configuration" duration="145"/>
  </file>
</testExecutions>