<?xml version="1.0" encoding="UTF-8"?>
<testExecutions version="1">
  <file path="C:\Angular project-2\codebook\src\app\custom-sidenav\custom-sidenav.component.spec.ts">
    <testCase name="CustomSidenavComponent should create the component" duration="456"/>
    <testCase name="CustomSidenavComponent should inject ResponsiveService" duration="82"/>
    <testCase name="CustomSidenavComponent should inject DarkModeService" duration="193"/>
    <testCase name="CustomSidenavComponent should initialize menuItems signal with correct items" duration="96"/>
    <testCase name="CustomSidenavComponent should initialize sideNavCollapsed signal as false" duration="92"/>
    <testCase name="CustomSidenavComponent should set sideNavCollapsed signal when collapsed input is set" duration="77"/>
    <testCase name="CustomSidenavComponent should render all menu items in the template" duration="71">
      <failure message="Error: expect(received).toBe(expected) // Object.is equality"><![CDATA[Error: expect(received).toBe(expected) // Object.is equality

Expected: 4
Received: 0
    at C:\Angular project-2\codebook\src\app\custom-sidenav\custom-sidenav.component.spec.ts:96:30
    at _ZoneDelegate.invoke (C:\Angular project-2\codebook\node_modules\zone.js\bundles\zone.umd.js:416:32)
    at ProxyZoneSpec.Object.<anonymous>.ProxyZoneSpec.onInvoke (C:\Angular project-2\codebook\node_modules\zone.js\bundles\zone-testing.umd.js:2177:43)
    at _ZoneDelegate.invoke (C:\Angular project-2\codebook\node_modules\zone.js\bundles\zone.umd.js:415:38)
    at ZoneImpl.run (C:\Angular project-2\codebook\node_modules\zone.js\bundles\zone.umd.js:147:47)
    at Object.wrappedFunc (C:\Angular project-2\codebook\node_modules\zone.js\bundles\zone-testing.umd.js:450:38)
    at Promise.then.completed (C:\Angular project-2\codebook\node_modules\jest-circus\build\utils.js:298:28)
    at new Promise (<anonymous>)
    at callAsyncCircusFn (C:\Angular project-2\codebook\node_modules\jest-circus\build\utils.js:231:10)
    at _callCircusTest (C:\Angular project-2\codebook\node_modules\jest-circus\build\run.js:316:40)
    at processTicksAndRejections (node:internal/process/task_queues:105:5)
    at _runTest (C:\Angular project-2\codebook\node_modules\jest-circus\build\run.js:252:3)
    at _runTestsForDescribeBlock (C:\Angular project-2\codebook\node_modules\jest-circus\build\run.js:126:9)
    at _runTestsForDescribeBlock (C:\Angular project-2\codebook\node_modules\jest-circus\build\run.js:121:9)
    at run (C:\Angular project-2\codebook\node_modules\jest-circus\build\run.js:71:3)
    at runAndTransformResultsToJestFormat (C:\Angular project-2\codebook\node_modules\jest-circus\build\legacy-code-todo-rewrite\jestAdapterInit.js:122:21)]]></failure>
    </testCase>
    <testCase name="CustomSidenavComponent should apply collapsed class when sideNavCollapsed is true" duration="58">
      <failure message="TypeError: ctx_r2.responsiveService.isMobile is not a function"><![CDATA[TypeError: ctx_r2.responsiveService.isMobile is not a function
    at CustomSidenavComponent_a_2_Template (ng:///CustomSidenavComponent.js:36:69)
    at executeTemplate (C:\Angular project-2\codebook\node_modules\@angular\core\fesm2022\core.mjs:12338:9)
    at refreshView (C:\Angular project-2\codebook\node_modules\@angular\core\fesm2022\core.mjs:14023:13)
    at detectChangesInView (C:\Angular project-2\codebook\node_modules\@angular\core\fesm2022\core.mjs:14243:9)
    at detectChangesInViewIfAttached (C:\Angular project-2\codebook\node_modules\@angular\core\fesm2022\core.mjs:14203:5)
    at detectChangesInEmbeddedViews (C:\Angular project-2\codebook\node_modules\@angular\core\fesm2022\core.mjs:14160:13)
    at refreshView (C:\Angular project-2\codebook\node_modules\@angular\core\fesm2022\core.mjs:14052:9)
    at detectChangesInView (C:\Angular project-2\codebook\node_modules\@angular\core\fesm2022\core.mjs:14243:9)
    at detectChangesInViewIfAttached (C:\Angular project-2\codebook\node_modules\@angular\core\fesm2022\core.mjs:14203:5)
    at detectChangesInComponent (C:\Angular project-2\codebook\node_modules\@angular\core\fesm2022\core.mjs:14191:5)
    at detectChangesInChildComponents (C:\Angular project-2\codebook\node_modules\@angular\core\fesm2022\core.mjs:14262:9)
    at refreshView (C:\Angular project-2\codebook\node_modules\@angular\core\fesm2022\core.mjs:14078:13)
    at detectChangesInView (C:\Angular project-2\codebook\node_modules\@angular\core\fesm2022\core.mjs:14243:9)
    at detectChangesInViewWhileDirty (C:\Angular project-2\codebook\node_modules\@angular\core\fesm2022\core.mjs:13935:9)
    at detectChangesInternal (C:\Angular project-2\codebook\node_modules\@angular\core\fesm2022\core.mjs:13917:9)
    at ViewRef.detectChanges (C:\Angular project-2\codebook\node_modules\@angular\core\fesm2022\core.mjs:14774:9)
    at C:\Angular project-2\codebook\node_modules\@angular\core\fesm2022\testing.mjs:292:44
    at _ZoneDelegate.invoke (C:\Angular project-2\codebook\node_modules\zone.js\bundles\zone.umd.js:416:32)
    at ProxyZoneSpec.Object.<anonymous>.ProxyZoneSpec.onInvoke (C:\Angular project-2\codebook\node_modules\zone.js\bundles\zone-testing.umd.js:2177:43)
    at _ZoneDelegate.invoke (C:\Angular project-2\codebook\node_modules\zone.js\bundles\zone.umd.js:415:38)
    at Object.onInvoke (C:\Angular project-2\codebook\node_modules\@angular\core\fesm2022\core.mjs:6528:33)
    at _ZoneDelegate.invoke (C:\Angular project-2\codebook\node_modules\zone.js\bundles\zone.umd.js:415:38)
    at ZoneImpl.run (C:\Angular project-2\codebook\node_modules\zone.js\bundles\zone.umd.js:147:47)
    at NgZone.run (C:\Angular project-2\codebook\node_modules\@angular\core\fesm2022\core.mjs:6374:28)
    at ComponentFixture.detectChanges (C:\Angular project-2\codebook\node_modules\@angular\core\fesm2022\testing.mjs:289:30)
    at C:\Angular project-2\codebook\src\app\custom-sidenav\custom-sidenav.component.spec.ts:112:13
    at _ZoneDelegate.invoke (C:\Angular project-2\codebook\node_modules\zone.js\bundles\zone.umd.js:416:32)
    at ProxyZoneSpec.Object.<anonymous>.ProxyZoneSpec.onInvoke (C:\Angular project-2\codebook\node_modules\zone.js\bundles\zone-testing.umd.js:2177:43)
    at _ZoneDelegate.invoke (C:\Angular project-2\codebook\node_modules\zone.js\bundles\zone.umd.js:415:38)
    at ZoneImpl.run (C:\Angular project-2\codebook\node_modules\zone.js\bundles\zone.umd.js:147:47)
    at Object.wrappedFunc (C:\Angular project-2\codebook\node_modules\zone.js\bundles\zone-testing.umd.js:450:38)
    at Promise.then.completed (C:\Angular project-2\codebook\node_modules\jest-circus\build\utils.js:298:28)
    at new Promise (<anonymous>)
    at callAsyncCircusFn (C:\Angular project-2\codebook\node_modules\jest-circus\build\utils.js:231:10)
    at _callCircusTest (C:\Angular project-2\codebook\node_modules\jest-circus\build\run.js:316:40)
    at processTicksAndRejections (node:internal/process/task_queues:105:5)
    at _runTest (C:\Angular project-2\codebook\node_modules\jest-circus\build\run.js:252:3)
    at _runTestsForDescribeBlock (C:\Angular project-2\codebook\node_modules\jest-circus\build\run.js:126:9)
    at _runTestsForDescribeBlock (C:\Angular project-2\codebook\node_modules\jest-circus\build\run.js:121:9)
    at run (C:\Angular project-2\codebook\node_modules\jest-circus\build\run.js:71:3)
    at runAndTransformResultsToJestFormat (C:\Angular project-2\codebook\node_modules\jest-circus\build\legacy-code-todo-rewrite\jestAdapterInit.js:122:21)]]></failure>
    </testCase>
    <testCase name="CustomSidenavComponent should not apply collapsed class when sideNavCollapsed is false" duration="114">
      <failure message="TypeError: Cannot read properties of null (reading &apos;classes&apos;)"><![CDATA[TypeError: Cannot read properties of null (reading 'classes')
    at C:\Angular project-2\codebook\src\app\custom-sidenav\custom-sidenav.component.spec.ts:123:20
    at _ZoneDelegate.invoke (C:\Angular project-2\codebook\node_modules\zone.js\bundles\zone.umd.js:416:32)
    at ProxyZoneSpec.Object.<anonymous>.ProxyZoneSpec.onInvoke (C:\Angular project-2\codebook\node_modules\zone.js\bundles\zone-testing.umd.js:2177:43)
    at _ZoneDelegate.invoke (C:\Angular project-2\codebook\node_modules\zone.js\bundles\zone.umd.js:415:38)
    at ZoneImpl.run (C:\Angular project-2\codebook\node_modules\zone.js\bundles\zone.umd.js:147:47)
    at Object.wrappedFunc (C:\Angular project-2\codebook\node_modules\zone.js\bundles\zone-testing.umd.js:450:38)
    at Promise.then.completed (C:\Angular project-2\codebook\node_modules\jest-circus\build\utils.js:298:28)
    at new Promise (<anonymous>)
    at callAsyncCircusFn (C:\Angular project-2\codebook\node_modules\jest-circus\build\utils.js:231:10)
    at _callCircusTest (C:\Angular project-2\codebook\node_modules\jest-circus\build\run.js:316:40)
    at processTicksAndRejections (node:internal/process/task_queues:105:5)
    at _runTest (C:\Angular project-2\codebook\node_modules\jest-circus\build\run.js:252:3)
    at _runTestsForDescribeBlock (C:\Angular project-2\codebook\node_modules\jest-circus\build\run.js:126:9)
    at _runTestsForDescribeBlock (C:\Angular project-2\codebook\node_modules\jest-circus\build\run.js:121:9)
    at run (C:\Angular project-2\codebook\node_modules\jest-circus\build\run.js:71:3)
    at runAndTransformResultsToJestFormat (C:\Angular project-2\codebook\node_modules\jest-circus\build\legacy-code-todo-rewrite\jestAdapterInit.js:122:21)]]></failure>
    </testCase>
    <testCase name="CustomSidenavComponent should handle empty menuItems signal" duration="117"/>
    <testCase name="CustomSidenavComponent should update menuItems signal and reflect in template" duration="72">
      <failure message="Error: expect(received).toBe(expected) // Object.is equality"><![CDATA[Error: expect(received).toBe(expected) // Object.is equality

Expected: 1
Received: 0
    at C:\Angular project-2\codebook\src\app\custom-sidenav\custom-sidenav.component.spec.ts:142:30
    at _ZoneDelegate.invoke (C:\Angular project-2\codebook\node_modules\zone.js\bundles\zone.umd.js:416:32)
    at ProxyZoneSpec.Object.<anonymous>.ProxyZoneSpec.onInvoke (C:\Angular project-2\codebook\node_modules\zone.js\bundles\zone-testing.umd.js:2177:43)
    at _ZoneDelegate.invoke (C:\Angular project-2\codebook\node_modules\zone.js\bundles\zone.umd.js:415:38)
    at ZoneImpl.run (C:\Angular project-2\codebook\node_modules\zone.js\bundles\zone.umd.js:147:47)
    at Object.wrappedFunc (C:\Angular project-2\codebook\node_modules\zone.js\bundles\zone-testing.umd.js:450:38)
    at Promise.then.completed (C:\Angular project-2\codebook\node_modules\jest-circus\build\utils.js:298:28)
    at new Promise (<anonymous>)
    at callAsyncCircusFn (C:\Angular project-2\codebook\node_modules\jest-circus\build\utils.js:231:10)
    at _callCircusTest (C:\Angular project-2\codebook\node_modules\jest-circus\build\run.js:316:40)
    at processTicksAndRejections (node:internal/process/task_queues:105:5)
    at _runTest (C:\Angular project-2\codebook\node_modules\jest-circus\build\run.js:252:3)
    at _runTestsForDescribeBlock (C:\Angular project-2\codebook\node_modules\jest-circus\build\run.js:126:9)
    at _runTestsForDescribeBlock (C:\Angular project-2\codebook\node_modules\jest-circus\build\run.js:121:9)
    at run (C:\Angular project-2\codebook\node_modules\jest-circus\build\run.js:71:3)
    at runAndTransformResultsToJestFormat (C:\Angular project-2\codebook\node_modules\jest-circus\build\legacy-code-todo-rewrite\jestAdapterInit.js:122:21)]]></failure>
    </testCase>
    <testCase name="CustomSidenavComponent should handle null collapsed input gracefully" duration="91">
      <failure message="Error: expect(received).toBe(expected) // Object.is equality"><![CDATA[Error: expect(received).toBe(expected) // Object.is equality

Expected: false
Received: null
    at C:\Angular project-2\codebook\src\app\custom-sidenav\custom-sidenav.component.spec.ts:152:42
    at _ZoneDelegate.invoke (C:\Angular project-2\codebook\node_modules\zone.js\bundles\zone.umd.js:416:32)
    at ProxyZoneSpec.Object.<anonymous>.ProxyZoneSpec.onInvoke (C:\Angular project-2\codebook\node_modules\zone.js\bundles\zone-testing.umd.js:2177:43)
    at _ZoneDelegate.invoke (C:\Angular project-2\codebook\node_modules\zone.js\bundles\zone.umd.js:415:38)
    at ZoneImpl.run (C:\Angular project-2\codebook\node_modules\zone.js\bundles\zone.umd.js:147:47)
    at Object.wrappedFunc (C:\Angular project-2\codebook\node_modules\zone.js\bundles\zone-testing.umd.js:450:38)
    at Promise.then.completed (C:\Angular project-2\codebook\node_modules\jest-circus\build\utils.js:298:28)
    at new Promise (<anonymous>)
    at callAsyncCircusFn (C:\Angular project-2\codebook\node_modules\jest-circus\build\utils.js:231:10)
    at _callCircusTest (C:\Angular project-2\codebook\node_modules\jest-circus\build\run.js:316:40)
    at processTicksAndRejections (node:internal/process/task_queues:105:5)
    at _runTest (C:\Angular project-2\codebook\node_modules\jest-circus\build\run.js:252:3)
    at _runTestsForDescribeBlock (C:\Angular project-2\codebook\node_modules\jest-circus\build\run.js:126:9)
    at _runTestsForDescribeBlock (C:\Angular project-2\codebook\node_modules\jest-circus\build\run.js:121:9)
    at run (C:\Angular project-2\codebook\node_modules\jest-circus\build\run.js:71:3)
    at runAndTransformResultsToJestFormat (C:\Angular project-2\codebook\node_modules\jest-circus\build\legacy-code-todo-rewrite\jestAdapterInit.js:122:21)]]></failure>
    </testCase>
    <testCase name="CustomSidenavComponent should use translate pipe for menu item labels" duration="120"/>
  </file>
  <file path="C:\Angular project-2\codebook\src\app\pages\dashboard\service-provider\service-provider.component.spec.ts">
    <testCase name="ServiceProviderComponent constructor and form initialization should create component and initialize form without provider" duration="469">
      <failure message="NullInjectorError: R3InjectorError(Standalone[ServiceProviderComponent])[_TranslateService -&gt; _TranslateService -&gt; TranslateStore -&gt; TranslateStore]: "><![CDATA[NullInjectorError: R3InjectorError(Standalone[ServiceProviderComponent])[_TranslateService -> _TranslateService -> TranslateStore -> TranslateStore]: 
  NullInjectorError: No provider for TranslateStore!
    at NullInjector.get (C:\Angular project-2\codebook\node_modules\@angular\core\fesm2022\core.mjs:1624:27)
    at R3Injector.get (C:\Angular project-2\codebook\node_modules\@angular\core\fesm2022\core.mjs:2151:33)
    at R3Injector.get (C:\Angular project-2\codebook\node_modules\@angular\core\fesm2022\core.mjs:2151:33)
    at injectInjectorOnly (C:\Angular project-2\codebook\node_modules\@angular\core\fesm2022\core.mjs:1119:32)
    at ɵɵinject (C:\Angular project-2\codebook\node_modules\@angular\core\fesm2022\core.mjs:1125:42)
    at Object._TranslateService_Factory [as factory] (ng:///_TranslateService/ɵfac.js:5:61)
    at C:\Angular project-2\codebook\node_modules\@angular\core\fesm2022\core.mjs:2274:47
    at runInInjectorProfilerContext (C:\Angular project-2\codebook\node_modules\@angular\core\fesm2022\core.mjs:880:9)
    at R3Injector.hydrate (C:\Angular project-2\codebook\node_modules\@angular\core\fesm2022\core.mjs:2273:21)
    at R3Injector.get (C:\Angular project-2\codebook\node_modules\@angular\core\fesm2022\core.mjs:2141:33)
    at R3Injector.get (C:\Angular project-2\codebook\node_modules\@angular\core\fesm2022\core.mjs:2151:33)
    at ChainedInjector.get (C:\Angular project-2\codebook\node_modules\@angular\core\fesm2022\core.mjs:17238:36)
    at lookupTokenUsingModuleInjector (C:\Angular project-2\codebook\node_modules\@angular\core\fesm2022\core.mjs:5063:39)
    at getOrCreateInjectable (C:\Angular project-2\codebook\node_modules\@angular\core\fesm2022\core.mjs:5111:12)
    at ɵɵdirectiveInject (C:\Angular project-2\codebook\node_modules\@angular\core\fesm2022\core.mjs:17289:19)
    at NodeInjectorFactory.ServiceProviderComponent_Factory [as factory] (ng:///ServiceProviderComponent/ɵfac.js:8:7)
    at getNodeInjectable (C:\Angular project-2\codebook\node_modules\@angular\core\fesm2022\core.mjs:5323:44)
    at instantiateAllDirectives (C:\Angular project-2\codebook\node_modules\@angular\core\fesm2022\core.mjs:12562:27)
    at createDirectivesInstances (C:\Angular project-2\codebook\node_modules\@angular\core\fesm2022\core.mjs:12352:5)
    at ComponentFactory2.create (C:\Angular project-2\codebook\node_modules\@angular\core\fesm2022\core.mjs:17945:17)
    at initComponent (C:\Angular project-2\codebook\node_modules\@angular\core\fesm2022\testing.mjs:2053:51)
    at _ZoneDelegate.invoke (C:\Angular project-2\codebook\node_modules\zone.js\bundles\zone.umd.js:416:32)
    at ProxyZoneSpec.Object.<anonymous>.ProxyZoneSpec.onInvoke (C:\Angular project-2\codebook\node_modules\zone.js\bundles\zone-testing.umd.js:2177:43)
    at _ZoneDelegate.invoke (C:\Angular project-2\codebook\node_modules\zone.js\bundles\zone.umd.js:415:38)
    at Object.onInvoke (C:\Angular project-2\codebook\node_modules\@angular\core\fesm2022\core.mjs:6528:33)
    at _ZoneDelegate.invoke (C:\Angular project-2\codebook\node_modules\zone.js\bundles\zone.umd.js:415:38)
    at ZoneImpl.run (C:\Angular project-2\codebook\node_modules\zone.js\bundles\zone.umd.js:147:47)
    at NgZone.run (C:\Angular project-2\codebook\node_modules\@angular\core\fesm2022\core.mjs:6374:28)
    at _TestBedImpl.createComponent (C:\Angular project-2\codebook\node_modules\@angular\core\fesm2022\testing.mjs:2058:41)
    at Function.createComponent (C:\Angular project-2\codebook\node_modules\@angular\core\fesm2022\testing.mjs:1844:37)
    at C:\Angular project-2\codebook\src\app\pages\dashboard\service-provider\service-provider.component.spec.ts:78:23
    at _ZoneDelegate.invoke (C:\Angular project-2\codebook\node_modules\zone.js\bundles\zone.umd.js:416:32)
    at ProxyZoneSpec.Object.<anonymous>.ProxyZoneSpec.onInvoke (C:\Angular project-2\codebook\node_modules\zone.js\bundles\zone-testing.umd.js:2177:43)
    at _ZoneDelegate.invoke (C:\Angular project-2\codebook\node_modules\zone.js\bundles\zone.umd.js:415:38)
    at ZoneImpl.run (C:\Angular project-2\codebook\node_modules\zone.js\bundles\zone.umd.js:147:47)
    at Object.wrappedFunc (C:\Angular project-2\codebook\node_modules\zone.js\bundles\zone-testing.umd.js:450:38)
    at Promise.then.completed (C:\Angular project-2\codebook\node_modules\jest-circus\build\utils.js:298:28)
    at new Promise (<anonymous>)
    at callAsyncCircusFn (C:\Angular project-2\codebook\node_modules\jest-circus\build\utils.js:231:10)
    at _callCircusHook (C:\Angular project-2\codebook\node_modules\jest-circus\build\run.js:281:40)
    at processTicksAndRejections (node:internal/process/task_queues:105:5)
    at _runTest (C:\Angular project-2\codebook\node_modules\jest-circus\build\run.js:246:5)
    at _runTestsForDescribeBlock (C:\Angular project-2\codebook\node_modules\jest-circus\build\run.js:126:9)
    at _runTestsForDescribeBlock (C:\Angular project-2\codebook\node_modules\jest-circus\build\run.js:121:9)
    at _runTestsForDescribeBlock (C:\Angular project-2\codebook\node_modules\jest-circus\build\run.js:121:9)
    at run (C:\Angular project-2\codebook\node_modules\jest-circus\build\run.js:71:3)
    at runAndTransformResultsToJestFormat (C:\Angular project-2\codebook\node_modules\jest-circus\build\legacy-code-todo-rewrite\jestAdapterInit.js:122:21)]]></failure>
    </testCase>
    <testCase name="ServiceProviderComponent constructor and form initialization should initialize form with provider data" duration="41">
      <failure message="NullInjectorError: R3InjectorError(Standalone[ServiceProviderComponent])[_TranslateService -&gt; _TranslateService -&gt; TranslateStore -&gt; TranslateStore]: "><![CDATA[NullInjectorError: R3InjectorError(Standalone[ServiceProviderComponent])[_TranslateService -> _TranslateService -> TranslateStore -> TranslateStore]: 
  NullInjectorError: No provider for TranslateStore!
    at NullInjector.get (C:\Angular project-2\codebook\node_modules\@angular\core\fesm2022\core.mjs:1624:27)
    at R3Injector.get (C:\Angular project-2\codebook\node_modules\@angular\core\fesm2022\core.mjs:2151:33)
    at R3Injector.get (C:\Angular project-2\codebook\node_modules\@angular\core\fesm2022\core.mjs:2151:33)
    at injectInjectorOnly (C:\Angular project-2\codebook\node_modules\@angular\core\fesm2022\core.mjs:1119:32)
    at ɵɵinject (C:\Angular project-2\codebook\node_modules\@angular\core\fesm2022\core.mjs:1125:42)
    at Object._TranslateService_Factory [as factory] (ng:///_TranslateService/ɵfac.js:5:61)
    at C:\Angular project-2\codebook\node_modules\@angular\core\fesm2022\core.mjs:2274:47
    at runInInjectorProfilerContext (C:\Angular project-2\codebook\node_modules\@angular\core\fesm2022\core.mjs:880:9)
    at R3Injector.hydrate (C:\Angular project-2\codebook\node_modules\@angular\core\fesm2022\core.mjs:2273:21)
    at R3Injector.get (C:\Angular project-2\codebook\node_modules\@angular\core\fesm2022\core.mjs:2141:33)
    at R3Injector.get (C:\Angular project-2\codebook\node_modules\@angular\core\fesm2022\core.mjs:2151:33)
    at ChainedInjector.get (C:\Angular project-2\codebook\node_modules\@angular\core\fesm2022\core.mjs:17238:36)
    at lookupTokenUsingModuleInjector (C:\Angular project-2\codebook\node_modules\@angular\core\fesm2022\core.mjs:5063:39)
    at getOrCreateInjectable (C:\Angular project-2\codebook\node_modules\@angular\core\fesm2022\core.mjs:5111:12)
    at ɵɵdirectiveInject (C:\Angular project-2\codebook\node_modules\@angular\core\fesm2022\core.mjs:17289:19)
    at NodeInjectorFactory.ServiceProviderComponent_Factory [as factory] (ng:///ServiceProviderComponent/ɵfac.js:8:7)
    at getNodeInjectable (C:\Angular project-2\codebook\node_modules\@angular\core\fesm2022\core.mjs:5323:44)
    at instantiateAllDirectives (C:\Angular project-2\codebook\node_modules\@angular\core\fesm2022\core.mjs:12562:27)
    at createDirectivesInstances (C:\Angular project-2\codebook\node_modules\@angular\core\fesm2022\core.mjs:12352:5)
    at ComponentFactory2.create (C:\Angular project-2\codebook\node_modules\@angular\core\fesm2022\core.mjs:17945:17)
    at initComponent (C:\Angular project-2\codebook\node_modules\@angular\core\fesm2022\testing.mjs:2053:51)
    at _ZoneDelegate.invoke (C:\Angular project-2\codebook\node_modules\zone.js\bundles\zone.umd.js:416:32)
    at ProxyZoneSpec.Object.<anonymous>.ProxyZoneSpec.onInvoke (C:\Angular project-2\codebook\node_modules\zone.js\bundles\zone-testing.umd.js:2177:43)
    at _ZoneDelegate.invoke (C:\Angular project-2\codebook\node_modules\zone.js\bundles\zone.umd.js:415:38)
    at Object.onInvoke (C:\Angular project-2\codebook\node_modules\@angular\core\fesm2022\core.mjs:6528:33)
    at _ZoneDelegate.invoke (C:\Angular project-2\codebook\node_modules\zone.js\bundles\zone.umd.js:415:38)
    at ZoneImpl.run (C:\Angular project-2\codebook\node_modules\zone.js\bundles\zone.umd.js:147:47)
    at NgZone.run (C:\Angular project-2\codebook\node_modules\@angular\core\fesm2022\core.mjs:6374:28)
    at _TestBedImpl.createComponent (C:\Angular project-2\codebook\node_modules\@angular\core\fesm2022\testing.mjs:2058:41)
    at Function.createComponent (C:\Angular project-2\codebook\node_modules\@angular\core\fesm2022\testing.mjs:1844:37)
    at C:\Angular project-2\codebook\src\app\pages\dashboard\service-provider\service-provider.component.spec.ts:78:23
    at _ZoneDelegate.invoke (C:\Angular project-2\codebook\node_modules\zone.js\bundles\zone.umd.js:416:32)
    at ProxyZoneSpec.Object.<anonymous>.ProxyZoneSpec.onInvoke (C:\Angular project-2\codebook\node_modules\zone.js\bundles\zone-testing.umd.js:2177:43)
    at _ZoneDelegate.invoke (C:\Angular project-2\codebook\node_modules\zone.js\bundles\zone.umd.js:415:38)
    at ZoneImpl.run (C:\Angular project-2\codebook\node_modules\zone.js\bundles\zone.umd.js:147:47)
    at Object.wrappedFunc (C:\Angular project-2\codebook\node_modules\zone.js\bundles\zone-testing.umd.js:450:38)
    at Promise.then.completed (C:\Angular project-2\codebook\node_modules\jest-circus\build\utils.js:298:28)
    at new Promise (<anonymous>)
    at callAsyncCircusFn (C:\Angular project-2\codebook\node_modules\jest-circus\build\utils.js:231:10)
    at _callCircusHook (C:\Angular project-2\codebook\node_modules\jest-circus\build\run.js:281:40)
    at processTicksAndRejections (node:internal/process/task_queues:105:5)
    at _runTest (C:\Angular project-2\codebook\node_modules\jest-circus\build\run.js:246:5)
    at _runTestsForDescribeBlock (C:\Angular project-2\codebook\node_modules\jest-circus\build\run.js:126:9)
    at _runTestsForDescribeBlock (C:\Angular project-2\codebook\node_modules\jest-circus\build\run.js:121:9)
    at _runTestsForDescribeBlock (C:\Angular project-2\codebook\node_modules\jest-circus\build\run.js:121:9)
    at run (C:\Angular project-2\codebook\node_modules\jest-circus\build\run.js:71:3)
    at runAndTransformResultsToJestFormat (C:\Angular project-2\codebook\node_modules\jest-circus\build\legacy-code-todo-rewrite\jestAdapterInit.js:122:21)]]></failure>
    </testCase>
    <testCase name="ServiceProviderComponent constructor and form initialization should set isPopup to false when no dialog data provided" duration="41">
      <failure message="NullInjectorError: R3InjectorError(Standalone[ServiceProviderComponent])[_TranslateService -&gt; _TranslateService -&gt; TranslateStore -&gt; TranslateStore]: "><![CDATA[NullInjectorError: R3InjectorError(Standalone[ServiceProviderComponent])[_TranslateService -> _TranslateService -> TranslateStore -> TranslateStore]: 
  NullInjectorError: No provider for TranslateStore!
    at NullInjector.get (C:\Angular project-2\codebook\node_modules\@angular\core\fesm2022\core.mjs:1624:27)
    at R3Injector.get (C:\Angular project-2\codebook\node_modules\@angular\core\fesm2022\core.mjs:2151:33)
    at R3Injector.get (C:\Angular project-2\codebook\node_modules\@angular\core\fesm2022\core.mjs:2151:33)
    at injectInjectorOnly (C:\Angular project-2\codebook\node_modules\@angular\core\fesm2022\core.mjs:1119:32)
    at ɵɵinject (C:\Angular project-2\codebook\node_modules\@angular\core\fesm2022\core.mjs:1125:42)
    at Object._TranslateService_Factory [as factory] (ng:///_TranslateService/ɵfac.js:5:61)
    at C:\Angular project-2\codebook\node_modules\@angular\core\fesm2022\core.mjs:2274:47
    at runInInjectorProfilerContext (C:\Angular project-2\codebook\node_modules\@angular\core\fesm2022\core.mjs:880:9)
    at R3Injector.hydrate (C:\Angular project-2\codebook\node_modules\@angular\core\fesm2022\core.mjs:2273:21)
    at R3Injector.get (C:\Angular project-2\codebook\node_modules\@angular\core\fesm2022\core.mjs:2141:33)
    at R3Injector.get (C:\Angular project-2\codebook\node_modules\@angular\core\fesm2022\core.mjs:2151:33)
    at ChainedInjector.get (C:\Angular project-2\codebook\node_modules\@angular\core\fesm2022\core.mjs:17238:36)
    at lookupTokenUsingModuleInjector (C:\Angular project-2\codebook\node_modules\@angular\core\fesm2022\core.mjs:5063:39)
    at getOrCreateInjectable (C:\Angular project-2\codebook\node_modules\@angular\core\fesm2022\core.mjs:5111:12)
    at ɵɵdirectiveInject (C:\Angular project-2\codebook\node_modules\@angular\core\fesm2022\core.mjs:17289:19)
    at NodeInjectorFactory.ServiceProviderComponent_Factory [as factory] (ng:///ServiceProviderComponent/ɵfac.js:8:7)
    at getNodeInjectable (C:\Angular project-2\codebook\node_modules\@angular\core\fesm2022\core.mjs:5323:44)
    at instantiateAllDirectives (C:\Angular project-2\codebook\node_modules\@angular\core\fesm2022\core.mjs:12562:27)
    at createDirectivesInstances (C:\Angular project-2\codebook\node_modules\@angular\core\fesm2022\core.mjs:12352:5)
    at ComponentFactory2.create (C:\Angular project-2\codebook\node_modules\@angular\core\fesm2022\core.mjs:17945:17)
    at initComponent (C:\Angular project-2\codebook\node_modules\@angular\core\fesm2022\testing.mjs:2053:51)
    at _ZoneDelegate.invoke (C:\Angular project-2\codebook\node_modules\zone.js\bundles\zone.umd.js:416:32)
    at ProxyZoneSpec.Object.<anonymous>.ProxyZoneSpec.onInvoke (C:\Angular project-2\codebook\node_modules\zone.js\bundles\zone-testing.umd.js:2177:43)
    at _ZoneDelegate.invoke (C:\Angular project-2\codebook\node_modules\zone.js\bundles\zone.umd.js:415:38)
    at Object.onInvoke (C:\Angular project-2\codebook\node_modules\@angular\core\fesm2022\core.mjs:6528:33)
    at _ZoneDelegate.invoke (C:\Angular project-2\codebook\node_modules\zone.js\bundles\zone.umd.js:415:38)
    at ZoneImpl.run (C:\Angular project-2\codebook\node_modules\zone.js\bundles\zone.umd.js:147:47)
    at NgZone.run (C:\Angular project-2\codebook\node_modules\@angular\core\fesm2022\core.mjs:6374:28)
    at _TestBedImpl.createComponent (C:\Angular project-2\codebook\node_modules\@angular\core\fesm2022\testing.mjs:2058:41)
    at Function.createComponent (C:\Angular project-2\codebook\node_modules\@angular\core\fesm2022\testing.mjs:1844:37)
    at C:\Angular project-2\codebook\src\app\pages\dashboard\service-provider\service-provider.component.spec.ts:78:23
    at _ZoneDelegate.invoke (C:\Angular project-2\codebook\node_modules\zone.js\bundles\zone.umd.js:416:32)
    at ProxyZoneSpec.Object.<anonymous>.ProxyZoneSpec.onInvoke (C:\Angular project-2\codebook\node_modules\zone.js\bundles\zone-testing.umd.js:2177:43)
    at _ZoneDelegate.invoke (C:\Angular project-2\codebook\node_modules\zone.js\bundles\zone.umd.js:415:38)
    at ZoneImpl.run (C:\Angular project-2\codebook\node_modules\zone.js\bundles\zone.umd.js:147:47)
    at Object.wrappedFunc (C:\Angular project-2\codebook\node_modules\zone.js\bundles\zone-testing.umd.js:450:38)
    at Promise.then.completed (C:\Angular project-2\codebook\node_modules\jest-circus\build\utils.js:298:28)
    at new Promise (<anonymous>)
    at callAsyncCircusFn (C:\Angular project-2\codebook\node_modules\jest-circus\build\utils.js:231:10)
    at _callCircusHook (C:\Angular project-2\codebook\node_modules\jest-circus\build\run.js:281:40)
    at processTicksAndRejections (node:internal/process/task_queues:105:5)
    at _runTest (C:\Angular project-2\codebook\node_modules\jest-circus\build\run.js:246:5)
    at _runTestsForDescribeBlock (C:\Angular project-2\codebook\node_modules\jest-circus\build\run.js:126:9)
    at _runTestsForDescribeBlock (C:\Angular project-2\codebook\node_modules\jest-circus\build\run.js:121:9)
    at _runTestsForDescribeBlock (C:\Angular project-2\codebook\node_modules\jest-circus\build\run.js:121:9)
    at run (C:\Angular project-2\codebook\node_modules\jest-circus\build\run.js:71:3)
    at runAndTransformResultsToJestFormat (C:\Angular project-2\codebook\node_modules\jest-circus\build\legacy-code-todo-rewrite\jestAdapterInit.js:122:21)]]></failure>
    </testCase>
    <testCase name="ServiceProviderComponent ngOnInit should set responsiveClass to flex-col for xsmall breakpoint" duration="60">
      <failure message="NullInjectorError: R3InjectorError(Standalone[ServiceProviderComponent])[_TranslateService -&gt; _TranslateService -&gt; TranslateStore -&gt; TranslateStore]: "><![CDATA[NullInjectorError: R3InjectorError(Standalone[ServiceProviderComponent])[_TranslateService -> _TranslateService -> TranslateStore -> TranslateStore]: 
  NullInjectorError: No provider for TranslateStore!
    at NullInjector.get (C:\Angular project-2\codebook\node_modules\@angular\core\fesm2022\core.mjs:1624:27)
    at R3Injector.get (C:\Angular project-2\codebook\node_modules\@angular\core\fesm2022\core.mjs:2151:33)
    at R3Injector.get (C:\Angular project-2\codebook\node_modules\@angular\core\fesm2022\core.mjs:2151:33)
    at injectInjectorOnly (C:\Angular project-2\codebook\node_modules\@angular\core\fesm2022\core.mjs:1119:32)
    at ɵɵinject (C:\Angular project-2\codebook\node_modules\@angular\core\fesm2022\core.mjs:1125:42)
    at Object._TranslateService_Factory [as factory] (ng:///_TranslateService/ɵfac.js:5:61)
    at C:\Angular project-2\codebook\node_modules\@angular\core\fesm2022\core.mjs:2274:47
    at runInInjectorProfilerContext (C:\Angular project-2\codebook\node_modules\@angular\core\fesm2022\core.mjs:880:9)
    at R3Injector.hydrate (C:\Angular project-2\codebook\node_modules\@angular\core\fesm2022\core.mjs:2273:21)
    at R3Injector.get (C:\Angular project-2\codebook\node_modules\@angular\core\fesm2022\core.mjs:2141:33)
    at R3Injector.get (C:\Angular project-2\codebook\node_modules\@angular\core\fesm2022\core.mjs:2151:33)
    at ChainedInjector.get (C:\Angular project-2\codebook\node_modules\@angular\core\fesm2022\core.mjs:17238:36)
    at lookupTokenUsingModuleInjector (C:\Angular project-2\codebook\node_modules\@angular\core\fesm2022\core.mjs:5063:39)
    at getOrCreateInjectable (C:\Angular project-2\codebook\node_modules\@angular\core\fesm2022\core.mjs:5111:12)
    at ɵɵdirectiveInject (C:\Angular project-2\codebook\node_modules\@angular\core\fesm2022\core.mjs:17289:19)
    at NodeInjectorFactory.ServiceProviderComponent_Factory [as factory] (ng:///ServiceProviderComponent/ɵfac.js:8:7)
    at getNodeInjectable (C:\Angular project-2\codebook\node_modules\@angular\core\fesm2022\core.mjs:5323:44)
    at instantiateAllDirectives (C:\Angular project-2\codebook\node_modules\@angular\core\fesm2022\core.mjs:12562:27)
    at createDirectivesInstances (C:\Angular project-2\codebook\node_modules\@angular\core\fesm2022\core.mjs:12352:5)
    at ComponentFactory2.create (C:\Angular project-2\codebook\node_modules\@angular\core\fesm2022\core.mjs:17945:17)
    at initComponent (C:\Angular project-2\codebook\node_modules\@angular\core\fesm2022\testing.mjs:2053:51)
    at _ZoneDelegate.invoke (C:\Angular project-2\codebook\node_modules\zone.js\bundles\zone.umd.js:416:32)
    at ProxyZoneSpec.Object.<anonymous>.ProxyZoneSpec.onInvoke (C:\Angular project-2\codebook\node_modules\zone.js\bundles\zone-testing.umd.js:2177:43)
    at _ZoneDelegate.invoke (C:\Angular project-2\codebook\node_modules\zone.js\bundles\zone.umd.js:415:38)
    at Object.onInvoke (C:\Angular project-2\codebook\node_modules\@angular\core\fesm2022\core.mjs:6528:33)
    at _ZoneDelegate.invoke (C:\Angular project-2\codebook\node_modules\zone.js\bundles\zone.umd.js:415:38)
    at ZoneImpl.run (C:\Angular project-2\codebook\node_modules\zone.js\bundles\zone.umd.js:147:47)
    at NgZone.run (C:\Angular project-2\codebook\node_modules\@angular\core\fesm2022\core.mjs:6374:28)
    at _TestBedImpl.createComponent (C:\Angular project-2\codebook\node_modules\@angular\core\fesm2022\testing.mjs:2058:41)
    at Function.createComponent (C:\Angular project-2\codebook\node_modules\@angular\core\fesm2022\testing.mjs:1844:37)
    at C:\Angular project-2\codebook\src\app\pages\dashboard\service-provider\service-provider.component.spec.ts:78:23
    at _ZoneDelegate.invoke (C:\Angular project-2\codebook\node_modules\zone.js\bundles\zone.umd.js:416:32)
    at ProxyZoneSpec.Object.<anonymous>.ProxyZoneSpec.onInvoke (C:\Angular project-2\codebook\node_modules\zone.js\bundles\zone-testing.umd.js:2177:43)
    at _ZoneDelegate.invoke (C:\Angular project-2\codebook\node_modules\zone.js\bundles\zone.umd.js:415:38)
    at ZoneImpl.run (C:\Angular project-2\codebook\node_modules\zone.js\bundles\zone.umd.js:147:47)
    at Object.wrappedFunc (C:\Angular project-2\codebook\node_modules\zone.js\bundles\zone-testing.umd.js:450:38)
    at Promise.then.completed (C:\Angular project-2\codebook\node_modules\jest-circus\build\utils.js:298:28)
    at new Promise (<anonymous>)
    at callAsyncCircusFn (C:\Angular project-2\codebook\node_modules\jest-circus\build\utils.js:231:10)
    at _callCircusHook (C:\Angular project-2\codebook\node_modules\jest-circus\build\run.js:281:40)
    at processTicksAndRejections (node:internal/process/task_queues:105:5)
    at _runTest (C:\Angular project-2\codebook\node_modules\jest-circus\build\run.js:246:5)
    at _runTestsForDescribeBlock (C:\Angular project-2\codebook\node_modules\jest-circus\build\run.js:126:9)
    at _runTestsForDescribeBlock (C:\Angular project-2\codebook\node_modules\jest-circus\build\run.js:121:9)
    at _runTestsForDescribeBlock (C:\Angular project-2\codebook\node_modules\jest-circus\build\run.js:121:9)
    at run (C:\Angular project-2\codebook\node_modules\jest-circus\build\run.js:71:3)
    at runAndTransformResultsToJestFormat (C:\Angular project-2\codebook\node_modules\jest-circus\build\legacy-code-todo-rewrite\jestAdapterInit.js:122:21)]]></failure>
    </testCase>
    <testCase name="ServiceProviderComponent ngOnInit should set responsiveClass to flex-col for small breakpoint" duration="57">
      <failure message="NullInjectorError: R3InjectorError(Standalone[ServiceProviderComponent])[_TranslateService -&gt; _TranslateService -&gt; TranslateStore -&gt; TranslateStore]: "><![CDATA[NullInjectorError: R3InjectorError(Standalone[ServiceProviderComponent])[_TranslateService -> _TranslateService -> TranslateStore -> TranslateStore]: 
  NullInjectorError: No provider for TranslateStore!
    at NullInjector.get (C:\Angular project-2\codebook\node_modules\@angular\core\fesm2022\core.mjs:1624:27)
    at R3Injector.get (C:\Angular project-2\codebook\node_modules\@angular\core\fesm2022\core.mjs:2151:33)
    at R3Injector.get (C:\Angular project-2\codebook\node_modules\@angular\core\fesm2022\core.mjs:2151:33)
    at injectInjectorOnly (C:\Angular project-2\codebook\node_modules\@angular\core\fesm2022\core.mjs:1119:32)
    at ɵɵinject (C:\Angular project-2\codebook\node_modules\@angular\core\fesm2022\core.mjs:1125:42)
    at Object._TranslateService_Factory [as factory] (ng:///_TranslateService/ɵfac.js:5:61)
    at C:\Angular project-2\codebook\node_modules\@angular\core\fesm2022\core.mjs:2274:47
    at runInInjectorProfilerContext (C:\Angular project-2\codebook\node_modules\@angular\core\fesm2022\core.mjs:880:9)
    at R3Injector.hydrate (C:\Angular project-2\codebook\node_modules\@angular\core\fesm2022\core.mjs:2273:21)
    at R3Injector.get (C:\Angular project-2\codebook\node_modules\@angular\core\fesm2022\core.mjs:2141:33)
    at R3Injector.get (C:\Angular project-2\codebook\node_modules\@angular\core\fesm2022\core.mjs:2151:33)
    at ChainedInjector.get (C:\Angular project-2\codebook\node_modules\@angular\core\fesm2022\core.mjs:17238:36)
    at lookupTokenUsingModuleInjector (C:\Angular project-2\codebook\node_modules\@angular\core\fesm2022\core.mjs:5063:39)
    at getOrCreateInjectable (C:\Angular project-2\codebook\node_modules\@angular\core\fesm2022\core.mjs:5111:12)
    at ɵɵdirectiveInject (C:\Angular project-2\codebook\node_modules\@angular\core\fesm2022\core.mjs:17289:19)
    at NodeInjectorFactory.ServiceProviderComponent_Factory [as factory] (ng:///ServiceProviderComponent/ɵfac.js:8:7)
    at getNodeInjectable (C:\Angular project-2\codebook\node_modules\@angular\core\fesm2022\core.mjs:5323:44)
    at instantiateAllDirectives (C:\Angular project-2\codebook\node_modules\@angular\core\fesm2022\core.mjs:12562:27)
    at createDirectivesInstances (C:\Angular project-2\codebook\node_modules\@angular\core\fesm2022\core.mjs:12352:5)
    at ComponentFactory2.create (C:\Angular project-2\codebook\node_modules\@angular\core\fesm2022\core.mjs:17945:17)
    at initComponent (C:\Angular project-2\codebook\node_modules\@angular\core\fesm2022\testing.mjs:2053:51)
    at _ZoneDelegate.invoke (C:\Angular project-2\codebook\node_modules\zone.js\bundles\zone.umd.js:416:32)
    at ProxyZoneSpec.Object.<anonymous>.ProxyZoneSpec.onInvoke (C:\Angular project-2\codebook\node_modules\zone.js\bundles\zone-testing.umd.js:2177:43)
    at _ZoneDelegate.invoke (C:\Angular project-2\codebook\node_modules\zone.js\bundles\zone.umd.js:415:38)
    at Object.onInvoke (C:\Angular project-2\codebook\node_modules\@angular\core\fesm2022\core.mjs:6528:33)
    at _ZoneDelegate.invoke (C:\Angular project-2\codebook\node_modules\zone.js\bundles\zone.umd.js:415:38)
    at ZoneImpl.run (C:\Angular project-2\codebook\node_modules\zone.js\bundles\zone.umd.js:147:47)
    at NgZone.run (C:\Angular project-2\codebook\node_modules\@angular\core\fesm2022\core.mjs:6374:28)
    at _TestBedImpl.createComponent (C:\Angular project-2\codebook\node_modules\@angular\core\fesm2022\testing.mjs:2058:41)
    at Function.createComponent (C:\Angular project-2\codebook\node_modules\@angular\core\fesm2022\testing.mjs:1844:37)
    at C:\Angular project-2\codebook\src\app\pages\dashboard\service-provider\service-provider.component.spec.ts:78:23
    at _ZoneDelegate.invoke (C:\Angular project-2\codebook\node_modules\zone.js\bundles\zone.umd.js:416:32)
    at ProxyZoneSpec.Object.<anonymous>.ProxyZoneSpec.onInvoke (C:\Angular project-2\codebook\node_modules\zone.js\bundles\zone-testing.umd.js:2177:43)
    at _ZoneDelegate.invoke (C:\Angular project-2\codebook\node_modules\zone.js\bundles\zone.umd.js:415:38)
    at ZoneImpl.run (C:\Angular project-2\codebook\node_modules\zone.js\bundles\zone.umd.js:147:47)
    at Object.wrappedFunc (C:\Angular project-2\codebook\node_modules\zone.js\bundles\zone-testing.umd.js:450:38)
    at Promise.then.completed (C:\Angular project-2\codebook\node_modules\jest-circus\build\utils.js:298:28)
    at new Promise (<anonymous>)
    at callAsyncCircusFn (C:\Angular project-2\codebook\node_modules\jest-circus\build\utils.js:231:10)
    at _callCircusHook (C:\Angular project-2\codebook\node_modules\jest-circus\build\run.js:281:40)
    at processTicksAndRejections (node:internal/process/task_queues:105:5)
    at _runTest (C:\Angular project-2\codebook\node_modules\jest-circus\build\run.js:246:5)
    at _runTestsForDescribeBlock (C:\Angular project-2\codebook\node_modules\jest-circus\build\run.js:126:9)
    at _runTestsForDescribeBlock (C:\Angular project-2\codebook\node_modules\jest-circus\build\run.js:121:9)
    at _runTestsForDescribeBlock (C:\Angular project-2\codebook\node_modules\jest-circus\build\run.js:121:9)
    at run (C:\Angular project-2\codebook\node_modules\jest-circus\build\run.js:71:3)
    at runAndTransformResultsToJestFormat (C:\Angular project-2\codebook\node_modules\jest-circus\build\legacy-code-todo-rewrite\jestAdapterInit.js:122:21)]]></failure>
    </testCase>
    <testCase name="ServiceProviderComponent ngOnInit should set responsiveClass to md:flex-row for medium breakpoint" duration="30">
      <failure message="NullInjectorError: R3InjectorError(Standalone[ServiceProviderComponent])[_TranslateService -&gt; _TranslateService -&gt; TranslateStore -&gt; TranslateStore]: "><![CDATA[NullInjectorError: R3InjectorError(Standalone[ServiceProviderComponent])[_TranslateService -> _TranslateService -> TranslateStore -> TranslateStore]: 
  NullInjectorError: No provider for TranslateStore!
    at NullInjector.get (C:\Angular project-2\codebook\node_modules\@angular\core\fesm2022\core.mjs:1624:27)
    at R3Injector.get (C:\Angular project-2\codebook\node_modules\@angular\core\fesm2022\core.mjs:2151:33)
    at R3Injector.get (C:\Angular project-2\codebook\node_modules\@angular\core\fesm2022\core.mjs:2151:33)
    at injectInjectorOnly (C:\Angular project-2\codebook\node_modules\@angular\core\fesm2022\core.mjs:1119:32)
    at ɵɵinject (C:\Angular project-2\codebook\node_modules\@angular\core\fesm2022\core.mjs:1125:42)
    at Object._TranslateService_Factory [as factory] (ng:///_TranslateService/ɵfac.js:5:61)
    at C:\Angular project-2\codebook\node_modules\@angular\core\fesm2022\core.mjs:2274:47
    at runInInjectorProfilerContext (C:\Angular project-2\codebook\node_modules\@angular\core\fesm2022\core.mjs:880:9)
    at R3Injector.hydrate (C:\Angular project-2\codebook\node_modules\@angular\core\fesm2022\core.mjs:2273:21)
    at R3Injector.get (C:\Angular project-2\codebook\node_modules\@angular\core\fesm2022\core.mjs:2141:33)
    at R3Injector.get (C:\Angular project-2\codebook\node_modules\@angular\core\fesm2022\core.mjs:2151:33)
    at ChainedInjector.get (C:\Angular project-2\codebook\node_modules\@angular\core\fesm2022\core.mjs:17238:36)
    at lookupTokenUsingModuleInjector (C:\Angular project-2\codebook\node_modules\@angular\core\fesm2022\core.mjs:5063:39)
    at getOrCreateInjectable (C:\Angular project-2\codebook\node_modules\@angular\core\fesm2022\core.mjs:5111:12)
    at ɵɵdirectiveInject (C:\Angular project-2\codebook\node_modules\@angular\core\fesm2022\core.mjs:17289:19)
    at NodeInjectorFactory.ServiceProviderComponent_Factory [as factory] (ng:///ServiceProviderComponent/ɵfac.js:8:7)
    at getNodeInjectable (C:\Angular project-2\codebook\node_modules\@angular\core\fesm2022\core.mjs:5323:44)
    at instantiateAllDirectives (C:\Angular project-2\codebook\node_modules\@angular\core\fesm2022\core.mjs:12562:27)
    at createDirectivesInstances (C:\Angular project-2\codebook\node_modules\@angular\core\fesm2022\core.mjs:12352:5)
    at ComponentFactory2.create (C:\Angular project-2\codebook\node_modules\@angular\core\fesm2022\core.mjs:17945:17)
    at initComponent (C:\Angular project-2\codebook\node_modules\@angular\core\fesm2022\testing.mjs:2053:51)
    at _ZoneDelegate.invoke (C:\Angular project-2\codebook\node_modules\zone.js\bundles\zone.umd.js:416:32)
    at ProxyZoneSpec.Object.<anonymous>.ProxyZoneSpec.onInvoke (C:\Angular project-2\codebook\node_modules\zone.js\bundles\zone-testing.umd.js:2177:43)
    at _ZoneDelegate.invoke (C:\Angular project-2\codebook\node_modules\zone.js\bundles\zone.umd.js:415:38)
    at Object.onInvoke (C:\Angular project-2\codebook\node_modules\@angular\core\fesm2022\core.mjs:6528:33)
    at _ZoneDelegate.invoke (C:\Angular project-2\codebook\node_modules\zone.js\bundles\zone.umd.js:415:38)
    at ZoneImpl.run (C:\Angular project-2\codebook\node_modules\zone.js\bundles\zone.umd.js:147:47)
    at NgZone.run (C:\Angular project-2\codebook\node_modules\@angular\core\fesm2022\core.mjs:6374:28)
    at _TestBedImpl.createComponent (C:\Angular project-2\codebook\node_modules\@angular\core\fesm2022\testing.mjs:2058:41)
    at Function.createComponent (C:\Angular project-2\codebook\node_modules\@angular\core\fesm2022\testing.mjs:1844:37)
    at C:\Angular project-2\codebook\src\app\pages\dashboard\service-provider\service-provider.component.spec.ts:78:23
    at _ZoneDelegate.invoke (C:\Angular project-2\codebook\node_modules\zone.js\bundles\zone.umd.js:416:32)
    at ProxyZoneSpec.Object.<anonymous>.ProxyZoneSpec.onInvoke (C:\Angular project-2\codebook\node_modules\zone.js\bundles\zone-testing.umd.js:2177:43)
    at _ZoneDelegate.invoke (C:\Angular project-2\codebook\node_modules\zone.js\bundles\zone.umd.js:415:38)
    at ZoneImpl.run (C:\Angular project-2\codebook\node_modules\zone.js\bundles\zone.umd.js:147:47)
    at Object.wrappedFunc (C:\Angular project-2\codebook\node_modules\zone.js\bundles\zone-testing.umd.js:450:38)
    at Promise.then.completed (C:\Angular project-2\codebook\node_modules\jest-circus\build\utils.js:298:28)
    at new Promise (<anonymous>)
    at callAsyncCircusFn (C:\Angular project-2\codebook\node_modules\jest-circus\build\utils.js:231:10)
    at _callCircusHook (C:\Angular project-2\codebook\node_modules\jest-circus\build\run.js:281:40)
    at processTicksAndRejections (node:internal/process/task_queues:105:5)
    at _runTest (C:\Angular project-2\codebook\node_modules\jest-circus\build\run.js:246:5)
    at _runTestsForDescribeBlock (C:\Angular project-2\codebook\node_modules\jest-circus\build\run.js:126:9)
    at _runTestsForDescribeBlock (C:\Angular project-2\codebook\node_modules\jest-circus\build\run.js:121:9)
    at _runTestsForDescribeBlock (C:\Angular project-2\codebook\node_modules\jest-circus\build\run.js:121:9)
    at run (C:\Angular project-2\codebook\node_modules\jest-circus\build\run.js:71:3)
    at runAndTransformResultsToJestFormat (C:\Angular project-2\codebook\node_modules\jest-circus\build\legacy-code-todo-rewrite\jestAdapterInit.js:122:21)]]></failure>
    </testCase>
    <testCase name="ServiceProviderComponent ngOnInit should set responsiveClass to md:flex-row for large breakpoint" duration="78">
      <failure message="NullInjectorError: R3InjectorError(Standalone[ServiceProviderComponent])[_TranslateService -&gt; _TranslateService -&gt; TranslateStore -&gt; TranslateStore]: "><![CDATA[NullInjectorError: R3InjectorError(Standalone[ServiceProviderComponent])[_TranslateService -> _TranslateService -> TranslateStore -> TranslateStore]: 
  NullInjectorError: No provider for TranslateStore!
    at NullInjector.get (C:\Angular project-2\codebook\node_modules\@angular\core\fesm2022\core.mjs:1624:27)
    at R3Injector.get (C:\Angular project-2\codebook\node_modules\@angular\core\fesm2022\core.mjs:2151:33)
    at R3Injector.get (C:\Angular project-2\codebook\node_modules\@angular\core\fesm2022\core.mjs:2151:33)
    at injectInjectorOnly (C:\Angular project-2\codebook\node_modules\@angular\core\fesm2022\core.mjs:1119:32)
    at ɵɵinject (C:\Angular project-2\codebook\node_modules\@angular\core\fesm2022\core.mjs:1125:42)
    at Object._TranslateService_Factory [as factory] (ng:///_TranslateService/ɵfac.js:5:61)
    at C:\Angular project-2\codebook\node_modules\@angular\core\fesm2022\core.mjs:2274:47
    at runInInjectorProfilerContext (C:\Angular project-2\codebook\node_modules\@angular\core\fesm2022\core.mjs:880:9)
    at R3Injector.hydrate (C:\Angular project-2\codebook\node_modules\@angular\core\fesm2022\core.mjs:2273:21)
    at R3Injector.get (C:\Angular project-2\codebook\node_modules\@angular\core\fesm2022\core.mjs:2141:33)
    at R3Injector.get (C:\Angular project-2\codebook\node_modules\@angular\core\fesm2022\core.mjs:2151:33)
    at ChainedInjector.get (C:\Angular project-2\codebook\node_modules\@angular\core\fesm2022\core.mjs:17238:36)
    at lookupTokenUsingModuleInjector (C:\Angular project-2\codebook\node_modules\@angular\core\fesm2022\core.mjs:5063:39)
    at getOrCreateInjectable (C:\Angular project-2\codebook\node_modules\@angular\core\fesm2022\core.mjs:5111:12)
    at ɵɵdirectiveInject (C:\Angular project-2\codebook\node_modules\@angular\core\fesm2022\core.mjs:17289:19)
    at NodeInjectorFactory.ServiceProviderComponent_Factory [as factory] (ng:///ServiceProviderComponent/ɵfac.js:8:7)
    at getNodeInjectable (C:\Angular project-2\codebook\node_modules\@angular\core\fesm2022\core.mjs:5323:44)
    at instantiateAllDirectives (C:\Angular project-2\codebook\node_modules\@angular\core\fesm2022\core.mjs:12562:27)
    at createDirectivesInstances (C:\Angular project-2\codebook\node_modules\@angular\core\fesm2022\core.mjs:12352:5)
    at ComponentFactory2.create (C:\Angular project-2\codebook\node_modules\@angular\core\fesm2022\core.mjs:17945:17)
    at initComponent (C:\Angular project-2\codebook\node_modules\@angular\core\fesm2022\testing.mjs:2053:51)
    at _ZoneDelegate.invoke (C:\Angular project-2\codebook\node_modules\zone.js\bundles\zone.umd.js:416:32)
    at ProxyZoneSpec.Object.<anonymous>.ProxyZoneSpec.onInvoke (C:\Angular project-2\codebook\node_modules\zone.js\bundles\zone-testing.umd.js:2177:43)
    at _ZoneDelegate.invoke (C:\Angular project-2\codebook\node_modules\zone.js\bundles\zone.umd.js:415:38)
    at Object.onInvoke (C:\Angular project-2\codebook\node_modules\@angular\core\fesm2022\core.mjs:6528:33)
    at _ZoneDelegate.invoke (C:\Angular project-2\codebook\node_modules\zone.js\bundles\zone.umd.js:415:38)
    at ZoneImpl.run (C:\Angular project-2\codebook\node_modules\zone.js\bundles\zone.umd.js:147:47)
    at NgZone.run (C:\Angular project-2\codebook\node_modules\@angular\core\fesm2022\core.mjs:6374:28)
    at _TestBedImpl.createComponent (C:\Angular project-2\codebook\node_modules\@angular\core\fesm2022\testing.mjs:2058:41)
    at Function.createComponent (C:\Angular project-2\codebook\node_modules\@angular\core\fesm2022\testing.mjs:1844:37)
    at C:\Angular project-2\codebook\src\app\pages\dashboard\service-provider\service-provider.component.spec.ts:78:23
    at _ZoneDelegate.invoke (C:\Angular project-2\codebook\node_modules\zone.js\bundles\zone.umd.js:416:32)
    at ProxyZoneSpec.Object.<anonymous>.ProxyZoneSpec.onInvoke (C:\Angular project-2\codebook\node_modules\zone.js\bundles\zone-testing.umd.js:2177:43)
    at _ZoneDelegate.invoke (C:\Angular project-2\codebook\node_modules\zone.js\bundles\zone.umd.js:415:38)
    at ZoneImpl.run (C:\Angular project-2\codebook\node_modules\zone.js\bundles\zone.umd.js:147:47)
    at Object.wrappedFunc (C:\Angular project-2\codebook\node_modules\zone.js\bundles\zone-testing.umd.js:450:38)
    at Promise.then.completed (C:\Angular project-2\codebook\node_modules\jest-circus\build\utils.js:298:28)
    at new Promise (<anonymous>)
    at callAsyncCircusFn (C:\Angular project-2\codebook\node_modules\jest-circus\build\utils.js:231:10)
    at _callCircusHook (C:\Angular project-2\codebook\node_modules\jest-circus\build\run.js:281:40)
    at processTicksAndRejections (node:internal/process/task_queues:105:5)
    at _runTest (C:\Angular project-2\codebook\node_modules\jest-circus\build\run.js:246:5)
    at _runTestsForDescribeBlock (C:\Angular project-2\codebook\node_modules\jest-circus\build\run.js:126:9)
    at _runTestsForDescribeBlock (C:\Angular project-2\codebook\node_modules\jest-circus\build\run.js:121:9)
    at _runTestsForDescribeBlock (C:\Angular project-2\codebook\node_modules\jest-circus\build\run.js:121:9)
    at run (C:\Angular project-2\codebook\node_modules\jest-circus\build\run.js:71:3)
    at runAndTransformResultsToJestFormat (C:\Angular project-2\codebook\node_modules\jest-circus\build\legacy-code-todo-rewrite\jestAdapterInit.js:122:21)]]></failure>
    </testCase>
    <testCase name="ServiceProviderComponent ngOnInit should set responsiveClass to md:flex-row for xlarge breakpoint" duration="30">
      <failure message="NullInjectorError: R3InjectorError(Standalone[ServiceProviderComponent])[_TranslateService -&gt; _TranslateService -&gt; TranslateStore -&gt; TranslateStore]: "><![CDATA[NullInjectorError: R3InjectorError(Standalone[ServiceProviderComponent])[_TranslateService -> _TranslateService -> TranslateStore -> TranslateStore]: 
  NullInjectorError: No provider for TranslateStore!
    at NullInjector.get (C:\Angular project-2\codebook\node_modules\@angular\core\fesm2022\core.mjs:1624:27)
    at R3Injector.get (C:\Angular project-2\codebook\node_modules\@angular\core\fesm2022\core.mjs:2151:33)
    at R3Injector.get (C:\Angular project-2\codebook\node_modules\@angular\core\fesm2022\core.mjs:2151:33)
    at injectInjectorOnly (C:\Angular project-2\codebook\node_modules\@angular\core\fesm2022\core.mjs:1119:32)
    at ɵɵinject (C:\Angular project-2\codebook\node_modules\@angular\core\fesm2022\core.mjs:1125:42)
    at Object._TranslateService_Factory [as factory] (ng:///_TranslateService/ɵfac.js:5:61)
    at C:\Angular project-2\codebook\node_modules\@angular\core\fesm2022\core.mjs:2274:47
    at runInInjectorProfilerContext (C:\Angular project-2\codebook\node_modules\@angular\core\fesm2022\core.mjs:880:9)
    at R3Injector.hydrate (C:\Angular project-2\codebook\node_modules\@angular\core\fesm2022\core.mjs:2273:21)
    at R3Injector.get (C:\Angular project-2\codebook\node_modules\@angular\core\fesm2022\core.mjs:2141:33)
    at R3Injector.get (C:\Angular project-2\codebook\node_modules\@angular\core\fesm2022\core.mjs:2151:33)
    at ChainedInjector.get (C:\Angular project-2\codebook\node_modules\@angular\core\fesm2022\core.mjs:17238:36)
    at lookupTokenUsingModuleInjector (C:\Angular project-2\codebook\node_modules\@angular\core\fesm2022\core.mjs:5063:39)
    at getOrCreateInjectable (C:\Angular project-2\codebook\node_modules\@angular\core\fesm2022\core.mjs:5111:12)
    at ɵɵdirectiveInject (C:\Angular project-2\codebook\node_modules\@angular\core\fesm2022\core.mjs:17289:19)
    at NodeInjectorFactory.ServiceProviderComponent_Factory [as factory] (ng:///ServiceProviderComponent/ɵfac.js:8:7)
    at getNodeInjectable (C:\Angular project-2\codebook\node_modules\@angular\core\fesm2022\core.mjs:5323:44)
    at instantiateAllDirectives (C:\Angular project-2\codebook\node_modules\@angular\core\fesm2022\core.mjs:12562:27)
    at createDirectivesInstances (C:\Angular project-2\codebook\node_modules\@angular\core\fesm2022\core.mjs:12352:5)
    at ComponentFactory2.create (C:\Angular project-2\codebook\node_modules\@angular\core\fesm2022\core.mjs:17945:17)
    at initComponent (C:\Angular project-2\codebook\node_modules\@angular\core\fesm2022\testing.mjs:2053:51)
    at _ZoneDelegate.invoke (C:\Angular project-2\codebook\node_modules\zone.js\bundles\zone.umd.js:416:32)
    at ProxyZoneSpec.Object.<anonymous>.ProxyZoneSpec.onInvoke (C:\Angular project-2\codebook\node_modules\zone.js\bundles\zone-testing.umd.js:2177:43)
    at _ZoneDelegate.invoke (C:\Angular project-2\codebook\node_modules\zone.js\bundles\zone.umd.js:415:38)
    at Object.onInvoke (C:\Angular project-2\codebook\node_modules\@angular\core\fesm2022\core.mjs:6528:33)
    at _ZoneDelegate.invoke (C:\Angular project-2\codebook\node_modules\zone.js\bundles\zone.umd.js:415:38)
    at ZoneImpl.run (C:\Angular project-2\codebook\node_modules\zone.js\bundles\zone.umd.js:147:47)
    at NgZone.run (C:\Angular project-2\codebook\node_modules\@angular\core\fesm2022\core.mjs:6374:28)
    at _TestBedImpl.createComponent (C:\Angular project-2\codebook\node_modules\@angular\core\fesm2022\testing.mjs:2058:41)
    at Function.createComponent (C:\Angular project-2\codebook\node_modules\@angular\core\fesm2022\testing.mjs:1844:37)
    at C:\Angular project-2\codebook\src\app\pages\dashboard\service-provider\service-provider.component.spec.ts:78:23
    at _ZoneDelegate.invoke (C:\Angular project-2\codebook\node_modules\zone.js\bundles\zone.umd.js:416:32)
    at ProxyZoneSpec.Object.<anonymous>.ProxyZoneSpec.onInvoke (C:\Angular project-2\codebook\node_modules\zone.js\bundles\zone-testing.umd.js:2177:43)
    at _ZoneDelegate.invoke (C:\Angular project-2\codebook\node_modules\zone.js\bundles\zone.umd.js:415:38)
    at ZoneImpl.run (C:\Angular project-2\codebook\node_modules\zone.js\bundles\zone.umd.js:147:47)
    at Object.wrappedFunc (C:\Angular project-2\codebook\node_modules\zone.js\bundles\zone-testing.umd.js:450:38)
    at Promise.then.completed (C:\Angular project-2\codebook\node_modules\jest-circus\build\utils.js:298:28)
    at new Promise (<anonymous>)
    at callAsyncCircusFn (C:\Angular project-2\codebook\node_modules\jest-circus\build\utils.js:231:10)
    at _callCircusHook (C:\Angular project-2\codebook\node_modules\jest-circus\build\run.js:281:40)
    at processTicksAndRejections (node:internal/process/task_queues:105:5)
    at _runTest (C:\Angular project-2\codebook\node_modules\jest-circus\build\run.js:246:5)
    at _runTestsForDescribeBlock (C:\Angular project-2\codebook\node_modules\jest-circus\build\run.js:126:9)
    at _runTestsForDescribeBlock (C:\Angular project-2\codebook\node_modules\jest-circus\build\run.js:121:9)
    at _runTestsForDescribeBlock (C:\Angular project-2\codebook\node_modules\jest-circus\build\run.js:121:9)
    at run (C:\Angular project-2\codebook\node_modules\jest-circus\build\run.js:71:3)
    at runAndTransformResultsToJestFormat (C:\Angular project-2\codebook\node_modules\jest-circus\build\legacy-code-todo-rewrite\jestAdapterInit.js:122:21)]]></failure>
    </testCase>
    <testCase name="ServiceProviderComponent saveProvider should save new provider and close dialog when form is valid" duration="43">
      <failure message="NullInjectorError: R3InjectorError(Standalone[ServiceProviderComponent])[_TranslateService -&gt; _TranslateService -&gt; TranslateStore -&gt; TranslateStore]: "><![CDATA[NullInjectorError: R3InjectorError(Standalone[ServiceProviderComponent])[_TranslateService -> _TranslateService -> TranslateStore -> TranslateStore]: 
  NullInjectorError: No provider for TranslateStore!
    at NullInjector.get (C:\Angular project-2\codebook\node_modules\@angular\core\fesm2022\core.mjs:1624:27)
    at R3Injector.get (C:\Angular project-2\codebook\node_modules\@angular\core\fesm2022\core.mjs:2151:33)
    at R3Injector.get (C:\Angular project-2\codebook\node_modules\@angular\core\fesm2022\core.mjs:2151:33)
    at injectInjectorOnly (C:\Angular project-2\codebook\node_modules\@angular\core\fesm2022\core.mjs:1119:32)
    at ɵɵinject (C:\Angular project-2\codebook\node_modules\@angular\core\fesm2022\core.mjs:1125:42)
    at Object._TranslateService_Factory [as factory] (ng:///_TranslateService/ɵfac.js:5:61)
    at C:\Angular project-2\codebook\node_modules\@angular\core\fesm2022\core.mjs:2274:47
    at runInInjectorProfilerContext (C:\Angular project-2\codebook\node_modules\@angular\core\fesm2022\core.mjs:880:9)
    at R3Injector.hydrate (C:\Angular project-2\codebook\node_modules\@angular\core\fesm2022\core.mjs:2273:21)
    at R3Injector.get (C:\Angular project-2\codebook\node_modules\@angular\core\fesm2022\core.mjs:2141:33)
    at R3Injector.get (C:\Angular project-2\codebook\node_modules\@angular\core\fesm2022\core.mjs:2151:33)
    at ChainedInjector.get (C:\Angular project-2\codebook\node_modules\@angular\core\fesm2022\core.mjs:17238:36)
    at lookupTokenUsingModuleInjector (C:\Angular project-2\codebook\node_modules\@angular\core\fesm2022\core.mjs:5063:39)
    at getOrCreateInjectable (C:\Angular project-2\codebook\node_modules\@angular\core\fesm2022\core.mjs:5111:12)
    at ɵɵdirectiveInject (C:\Angular project-2\codebook\node_modules\@angular\core\fesm2022\core.mjs:17289:19)
    at NodeInjectorFactory.ServiceProviderComponent_Factory [as factory] (ng:///ServiceProviderComponent/ɵfac.js:8:7)
    at getNodeInjectable (C:\Angular project-2\codebook\node_modules\@angular\core\fesm2022\core.mjs:5323:44)
    at instantiateAllDirectives (C:\Angular project-2\codebook\node_modules\@angular\core\fesm2022\core.mjs:12562:27)
    at createDirectivesInstances (C:\Angular project-2\codebook\node_modules\@angular\core\fesm2022\core.mjs:12352:5)
    at ComponentFactory2.create (C:\Angular project-2\codebook\node_modules\@angular\core\fesm2022\core.mjs:17945:17)
    at initComponent (C:\Angular project-2\codebook\node_modules\@angular\core\fesm2022\testing.mjs:2053:51)
    at _ZoneDelegate.invoke (C:\Angular project-2\codebook\node_modules\zone.js\bundles\zone.umd.js:416:32)
    at ProxyZoneSpec.Object.<anonymous>.ProxyZoneSpec.onInvoke (C:\Angular project-2\codebook\node_modules\zone.js\bundles\zone-testing.umd.js:2177:43)
    at _ZoneDelegate.invoke (C:\Angular project-2\codebook\node_modules\zone.js\bundles\zone.umd.js:415:38)
    at Object.onInvoke (C:\Angular project-2\codebook\node_modules\@angular\core\fesm2022\core.mjs:6528:33)
    at _ZoneDelegate.invoke (C:\Angular project-2\codebook\node_modules\zone.js\bundles\zone.umd.js:415:38)
    at ZoneImpl.run (C:\Angular project-2\codebook\node_modules\zone.js\bundles\zone.umd.js:147:47)
    at NgZone.run (C:\Angular project-2\codebook\node_modules\@angular\core\fesm2022\core.mjs:6374:28)
    at _TestBedImpl.createComponent (C:\Angular project-2\codebook\node_modules\@angular\core\fesm2022\testing.mjs:2058:41)
    at Function.createComponent (C:\Angular project-2\codebook\node_modules\@angular\core\fesm2022\testing.mjs:1844:37)
    at C:\Angular project-2\codebook\src\app\pages\dashboard\service-provider\service-provider.component.spec.ts:78:23
    at _ZoneDelegate.invoke (C:\Angular project-2\codebook\node_modules\zone.js\bundles\zone.umd.js:416:32)
    at ProxyZoneSpec.Object.<anonymous>.ProxyZoneSpec.onInvoke (C:\Angular project-2\codebook\node_modules\zone.js\bundles\zone-testing.umd.js:2177:43)
    at _ZoneDelegate.invoke (C:\Angular project-2\codebook\node_modules\zone.js\bundles\zone.umd.js:415:38)
    at ZoneImpl.run (C:\Angular project-2\codebook\node_modules\zone.js\bundles\zone.umd.js:147:47)
    at Object.wrappedFunc (C:\Angular project-2\codebook\node_modules\zone.js\bundles\zone-testing.umd.js:450:38)
    at Promise.then.completed (C:\Angular project-2\codebook\node_modules\jest-circus\build\utils.js:298:28)
    at new Promise (<anonymous>)
    at callAsyncCircusFn (C:\Angular project-2\codebook\node_modules\jest-circus\build\utils.js:231:10)
    at _callCircusHook (C:\Angular project-2\codebook\node_modules\jest-circus\build\run.js:281:40)
    at processTicksAndRejections (node:internal/process/task_queues:105:5)
    at _runTest (C:\Angular project-2\codebook\node_modules\jest-circus\build\run.js:246:5)
    at _runTestsForDescribeBlock (C:\Angular project-2\codebook\node_modules\jest-circus\build\run.js:126:9)
    at _runTestsForDescribeBlock (C:\Angular project-2\codebook\node_modules\jest-circus\build\run.js:121:9)
    at _runTestsForDescribeBlock (C:\Angular project-2\codebook\node_modules\jest-circus\build\run.js:121:9)
    at run (C:\Angular project-2\codebook\node_modules\jest-circus\build\run.js:71:3)
    at runAndTransformResultsToJestFormat (C:\Angular project-2\codebook\node_modules\jest-circus\build\legacy-code-todo-rewrite\jestAdapterInit.js:122:21)]]></failure>
    </testCase>
    <testCase name="ServiceProviderComponent saveProvider should update existing provider and close dialog when form is valid" duration="39">
      <failure message="NullInjectorError: R3InjectorError(Standalone[ServiceProviderComponent])[_TranslateService -&gt; _TranslateService -&gt; TranslateStore -&gt; TranslateStore]: "><![CDATA[NullInjectorError: R3InjectorError(Standalone[ServiceProviderComponent])[_TranslateService -> _TranslateService -> TranslateStore -> TranslateStore]: 
  NullInjectorError: No provider for TranslateStore!
    at NullInjector.get (C:\Angular project-2\codebook\node_modules\@angular\core\fesm2022\core.mjs:1624:27)
    at R3Injector.get (C:\Angular project-2\codebook\node_modules\@angular\core\fesm2022\core.mjs:2151:33)
    at R3Injector.get (C:\Angular project-2\codebook\node_modules\@angular\core\fesm2022\core.mjs:2151:33)
    at injectInjectorOnly (C:\Angular project-2\codebook\node_modules\@angular\core\fesm2022\core.mjs:1119:32)
    at ɵɵinject (C:\Angular project-2\codebook\node_modules\@angular\core\fesm2022\core.mjs:1125:42)
    at Object._TranslateService_Factory [as factory] (ng:///_TranslateService/ɵfac.js:5:61)
    at C:\Angular project-2\codebook\node_modules\@angular\core\fesm2022\core.mjs:2274:47
    at runInInjectorProfilerContext (C:\Angular project-2\codebook\node_modules\@angular\core\fesm2022\core.mjs:880:9)
    at R3Injector.hydrate (C:\Angular project-2\codebook\node_modules\@angular\core\fesm2022\core.mjs:2273:21)
    at R3Injector.get (C:\Angular project-2\codebook\node_modules\@angular\core\fesm2022\core.mjs:2141:33)
    at R3Injector.get (C:\Angular project-2\codebook\node_modules\@angular\core\fesm2022\core.mjs:2151:33)
    at ChainedInjector.get (C:\Angular project-2\codebook\node_modules\@angular\core\fesm2022\core.mjs:17238:36)
    at lookupTokenUsingModuleInjector (C:\Angular project-2\codebook\node_modules\@angular\core\fesm2022\core.mjs:5063:39)
    at getOrCreateInjectable (C:\Angular project-2\codebook\node_modules\@angular\core\fesm2022\core.mjs:5111:12)
    at ɵɵdirectiveInject (C:\Angular project-2\codebook\node_modules\@angular\core\fesm2022\core.mjs:17289:19)
    at NodeInjectorFactory.ServiceProviderComponent_Factory [as factory] (ng:///ServiceProviderComponent/ɵfac.js:8:7)
    at getNodeInjectable (C:\Angular project-2\codebook\node_modules\@angular\core\fesm2022\core.mjs:5323:44)
    at instantiateAllDirectives (C:\Angular project-2\codebook\node_modules\@angular\core\fesm2022\core.mjs:12562:27)
    at createDirectivesInstances (C:\Angular project-2\codebook\node_modules\@angular\core\fesm2022\core.mjs:12352:5)
    at ComponentFactory2.create (C:\Angular project-2\codebook\node_modules\@angular\core\fesm2022\core.mjs:17945:17)
    at initComponent (C:\Angular project-2\codebook\node_modules\@angular\core\fesm2022\testing.mjs:2053:51)
    at _ZoneDelegate.invoke (C:\Angular project-2\codebook\node_modules\zone.js\bundles\zone.umd.js:416:32)
    at ProxyZoneSpec.Object.<anonymous>.ProxyZoneSpec.onInvoke (C:\Angular project-2\codebook\node_modules\zone.js\bundles\zone-testing.umd.js:2177:43)
    at _ZoneDelegate.invoke (C:\Angular project-2\codebook\node_modules\zone.js\bundles\zone.umd.js:415:38)
    at Object.onInvoke (C:\Angular project-2\codebook\node_modules\@angular\core\fesm2022\core.mjs:6528:33)
    at _ZoneDelegate.invoke (C:\Angular project-2\codebook\node_modules\zone.js\bundles\zone.umd.js:415:38)
    at ZoneImpl.run (C:\Angular project-2\codebook\node_modules\zone.js\bundles\zone.umd.js:147:47)
    at NgZone.run (C:\Angular project-2\codebook\node_modules\@angular\core\fesm2022\core.mjs:6374:28)
    at _TestBedImpl.createComponent (C:\Angular project-2\codebook\node_modules\@angular\core\fesm2022\testing.mjs:2058:41)
    at Function.createComponent (C:\Angular project-2\codebook\node_modules\@angular\core\fesm2022\testing.mjs:1844:37)
    at C:\Angular project-2\codebook\src\app\pages\dashboard\service-provider\service-provider.component.spec.ts:78:23
    at _ZoneDelegate.invoke (C:\Angular project-2\codebook\node_modules\zone.js\bundles\zone.umd.js:416:32)
    at ProxyZoneSpec.Object.<anonymous>.ProxyZoneSpec.onInvoke (C:\Angular project-2\codebook\node_modules\zone.js\bundles\zone-testing.umd.js:2177:43)
    at _ZoneDelegate.invoke (C:\Angular project-2\codebook\node_modules\zone.js\bundles\zone.umd.js:415:38)
    at ZoneImpl.run (C:\Angular project-2\codebook\node_modules\zone.js\bundles\zone.umd.js:147:47)
    at Object.wrappedFunc (C:\Angular project-2\codebook\node_modules\zone.js\bundles\zone-testing.umd.js:450:38)
    at Promise.then.completed (C:\Angular project-2\codebook\node_modules\jest-circus\build\utils.js:298:28)
    at new Promise (<anonymous>)
    at callAsyncCircusFn (C:\Angular project-2\codebook\node_modules\jest-circus\build\utils.js:231:10)
    at _callCircusHook (C:\Angular project-2\codebook\node_modules\jest-circus\build\run.js:281:40)
    at processTicksAndRejections (node:internal/process/task_queues:105:5)
    at _runTest (C:\Angular project-2\codebook\node_modules\jest-circus\build\run.js:246:5)
    at _runTestsForDescribeBlock (C:\Angular project-2\codebook\node_modules\jest-circus\build\run.js:126:9)
    at _runTestsForDescribeBlock (C:\Angular project-2\codebook\node_modules\jest-circus\build\run.js:121:9)
    at _runTestsForDescribeBlock (C:\Angular project-2\codebook\node_modules\jest-circus\build\run.js:121:9)
    at run (C:\Angular project-2\codebook\node_modules\jest-circus\build\run.js:71:3)
    at runAndTransformResultsToJestFormat (C:\Angular project-2\codebook\node_modules\jest-circus\build\legacy-code-todo-rewrite\jestAdapterInit.js:122:21)]]></failure>
    </testCase>
    <testCase name="ServiceProviderComponent saveProvider should handle error when saving provider" duration="51">
      <failure message="NullInjectorError: R3InjectorError(Standalone[ServiceProviderComponent])[_TranslateService -&gt; _TranslateService -&gt; TranslateStore -&gt; TranslateStore]: "><![CDATA[NullInjectorError: R3InjectorError(Standalone[ServiceProviderComponent])[_TranslateService -> _TranslateService -> TranslateStore -> TranslateStore]: 
  NullInjectorError: No provider for TranslateStore!
    at NullInjector.get (C:\Angular project-2\codebook\node_modules\@angular\core\fesm2022\core.mjs:1624:27)
    at R3Injector.get (C:\Angular project-2\codebook\node_modules\@angular\core\fesm2022\core.mjs:2151:33)
    at R3Injector.get (C:\Angular project-2\codebook\node_modules\@angular\core\fesm2022\core.mjs:2151:33)
    at injectInjectorOnly (C:\Angular project-2\codebook\node_modules\@angular\core\fesm2022\core.mjs:1119:32)
    at ɵɵinject (C:\Angular project-2\codebook\node_modules\@angular\core\fesm2022\core.mjs:1125:42)
    at Object._TranslateService_Factory [as factory] (ng:///_TranslateService/ɵfac.js:5:61)
    at C:\Angular project-2\codebook\node_modules\@angular\core\fesm2022\core.mjs:2274:47
    at runInInjectorProfilerContext (C:\Angular project-2\codebook\node_modules\@angular\core\fesm2022\core.mjs:880:9)
    at R3Injector.hydrate (C:\Angular project-2\codebook\node_modules\@angular\core\fesm2022\core.mjs:2273:21)
    at R3Injector.get (C:\Angular project-2\codebook\node_modules\@angular\core\fesm2022\core.mjs:2141:33)
    at R3Injector.get (C:\Angular project-2\codebook\node_modules\@angular\core\fesm2022\core.mjs:2151:33)
    at ChainedInjector.get (C:\Angular project-2\codebook\node_modules\@angular\core\fesm2022\core.mjs:17238:36)
    at lookupTokenUsingModuleInjector (C:\Angular project-2\codebook\node_modules\@angular\core\fesm2022\core.mjs:5063:39)
    at getOrCreateInjectable (C:\Angular project-2\codebook\node_modules\@angular\core\fesm2022\core.mjs:5111:12)
    at ɵɵdirectiveInject (C:\Angular project-2\codebook\node_modules\@angular\core\fesm2022\core.mjs:17289:19)
    at NodeInjectorFactory.ServiceProviderComponent_Factory [as factory] (ng:///ServiceProviderComponent/ɵfac.js:8:7)
    at getNodeInjectable (C:\Angular project-2\codebook\node_modules\@angular\core\fesm2022\core.mjs:5323:44)
    at instantiateAllDirectives (C:\Angular project-2\codebook\node_modules\@angular\core\fesm2022\core.mjs:12562:27)
    at createDirectivesInstances (C:\Angular project-2\codebook\node_modules\@angular\core\fesm2022\core.mjs:12352:5)
    at ComponentFactory2.create (C:\Angular project-2\codebook\node_modules\@angular\core\fesm2022\core.mjs:17945:17)
    at initComponent (C:\Angular project-2\codebook\node_modules\@angular\core\fesm2022\testing.mjs:2053:51)
    at _ZoneDelegate.invoke (C:\Angular project-2\codebook\node_modules\zone.js\bundles\zone.umd.js:416:32)
    at ProxyZoneSpec.Object.<anonymous>.ProxyZoneSpec.onInvoke (C:\Angular project-2\codebook\node_modules\zone.js\bundles\zone-testing.umd.js:2177:43)
    at _ZoneDelegate.invoke (C:\Angular project-2\codebook\node_modules\zone.js\bundles\zone.umd.js:415:38)
    at Object.onInvoke (C:\Angular project-2\codebook\node_modules\@angular\core\fesm2022\core.mjs:6528:33)
    at _ZoneDelegate.invoke (C:\Angular project-2\codebook\node_modules\zone.js\bundles\zone.umd.js:415:38)
    at ZoneImpl.run (C:\Angular project-2\codebook\node_modules\zone.js\bundles\zone.umd.js:147:47)
    at NgZone.run (C:\Angular project-2\codebook\node_modules\@angular\core\fesm2022\core.mjs:6374:28)
    at _TestBedImpl.createComponent (C:\Angular project-2\codebook\node_modules\@angular\core\fesm2022\testing.mjs:2058:41)
    at Function.createComponent (C:\Angular project-2\codebook\node_modules\@angular\core\fesm2022\testing.mjs:1844:37)
    at C:\Angular project-2\codebook\src\app\pages\dashboard\service-provider\service-provider.component.spec.ts:78:23
    at _ZoneDelegate.invoke (C:\Angular project-2\codebook\node_modules\zone.js\bundles\zone.umd.js:416:32)
    at ProxyZoneSpec.Object.<anonymous>.ProxyZoneSpec.onInvoke (C:\Angular project-2\codebook\node_modules\zone.js\bundles\zone-testing.umd.js:2177:43)
    at _ZoneDelegate.invoke (C:\Angular project-2\codebook\node_modules\zone.js\bundles\zone.umd.js:415:38)
    at ZoneImpl.run (C:\Angular project-2\codebook\node_modules\zone.js\bundles\zone.umd.js:147:47)
    at Object.wrappedFunc (C:\Angular project-2\codebook\node_modules\zone.js\bundles\zone-testing.umd.js:450:38)
    at Promise.then.completed (C:\Angular project-2\codebook\node_modules\jest-circus\build\utils.js:298:28)
    at new Promise (<anonymous>)
    at callAsyncCircusFn (C:\Angular project-2\codebook\node_modules\jest-circus\build\utils.js:231:10)
    at _callCircusHook (C:\Angular project-2\codebook\node_modules\jest-circus\build\run.js:281:40)
    at processTicksAndRejections (node:internal/process/task_queues:105:5)
    at _runTest (C:\Angular project-2\codebook\node_modules\jest-circus\build\run.js:246:5)
    at _runTestsForDescribeBlock (C:\Angular project-2\codebook\node_modules\jest-circus\build\run.js:126:9)
    at _runTestsForDescribeBlock (C:\Angular project-2\codebook\node_modules\jest-circus\build\run.js:121:9)
    at _runTestsForDescribeBlock (C:\Angular project-2\codebook\node_modules\jest-circus\build\run.js:121:9)
    at run (C:\Angular project-2\codebook\node_modules\jest-circus\build\run.js:71:3)
    at runAndTransformResultsToJestFormat (C:\Angular project-2\codebook\node_modules\jest-circus\build\legacy-code-todo-rewrite\jestAdapterInit.js:122:21)]]></failure>
    </testCase>
    <testCase name="ServiceProviderComponent saveProvider should show error and mark form as touched when form is invalid" duration="72">
      <failure message="NullInjectorError: R3InjectorError(Standalone[ServiceProviderComponent])[_TranslateService -&gt; _TranslateService -&gt; TranslateStore -&gt; TranslateStore]: "><![CDATA[NullInjectorError: R3InjectorError(Standalone[ServiceProviderComponent])[_TranslateService -> _TranslateService -> TranslateStore -> TranslateStore]: 
  NullInjectorError: No provider for TranslateStore!
    at NullInjector.get (C:\Angular project-2\codebook\node_modules\@angular\core\fesm2022\core.mjs:1624:27)
    at R3Injector.get (C:\Angular project-2\codebook\node_modules\@angular\core\fesm2022\core.mjs:2151:33)
    at R3Injector.get (C:\Angular project-2\codebook\node_modules\@angular\core\fesm2022\core.mjs:2151:33)
    at injectInjectorOnly (C:\Angular project-2\codebook\node_modules\@angular\core\fesm2022\core.mjs:1119:32)
    at ɵɵinject (C:\Angular project-2\codebook\node_modules\@angular\core\fesm2022\core.mjs:1125:42)
    at Object._TranslateService_Factory [as factory] (ng:///_TranslateService/ɵfac.js:5:61)
    at C:\Angular project-2\codebook\node_modules\@angular\core\fesm2022\core.mjs:2274:47
    at runInInjectorProfilerContext (C:\Angular project-2\codebook\node_modules\@angular\core\fesm2022\core.mjs:880:9)
    at R3Injector.hydrate (C:\Angular project-2\codebook\node_modules\@angular\core\fesm2022\core.mjs:2273:21)
    at R3Injector.get (C:\Angular project-2\codebook\node_modules\@angular\core\fesm2022\core.mjs:2141:33)
    at R3Injector.get (C:\Angular project-2\codebook\node_modules\@angular\core\fesm2022\core.mjs:2151:33)
    at ChainedInjector.get (C:\Angular project-2\codebook\node_modules\@angular\core\fesm2022\core.mjs:17238:36)
    at lookupTokenUsingModuleInjector (C:\Angular project-2\codebook\node_modules\@angular\core\fesm2022\core.mjs:5063:39)
    at getOrCreateInjectable (C:\Angular project-2\codebook\node_modules\@angular\core\fesm2022\core.mjs:5111:12)
    at ɵɵdirectiveInject (C:\Angular project-2\codebook\node_modules\@angular\core\fesm2022\core.mjs:17289:19)
    at NodeInjectorFactory.ServiceProviderComponent_Factory [as factory] (ng:///ServiceProviderComponent/ɵfac.js:8:7)
    at getNodeInjectable (C:\Angular project-2\codebook\node_modules\@angular\core\fesm2022\core.mjs:5323:44)
    at instantiateAllDirectives (C:\Angular project-2\codebook\node_modules\@angular\core\fesm2022\core.mjs:12562:27)
    at createDirectivesInstances (C:\Angular project-2\codebook\node_modules\@angular\core\fesm2022\core.mjs:12352:5)
    at ComponentFactory2.create (C:\Angular project-2\codebook\node_modules\@angular\core\fesm2022\core.mjs:17945:17)
    at initComponent (C:\Angular project-2\codebook\node_modules\@angular\core\fesm2022\testing.mjs:2053:51)
    at _ZoneDelegate.invoke (C:\Angular project-2\codebook\node_modules\zone.js\bundles\zone.umd.js:416:32)
    at ProxyZoneSpec.Object.<anonymous>.ProxyZoneSpec.onInvoke (C:\Angular project-2\codebook\node_modules\zone.js\bundles\zone-testing.umd.js:2177:43)
    at _ZoneDelegate.invoke (C:\Angular project-2\codebook\node_modules\zone.js\bundles\zone.umd.js:415:38)
    at Object.onInvoke (C:\Angular project-2\codebook\node_modules\@angular\core\fesm2022\core.mjs:6528:33)
    at _ZoneDelegate.invoke (C:\Angular project-2\codebook\node_modules\zone.js\bundles\zone.umd.js:415:38)
    at ZoneImpl.run (C:\Angular project-2\codebook\node_modules\zone.js\bundles\zone.umd.js:147:47)
    at NgZone.run (C:\Angular project-2\codebook\node_modules\@angular\core\fesm2022\core.mjs:6374:28)
    at _TestBedImpl.createComponent (C:\Angular project-2\codebook\node_modules\@angular\core\fesm2022\testing.mjs:2058:41)
    at Function.createComponent (C:\Angular project-2\codebook\node_modules\@angular\core\fesm2022\testing.mjs:1844:37)
    at C:\Angular project-2\codebook\src\app\pages\dashboard\service-provider\service-provider.component.spec.ts:78:23
    at _ZoneDelegate.invoke (C:\Angular project-2\codebook\node_modules\zone.js\bundles\zone.umd.js:416:32)
    at ProxyZoneSpec.Object.<anonymous>.ProxyZoneSpec.onInvoke (C:\Angular project-2\codebook\node_modules\zone.js\bundles\zone-testing.umd.js:2177:43)
    at _ZoneDelegate.invoke (C:\Angular project-2\codebook\node_modules\zone.js\bundles\zone.umd.js:415:38)
    at ZoneImpl.run (C:\Angular project-2\codebook\node_modules\zone.js\bundles\zone.umd.js:147:47)
    at Object.wrappedFunc (C:\Angular project-2\codebook\node_modules\zone.js\bundles\zone-testing.umd.js:450:38)
    at Promise.then.completed (C:\Angular project-2\codebook\node_modules\jest-circus\build\utils.js:298:28)
    at new Promise (<anonymous>)
    at callAsyncCircusFn (C:\Angular project-2\codebook\node_modules\jest-circus\build\utils.js:231:10)
    at _callCircusHook (C:\Angular project-2\codebook\node_modules\jest-circus\build\run.js:281:40)
    at processTicksAndRejections (node:internal/process/task_queues:105:5)
    at _runTest (C:\Angular project-2\codebook\node_modules\jest-circus\build\run.js:246:5)
    at _runTestsForDescribeBlock (C:\Angular project-2\codebook\node_modules\jest-circus\build\run.js:126:9)
    at _runTestsForDescribeBlock (C:\Angular project-2\codebook\node_modules\jest-circus\build\run.js:121:9)
    at _runTestsForDescribeBlock (C:\Angular project-2\codebook\node_modules\jest-circus\build\run.js:121:9)
    at run (C:\Angular project-2\codebook\node_modules\jest-circus\build\run.js:71:3)
    at runAndTransformResultsToJestFormat (C:\Angular project-2\codebook\node_modules\jest-circus\build\legacy-code-todo-rewrite\jestAdapterInit.js:122:21)]]></failure>
    </testCase>
    <testCase name="ServiceProviderComponent closePopup should close dialog" duration="27">
      <failure message="NullInjectorError: R3InjectorError(Standalone[ServiceProviderComponent])[_TranslateService -&gt; _TranslateService -&gt; TranslateStore -&gt; TranslateStore]: "><![CDATA[NullInjectorError: R3InjectorError(Standalone[ServiceProviderComponent])[_TranslateService -> _TranslateService -> TranslateStore -> TranslateStore]: 
  NullInjectorError: No provider for TranslateStore!
    at NullInjector.get (C:\Angular project-2\codebook\node_modules\@angular\core\fesm2022\core.mjs:1624:27)
    at R3Injector.get (C:\Angular project-2\codebook\node_modules\@angular\core\fesm2022\core.mjs:2151:33)
    at R3Injector.get (C:\Angular project-2\codebook\node_modules\@angular\core\fesm2022\core.mjs:2151:33)
    at injectInjectorOnly (C:\Angular project-2\codebook\node_modules\@angular\core\fesm2022\core.mjs:1119:32)
    at ɵɵinject (C:\Angular project-2\codebook\node_modules\@angular\core\fesm2022\core.mjs:1125:42)
    at Object._TranslateService_Factory [as factory] (ng:///_TranslateService/ɵfac.js:5:61)
    at C:\Angular project-2\codebook\node_modules\@angular\core\fesm2022\core.mjs:2274:47
    at runInInjectorProfilerContext (C:\Angular project-2\codebook\node_modules\@angular\core\fesm2022\core.mjs:880:9)
    at R3Injector.hydrate (C:\Angular project-2\codebook\node_modules\@angular\core\fesm2022\core.mjs:2273:21)
    at R3Injector.get (C:\Angular project-2\codebook\node_modules\@angular\core\fesm2022\core.mjs:2141:33)
    at R3Injector.get (C:\Angular project-2\codebook\node_modules\@angular\core\fesm2022\core.mjs:2151:33)
    at ChainedInjector.get (C:\Angular project-2\codebook\node_modules\@angular\core\fesm2022\core.mjs:17238:36)
    at lookupTokenUsingModuleInjector (C:\Angular project-2\codebook\node_modules\@angular\core\fesm2022\core.mjs:5063:39)
    at getOrCreateInjectable (C:\Angular project-2\codebook\node_modules\@angular\core\fesm2022\core.mjs:5111:12)
    at ɵɵdirectiveInject (C:\Angular project-2\codebook\node_modules\@angular\core\fesm2022\core.mjs:17289:19)
    at NodeInjectorFactory.ServiceProviderComponent_Factory [as factory] (ng:///ServiceProviderComponent/ɵfac.js:8:7)
    at getNodeInjectable (C:\Angular project-2\codebook\node_modules\@angular\core\fesm2022\core.mjs:5323:44)
    at instantiateAllDirectives (C:\Angular project-2\codebook\node_modules\@angular\core\fesm2022\core.mjs:12562:27)
    at createDirectivesInstances (C:\Angular project-2\codebook\node_modules\@angular\core\fesm2022\core.mjs:12352:5)
    at ComponentFactory2.create (C:\Angular project-2\codebook\node_modules\@angular\core\fesm2022\core.mjs:17945:17)
    at initComponent (C:\Angular project-2\codebook\node_modules\@angular\core\fesm2022\testing.mjs:2053:51)
    at _ZoneDelegate.invoke (C:\Angular project-2\codebook\node_modules\zone.js\bundles\zone.umd.js:416:32)
    at ProxyZoneSpec.Object.<anonymous>.ProxyZoneSpec.onInvoke (C:\Angular project-2\codebook\node_modules\zone.js\bundles\zone-testing.umd.js:2177:43)
    at _ZoneDelegate.invoke (C:\Angular project-2\codebook\node_modules\zone.js\bundles\zone.umd.js:415:38)
    at Object.onInvoke (C:\Angular project-2\codebook\node_modules\@angular\core\fesm2022\core.mjs:6528:33)
    at _ZoneDelegate.invoke (C:\Angular project-2\codebook\node_modules\zone.js\bundles\zone.umd.js:415:38)
    at ZoneImpl.run (C:\Angular project-2\codebook\node_modules\zone.js\bundles\zone.umd.js:147:47)
    at NgZone.run (C:\Angular project-2\codebook\node_modules\@angular\core\fesm2022\core.mjs:6374:28)
    at _TestBedImpl.createComponent (C:\Angular project-2\codebook\node_modules\@angular\core\fesm2022\testing.mjs:2058:41)
    at Function.createComponent (C:\Angular project-2\codebook\node_modules\@angular\core\fesm2022\testing.mjs:1844:37)
    at C:\Angular project-2\codebook\src\app\pages\dashboard\service-provider\service-provider.component.spec.ts:78:23
    at _ZoneDelegate.invoke (C:\Angular project-2\codebook\node_modules\zone.js\bundles\zone.umd.js:416:32)
    at ProxyZoneSpec.Object.<anonymous>.ProxyZoneSpec.onInvoke (C:\Angular project-2\codebook\node_modules\zone.js\bundles\zone-testing.umd.js:2177:43)
    at _ZoneDelegate.invoke (C:\Angular project-2\codebook\node_modules\zone.js\bundles\zone.umd.js:415:38)
    at ZoneImpl.run (C:\Angular project-2\codebook\node_modules\zone.js\bundles\zone.umd.js:147:47)
    at Object.wrappedFunc (C:\Angular project-2\codebook\node_modules\zone.js\bundles\zone-testing.umd.js:450:38)
    at Promise.then.completed (C:\Angular project-2\codebook\node_modules\jest-circus\build\utils.js:298:28)
    at new Promise (<anonymous>)
    at callAsyncCircusFn (C:\Angular project-2\codebook\node_modules\jest-circus\build\utils.js:231:10)
    at _callCircusHook (C:\Angular project-2\codebook\node_modules\jest-circus\build\run.js:281:40)
    at processTicksAndRejections (node:internal/process/task_queues:105:5)
    at _runTest (C:\Angular project-2\codebook\node_modules\jest-circus\build\run.js:246:5)
    at _runTestsForDescribeBlock (C:\Angular project-2\codebook\node_modules\jest-circus\build\run.js:126:9)
    at _runTestsForDescribeBlock (C:\Angular project-2\codebook\node_modules\jest-circus\build\run.js:121:9)
    at _runTestsForDescribeBlock (C:\Angular project-2\codebook\node_modules\jest-circus\build\run.js:121:9)
    at run (C:\Angular project-2\codebook\node_modules\jest-circus\build\run.js:71:3)
    at runAndTransformResultsToJestFormat (C:\Angular project-2\codebook\node_modules\jest-circus\build\legacy-code-todo-rewrite\jestAdapterInit.js:122:21)]]></failure>
    </testCase>
    <testCase name="ServiceProviderComponent onCancel should reset form and set default country when not in popup" duration="21">
      <failure message="NullInjectorError: R3InjectorError(Standalone[ServiceProviderComponent])[_TranslateService -&gt; _TranslateService -&gt; TranslateStore -&gt; TranslateStore]: "><![CDATA[NullInjectorError: R3InjectorError(Standalone[ServiceProviderComponent])[_TranslateService -> _TranslateService -> TranslateStore -> TranslateStore]: 
  NullInjectorError: No provider for TranslateStore!
    at NullInjector.get (C:\Angular project-2\codebook\node_modules\@angular\core\fesm2022\core.mjs:1624:27)
    at R3Injector.get (C:\Angular project-2\codebook\node_modules\@angular\core\fesm2022\core.mjs:2151:33)
    at R3Injector.get (C:\Angular project-2\codebook\node_modules\@angular\core\fesm2022\core.mjs:2151:33)
    at injectInjectorOnly (C:\Angular project-2\codebook\node_modules\@angular\core\fesm2022\core.mjs:1119:32)
    at ɵɵinject (C:\Angular project-2\codebook\node_modules\@angular\core\fesm2022\core.mjs:1125:42)
    at Object._TranslateService_Factory [as factory] (ng:///_TranslateService/ɵfac.js:5:61)
    at C:\Angular project-2\codebook\node_modules\@angular\core\fesm2022\core.mjs:2274:47
    at runInInjectorProfilerContext (C:\Angular project-2\codebook\node_modules\@angular\core\fesm2022\core.mjs:880:9)
    at R3Injector.hydrate (C:\Angular project-2\codebook\node_modules\@angular\core\fesm2022\core.mjs:2273:21)
    at R3Injector.get (C:\Angular project-2\codebook\node_modules\@angular\core\fesm2022\core.mjs:2141:33)
    at R3Injector.get (C:\Angular project-2\codebook\node_modules\@angular\core\fesm2022\core.mjs:2151:33)
    at ChainedInjector.get (C:\Angular project-2\codebook\node_modules\@angular\core\fesm2022\core.mjs:17238:36)
    at lookupTokenUsingModuleInjector (C:\Angular project-2\codebook\node_modules\@angular\core\fesm2022\core.mjs:5063:39)
    at getOrCreateInjectable (C:\Angular project-2\codebook\node_modules\@angular\core\fesm2022\core.mjs:5111:12)
    at ɵɵdirectiveInject (C:\Angular project-2\codebook\node_modules\@angular\core\fesm2022\core.mjs:17289:19)
    at NodeInjectorFactory.ServiceProviderComponent_Factory [as factory] (ng:///ServiceProviderComponent/ɵfac.js:8:7)
    at getNodeInjectable (C:\Angular project-2\codebook\node_modules\@angular\core\fesm2022\core.mjs:5323:44)
    at instantiateAllDirectives (C:\Angular project-2\codebook\node_modules\@angular\core\fesm2022\core.mjs:12562:27)
    at createDirectivesInstances (C:\Angular project-2\codebook\node_modules\@angular\core\fesm2022\core.mjs:12352:5)
    at ComponentFactory2.create (C:\Angular project-2\codebook\node_modules\@angular\core\fesm2022\core.mjs:17945:17)
    at initComponent (C:\Angular project-2\codebook\node_modules\@angular\core\fesm2022\testing.mjs:2053:51)
    at _ZoneDelegate.invoke (C:\Angular project-2\codebook\node_modules\zone.js\bundles\zone.umd.js:416:32)
    at ProxyZoneSpec.Object.<anonymous>.ProxyZoneSpec.onInvoke (C:\Angular project-2\codebook\node_modules\zone.js\bundles\zone-testing.umd.js:2177:43)
    at _ZoneDelegate.invoke (C:\Angular project-2\codebook\node_modules\zone.js\bundles\zone.umd.js:415:38)
    at Object.onInvoke (C:\Angular project-2\codebook\node_modules\@angular\core\fesm2022\core.mjs:6528:33)
    at _ZoneDelegate.invoke (C:\Angular project-2\codebook\node_modules\zone.js\bundles\zone.umd.js:415:38)
    at ZoneImpl.run (C:\Angular project-2\codebook\node_modules\zone.js\bundles\zone.umd.js:147:47)
    at NgZone.run (C:\Angular project-2\codebook\node_modules\@angular\core\fesm2022\core.mjs:6374:28)
    at _TestBedImpl.createComponent (C:\Angular project-2\codebook\node_modules\@angular\core\fesm2022\testing.mjs:2058:41)
    at Function.createComponent (C:\Angular project-2\codebook\node_modules\@angular\core\fesm2022\testing.mjs:1844:37)
    at C:\Angular project-2\codebook\src\app\pages\dashboard\service-provider\service-provider.component.spec.ts:78:23
    at _ZoneDelegate.invoke (C:\Angular project-2\codebook\node_modules\zone.js\bundles\zone.umd.js:416:32)
    at ProxyZoneSpec.Object.<anonymous>.ProxyZoneSpec.onInvoke (C:\Angular project-2\codebook\node_modules\zone.js\bundles\zone-testing.umd.js:2177:43)
    at _ZoneDelegate.invoke (C:\Angular project-2\codebook\node_modules\zone.js\bundles\zone.umd.js:415:38)
    at ZoneImpl.run (C:\Angular project-2\codebook\node_modules\zone.js\bundles\zone.umd.js:147:47)
    at Object.wrappedFunc (C:\Angular project-2\codebook\node_modules\zone.js\bundles\zone-testing.umd.js:450:38)
    at Promise.then.completed (C:\Angular project-2\codebook\node_modules\jest-circus\build\utils.js:298:28)
    at new Promise (<anonymous>)
    at callAsyncCircusFn (C:\Angular project-2\codebook\node_modules\jest-circus\build\utils.js:231:10)
    at _callCircusHook (C:\Angular project-2\codebook\node_modules\jest-circus\build\run.js:281:40)
    at processTicksAndRejections (node:internal/process/task_queues:105:5)
    at _runTest (C:\Angular project-2\codebook\node_modules\jest-circus\build\run.js:246:5)
    at _runTestsForDescribeBlock (C:\Angular project-2\codebook\node_modules\jest-circus\build\run.js:126:9)
    at _runTestsForDescribeBlock (C:\Angular project-2\codebook\node_modules\jest-circus\build\run.js:121:9)
    at _runTestsForDescribeBlock (C:\Angular project-2\codebook\node_modules\jest-circus\build\run.js:121:9)
    at run (C:\Angular project-2\codebook\node_modules\jest-circus\build\run.js:71:3)
    at runAndTransformResultsToJestFormat (C:\Angular project-2\codebook\node_modules\jest-circus\build\legacy-code-todo-rewrite\jestAdapterInit.js:122:21)]]></failure>
    </testCase>
    <testCase name="ServiceProviderComponent onCancel should reset form, set default country, and close dialog when in popup" duration="21">
      <failure message="NullInjectorError: R3InjectorError(Standalone[ServiceProviderComponent])[_TranslateService -&gt; _TranslateService -&gt; TranslateStore -&gt; TranslateStore]: "><![CDATA[NullInjectorError: R3InjectorError(Standalone[ServiceProviderComponent])[_TranslateService -> _TranslateService -> TranslateStore -> TranslateStore]: 
  NullInjectorError: No provider for TranslateStore!
    at NullInjector.get (C:\Angular project-2\codebook\node_modules\@angular\core\fesm2022\core.mjs:1624:27)
    at R3Injector.get (C:\Angular project-2\codebook\node_modules\@angular\core\fesm2022\core.mjs:2151:33)
    at R3Injector.get (C:\Angular project-2\codebook\node_modules\@angular\core\fesm2022\core.mjs:2151:33)
    at injectInjectorOnly (C:\Angular project-2\codebook\node_modules\@angular\core\fesm2022\core.mjs:1119:32)
    at ɵɵinject (C:\Angular project-2\codebook\node_modules\@angular\core\fesm2022\core.mjs:1125:42)
    at Object._TranslateService_Factory [as factory] (ng:///_TranslateService/ɵfac.js:5:61)
    at C:\Angular project-2\codebook\node_modules\@angular\core\fesm2022\core.mjs:2274:47
    at runInInjectorProfilerContext (C:\Angular project-2\codebook\node_modules\@angular\core\fesm2022\core.mjs:880:9)
    at R3Injector.hydrate (C:\Angular project-2\codebook\node_modules\@angular\core\fesm2022\core.mjs:2273:21)
    at R3Injector.get (C:\Angular project-2\codebook\node_modules\@angular\core\fesm2022\core.mjs:2141:33)
    at R3Injector.get (C:\Angular project-2\codebook\node_modules\@angular\core\fesm2022\core.mjs:2151:33)
    at ChainedInjector.get (C:\Angular project-2\codebook\node_modules\@angular\core\fesm2022\core.mjs:17238:36)
    at lookupTokenUsingModuleInjector (C:\Angular project-2\codebook\node_modules\@angular\core\fesm2022\core.mjs:5063:39)
    at getOrCreateInjectable (C:\Angular project-2\codebook\node_modules\@angular\core\fesm2022\core.mjs:5111:12)
    at ɵɵdirectiveInject (C:\Angular project-2\codebook\node_modules\@angular\core\fesm2022\core.mjs:17289:19)
    at NodeInjectorFactory.ServiceProviderComponent_Factory [as factory] (ng:///ServiceProviderComponent/ɵfac.js:8:7)
    at getNodeInjectable (C:\Angular project-2\codebook\node_modules\@angular\core\fesm2022\core.mjs:5323:44)
    at instantiateAllDirectives (C:\Angular project-2\codebook\node_modules\@angular\core\fesm2022\core.mjs:12562:27)
    at createDirectivesInstances (C:\Angular project-2\codebook\node_modules\@angular\core\fesm2022\core.mjs:12352:5)
    at ComponentFactory2.create (C:\Angular project-2\codebook\node_modules\@angular\core\fesm2022\core.mjs:17945:17)
    at initComponent (C:\Angular project-2\codebook\node_modules\@angular\core\fesm2022\testing.mjs:2053:51)
    at _ZoneDelegate.invoke (C:\Angular project-2\codebook\node_modules\zone.js\bundles\zone.umd.js:416:32)
    at ProxyZoneSpec.Object.<anonymous>.ProxyZoneSpec.onInvoke (C:\Angular project-2\codebook\node_modules\zone.js\bundles\zone-testing.umd.js:2177:43)
    at _ZoneDelegate.invoke (C:\Angular project-2\codebook\node_modules\zone.js\bundles\zone.umd.js:415:38)
    at Object.onInvoke (C:\Angular project-2\codebook\node_modules\@angular\core\fesm2022\core.mjs:6528:33)
    at _ZoneDelegate.invoke (C:\Angular project-2\codebook\node_modules\zone.js\bundles\zone.umd.js:415:38)
    at ZoneImpl.run (C:\Angular project-2\codebook\node_modules\zone.js\bundles\zone.umd.js:147:47)
    at NgZone.run (C:\Angular project-2\codebook\node_modules\@angular\core\fesm2022\core.mjs:6374:28)
    at _TestBedImpl.createComponent (C:\Angular project-2\codebook\node_modules\@angular\core\fesm2022\testing.mjs:2058:41)
    at Function.createComponent (C:\Angular project-2\codebook\node_modules\@angular\core\fesm2022\testing.mjs:1844:37)
    at C:\Angular project-2\codebook\src\app\pages\dashboard\service-provider\service-provider.component.spec.ts:78:23
    at _ZoneDelegate.invoke (C:\Angular project-2\codebook\node_modules\zone.js\bundles\zone.umd.js:416:32)
    at ProxyZoneSpec.Object.<anonymous>.ProxyZoneSpec.onInvoke (C:\Angular project-2\codebook\node_modules\zone.js\bundles\zone-testing.umd.js:2177:43)
    at _ZoneDelegate.invoke (C:\Angular project-2\codebook\node_modules\zone.js\bundles\zone.umd.js:415:38)
    at ZoneImpl.run (C:\Angular project-2\codebook\node_modules\zone.js\bundles\zone.umd.js:147:47)
    at Object.wrappedFunc (C:\Angular project-2\codebook\node_modules\zone.js\bundles\zone-testing.umd.js:450:38)
    at Promise.then.completed (C:\Angular project-2\codebook\node_modules\jest-circus\build\utils.js:298:28)
    at new Promise (<anonymous>)
    at callAsyncCircusFn (C:\Angular project-2\codebook\node_modules\jest-circus\build\utils.js:231:10)
    at _callCircusHook (C:\Angular project-2\codebook\node_modules\jest-circus\build\run.js:281:40)
    at processTicksAndRejections (node:internal/process/task_queues:105:5)
    at _runTest (C:\Angular project-2\codebook\node_modules\jest-circus\build\run.js:246:5)
    at _runTestsForDescribeBlock (C:\Angular project-2\codebook\node_modules\jest-circus\build\run.js:126:9)
    at _runTestsForDescribeBlock (C:\Angular project-2\codebook\node_modules\jest-circus\build\run.js:121:9)
    at _runTestsForDescribeBlock (C:\Angular project-2\codebook\node_modules\jest-circus\build\run.js:121:9)
    at run (C:\Angular project-2\codebook\node_modules\jest-circus\build\run.js:71:3)
    at runAndTransformResultsToJestFormat (C:\Angular project-2\codebook\node_modules\jest-circus\build\legacy-code-todo-rewrite\jestAdapterInit.js:122:21)]]></failure>
    </testCase>
  </file>
  <file path="C:\Angular project-2\codebook\src\app\user\user.component.spec.ts">
    <testCase name="UserComponent should create the component" duration="562"/>
    <testCase name="UserComponent should initialize with correct default properties" duration="189"/>
    <testCase name="UserComponent should have correct constructor injections" duration="151"/>
    <testCase name="UserComponent should render avatar when showAvatar is true and avatar is set" duration="127"/>
    <testCase name="UserComponent should render icon when showAvatar is false" duration="142"/>
    <testCase name="UserComponent should render icon when user.avatar is falsy" duration="116"/>
    <testCase name="UserComponent should apply correct status class for online" duration="138"/>
    <testCase name="UserComponent should apply correct status class for away" duration="98"/>
    <testCase name="UserComponent should apply correct status class for busy" duration="199"/>
    <testCase name="UserComponent should apply correct status class for not-visible" duration="180"/>
    <testCase name="UserComponent should update user status to online" duration="108"/>
    <testCase name="UserComponent should update user status to away" duration="142"/>
    <testCase name="UserComponent should update user status to busy" duration="148"/>
    <testCase name="UserComponent should update user status to not-visible" duration="156"/>
    <testCase name="UserComponent should trigger updateUserStatus when status menu item is clicked" duration="122">
      <failure message="TypeError: Cannot read properties of null (reading &apos;triggerEventHandler&apos;)"><![CDATA[TypeError: Cannot read properties of null (reading 'triggerEventHandler')
    at C:\Angular project-2\codebook\src\app\user\user.component.spec.ts:143:20
    at fakeAsyncFn (C:\Angular project-2\codebook\node_modules\zone.js\bundles\zone-testing.umd.js:1795:30)
    at _ZoneDelegate.invoke (C:\Angular project-2\codebook\node_modules\zone.js\bundles\zone.umd.js:416:32)
    at ProxyZoneSpec.Object.<anonymous>.ProxyZoneSpec.onInvoke (C:\Angular project-2\codebook\node_modules\zone.js\bundles\zone-testing.umd.js:2177:43)
    at _ZoneDelegate.invoke (C:\Angular project-2\codebook\node_modules\zone.js\bundles\zone.umd.js:415:38)
    at ZoneImpl.run (C:\Angular project-2\codebook\node_modules\zone.js\bundles\zone.umd.js:147:47)
    at Object.wrappedFunc (C:\Angular project-2\codebook\node_modules\zone.js\bundles\zone-testing.umd.js:450:38)
    at Promise.then.completed (C:\Angular project-2\codebook\node_modules\jest-circus\build\utils.js:298:28)
    at new Promise (<anonymous>)
    at callAsyncCircusFn (C:\Angular project-2\codebook\node_modules\jest-circus\build\utils.js:231:10)
    at _callCircusTest (C:\Angular project-2\codebook\node_modules\jest-circus\build\run.js:316:40)
    at processTicksAndRejections (node:internal/process/task_queues:105:5)
    at _runTest (C:\Angular project-2\codebook\node_modules\jest-circus\build\run.js:252:3)
    at _runTestsForDescribeBlock (C:\Angular project-2\codebook\node_modules\jest-circus\build\run.js:126:9)
    at _runTestsForDescribeBlock (C:\Angular project-2\codebook\node_modules\jest-circus\build\run.js:121:9)
    at run (C:\Angular project-2\codebook\node_modules\jest-circus\build\run.js:71:3)
    at runAndTransformResultsToJestFormat (C:\Angular project-2\codebook\node_modules\jest-circus\build\legacy-code-todo-rewrite\jestAdapterInit.js:122:21)]]></failure>
    </testCase>
    <testCase name="UserComponent should render user menu items" duration="113">
      <failure message="TypeError: Cannot read properties of null (reading &apos;triggerEventHandler&apos;)"><![CDATA[TypeError: Cannot read properties of null (reading 'triggerEventHandler')
    at C:\Angular project-2\codebook\src\app\user\user.component.spec.ts:182:20
    at _ZoneDelegate.invoke (C:\Angular project-2\codebook\node_modules\zone.js\bundles\zone.umd.js:416:32)
    at ProxyZoneSpec.Object.<anonymous>.ProxyZoneSpec.onInvoke (C:\Angular project-2\codebook\node_modules\zone.js\bundles\zone-testing.umd.js:2177:43)
    at _ZoneDelegate.invoke (C:\Angular project-2\codebook\node_modules\zone.js\bundles\zone.umd.js:415:38)
    at ZoneImpl.run (C:\Angular project-2\codebook\node_modules\zone.js\bundles\zone.umd.js:147:47)
    at Object.wrappedFunc (C:\Angular project-2\codebook\node_modules\zone.js\bundles\zone-testing.umd.js:450:38)
    at Promise.then.completed (C:\Angular project-2\codebook\node_modules\jest-circus\build\utils.js:298:28)
    at new Promise (<anonymous>)
    at callAsyncCircusFn (C:\Angular project-2\codebook\node_modules\jest-circus\build\utils.js:231:10)
    at _callCircusTest (C:\Angular project-2\codebook\node_modules\jest-circus\build\run.js:316:40)
    at processTicksAndRejections (node:internal/process/task_queues:105:5)
    at _runTest (C:\Angular project-2\codebook\node_modules\jest-circus\build\run.js:252:3)
    at _runTestsForDescribeBlock (C:\Angular project-2\codebook\node_modules\jest-circus\build\run.js:126:9)
    at _runTestsForDescribeBlock (C:\Angular project-2\codebook\node_modules\jest-circus\build\run.js:121:9)
    at run (C:\Angular project-2\codebook\node_modules\jest-circus\build\run.js:71:3)
    at runAndTransformResultsToJestFormat (C:\Angular project-2\codebook\node_modules\jest-circus\build\legacy-code-todo-rewrite\jestAdapterInit.js:122:21)]]></failure>
    </testCase>
    <testCase name="UserComponent should call signOut and navigate to login via direct method call" duration="144"/>
    <testCase name="UserComponent should call signOut and navigate to login via menu click" duration="122">
      <failure message="TypeError: Cannot read properties of null (reading &apos;triggerEventHandler&apos;)"><![CDATA[TypeError: Cannot read properties of null (reading 'triggerEventHandler')
    at C:\Angular project-2\codebook\src\app\user\user.component.spec.ts:207:20
    at fakeAsyncFn (C:\Angular project-2\codebook\node_modules\zone.js\bundles\zone-testing.umd.js:1795:30)
    at _ZoneDelegate.invoke (C:\Angular project-2\codebook\node_modules\zone.js\bundles\zone.umd.js:416:32)
    at ProxyZoneSpec.Object.<anonymous>.ProxyZoneSpec.onInvoke (C:\Angular project-2\codebook\node_modules\zone.js\bundles\zone-testing.umd.js:2177:43)
    at _ZoneDelegate.invoke (C:\Angular project-2\codebook\node_modules\zone.js\bundles\zone.umd.js:415:38)
    at ZoneImpl.run (C:\Angular project-2\codebook\node_modules\zone.js\bundles\zone.umd.js:147:47)
    at Object.wrappedFunc (C:\Angular project-2\codebook\node_modules\zone.js\bundles\zone-testing.umd.js:450:38)
    at Promise.then.completed (C:\Angular project-2\codebook\node_modules\jest-circus\build\utils.js:298:28)
    at new Promise (<anonymous>)
    at callAsyncCircusFn (C:\Angular project-2\codebook\node_modules\jest-circus\build\utils.js:231:10)
    at _callCircusTest (C:\Angular project-2\codebook\node_modules\jest-circus\build\run.js:316:40)
    at processTicksAndRejections (node:internal/process/task_queues:105:5)
    at _runTest (C:\Angular project-2\codebook\node_modules\jest-circus\build\run.js:252:3)
    at _runTestsForDescribeBlock (C:\Angular project-2\codebook\node_modules\jest-circus\build\run.js:126:9)
    at _runTestsForDescribeBlock (C:\Angular project-2\codebook\node_modules\jest-circus\build\run.js:121:9)
    at run (C:\Angular project-2\codebook\node_modules\jest-circus\build\run.js:71:3)
    at runAndTransformResultsToJestFormat (C:\Angular project-2\codebook\node_modules\jest-circus\build\legacy-code-todo-rewrite\jestAdapterInit.js:122:21)]]></failure>
    </testCase>
    <testCase name="UserComponent should render divider" duration="158">
      <failure message="TypeError: Cannot read properties of null (reading &apos;triggerEventHandler&apos;)"><![CDATA[TypeError: Cannot read properties of null (reading 'triggerEventHandler')
    at C:\Angular project-2\codebook\src\app\user\user.component.spec.ts:226:20
    at _ZoneDelegate.invoke (C:\Angular project-2\codebook\node_modules\zone.js\bundles\zone.umd.js:416:32)
    at ProxyZoneSpec.Object.<anonymous>.ProxyZoneSpec.onInvoke (C:\Angular project-2\codebook\node_modules\zone.js\bundles\zone-testing.umd.js:2177:43)
    at _ZoneDelegate.invoke (C:\Angular project-2\codebook\node_modules\zone.js\bundles\zone.umd.js:415:38)
    at ZoneImpl.run (C:\Angular project-2\codebook\node_modules\zone.js\bundles\zone.umd.js:147:47)
    at Object.wrappedFunc (C:\Angular project-2\codebook\node_modules\zone.js\bundles\zone-testing.umd.js:450:38)
    at Promise.then.completed (C:\Angular project-2\codebook\node_modules\jest-circus\build\utils.js:298:28)
    at new Promise (<anonymous>)
    at callAsyncCircusFn (C:\Angular project-2\codebook\node_modules\jest-circus\build\utils.js:231:10)
    at _callCircusTest (C:\Angular project-2\codebook\node_modules\jest-circus\build\run.js:316:40)
    at processTicksAndRejections (node:internal/process/task_queues:105:5)
    at _runTest (C:\Angular project-2\codebook\node_modules\jest-circus\build\run.js:252:3)
    at _runTestsForDescribeBlock (C:\Angular project-2\codebook\node_modules\jest-circus\build\run.js:126:9)
    at _runTestsForDescribeBlock (C:\Angular project-2\codebook\node_modules\jest-circus\build\run.js:121:9)
    at run (C:\Angular project-2\codebook\node_modules\jest-circus\build\run.js:71:3)
    at runAndTransformResultsToJestFormat (C:\Angular project-2\codebook\node_modules\jest-circus\build\legacy-code-todo-rewrite\jestAdapterInit.js:122:21)]]></failure>
    </testCase>
  </file>
  <file path="C:\Angular project-2\codebook\src\app\app.component.spec.ts">
    <testCase name="AppComponent should create the app component" duration="258"/>
    <testCase name="AppComponent should render nav component and router outlet" duration="51">
      <failure message="Error: expect(received).toBeTruthy()"><![CDATA[Error: expect(received).toBeTruthy()

Received: null
    at C:\Angular project-2\codebook\src\app\app.component.spec.ts:79:24
    at _ZoneDelegate.invoke (C:\Angular project-2\codebook\node_modules\zone.js\bundles\zone.umd.js:416:32)
    at ProxyZoneSpec.Object.<anonymous>.ProxyZoneSpec.onInvoke (C:\Angular project-2\codebook\node_modules\zone.js\bundles\zone-testing.umd.js:2177:43)
    at _ZoneDelegate.invoke (C:\Angular project-2\codebook\node_modules\zone.js\bundles\zone.umd.js:415:38)
    at ZoneImpl.run (C:\Angular project-2\codebook\node_modules\zone.js\bundles\zone.umd.js:147:47)
    at Object.wrappedFunc (C:\Angular project-2\codebook\node_modules\zone.js\bundles\zone-testing.umd.js:450:38)
    at Promise.then.completed (C:\Angular project-2\codebook\node_modules\jest-circus\build\utils.js:298:28)
    at new Promise (<anonymous>)
    at callAsyncCircusFn (C:\Angular project-2\codebook\node_modules\jest-circus\build\utils.js:231:10)
    at _callCircusTest (C:\Angular project-2\codebook\node_modules\jest-circus\build\run.js:316:40)
    at processTicksAndRejections (node:internal/process/task_queues:105:5)
    at _runTest (C:\Angular project-2\codebook\node_modules\jest-circus\build\run.js:252:3)
    at _runTestsForDescribeBlock (C:\Angular project-2\codebook\node_modules\jest-circus\build\run.js:126:9)
    at _runTestsForDescribeBlock (C:\Angular project-2\codebook\node_modules\jest-circus\build\run.js:121:9)
    at run (C:\Angular project-2\codebook\node_modules\jest-circus\build\run.js:71:3)
    at runAndTransformResultsToJestFormat (C:\Angular project-2\codebook\node_modules\jest-circus\build\legacy-code-todo-rewrite\jestAdapterInit.js:122:21)]]></failure>
    </testCase>
    <testCase name="appConfig should provide router with correct routes" duration="50">
      <failure message="Error: expect(received).toBe(expected) // Object.is equality"><![CDATA[Error: expect(received).toBe(expected) // Object.is equality

Expected: 4
Received: 8
    at C:\Angular project-2\codebook\src\app\app.component.spec.ts:114:37
    at _ZoneDelegate.invoke (C:\Angular project-2\codebook\node_modules\zone.js\bundles\zone.umd.js:416:32)
    at ProxyZoneSpec.Object.<anonymous>.ProxyZoneSpec.onInvoke (C:\Angular project-2\codebook\node_modules\zone.js\bundles\zone-testing.umd.js:2177:43)
    at _ZoneDelegate.invoke (C:\Angular project-2\codebook\node_modules\zone.js\bundles\zone.umd.js:415:38)
    at ZoneImpl.run (C:\Angular project-2\codebook\node_modules\zone.js\bundles\zone.umd.js:147:47)
    at Object.wrappedFunc (C:\Angular project-2\codebook\node_modules\zone.js\bundles\zone-testing.umd.js:450:38)
    at Promise.then.completed (C:\Angular project-2\codebook\node_modules\jest-circus\build\utils.js:298:28)
    at new Promise (<anonymous>)
    at callAsyncCircusFn (C:\Angular project-2\codebook\node_modules\jest-circus\build\utils.js:231:10)
    at _callCircusTest (C:\Angular project-2\codebook\node_modules\jest-circus\build\run.js:316:40)
    at processTicksAndRejections (node:internal/process/task_queues:105:5)
    at _runTest (C:\Angular project-2\codebook\node_modules\jest-circus\build\run.js:252:3)
    at _runTestsForDescribeBlock (C:\Angular project-2\codebook\node_modules\jest-circus\build\run.js:126:9)
    at _runTestsForDescribeBlock (C:\Angular project-2\codebook\node_modules\jest-circus\build\run.js:121:9)
    at run (C:\Angular project-2\codebook\node_modules\jest-circus\build\run.js:71:3)
    at runAndTransformResultsToJestFormat (C:\Angular project-2\codebook\node_modules\jest-circus\build\legacy-code-todo-rewrite\jestAdapterInit.js:122:21)]]></failure>
    </testCase>
    <testCase name="appConfig should provide HttpClient" duration="26"/>
    <testCase name="appConfig should provide ToastrService with correct configuration" duration="23"/>
    <testCase name="appConfig should provide TranslateModule with HttpLoader" duration="206">
      <failure message="Error: Expected one matching request for criteria &quot;Match URL: ./assets/i18n/en.json&quot;, found none."><![CDATA[Error: Expected one matching request for criteria "Match URL: ./assets/i18n/en.json", found none.
    at _HttpClientTestingBackend.expectOne (C:\Angular project-2\codebook\node_modules\@angular\common\fesm2022\http\testing.mjs:277:19)
    at C:\Angular project-2\codebook\src\app\app.component.spec.ts:140:26
    at _ZoneDelegate.invoke (C:\Angular project-2\codebook\node_modules\zone.js\bundles\zone.umd.js:416:32)
    at ProxyZoneSpec.Object.<anonymous>.ProxyZoneSpec.onInvoke (C:\Angular project-2\codebook\node_modules\zone.js\bundles\zone-testing.umd.js:2177:43)
    at _ZoneDelegate.invoke (C:\Angular project-2\codebook\node_modules\zone.js\bundles\zone.umd.js:415:38)
    at ZoneImpl.run (C:\Angular project-2\codebook\node_modules\zone.js\bundles\zone.umd.js:147:47)
    at Object.wrappedFunc (C:\Angular project-2\codebook\node_modules\zone.js\bundles\zone-testing.umd.js:450:38)
    at Promise.then.completed (C:\Angular project-2\codebook\node_modules\jest-circus\build\utils.js:298:28)
    at new Promise (<anonymous>)
    at callAsyncCircusFn (C:\Angular project-2\codebook\node_modules\jest-circus\build\utils.js:231:10)
    at _callCircusTest (C:\Angular project-2\codebook\node_modules\jest-circus\build\run.js:316:40)
    at processTicksAndRejections (node:internal/process/task_queues:105:5)
    at _runTest (C:\Angular project-2\codebook\node_modules\jest-circus\build\run.js:252:3)
    at _runTestsForDescribeBlock (C:\Angular project-2\codebook\node_modules\jest-circus\build\run.js:126:9)
    at _runTestsForDescribeBlock (C:\Angular project-2\codebook\node_modules\jest-circus\build\run.js:121:9)
    at run (C:\Angular project-2\codebook\node_modules\jest-circus\build\run.js:71:3)
    at runAndTransformResultsToJestFormat (C:\Angular project-2\codebook\node_modules\jest-circus\build\legacy-code-todo-rewrite\jestAdapterInit.js:122:21)]]></failure>
    </testCase>
    <testCase name="appConfig should apply zone change detection configuration" duration="23"/>
    <testCase name="appConfig should use appConfig providers" duration="36"/>
    <testCase name="Routes should have correct route definitions" duration="38"/>
    <testCase name="Routes should redirect to login for default route" duration="119"/>
    <testCase name="Routes should redirect to login for unknown route" duration="29"/>
    <testCase name="Routes should navigate to dashboard when authenticated" duration="24"/>
    <testCase name="Routes should redirect to login when not authenticated" duration="86">
      <failure message="Error: expect(received).toBe(expected) // Object.is equality"><![CDATA[Error: expect(received).toBe(expected) // Object.is equality

Expected: "/login"
Received: "/login?returnUrl=%2Fmain-dashboard%2Fdashboard"
    at C:\Angular project-2\codebook\src\app\app.component.spec.ts:233:26
    at _ZoneDelegate.invoke (C:\Angular project-2\codebook\node_modules\zone.js\bundles\zone.umd.js:416:32)
    at FakeAsyncTestZoneSpec.Object.<anonymous>.FakeAsyncTestZoneSpec.onInvoke (C:\Angular project-2\codebook\node_modules\zone.js\bundles\zone-testing.umd.js:1698:33)
    at ProxyZoneSpec.Object.<anonymous>.ProxyZoneSpec.onInvoke (C:\Angular project-2\codebook\node_modules\zone.js\bundles\zone-testing.umd.js:2174:43)
    at _ZoneDelegate.invoke (C:\Angular project-2\codebook\node_modules\zone.js\bundles\zone.umd.js:415:38)
    at ZoneImpl.run (C:\Angular project-2\codebook\node_modules\zone.js\bundles\zone.umd.js:147:47)
    at C:\Angular project-2\codebook\node_modules\zone.js\bundles\zone.umd.js:2598:42
    at _ZoneDelegate.invokeTask (C:\Angular project-2\codebook\node_modules\zone.js\bundles\zone.umd.js:449:37)
    at ProxyZoneSpec.Object.<anonymous>.ProxyZoneSpec.onInvokeTask (C:\Angular project-2\codebook\node_modules\zone.js\bundles\zone-testing.umd.js:2208:43)
    at _ZoneDelegate.invokeTask (C:\Angular project-2\codebook\node_modules\zone.js\bundles\zone.umd.js:448:42)
    at ZoneImpl.runTask (C:\Angular project-2\codebook\node_modules\zone.js\bundles\zone.umd.js:196:51)
    at ZoneTask.invokeTask (C:\Angular project-2\codebook\node_modules\zone.js\bundles\zone.umd.js:531:38)
    at ZoneTask.invoke (C:\Angular project-2\codebook\node_modules\zone.js\bundles\zone.umd.js:520:52)
    at FakeAsyncTestZoneSpec.Object.<anonymous>.FakeAsyncTestZoneSpec.flushMicrotasks (C:\Angular project-2\codebook\node_modules\zone.js\bundles\zone-testing.umd.js:1573:32)
    at FakeAsyncTestZoneSpec.Object.<anonymous>.FakeAsyncTestZoneSpec.tick (C:\Angular project-2\codebook\node_modules\zone.js\bundles\zone-testing.umd.js:1556:18)
    at Object.tick (C:\Angular project-2\codebook\node_modules\zone.js\bundles\zone-testing.umd.js:1848:33)
    at tick (C:\Angular project-2\codebook\node_modules\@angular\core\fesm2022\testing.mjs:516:36)
    at C:\Angular project-2\codebook\src\app\app.component.spec.ts:235:9
    at fakeAsyncFn (C:\Angular project-2\codebook\node_modules\zone.js\bundles\zone-testing.umd.js:1795:30)
    at _ZoneDelegate.invoke (C:\Angular project-2\codebook\node_modules\zone.js\bundles\zone.umd.js:416:32)
    at ProxyZoneSpec.Object.<anonymous>.ProxyZoneSpec.onInvoke (C:\Angular project-2\codebook\node_modules\zone.js\bundles\zone-testing.umd.js:2177:43)
    at _ZoneDelegate.invoke (C:\Angular project-2\codebook\node_modules\zone.js\bundles\zone.umd.js:415:38)
    at ZoneImpl.run (C:\Angular project-2\codebook\node_modules\zone.js\bundles\zone.umd.js:147:47)
    at Object.wrappedFunc (C:\Angular project-2\codebook\node_modules\zone.js\bundles\zone-testing.umd.js:450:38)
    at Promise.then.completed (C:\Angular project-2\codebook\node_modules\jest-circus\build\utils.js:298:28)
    at new Promise (<anonymous>)
    at callAsyncCircusFn (C:\Angular project-2\codebook\node_modules\jest-circus\build\utils.js:231:10)
    at _callCircusTest (C:\Angular project-2\codebook\node_modules\jest-circus\build\run.js:316:40)
    at processTicksAndRejections (node:internal/process/task_queues:105:5)
    at _runTest (C:\Angular project-2\codebook\node_modules\jest-circus\build\run.js:252:3)
    at _runTestsForDescribeBlock (C:\Angular project-2\codebook\node_modules\jest-circus\build\run.js:126:9)
    at _runTestsForDescribeBlock (C:\Angular project-2\codebook\node_modules\jest-circus\build\run.js:121:9)
    at run (C:\Angular project-2\codebook\node_modules\jest-circus\build\run.js:71:3)
    at runAndTransformResultsToJestFormat (C:\Angular project-2\codebook\node_modules\jest-circus\build\legacy-code-todo-rewrite\jestAdapterInit.js:122:21)]]></failure>
    </testCase>
    <testCase name="Routes should navigate to child routes when authenticated" duration="56"/>
    <testCase name="AuthGuard should allow navigation when authenticated" duration="11"/>
    <testCase name="AuthGuard should redirect to login when not authenticated" duration="238"/>
    <testCase name="NavComponent should create the component" duration="76"/>
    <testCase name="NavComponent should display navigation links when authenticated" duration="88"/>
    <testCase name="NavComponent should display only login link when not authenticated" duration="38"/>
    <testCase name="NavComponent should call signout on button click" duration="56"/>
  </file>
  <file path="C:\Angular project-2\codebook\src\app\pages\dashboard\dashboard.component.spec.ts">
    <testCase name="DashboardComponent should create" duration="806">
      <failure message="TypeError: jest.spyOn(...).mockImplementation is not a function"><![CDATA[TypeError: jest.spyOn(...).mockImplementation is not a function
    at C:\Angular project-2\codebook\src\app\pages\dashboard\dashboard.component.spec.ts:69:41
    at Generator.next (<anonymous>)
    at fulfilled (C:\Angular project-2\codebook\node_modules\tslib\tslib.js:167:62)
    at _ZoneDelegate.invoke (C:\Angular project-2\codebook\node_modules\zone.js\bundles\zone.umd.js:416:32)
    at ProxyZoneSpec.Object.<anonymous>.ProxyZoneSpec.onInvoke (C:\Angular project-2\codebook\node_modules\zone.js\bundles\zone-testing.umd.js:2177:43)
    at _ZoneDelegate.invoke (C:\Angular project-2\codebook\node_modules\zone.js\bundles\zone.umd.js:415:38)
    at ZoneImpl.run (C:\Angular project-2\codebook\node_modules\zone.js\bundles\zone.umd.js:147:47)
    at C:\Angular project-2\codebook\node_modules\zone.js\bundles\zone.umd.js:2598:42
    at _ZoneDelegate.invokeTask (C:\Angular project-2\codebook\node_modules\zone.js\bundles\zone.umd.js:449:37)
    at ProxyZoneSpec.Object.<anonymous>.ProxyZoneSpec.onInvokeTask (C:\Angular project-2\codebook\node_modules\zone.js\bundles\zone-testing.umd.js:2208:43)
    at _ZoneDelegate.invokeTask (C:\Angular project-2\codebook\node_modules\zone.js\bundles\zone.umd.js:448:42)
    at ZoneImpl.runTask (C:\Angular project-2\codebook\node_modules\zone.js\bundles\zone.umd.js:196:51)
    at drainMicroTaskQueue (C:\Angular project-2\codebook\node_modules\zone.js\bundles\zone.umd.js:638:39)
    at processTicksAndRejections (node:internal/process/task_queues:105:5)]]></failure>
    </testCase>
    <testCase name="DashboardComponent should initialize with correct form controls" duration="196">
      <failure message="TypeError: jest.spyOn(...).mockImplementation is not a function"><![CDATA[TypeError: jest.spyOn(...).mockImplementation is not a function
    at C:\Angular project-2\codebook\src\app\pages\dashboard\dashboard.component.spec.ts:69:41
    at Generator.next (<anonymous>)
    at fulfilled (C:\Angular project-2\codebook\node_modules\tslib\tslib.js:167:62)
    at _ZoneDelegate.invoke (C:\Angular project-2\codebook\node_modules\zone.js\bundles\zone.umd.js:416:32)
    at ProxyZoneSpec.Object.<anonymous>.ProxyZoneSpec.onInvoke (C:\Angular project-2\codebook\node_modules\zone.js\bundles\zone-testing.umd.js:2177:43)
    at _ZoneDelegate.invoke (C:\Angular project-2\codebook\node_modules\zone.js\bundles\zone.umd.js:415:38)
    at ZoneImpl.run (C:\Angular project-2\codebook\node_modules\zone.js\bundles\zone.umd.js:147:47)
    at C:\Angular project-2\codebook\node_modules\zone.js\bundles\zone.umd.js:2598:42
    at _ZoneDelegate.invokeTask (C:\Angular project-2\codebook\node_modules\zone.js\bundles\zone.umd.js:449:37)
    at ProxyZoneSpec.Object.<anonymous>.ProxyZoneSpec.onInvokeTask (C:\Angular project-2\codebook\node_modules\zone.js\bundles\zone-testing.umd.js:2208:43)
    at _ZoneDelegate.invokeTask (C:\Angular project-2\codebook\node_modules\zone.js\bundles\zone.umd.js:448:42)
    at ZoneImpl.runTask (C:\Angular project-2\codebook\node_modules\zone.js\bundles\zone.umd.js:196:51)
    at drainMicroTaskQueue (C:\Angular project-2\codebook\node_modules\zone.js\bundles\zone.umd.js:638:39)
    at processTicksAndRejections (node:internal/process/task_queues:105:5)]]></failure>
    </testCase>
    <testCase name="DashboardComponent should set translation language from localStorage on init" duration="206">
      <failure message="TypeError: jest.spyOn(...).mockImplementation is not a function"><![CDATA[TypeError: jest.spyOn(...).mockImplementation is not a function
    at C:\Angular project-2\codebook\src\app\pages\dashboard\dashboard.component.spec.ts:69:41
    at Generator.next (<anonymous>)
    at fulfilled (C:\Angular project-2\codebook\node_modules\tslib\tslib.js:167:62)
    at _ZoneDelegate.invoke (C:\Angular project-2\codebook\node_modules\zone.js\bundles\zone.umd.js:416:32)
    at ProxyZoneSpec.Object.<anonymous>.ProxyZoneSpec.onInvoke (C:\Angular project-2\codebook\node_modules\zone.js\bundles\zone-testing.umd.js:2177:43)
    at _ZoneDelegate.invoke (C:\Angular project-2\codebook\node_modules\zone.js\bundles\zone.umd.js:415:38)
    at ZoneImpl.run (C:\Angular project-2\codebook\node_modules\zone.js\bundles\zone.umd.js:147:47)
    at C:\Angular project-2\codebook\node_modules\zone.js\bundles\zone.umd.js:2598:42
    at _ZoneDelegate.invokeTask (C:\Angular project-2\codebook\node_modules\zone.js\bundles\zone.umd.js:449:37)
    at ProxyZoneSpec.Object.<anonymous>.ProxyZoneSpec.onInvokeTask (C:\Angular project-2\codebook\node_modules\zone.js\bundles\zone-testing.umd.js:2208:43)
    at _ZoneDelegate.invokeTask (C:\Angular project-2\codebook\node_modules\zone.js\bundles\zone.umd.js:448:42)
    at ZoneImpl.runTask (C:\Angular project-2\codebook\node_modules\zone.js\bundles\zone.umd.js:196:51)
    at drainMicroTaskQueue (C:\Angular project-2\codebook\node_modules\zone.js\bundles\zone.umd.js:638:39)
    at processTicksAndRejections (node:internal/process/task_queues:105:5)]]></failure>
    </testCase>
    <testCase name="DashboardComponent should initialize countries array" duration="183">
      <failure message="TypeError: jest.spyOn(...).mockImplementation is not a function"><![CDATA[TypeError: jest.spyOn(...).mockImplementation is not a function
    at C:\Angular project-2\codebook\src\app\pages\dashboard\dashboard.component.spec.ts:69:41
    at Generator.next (<anonymous>)
    at fulfilled (C:\Angular project-2\codebook\node_modules\tslib\tslib.js:167:62)
    at _ZoneDelegate.invoke (C:\Angular project-2\codebook\node_modules\zone.js\bundles\zone.umd.js:416:32)
    at ProxyZoneSpec.Object.<anonymous>.ProxyZoneSpec.onInvoke (C:\Angular project-2\codebook\node_modules\zone.js\bundles\zone-testing.umd.js:2177:43)
    at _ZoneDelegate.invoke (C:\Angular project-2\codebook\node_modules\zone.js\bundles\zone.umd.js:415:38)
    at ZoneImpl.run (C:\Angular project-2\codebook\node_modules\zone.js\bundles\zone.umd.js:147:47)
    at C:\Angular project-2\codebook\node_modules\zone.js\bundles\zone.umd.js:2598:42
    at _ZoneDelegate.invokeTask (C:\Angular project-2\codebook\node_modules\zone.js\bundles\zone.umd.js:449:37)
    at ProxyZoneSpec.Object.<anonymous>.ProxyZoneSpec.onInvokeTask (C:\Angular project-2\codebook\node_modules\zone.js\bundles\zone-testing.umd.js:2208:43)
    at _ZoneDelegate.invokeTask (C:\Angular project-2\codebook\node_modules\zone.js\bundles\zone.umd.js:448:42)
    at ZoneImpl.runTask (C:\Angular project-2\codebook\node_modules\zone.js\bundles\zone.umd.js:196:51)
    at drainMicroTaskQueue (C:\Angular project-2\codebook\node_modules\zone.js\bundles\zone.umd.js:638:39)
    at processTicksAndRejections (node:internal/process/task_queues:105:5)]]></failure>
    </testCase>
    <testCase name="DashboardComponent should set responsive class based on breakpoint" duration="187">
      <failure message="TypeError: jest.spyOn(...).mockImplementation is not a function"><![CDATA[TypeError: jest.spyOn(...).mockImplementation is not a function
    at C:\Angular project-2\codebook\src\app\pages\dashboard\dashboard.component.spec.ts:69:41
    at Generator.next (<anonymous>)
    at fulfilled (C:\Angular project-2\codebook\node_modules\tslib\tslib.js:167:62)
    at _ZoneDelegate.invoke (C:\Angular project-2\codebook\node_modules\zone.js\bundles\zone.umd.js:416:32)
    at ProxyZoneSpec.Object.<anonymous>.ProxyZoneSpec.onInvoke (C:\Angular project-2\codebook\node_modules\zone.js\bundles\zone-testing.umd.js:2177:43)
    at _ZoneDelegate.invoke (C:\Angular project-2\codebook\node_modules\zone.js\bundles\zone.umd.js:415:38)
    at ZoneImpl.run (C:\Angular project-2\codebook\node_modules\zone.js\bundles\zone.umd.js:147:47)
    at C:\Angular project-2\codebook\node_modules\zone.js\bundles\zone.umd.js:2598:42
    at _ZoneDelegate.invokeTask (C:\Angular project-2\codebook\node_modules\zone.js\bundles\zone.umd.js:449:37)
    at ProxyZoneSpec.Object.<anonymous>.ProxyZoneSpec.onInvokeTask (C:\Angular project-2\codebook\node_modules\zone.js\bundles\zone-testing.umd.js:2208:43)
    at _ZoneDelegate.invokeTask (C:\Angular project-2\codebook\node_modules\zone.js\bundles\zone.umd.js:448:42)
    at ZoneImpl.runTask (C:\Angular project-2\codebook\node_modules\zone.js\bundles\zone.umd.js:196:51)
    at drainMicroTaskQueue (C:\Angular project-2\codebook\node_modules\zone.js\bundles\zone.umd.js:638:39)
    at processTicksAndRejections (node:internal/process/task_queues:105:5)]]></failure>
    </testCase>
    <testCase name="DashboardComponent should load service providers from localStorage" duration="168">
      <failure message="TypeError: jest.spyOn(...).mockImplementation is not a function"><![CDATA[TypeError: jest.spyOn(...).mockImplementation is not a function
    at C:\Angular project-2\codebook\src\app\pages\dashboard\dashboard.component.spec.ts:69:41
    at Generator.next (<anonymous>)
    at fulfilled (C:\Angular project-2\codebook\node_modules\tslib\tslib.js:167:62)
    at _ZoneDelegate.invoke (C:\Angular project-2\codebook\node_modules\zone.js\bundles\zone.umd.js:416:32)
    at ProxyZoneSpec.Object.<anonymous>.ProxyZoneSpec.onInvoke (C:\Angular project-2\codebook\node_modules\zone.js\bundles\zone-testing.umd.js:2177:43)
    at _ZoneDelegate.invoke (C:\Angular project-2\codebook\node_modules\zone.js\bundles\zone.umd.js:415:38)
    at ZoneImpl.run (C:\Angular project-2\codebook\node_modules\zone.js\bundles\zone.umd.js:147:47)
    at C:\Angular project-2\codebook\node_modules\zone.js\bundles\zone.umd.js:2598:42
    at _ZoneDelegate.invokeTask (C:\Angular project-2\codebook\node_modules\zone.js\bundles\zone.umd.js:449:37)
    at ProxyZoneSpec.Object.<anonymous>.ProxyZoneSpec.onInvokeTask (C:\Angular project-2\codebook\node_modules\zone.js\bundles\zone-testing.umd.js:2208:43)
    at _ZoneDelegate.invokeTask (C:\Angular project-2\codebook\node_modules\zone.js\bundles\zone.umd.js:448:42)
    at ZoneImpl.runTask (C:\Angular project-2\codebook\node_modules\zone.js\bundles\zone.umd.js:196:51)
    at drainMicroTaskQueue (C:\Angular project-2\codebook\node_modules\zone.js\bundles\zone.umd.js:638:39)
    at processTicksAndRejections (node:internal/process/task_queues:105:5)]]></failure>
    </testCase>
    <testCase name="DashboardComponent should handle empty service providers in localStorage" duration="158">
      <failure message="TypeError: jest.spyOn(...).mockImplementation is not a function"><![CDATA[TypeError: jest.spyOn(...).mockImplementation is not a function
    at C:\Angular project-2\codebook\src\app\pages\dashboard\dashboard.component.spec.ts:69:41
    at Generator.next (<anonymous>)
    at fulfilled (C:\Angular project-2\codebook\node_modules\tslib\tslib.js:167:62)
    at _ZoneDelegate.invoke (C:\Angular project-2\codebook\node_modules\zone.js\bundles\zone.umd.js:416:32)
    at ProxyZoneSpec.Object.<anonymous>.ProxyZoneSpec.onInvoke (C:\Angular project-2\codebook\node_modules\zone.js\bundles\zone-testing.umd.js:2177:43)
    at _ZoneDelegate.invoke (C:\Angular project-2\codebook\node_modules\zone.js\bundles\zone.umd.js:415:38)
    at ZoneImpl.run (C:\Angular project-2\codebook\node_modules\zone.js\bundles\zone.umd.js:147:47)
    at C:\Angular project-2\codebook\node_modules\zone.js\bundles\zone.umd.js:2598:42
    at _ZoneDelegate.invokeTask (C:\Angular project-2\codebook\node_modules\zone.js\bundles\zone.umd.js:449:37)
    at ProxyZoneSpec.Object.<anonymous>.ProxyZoneSpec.onInvokeTask (C:\Angular project-2\codebook\node_modules\zone.js\bundles\zone-testing.umd.js:2208:43)
    at _ZoneDelegate.invokeTask (C:\Angular project-2\codebook\node_modules\zone.js\bundles\zone.umd.js:448:42)
    at ZoneImpl.runTask (C:\Angular project-2\codebook\node_modules\zone.js\bundles\zone.umd.js:196:51)
    at drainMicroTaskQueue (C:\Angular project-2\codebook\node_modules\zone.js\bundles\zone.umd.js:638:39)
    at processTicksAndRejections (node:internal/process/task_queues:105:5)]]></failure>
    </testCase>
    <testCase name="DashboardComponent should handle localStorage error in loadFromLocalStorage" duration="151">
      <failure message="TypeError: jest.spyOn(...).mockImplementation is not a function"><![CDATA[TypeError: jest.spyOn(...).mockImplementation is not a function
    at C:\Angular project-2\codebook\src\app\pages\dashboard\dashboard.component.spec.ts:69:41
    at Generator.next (<anonymous>)
    at fulfilled (C:\Angular project-2\codebook\node_modules\tslib\tslib.js:167:62)
    at _ZoneDelegate.invoke (C:\Angular project-2\codebook\node_modules\zone.js\bundles\zone.umd.js:416:32)
    at ProxyZoneSpec.Object.<anonymous>.ProxyZoneSpec.onInvoke (C:\Angular project-2\codebook\node_modules\zone.js\bundles\zone-testing.umd.js:2177:43)
    at _ZoneDelegate.invoke (C:\Angular project-2\codebook\node_modules\zone.js\bundles\zone.umd.js:415:38)
    at ZoneImpl.run (C:\Angular project-2\codebook\node_modules\zone.js\bundles\zone.umd.js:147:47)
    at C:\Angular project-2\codebook\node_modules\zone.js\bundles\zone.umd.js:2598:42
    at _ZoneDelegate.invokeTask (C:\Angular project-2\codebook\node_modules\zone.js\bundles\zone.umd.js:449:37)
    at ProxyZoneSpec.Object.<anonymous>.ProxyZoneSpec.onInvokeTask (C:\Angular project-2\codebook\node_modules\zone.js\bundles\zone-testing.umd.js:2208:43)
    at _ZoneDelegate.invokeTask (C:\Angular project-2\codebook\node_modules\zone.js\bundles\zone.umd.js:448:42)
    at ZoneImpl.runTask (C:\Angular project-2\codebook\node_modules\zone.js\bundles\zone.umd.js:196:51)
    at drainMicroTaskQueue (C:\Angular project-2\codebook\node_modules\zone.js\bundles\zone.umd.js:638:39)
    at processTicksAndRejections (node:internal/process/task_queues:105:5)]]></failure>
    </testCase>
    <testCase name="DashboardComponent should open service provider dialog" duration="146">
      <failure message="TypeError: jest.spyOn(...).mockImplementation is not a function"><![CDATA[TypeError: jest.spyOn(...).mockImplementation is not a function
    at C:\Angular project-2\codebook\src\app\pages\dashboard\dashboard.component.spec.ts:69:41
    at Generator.next (<anonymous>)
    at fulfilled (C:\Angular project-2\codebook\node_modules\tslib\tslib.js:167:62)
    at _ZoneDelegate.invoke (C:\Angular project-2\codebook\node_modules\zone.js\bundles\zone.umd.js:416:32)
    at ProxyZoneSpec.Object.<anonymous>.ProxyZoneSpec.onInvoke (C:\Angular project-2\codebook\node_modules\zone.js\bundles\zone-testing.umd.js:2177:43)
    at _ZoneDelegate.invoke (C:\Angular project-2\codebook\node_modules\zone.js\bundles\zone.umd.js:415:38)
    at ZoneImpl.run (C:\Angular project-2\codebook\node_modules\zone.js\bundles\zone.umd.js:147:47)
    at C:\Angular project-2\codebook\node_modules\zone.js\bundles\zone.umd.js:2598:42
    at _ZoneDelegate.invokeTask (C:\Angular project-2\codebook\node_modules\zone.js\bundles\zone.umd.js:449:37)
    at ProxyZoneSpec.Object.<anonymous>.ProxyZoneSpec.onInvokeTask (C:\Angular project-2\codebook\node_modules\zone.js\bundles\zone-testing.umd.js:2208:43)
    at _ZoneDelegate.invokeTask (C:\Angular project-2\codebook\node_modules\zone.js\bundles\zone.umd.js:448:42)
    at ZoneImpl.runTask (C:\Angular project-2\codebook\node_modules\zone.js\bundles\zone.umd.js:196:51)
    at drainMicroTaskQueue (C:\Angular project-2\codebook\node_modules\zone.js\bundles\zone.umd.js:638:39)
    at processTicksAndRejections (node:internal/process/task_queues:105:5)]]></failure>
    </testCase>
    <testCase name="DashboardComponent should add new service provider from dialog" duration="184">
      <failure message="TypeError: jest.spyOn(...).mockImplementation is not a function"><![CDATA[TypeError: jest.spyOn(...).mockImplementation is not a function
    at C:\Angular project-2\codebook\src\app\pages\dashboard\dashboard.component.spec.ts:69:41
    at Generator.next (<anonymous>)
    at fulfilled (C:\Angular project-2\codebook\node_modules\tslib\tslib.js:167:62)
    at _ZoneDelegate.invoke (C:\Angular project-2\codebook\node_modules\zone.js\bundles\zone.umd.js:416:32)
    at ProxyZoneSpec.Object.<anonymous>.ProxyZoneSpec.onInvoke (C:\Angular project-2\codebook\node_modules\zone.js\bundles\zone-testing.umd.js:2177:43)
    at _ZoneDelegate.invoke (C:\Angular project-2\codebook\node_modules\zone.js\bundles\zone.umd.js:415:38)
    at ZoneImpl.run (C:\Angular project-2\codebook\node_modules\zone.js\bundles\zone.umd.js:147:47)
    at C:\Angular project-2\codebook\node_modules\zone.js\bundles\zone.umd.js:2598:42
    at _ZoneDelegate.invokeTask (C:\Angular project-2\codebook\node_modules\zone.js\bundles\zone.umd.js:449:37)
    at ProxyZoneSpec.Object.<anonymous>.ProxyZoneSpec.onInvokeTask (C:\Angular project-2\codebook\node_modules\zone.js\bundles\zone-testing.umd.js:2208:43)
    at _ZoneDelegate.invokeTask (C:\Angular project-2\codebook\node_modules\zone.js\bundles\zone.umd.js:448:42)
    at ZoneImpl.runTask (C:\Angular project-2\codebook\node_modules\zone.js\bundles\zone.umd.js:196:51)
    at drainMicroTaskQueue (C:\Angular project-2\codebook\node_modules\zone.js\bundles\zone.umd.js:638:39)
    at processTicksAndRejections (node:internal/process/task_queues:105:5)]]></failure>
    </testCase>
    <testCase name="DashboardComponent should update existing service provider from dialog" duration="188">
      <failure message="TypeError: jest.spyOn(...).mockImplementation is not a function"><![CDATA[TypeError: jest.spyOn(...).mockImplementation is not a function
    at C:\Angular project-2\codebook\src\app\pages\dashboard\dashboard.component.spec.ts:69:41
    at Generator.next (<anonymous>)
    at fulfilled (C:\Angular project-2\codebook\node_modules\tslib\tslib.js:167:62)
    at _ZoneDelegate.invoke (C:\Angular project-2\codebook\node_modules\zone.js\bundles\zone.umd.js:416:32)
    at ProxyZoneSpec.Object.<anonymous>.ProxyZoneSpec.onInvoke (C:\Angular project-2\codebook\node_modules\zone.js\bundles\zone-testing.umd.js:2177:43)
    at _ZoneDelegate.invoke (C:\Angular project-2\codebook\node_modules\zone.js\bundles\zone.umd.js:415:38)
    at ZoneImpl.run (C:\Angular project-2\codebook\node_modules\zone.js\bundles\zone.umd.js:147:47)
    at C:\Angular project-2\codebook\node_modules\zone.js\bundles\zone.umd.js:2598:42
    at _ZoneDelegate.invokeTask (C:\Angular project-2\codebook\node_modules\zone.js\bundles\zone.umd.js:449:37)
    at ProxyZoneSpec.Object.<anonymous>.ProxyZoneSpec.onInvokeTask (C:\Angular project-2\codebook\node_modules\zone.js\bundles\zone-testing.umd.js:2208:43)
    at _ZoneDelegate.invokeTask (C:\Angular project-2\codebook\node_modules\zone.js\bundles\zone.umd.js:448:42)
    at ZoneImpl.runTask (C:\Angular project-2\codebook\node_modules\zone.js\bundles\zone.umd.js:196:51)
    at drainMicroTaskQueue (C:\Angular project-2\codebook\node_modules\zone.js\bundles\zone.umd.js:638:39)
    at processTicksAndRejections (node:internal/process/task_queues:105:5)]]></failure>
    </testCase>
    <testCase name="DashboardComponent should not add provider if dialog returns undefined" duration="231">
      <failure message="TypeError: jest.spyOn(...).mockImplementation is not a function"><![CDATA[TypeError: jest.spyOn(...).mockImplementation is not a function
    at C:\Angular project-2\codebook\src\app\pages\dashboard\dashboard.component.spec.ts:69:41
    at Generator.next (<anonymous>)
    at fulfilled (C:\Angular project-2\codebook\node_modules\tslib\tslib.js:167:62)
    at _ZoneDelegate.invoke (C:\Angular project-2\codebook\node_modules\zone.js\bundles\zone.umd.js:416:32)
    at ProxyZoneSpec.Object.<anonymous>.ProxyZoneSpec.onInvoke (C:\Angular project-2\codebook\node_modules\zone.js\bundles\zone-testing.umd.js:2177:43)
    at _ZoneDelegate.invoke (C:\Angular project-2\codebook\node_modules\zone.js\bundles\zone.umd.js:415:38)
    at ZoneImpl.run (C:\Angular project-2\codebook\node_modules\zone.js\bundles\zone.umd.js:147:47)
    at C:\Angular project-2\codebook\node_modules\zone.js\bundles\zone.umd.js:2598:42
    at _ZoneDelegate.invokeTask (C:\Angular project-2\codebook\node_modules\zone.js\bundles\zone.umd.js:449:37)
    at ProxyZoneSpec.Object.<anonymous>.ProxyZoneSpec.onInvokeTask (C:\Angular project-2\codebook\node_modules\zone.js\bundles\zone-testing.umd.js:2208:43)
    at _ZoneDelegate.invokeTask (C:\Angular project-2\codebook\node_modules\zone.js\bundles\zone.umd.js:448:42)
    at ZoneImpl.runTask (C:\Angular project-2\codebook\node_modules\zone.js\bundles\zone.umd.js:196:51)
    at drainMicroTaskQueue (C:\Angular project-2\codebook\node_modules\zone.js\bundles\zone.umd.js:638:39)
    at processTicksAndRejections (node:internal/process/task_queues:105:5)]]></failure>
    </testCase>
    <testCase name="DashboardComponent should edit service provider" duration="150">
      <failure message="TypeError: jest.spyOn(...).mockImplementation is not a function"><![CDATA[TypeError: jest.spyOn(...).mockImplementation is not a function
    at C:\Angular project-2\codebook\src\app\pages\dashboard\dashboard.component.spec.ts:69:41
    at Generator.next (<anonymous>)
    at fulfilled (C:\Angular project-2\codebook\node_modules\tslib\tslib.js:167:62)
    at _ZoneDelegate.invoke (C:\Angular project-2\codebook\node_modules\zone.js\bundles\zone.umd.js:416:32)
    at ProxyZoneSpec.Object.<anonymous>.ProxyZoneSpec.onInvoke (C:\Angular project-2\codebook\node_modules\zone.js\bundles\zone-testing.umd.js:2177:43)
    at _ZoneDelegate.invoke (C:\Angular project-2\codebook\node_modules\zone.js\bundles\zone.umd.js:415:38)
    at ZoneImpl.run (C:\Angular project-2\codebook\node_modules\zone.js\bundles\zone.umd.js:147:47)
    at C:\Angular project-2\codebook\node_modules\zone.js\bundles\zone.umd.js:2598:42
    at _ZoneDelegate.invokeTask (C:\Angular project-2\codebook\node_modules\zone.js\bundles\zone.umd.js:449:37)
    at ProxyZoneSpec.Object.<anonymous>.ProxyZoneSpec.onInvokeTask (C:\Angular project-2\codebook\node_modules\zone.js\bundles\zone-testing.umd.js:2208:43)
    at _ZoneDelegate.invokeTask (C:\Angular project-2\codebook\node_modules\zone.js\bundles\zone.umd.js:448:42)
    at ZoneImpl.runTask (C:\Angular project-2\codebook\node_modules\zone.js\bundles\zone.umd.js:196:51)
    at drainMicroTaskQueue (C:\Angular project-2\codebook\node_modules\zone.js\bundles\zone.umd.js:638:39)
    at processTicksAndRejections (node:internal/process/task_queues:105:5)]]></failure>
    </testCase>
    <testCase name="DashboardComponent should delete service provider" duration="164">
      <failure message="TypeError: jest.spyOn(...).mockImplementation is not a function"><![CDATA[TypeError: jest.spyOn(...).mockImplementation is not a function
    at C:\Angular project-2\codebook\src\app\pages\dashboard\dashboard.component.spec.ts:69:41
    at Generator.next (<anonymous>)
    at fulfilled (C:\Angular project-2\codebook\node_modules\tslib\tslib.js:167:62)
    at _ZoneDelegate.invoke (C:\Angular project-2\codebook\node_modules\zone.js\bundles\zone.umd.js:416:32)
    at ProxyZoneSpec.Object.<anonymous>.ProxyZoneSpec.onInvoke (C:\Angular project-2\codebook\node_modules\zone.js\bundles\zone-testing.umd.js:2177:43)
    at _ZoneDelegate.invoke (C:\Angular project-2\codebook\node_modules\zone.js\bundles\zone.umd.js:415:38)
    at ZoneImpl.run (C:\Angular project-2\codebook\node_modules\zone.js\bundles\zone.umd.js:147:47)
    at C:\Angular project-2\codebook\node_modules\zone.js\bundles\zone.umd.js:2598:42
    at _ZoneDelegate.invokeTask (C:\Angular project-2\codebook\node_modules\zone.js\bundles\zone.umd.js:449:37)
    at ProxyZoneSpec.Object.<anonymous>.ProxyZoneSpec.onInvokeTask (C:\Angular project-2\codebook\node_modules\zone.js\bundles\zone-testing.umd.js:2208:43)
    at _ZoneDelegate.invokeTask (C:\Angular project-2\codebook\node_modules\zone.js\bundles\zone.umd.js:448:42)
    at ZoneImpl.runTask (C:\Angular project-2\codebook\node_modules\zone.js\bundles\zone.umd.js:196:51)
    at drainMicroTaskQueue (C:\Angular project-2\codebook\node_modules\zone.js\bundles\zone.umd.js:638:39)
    at processTicksAndRejections (node:internal/process/task_queues:105:5)]]></failure>
    </testCase>
    <testCase name="DashboardComponent should handle error when deleting service provider" duration="112">
      <failure message="TypeError: jest.spyOn(...).mockImplementation is not a function"><![CDATA[TypeError: jest.spyOn(...).mockImplementation is not a function
    at C:\Angular project-2\codebook\src\app\pages\dashboard\dashboard.component.spec.ts:69:41
    at Generator.next (<anonymous>)
    at fulfilled (C:\Angular project-2\codebook\node_modules\tslib\tslib.js:167:62)
    at _ZoneDelegate.invoke (C:\Angular project-2\codebook\node_modules\zone.js\bundles\zone.umd.js:416:32)
    at ProxyZoneSpec.Object.<anonymous>.ProxyZoneSpec.onInvoke (C:\Angular project-2\codebook\node_modules\zone.js\bundles\zone-testing.umd.js:2177:43)
    at _ZoneDelegate.invoke (C:\Angular project-2\codebook\node_modules\zone.js\bundles\zone.umd.js:415:38)
    at ZoneImpl.run (C:\Angular project-2\codebook\node_modules\zone.js\bundles\zone.umd.js:147:47)
    at C:\Angular project-2\codebook\node_modules\zone.js\bundles\zone.umd.js:2598:42
    at _ZoneDelegate.invokeTask (C:\Angular project-2\codebook\node_modules\zone.js\bundles\zone.umd.js:449:37)
    at ProxyZoneSpec.Object.<anonymous>.ProxyZoneSpec.onInvokeTask (C:\Angular project-2\codebook\node_modules\zone.js\bundles\zone-testing.umd.js:2208:43)
    at _ZoneDelegate.invokeTask (C:\Angular project-2\codebook\node_modules\zone.js\bundles\zone.umd.js:448:42)
    at ZoneImpl.runTask (C:\Angular project-2\codebook\node_modules\zone.js\bundles\zone.umd.js:196:51)
    at drainMicroTaskQueue (C:\Angular project-2\codebook\node_modules\zone.js\bundles\zone.umd.js:638:39)
    at processTicksAndRejections (node:internal/process/task_queues:105:5)]]></failure>
    </testCase>
    <testCase name="DashboardComponent should submit valid form" duration="166">
      <failure message="TypeError: jest.spyOn(...).mockImplementation is not a function"><![CDATA[TypeError: jest.spyOn(...).mockImplementation is not a function
    at C:\Angular project-2\codebook\src\app\pages\dashboard\dashboard.component.spec.ts:69:41
    at Generator.next (<anonymous>)
    at fulfilled (C:\Angular project-2\codebook\node_modules\tslib\tslib.js:167:62)
    at _ZoneDelegate.invoke (C:\Angular project-2\codebook\node_modules\zone.js\bundles\zone.umd.js:416:32)
    at ProxyZoneSpec.Object.<anonymous>.ProxyZoneSpec.onInvoke (C:\Angular project-2\codebook\node_modules\zone.js\bundles\zone-testing.umd.js:2177:43)
    at _ZoneDelegate.invoke (C:\Angular project-2\codebook\node_modules\zone.js\bundles\zone.umd.js:415:38)
    at ZoneImpl.run (C:\Angular project-2\codebook\node_modules\zone.js\bundles\zone.umd.js:147:47)
    at C:\Angular project-2\codebook\node_modules\zone.js\bundles\zone.umd.js:2598:42
    at _ZoneDelegate.invokeTask (C:\Angular project-2\codebook\node_modules\zone.js\bundles\zone.umd.js:449:37)
    at ProxyZoneSpec.Object.<anonymous>.ProxyZoneSpec.onInvokeTask (C:\Angular project-2\codebook\node_modules\zone.js\bundles\zone-testing.umd.js:2208:43)
    at _ZoneDelegate.invokeTask (C:\Angular project-2\codebook\node_modules\zone.js\bundles\zone.umd.js:448:42)
    at ZoneImpl.runTask (C:\Angular project-2\codebook\node_modules\zone.js\bundles\zone.umd.js:196:51)
    at drainMicroTaskQueue (C:\Angular project-2\codebook\node_modules\zone.js\bundles\zone.umd.js:638:39)
    at processTicksAndRejections (node:internal/process/task_queues:105:5)]]></failure>
    </testCase>
    <testCase name="DashboardComponent should show error for invalid form submission" duration="152">
      <failure message="TypeError: jest.spyOn(...).mockImplementation is not a function"><![CDATA[TypeError: jest.spyOn(...).mockImplementation is not a function
    at C:\Angular project-2\codebook\src\app\pages\dashboard\dashboard.component.spec.ts:69:41
    at Generator.next (<anonymous>)
    at fulfilled (C:\Angular project-2\codebook\node_modules\tslib\tslib.js:167:62)
    at _ZoneDelegate.invoke (C:\Angular project-2\codebook\node_modules\zone.js\bundles\zone.umd.js:416:32)
    at ProxyZoneSpec.Object.<anonymous>.ProxyZoneSpec.onInvoke (C:\Angular project-2\codebook\node_modules\zone.js\bundles\zone-testing.umd.js:2177:43)
    at _ZoneDelegate.invoke (C:\Angular project-2\codebook\node_modules\zone.js\bundles\zone.umd.js:415:38)
    at ZoneImpl.run (C:\Angular project-2\codebook\node_modules\zone.js\bundles\zone.umd.js:147:47)
    at C:\Angular project-2\codebook\node_modules\zone.js\bundles\zone.umd.js:2598:42
    at _ZoneDelegate.invokeTask (C:\Angular project-2\codebook\node_modules\zone.js\bundles\zone.umd.js:449:37)
    at ProxyZoneSpec.Object.<anonymous>.ProxyZoneSpec.onInvokeTask (C:\Angular project-2\codebook\node_modules\zone.js\bundles\zone-testing.umd.js:2208:43)
    at _ZoneDelegate.invokeTask (C:\Angular project-2\codebook\node_modules\zone.js\bundles\zone.umd.js:448:42)
    at ZoneImpl.runTask (C:\Angular project-2\codebook\node_modules\zone.js\bundles\zone.umd.js:196:51)
    at drainMicroTaskQueue (C:\Angular project-2\codebook\node_modules\zone.js\bundles\zone.umd.js:638:39)
    at processTicksAndRejections (node:internal/process/task_queues:105:5)]]></failure>
    </testCase>
    <testCase name="DashboardComponent should handle localStorage error on form submission" duration="182">
      <failure message="TypeError: jest.spyOn(...).mockImplementation is not a function"><![CDATA[TypeError: jest.spyOn(...).mockImplementation is not a function
    at C:\Angular project-2\codebook\src\app\pages\dashboard\dashboard.component.spec.ts:69:41
    at Generator.next (<anonymous>)
    at fulfilled (C:\Angular project-2\codebook\node_modules\tslib\tslib.js:167:62)
    at _ZoneDelegate.invoke (C:\Angular project-2\codebook\node_modules\zone.js\bundles\zone.umd.js:416:32)
    at ProxyZoneSpec.Object.<anonymous>.ProxyZoneSpec.onInvoke (C:\Angular project-2\codebook\node_modules\zone.js\bundles\zone-testing.umd.js:2177:43)
    at _ZoneDelegate.invoke (C:\Angular project-2\codebook\node_modules\zone.js\bundles\zone.umd.js:415:38)
    at ZoneImpl.run (C:\Angular project-2\codebook\node_modules\zone.js\bundles\zone.umd.js:147:47)
    at C:\Angular project-2\codebook\node_modules\zone.js\bundles\zone.umd.js:2598:42
    at _ZoneDelegate.invokeTask (C:\Angular project-2\codebook\node_modules\zone.js\bundles\zone.umd.js:449:37)
    at ProxyZoneSpec.Object.<anonymous>.ProxyZoneSpec.onInvokeTask (C:\Angular project-2\codebook\node_modules\zone.js\bundles\zone-testing.umd.js:2208:43)
    at _ZoneDelegate.invokeTask (C:\Angular project-2\codebook\node_modules\zone.js\bundles\zone.umd.js:448:42)
    at ZoneImpl.runTask (C:\Angular project-2\codebook\node_modules\zone.js\bundles\zone.umd.js:196:51)
    at drainMicroTaskQueue (C:\Angular project-2\codebook\node_modules\zone.js\bundles\zone.umd.js:638:39)
    at processTicksAndRejections (node:internal/process/task_queues:105:5)]]></failure>
    </testCase>
    <testCase name="DashboardComponent should enable edit mode" duration="93">
      <failure message="TypeError: jest.spyOn(...).mockImplementation is not a function"><![CDATA[TypeError: jest.spyOn(...).mockImplementation is not a function
    at C:\Angular project-2\codebook\src\app\pages\dashboard\dashboard.component.spec.ts:69:41
    at Generator.next (<anonymous>)
    at fulfilled (C:\Angular project-2\codebook\node_modules\tslib\tslib.js:167:62)
    at _ZoneDelegate.invoke (C:\Angular project-2\codebook\node_modules\zone.js\bundles\zone.umd.js:416:32)
    at ProxyZoneSpec.Object.<anonymous>.ProxyZoneSpec.onInvoke (C:\Angular project-2\codebook\node_modules\zone.js\bundles\zone-testing.umd.js:2177:43)
    at _ZoneDelegate.invoke (C:\Angular project-2\codebook\node_modules\zone.js\bundles\zone.umd.js:415:38)
    at ZoneImpl.run (C:\Angular project-2\codebook\node_modules\zone.js\bundles\zone.umd.js:147:47)
    at C:\Angular project-2\codebook\node_modules\zone.js\bundles\zone.umd.js:2598:42
    at _ZoneDelegate.invokeTask (C:\Angular project-2\codebook\node_modules\zone.js\bundles\zone.umd.js:449:37)
    at ProxyZoneSpec.Object.<anonymous>.ProxyZoneSpec.onInvokeTask (C:\Angular project-2\codebook\node_modules\zone.js\bundles\zone-testing.umd.js:2208:43)
    at _ZoneDelegate.invokeTask (C:\Angular project-2\codebook\node_modules\zone.js\bundles\zone.umd.js:448:42)
    at ZoneImpl.runTask (C:\Angular project-2\codebook\node_modules\zone.js\bundles\zone.umd.js:196:51)
    at drainMicroTaskQueue (C:\Angular project-2\codebook\node_modules\zone.js\bundles\zone.umd.js:638:39)
    at processTicksAndRejections (node:internal/process/task_queues:105:5)]]></failure>
    </testCase>
    <testCase name="DashboardComponent should reset form on cancel" duration="180">
      <failure message="TypeError: jest.spyOn(...).mockImplementation is not a function"><![CDATA[TypeError: jest.spyOn(...).mockImplementation is not a function
    at C:\Angular project-2\codebook\src\app\pages\dashboard\dashboard.component.spec.ts:69:41
    at Generator.next (<anonymous>)
    at fulfilled (C:\Angular project-2\codebook\node_modules\tslib\tslib.js:167:62)
    at _ZoneDelegate.invoke (C:\Angular project-2\codebook\node_modules\zone.js\bundles\zone.umd.js:416:32)
    at ProxyZoneSpec.Object.<anonymous>.ProxyZoneSpec.onInvoke (C:\Angular project-2\codebook\node_modules\zone.js\bundles\zone-testing.umd.js:2177:43)
    at _ZoneDelegate.invoke (C:\Angular project-2\codebook\node_modules\zone.js\bundles\zone.umd.js:415:38)
    at ZoneImpl.run (C:\Angular project-2\codebook\node_modules\zone.js\bundles\zone.umd.js:147:47)
    at C:\Angular project-2\codebook\node_modules\zone.js\bundles\zone.umd.js:2598:42
    at _ZoneDelegate.invokeTask (C:\Angular project-2\codebook\node_modules\zone.js\bundles\zone.umd.js:449:37)
    at ProxyZoneSpec.Object.<anonymous>.ProxyZoneSpec.onInvokeTask (C:\Angular project-2\codebook\node_modules\zone.js\bundles\zone-testing.umd.js:2208:43)
    at _ZoneDelegate.invokeTask (C:\Angular project-2\codebook\node_modules\zone.js\bundles\zone.umd.js:448:42)
    at ZoneImpl.runTask (C:\Angular project-2\codebook\node_modules\zone.js\bundles\zone.umd.js:196:51)
    at drainMicroTaskQueue (C:\Angular project-2\codebook\node_modules\zone.js\bundles\zone.umd.js:638:39)
    at processTicksAndRejections (node:internal/process/task_queues:105:5)]]></failure>
    </testCase>
    <testCase name="DashboardComponent should handle localStorage error in saveToLocalStorage" duration="209">
      <failure message="TypeError: jest.spyOn(...).mockImplementation is not a function"><![CDATA[TypeError: jest.spyOn(...).mockImplementation is not a function
    at C:\Angular project-2\codebook\src\app\pages\dashboard\dashboard.component.spec.ts:69:41
    at Generator.next (<anonymous>)
    at fulfilled (C:\Angular project-2\codebook\node_modules\tslib\tslib.js:167:62)
    at _ZoneDelegate.invoke (C:\Angular project-2\codebook\node_modules\zone.js\bundles\zone.umd.js:416:32)
    at ProxyZoneSpec.Object.<anonymous>.ProxyZoneSpec.onInvoke (C:\Angular project-2\codebook\node_modules\zone.js\bundles\zone-testing.umd.js:2177:43)
    at _ZoneDelegate.invoke (C:\Angular project-2\codebook\node_modules\zone.js\bundles\zone.umd.js:415:38)
    at ZoneImpl.run (C:\Angular project-2\codebook\node_modules\zone.js\bundles\zone.umd.js:147:47)
    at C:\Angular project-2\codebook\node_modules\zone.js\bundles\zone.umd.js:2598:42
    at _ZoneDelegate.invokeTask (C:\Angular project-2\codebook\node_modules\zone.js\bundles\zone.umd.js:449:37)
    at ProxyZoneSpec.Object.<anonymous>.ProxyZoneSpec.onInvokeTask (C:\Angular project-2\codebook\node_modules\zone.js\bundles\zone-testing.umd.js:2208:43)
    at _ZoneDelegate.invokeTask (C:\Angular project-2\codebook\node_modules\zone.js\bundles\zone.umd.js:448:42)
    at ZoneImpl.runTask (C:\Angular project-2\codebook\node_modules\zone.js\bundles\zone.umd.js:196:51)
    at drainMicroTaskQueue (C:\Angular project-2\codebook\node_modules\zone.js\bundles\zone.umd.js:638:39)
    at processTicksAndRejections (node:internal/process/task_queues:105:5)]]></failure>
    </testCase>
    <testCase name="DashboardComponent should track providers by id" duration="172">
      <failure message="TypeError: jest.spyOn(...).mockImplementation is not a function"><![CDATA[TypeError: jest.spyOn(...).mockImplementation is not a function
    at C:\Angular project-2\codebook\src\app\pages\dashboard\dashboard.component.spec.ts:69:41
    at Generator.next (<anonymous>)
    at fulfilled (C:\Angular project-2\codebook\node_modules\tslib\tslib.js:167:62)
    at _ZoneDelegate.invoke (C:\Angular project-2\codebook\node_modules\zone.js\bundles\zone.umd.js:416:32)
    at ProxyZoneSpec.Object.<anonymous>.ProxyZoneSpec.onInvoke (C:\Angular project-2\codebook\node_modules\zone.js\bundles\zone-testing.umd.js:2177:43)
    at _ZoneDelegate.invoke (C:\Angular project-2\codebook\node_modules\zone.js\bundles\zone.umd.js:415:38)
    at ZoneImpl.run (C:\Angular project-2\codebook\node_modules\zone.js\bundles\zone.umd.js:147:47)
    at C:\Angular project-2\codebook\node_modules\zone.js\bundles\zone.umd.js:2598:42
    at _ZoneDelegate.invokeTask (C:\Angular project-2\codebook\node_modules\zone.js\bundles\zone.umd.js:449:37)
    at ProxyZoneSpec.Object.<anonymous>.ProxyZoneSpec.onInvokeTask (C:\Angular project-2\codebook\node_modules\zone.js\bundles\zone-testing.umd.js:2208:43)
    at _ZoneDelegate.invokeTask (C:\Angular project-2\codebook\node_modules\zone.js\bundles\zone.umd.js:448:42)
    at ZoneImpl.runTask (C:\Angular project-2\codebook\node_modules\zone.js\bundles\zone.umd.js:196:51)
    at drainMicroTaskQueue (C:\Angular project-2\codebook\node_modules\zone.js\bundles\zone.umd.js:638:39)
    at processTicksAndRejections (node:internal/process/task_queues:105:5)]]></failure>
    </testCase>
    <testCase name="DashboardComponent should return countries getter" duration="141">
      <failure message="TypeError: jest.spyOn(...).mockImplementation is not a function"><![CDATA[TypeError: jest.spyOn(...).mockImplementation is not a function
    at C:\Angular project-2\codebook\src\app\pages\dashboard\dashboard.component.spec.ts:69:41
    at Generator.next (<anonymous>)
    at fulfilled (C:\Angular project-2\codebook\node_modules\tslib\tslib.js:167:62)
    at _ZoneDelegate.invoke (C:\Angular project-2\codebook\node_modules\zone.js\bundles\zone.umd.js:416:32)
    at ProxyZoneSpec.Object.<anonymous>.ProxyZoneSpec.onInvoke (C:\Angular project-2\codebook\node_modules\zone.js\bundles\zone-testing.umd.js:2177:43)
    at _ZoneDelegate.invoke (C:\Angular project-2\codebook\node_modules\zone.js\bundles\zone.umd.js:415:38)
    at ZoneImpl.run (C:\Angular project-2\codebook\node_modules\zone.js\bundles\zone.umd.js:147:47)
    at C:\Angular project-2\codebook\node_modules\zone.js\bundles\zone.umd.js:2598:42
    at _ZoneDelegate.invokeTask (C:\Angular project-2\codebook\node_modules\zone.js\bundles\zone.umd.js:449:37)
    at ProxyZoneSpec.Object.<anonymous>.ProxyZoneSpec.onInvokeTask (C:\Angular project-2\codebook\node_modules\zone.js\bundles\zone-testing.umd.js:2208:43)
    at _ZoneDelegate.invokeTask (C:\Angular project-2\codebook\node_modules\zone.js\bundles\zone.umd.js:448:42)
    at ZoneImpl.runTask (C:\Angular project-2\codebook\node_modules\zone.js\bundles\zone.umd.js:196:51)
    at drainMicroTaskQueue (C:\Angular project-2\codebook\node_modules\zone.js\bundles\zone.umd.js:638:39)
    at processTicksAndRejections (node:internal/process/task_queues:105:5)]]></failure>
    </testCase>
    <testCase name="DashboardComponent should return serviceProvidersArray" duration="145">
      <failure message="TypeError: jest.spyOn(...).mockImplementation is not a function"><![CDATA[TypeError: jest.spyOn(...).mockImplementation is not a function
    at C:\Angular project-2\codebook\src\app\pages\dashboard\dashboard.component.spec.ts:69:41
    at Generator.next (<anonymous>)
    at fulfilled (C:\Angular project-2\codebook\node_modules\tslib\tslib.js:167:62)
    at _ZoneDelegate.invoke (C:\Angular project-2\codebook\node_modules\zone.js\bundles\zone.umd.js:416:32)
    at ProxyZoneSpec.Object.<anonymous>.ProxyZoneSpec.onInvoke (C:\Angular project-2\codebook\node_modules\zone.js\bundles\zone-testing.umd.js:2177:43)
    at _ZoneDelegate.invoke (C:\Angular project-2\codebook\node_modules\zone.js\bundles\zone.umd.js:415:38)
    at ZoneImpl.run (C:\Angular project-2\codebook\node_modules\zone.js\bundles\zone.umd.js:147:47)
    at C:\Angular project-2\codebook\node_modules\zone.js\bundles\zone.umd.js:2598:42
    at _ZoneDelegate.invokeTask (C:\Angular project-2\codebook\node_modules\zone.js\bundles\zone.umd.js:449:37)
    at ProxyZoneSpec.Object.<anonymous>.ProxyZoneSpec.onInvokeTask (C:\Angular project-2\codebook\node_modules\zone.js\bundles\zone-testing.umd.js:2208:43)
    at _ZoneDelegate.invokeTask (C:\Angular project-2\codebook\node_modules\zone.js\bundles\zone.umd.js:448:42)
    at ZoneImpl.runTask (C:\Angular project-2\codebook\node_modules\zone.js\bundles\zone.umd.js:196:51)
    at drainMicroTaskQueue (C:\Angular project-2\codebook\node_modules\zone.js\bundles\zone.umd.js:638:39)
    at processTicksAndRejections (node:internal/process/task_queues:105:5)]]></failure>
    </testCase>
  </file>
  <file path="C:\Angular project-2\codebook\src\app\pages\business\list-businesses\list-businesses.component.spec.ts">
    <testCase name="ListBusinessesComponent should create the component" duration="296"/>
    <testCase name="ListBusinessesComponent Initial State should initialize with businesses from BusinessStore" duration="91"/>
    <testCase name="ListBusinessesComponent Desktop and Tablet View should render table layout when isDesktop is true" duration="69"/>
    <testCase name="ListBusinessesComponent Desktop and Tablet View should render table layout when isTablet is true" duration="51"/>
    <testCase name="ListBusinessesComponent Desktop and Tablet View should display business data in table rows" duration="44"/>
    <testCase name="ListBusinessesComponent Desktop and Tablet View should render delete button for each business" duration="47"/>
    <testCase name="ListBusinessesComponent Mobile View should render card layout when isMobile is true" duration="60"/>
    <testCase name="ListBusinessesComponent Mobile View should display business data in cards" duration="36">
      <failure message="Error: expect(received).toContain(expected) // indexOf"><![CDATA[Error: expect(received).toContain(expected) // indexOf

Expected substring: "Country: USA"
Received string:    "Country:USA"
    at C:\Angular project-2\codebook\src\app\pages\business\list-businesses\list-businesses.component.spec.ts:151:62
    at _ZoneDelegate.invoke (C:\Angular project-2\codebook\node_modules\zone.js\bundles\zone.umd.js:416:32)
    at ProxyZoneSpec.Object.<anonymous>.ProxyZoneSpec.onInvoke (C:\Angular project-2\codebook\node_modules\zone.js\bundles\zone-testing.umd.js:2177:43)
    at _ZoneDelegate.invoke (C:\Angular project-2\codebook\node_modules\zone.js\bundles\zone.umd.js:415:38)
    at ZoneImpl.run (C:\Angular project-2\codebook\node_modules\zone.js\bundles\zone.umd.js:147:47)
    at Object.wrappedFunc (C:\Angular project-2\codebook\node_modules\zone.js\bundles\zone-testing.umd.js:450:38)
    at Promise.then.completed (C:\Angular project-2\codebook\node_modules\jest-circus\build\utils.js:298:28)
    at new Promise (<anonymous>)
    at callAsyncCircusFn (C:\Angular project-2\codebook\node_modules\jest-circus\build\utils.js:231:10)
    at _callCircusTest (C:\Angular project-2\codebook\node_modules\jest-circus\build\run.js:316:40)
    at _runTest (C:\Angular project-2\codebook\node_modules\jest-circus\build\run.js:252:3)
    at _runTestsForDescribeBlock (C:\Angular project-2\codebook\node_modules\jest-circus\build\run.js:126:9)
    at _runTestsForDescribeBlock (C:\Angular project-2\codebook\node_modules\jest-circus\build\run.js:121:9)
    at _runTestsForDescribeBlock (C:\Angular project-2\codebook\node_modules\jest-circus\build\run.js:121:9)
    at run (C:\Angular project-2\codebook\node_modules\jest-circus\build\run.js:71:3)
    at runAndTransformResultsToJestFormat (C:\Angular project-2\codebook\node_modules\jest-circus\build\legacy-code-todo-rewrite\jestAdapterInit.js:122:21)]]></failure>
    </testCase>
    <testCase name="ListBusinessesComponent Mobile View should render delete button for each card" duration="85"/>
    <testCase name="ListBusinessesComponent deleteBusiness should call deleteBusiness on BusinessStore when confirmed" duration="41"/>
    <testCase name="ListBusinessesComponent deleteBusiness should not call deleteBusiness if confirmation is cancelled" duration="40"/>
    <testCase name="ListBusinessesComponent Dark Mode Integration should inject DarkModeService" duration="34"/>
    <testCase name="ListBusinessesComponent Dark Mode Integration should apply dark mode if enabled" duration="35">
      <failure message="Error: expect(jest.fn()).toHaveBeenCalled()"><![CDATA[Error: expect(jest.fn()).toHaveBeenCalled()

Expected number of calls: >= 1
Received number of calls:    0
    at C:\Angular project-2\codebook\src\app\pages\business\list-businesses\list-businesses.component.spec.ts:191:42
    at _ZoneDelegate.invoke (C:\Angular project-2\codebook\node_modules\zone.js\bundles\zone.umd.js:416:32)
    at ProxyZoneSpec.Object.<anonymous>.ProxyZoneSpec.onInvoke (C:\Angular project-2\codebook\node_modules\zone.js\bundles\zone-testing.umd.js:2177:43)
    at _ZoneDelegate.invoke (C:\Angular project-2\codebook\node_modules\zone.js\bundles\zone.umd.js:415:38)
    at ZoneImpl.run (C:\Angular project-2\codebook\node_modules\zone.js\bundles\zone.umd.js:147:47)
    at Object.wrappedFunc (C:\Angular project-2\codebook\node_modules\zone.js\bundles\zone-testing.umd.js:450:38)
    at Promise.then.completed (C:\Angular project-2\codebook\node_modules\jest-circus\build\utils.js:298:28)
    at new Promise (<anonymous>)
    at callAsyncCircusFn (C:\Angular project-2\codebook\node_modules\jest-circus\build\utils.js:231:10)
    at _callCircusTest (C:\Angular project-2\codebook\node_modules\jest-circus\build\run.js:316:40)
    at _runTest (C:\Angular project-2\codebook\node_modules\jest-circus\build\run.js:252:3)
    at _runTestsForDescribeBlock (C:\Angular project-2\codebook\node_modules\jest-circus\build\run.js:126:9)
    at _runTestsForDescribeBlock (C:\Angular project-2\codebook\node_modules\jest-circus\build\run.js:121:9)
    at _runTestsForDescribeBlock (C:\Angular project-2\codebook\node_modules\jest-circus\build\run.js:121:9)
    at run (C:\Angular project-2\codebook\node_modules\jest-circus\build\run.js:71:3)
    at runAndTransformResultsToJestFormat (C:\Angular project-2\codebook\node_modules\jest-circus\build\legacy-code-todo-rewrite\jestAdapterInit.js:122:21)]]></failure>
    </testCase>
    <testCase name="ListBusinessesComponent Responsive Behavior should not render table or cards when businesses is empty" duration="39"/>
    <testCase name="ListBusinessesComponent Responsive Behavior should render table when both isDesktop and isTablet are false but isMobile is false" duration="28">
      <failure message="Error: expect(received).toBeTruthy()"><![CDATA[Error: expect(received).toBeTruthy()

Received: null
    at C:\Angular project-2\codebook\src\app\pages\business\list-businesses\list-businesses.component.spec.ts:212:21
    at _ZoneDelegate.invoke (C:\Angular project-2\codebook\node_modules\zone.js\bundles\zone.umd.js:416:32)
    at ProxyZoneSpec.Object.<anonymous>.ProxyZoneSpec.onInvoke (C:\Angular project-2\codebook\node_modules\zone.js\bundles\zone-testing.umd.js:2177:43)
    at _ZoneDelegate.invoke (C:\Angular project-2\codebook\node_modules\zone.js\bundles\zone.umd.js:415:38)
    at ZoneImpl.run (C:\Angular project-2\codebook\node_modules\zone.js\bundles\zone.umd.js:147:47)
    at Object.wrappedFunc (C:\Angular project-2\codebook\node_modules\zone.js\bundles\zone-testing.umd.js:450:38)
    at Promise.then.completed (C:\Angular project-2\codebook\node_modules\jest-circus\build\utils.js:298:28)
    at new Promise (<anonymous>)
    at callAsyncCircusFn (C:\Angular project-2\codebook\node_modules\jest-circus\build\utils.js:231:10)
    at _callCircusTest (C:\Angular project-2\codebook\node_modules\jest-circus\build\run.js:316:40)
    at _runTest (C:\Angular project-2\codebook\node_modules\jest-circus\build\run.js:252:3)
    at _runTestsForDescribeBlock (C:\Angular project-2\codebook\node_modules\jest-circus\build\run.js:126:9)
    at _runTestsForDescribeBlock (C:\Angular project-2\codebook\node_modules\jest-circus\build\run.js:121:9)
    at _runTestsForDescribeBlock (C:\Angular project-2\codebook\node_modules\jest-circus\build\run.js:121:9)
    at run (C:\Angular project-2\codebook\node_modules\jest-circus\build\run.js:71:3)
    at runAndTransformResultsToJestFormat (C:\Angular project-2\codebook\node_modules\jest-circus\build\legacy-code-todo-rewrite\jestAdapterInit.js:122:21)]]></failure>
    </testCase>
  </file>
  <file path="C:\Angular project-2\codebook\src\app\pages\business\business.component.spec.ts">
    <testCase name="BusinessComponent should create the component" duration="1096"/>
    <testCase name="BusinessComponent Initial State should initialize business signal with empty values" duration="224"/>
    <testCase name="BusinessComponent Initial State should initialize categories and subCategories" duration="313"/>
    <testCase name="BusinessComponent Initial State should initialize isPublished as false" duration="251"/>
    <testCase name="BusinessComponent Initial State should initialize isEditing with all steps as false" duration="224"/>
    <testCase name="BusinessComponent Template Rendering should render the header with title and Create New Business button" duration="238"/>
    <testCase name="BusinessComponent Template Rendering should render the stepper with three steps" duration="315">
      <failure message="Error: expect(received).toBe(expected) // Object.is equality"><![CDATA[Error: expect(received).toBe(expected) // Object.is equality

Expected: 3
Received: 0
    at C:\Angular project-2\codebook\src\app\pages\business\business.component.spec.ts:116:28
    at _ZoneDelegate.invoke (C:\Angular project-2\codebook\node_modules\zone.js\bundles\zone.umd.js:416:32)
    at ProxyZoneSpec.Object.<anonymous>.ProxyZoneSpec.onInvoke (C:\Angular project-2\codebook\node_modules\zone.js\bundles\zone-testing.umd.js:2177:43)
    at _ZoneDelegate.invoke (C:\Angular project-2\codebook\node_modules\zone.js\bundles\zone.umd.js:415:38)
    at ZoneImpl.run (C:\Angular project-2\codebook\node_modules\zone.js\bundles\zone.umd.js:147:47)
    at Object.wrappedFunc (C:\Angular project-2\codebook\node_modules\zone.js\bundles\zone-testing.umd.js:450:38)
    at Promise.then.completed (C:\Angular project-2\codebook\node_modules\jest-circus\build\utils.js:298:28)
    at new Promise (<anonymous>)
    at callAsyncCircusFn (C:\Angular project-2\codebook\node_modules\jest-circus\build\utils.js:231:10)
    at _callCircusTest (C:\Angular project-2\codebook\node_modules\jest-circus\build\run.js:316:40)
    at _runTest (C:\Angular project-2\codebook\node_modules\jest-circus\build\run.js:252:3)
    at _runTestsForDescribeBlock (C:\Angular project-2\codebook\node_modules\jest-circus\build\run.js:126:9)
    at _runTestsForDescribeBlock (C:\Angular project-2\codebook\node_modules\jest-circus\build\run.js:121:9)
    at _runTestsForDescribeBlock (C:\Angular project-2\codebook\node_modules\jest-circus\build\run.js:121:9)
    at run (C:\Angular project-2\codebook\node_modules\jest-circus\build\run.js:71:3)
    at runAndTransformResultsToJestFormat (C:\Angular project-2\codebook\node_modules\jest-circus\build\legacy-code-todo-rewrite\jestAdapterInit.js:122:21)]]></failure>
    </testCase>
    <testCase name="BusinessComponent Template Rendering should render step 1 form when not published" duration="165"/>
    <testCase name="BusinessComponent Template Rendering should render published view when isPublished is true" duration="441">
      <failure message="Error: expect(received).toContain(expected) // indexOf"><![CDATA[Error: expect(received).toContain(expected) // indexOf

Expected substring: "Test Business"
Received string:    "Name:"
    at C:\Angular project-2\codebook\src\app\pages\business\business.component.spec.ts:142:63
    at _ZoneDelegate.invoke (C:\Angular project-2\codebook\node_modules\zone.js\bundles\zone.umd.js:416:32)
    at ProxyZoneSpec.Object.<anonymous>.ProxyZoneSpec.onInvoke (C:\Angular project-2\codebook\node_modules\zone.js\bundles\zone-testing.umd.js:2177:43)
    at _ZoneDelegate.invoke (C:\Angular project-2\codebook\node_modules\zone.js\bundles\zone.umd.js:415:38)
    at ZoneImpl.run (C:\Angular project-2\codebook\node_modules\zone.js\bundles\zone.umd.js:147:47)
    at Object.wrappedFunc (C:\Angular project-2\codebook\node_modules\zone.js\bundles\zone-testing.umd.js:450:38)
    at Promise.then.completed (C:\Angular project-2\codebook\node_modules\jest-circus\build\utils.js:298:28)
    at new Promise (<anonymous>)
    at callAsyncCircusFn (C:\Angular project-2\codebook\node_modules\jest-circus\build\utils.js:231:10)
    at _callCircusTest (C:\Angular project-2\codebook\node_modules\jest-circus\build\run.js:316:40)
    at _runTest (C:\Angular project-2\codebook\node_modules\jest-circus\build\run.js:252:3)
    at _runTestsForDescribeBlock (C:\Angular project-2\codebook\node_modules\jest-circus\build\run.js:126:9)
    at _runTestsForDescribeBlock (C:\Angular project-2\codebook\node_modules\jest-circus\build\run.js:121:9)
    at _runTestsForDescribeBlock (C:\Angular project-2\codebook\node_modules\jest-circus\build\run.js:121:9)
    at run (C:\Angular project-2\codebook\node_modules\jest-circus\build\run.js:71:3)
    at runAndTransformResultsToJestFormat (C:\Angular project-2\codebook\node_modules\jest-circus\build\legacy-code-todo-rewrite\jestAdapterInit.js:122:21)]]></failure>
    </testCase>
    <testCase name="BusinessComponent Template Rendering should show success message when published" duration="240"/>
    <testCase name="BusinessComponent Form Validation should validate step 1 as invalid when name or country is empty" duration="265"/>
    <testCase name="BusinessComponent Form Validation should validate step 2 as invalid when category or subCategory is empty" duration="261"/>
    <testCase name="BusinessComponent Form Validation should validate step 3 as invalid when phone is empty" duration="334"/>
    <testCase name="BusinessComponent Form Validation should show validation errors for step 1 when fields are touched and invalid" duration="197"/>
    <testCase name="BusinessComponent Stepper Navigation should disable Next button in step 1 when form is invalid" duration="230">
      <failure message="Error: expect(received).toBe(expected) // Object.is equality"><![CDATA[Error: expect(received).toBe(expected) // Object.is equality

Expected: true
Received: false
    at C:\Angular project-2\codebook\src\app\pages\business\business.component.spec.ts:195:35
    at _ZoneDelegate.invoke (C:\Angular project-2\codebook\node_modules\zone.js\bundles\zone.umd.js:416:32)
    at ProxyZoneSpec.Object.<anonymous>.ProxyZoneSpec.onInvoke (C:\Angular project-2\codebook\node_modules\zone.js\bundles\zone-testing.umd.js:2177:43)
    at _ZoneDelegate.invoke (C:\Angular project-2\codebook\node_modules\zone.js\bundles\zone.umd.js:415:38)
    at ZoneImpl.run (C:\Angular project-2\codebook\node_modules\zone.js\bundles\zone.umd.js:147:47)
    at Object.wrappedFunc (C:\Angular project-2\codebook\node_modules\zone.js\bundles\zone-testing.umd.js:450:38)
    at Promise.then.completed (C:\Angular project-2\codebook\node_modules\jest-circus\build\utils.js:298:28)
    at new Promise (<anonymous>)
    at callAsyncCircusFn (C:\Angular project-2\codebook\node_modules\jest-circus\build\utils.js:231:10)
    at _callCircusTest (C:\Angular project-2\codebook\node_modules\jest-circus\build\run.js:316:40)
    at _runTest (C:\Angular project-2\codebook\node_modules\jest-circus\build\run.js:252:3)
    at _runTestsForDescribeBlock (C:\Angular project-2\codebook\node_modules\jest-circus\build\run.js:126:9)
    at _runTestsForDescribeBlock (C:\Angular project-2\codebook\node_modules\jest-circus\build\run.js:121:9)
    at _runTestsForDescribeBlock (C:\Angular project-2\codebook\node_modules\jest-circus\build\run.js:121:9)
    at run (C:\Angular project-2\codebook\node_modules\jest-circus\build\run.js:71:3)
    at runAndTransformResultsToJestFormat (C:\Angular project-2\codebook\node_modules\jest-circus\build\legacy-code-todo-rewrite\jestAdapterInit.js:122:21)]]></failure>
    </testCase>
    <testCase name="BusinessComponent Stepper Navigation should enable Next button in step 1 when form is valid" duration="159">
      <failure message="Error: expect(received).toBe(expected) // Object.is equality"><![CDATA[Error: expect(received).toBe(expected) // Object.is equality

Expected: false
Received: true
    at C:\Angular project-2\codebook\src\app\pages\business\business.component.spec.ts:206:35
    at _ZoneDelegate.invoke (C:\Angular project-2\codebook\node_modules\zone.js\bundles\zone.umd.js:416:32)
    at ProxyZoneSpec.Object.<anonymous>.ProxyZoneSpec.onInvoke (C:\Angular project-2\codebook\node_modules\zone.js\bundles\zone-testing.umd.js:2177:43)
    at _ZoneDelegate.invoke (C:\Angular project-2\codebook\node_modules\zone.js\bundles\zone.umd.js:415:38)
    at ZoneImpl.run (C:\Angular project-2\codebook\node_modules\zone.js\bundles\zone.umd.js:147:47)
    at Object.wrappedFunc (C:\Angular project-2\codebook\node_modules\zone.js\bundles\zone-testing.umd.js:450:38)
    at Promise.then.completed (C:\Angular project-2\codebook\node_modules\jest-circus\build\utils.js:298:28)
    at new Promise (<anonymous>)
    at callAsyncCircusFn (C:\Angular project-2\codebook\node_modules\jest-circus\build\utils.js:231:10)
    at _callCircusTest (C:\Angular project-2\codebook\node_modules\jest-circus\build\run.js:316:40)
    at _runTest (C:\Angular project-2\codebook\node_modules\jest-circus\build\run.js:252:3)
    at _runTestsForDescribeBlock (C:\Angular project-2\codebook\node_modules\jest-circus\build\run.js:126:9)
    at _runTestsForDescribeBlock (C:\Angular project-2\codebook\node_modules\jest-circus\build\run.js:121:9)
    at _runTestsForDescribeBlock (C:\Angular project-2\codebook\node_modules\jest-circus\build\run.js:121:9)
    at run (C:\Angular project-2\codebook\node_modules\jest-circus\build\run.js:71:3)
    at runAndTransformResultsToJestFormat (C:\Angular project-2\codebook\node_modules\jest-circus\build\legacy-code-todo-rewrite\jestAdapterInit.js:122:21)]]></failure>
    </testCase>
    <testCase name="BusinessComponent Stepper Navigation should navigate to step 2 when Next is clicked" duration="101">
      <failure message="Error: expect(received).toBeTruthy()"><![CDATA[Error: expect(received).toBeTruthy()

Received: null
    at C:\Angular project-2\codebook\src\app\pages\business\business.component.spec.ts:221:52
    at _ZoneDelegate.invoke (C:\Angular project-2\codebook\node_modules\zone.js\bundles\zone.umd.js:416:32)
    at ProxyZoneSpec.Object.<anonymous>.ProxyZoneSpec.onInvoke (C:\Angular project-2\codebook\node_modules\zone.js\bundles\zone-testing.umd.js:2177:43)
    at _ZoneDelegate.invoke (C:\Angular project-2\codebook\node_modules\zone.js\bundles\zone.umd.js:415:38)
    at ZoneImpl.run (C:\Angular project-2\codebook\node_modules\zone.js\bundles\zone.umd.js:147:47)
    at Object.wrappedFunc (C:\Angular project-2\codebook\node_modules\zone.js\bundles\zone-testing.umd.js:450:38)
    at Promise.then.completed (C:\Angular project-2\codebook\node_modules\jest-circus\build\utils.js:298:28)
    at new Promise (<anonymous>)
    at callAsyncCircusFn (C:\Angular project-2\codebook\node_modules\jest-circus\build\utils.js:231:10)
    at _callCircusTest (C:\Angular project-2\codebook\node_modules\jest-circus\build\run.js:316:40)
    at _runTest (C:\Angular project-2\codebook\node_modules\jest-circus\build\run.js:252:3)
    at _runTestsForDescribeBlock (C:\Angular project-2\codebook\node_modules\jest-circus\build\run.js:126:9)
    at _runTestsForDescribeBlock (C:\Angular project-2\codebook\node_modules\jest-circus\build\run.js:121:9)
    at _runTestsForDescribeBlock (C:\Angular project-2\codebook\node_modules\jest-circus\build\run.js:121:9)
    at run (C:\Angular project-2\codebook\node_modules\jest-circus\build\run.js:71:3)
    at runAndTransformResultsToJestFormat (C:\Angular project-2\codebook\node_modules\jest-circus\build\legacy-code-todo-rewrite\jestAdapterInit.js:122:21)]]></failure>
    </testCase>
    <testCase name="BusinessComponent Stepper Navigation should navigate back to step 1 from step 2" duration="92">
      <failure message="TypeError: Cannot read properties of null (reading &apos;click&apos;)"><![CDATA[TypeError: Cannot read properties of null (reading 'click')
    at C:\Angular project-2\codebook\src\app\pages\business\business.component.spec.ts:233:72
    at _ZoneDelegate.invoke (C:\Angular project-2\codebook\node_modules\zone.js\bundles\zone.umd.js:416:32)
    at ProxyZoneSpec.Object.<anonymous>.ProxyZoneSpec.onInvoke (C:\Angular project-2\codebook\node_modules\zone.js\bundles\zone-testing.umd.js:2177:43)
    at _ZoneDelegate.invoke (C:\Angular project-2\codebook\node_modules\zone.js\bundles\zone.umd.js:415:38)
    at ZoneImpl.run (C:\Angular project-2\codebook\node_modules\zone.js\bundles\zone.umd.js:147:47)
    at Object.wrappedFunc (C:\Angular project-2\codebook\node_modules\zone.js\bundles\zone-testing.umd.js:450:38)
    at Promise.then.completed (C:\Angular project-2\codebook\node_modules\jest-circus\build\utils.js:298:28)
    at new Promise (<anonymous>)
    at callAsyncCircusFn (C:\Angular project-2\codebook\node_modules\jest-circus\build\utils.js:231:10)
    at _callCircusTest (C:\Angular project-2\codebook\node_modules\jest-circus\build\run.js:316:40)
    at _runTest (C:\Angular project-2\codebook\node_modules\jest-circus\build\run.js:252:3)
    at _runTestsForDescribeBlock (C:\Angular project-2\codebook\node_modules\jest-circus\build\run.js:126:9)
    at _runTestsForDescribeBlock (C:\Angular project-2\codebook\node_modules\jest-circus\build\run.js:121:9)
    at _runTestsForDescribeBlock (C:\Angular project-2\codebook\node_modules\jest-circus\build\run.js:121:9)
    at run (C:\Angular project-2\codebook\node_modules\jest-circus\build\run.js:71:3)
    at runAndTransformResultsToJestFormat (C:\Angular project-2\codebook\node_modules\jest-circus\build\legacy-code-todo-rewrite\jestAdapterInit.js:122:21)]]></failure>
    </testCase>
    <testCase name="BusinessComponent Publishing Business should call addBusiness and set isPublished to true on publish" duration="65"/>
    <testCase name="BusinessComponent Publishing Business should not publish if confirm is cancelled" duration="137"/>
    <testCase name="BusinessComponent Editing Business should toggle edit mode for step 1" duration="99"/>
    <testCase name="BusinessComponent Editing Business should render edit form for step 1" duration="108"/>
    <testCase name="BusinessComponent Editing Business should call updateBusiness on save" duration="59"/>
    <testCase name="BusinessComponent Editing Business should cancel edit mode without saving" duration="114">
      <failure message="Error: expect(received).toEqual(expected) // deep equality"><![CDATA[Error: expect(received).toEqual(expected) // deep equality

- Expected  - 1
+ Received  + 1

  Object {
    "category": "Retail",
    "country": "USA",
    "id": "123",
-   "name": "Test Business",
+   "name": "Updated Business",
    "phone": "1234567890",
    "subCategory": "Clothing",
  }
    at C:\Angular project-2\codebook\src\app\pages\business\business.component.spec.ts:316:36
    at _ZoneDelegate.invoke (C:\Angular project-2\codebook\node_modules\zone.js\bundles\zone.umd.js:416:32)
    at ProxyZoneSpec.Object.<anonymous>.ProxyZoneSpec.onInvoke (C:\Angular project-2\codebook\node_modules\zone.js\bundles\zone-testing.umd.js:2177:43)
    at _ZoneDelegate.invoke (C:\Angular project-2\codebook\node_modules\zone.js\bundles\zone.umd.js:415:38)
    at ZoneImpl.run (C:\Angular project-2\codebook\node_modules\zone.js\bundles\zone.umd.js:147:47)
    at Object.wrappedFunc (C:\Angular project-2\codebook\node_modules\zone.js\bundles\zone-testing.umd.js:450:38)
    at Promise.then.completed (C:\Angular project-2\codebook\node_modules\jest-circus\build\utils.js:298:28)
    at new Promise (<anonymous>)
    at callAsyncCircusFn (C:\Angular project-2\codebook\node_modules\jest-circus\build\utils.js:231:10)
    at _callCircusTest (C:\Angular project-2\codebook\node_modules\jest-circus\build\run.js:316:40)
    at _runTest (C:\Angular project-2\codebook\node_modules\jest-circus\build\run.js:252:3)
    at _runTestsForDescribeBlock (C:\Angular project-2\codebook\node_modules\jest-circus\build\run.js:126:9)
    at _runTestsForDescribeBlock (C:\Angular project-2\codebook\node_modules\jest-circus\build\run.js:121:9)
    at _runTestsForDescribeBlock (C:\Angular project-2\codebook\node_modules\jest-circus\build\run.js:121:9)
    at run (C:\Angular project-2\codebook\node_modules\jest-circus\build\run.js:71:3)
    at runAndTransformResultsToJestFormat (C:\Angular project-2\codebook\node_modules\jest-circus\build\legacy-code-todo-rewrite\jestAdapterInit.js:122:21)]]></failure>
    </testCase>
    <testCase name="BusinessComponent Reset Form should reset the form and signals" duration="85"/>
    <testCase name="BusinessComponent Responsive Behavior should set stepper orientation to vertical on mobile" duration="131">
      <failure message="Error: expect(received).toBe(expected) // Object.is equality"><![CDATA[Error: expect(received).toBe(expected) // Object.is equality

Expected: "vertical"
Received: null
    at C:\Angular project-2\codebook\src\app\pages\business\business.component.spec.ts:353:51
    at _ZoneDelegate.invoke (C:\Angular project-2\codebook\node_modules\zone.js\bundles\zone.umd.js:416:32)
    at ProxyZoneSpec.Object.<anonymous>.ProxyZoneSpec.onInvoke (C:\Angular project-2\codebook\node_modules\zone.js\bundles\zone-testing.umd.js:2177:43)
    at _ZoneDelegate.invoke (C:\Angular project-2\codebook\node_modules\zone.js\bundles\zone.umd.js:415:38)
    at ZoneImpl.run (C:\Angular project-2\codebook\node_modules\zone.js\bundles\zone.umd.js:147:47)
    at Object.wrappedFunc (C:\Angular project-2\codebook\node_modules\zone.js\bundles\zone-testing.umd.js:450:38)
    at Promise.then.completed (C:\Angular project-2\codebook\node_modules\jest-circus\build\utils.js:298:28)
    at new Promise (<anonymous>)
    at callAsyncCircusFn (C:\Angular project-2\codebook\node_modules\jest-circus\build\utils.js:231:10)
    at _callCircusTest (C:\Angular project-2\codebook\node_modules\jest-circus\build\run.js:316:40)
    at _runTest (C:\Angular project-2\codebook\node_modules\jest-circus\build\run.js:252:3)
    at _runTestsForDescribeBlock (C:\Angular project-2\codebook\node_modules\jest-circus\build\run.js:126:9)
    at _runTestsForDescribeBlock (C:\Angular project-2\codebook\node_modules\jest-circus\build\run.js:121:9)
    at _runTestsForDescribeBlock (C:\Angular project-2\codebook\node_modules\jest-circus\build\run.js:121:9)
    at run (C:\Angular project-2\codebook\node_modules\jest-circus\build\run.js:71:3)
    at runAndTransformResultsToJestFormat (C:\Angular project-2\codebook\node_modules\jest-circus\build\legacy-code-todo-rewrite\jestAdapterInit.js:122:21)]]></failure>
    </testCase>
    <testCase name="BusinessComponent Responsive Behavior should set stepper orientation to horizontal on desktop" duration="85">
      <failure message="Error: expect(received).toBe(expected) // Object.is equality"><![CDATA[Error: expect(received).toBe(expected) // Object.is equality

Expected: "horizontal"
Received: null
    at C:\Angular project-2\codebook\src\app\pages\business\business.component.spec.ts:360:51
    at _ZoneDelegate.invoke (C:\Angular project-2\codebook\node_modules\zone.js\bundles\zone.umd.js:416:32)
    at ProxyZoneSpec.Object.<anonymous>.ProxyZoneSpec.onInvoke (C:\Angular project-2\codebook\node_modules\zone.js\bundles\zone-testing.umd.js:2177:43)
    at _ZoneDelegate.invoke (C:\Angular project-2\codebook\node_modules\zone.js\bundles\zone.umd.js:415:38)
    at ZoneImpl.run (C:\Angular project-2\codebook\node_modules\zone.js\bundles\zone.umd.js:147:47)
    at Object.wrappedFunc (C:\Angular project-2\codebook\node_modules\zone.js\bundles\zone-testing.umd.js:450:38)
    at Promise.then.completed (C:\Angular project-2\codebook\node_modules\jest-circus\build\utils.js:298:28)
    at new Promise (<anonymous>)
    at callAsyncCircusFn (C:\Angular project-2\codebook\node_modules\jest-circus\build\utils.js:231:10)
    at _callCircusTest (C:\Angular project-2\codebook\node_modules\jest-circus\build\run.js:316:40)
    at _runTest (C:\Angular project-2\codebook\node_modules\jest-circus\build\run.js:252:3)
    at _runTestsForDescribeBlock (C:\Angular project-2\codebook\node_modules\jest-circus\build\run.js:126:9)
    at _runTestsForDescribeBlock (C:\Angular project-2\codebook\node_modules\jest-circus\build\run.js:121:9)
    at _runTestsForDescribeBlock (C:\Angular project-2\codebook\node_modules\jest-circus\build\run.js:121:9)
    at run (C:\Angular project-2\codebook\node_modules\jest-circus\build\run.js:71:3)
    at runAndTransformResultsToJestFormat (C:\Angular project-2\codebook\node_modules\jest-circus\build\legacy-code-todo-rewrite\jestAdapterInit.js:122:21)]]></failure>
    </testCase>
    <testCase name="BusinessComponent Dark Mode should apply dark-theme class when dark mode is enabled" duration="72"/>
    <testCase name="BusinessComponent Dark Mode should not apply dark-theme class when dark mode is disabled" duration="48"/>
  </file>
  <file path="C:\Angular project-2\codebook\src\app\services\dark-mode.service.spec.ts">
    <testCase name="DarkModeService Initialization should initialize with system theme by default" duration="21"/>
    <testCase name="DarkModeService Initialization should initialize with saved theme from localStorage" duration="10">
      <failure message="Error: expect(received).toBe(expected) // Object.is equality"><![CDATA[Error: expect(received).toBe(expected) // Object.is equality

Expected: "dark"
Received: "system"
    at C:\Angular project-2\codebook\src\app\services\dark-mode.service.spec.ts:87:37
    at _ZoneDelegate.invoke (C:\Angular project-2\codebook\node_modules\zone.js\bundles\zone.umd.js:416:32)
    at ProxyZoneSpec.Object.<anonymous>.ProxyZoneSpec.onInvoke (C:\Angular project-2\codebook\node_modules\zone.js\bundles\zone-testing.umd.js:2177:43)
    at _ZoneDelegate.invoke (C:\Angular project-2\codebook\node_modules\zone.js\bundles\zone.umd.js:415:38)
    at ZoneImpl.run (C:\Angular project-2\codebook\node_modules\zone.js\bundles\zone.umd.js:147:47)
    at Object.wrappedFunc (C:\Angular project-2\codebook\node_modules\zone.js\bundles\zone-testing.umd.js:450:38)
    at Promise.then.completed (C:\Angular project-2\codebook\node_modules\jest-circus\build\utils.js:298:28)
    at new Promise (<anonymous>)
    at callAsyncCircusFn (C:\Angular project-2\codebook\node_modules\jest-circus\build\utils.js:231:10)
    at _callCircusTest (C:\Angular project-2\codebook\node_modules\jest-circus\build\run.js:316:40)
    at processTicksAndRejections (node:internal/process/task_queues:105:5)
    at _runTest (C:\Angular project-2\codebook\node_modules\jest-circus\build\run.js:252:3)
    at _runTestsForDescribeBlock (C:\Angular project-2\codebook\node_modules\jest-circus\build\run.js:126:9)
    at _runTestsForDescribeBlock (C:\Angular project-2\codebook\node_modules\jest-circus\build\run.js:121:9)
    at _runTestsForDescribeBlock (C:\Angular project-2\codebook\node_modules\jest-circus\build\run.js:121:9)
    at run (C:\Angular project-2\codebook\node_modules\jest-circus\build\run.js:71:3)
    at runAndTransformResultsToJestFormat (C:\Angular project-2\codebook\node_modules\jest-circus\build\legacy-code-todo-rewrite\jestAdapterInit.js:122:21)]]></failure>
    </testCase>
    <testCase name="DarkModeService Initialization should set up event listener for system theme changes" duration="7"/>
    <testCase name="DarkModeService selectedTheme should return the correct theme object for light theme" duration="5"/>
    <testCase name="DarkModeService selectedTheme should return the correct theme object for dark theme" duration="6"/>
    <testCase name="DarkModeService selectedTheme should return the correct theme object for system theme" duration="8"/>
    <testCase name="DarkModeService isDarkMode should return false for light theme" duration="8"/>
    <testCase name="DarkModeService isDarkMode should return true for dark theme" duration="9"/>
    <testCase name="DarkModeService isDarkMode should return system preference for system theme (dark)" duration="6">
      <failure message="Error: expect(received).toBe(expected) // Object.is equality"><![CDATA[Error: expect(received).toBe(expected) // Object.is equality

Expected: true
Received: false
    at C:\Angular project-2\codebook\src\app\services\dark-mode.service.spec.ts:134:36
    at _ZoneDelegate.invoke (C:\Angular project-2\codebook\node_modules\zone.js\bundles\zone.umd.js:416:32)
    at ProxyZoneSpec.Object.<anonymous>.ProxyZoneSpec.onInvoke (C:\Angular project-2\codebook\node_modules\zone.js\bundles\zone-testing.umd.js:2177:43)
    at _ZoneDelegate.invoke (C:\Angular project-2\codebook\node_modules\zone.js\bundles\zone.umd.js:415:38)
    at ZoneImpl.run (C:\Angular project-2\codebook\node_modules\zone.js\bundles\zone.umd.js:147:47)
    at Object.wrappedFunc (C:\Angular project-2\codebook\node_modules\zone.js\bundles\zone-testing.umd.js:450:38)
    at Promise.then.completed (C:\Angular project-2\codebook\node_modules\jest-circus\build\utils.js:298:28)
    at new Promise (<anonymous>)
    at callAsyncCircusFn (C:\Angular project-2\codebook\node_modules\jest-circus\build\utils.js:231:10)
    at _callCircusTest (C:\Angular project-2\codebook\node_modules\jest-circus\build\run.js:316:40)
    at processTicksAndRejections (node:internal/process/task_queues:105:5)
    at _runTest (C:\Angular project-2\codebook\node_modules\jest-circus\build\run.js:252:3)
    at _runTestsForDescribeBlock (C:\Angular project-2\codebook\node_modules\jest-circus\build\run.js:126:9)
    at _runTestsForDescribeBlock (C:\Angular project-2\codebook\node_modules\jest-circus\build\run.js:121:9)
    at _runTestsForDescribeBlock (C:\Angular project-2\codebook\node_modules\jest-circus\build\run.js:121:9)
    at run (C:\Angular project-2\codebook\node_modules\jest-circus\build\run.js:71:3)
    at runAndTransformResultsToJestFormat (C:\Angular project-2\codebook\node_modules\jest-circus\build\legacy-code-todo-rewrite\jestAdapterInit.js:122:21)]]></failure>
    </testCase>
    <testCase name="DarkModeService isDarkMode should return system preference for system theme (light)" duration="5"/>
    <testCase name="DarkModeService isDarkMode should handle missing window.matchMedia for system theme" duration="9"/>
    <testCase name="DarkModeService setTheme should set light theme and update DOM" duration="34"/>
    <testCase name="DarkModeService setTheme should set dark theme and update DOM" duration="6"/>
    <testCase name="DarkModeService setTheme should set system theme and update DOM based on system preference (dark)" duration="7">
      <failure message="Error: expect(jest.fn()).toHaveBeenCalledWith(...expected)"><![CDATA[Error: expect(jest.fn()).toHaveBeenCalledWith(...expected)

Expected: "dark-theme", true
Received
       1: "dark-theme", false
       2: "light-theme", true
       3: "dark-theme", false

Number of calls: 4
    at C:\Angular project-2\codebook\src\app\services\dark-mode.service.spec.ts:174:46
    at _ZoneDelegate.invoke (C:\Angular project-2\codebook\node_modules\zone.js\bundles\zone.umd.js:416:32)
    at ProxyZoneSpec.Object.<anonymous>.ProxyZoneSpec.onInvoke (C:\Angular project-2\codebook\node_modules\zone.js\bundles\zone-testing.umd.js:2177:43)
    at _ZoneDelegate.invoke (C:\Angular project-2\codebook\node_modules\zone.js\bundles\zone.umd.js:415:38)
    at ZoneImpl.run (C:\Angular project-2\codebook\node_modules\zone.js\bundles\zone.umd.js:147:47)
    at Object.wrappedFunc (C:\Angular project-2\codebook\node_modules\zone.js\bundles\zone-testing.umd.js:450:38)
    at Promise.then.completed (C:\Angular project-2\codebook\node_modules\jest-circus\build\utils.js:298:28)
    at new Promise (<anonymous>)
    at callAsyncCircusFn (C:\Angular project-2\codebook\node_modules\jest-circus\build\utils.js:231:10)
    at _callCircusTest (C:\Angular project-2\codebook\node_modules\jest-circus\build\run.js:316:40)
    at processTicksAndRejections (node:internal/process/task_queues:105:5)
    at _runTest (C:\Angular project-2\codebook\node_modules\jest-circus\build\run.js:252:3)
    at _runTestsForDescribeBlock (C:\Angular project-2\codebook\node_modules\jest-circus\build\run.js:126:9)
    at _runTestsForDescribeBlock (C:\Angular project-2\codebook\node_modules\jest-circus\build\run.js:121:9)
    at _runTestsForDescribeBlock (C:\Angular project-2\codebook\node_modules\jest-circus\build\run.js:121:9)
    at run (C:\Angular project-2\codebook\node_modules\jest-circus\build\run.js:71:3)
    at runAndTransformResultsToJestFormat (C:\Angular project-2\codebook\node_modules\jest-circus\build\legacy-code-todo-rewrite\jestAdapterInit.js:122:21)]]></failure>
    </testCase>
    <testCase name="DarkModeService setTheme should set system theme and update DOM based on system preference (light)" duration="12"/>
    <testCase name="DarkModeService getThemes should return the list of themes" duration="6"/>
    <testCase name="DarkModeService System Theme Change Listener should apply theme when system preference changes in system mode" duration="6"/>
    <testCase name="DarkModeService System Theme Change Listener should not apply theme when system preference changes in non-system mode" duration="6"/>
    <testCase name="DarkModeService applyTheme should apply dark theme classes and attributes" duration="8"/>
    <testCase name="DarkModeService applyTheme should apply light theme classes and attributes" duration="12"/>
    <testCase name="DarkModeService applyTheme should apply system theme based on dark preference" duration="13">
      <failure message="Error: expect(jest.fn()).toHaveBeenCalledWith(...expected)"><![CDATA[Error: expect(jest.fn()).toHaveBeenCalledWith(...expected)

Expected: "dark-theme", true
Received
       1: "dark-theme", false
       2: "light-theme", true
       3: "dark-theme", false

Number of calls: 4
    at C:\Angular project-2\codebook\src\app\services\dark-mode.service.spec.ts:241:46
    at _ZoneDelegate.invoke (C:\Angular project-2\codebook\node_modules\zone.js\bundles\zone.umd.js:416:32)
    at ProxyZoneSpec.Object.<anonymous>.ProxyZoneSpec.onInvoke (C:\Angular project-2\codebook\node_modules\zone.js\bundles\zone-testing.umd.js:2177:43)
    at _ZoneDelegate.invoke (C:\Angular project-2\codebook\node_modules\zone.js\bundles\zone.umd.js:415:38)
    at ZoneImpl.run (C:\Angular project-2\codebook\node_modules\zone.js\bundles\zone.umd.js:147:47)
    at Object.wrappedFunc (C:\Angular project-2\codebook\node_modules\zone.js\bundles\zone-testing.umd.js:450:38)
    at Promise.then.completed (C:\Angular project-2\codebook\node_modules\jest-circus\build\utils.js:298:28)
    at new Promise (<anonymous>)
    at callAsyncCircusFn (C:\Angular project-2\codebook\node_modules\jest-circus\build\utils.js:231:10)
    at _callCircusTest (C:\Angular project-2\codebook\node_modules\jest-circus\build\run.js:316:40)
    at processTicksAndRejections (node:internal/process/task_queues:105:5)
    at _runTest (C:\Angular project-2\codebook\node_modules\jest-circus\build\run.js:252:3)
    at _runTestsForDescribeBlock (C:\Angular project-2\codebook\node_modules\jest-circus\build\run.js:126:9)
    at _runTestsForDescribeBlock (C:\Angular project-2\codebook\node_modules\jest-circus\build\run.js:121:9)
    at _runTestsForDescribeBlock (C:\Angular project-2\codebook\node_modules\jest-circus\build\run.js:121:9)
    at run (C:\Angular project-2\codebook\node_modules\jest-circus\build\run.js:71:3)
    at runAndTransformResultsToJestFormat (C:\Angular project-2\codebook\node_modules\jest-circus\build\legacy-code-todo-rewrite\jestAdapterInit.js:122:21)]]></failure>
    </testCase>
    <testCase name="DarkModeService applyTheme should apply system theme based on light preference" duration="8"/>
  </file>
  <file path="C:\Angular project-2\codebook\src\app\pages\users\add-user\add-user.component.spec.ts">
    <testCase name="AddUserComponent should create the component" duration="92">
      <failure message="NullInjectorError: R3InjectorError(Standalone[AddUserComponent])[_TranslateService -&gt; _TranslateService -&gt; TranslateStore -&gt; TranslateStore]: "><![CDATA[NullInjectorError: R3InjectorError(Standalone[AddUserComponent])[_TranslateService -> _TranslateService -> TranslateStore -> TranslateStore]: 
  NullInjectorError: No provider for TranslateStore!
    at NullInjector.get (C:\Angular project-2\codebook\node_modules\@angular\core\fesm2022\core.mjs:1624:27)
    at R3Injector.get (C:\Angular project-2\codebook\node_modules\@angular\core\fesm2022\core.mjs:2151:33)
    at R3Injector.get (C:\Angular project-2\codebook\node_modules\@angular\core\fesm2022\core.mjs:2151:33)
    at injectInjectorOnly (C:\Angular project-2\codebook\node_modules\@angular\core\fesm2022\core.mjs:1119:32)
    at ɵɵinject (C:\Angular project-2\codebook\node_modules\@angular\core\fesm2022\core.mjs:1125:42)
    at Object._TranslateService_Factory [as factory] (ng:///_TranslateService/ɵfac.js:5:61)
    at C:\Angular project-2\codebook\node_modules\@angular\core\fesm2022\core.mjs:2274:47
    at runInInjectorProfilerContext (C:\Angular project-2\codebook\node_modules\@angular\core\fesm2022\core.mjs:880:9)
    at R3Injector.hydrate (C:\Angular project-2\codebook\node_modules\@angular\core\fesm2022\core.mjs:2273:21)
    at R3Injector.get (C:\Angular project-2\codebook\node_modules\@angular\core\fesm2022\core.mjs:2141:33)
    at R3Injector.get (C:\Angular project-2\codebook\node_modules\@angular\core\fesm2022\core.mjs:2151:33)
    at ChainedInjector.get (C:\Angular project-2\codebook\node_modules\@angular\core\fesm2022\core.mjs:17238:36)
    at lookupTokenUsingModuleInjector (C:\Angular project-2\codebook\node_modules\@angular\core\fesm2022\core.mjs:5063:39)
    at getOrCreateInjectable (C:\Angular project-2\codebook\node_modules\@angular\core\fesm2022\core.mjs:5111:12)
    at ɵɵdirectiveInject (C:\Angular project-2\codebook\node_modules\@angular\core\fesm2022\core.mjs:17289:19)
    at NodeInjectorFactory.AddUserComponent_Factory [as factory] (ng:///AddUserComponent/ɵfac.js:6:7)
    at getNodeInjectable (C:\Angular project-2\codebook\node_modules\@angular\core\fesm2022\core.mjs:5323:44)
    at instantiateAllDirectives (C:\Angular project-2\codebook\node_modules\@angular\core\fesm2022\core.mjs:12562:27)
    at createDirectivesInstances (C:\Angular project-2\codebook\node_modules\@angular\core\fesm2022\core.mjs:12352:5)
    at ComponentFactory2.create (C:\Angular project-2\codebook\node_modules\@angular\core\fesm2022\core.mjs:17945:17)
    at initComponent (C:\Angular project-2\codebook\node_modules\@angular\core\fesm2022\testing.mjs:2053:51)
    at _ZoneDelegate.invoke (C:\Angular project-2\codebook\node_modules\zone.js\bundles\zone.umd.js:416:32)
    at ProxyZoneSpec.Object.<anonymous>.ProxyZoneSpec.onInvoke (C:\Angular project-2\codebook\node_modules\zone.js\bundles\zone-testing.umd.js:2177:43)
    at _ZoneDelegate.invoke (C:\Angular project-2\codebook\node_modules\zone.js\bundles\zone.umd.js:415:38)
    at Object.onInvoke (C:\Angular project-2\codebook\node_modules\@angular\core\fesm2022\core.mjs:6528:33)
    at _ZoneDelegate.invoke (C:\Angular project-2\codebook\node_modules\zone.js\bundles\zone.umd.js:415:38)
    at ZoneImpl.run (C:\Angular project-2\codebook\node_modules\zone.js\bundles\zone.umd.js:147:47)
    at NgZone.run (C:\Angular project-2\codebook\node_modules\@angular\core\fesm2022\core.mjs:6374:28)
    at _TestBedImpl.createComponent (C:\Angular project-2\codebook\node_modules\@angular\core\fesm2022\testing.mjs:2058:41)
    at Function.createComponent (C:\Angular project-2\codebook\node_modules\@angular\core\fesm2022\testing.mjs:1844:37)
    at C:\Angular project-2\codebook\src\app\pages\users\add-user\add-user.component.spec.ts:79:23
    at _ZoneDelegate.invoke (C:\Angular project-2\codebook\node_modules\zone.js\bundles\zone.umd.js:416:32)
    at ProxyZoneSpec.Object.<anonymous>.ProxyZoneSpec.onInvoke (C:\Angular project-2\codebook\node_modules\zone.js\bundles\zone-testing.umd.js:2177:43)
    at _ZoneDelegate.invoke (C:\Angular project-2\codebook\node_modules\zone.js\bundles\zone.umd.js:415:38)
    at ZoneImpl.run (C:\Angular project-2\codebook\node_modules\zone.js\bundles\zone.umd.js:147:47)
    at Object.wrappedFunc (C:\Angular project-2\codebook\node_modules\zone.js\bundles\zone-testing.umd.js:450:38)
    at Promise.then.completed (C:\Angular project-2\codebook\node_modules\jest-circus\build\utils.js:298:28)
    at new Promise (<anonymous>)
    at callAsyncCircusFn (C:\Angular project-2\codebook\node_modules\jest-circus\build\utils.js:231:10)
    at _callCircusHook (C:\Angular project-2\codebook\node_modules\jest-circus\build\run.js:281:40)
    at _runTest (C:\Angular project-2\codebook\node_modules\jest-circus\build\run.js:246:5)
    at _runTestsForDescribeBlock (C:\Angular project-2\codebook\node_modules\jest-circus\build\run.js:126:9)
    at _runTestsForDescribeBlock (C:\Angular project-2\codebook\node_modules\jest-circus\build\run.js:121:9)
    at run (C:\Angular project-2\codebook\node_modules\jest-circus\build\run.js:71:3)
    at runAndTransformResultsToJestFormat (C:\Angular project-2\codebook\node_modules\jest-circus\build\legacy-code-todo-rewrite\jestAdapterInit.js:122:21)]]></failure>
    </testCase>
    <testCase name="AddUserComponent Initial State should initialize form with default values for add mode" duration="42">
      <failure message="NullInjectorError: R3InjectorError(Standalone[AddUserComponent])[_TranslateService -&gt; _TranslateService -&gt; TranslateStore -&gt; TranslateStore]: "><![CDATA[NullInjectorError: R3InjectorError(Standalone[AddUserComponent])[_TranslateService -> _TranslateService -> TranslateStore -> TranslateStore]: 
  NullInjectorError: No provider for TranslateStore!
    at NullInjector.get (C:\Angular project-2\codebook\node_modules\@angular\core\fesm2022\core.mjs:1624:27)
    at R3Injector.get (C:\Angular project-2\codebook\node_modules\@angular\core\fesm2022\core.mjs:2151:33)
    at R3Injector.get (C:\Angular project-2\codebook\node_modules\@angular\core\fesm2022\core.mjs:2151:33)
    at injectInjectorOnly (C:\Angular project-2\codebook\node_modules\@angular\core\fesm2022\core.mjs:1119:32)
    at ɵɵinject (C:\Angular project-2\codebook\node_modules\@angular\core\fesm2022\core.mjs:1125:42)
    at Object._TranslateService_Factory [as factory] (ng:///_TranslateService/ɵfac.js:5:61)
    at C:\Angular project-2\codebook\node_modules\@angular\core\fesm2022\core.mjs:2274:47
    at runInInjectorProfilerContext (C:\Angular project-2\codebook\node_modules\@angular\core\fesm2022\core.mjs:880:9)
    at R3Injector.hydrate (C:\Angular project-2\codebook\node_modules\@angular\core\fesm2022\core.mjs:2273:21)
    at R3Injector.get (C:\Angular project-2\codebook\node_modules\@angular\core\fesm2022\core.mjs:2141:33)
    at R3Injector.get (C:\Angular project-2\codebook\node_modules\@angular\core\fesm2022\core.mjs:2151:33)
    at ChainedInjector.get (C:\Angular project-2\codebook\node_modules\@angular\core\fesm2022\core.mjs:17238:36)
    at lookupTokenUsingModuleInjector (C:\Angular project-2\codebook\node_modules\@angular\core\fesm2022\core.mjs:5063:39)
    at getOrCreateInjectable (C:\Angular project-2\codebook\node_modules\@angular\core\fesm2022\core.mjs:5111:12)
    at ɵɵdirectiveInject (C:\Angular project-2\codebook\node_modules\@angular\core\fesm2022\core.mjs:17289:19)
    at NodeInjectorFactory.AddUserComponent_Factory [as factory] (ng:///AddUserComponent/ɵfac.js:6:7)
    at getNodeInjectable (C:\Angular project-2\codebook\node_modules\@angular\core\fesm2022\core.mjs:5323:44)
    at instantiateAllDirectives (C:\Angular project-2\codebook\node_modules\@angular\core\fesm2022\core.mjs:12562:27)
    at createDirectivesInstances (C:\Angular project-2\codebook\node_modules\@angular\core\fesm2022\core.mjs:12352:5)
    at ComponentFactory2.create (C:\Angular project-2\codebook\node_modules\@angular\core\fesm2022\core.mjs:17945:17)
    at initComponent (C:\Angular project-2\codebook\node_modules\@angular\core\fesm2022\testing.mjs:2053:51)
    at _ZoneDelegate.invoke (C:\Angular project-2\codebook\node_modules\zone.js\bundles\zone.umd.js:416:32)
    at ProxyZoneSpec.Object.<anonymous>.ProxyZoneSpec.onInvoke (C:\Angular project-2\codebook\node_modules\zone.js\bundles\zone-testing.umd.js:2177:43)
    at _ZoneDelegate.invoke (C:\Angular project-2\codebook\node_modules\zone.js\bundles\zone.umd.js:415:38)
    at Object.onInvoke (C:\Angular project-2\codebook\node_modules\@angular\core\fesm2022\core.mjs:6528:33)
    at _ZoneDelegate.invoke (C:\Angular project-2\codebook\node_modules\zone.js\bundles\zone.umd.js:415:38)
    at ZoneImpl.run (C:\Angular project-2\codebook\node_modules\zone.js\bundles\zone.umd.js:147:47)
    at NgZone.run (C:\Angular project-2\codebook\node_modules\@angular\core\fesm2022\core.mjs:6374:28)
    at _TestBedImpl.createComponent (C:\Angular project-2\codebook\node_modules\@angular\core\fesm2022\testing.mjs:2058:41)
    at Function.createComponent (C:\Angular project-2\codebook\node_modules\@angular\core\fesm2022\testing.mjs:1844:37)
    at C:\Angular project-2\codebook\src\app\pages\users\add-user\add-user.component.spec.ts:79:23
    at _ZoneDelegate.invoke (C:\Angular project-2\codebook\node_modules\zone.js\bundles\zone.umd.js:416:32)
    at ProxyZoneSpec.Object.<anonymous>.ProxyZoneSpec.onInvoke (C:\Angular project-2\codebook\node_modules\zone.js\bundles\zone-testing.umd.js:2177:43)
    at _ZoneDelegate.invoke (C:\Angular project-2\codebook\node_modules\zone.js\bundles\zone.umd.js:415:38)
    at ZoneImpl.run (C:\Angular project-2\codebook\node_modules\zone.js\bundles\zone.umd.js:147:47)
    at Object.wrappedFunc (C:\Angular project-2\codebook\node_modules\zone.js\bundles\zone-testing.umd.js:450:38)
    at Promise.then.completed (C:\Angular project-2\codebook\node_modules\jest-circus\build\utils.js:298:28)
    at new Promise (<anonymous>)
    at callAsyncCircusFn (C:\Angular project-2\codebook\node_modules\jest-circus\build\utils.js:231:10)
    at _callCircusHook (C:\Angular project-2\codebook\node_modules\jest-circus\build\run.js:281:40)
    at _runTest (C:\Angular project-2\codebook\node_modules\jest-circus\build\run.js:246:5)
    at _runTestsForDescribeBlock (C:\Angular project-2\codebook\node_modules\jest-circus\build\run.js:126:9)
    at _runTestsForDescribeBlock (C:\Angular project-2\codebook\node_modules\jest-circus\build\run.js:121:9)
    at _runTestsForDescribeBlock (C:\Angular project-2\codebook\node_modules\jest-circus\build\run.js:121:9)
    at run (C:\Angular project-2\codebook\node_modules\jest-circus\build\run.js:71:3)
    at runAndTransformResultsToJestFormat (C:\Angular project-2\codebook\node_modules\jest-circus\build\legacy-code-todo-rewrite\jestAdapterInit.js:122:21)]]></failure>
    </testCase>
    <testCase name="AddUserComponent Initial State should initialize form with user data for edit mode" duration="52">
      <failure message="NullInjectorError: R3InjectorError(Standalone[AddUserComponent])[_TranslateService -&gt; _TranslateService -&gt; TranslateStore -&gt; TranslateStore]: "><![CDATA[NullInjectorError: R3InjectorError(Standalone[AddUserComponent])[_TranslateService -> _TranslateService -> TranslateStore -> TranslateStore]: 
  NullInjectorError: No provider for TranslateStore!
    at NullInjector.get (C:\Angular project-2\codebook\node_modules\@angular\core\fesm2022\core.mjs:1624:27)
    at R3Injector.get (C:\Angular project-2\codebook\node_modules\@angular\core\fesm2022\core.mjs:2151:33)
    at R3Injector.get (C:\Angular project-2\codebook\node_modules\@angular\core\fesm2022\core.mjs:2151:33)
    at injectInjectorOnly (C:\Angular project-2\codebook\node_modules\@angular\core\fesm2022\core.mjs:1119:32)
    at ɵɵinject (C:\Angular project-2\codebook\node_modules\@angular\core\fesm2022\core.mjs:1125:42)
    at Object._TranslateService_Factory [as factory] (ng:///_TranslateService/ɵfac.js:5:61)
    at C:\Angular project-2\codebook\node_modules\@angular\core\fesm2022\core.mjs:2274:47
    at runInInjectorProfilerContext (C:\Angular project-2\codebook\node_modules\@angular\core\fesm2022\core.mjs:880:9)
    at R3Injector.hydrate (C:\Angular project-2\codebook\node_modules\@angular\core\fesm2022\core.mjs:2273:21)
    at R3Injector.get (C:\Angular project-2\codebook\node_modules\@angular\core\fesm2022\core.mjs:2141:33)
    at R3Injector.get (C:\Angular project-2\codebook\node_modules\@angular\core\fesm2022\core.mjs:2151:33)
    at ChainedInjector.get (C:\Angular project-2\codebook\node_modules\@angular\core\fesm2022\core.mjs:17238:36)
    at lookupTokenUsingModuleInjector (C:\Angular project-2\codebook\node_modules\@angular\core\fesm2022\core.mjs:5063:39)
    at getOrCreateInjectable (C:\Angular project-2\codebook\node_modules\@angular\core\fesm2022\core.mjs:5111:12)
    at ɵɵdirectiveInject (C:\Angular project-2\codebook\node_modules\@angular\core\fesm2022\core.mjs:17289:19)
    at NodeInjectorFactory.AddUserComponent_Factory [as factory] (ng:///AddUserComponent/ɵfac.js:6:7)
    at getNodeInjectable (C:\Angular project-2\codebook\node_modules\@angular\core\fesm2022\core.mjs:5323:44)
    at instantiateAllDirectives (C:\Angular project-2\codebook\node_modules\@angular\core\fesm2022\core.mjs:12562:27)
    at createDirectivesInstances (C:\Angular project-2\codebook\node_modules\@angular\core\fesm2022\core.mjs:12352:5)
    at ComponentFactory2.create (C:\Angular project-2\codebook\node_modules\@angular\core\fesm2022\core.mjs:17945:17)
    at initComponent (C:\Angular project-2\codebook\node_modules\@angular\core\fesm2022\testing.mjs:2053:51)
    at _ZoneDelegate.invoke (C:\Angular project-2\codebook\node_modules\zone.js\bundles\zone.umd.js:416:32)
    at ProxyZoneSpec.Object.<anonymous>.ProxyZoneSpec.onInvoke (C:\Angular project-2\codebook\node_modules\zone.js\bundles\zone-testing.umd.js:2177:43)
    at _ZoneDelegate.invoke (C:\Angular project-2\codebook\node_modules\zone.js\bundles\zone.umd.js:415:38)
    at Object.onInvoke (C:\Angular project-2\codebook\node_modules\@angular\core\fesm2022\core.mjs:6528:33)
    at _ZoneDelegate.invoke (C:\Angular project-2\codebook\node_modules\zone.js\bundles\zone.umd.js:415:38)
    at ZoneImpl.run (C:\Angular project-2\codebook\node_modules\zone.js\bundles\zone.umd.js:147:47)
    at NgZone.run (C:\Angular project-2\codebook\node_modules\@angular\core\fesm2022\core.mjs:6374:28)
    at _TestBedImpl.createComponent (C:\Angular project-2\codebook\node_modules\@angular\core\fesm2022\testing.mjs:2058:41)
    at Function.createComponent (C:\Angular project-2\codebook\node_modules\@angular\core\fesm2022\testing.mjs:1844:37)
    at C:\Angular project-2\codebook\src\app\pages\users\add-user\add-user.component.spec.ts:79:23
    at _ZoneDelegate.invoke (C:\Angular project-2\codebook\node_modules\zone.js\bundles\zone.umd.js:416:32)
    at ProxyZoneSpec.Object.<anonymous>.ProxyZoneSpec.onInvoke (C:\Angular project-2\codebook\node_modules\zone.js\bundles\zone-testing.umd.js:2177:43)
    at _ZoneDelegate.invoke (C:\Angular project-2\codebook\node_modules\zone.js\bundles\zone.umd.js:415:38)
    at ZoneImpl.run (C:\Angular project-2\codebook\node_modules\zone.js\bundles\zone.umd.js:147:47)
    at Object.wrappedFunc (C:\Angular project-2\codebook\node_modules\zone.js\bundles\zone-testing.umd.js:450:38)
    at Promise.then.completed (C:\Angular project-2\codebook\node_modules\jest-circus\build\utils.js:298:28)
    at new Promise (<anonymous>)
    at callAsyncCircusFn (C:\Angular project-2\codebook\node_modules\jest-circus\build\utils.js:231:10)
    at _callCircusHook (C:\Angular project-2\codebook\node_modules\jest-circus\build\run.js:281:40)
    at _runTest (C:\Angular project-2\codebook\node_modules\jest-circus\build\run.js:246:5)
    at _runTestsForDescribeBlock (C:\Angular project-2\codebook\node_modules\jest-circus\build\run.js:126:9)
    at _runTestsForDescribeBlock (C:\Angular project-2\codebook\node_modules\jest-circus\build\run.js:121:9)
    at _runTestsForDescribeBlock (C:\Angular project-2\codebook\node_modules\jest-circus\build\run.js:121:9)
    at run (C:\Angular project-2\codebook\node_modules\jest-circus\build\run.js:71:3)
    at runAndTransformResultsToJestFormat (C:\Angular project-2\codebook\node_modules\jest-circus\build\legacy-code-todo-rewrite\jestAdapterInit.js:122:21)]]></failure>
    </testCase>
    <testCase name="AddUserComponent Initial State should show error and close dialog if user not found in edit mode" duration="23">
      <failure message="NullInjectorError: R3InjectorError(Standalone[AddUserComponent])[_TranslateService -&gt; _TranslateService -&gt; TranslateStore -&gt; TranslateStore]: "><![CDATA[NullInjectorError: R3InjectorError(Standalone[AddUserComponent])[_TranslateService -> _TranslateService -> TranslateStore -> TranslateStore]: 
  NullInjectorError: No provider for TranslateStore!
    at NullInjector.get (C:\Angular project-2\codebook\node_modules\@angular\core\fesm2022\core.mjs:1624:27)
    at R3Injector.get (C:\Angular project-2\codebook\node_modules\@angular\core\fesm2022\core.mjs:2151:33)
    at R3Injector.get (C:\Angular project-2\codebook\node_modules\@angular\core\fesm2022\core.mjs:2151:33)
    at injectInjectorOnly (C:\Angular project-2\codebook\node_modules\@angular\core\fesm2022\core.mjs:1119:32)
    at ɵɵinject (C:\Angular project-2\codebook\node_modules\@angular\core\fesm2022\core.mjs:1125:42)
    at Object._TranslateService_Factory [as factory] (ng:///_TranslateService/ɵfac.js:5:61)
    at C:\Angular project-2\codebook\node_modules\@angular\core\fesm2022\core.mjs:2274:47
    at runInInjectorProfilerContext (C:\Angular project-2\codebook\node_modules\@angular\core\fesm2022\core.mjs:880:9)
    at R3Injector.hydrate (C:\Angular project-2\codebook\node_modules\@angular\core\fesm2022\core.mjs:2273:21)
    at R3Injector.get (C:\Angular project-2\codebook\node_modules\@angular\core\fesm2022\core.mjs:2141:33)
    at R3Injector.get (C:\Angular project-2\codebook\node_modules\@angular\core\fesm2022\core.mjs:2151:33)
    at ChainedInjector.get (C:\Angular project-2\codebook\node_modules\@angular\core\fesm2022\core.mjs:17238:36)
    at lookupTokenUsingModuleInjector (C:\Angular project-2\codebook\node_modules\@angular\core\fesm2022\core.mjs:5063:39)
    at getOrCreateInjectable (C:\Angular project-2\codebook\node_modules\@angular\core\fesm2022\core.mjs:5111:12)
    at ɵɵdirectiveInject (C:\Angular project-2\codebook\node_modules\@angular\core\fesm2022\core.mjs:17289:19)
    at NodeInjectorFactory.AddUserComponent_Factory [as factory] (ng:///AddUserComponent/ɵfac.js:6:7)
    at getNodeInjectable (C:\Angular project-2\codebook\node_modules\@angular\core\fesm2022\core.mjs:5323:44)
    at instantiateAllDirectives (C:\Angular project-2\codebook\node_modules\@angular\core\fesm2022\core.mjs:12562:27)
    at createDirectivesInstances (C:\Angular project-2\codebook\node_modules\@angular\core\fesm2022\core.mjs:12352:5)
    at ComponentFactory2.create (C:\Angular project-2\codebook\node_modules\@angular\core\fesm2022\core.mjs:17945:17)
    at initComponent (C:\Angular project-2\codebook\node_modules\@angular\core\fesm2022\testing.mjs:2053:51)
    at _ZoneDelegate.invoke (C:\Angular project-2\codebook\node_modules\zone.js\bundles\zone.umd.js:416:32)
    at ProxyZoneSpec.Object.<anonymous>.ProxyZoneSpec.onInvoke (C:\Angular project-2\codebook\node_modules\zone.js\bundles\zone-testing.umd.js:2177:43)
    at _ZoneDelegate.invoke (C:\Angular project-2\codebook\node_modules\zone.js\bundles\zone.umd.js:415:38)
    at Object.onInvoke (C:\Angular project-2\codebook\node_modules\@angular\core\fesm2022\core.mjs:6528:33)
    at _ZoneDelegate.invoke (C:\Angular project-2\codebook\node_modules\zone.js\bundles\zone.umd.js:415:38)
    at ZoneImpl.run (C:\Angular project-2\codebook\node_modules\zone.js\bundles\zone.umd.js:147:47)
    at NgZone.run (C:\Angular project-2\codebook\node_modules\@angular\core\fesm2022\core.mjs:6374:28)
    at _TestBedImpl.createComponent (C:\Angular project-2\codebook\node_modules\@angular\core\fesm2022\testing.mjs:2058:41)
    at Function.createComponent (C:\Angular project-2\codebook\node_modules\@angular\core\fesm2022\testing.mjs:1844:37)
    at C:\Angular project-2\codebook\src\app\pages\users\add-user\add-user.component.spec.ts:79:23
    at _ZoneDelegate.invoke (C:\Angular project-2\codebook\node_modules\zone.js\bundles\zone.umd.js:416:32)
    at ProxyZoneSpec.Object.<anonymous>.ProxyZoneSpec.onInvoke (C:\Angular project-2\codebook\node_modules\zone.js\bundles\zone-testing.umd.js:2177:43)
    at _ZoneDelegate.invoke (C:\Angular project-2\codebook\node_modules\zone.js\bundles\zone.umd.js:415:38)
    at ZoneImpl.run (C:\Angular project-2\codebook\node_modules\zone.js\bundles\zone.umd.js:147:47)
    at Object.wrappedFunc (C:\Angular project-2\codebook\node_modules\zone.js\bundles\zone-testing.umd.js:450:38)
    at Promise.then.completed (C:\Angular project-2\codebook\node_modules\jest-circus\build\utils.js:298:28)
    at new Promise (<anonymous>)
    at callAsyncCircusFn (C:\Angular project-2\codebook\node_modules\jest-circus\build\utils.js:231:10)
    at _callCircusHook (C:\Angular project-2\codebook\node_modules\jest-circus\build\run.js:281:40)
    at _runTest (C:\Angular project-2\codebook\node_modules\jest-circus\build\run.js:246:5)
    at _runTestsForDescribeBlock (C:\Angular project-2\codebook\node_modules\jest-circus\build\run.js:126:9)
    at _runTestsForDescribeBlock (C:\Angular project-2\codebook\node_modules\jest-circus\build\run.js:121:9)
    at _runTestsForDescribeBlock (C:\Angular project-2\codebook\node_modules\jest-circus\build\run.js:121:9)
    at run (C:\Angular project-2\codebook\node_modules\jest-circus\build\run.js:71:3)
    at runAndTransformResultsToJestFormat (C:\Angular project-2\codebook\node_modules\jest-circus\build\legacy-code-todo-rewrite\jestAdapterInit.js:122:21)]]></failure>
    </testCase>
    <testCase name="AddUserComponent Template Rendering should render form with all fields" duration="61">
      <failure message="NullInjectorError: R3InjectorError(Standalone[AddUserComponent])[_TranslateService -&gt; _TranslateService -&gt; TranslateStore -&gt; TranslateStore]: "><![CDATA[NullInjectorError: R3InjectorError(Standalone[AddUserComponent])[_TranslateService -> _TranslateService -> TranslateStore -> TranslateStore]: 
  NullInjectorError: No provider for TranslateStore!
    at NullInjector.get (C:\Angular project-2\codebook\node_modules\@angular\core\fesm2022\core.mjs:1624:27)
    at R3Injector.get (C:\Angular project-2\codebook\node_modules\@angular\core\fesm2022\core.mjs:2151:33)
    at R3Injector.get (C:\Angular project-2\codebook\node_modules\@angular\core\fesm2022\core.mjs:2151:33)
    at injectInjectorOnly (C:\Angular project-2\codebook\node_modules\@angular\core\fesm2022\core.mjs:1119:32)
    at ɵɵinject (C:\Angular project-2\codebook\node_modules\@angular\core\fesm2022\core.mjs:1125:42)
    at Object._TranslateService_Factory [as factory] (ng:///_TranslateService/ɵfac.js:5:61)
    at C:\Angular project-2\codebook\node_modules\@angular\core\fesm2022\core.mjs:2274:47
    at runInInjectorProfilerContext (C:\Angular project-2\codebook\node_modules\@angular\core\fesm2022\core.mjs:880:9)
    at R3Injector.hydrate (C:\Angular project-2\codebook\node_modules\@angular\core\fesm2022\core.mjs:2273:21)
    at R3Injector.get (C:\Angular project-2\codebook\node_modules\@angular\core\fesm2022\core.mjs:2141:33)
    at R3Injector.get (C:\Angular project-2\codebook\node_modules\@angular\core\fesm2022\core.mjs:2151:33)
    at ChainedInjector.get (C:\Angular project-2\codebook\node_modules\@angular\core\fesm2022\core.mjs:17238:36)
    at lookupTokenUsingModuleInjector (C:\Angular project-2\codebook\node_modules\@angular\core\fesm2022\core.mjs:5063:39)
    at getOrCreateInjectable (C:\Angular project-2\codebook\node_modules\@angular\core\fesm2022\core.mjs:5111:12)
    at ɵɵdirectiveInject (C:\Angular project-2\codebook\node_modules\@angular\core\fesm2022\core.mjs:17289:19)
    at NodeInjectorFactory.AddUserComponent_Factory [as factory] (ng:///AddUserComponent/ɵfac.js:6:7)
    at getNodeInjectable (C:\Angular project-2\codebook\node_modules\@angular\core\fesm2022\core.mjs:5323:44)
    at instantiateAllDirectives (C:\Angular project-2\codebook\node_modules\@angular\core\fesm2022\core.mjs:12562:27)
    at createDirectivesInstances (C:\Angular project-2\codebook\node_modules\@angular\core\fesm2022\core.mjs:12352:5)
    at ComponentFactory2.create (C:\Angular project-2\codebook\node_modules\@angular\core\fesm2022\core.mjs:17945:17)
    at initComponent (C:\Angular project-2\codebook\node_modules\@angular\core\fesm2022\testing.mjs:2053:51)
    at _ZoneDelegate.invoke (C:\Angular project-2\codebook\node_modules\zone.js\bundles\zone.umd.js:416:32)
    at ProxyZoneSpec.Object.<anonymous>.ProxyZoneSpec.onInvoke (C:\Angular project-2\codebook\node_modules\zone.js\bundles\zone-testing.umd.js:2177:43)
    at _ZoneDelegate.invoke (C:\Angular project-2\codebook\node_modules\zone.js\bundles\zone.umd.js:415:38)
    at Object.onInvoke (C:\Angular project-2\codebook\node_modules\@angular\core\fesm2022\core.mjs:6528:33)
    at _ZoneDelegate.invoke (C:\Angular project-2\codebook\node_modules\zone.js\bundles\zone.umd.js:415:38)
    at ZoneImpl.run (C:\Angular project-2\codebook\node_modules\zone.js\bundles\zone.umd.js:147:47)
    at NgZone.run (C:\Angular project-2\codebook\node_modules\@angular\core\fesm2022\core.mjs:6374:28)
    at _TestBedImpl.createComponent (C:\Angular project-2\codebook\node_modules\@angular\core\fesm2022\testing.mjs:2058:41)
    at Function.createComponent (C:\Angular project-2\codebook\node_modules\@angular\core\fesm2022\testing.mjs:1844:37)
    at C:\Angular project-2\codebook\src\app\pages\users\add-user\add-user.component.spec.ts:79:23
    at _ZoneDelegate.invoke (C:\Angular project-2\codebook\node_modules\zone.js\bundles\zone.umd.js:416:32)
    at ProxyZoneSpec.Object.<anonymous>.ProxyZoneSpec.onInvoke (C:\Angular project-2\codebook\node_modules\zone.js\bundles\zone-testing.umd.js:2177:43)
    at _ZoneDelegate.invoke (C:\Angular project-2\codebook\node_modules\zone.js\bundles\zone.umd.js:415:38)
    at ZoneImpl.run (C:\Angular project-2\codebook\node_modules\zone.js\bundles\zone.umd.js:147:47)
    at Object.wrappedFunc (C:\Angular project-2\codebook\node_modules\zone.js\bundles\zone-testing.umd.js:450:38)
    at Promise.then.completed (C:\Angular project-2\codebook\node_modules\jest-circus\build\utils.js:298:28)
    at new Promise (<anonymous>)
    at callAsyncCircusFn (C:\Angular project-2\codebook\node_modules\jest-circus\build\utils.js:231:10)
    at _callCircusHook (C:\Angular project-2\codebook\node_modules\jest-circus\build\run.js:281:40)
    at _runTest (C:\Angular project-2\codebook\node_modules\jest-circus\build\run.js:246:5)
    at _runTestsForDescribeBlock (C:\Angular project-2\codebook\node_modules\jest-circus\build\run.js:126:9)
    at _runTestsForDescribeBlock (C:\Angular project-2\codebook\node_modules\jest-circus\build\run.js:121:9)
    at _runTestsForDescribeBlock (C:\Angular project-2\codebook\node_modules\jest-circus\build\run.js:121:9)
    at run (C:\Angular project-2\codebook\node_modules\jest-circus\build\run.js:71:3)
    at runAndTransformResultsToJestFormat (C:\Angular project-2\codebook\node_modules\jest-circus\build\legacy-code-todo-rewrite\jestAdapterInit.js:122:21)]]></failure>
    </testCase>
    <testCase name="AddUserComponent Template Rendering should apply dark-theme class when dark mode is enabled" duration="53">
      <failure message="NullInjectorError: R3InjectorError(Standalone[AddUserComponent])[_TranslateService -&gt; _TranslateService -&gt; TranslateStore -&gt; TranslateStore]: "><![CDATA[NullInjectorError: R3InjectorError(Standalone[AddUserComponent])[_TranslateService -> _TranslateService -> TranslateStore -> TranslateStore]: 
  NullInjectorError: No provider for TranslateStore!
    at NullInjector.get (C:\Angular project-2\codebook\node_modules\@angular\core\fesm2022\core.mjs:1624:27)
    at R3Injector.get (C:\Angular project-2\codebook\node_modules\@angular\core\fesm2022\core.mjs:2151:33)
    at R3Injector.get (C:\Angular project-2\codebook\node_modules\@angular\core\fesm2022\core.mjs:2151:33)
    at injectInjectorOnly (C:\Angular project-2\codebook\node_modules\@angular\core\fesm2022\core.mjs:1119:32)
    at ɵɵinject (C:\Angular project-2\codebook\node_modules\@angular\core\fesm2022\core.mjs:1125:42)
    at Object._TranslateService_Factory [as factory] (ng:///_TranslateService/ɵfac.js:5:61)
    at C:\Angular project-2\codebook\node_modules\@angular\core\fesm2022\core.mjs:2274:47
    at runInInjectorProfilerContext (C:\Angular project-2\codebook\node_modules\@angular\core\fesm2022\core.mjs:880:9)
    at R3Injector.hydrate (C:\Angular project-2\codebook\node_modules\@angular\core\fesm2022\core.mjs:2273:21)
    at R3Injector.get (C:\Angular project-2\codebook\node_modules\@angular\core\fesm2022\core.mjs:2141:33)
    at R3Injector.get (C:\Angular project-2\codebook\node_modules\@angular\core\fesm2022\core.mjs:2151:33)
    at ChainedInjector.get (C:\Angular project-2\codebook\node_modules\@angular\core\fesm2022\core.mjs:17238:36)
    at lookupTokenUsingModuleInjector (C:\Angular project-2\codebook\node_modules\@angular\core\fesm2022\core.mjs:5063:39)
    at getOrCreateInjectable (C:\Angular project-2\codebook\node_modules\@angular\core\fesm2022\core.mjs:5111:12)
    at ɵɵdirectiveInject (C:\Angular project-2\codebook\node_modules\@angular\core\fesm2022\core.mjs:17289:19)
    at NodeInjectorFactory.AddUserComponent_Factory [as factory] (ng:///AddUserComponent/ɵfac.js:6:7)
    at getNodeInjectable (C:\Angular project-2\codebook\node_modules\@angular\core\fesm2022\core.mjs:5323:44)
    at instantiateAllDirectives (C:\Angular project-2\codebook\node_modules\@angular\core\fesm2022\core.mjs:12562:27)
    at createDirectivesInstances (C:\Angular project-2\codebook\node_modules\@angular\core\fesm2022\core.mjs:12352:5)
    at ComponentFactory2.create (C:\Angular project-2\codebook\node_modules\@angular\core\fesm2022\core.mjs:17945:17)
    at initComponent (C:\Angular project-2\codebook\node_modules\@angular\core\fesm2022\testing.mjs:2053:51)
    at _ZoneDelegate.invoke (C:\Angular project-2\codebook\node_modules\zone.js\bundles\zone.umd.js:416:32)
    at ProxyZoneSpec.Object.<anonymous>.ProxyZoneSpec.onInvoke (C:\Angular project-2\codebook\node_modules\zone.js\bundles\zone-testing.umd.js:2177:43)
    at _ZoneDelegate.invoke (C:\Angular project-2\codebook\node_modules\zone.js\bundles\zone.umd.js:415:38)
    at Object.onInvoke (C:\Angular project-2\codebook\node_modules\@angular\core\fesm2022\core.mjs:6528:33)
    at _ZoneDelegate.invoke (C:\Angular project-2\codebook\node_modules\zone.js\bundles\zone.umd.js:415:38)
    at ZoneImpl.run (C:\Angular project-2\codebook\node_modules\zone.js\bundles\zone.umd.js:147:47)
    at NgZone.run (C:\Angular project-2\codebook\node_modules\@angular\core\fesm2022\core.mjs:6374:28)
    at _TestBedImpl.createComponent (C:\Angular project-2\codebook\node_modules\@angular\core\fesm2022\testing.mjs:2058:41)
    at Function.createComponent (C:\Angular project-2\codebook\node_modules\@angular\core\fesm2022\testing.mjs:1844:37)
    at C:\Angular project-2\codebook\src\app\pages\users\add-user\add-user.component.spec.ts:79:23
    at _ZoneDelegate.invoke (C:\Angular project-2\codebook\node_modules\zone.js\bundles\zone.umd.js:416:32)
    at ProxyZoneSpec.Object.<anonymous>.ProxyZoneSpec.onInvoke (C:\Angular project-2\codebook\node_modules\zone.js\bundles\zone-testing.umd.js:2177:43)
    at _ZoneDelegate.invoke (C:\Angular project-2\codebook\node_modules\zone.js\bundles\zone.umd.js:415:38)
    at ZoneImpl.run (C:\Angular project-2\codebook\node_modules\zone.js\bundles\zone.umd.js:147:47)
    at Object.wrappedFunc (C:\Angular project-2\codebook\node_modules\zone.js\bundles\zone-testing.umd.js:450:38)
    at Promise.then.completed (C:\Angular project-2\codebook\node_modules\jest-circus\build\utils.js:298:28)
    at new Promise (<anonymous>)
    at callAsyncCircusFn (C:\Angular project-2\codebook\node_modules\jest-circus\build\utils.js:231:10)
    at _callCircusHook (C:\Angular project-2\codebook\node_modules\jest-circus\build\run.js:281:40)
    at _runTest (C:\Angular project-2\codebook\node_modules\jest-circus\build\run.js:246:5)
    at _runTestsForDescribeBlock (C:\Angular project-2\codebook\node_modules\jest-circus\build\run.js:126:9)
    at _runTestsForDescribeBlock (C:\Angular project-2\codebook\node_modules\jest-circus\build\run.js:121:9)
    at _runTestsForDescribeBlock (C:\Angular project-2\codebook\node_modules\jest-circus\build\run.js:121:9)
    at run (C:\Angular project-2\codebook\node_modules\jest-circus\build\run.js:71:3)
    at runAndTransformResultsToJestFormat (C:\Angular project-2\codebook\node_modules\jest-circus\build\legacy-code-todo-rewrite\jestAdapterInit.js:122:21)]]></failure>
    </testCase>
    <testCase name="AddUserComponent Template Rendering should display title correctly" duration="48">
      <failure message="NullInjectorError: R3InjectorError(Standalone[AddUserComponent])[_TranslateService -&gt; _TranslateService -&gt; TranslateStore -&gt; TranslateStore]: "><![CDATA[NullInjectorError: R3InjectorError(Standalone[AddUserComponent])[_TranslateService -> _TranslateService -> TranslateStore -> TranslateStore]: 
  NullInjectorError: No provider for TranslateStore!
    at NullInjector.get (C:\Angular project-2\codebook\node_modules\@angular\core\fesm2022\core.mjs:1624:27)
    at R3Injector.get (C:\Angular project-2\codebook\node_modules\@angular\core\fesm2022\core.mjs:2151:33)
    at R3Injector.get (C:\Angular project-2\codebook\node_modules\@angular\core\fesm2022\core.mjs:2151:33)
    at injectInjectorOnly (C:\Angular project-2\codebook\node_modules\@angular\core\fesm2022\core.mjs:1119:32)
    at ɵɵinject (C:\Angular project-2\codebook\node_modules\@angular\core\fesm2022\core.mjs:1125:42)
    at Object._TranslateService_Factory [as factory] (ng:///_TranslateService/ɵfac.js:5:61)
    at C:\Angular project-2\codebook\node_modules\@angular\core\fesm2022\core.mjs:2274:47
    at runInInjectorProfilerContext (C:\Angular project-2\codebook\node_modules\@angular\core\fesm2022\core.mjs:880:9)
    at R3Injector.hydrate (C:\Angular project-2\codebook\node_modules\@angular\core\fesm2022\core.mjs:2273:21)
    at R3Injector.get (C:\Angular project-2\codebook\node_modules\@angular\core\fesm2022\core.mjs:2141:33)
    at R3Injector.get (C:\Angular project-2\codebook\node_modules\@angular\core\fesm2022\core.mjs:2151:33)
    at ChainedInjector.get (C:\Angular project-2\codebook\node_modules\@angular\core\fesm2022\core.mjs:17238:36)
    at lookupTokenUsingModuleInjector (C:\Angular project-2\codebook\node_modules\@angular\core\fesm2022\core.mjs:5063:39)
    at getOrCreateInjectable (C:\Angular project-2\codebook\node_modules\@angular\core\fesm2022\core.mjs:5111:12)
    at ɵɵdirectiveInject (C:\Angular project-2\codebook\node_modules\@angular\core\fesm2022\core.mjs:17289:19)
    at NodeInjectorFactory.AddUserComponent_Factory [as factory] (ng:///AddUserComponent/ɵfac.js:6:7)
    at getNodeInjectable (C:\Angular project-2\codebook\node_modules\@angular\core\fesm2022\core.mjs:5323:44)
    at instantiateAllDirectives (C:\Angular project-2\codebook\node_modules\@angular\core\fesm2022\core.mjs:12562:27)
    at createDirectivesInstances (C:\Angular project-2\codebook\node_modules\@angular\core\fesm2022\core.mjs:12352:5)
    at ComponentFactory2.create (C:\Angular project-2\codebook\node_modules\@angular\core\fesm2022\core.mjs:17945:17)
    at initComponent (C:\Angular project-2\codebook\node_modules\@angular\core\fesm2022\testing.mjs:2053:51)
    at _ZoneDelegate.invoke (C:\Angular project-2\codebook\node_modules\zone.js\bundles\zone.umd.js:416:32)
    at ProxyZoneSpec.Object.<anonymous>.ProxyZoneSpec.onInvoke (C:\Angular project-2\codebook\node_modules\zone.js\bundles\zone-testing.umd.js:2177:43)
    at _ZoneDelegate.invoke (C:\Angular project-2\codebook\node_modules\zone.js\bundles\zone.umd.js:415:38)
    at Object.onInvoke (C:\Angular project-2\codebook\node_modules\@angular\core\fesm2022\core.mjs:6528:33)
    at _ZoneDelegate.invoke (C:\Angular project-2\codebook\node_modules\zone.js\bundles\zone.umd.js:415:38)
    at ZoneImpl.run (C:\Angular project-2\codebook\node_modules\zone.js\bundles\zone.umd.js:147:47)
    at NgZone.run (C:\Angular project-2\codebook\node_modules\@angular\core\fesm2022\core.mjs:6374:28)
    at _TestBedImpl.createComponent (C:\Angular project-2\codebook\node_modules\@angular\core\fesm2022\testing.mjs:2058:41)
    at Function.createComponent (C:\Angular project-2\codebook\node_modules\@angular\core\fesm2022\testing.mjs:1844:37)
    at C:\Angular project-2\codebook\src\app\pages\users\add-user\add-user.component.spec.ts:79:23
    at _ZoneDelegate.invoke (C:\Angular project-2\codebook\node_modules\zone.js\bundles\zone.umd.js:416:32)
    at ProxyZoneSpec.Object.<anonymous>.ProxyZoneSpec.onInvoke (C:\Angular project-2\codebook\node_modules\zone.js\bundles\zone-testing.umd.js:2177:43)
    at _ZoneDelegate.invoke (C:\Angular project-2\codebook\node_modules\zone.js\bundles\zone.umd.js:415:38)
    at ZoneImpl.run (C:\Angular project-2\codebook\node_modules\zone.js\bundles\zone.umd.js:147:47)
    at Object.wrappedFunc (C:\Angular project-2\codebook\node_modules\zone.js\bundles\zone-testing.umd.js:450:38)
    at Promise.then.completed (C:\Angular project-2\codebook\node_modules\jest-circus\build\utils.js:298:28)
    at new Promise (<anonymous>)
    at callAsyncCircusFn (C:\Angular project-2\codebook\node_modules\jest-circus\build\utils.js:231:10)
    at _callCircusHook (C:\Angular project-2\codebook\node_modules\jest-circus\build\run.js:281:40)
    at _runTest (C:\Angular project-2\codebook\node_modules\jest-circus\build\run.js:246:5)
    at _runTestsForDescribeBlock (C:\Angular project-2\codebook\node_modules\jest-circus\build\run.js:126:9)
    at _runTestsForDescribeBlock (C:\Angular project-2\codebook\node_modules\jest-circus\build\run.js:121:9)
    at _runTestsForDescribeBlock (C:\Angular project-2\codebook\node_modules\jest-circus\build\run.js:121:9)
    at run (C:\Angular project-2\codebook\node_modules\jest-circus\build\run.js:71:3)
    at runAndTransformResultsToJestFormat (C:\Angular project-2\codebook\node_modules\jest-circus\build\legacy-code-todo-rewrite\jestAdapterInit.js:122:21)]]></failure>
    </testCase>
    <testCase name="AddUserComponent Template Rendering should mark id field as readonly" duration="38">
      <failure message="NullInjectorError: R3InjectorError(Standalone[AddUserComponent])[_TranslateService -&gt; _TranslateService -&gt; TranslateStore -&gt; TranslateStore]: "><![CDATA[NullInjectorError: R3InjectorError(Standalone[AddUserComponent])[_TranslateService -> _TranslateService -> TranslateStore -> TranslateStore]: 
  NullInjectorError: No provider for TranslateStore!
    at NullInjector.get (C:\Angular project-2\codebook\node_modules\@angular\core\fesm2022\core.mjs:1624:27)
    at R3Injector.get (C:\Angular project-2\codebook\node_modules\@angular\core\fesm2022\core.mjs:2151:33)
    at R3Injector.get (C:\Angular project-2\codebook\node_modules\@angular\core\fesm2022\core.mjs:2151:33)
    at injectInjectorOnly (C:\Angular project-2\codebook\node_modules\@angular\core\fesm2022\core.mjs:1119:32)
    at ɵɵinject (C:\Angular project-2\codebook\node_modules\@angular\core\fesm2022\core.mjs:1125:42)
    at Object._TranslateService_Factory [as factory] (ng:///_TranslateService/ɵfac.js:5:61)
    at C:\Angular project-2\codebook\node_modules\@angular\core\fesm2022\core.mjs:2274:47
    at runInInjectorProfilerContext (C:\Angular project-2\codebook\node_modules\@angular\core\fesm2022\core.mjs:880:9)
    at R3Injector.hydrate (C:\Angular project-2\codebook\node_modules\@angular\core\fesm2022\core.mjs:2273:21)
    at R3Injector.get (C:\Angular project-2\codebook\node_modules\@angular\core\fesm2022\core.mjs:2141:33)
    at R3Injector.get (C:\Angular project-2\codebook\node_modules\@angular\core\fesm2022\core.mjs:2151:33)
    at ChainedInjector.get (C:\Angular project-2\codebook\node_modules\@angular\core\fesm2022\core.mjs:17238:36)
    at lookupTokenUsingModuleInjector (C:\Angular project-2\codebook\node_modules\@angular\core\fesm2022\core.mjs:5063:39)
    at getOrCreateInjectable (C:\Angular project-2\codebook\node_modules\@angular\core\fesm2022\core.mjs:5111:12)
    at ɵɵdirectiveInject (C:\Angular project-2\codebook\node_modules\@angular\core\fesm2022\core.mjs:17289:19)
    at NodeInjectorFactory.AddUserComponent_Factory [as factory] (ng:///AddUserComponent/ɵfac.js:6:7)
    at getNodeInjectable (C:\Angular project-2\codebook\node_modules\@angular\core\fesm2022\core.mjs:5323:44)
    at instantiateAllDirectives (C:\Angular project-2\codebook\node_modules\@angular\core\fesm2022\core.mjs:12562:27)
    at createDirectivesInstances (C:\Angular project-2\codebook\node_modules\@angular\core\fesm2022\core.mjs:12352:5)
    at ComponentFactory2.create (C:\Angular project-2\codebook\node_modules\@angular\core\fesm2022\core.mjs:17945:17)
    at initComponent (C:\Angular project-2\codebook\node_modules\@angular\core\fesm2022\testing.mjs:2053:51)
    at _ZoneDelegate.invoke (C:\Angular project-2\codebook\node_modules\zone.js\bundles\zone.umd.js:416:32)
    at ProxyZoneSpec.Object.<anonymous>.ProxyZoneSpec.onInvoke (C:\Angular project-2\codebook\node_modules\zone.js\bundles\zone-testing.umd.js:2177:43)
    at _ZoneDelegate.invoke (C:\Angular project-2\codebook\node_modules\zone.js\bundles\zone.umd.js:415:38)
    at Object.onInvoke (C:\Angular project-2\codebook\node_modules\@angular\core\fesm2022\core.mjs:6528:33)
    at _ZoneDelegate.invoke (C:\Angular project-2\codebook\node_modules\zone.js\bundles\zone.umd.js:415:38)
    at ZoneImpl.run (C:\Angular project-2\codebook\node_modules\zone.js\bundles\zone.umd.js:147:47)
    at NgZone.run (C:\Angular project-2\codebook\node_modules\@angular\core\fesm2022\core.mjs:6374:28)
    at _TestBedImpl.createComponent (C:\Angular project-2\codebook\node_modules\@angular\core\fesm2022\testing.mjs:2058:41)
    at Function.createComponent (C:\Angular project-2\codebook\node_modules\@angular\core\fesm2022\testing.mjs:1844:37)
    at C:\Angular project-2\codebook\src\app\pages\users\add-user\add-user.component.spec.ts:79:23
    at _ZoneDelegate.invoke (C:\Angular project-2\codebook\node_modules\zone.js\bundles\zone.umd.js:416:32)
    at ProxyZoneSpec.Object.<anonymous>.ProxyZoneSpec.onInvoke (C:\Angular project-2\codebook\node_modules\zone.js\bundles\zone-testing.umd.js:2177:43)
    at _ZoneDelegate.invoke (C:\Angular project-2\codebook\node_modules\zone.js\bundles\zone.umd.js:415:38)
    at ZoneImpl.run (C:\Angular project-2\codebook\node_modules\zone.js\bundles\zone.umd.js:147:47)
    at Object.wrappedFunc (C:\Angular project-2\codebook\node_modules\zone.js\bundles\zone-testing.umd.js:450:38)
    at Promise.then.completed (C:\Angular project-2\codebook\node_modules\jest-circus\build\utils.js:298:28)
    at new Promise (<anonymous>)
    at callAsyncCircusFn (C:\Angular project-2\codebook\node_modules\jest-circus\build\utils.js:231:10)
    at _callCircusHook (C:\Angular project-2\codebook\node_modules\jest-circus\build\run.js:281:40)
    at _runTest (C:\Angular project-2\codebook\node_modules\jest-circus\build\run.js:246:5)
    at _runTestsForDescribeBlock (C:\Angular project-2\codebook\node_modules\jest-circus\build\run.js:126:9)
    at _runTestsForDescribeBlock (C:\Angular project-2\codebook\node_modules\jest-circus\build\run.js:121:9)
    at _runTestsForDescribeBlock (C:\Angular project-2\codebook\node_modules\jest-circus\build\run.js:121:9)
    at run (C:\Angular project-2\codebook\node_modules\jest-circus\build\run.js:71:3)
    at runAndTransformResultsToJestFormat (C:\Angular project-2\codebook\node_modules\jest-circus\build\legacy-code-todo-rewrite\jestAdapterInit.js:122:21)]]></failure>
    </testCase>
    <testCase name="AddUserComponent Form Validation should mark form as invalid when required fields are empty" duration="20">
      <failure message="NullInjectorError: R3InjectorError(Standalone[AddUserComponent])[_TranslateService -&gt; _TranslateService -&gt; TranslateStore -&gt; TranslateStore]: "><![CDATA[NullInjectorError: R3InjectorError(Standalone[AddUserComponent])[_TranslateService -> _TranslateService -> TranslateStore -> TranslateStore]: 
  NullInjectorError: No provider for TranslateStore!
    at NullInjector.get (C:\Angular project-2\codebook\node_modules\@angular\core\fesm2022\core.mjs:1624:27)
    at R3Injector.get (C:\Angular project-2\codebook\node_modules\@angular\core\fesm2022\core.mjs:2151:33)
    at R3Injector.get (C:\Angular project-2\codebook\node_modules\@angular\core\fesm2022\core.mjs:2151:33)
    at injectInjectorOnly (C:\Angular project-2\codebook\node_modules\@angular\core\fesm2022\core.mjs:1119:32)
    at ɵɵinject (C:\Angular project-2\codebook\node_modules\@angular\core\fesm2022\core.mjs:1125:42)
    at Object._TranslateService_Factory [as factory] (ng:///_TranslateService/ɵfac.js:5:61)
    at C:\Angular project-2\codebook\node_modules\@angular\core\fesm2022\core.mjs:2274:47
    at runInInjectorProfilerContext (C:\Angular project-2\codebook\node_modules\@angular\core\fesm2022\core.mjs:880:9)
    at R3Injector.hydrate (C:\Angular project-2\codebook\node_modules\@angular\core\fesm2022\core.mjs:2273:21)
    at R3Injector.get (C:\Angular project-2\codebook\node_modules\@angular\core\fesm2022\core.mjs:2141:33)
    at R3Injector.get (C:\Angular project-2\codebook\node_modules\@angular\core\fesm2022\core.mjs:2151:33)
    at ChainedInjector.get (C:\Angular project-2\codebook\node_modules\@angular\core\fesm2022\core.mjs:17238:36)
    at lookupTokenUsingModuleInjector (C:\Angular project-2\codebook\node_modules\@angular\core\fesm2022\core.mjs:5063:39)
    at getOrCreateInjectable (C:\Angular project-2\codebook\node_modules\@angular\core\fesm2022\core.mjs:5111:12)
    at ɵɵdirectiveInject (C:\Angular project-2\codebook\node_modules\@angular\core\fesm2022\core.mjs:17289:19)
    at NodeInjectorFactory.AddUserComponent_Factory [as factory] (ng:///AddUserComponent/ɵfac.js:6:7)
    at getNodeInjectable (C:\Angular project-2\codebook\node_modules\@angular\core\fesm2022\core.mjs:5323:44)
    at instantiateAllDirectives (C:\Angular project-2\codebook\node_modules\@angular\core\fesm2022\core.mjs:12562:27)
    at createDirectivesInstances (C:\Angular project-2\codebook\node_modules\@angular\core\fesm2022\core.mjs:12352:5)
    at ComponentFactory2.create (C:\Angular project-2\codebook\node_modules\@angular\core\fesm2022\core.mjs:17945:17)
    at initComponent (C:\Angular project-2\codebook\node_modules\@angular\core\fesm2022\testing.mjs:2053:51)
    at _ZoneDelegate.invoke (C:\Angular project-2\codebook\node_modules\zone.js\bundles\zone.umd.js:416:32)
    at ProxyZoneSpec.Object.<anonymous>.ProxyZoneSpec.onInvoke (C:\Angular project-2\codebook\node_modules\zone.js\bundles\zone-testing.umd.js:2177:43)
    at _ZoneDelegate.invoke (C:\Angular project-2\codebook\node_modules\zone.js\bundles\zone.umd.js:415:38)
    at Object.onInvoke (C:\Angular project-2\codebook\node_modules\@angular\core\fesm2022\core.mjs:6528:33)
    at _ZoneDelegate.invoke (C:\Angular project-2\codebook\node_modules\zone.js\bundles\zone.umd.js:415:38)
    at ZoneImpl.run (C:\Angular project-2\codebook\node_modules\zone.js\bundles\zone.umd.js:147:47)
    at NgZone.run (C:\Angular project-2\codebook\node_modules\@angular\core\fesm2022\core.mjs:6374:28)
    at _TestBedImpl.createComponent (C:\Angular project-2\codebook\node_modules\@angular\core\fesm2022\testing.mjs:2058:41)
    at Function.createComponent (C:\Angular project-2\codebook\node_modules\@angular\core\fesm2022\testing.mjs:1844:37)
    at C:\Angular project-2\codebook\src\app\pages\users\add-user\add-user.component.spec.ts:79:23
    at _ZoneDelegate.invoke (C:\Angular project-2\codebook\node_modules\zone.js\bundles\zone.umd.js:416:32)
    at ProxyZoneSpec.Object.<anonymous>.ProxyZoneSpec.onInvoke (C:\Angular project-2\codebook\node_modules\zone.js\bundles\zone-testing.umd.js:2177:43)
    at _ZoneDelegate.invoke (C:\Angular project-2\codebook\node_modules\zone.js\bundles\zone.umd.js:415:38)
    at ZoneImpl.run (C:\Angular project-2\codebook\node_modules\zone.js\bundles\zone.umd.js:147:47)
    at Object.wrappedFunc (C:\Angular project-2\codebook\node_modules\zone.js\bundles\zone-testing.umd.js:450:38)
    at Promise.then.completed (C:\Angular project-2\codebook\node_modules\jest-circus\build\utils.js:298:28)
    at new Promise (<anonymous>)
    at callAsyncCircusFn (C:\Angular project-2\codebook\node_modules\jest-circus\build\utils.js:231:10)
    at _callCircusHook (C:\Angular project-2\codebook\node_modules\jest-circus\build\run.js:281:40)
    at _runTest (C:\Angular project-2\codebook\node_modules\jest-circus\build\run.js:246:5)
    at _runTestsForDescribeBlock (C:\Angular project-2\codebook\node_modules\jest-circus\build\run.js:126:9)
    at _runTestsForDescribeBlock (C:\Angular project-2\codebook\node_modules\jest-circus\build\run.js:121:9)
    at _runTestsForDescribeBlock (C:\Angular project-2\codebook\node_modules\jest-circus\build\run.js:121:9)
    at run (C:\Angular project-2\codebook\node_modules\jest-circus\build\run.js:71:3)
    at runAndTransformResultsToJestFormat (C:\Angular project-2\codebook\node_modules\jest-circus\build\legacy-code-todo-rewrite\jestAdapterInit.js:122:21)]]></failure>
    </testCase>
    <testCase name="AddUserComponent Form Validation should show error toast when submitting invalid form" duration="17">
      <failure message="NullInjectorError: R3InjectorError(Standalone[AddUserComponent])[_TranslateService -&gt; _TranslateService -&gt; TranslateStore -&gt; TranslateStore]: "><![CDATA[NullInjectorError: R3InjectorError(Standalone[AddUserComponent])[_TranslateService -> _TranslateService -> TranslateStore -> TranslateStore]: 
  NullInjectorError: No provider for TranslateStore!
    at NullInjector.get (C:\Angular project-2\codebook\node_modules\@angular\core\fesm2022\core.mjs:1624:27)
    at R3Injector.get (C:\Angular project-2\codebook\node_modules\@angular\core\fesm2022\core.mjs:2151:33)
    at R3Injector.get (C:\Angular project-2\codebook\node_modules\@angular\core\fesm2022\core.mjs:2151:33)
    at injectInjectorOnly (C:\Angular project-2\codebook\node_modules\@angular\core\fesm2022\core.mjs:1119:32)
    at ɵɵinject (C:\Angular project-2\codebook\node_modules\@angular\core\fesm2022\core.mjs:1125:42)
    at Object._TranslateService_Factory [as factory] (ng:///_TranslateService/ɵfac.js:5:61)
    at C:\Angular project-2\codebook\node_modules\@angular\core\fesm2022\core.mjs:2274:47
    at runInInjectorProfilerContext (C:\Angular project-2\codebook\node_modules\@angular\core\fesm2022\core.mjs:880:9)
    at R3Injector.hydrate (C:\Angular project-2\codebook\node_modules\@angular\core\fesm2022\core.mjs:2273:21)
    at R3Injector.get (C:\Angular project-2\codebook\node_modules\@angular\core\fesm2022\core.mjs:2141:33)
    at R3Injector.get (C:\Angular project-2\codebook\node_modules\@angular\core\fesm2022\core.mjs:2151:33)
    at ChainedInjector.get (C:\Angular project-2\codebook\node_modules\@angular\core\fesm2022\core.mjs:17238:36)
    at lookupTokenUsingModuleInjector (C:\Angular project-2\codebook\node_modules\@angular\core\fesm2022\core.mjs:5063:39)
    at getOrCreateInjectable (C:\Angular project-2\codebook\node_modules\@angular\core\fesm2022\core.mjs:5111:12)
    at ɵɵdirectiveInject (C:\Angular project-2\codebook\node_modules\@angular\core\fesm2022\core.mjs:17289:19)
    at NodeInjectorFactory.AddUserComponent_Factory [as factory] (ng:///AddUserComponent/ɵfac.js:6:7)
    at getNodeInjectable (C:\Angular project-2\codebook\node_modules\@angular\core\fesm2022\core.mjs:5323:44)
    at instantiateAllDirectives (C:\Angular project-2\codebook\node_modules\@angular\core\fesm2022\core.mjs:12562:27)
    at createDirectivesInstances (C:\Angular project-2\codebook\node_modules\@angular\core\fesm2022\core.mjs:12352:5)
    at ComponentFactory2.create (C:\Angular project-2\codebook\node_modules\@angular\core\fesm2022\core.mjs:17945:17)
    at initComponent (C:\Angular project-2\codebook\node_modules\@angular\core\fesm2022\testing.mjs:2053:51)
    at _ZoneDelegate.invoke (C:\Angular project-2\codebook\node_modules\zone.js\bundles\zone.umd.js:416:32)
    at ProxyZoneSpec.Object.<anonymous>.ProxyZoneSpec.onInvoke (C:\Angular project-2\codebook\node_modules\zone.js\bundles\zone-testing.umd.js:2177:43)
    at _ZoneDelegate.invoke (C:\Angular project-2\codebook\node_modules\zone.js\bundles\zone.umd.js:415:38)
    at Object.onInvoke (C:\Angular project-2\codebook\node_modules\@angular\core\fesm2022\core.mjs:6528:33)
    at _ZoneDelegate.invoke (C:\Angular project-2\codebook\node_modules\zone.js\bundles\zone.umd.js:415:38)
    at ZoneImpl.run (C:\Angular project-2\codebook\node_modules\zone.js\bundles\zone.umd.js:147:47)
    at NgZone.run (C:\Angular project-2\codebook\node_modules\@angular\core\fesm2022\core.mjs:6374:28)
    at _TestBedImpl.createComponent (C:\Angular project-2\codebook\node_modules\@angular\core\fesm2022\testing.mjs:2058:41)
    at Function.createComponent (C:\Angular project-2\codebook\node_modules\@angular\core\fesm2022\testing.mjs:1844:37)
    at C:\Angular project-2\codebook\src\app\pages\users\add-user\add-user.component.spec.ts:79:23
    at _ZoneDelegate.invoke (C:\Angular project-2\codebook\node_modules\zone.js\bundles\zone.umd.js:416:32)
    at ProxyZoneSpec.Object.<anonymous>.ProxyZoneSpec.onInvoke (C:\Angular project-2\codebook\node_modules\zone.js\bundles\zone-testing.umd.js:2177:43)
    at _ZoneDelegate.invoke (C:\Angular project-2\codebook\node_modules\zone.js\bundles\zone.umd.js:415:38)
    at ZoneImpl.run (C:\Angular project-2\codebook\node_modules\zone.js\bundles\zone.umd.js:147:47)
    at Object.wrappedFunc (C:\Angular project-2\codebook\node_modules\zone.js\bundles\zone-testing.umd.js:450:38)
    at Promise.then.completed (C:\Angular project-2\codebook\node_modules\jest-circus\build\utils.js:298:28)
    at new Promise (<anonymous>)
    at callAsyncCircusFn (C:\Angular project-2\codebook\node_modules\jest-circus\build\utils.js:231:10)
    at _callCircusHook (C:\Angular project-2\codebook\node_modules\jest-circus\build\run.js:281:40)
    at _runTest (C:\Angular project-2\codebook\node_modules\jest-circus\build\run.js:246:5)
    at _runTestsForDescribeBlock (C:\Angular project-2\codebook\node_modules\jest-circus\build\run.js:126:9)
    at _runTestsForDescribeBlock (C:\Angular project-2\codebook\node_modules\jest-circus\build\run.js:121:9)
    at _runTestsForDescribeBlock (C:\Angular project-2\codebook\node_modules\jest-circus\build\run.js:121:9)
    at run (C:\Angular project-2\codebook\node_modules\jest-circus\build\run.js:71:3)
    at runAndTransformResultsToJestFormat (C:\Angular project-2\codebook\node_modules\jest-circus\build\legacy-code-todo-rewrite\jestAdapterInit.js:122:21)]]></failure>
    </testCase>
    <testCase name="AddUserComponent saveUser should add new user and close dialog in add mode" duration="35">
      <failure message="NullInjectorError: R3InjectorError(Standalone[AddUserComponent])[_TranslateService -&gt; _TranslateService -&gt; TranslateStore -&gt; TranslateStore]: "><![CDATA[NullInjectorError: R3InjectorError(Standalone[AddUserComponent])[_TranslateService -> _TranslateService -> TranslateStore -> TranslateStore]: 
  NullInjectorError: No provider for TranslateStore!
    at NullInjector.get (C:\Angular project-2\codebook\node_modules\@angular\core\fesm2022\core.mjs:1624:27)
    at R3Injector.get (C:\Angular project-2\codebook\node_modules\@angular\core\fesm2022\core.mjs:2151:33)
    at R3Injector.get (C:\Angular project-2\codebook\node_modules\@angular\core\fesm2022\core.mjs:2151:33)
    at injectInjectorOnly (C:\Angular project-2\codebook\node_modules\@angular\core\fesm2022\core.mjs:1119:32)
    at ɵɵinject (C:\Angular project-2\codebook\node_modules\@angular\core\fesm2022\core.mjs:1125:42)
    at Object._TranslateService_Factory [as factory] (ng:///_TranslateService/ɵfac.js:5:61)
    at C:\Angular project-2\codebook\node_modules\@angular\core\fesm2022\core.mjs:2274:47
    at runInInjectorProfilerContext (C:\Angular project-2\codebook\node_modules\@angular\core\fesm2022\core.mjs:880:9)
    at R3Injector.hydrate (C:\Angular project-2\codebook\node_modules\@angular\core\fesm2022\core.mjs:2273:21)
    at R3Injector.get (C:\Angular project-2\codebook\node_modules\@angular\core\fesm2022\core.mjs:2141:33)
    at R3Injector.get (C:\Angular project-2\codebook\node_modules\@angular\core\fesm2022\core.mjs:2151:33)
    at ChainedInjector.get (C:\Angular project-2\codebook\node_modules\@angular\core\fesm2022\core.mjs:17238:36)
    at lookupTokenUsingModuleInjector (C:\Angular project-2\codebook\node_modules\@angular\core\fesm2022\core.mjs:5063:39)
    at getOrCreateInjectable (C:\Angular project-2\codebook\node_modules\@angular\core\fesm2022\core.mjs:5111:12)
    at ɵɵdirectiveInject (C:\Angular project-2\codebook\node_modules\@angular\core\fesm2022\core.mjs:17289:19)
    at NodeInjectorFactory.AddUserComponent_Factory [as factory] (ng:///AddUserComponent/ɵfac.js:6:7)
    at getNodeInjectable (C:\Angular project-2\codebook\node_modules\@angular\core\fesm2022\core.mjs:5323:44)
    at instantiateAllDirectives (C:\Angular project-2\codebook\node_modules\@angular\core\fesm2022\core.mjs:12562:27)
    at createDirectivesInstances (C:\Angular project-2\codebook\node_modules\@angular\core\fesm2022\core.mjs:12352:5)
    at ComponentFactory2.create (C:\Angular project-2\codebook\node_modules\@angular\core\fesm2022\core.mjs:17945:17)
    at initComponent (C:\Angular project-2\codebook\node_modules\@angular\core\fesm2022\testing.mjs:2053:51)
    at _ZoneDelegate.invoke (C:\Angular project-2\codebook\node_modules\zone.js\bundles\zone.umd.js:416:32)
    at ProxyZoneSpec.Object.<anonymous>.ProxyZoneSpec.onInvoke (C:\Angular project-2\codebook\node_modules\zone.js\bundles\zone-testing.umd.js:2177:43)
    at _ZoneDelegate.invoke (C:\Angular project-2\codebook\node_modules\zone.js\bundles\zone.umd.js:415:38)
    at Object.onInvoke (C:\Angular project-2\codebook\node_modules\@angular\core\fesm2022\core.mjs:6528:33)
    at _ZoneDelegate.invoke (C:\Angular project-2\codebook\node_modules\zone.js\bundles\zone.umd.js:415:38)
    at ZoneImpl.run (C:\Angular project-2\codebook\node_modules\zone.js\bundles\zone.umd.js:147:47)
    at NgZone.run (C:\Angular project-2\codebook\node_modules\@angular\core\fesm2022\core.mjs:6374:28)
    at _TestBedImpl.createComponent (C:\Angular project-2\codebook\node_modules\@angular\core\fesm2022\testing.mjs:2058:41)
    at Function.createComponent (C:\Angular project-2\codebook\node_modules\@angular\core\fesm2022\testing.mjs:1844:37)
    at C:\Angular project-2\codebook\src\app\pages\users\add-user\add-user.component.spec.ts:79:23
    at _ZoneDelegate.invoke (C:\Angular project-2\codebook\node_modules\zone.js\bundles\zone.umd.js:416:32)
    at ProxyZoneSpec.Object.<anonymous>.ProxyZoneSpec.onInvoke (C:\Angular project-2\codebook\node_modules\zone.js\bundles\zone-testing.umd.js:2177:43)
    at _ZoneDelegate.invoke (C:\Angular project-2\codebook\node_modules\zone.js\bundles\zone.umd.js:415:38)
    at ZoneImpl.run (C:\Angular project-2\codebook\node_modules\zone.js\bundles\zone.umd.js:147:47)
    at Object.wrappedFunc (C:\Angular project-2\codebook\node_modules\zone.js\bundles\zone-testing.umd.js:450:38)
    at Promise.then.completed (C:\Angular project-2\codebook\node_modules\jest-circus\build\utils.js:298:28)
    at new Promise (<anonymous>)
    at callAsyncCircusFn (C:\Angular project-2\codebook\node_modules\jest-circus\build\utils.js:231:10)
    at _callCircusHook (C:\Angular project-2\codebook\node_modules\jest-circus\build\run.js:281:40)
    at _runTest (C:\Angular project-2\codebook\node_modules\jest-circus\build\run.js:246:5)
    at _runTestsForDescribeBlock (C:\Angular project-2\codebook\node_modules\jest-circus\build\run.js:126:9)
    at _runTestsForDescribeBlock (C:\Angular project-2\codebook\node_modules\jest-circus\build\run.js:121:9)
    at _runTestsForDescribeBlock (C:\Angular project-2\codebook\node_modules\jest-circus\build\run.js:121:9)
    at run (C:\Angular project-2\codebook\node_modules\jest-circus\build\run.js:71:3)
    at runAndTransformResultsToJestFormat (C:\Angular project-2\codebook\node_modules\jest-circus\build\legacy-code-todo-rewrite\jestAdapterInit.js:122:21)]]></failure>
    </testCase>
    <testCase name="AddUserComponent saveUser should update user and close dialog in edit mode" duration="25">
      <failure message="NullInjectorError: R3InjectorError(Standalone[AddUserComponent])[_TranslateService -&gt; _TranslateService -&gt; TranslateStore -&gt; TranslateStore]: "><![CDATA[NullInjectorError: R3InjectorError(Standalone[AddUserComponent])[_TranslateService -> _TranslateService -> TranslateStore -> TranslateStore]: 
  NullInjectorError: No provider for TranslateStore!
    at NullInjector.get (C:\Angular project-2\codebook\node_modules\@angular\core\fesm2022\core.mjs:1624:27)
    at R3Injector.get (C:\Angular project-2\codebook\node_modules\@angular\core\fesm2022\core.mjs:2151:33)
    at R3Injector.get (C:\Angular project-2\codebook\node_modules\@angular\core\fesm2022\core.mjs:2151:33)
    at injectInjectorOnly (C:\Angular project-2\codebook\node_modules\@angular\core\fesm2022\core.mjs:1119:32)
    at ɵɵinject (C:\Angular project-2\codebook\node_modules\@angular\core\fesm2022\core.mjs:1125:42)
    at Object._TranslateService_Factory [as factory] (ng:///_TranslateService/ɵfac.js:5:61)
    at C:\Angular project-2\codebook\node_modules\@angular\core\fesm2022\core.mjs:2274:47
    at runInInjectorProfilerContext (C:\Angular project-2\codebook\node_modules\@angular\core\fesm2022\core.mjs:880:9)
    at R3Injector.hydrate (C:\Angular project-2\codebook\node_modules\@angular\core\fesm2022\core.mjs:2273:21)
    at R3Injector.get (C:\Angular project-2\codebook\node_modules\@angular\core\fesm2022\core.mjs:2141:33)
    at R3Injector.get (C:\Angular project-2\codebook\node_modules\@angular\core\fesm2022\core.mjs:2151:33)
    at ChainedInjector.get (C:\Angular project-2\codebook\node_modules\@angular\core\fesm2022\core.mjs:17238:36)
    at lookupTokenUsingModuleInjector (C:\Angular project-2\codebook\node_modules\@angular\core\fesm2022\core.mjs:5063:39)
    at getOrCreateInjectable (C:\Angular project-2\codebook\node_modules\@angular\core\fesm2022\core.mjs:5111:12)
    at ɵɵdirectiveInject (C:\Angular project-2\codebook\node_modules\@angular\core\fesm2022\core.mjs:17289:19)
    at NodeInjectorFactory.AddUserComponent_Factory [as factory] (ng:///AddUserComponent/ɵfac.js:6:7)
    at getNodeInjectable (C:\Angular project-2\codebook\node_modules\@angular\core\fesm2022\core.mjs:5323:44)
    at instantiateAllDirectives (C:\Angular project-2\codebook\node_modules\@angular\core\fesm2022\core.mjs:12562:27)
    at createDirectivesInstances (C:\Angular project-2\codebook\node_modules\@angular\core\fesm2022\core.mjs:12352:5)
    at ComponentFactory2.create (C:\Angular project-2\codebook\node_modules\@angular\core\fesm2022\core.mjs:17945:17)
    at initComponent (C:\Angular project-2\codebook\node_modules\@angular\core\fesm2022\testing.mjs:2053:51)
    at _ZoneDelegate.invoke (C:\Angular project-2\codebook\node_modules\zone.js\bundles\zone.umd.js:416:32)
    at ProxyZoneSpec.Object.<anonymous>.ProxyZoneSpec.onInvoke (C:\Angular project-2\codebook\node_modules\zone.js\bundles\zone-testing.umd.js:2177:43)
    at _ZoneDelegate.invoke (C:\Angular project-2\codebook\node_modules\zone.js\bundles\zone.umd.js:415:38)
    at Object.onInvoke (C:\Angular project-2\codebook\node_modules\@angular\core\fesm2022\core.mjs:6528:33)
    at _ZoneDelegate.invoke (C:\Angular project-2\codebook\node_modules\zone.js\bundles\zone.umd.js:415:38)
    at ZoneImpl.run (C:\Angular project-2\codebook\node_modules\zone.js\bundles\zone.umd.js:147:47)
    at NgZone.run (C:\Angular project-2\codebook\node_modules\@angular\core\fesm2022\core.mjs:6374:28)
    at _TestBedImpl.createComponent (C:\Angular project-2\codebook\node_modules\@angular\core\fesm2022\testing.mjs:2058:41)
    at Function.createComponent (C:\Angular project-2\codebook\node_modules\@angular\core\fesm2022\testing.mjs:1844:37)
    at C:\Angular project-2\codebook\src\app\pages\users\add-user\add-user.component.spec.ts:79:23
    at _ZoneDelegate.invoke (C:\Angular project-2\codebook\node_modules\zone.js\bundles\zone.umd.js:416:32)
    at ProxyZoneSpec.Object.<anonymous>.ProxyZoneSpec.onInvoke (C:\Angular project-2\codebook\node_modules\zone.js\bundles\zone-testing.umd.js:2177:43)
    at _ZoneDelegate.invoke (C:\Angular project-2\codebook\node_modules\zone.js\bundles\zone.umd.js:415:38)
    at ZoneImpl.run (C:\Angular project-2\codebook\node_modules\zone.js\bundles\zone.umd.js:147:47)
    at Object.wrappedFunc (C:\Angular project-2\codebook\node_modules\zone.js\bundles\zone-testing.umd.js:450:38)
    at Promise.then.completed (C:\Angular project-2\codebook\node_modules\jest-circus\build\utils.js:298:28)
    at new Promise (<anonymous>)
    at callAsyncCircusFn (C:\Angular project-2\codebook\node_modules\jest-circus\build\utils.js:231:10)
    at _callCircusHook (C:\Angular project-2\codebook\node_modules\jest-circus\build\run.js:281:40)
    at _runTest (C:\Angular project-2\codebook\node_modules\jest-circus\build\run.js:246:5)
    at _runTestsForDescribeBlock (C:\Angular project-2\codebook\node_modules\jest-circus\build\run.js:126:9)
    at _runTestsForDescribeBlock (C:\Angular project-2\codebook\node_modules\jest-circus\build\run.js:121:9)
    at _runTestsForDescribeBlock (C:\Angular project-2\codebook\node_modules\jest-circus\build\run.js:121:9)
    at run (C:\Angular project-2\codebook\node_modules\jest-circus\build\run.js:71:3)
    at runAndTransformResultsToJestFormat (C:\Angular project-2\codebook\node_modules\jest-circus\build\legacy-code-todo-rewrite\jestAdapterInit.js:122:21)]]></failure>
    </testCase>
    <testCase name="AddUserComponent saveUser should show error toast and not close dialog on add failure" duration="36">
      <failure message="NullInjectorError: R3InjectorError(Standalone[AddUserComponent])[_TranslateService -&gt; _TranslateService -&gt; TranslateStore -&gt; TranslateStore]: "><![CDATA[NullInjectorError: R3InjectorError(Standalone[AddUserComponent])[_TranslateService -> _TranslateService -> TranslateStore -> TranslateStore]: 
  NullInjectorError: No provider for TranslateStore!
    at NullInjector.get (C:\Angular project-2\codebook\node_modules\@angular\core\fesm2022\core.mjs:1624:27)
    at R3Injector.get (C:\Angular project-2\codebook\node_modules\@angular\core\fesm2022\core.mjs:2151:33)
    at R3Injector.get (C:\Angular project-2\codebook\node_modules\@angular\core\fesm2022\core.mjs:2151:33)
    at injectInjectorOnly (C:\Angular project-2\codebook\node_modules\@angular\core\fesm2022\core.mjs:1119:32)
    at ɵɵinject (C:\Angular project-2\codebook\node_modules\@angular\core\fesm2022\core.mjs:1125:42)
    at Object._TranslateService_Factory [as factory] (ng:///_TranslateService/ɵfac.js:5:61)
    at C:\Angular project-2\codebook\node_modules\@angular\core\fesm2022\core.mjs:2274:47
    at runInInjectorProfilerContext (C:\Angular project-2\codebook\node_modules\@angular\core\fesm2022\core.mjs:880:9)
    at R3Injector.hydrate (C:\Angular project-2\codebook\node_modules\@angular\core\fesm2022\core.mjs:2273:21)
    at R3Injector.get (C:\Angular project-2\codebook\node_modules\@angular\core\fesm2022\core.mjs:2141:33)
    at R3Injector.get (C:\Angular project-2\codebook\node_modules\@angular\core\fesm2022\core.mjs:2151:33)
    at ChainedInjector.get (C:\Angular project-2\codebook\node_modules\@angular\core\fesm2022\core.mjs:17238:36)
    at lookupTokenUsingModuleInjector (C:\Angular project-2\codebook\node_modules\@angular\core\fesm2022\core.mjs:5063:39)
    at getOrCreateInjectable (C:\Angular project-2\codebook\node_modules\@angular\core\fesm2022\core.mjs:5111:12)
    at ɵɵdirectiveInject (C:\Angular project-2\codebook\node_modules\@angular\core\fesm2022\core.mjs:17289:19)
    at NodeInjectorFactory.AddUserComponent_Factory [as factory] (ng:///AddUserComponent/ɵfac.js:6:7)
    at getNodeInjectable (C:\Angular project-2\codebook\node_modules\@angular\core\fesm2022\core.mjs:5323:44)
    at instantiateAllDirectives (C:\Angular project-2\codebook\node_modules\@angular\core\fesm2022\core.mjs:12562:27)
    at createDirectivesInstances (C:\Angular project-2\codebook\node_modules\@angular\core\fesm2022\core.mjs:12352:5)
    at ComponentFactory2.create (C:\Angular project-2\codebook\node_modules\@angular\core\fesm2022\core.mjs:17945:17)
    at initComponent (C:\Angular project-2\codebook\node_modules\@angular\core\fesm2022\testing.mjs:2053:51)
    at _ZoneDelegate.invoke (C:\Angular project-2\codebook\node_modules\zone.js\bundles\zone.umd.js:416:32)
    at ProxyZoneSpec.Object.<anonymous>.ProxyZoneSpec.onInvoke (C:\Angular project-2\codebook\node_modules\zone.js\bundles\zone-testing.umd.js:2177:43)
    at _ZoneDelegate.invoke (C:\Angular project-2\codebook\node_modules\zone.js\bundles\zone.umd.js:415:38)
    at Object.onInvoke (C:\Angular project-2\codebook\node_modules\@angular\core\fesm2022\core.mjs:6528:33)
    at _ZoneDelegate.invoke (C:\Angular project-2\codebook\node_modules\zone.js\bundles\zone.umd.js:415:38)
    at ZoneImpl.run (C:\Angular project-2\codebook\node_modules\zone.js\bundles\zone.umd.js:147:47)
    at NgZone.run (C:\Angular project-2\codebook\node_modules\@angular\core\fesm2022\core.mjs:6374:28)
    at _TestBedImpl.createComponent (C:\Angular project-2\codebook\node_modules\@angular\core\fesm2022\testing.mjs:2058:41)
    at Function.createComponent (C:\Angular project-2\codebook\node_modules\@angular\core\fesm2022\testing.mjs:1844:37)
    at C:\Angular project-2\codebook\src\app\pages\users\add-user\add-user.component.spec.ts:79:23
    at _ZoneDelegate.invoke (C:\Angular project-2\codebook\node_modules\zone.js\bundles\zone.umd.js:416:32)
    at ProxyZoneSpec.Object.<anonymous>.ProxyZoneSpec.onInvoke (C:\Angular project-2\codebook\node_modules\zone.js\bundles\zone-testing.umd.js:2177:43)
    at _ZoneDelegate.invoke (C:\Angular project-2\codebook\node_modules\zone.js\bundles\zone.umd.js:415:38)
    at ZoneImpl.run (C:\Angular project-2\codebook\node_modules\zone.js\bundles\zone.umd.js:147:47)
    at Object.wrappedFunc (C:\Angular project-2\codebook\node_modules\zone.js\bundles\zone-testing.umd.js:450:38)
    at Promise.then.completed (C:\Angular project-2\codebook\node_modules\jest-circus\build\utils.js:298:28)
    at new Promise (<anonymous>)
    at callAsyncCircusFn (C:\Angular project-2\codebook\node_modules\jest-circus\build\utils.js:231:10)
    at _callCircusHook (C:\Angular project-2\codebook\node_modules\jest-circus\build\run.js:281:40)
    at _runTest (C:\Angular project-2\codebook\node_modules\jest-circus\build\run.js:246:5)
    at _runTestsForDescribeBlock (C:\Angular project-2\codebook\node_modules\jest-circus\build\run.js:126:9)
    at _runTestsForDescribeBlock (C:\Angular project-2\codebook\node_modules\jest-circus\build\run.js:121:9)
    at _runTestsForDescribeBlock (C:\Angular project-2\codebook\node_modules\jest-circus\build\run.js:121:9)
    at run (C:\Angular project-2\codebook\node_modules\jest-circus\build\run.js:71:3)
    at runAndTransformResultsToJestFormat (C:\Angular project-2\codebook\node_modules\jest-circus\build\legacy-code-todo-rewrite\jestAdapterInit.js:122:21)]]></failure>
    </testCase>
    <testCase name="AddUserComponent saveUser should show error toast and not close dialog on update failure" duration="53">
      <failure message="NullInjectorError: R3InjectorError(Standalone[AddUserComponent])[_TranslateService -&gt; _TranslateService -&gt; TranslateStore -&gt; TranslateStore]: "><![CDATA[NullInjectorError: R3InjectorError(Standalone[AddUserComponent])[_TranslateService -> _TranslateService -> TranslateStore -> TranslateStore]: 
  NullInjectorError: No provider for TranslateStore!
    at NullInjector.get (C:\Angular project-2\codebook\node_modules\@angular\core\fesm2022\core.mjs:1624:27)
    at R3Injector.get (C:\Angular project-2\codebook\node_modules\@angular\core\fesm2022\core.mjs:2151:33)
    at R3Injector.get (C:\Angular project-2\codebook\node_modules\@angular\core\fesm2022\core.mjs:2151:33)
    at injectInjectorOnly (C:\Angular project-2\codebook\node_modules\@angular\core\fesm2022\core.mjs:1119:32)
    at ɵɵinject (C:\Angular project-2\codebook\node_modules\@angular\core\fesm2022\core.mjs:1125:42)
    at Object._TranslateService_Factory [as factory] (ng:///_TranslateService/ɵfac.js:5:61)
    at C:\Angular project-2\codebook\node_modules\@angular\core\fesm2022\core.mjs:2274:47
    at runInInjectorProfilerContext (C:\Angular project-2\codebook\node_modules\@angular\core\fesm2022\core.mjs:880:9)
    at R3Injector.hydrate (C:\Angular project-2\codebook\node_modules\@angular\core\fesm2022\core.mjs:2273:21)
    at R3Injector.get (C:\Angular project-2\codebook\node_modules\@angular\core\fesm2022\core.mjs:2141:33)
    at R3Injector.get (C:\Angular project-2\codebook\node_modules\@angular\core\fesm2022\core.mjs:2151:33)
    at ChainedInjector.get (C:\Angular project-2\codebook\node_modules\@angular\core\fesm2022\core.mjs:17238:36)
    at lookupTokenUsingModuleInjector (C:\Angular project-2\codebook\node_modules\@angular\core\fesm2022\core.mjs:5063:39)
    at getOrCreateInjectable (C:\Angular project-2\codebook\node_modules\@angular\core\fesm2022\core.mjs:5111:12)
    at ɵɵdirectiveInject (C:\Angular project-2\codebook\node_modules\@angular\core\fesm2022\core.mjs:17289:19)
    at NodeInjectorFactory.AddUserComponent_Factory [as factory] (ng:///AddUserComponent/ɵfac.js:6:7)
    at getNodeInjectable (C:\Angular project-2\codebook\node_modules\@angular\core\fesm2022\core.mjs:5323:44)
    at instantiateAllDirectives (C:\Angular project-2\codebook\node_modules\@angular\core\fesm2022\core.mjs:12562:27)
    at createDirectivesInstances (C:\Angular project-2\codebook\node_modules\@angular\core\fesm2022\core.mjs:12352:5)
    at ComponentFactory2.create (C:\Angular project-2\codebook\node_modules\@angular\core\fesm2022\core.mjs:17945:17)
    at initComponent (C:\Angular project-2\codebook\node_modules\@angular\core\fesm2022\testing.mjs:2053:51)
    at _ZoneDelegate.invoke (C:\Angular project-2\codebook\node_modules\zone.js\bundles\zone.umd.js:416:32)
    at ProxyZoneSpec.Object.<anonymous>.ProxyZoneSpec.onInvoke (C:\Angular project-2\codebook\node_modules\zone.js\bundles\zone-testing.umd.js:2177:43)
    at _ZoneDelegate.invoke (C:\Angular project-2\codebook\node_modules\zone.js\bundles\zone.umd.js:415:38)
    at Object.onInvoke (C:\Angular project-2\codebook\node_modules\@angular\core\fesm2022\core.mjs:6528:33)
    at _ZoneDelegate.invoke (C:\Angular project-2\codebook\node_modules\zone.js\bundles\zone.umd.js:415:38)
    at ZoneImpl.run (C:\Angular project-2\codebook\node_modules\zone.js\bundles\zone.umd.js:147:47)
    at NgZone.run (C:\Angular project-2\codebook\node_modules\@angular\core\fesm2022\core.mjs:6374:28)
    at _TestBedImpl.createComponent (C:\Angular project-2\codebook\node_modules\@angular\core\fesm2022\testing.mjs:2058:41)
    at Function.createComponent (C:\Angular project-2\codebook\node_modules\@angular\core\fesm2022\testing.mjs:1844:37)
    at C:\Angular project-2\codebook\src\app\pages\users\add-user\add-user.component.spec.ts:79:23
    at _ZoneDelegate.invoke (C:\Angular project-2\codebook\node_modules\zone.js\bundles\zone.umd.js:416:32)
    at ProxyZoneSpec.Object.<anonymous>.ProxyZoneSpec.onInvoke (C:\Angular project-2\codebook\node_modules\zone.js\bundles\zone-testing.umd.js:2177:43)
    at _ZoneDelegate.invoke (C:\Angular project-2\codebook\node_modules\zone.js\bundles\zone.umd.js:415:38)
    at ZoneImpl.run (C:\Angular project-2\codebook\node_modules\zone.js\bundles\zone.umd.js:147:47)
    at Object.wrappedFunc (C:\Angular project-2\codebook\node_modules\zone.js\bundles\zone-testing.umd.js:450:38)
    at Promise.then.completed (C:\Angular project-2\codebook\node_modules\jest-circus\build\utils.js:298:28)
    at new Promise (<anonymous>)
    at callAsyncCircusFn (C:\Angular project-2\codebook\node_modules\jest-circus\build\utils.js:231:10)
    at _callCircusHook (C:\Angular project-2\codebook\node_modules\jest-circus\build\run.js:281:40)
    at _runTest (C:\Angular project-2\codebook\node_modules\jest-circus\build\run.js:246:5)
    at _runTestsForDescribeBlock (C:\Angular project-2\codebook\node_modules\jest-circus\build\run.js:126:9)
    at _runTestsForDescribeBlock (C:\Angular project-2\codebook\node_modules\jest-circus\build\run.js:121:9)
    at _runTestsForDescribeBlock (C:\Angular project-2\codebook\node_modules\jest-circus\build\run.js:121:9)
    at run (C:\Angular project-2\codebook\node_modules\jest-circus\build\run.js:71:3)
    at runAndTransformResultsToJestFormat (C:\Angular project-2\codebook\node_modules\jest-circus\build\legacy-code-todo-rewrite\jestAdapterInit.js:122:21)]]></failure>
    </testCase>
    <testCase name="AddUserComponent closePopup should close the dialog" duration="20">
      <failure message="NullInjectorError: R3InjectorError(Standalone[AddUserComponent])[_TranslateService -&gt; _TranslateService -&gt; TranslateStore -&gt; TranslateStore]: "><![CDATA[NullInjectorError: R3InjectorError(Standalone[AddUserComponent])[_TranslateService -> _TranslateService -> TranslateStore -> TranslateStore]: 
  NullInjectorError: No provider for TranslateStore!
    at NullInjector.get (C:\Angular project-2\codebook\node_modules\@angular\core\fesm2022\core.mjs:1624:27)
    at R3Injector.get (C:\Angular project-2\codebook\node_modules\@angular\core\fesm2022\core.mjs:2151:33)
    at R3Injector.get (C:\Angular project-2\codebook\node_modules\@angular\core\fesm2022\core.mjs:2151:33)
    at injectInjectorOnly (C:\Angular project-2\codebook\node_modules\@angular\core\fesm2022\core.mjs:1119:32)
    at ɵɵinject (C:\Angular project-2\codebook\node_modules\@angular\core\fesm2022\core.mjs:1125:42)
    at Object._TranslateService_Factory [as factory] (ng:///_TranslateService/ɵfac.js:5:61)
    at C:\Angular project-2\codebook\node_modules\@angular\core\fesm2022\core.mjs:2274:47
    at runInInjectorProfilerContext (C:\Angular project-2\codebook\node_modules\@angular\core\fesm2022\core.mjs:880:9)
    at R3Injector.hydrate (C:\Angular project-2\codebook\node_modules\@angular\core\fesm2022\core.mjs:2273:21)
    at R3Injector.get (C:\Angular project-2\codebook\node_modules\@angular\core\fesm2022\core.mjs:2141:33)
    at R3Injector.get (C:\Angular project-2\codebook\node_modules\@angular\core\fesm2022\core.mjs:2151:33)
    at ChainedInjector.get (C:\Angular project-2\codebook\node_modules\@angular\core\fesm2022\core.mjs:17238:36)
    at lookupTokenUsingModuleInjector (C:\Angular project-2\codebook\node_modules\@angular\core\fesm2022\core.mjs:5063:39)
    at getOrCreateInjectable (C:\Angular project-2\codebook\node_modules\@angular\core\fesm2022\core.mjs:5111:12)
    at ɵɵdirectiveInject (C:\Angular project-2\codebook\node_modules\@angular\core\fesm2022\core.mjs:17289:19)
    at NodeInjectorFactory.AddUserComponent_Factory [as factory] (ng:///AddUserComponent/ɵfac.js:6:7)
    at getNodeInjectable (C:\Angular project-2\codebook\node_modules\@angular\core\fesm2022\core.mjs:5323:44)
    at instantiateAllDirectives (C:\Angular project-2\codebook\node_modules\@angular\core\fesm2022\core.mjs:12562:27)
    at createDirectivesInstances (C:\Angular project-2\codebook\node_modules\@angular\core\fesm2022\core.mjs:12352:5)
    at ComponentFactory2.create (C:\Angular project-2\codebook\node_modules\@angular\core\fesm2022\core.mjs:17945:17)
    at initComponent (C:\Angular project-2\codebook\node_modules\@angular\core\fesm2022\testing.mjs:2053:51)
    at _ZoneDelegate.invoke (C:\Angular project-2\codebook\node_modules\zone.js\bundles\zone.umd.js:416:32)
    at ProxyZoneSpec.Object.<anonymous>.ProxyZoneSpec.onInvoke (C:\Angular project-2\codebook\node_modules\zone.js\bundles\zone-testing.umd.js:2177:43)
    at _ZoneDelegate.invoke (C:\Angular project-2\codebook\node_modules\zone.js\bundles\zone.umd.js:415:38)
    at Object.onInvoke (C:\Angular project-2\codebook\node_modules\@angular\core\fesm2022\core.mjs:6528:33)
    at _ZoneDelegate.invoke (C:\Angular project-2\codebook\node_modules\zone.js\bundles\zone.umd.js:415:38)
    at ZoneImpl.run (C:\Angular project-2\codebook\node_modules\zone.js\bundles\zone.umd.js:147:47)
    at NgZone.run (C:\Angular project-2\codebook\node_modules\@angular\core\fesm2022\core.mjs:6374:28)
    at _TestBedImpl.createComponent (C:\Angular project-2\codebook\node_modules\@angular\core\fesm2022\testing.mjs:2058:41)
    at Function.createComponent (C:\Angular project-2\codebook\node_modules\@angular\core\fesm2022\testing.mjs:1844:37)
    at C:\Angular project-2\codebook\src\app\pages\users\add-user\add-user.component.spec.ts:79:23
    at _ZoneDelegate.invoke (C:\Angular project-2\codebook\node_modules\zone.js\bundles\zone.umd.js:416:32)
    at ProxyZoneSpec.Object.<anonymous>.ProxyZoneSpec.onInvoke (C:\Angular project-2\codebook\node_modules\zone.js\bundles\zone-testing.umd.js:2177:43)
    at _ZoneDelegate.invoke (C:\Angular project-2\codebook\node_modules\zone.js\bundles\zone.umd.js:415:38)
    at ZoneImpl.run (C:\Angular project-2\codebook\node_modules\zone.js\bundles\zone.umd.js:147:47)
    at Object.wrappedFunc (C:\Angular project-2\codebook\node_modules\zone.js\bundles\zone-testing.umd.js:450:38)
    at Promise.then.completed (C:\Angular project-2\codebook\node_modules\jest-circus\build\utils.js:298:28)
    at new Promise (<anonymous>)
    at callAsyncCircusFn (C:\Angular project-2\codebook\node_modules\jest-circus\build\utils.js:231:10)
    at _callCircusHook (C:\Angular project-2\codebook\node_modules\jest-circus\build\run.js:281:40)
    at _runTest (C:\Angular project-2\codebook\node_modules\jest-circus\build\run.js:246:5)
    at _runTestsForDescribeBlock (C:\Angular project-2\codebook\node_modules\jest-circus\build\run.js:126:9)
    at _runTestsForDescribeBlock (C:\Angular project-2\codebook\node_modules\jest-circus\build\run.js:121:9)
    at _runTestsForDescribeBlock (C:\Angular project-2\codebook\node_modules\jest-circus\build\run.js:121:9)
    at run (C:\Angular project-2\codebook\node_modules\jest-circus\build\run.js:71:3)
    at runAndTransformResultsToJestFormat (C:\Angular project-2\codebook\node_modules\jest-circus\build\legacy-code-todo-rewrite\jestAdapterInit.js:122:21)]]></failure>
    </testCase>
    <testCase name="AddUserComponent Dark Mode Integration should inject DarkModeService" duration="21">
      <failure message="NullInjectorError: R3InjectorError(Standalone[AddUserComponent])[_TranslateService -&gt; _TranslateService -&gt; TranslateStore -&gt; TranslateStore]: "><![CDATA[NullInjectorError: R3InjectorError(Standalone[AddUserComponent])[_TranslateService -> _TranslateService -> TranslateStore -> TranslateStore]: 
  NullInjectorError: No provider for TranslateStore!
    at NullInjector.get (C:\Angular project-2\codebook\node_modules\@angular\core\fesm2022\core.mjs:1624:27)
    at R3Injector.get (C:\Angular project-2\codebook\node_modules\@angular\core\fesm2022\core.mjs:2151:33)
    at R3Injector.get (C:\Angular project-2\codebook\node_modules\@angular\core\fesm2022\core.mjs:2151:33)
    at injectInjectorOnly (C:\Angular project-2\codebook\node_modules\@angular\core\fesm2022\core.mjs:1119:32)
    at ɵɵinject (C:\Angular project-2\codebook\node_modules\@angular\core\fesm2022\core.mjs:1125:42)
    at Object._TranslateService_Factory [as factory] (ng:///_TranslateService/ɵfac.js:5:61)
    at C:\Angular project-2\codebook\node_modules\@angular\core\fesm2022\core.mjs:2274:47
    at runInInjectorProfilerContext (C:\Angular project-2\codebook\node_modules\@angular\core\fesm2022\core.mjs:880:9)
    at R3Injector.hydrate (C:\Angular project-2\codebook\node_modules\@angular\core\fesm2022\core.mjs:2273:21)
    at R3Injector.get (C:\Angular project-2\codebook\node_modules\@angular\core\fesm2022\core.mjs:2141:33)
    at R3Injector.get (C:\Angular project-2\codebook\node_modules\@angular\core\fesm2022\core.mjs:2151:33)
    at ChainedInjector.get (C:\Angular project-2\codebook\node_modules\@angular\core\fesm2022\core.mjs:17238:36)
    at lookupTokenUsingModuleInjector (C:\Angular project-2\codebook\node_modules\@angular\core\fesm2022\core.mjs:5063:39)
    at getOrCreateInjectable (C:\Angular project-2\codebook\node_modules\@angular\core\fesm2022\core.mjs:5111:12)
    at ɵɵdirectiveInject (C:\Angular project-2\codebook\node_modules\@angular\core\fesm2022\core.mjs:17289:19)
    at NodeInjectorFactory.AddUserComponent_Factory [as factory] (ng:///AddUserComponent/ɵfac.js:6:7)
    at getNodeInjectable (C:\Angular project-2\codebook\node_modules\@angular\core\fesm2022\core.mjs:5323:44)
    at instantiateAllDirectives (C:\Angular project-2\codebook\node_modules\@angular\core\fesm2022\core.mjs:12562:27)
    at createDirectivesInstances (C:\Angular project-2\codebook\node_modules\@angular\core\fesm2022\core.mjs:12352:5)
    at ComponentFactory2.create (C:\Angular project-2\codebook\node_modules\@angular\core\fesm2022\core.mjs:17945:17)
    at initComponent (C:\Angular project-2\codebook\node_modules\@angular\core\fesm2022\testing.mjs:2053:51)
    at _ZoneDelegate.invoke (C:\Angular project-2\codebook\node_modules\zone.js\bundles\zone.umd.js:416:32)
    at ProxyZoneSpec.Object.<anonymous>.ProxyZoneSpec.onInvoke (C:\Angular project-2\codebook\node_modules\zone.js\bundles\zone-testing.umd.js:2177:43)
    at _ZoneDelegate.invoke (C:\Angular project-2\codebook\node_modules\zone.js\bundles\zone.umd.js:415:38)
    at Object.onInvoke (C:\Angular project-2\codebook\node_modules\@angular\core\fesm2022\core.mjs:6528:33)
    at _ZoneDelegate.invoke (C:\Angular project-2\codebook\node_modules\zone.js\bundles\zone.umd.js:415:38)
    at ZoneImpl.run (C:\Angular project-2\codebook\node_modules\zone.js\bundles\zone.umd.js:147:47)
    at NgZone.run (C:\Angular project-2\codebook\node_modules\@angular\core\fesm2022\core.mjs:6374:28)
    at _TestBedImpl.createComponent (C:\Angular project-2\codebook\node_modules\@angular\core\fesm2022\testing.mjs:2058:41)
    at Function.createComponent (C:\Angular project-2\codebook\node_modules\@angular\core\fesm2022\testing.mjs:1844:37)
    at C:\Angular project-2\codebook\src\app\pages\users\add-user\add-user.component.spec.ts:79:23
    at _ZoneDelegate.invoke (C:\Angular project-2\codebook\node_modules\zone.js\bundles\zone.umd.js:416:32)
    at ProxyZoneSpec.Object.<anonymous>.ProxyZoneSpec.onInvoke (C:\Angular project-2\codebook\node_modules\zone.js\bundles\zone-testing.umd.js:2177:43)
    at _ZoneDelegate.invoke (C:\Angular project-2\codebook\node_modules\zone.js\bundles\zone.umd.js:415:38)
    at ZoneImpl.run (C:\Angular project-2\codebook\node_modules\zone.js\bundles\zone.umd.js:147:47)
    at Object.wrappedFunc (C:\Angular project-2\codebook\node_modules\zone.js\bundles\zone-testing.umd.js:450:38)
    at Promise.then.completed (C:\Angular project-2\codebook\node_modules\jest-circus\build\utils.js:298:28)
    at new Promise (<anonymous>)
    at callAsyncCircusFn (C:\Angular project-2\codebook\node_modules\jest-circus\build\utils.js:231:10)
    at _callCircusHook (C:\Angular project-2\codebook\node_modules\jest-circus\build\run.js:281:40)
    at _runTest (C:\Angular project-2\codebook\node_modules\jest-circus\build\run.js:246:5)
    at _runTestsForDescribeBlock (C:\Angular project-2\codebook\node_modules\jest-circus\build\run.js:126:9)
    at _runTestsForDescribeBlock (C:\Angular project-2\codebook\node_modules\jest-circus\build\run.js:121:9)
    at _runTestsForDescribeBlock (C:\Angular project-2\codebook\node_modules\jest-circus\build\run.js:121:9)
    at run (C:\Angular project-2\codebook\node_modules\jest-circus\build\run.js:71:3)
    at runAndTransformResultsToJestFormat (C:\Angular project-2\codebook\node_modules\jest-circus\build\legacy-code-todo-rewrite\jestAdapterInit.js:122:21)]]></failure>
    </testCase>
    <testCase name="AddUserComponent Dark Mode Integration should not apply dark-theme class when dark mode is disabled" duration="34">
      <failure message="NullInjectorError: R3InjectorError(Standalone[AddUserComponent])[_TranslateService -&gt; _TranslateService -&gt; TranslateStore -&gt; TranslateStore]: "><![CDATA[NullInjectorError: R3InjectorError(Standalone[AddUserComponent])[_TranslateService -> _TranslateService -> TranslateStore -> TranslateStore]: 
  NullInjectorError: No provider for TranslateStore!
    at NullInjector.get (C:\Angular project-2\codebook\node_modules\@angular\core\fesm2022\core.mjs:1624:27)
    at R3Injector.get (C:\Angular project-2\codebook\node_modules\@angular\core\fesm2022\core.mjs:2151:33)
    at R3Injector.get (C:\Angular project-2\codebook\node_modules\@angular\core\fesm2022\core.mjs:2151:33)
    at injectInjectorOnly (C:\Angular project-2\codebook\node_modules\@angular\core\fesm2022\core.mjs:1119:32)
    at ɵɵinject (C:\Angular project-2\codebook\node_modules\@angular\core\fesm2022\core.mjs:1125:42)
    at Object._TranslateService_Factory [as factory] (ng:///_TranslateService/ɵfac.js:5:61)
    at C:\Angular project-2\codebook\node_modules\@angular\core\fesm2022\core.mjs:2274:47
    at runInInjectorProfilerContext (C:\Angular project-2\codebook\node_modules\@angular\core\fesm2022\core.mjs:880:9)
    at R3Injector.hydrate (C:\Angular project-2\codebook\node_modules\@angular\core\fesm2022\core.mjs:2273:21)
    at R3Injector.get (C:\Angular project-2\codebook\node_modules\@angular\core\fesm2022\core.mjs:2141:33)
    at R3Injector.get (C:\Angular project-2\codebook\node_modules\@angular\core\fesm2022\core.mjs:2151:33)
    at ChainedInjector.get (C:\Angular project-2\codebook\node_modules\@angular\core\fesm2022\core.mjs:17238:36)
    at lookupTokenUsingModuleInjector (C:\Angular project-2\codebook\node_modules\@angular\core\fesm2022\core.mjs:5063:39)
    at getOrCreateInjectable (C:\Angular project-2\codebook\node_modules\@angular\core\fesm2022\core.mjs:5111:12)
    at ɵɵdirectiveInject (C:\Angular project-2\codebook\node_modules\@angular\core\fesm2022\core.mjs:17289:19)
    at NodeInjectorFactory.AddUserComponent_Factory [as factory] (ng:///AddUserComponent/ɵfac.js:6:7)
    at getNodeInjectable (C:\Angular project-2\codebook\node_modules\@angular\core\fesm2022\core.mjs:5323:44)
    at instantiateAllDirectives (C:\Angular project-2\codebook\node_modules\@angular\core\fesm2022\core.mjs:12562:27)
    at createDirectivesInstances (C:\Angular project-2\codebook\node_modules\@angular\core\fesm2022\core.mjs:12352:5)
    at ComponentFactory2.create (C:\Angular project-2\codebook\node_modules\@angular\core\fesm2022\core.mjs:17945:17)
    at initComponent (C:\Angular project-2\codebook\node_modules\@angular\core\fesm2022\testing.mjs:2053:51)
    at _ZoneDelegate.invoke (C:\Angular project-2\codebook\node_modules\zone.js\bundles\zone.umd.js:416:32)
    at ProxyZoneSpec.Object.<anonymous>.ProxyZoneSpec.onInvoke (C:\Angular project-2\codebook\node_modules\zone.js\bundles\zone-testing.umd.js:2177:43)
    at _ZoneDelegate.invoke (C:\Angular project-2\codebook\node_modules\zone.js\bundles\zone.umd.js:415:38)
    at Object.onInvoke (C:\Angular project-2\codebook\node_modules\@angular\core\fesm2022\core.mjs:6528:33)
    at _ZoneDelegate.invoke (C:\Angular project-2\codebook\node_modules\zone.js\bundles\zone.umd.js:415:38)
    at ZoneImpl.run (C:\Angular project-2\codebook\node_modules\zone.js\bundles\zone.umd.js:147:47)
    at NgZone.run (C:\Angular project-2\codebook\node_modules\@angular\core\fesm2022\core.mjs:6374:28)
    at _TestBedImpl.createComponent (C:\Angular project-2\codebook\node_modules\@angular\core\fesm2022\testing.mjs:2058:41)
    at Function.createComponent (C:\Angular project-2\codebook\node_modules\@angular\core\fesm2022\testing.mjs:1844:37)
    at C:\Angular project-2\codebook\src\app\pages\users\add-user\add-user.component.spec.ts:79:23
    at _ZoneDelegate.invoke (C:\Angular project-2\codebook\node_modules\zone.js\bundles\zone.umd.js:416:32)
    at ProxyZoneSpec.Object.<anonymous>.ProxyZoneSpec.onInvoke (C:\Angular project-2\codebook\node_modules\zone.js\bundles\zone-testing.umd.js:2177:43)
    at _ZoneDelegate.invoke (C:\Angular project-2\codebook\node_modules\zone.js\bundles\zone.umd.js:415:38)
    at ZoneImpl.run (C:\Angular project-2\codebook\node_modules\zone.js\bundles\zone.umd.js:147:47)
    at Object.wrappedFunc (C:\Angular project-2\codebook\node_modules\zone.js\bundles\zone-testing.umd.js:450:38)
    at Promise.then.completed (C:\Angular project-2\codebook\node_modules\jest-circus\build\utils.js:298:28)
    at new Promise (<anonymous>)
    at callAsyncCircusFn (C:\Angular project-2\codebook\node_modules\jest-circus\build\utils.js:231:10)
    at _callCircusHook (C:\Angular project-2\codebook\node_modules\jest-circus\build\run.js:281:40)
    at _runTest (C:\Angular project-2\codebook\node_modules\jest-circus\build\run.js:246:5)
    at _runTestsForDescribeBlock (C:\Angular project-2\codebook\node_modules\jest-circus\build\run.js:126:9)
    at _runTestsForDescribeBlock (C:\Angular project-2\codebook\node_modules\jest-circus\build\run.js:121:9)
    at _runTestsForDescribeBlock (C:\Angular project-2\codebook\node_modules\jest-circus\build\run.js:121:9)
    at run (C:\Angular project-2\codebook\node_modules\jest-circus\build\run.js:71:3)
    at runAndTransformResultsToJestFormat (C:\Angular project-2\codebook\node_modules\jest-circus\build\legacy-code-todo-rewrite\jestAdapterInit.js:122:21)]]></failure>
    </testCase>
  </file>
  <file path="C:\Angular project-2\codebook\src\app\pages\users\users.component.spec.ts">
    <testCase name="UsersComponent should create the component" duration="121">
      <failure message="Error: Unexpected &quot;UsersComponent&quot; found in the &quot;declarations&quot; array of the &quot;TestBed.configureTestingModule&quot; call, &quot;UsersComponent&quot; is marked as standalone and can&apos;t be declared in any NgModule - did you intend to import it instead (by adding it to the &quot;imports&quot; array)?"><![CDATA[Error: Unexpected "UsersComponent" found in the "declarations" array of the "TestBed.configureTestingModule" call, "UsersComponent" is marked as standalone and can't be declared in any NgModule - did you intend to import it instead (by adding it to the "imports" array)?
    at C:\Angular project-2\codebook\node_modules\@angular\core\fesm2022\testing.mjs:769:23
    at Array.forEach (<anonymous>)
    at assertNoStandaloneComponents (C:\Angular project-2\codebook\node_modules\@angular\core\fesm2022\testing.mjs:765:11)
    at TestBedCompiler.configureTestingModule (C:\Angular project-2\codebook\node_modules\@angular\core\fesm2022\testing.mjs:844:13)
    at _TestBedImpl.configureTestingModule (C:\Angular project-2\codebook\node_modules\@angular\core\fesm2022\testing.mjs:1976:23)
    at Function.configureTestingModule (C:\Angular project-2\codebook\node_modules\@angular\core\fesm2022\testing.mjs:1791:37)
    at C:\Angular project-2\codebook\src\app\pages\users\users.component.spec.ts:57:19
    at Generator.next (<anonymous>)
    at C:\Angular project-2\codebook\node_modules\tslib\tslib.js:170:75
    at new ZoneAwarePromise (C:\Angular project-2\codebook\node_modules\zone.js\bundles\zone.umd.js:2623:29)
    at Object.__awaiter (C:\Angular project-2\codebook\node_modules\tslib\tslib.js:166:16)
    at C:\Angular project-2\codebook\src\app\pages\users\users.component.spec.ts:42:25
    at _ZoneDelegate.invoke (C:\Angular project-2\codebook\node_modules\zone.js\bundles\zone.umd.js:416:32)
    at ProxyZoneSpec.Object.<anonymous>.ProxyZoneSpec.onInvoke (C:\Angular project-2\codebook\node_modules\zone.js\bundles\zone-testing.umd.js:2177:43)
    at _ZoneDelegate.invoke (C:\Angular project-2\codebook\node_modules\zone.js\bundles\zone.umd.js:415:38)
    at ZoneImpl.run (C:\Angular project-2\codebook\node_modules\zone.js\bundles\zone.umd.js:147:47)
    at Object.wrappedFunc (C:\Angular project-2\codebook\node_modules\zone.js\bundles\zone-testing.umd.js:450:38)
    at Promise.then.completed (C:\Angular project-2\codebook\node_modules\jest-circus\build\utils.js:298:28)
    at new Promise (<anonymous>)
    at callAsyncCircusFn (C:\Angular project-2\codebook\node_modules\jest-circus\build\utils.js:231:10)
    at _callCircusHook (C:\Angular project-2\codebook\node_modules\jest-circus\build\run.js:281:40)
    at processTicksAndRejections (node:internal/process/task_queues:105:5)
    at _runTest (C:\Angular project-2\codebook\node_modules\jest-circus\build\run.js:246:5)
    at _runTestsForDescribeBlock (C:\Angular project-2\codebook\node_modules\jest-circus\build\run.js:126:9)
    at _runTestsForDescribeBlock (C:\Angular project-2\codebook\node_modules\jest-circus\build\run.js:121:9)
    at run (C:\Angular project-2\codebook\node_modules\jest-circus\build\run.js:71:3)
    at runAndTransformResultsToJestFormat (C:\Angular project-2\codebook\node_modules\jest-circus\build\legacy-code-todo-rewrite\jestAdapterInit.js:122:21)]]></failure>
    </testCase>
    <testCase name="UsersComponent should initialize with correct defaults" duration="10">
      <failure message="Error: Unexpected &quot;UsersComponent&quot; found in the &quot;declarations&quot; array of the &quot;TestBed.configureTestingModule&quot; call, &quot;UsersComponent&quot; is marked as standalone and can&apos;t be declared in any NgModule - did you intend to import it instead (by adding it to the &quot;imports&quot; array)?"><![CDATA[Error: Unexpected "UsersComponent" found in the "declarations" array of the "TestBed.configureTestingModule" call, "UsersComponent" is marked as standalone and can't be declared in any NgModule - did you intend to import it instead (by adding it to the "imports" array)?
    at C:\Angular project-2\codebook\node_modules\@angular\core\fesm2022\testing.mjs:769:23
    at Array.forEach (<anonymous>)
    at assertNoStandaloneComponents (C:\Angular project-2\codebook\node_modules\@angular\core\fesm2022\testing.mjs:765:11)
    at TestBedCompiler.configureTestingModule (C:\Angular project-2\codebook\node_modules\@angular\core\fesm2022\testing.mjs:844:13)
    at _TestBedImpl.configureTestingModule (C:\Angular project-2\codebook\node_modules\@angular\core\fesm2022\testing.mjs:1976:23)
    at Function.configureTestingModule (C:\Angular project-2\codebook\node_modules\@angular\core\fesm2022\testing.mjs:1791:37)
    at C:\Angular project-2\codebook\src\app\pages\users\users.component.spec.ts:57:19
    at Generator.next (<anonymous>)
    at C:\Angular project-2\codebook\node_modules\tslib\tslib.js:170:75
    at new ZoneAwarePromise (C:\Angular project-2\codebook\node_modules\zone.js\bundles\zone.umd.js:2623:29)
    at Object.__awaiter (C:\Angular project-2\codebook\node_modules\tslib\tslib.js:166:16)
    at C:\Angular project-2\codebook\src\app\pages\users\users.component.spec.ts:42:25
    at _ZoneDelegate.invoke (C:\Angular project-2\codebook\node_modules\zone.js\bundles\zone.umd.js:416:32)
    at ProxyZoneSpec.Object.<anonymous>.ProxyZoneSpec.onInvoke (C:\Angular project-2\codebook\node_modules\zone.js\bundles\zone-testing.umd.js:2177:43)
    at _ZoneDelegate.invoke (C:\Angular project-2\codebook\node_modules\zone.js\bundles\zone.umd.js:415:38)
    at ZoneImpl.run (C:\Angular project-2\codebook\node_modules\zone.js\bundles\zone.umd.js:147:47)
    at Object.wrappedFunc (C:\Angular project-2\codebook\node_modules\zone.js\bundles\zone-testing.umd.js:450:38)
    at Promise.then.completed (C:\Angular project-2\codebook\node_modules\jest-circus\build\utils.js:298:28)
    at new Promise (<anonymous>)
    at callAsyncCircusFn (C:\Angular project-2\codebook\node_modules\jest-circus\build\utils.js:231:10)
    at _callCircusHook (C:\Angular project-2\codebook\node_modules\jest-circus\build\run.js:281:40)
    at processTicksAndRejections (node:internal/process/task_queues:105:5)
    at _runTest (C:\Angular project-2\codebook\node_modules\jest-circus\build\run.js:246:5)
    at _runTestsForDescribeBlock (C:\Angular project-2\codebook\node_modules\jest-circus\build\run.js:126:9)
    at _runTestsForDescribeBlock (C:\Angular project-2\codebook\node_modules\jest-circus\build\run.js:121:9)
    at run (C:\Angular project-2\codebook\node_modules\jest-circus\build\run.js:71:3)
    at runAndTransformResultsToJestFormat (C:\Angular project-2\codebook\node_modules\jest-circus\build\legacy-code-todo-rewrite\jestAdapterInit.js:122:21)]]></failure>
    </testCase>
    <testCase name="UsersComponent should call loadUsers on ngOnInit" duration="3">
      <failure message="Error: Unexpected &quot;UsersComponent&quot; found in the &quot;declarations&quot; array of the &quot;TestBed.configureTestingModule&quot; call, &quot;UsersComponent&quot; is marked as standalone and can&apos;t be declared in any NgModule - did you intend to import it instead (by adding it to the &quot;imports&quot; array)?"><![CDATA[Error: Unexpected "UsersComponent" found in the "declarations" array of the "TestBed.configureTestingModule" call, "UsersComponent" is marked as standalone and can't be declared in any NgModule - did you intend to import it instead (by adding it to the "imports" array)?
    at C:\Angular project-2\codebook\node_modules\@angular\core\fesm2022\testing.mjs:769:23
    at Array.forEach (<anonymous>)
    at assertNoStandaloneComponents (C:\Angular project-2\codebook\node_modules\@angular\core\fesm2022\testing.mjs:765:11)
    at TestBedCompiler.configureTestingModule (C:\Angular project-2\codebook\node_modules\@angular\core\fesm2022\testing.mjs:844:13)
    at _TestBedImpl.configureTestingModule (C:\Angular project-2\codebook\node_modules\@angular\core\fesm2022\testing.mjs:1976:23)
    at Function.configureTestingModule (C:\Angular project-2\codebook\node_modules\@angular\core\fesm2022\testing.mjs:1791:37)
    at C:\Angular project-2\codebook\src\app\pages\users\users.component.spec.ts:57:19
    at Generator.next (<anonymous>)
    at C:\Angular project-2\codebook\node_modules\tslib\tslib.js:170:75
    at new ZoneAwarePromise (C:\Angular project-2\codebook\node_modules\zone.js\bundles\zone.umd.js:2623:29)
    at Object.__awaiter (C:\Angular project-2\codebook\node_modules\tslib\tslib.js:166:16)
    at C:\Angular project-2\codebook\src\app\pages\users\users.component.spec.ts:42:25
    at _ZoneDelegate.invoke (C:\Angular project-2\codebook\node_modules\zone.js\bundles\zone.umd.js:416:32)
    at ProxyZoneSpec.Object.<anonymous>.ProxyZoneSpec.onInvoke (C:\Angular project-2\codebook\node_modules\zone.js\bundles\zone-testing.umd.js:2177:43)
    at _ZoneDelegate.invoke (C:\Angular project-2\codebook\node_modules\zone.js\bundles\zone.umd.js:415:38)
    at ZoneImpl.run (C:\Angular project-2\codebook\node_modules\zone.js\bundles\zone.umd.js:147:47)
    at Object.wrappedFunc (C:\Angular project-2\codebook\node_modules\zone.js\bundles\zone-testing.umd.js:450:38)
    at Promise.then.completed (C:\Angular project-2\codebook\node_modules\jest-circus\build\utils.js:298:28)
    at new Promise (<anonymous>)
    at callAsyncCircusFn (C:\Angular project-2\codebook\node_modules\jest-circus\build\utils.js:231:10)
    at _callCircusHook (C:\Angular project-2\codebook\node_modules\jest-circus\build\run.js:281:40)
    at processTicksAndRejections (node:internal/process/task_queues:105:5)
    at _runTest (C:\Angular project-2\codebook\node_modules\jest-circus\build\run.js:246:5)
    at _runTestsForDescribeBlock (C:\Angular project-2\codebook\node_modules\jest-circus\build\run.js:126:9)
    at _runTestsForDescribeBlock (C:\Angular project-2\codebook\node_modules\jest-circus\build\run.js:121:9)
    at run (C:\Angular project-2\codebook\node_modules\jest-circus\build\run.js:71:3)
    at runAndTransformResultsToJestFormat (C:\Angular project-2\codebook\node_modules\jest-circus\build\legacy-code-todo-rewrite\jestAdapterInit.js:122:21)]]></failure>
    </testCase>
    <testCase name="UsersComponent should set up filter predicate in ngOnInit" duration="3">
      <failure message="Error: Unexpected &quot;UsersComponent&quot; found in the &quot;declarations&quot; array of the &quot;TestBed.configureTestingModule&quot; call, &quot;UsersComponent&quot; is marked as standalone and can&apos;t be declared in any NgModule - did you intend to import it instead (by adding it to the &quot;imports&quot; array)?"><![CDATA[Error: Unexpected "UsersComponent" found in the "declarations" array of the "TestBed.configureTestingModule" call, "UsersComponent" is marked as standalone and can't be declared in any NgModule - did you intend to import it instead (by adding it to the "imports" array)?
    at C:\Angular project-2\codebook\node_modules\@angular\core\fesm2022\testing.mjs:769:23
    at Array.forEach (<anonymous>)
    at assertNoStandaloneComponents (C:\Angular project-2\codebook\node_modules\@angular\core\fesm2022\testing.mjs:765:11)
    at TestBedCompiler.configureTestingModule (C:\Angular project-2\codebook\node_modules\@angular\core\fesm2022\testing.mjs:844:13)
    at _TestBedImpl.configureTestingModule (C:\Angular project-2\codebook\node_modules\@angular\core\fesm2022\testing.mjs:1976:23)
    at Function.configureTestingModule (C:\Angular project-2\codebook\node_modules\@angular\core\fesm2022\testing.mjs:1791:37)
    at C:\Angular project-2\codebook\src\app\pages\users\users.component.spec.ts:57:19
    at Generator.next (<anonymous>)
    at C:\Angular project-2\codebook\node_modules\tslib\tslib.js:170:75
    at new ZoneAwarePromise (C:\Angular project-2\codebook\node_modules\zone.js\bundles\zone.umd.js:2623:29)
    at Object.__awaiter (C:\Angular project-2\codebook\node_modules\tslib\tslib.js:166:16)
    at C:\Angular project-2\codebook\src\app\pages\users\users.component.spec.ts:42:25
    at _ZoneDelegate.invoke (C:\Angular project-2\codebook\node_modules\zone.js\bundles\zone.umd.js:416:32)
    at ProxyZoneSpec.Object.<anonymous>.ProxyZoneSpec.onInvoke (C:\Angular project-2\codebook\node_modules\zone.js\bundles\zone-testing.umd.js:2177:43)
    at _ZoneDelegate.invoke (C:\Angular project-2\codebook\node_modules\zone.js\bundles\zone.umd.js:415:38)
    at ZoneImpl.run (C:\Angular project-2\codebook\node_modules\zone.js\bundles\zone.umd.js:147:47)
    at Object.wrappedFunc (C:\Angular project-2\codebook\node_modules\zone.js\bundles\zone-testing.umd.js:450:38)
    at Promise.then.completed (C:\Angular project-2\codebook\node_modules\jest-circus\build\utils.js:298:28)
    at new Promise (<anonymous>)
    at callAsyncCircusFn (C:\Angular project-2\codebook\node_modules\jest-circus\build\utils.js:231:10)
    at _callCircusHook (C:\Angular project-2\codebook\node_modules\jest-circus\build\run.js:281:40)
    at processTicksAndRejections (node:internal/process/task_queues:105:5)
    at _runTest (C:\Angular project-2\codebook\node_modules\jest-circus\build\run.js:246:5)
    at _runTestsForDescribeBlock (C:\Angular project-2\codebook\node_modules\jest-circus\build\run.js:126:9)
    at _runTestsForDescribeBlock (C:\Angular project-2\codebook\node_modules\jest-circus\build\run.js:121:9)
    at run (C:\Angular project-2\codebook\node_modules\jest-circus\build\run.js:71:3)
    at runAndTransformResultsToJestFormat (C:\Angular project-2\codebook\node_modules\jest-circus\build\legacy-code-todo-rewrite\jestAdapterInit.js:122:21)]]></failure>
    </testCase>
    <testCase name="UsersComponent should update dataSource and paginator when users signal changes" duration="3">
      <failure message="Error: Unexpected &quot;UsersComponent&quot; found in the &quot;declarations&quot; array of the &quot;TestBed.configureTestingModule&quot; call, &quot;UsersComponent&quot; is marked as standalone and can&apos;t be declared in any NgModule - did you intend to import it instead (by adding it to the &quot;imports&quot; array)?"><![CDATA[Error: Unexpected "UsersComponent" found in the "declarations" array of the "TestBed.configureTestingModule" call, "UsersComponent" is marked as standalone and can't be declared in any NgModule - did you intend to import it instead (by adding it to the "imports" array)?
    at C:\Angular project-2\codebook\node_modules\@angular\core\fesm2022\testing.mjs:769:23
    at Array.forEach (<anonymous>)
    at assertNoStandaloneComponents (C:\Angular project-2\codebook\node_modules\@angular\core\fesm2022\testing.mjs:765:11)
    at TestBedCompiler.configureTestingModule (C:\Angular project-2\codebook\node_modules\@angular\core\fesm2022\testing.mjs:844:13)
    at _TestBedImpl.configureTestingModule (C:\Angular project-2\codebook\node_modules\@angular\core\fesm2022\testing.mjs:1976:23)
    at Function.configureTestingModule (C:\Angular project-2\codebook\node_modules\@angular\core\fesm2022\testing.mjs:1791:37)
    at C:\Angular project-2\codebook\src\app\pages\users\users.component.spec.ts:57:19
    at Generator.next (<anonymous>)
    at C:\Angular project-2\codebook\node_modules\tslib\tslib.js:170:75
    at new ZoneAwarePromise (C:\Angular project-2\codebook\node_modules\zone.js\bundles\zone.umd.js:2623:29)
    at Object.__awaiter (C:\Angular project-2\codebook\node_modules\tslib\tslib.js:166:16)
    at C:\Angular project-2\codebook\src\app\pages\users\users.component.spec.ts:42:25
    at _ZoneDelegate.invoke (C:\Angular project-2\codebook\node_modules\zone.js\bundles\zone.umd.js:416:32)
    at ProxyZoneSpec.Object.<anonymous>.ProxyZoneSpec.onInvoke (C:\Angular project-2\codebook\node_modules\zone.js\bundles\zone-testing.umd.js:2177:43)
    at _ZoneDelegate.invoke (C:\Angular project-2\codebook\node_modules\zone.js\bundles\zone.umd.js:415:38)
    at ZoneImpl.run (C:\Angular project-2\codebook\node_modules\zone.js\bundles\zone.umd.js:147:47)
    at Object.wrappedFunc (C:\Angular project-2\codebook\node_modules\zone.js\bundles\zone-testing.umd.js:450:38)
    at Promise.then.completed (C:\Angular project-2\codebook\node_modules\jest-circus\build\utils.js:298:28)
    at new Promise (<anonymous>)
    at callAsyncCircusFn (C:\Angular project-2\codebook\node_modules\jest-circus\build\utils.js:231:10)
    at _callCircusHook (C:\Angular project-2\codebook\node_modules\jest-circus\build\run.js:281:40)
    at processTicksAndRejections (node:internal/process/task_queues:105:5)
    at _runTest (C:\Angular project-2\codebook\node_modules\jest-circus\build\run.js:246:5)
    at _runTestsForDescribeBlock (C:\Angular project-2\codebook\node_modules\jest-circus\build\run.js:126:9)
    at _runTestsForDescribeBlock (C:\Angular project-2\codebook\node_modules\jest-circus\build\run.js:121:9)
    at run (C:\Angular project-2\codebook\node_modules\jest-circus\build\run.js:71:3)
    at runAndTransformResultsToJestFormat (C:\Angular project-2\codebook\node_modules\jest-circus\build\legacy-code-todo-rewrite\jestAdapterInit.js:122:21)]]></failure>
    </testCase>
    <testCase name="UsersComponent should log warning if paginator is not initialized" duration="6">
      <failure message="Error: Unexpected &quot;UsersComponent&quot; found in the &quot;declarations&quot; array of the &quot;TestBed.configureTestingModule&quot; call, &quot;UsersComponent&quot; is marked as standalone and can&apos;t be declared in any NgModule - did you intend to import it instead (by adding it to the &quot;imports&quot; array)?"><![CDATA[Error: Unexpected "UsersComponent" found in the "declarations" array of the "TestBed.configureTestingModule" call, "UsersComponent" is marked as standalone and can't be declared in any NgModule - did you intend to import it instead (by adding it to the "imports" array)?
    at C:\Angular project-2\codebook\node_modules\@angular\core\fesm2022\testing.mjs:769:23
    at Array.forEach (<anonymous>)
    at assertNoStandaloneComponents (C:\Angular project-2\codebook\node_modules\@angular\core\fesm2022\testing.mjs:765:11)
    at TestBedCompiler.configureTestingModule (C:\Angular project-2\codebook\node_modules\@angular\core\fesm2022\testing.mjs:844:13)
    at _TestBedImpl.configureTestingModule (C:\Angular project-2\codebook\node_modules\@angular\core\fesm2022\testing.mjs:1976:23)
    at Function.configureTestingModule (C:\Angular project-2\codebook\node_modules\@angular\core\fesm2022\testing.mjs:1791:37)
    at C:\Angular project-2\codebook\src\app\pages\users\users.component.spec.ts:57:19
    at Generator.next (<anonymous>)
    at C:\Angular project-2\codebook\node_modules\tslib\tslib.js:170:75
    at new ZoneAwarePromise (C:\Angular project-2\codebook\node_modules\zone.js\bundles\zone.umd.js:2623:29)
    at Object.__awaiter (C:\Angular project-2\codebook\node_modules\tslib\tslib.js:166:16)
    at C:\Angular project-2\codebook\src\app\pages\users\users.component.spec.ts:42:25
    at _ZoneDelegate.invoke (C:\Angular project-2\codebook\node_modules\zone.js\bundles\zone.umd.js:416:32)
    at ProxyZoneSpec.Object.<anonymous>.ProxyZoneSpec.onInvoke (C:\Angular project-2\codebook\node_modules\zone.js\bundles\zone-testing.umd.js:2177:43)
    at _ZoneDelegate.invoke (C:\Angular project-2\codebook\node_modules\zone.js\bundles\zone.umd.js:415:38)
    at ZoneImpl.run (C:\Angular project-2\codebook\node_modules\zone.js\bundles\zone.umd.js:147:47)
    at Object.wrappedFunc (C:\Angular project-2\codebook\node_modules\zone.js\bundles\zone-testing.umd.js:450:38)
    at Promise.then.completed (C:\Angular project-2\codebook\node_modules\jest-circus\build\utils.js:298:28)
    at new Promise (<anonymous>)
    at callAsyncCircusFn (C:\Angular project-2\codebook\node_modules\jest-circus\build\utils.js:231:10)
    at _callCircusHook (C:\Angular project-2\codebook\node_modules\jest-circus\build\run.js:281:40)
    at processTicksAndRejections (node:internal/process/task_queues:105:5)
    at _runTest (C:\Angular project-2\codebook\node_modules\jest-circus\build\run.js:246:5)
    at _runTestsForDescribeBlock (C:\Angular project-2\codebook\node_modules\jest-circus\build\run.js:126:9)
    at _runTestsForDescribeBlock (C:\Angular project-2\codebook\node_modules\jest-circus\build\run.js:121:9)
    at run (C:\Angular project-2\codebook\node_modules\jest-circus\build\run.js:71:3)
    at runAndTransformResultsToJestFormat (C:\Angular project-2\codebook\node_modules\jest-circus\build\legacy-code-todo-rewrite\jestAdapterInit.js:122:21)]]></failure>
    </testCase>
    <testCase name="UsersComponent should show error toast when error signal is present" duration="4">
      <failure message="Error: Unexpected &quot;UsersComponent&quot; found in the &quot;declarations&quot; array of the &quot;TestBed.configureTestingModule&quot; call, &quot;UsersComponent&quot; is marked as standalone and can&apos;t be declared in any NgModule - did you intend to import it instead (by adding it to the &quot;imports&quot; array)?"><![CDATA[Error: Unexpected "UsersComponent" found in the "declarations" array of the "TestBed.configureTestingModule" call, "UsersComponent" is marked as standalone and can't be declared in any NgModule - did you intend to import it instead (by adding it to the "imports" array)?
    at C:\Angular project-2\codebook\node_modules\@angular\core\fesm2022\testing.mjs:769:23
    at Array.forEach (<anonymous>)
    at assertNoStandaloneComponents (C:\Angular project-2\codebook\node_modules\@angular\core\fesm2022\testing.mjs:765:11)
    at TestBedCompiler.configureTestingModule (C:\Angular project-2\codebook\node_modules\@angular\core\fesm2022\testing.mjs:844:13)
    at _TestBedImpl.configureTestingModule (C:\Angular project-2\codebook\node_modules\@angular\core\fesm2022\testing.mjs:1976:23)
    at Function.configureTestingModule (C:\Angular project-2\codebook\node_modules\@angular\core\fesm2022\testing.mjs:1791:37)
    at C:\Angular project-2\codebook\src\app\pages\users\users.component.spec.ts:57:19
    at Generator.next (<anonymous>)
    at C:\Angular project-2\codebook\node_modules\tslib\tslib.js:170:75
    at new ZoneAwarePromise (C:\Angular project-2\codebook\node_modules\zone.js\bundles\zone.umd.js:2623:29)
    at Object.__awaiter (C:\Angular project-2\codebook\node_modules\tslib\tslib.js:166:16)
    at C:\Angular project-2\codebook\src\app\pages\users\users.component.spec.ts:42:25
    at _ZoneDelegate.invoke (C:\Angular project-2\codebook\node_modules\zone.js\bundles\zone.umd.js:416:32)
    at ProxyZoneSpec.Object.<anonymous>.ProxyZoneSpec.onInvoke (C:\Angular project-2\codebook\node_modules\zone.js\bundles\zone-testing.umd.js:2177:43)
    at _ZoneDelegate.invoke (C:\Angular project-2\codebook\node_modules\zone.js\bundles\zone.umd.js:415:38)
    at ZoneImpl.run (C:\Angular project-2\codebook\node_modules\zone.js\bundles\zone.umd.js:147:47)
    at Object.wrappedFunc (C:\Angular project-2\codebook\node_modules\zone.js\bundles\zone-testing.umd.js:450:38)
    at Promise.then.completed (C:\Angular project-2\codebook\node_modules\jest-circus\build\utils.js:298:28)
    at new Promise (<anonymous>)
    at callAsyncCircusFn (C:\Angular project-2\codebook\node_modules\jest-circus\build\utils.js:231:10)
    at _callCircusHook (C:\Angular project-2\codebook\node_modules\jest-circus\build\run.js:281:40)
    at processTicksAndRejections (node:internal/process/task_queues:105:5)
    at _runTest (C:\Angular project-2\codebook\node_modules\jest-circus\build\run.js:246:5)
    at _runTestsForDescribeBlock (C:\Angular project-2\codebook\node_modules\jest-circus\build\run.js:126:9)
    at _runTestsForDescribeBlock (C:\Angular project-2\codebook\node_modules\jest-circus\build\run.js:121:9)
    at run (C:\Angular project-2\codebook\node_modules\jest-circus\build\run.js:71:3)
    at runAndTransformResultsToJestFormat (C:\Angular project-2\codebook\node_modules\jest-circus\build\legacy-code-todo-rewrite\jestAdapterInit.js:122:21)]]></failure>
    </testCase>
    <testCase name="UsersComponent should call openPopup with userId 0 on addUser" duration="2">
      <failure message="Error: Unexpected &quot;UsersComponent&quot; found in the &quot;declarations&quot; array of the &quot;TestBed.configureTestingModule&quot; call, &quot;UsersComponent&quot; is marked as standalone and can&apos;t be declared in any NgModule - did you intend to import it instead (by adding it to the &quot;imports&quot; array)?"><![CDATA[Error: Unexpected "UsersComponent" found in the "declarations" array of the "TestBed.configureTestingModule" call, "UsersComponent" is marked as standalone and can't be declared in any NgModule - did you intend to import it instead (by adding it to the "imports" array)?
    at C:\Angular project-2\codebook\node_modules\@angular\core\fesm2022\testing.mjs:769:23
    at Array.forEach (<anonymous>)
    at assertNoStandaloneComponents (C:\Angular project-2\codebook\node_modules\@angular\core\fesm2022\testing.mjs:765:11)
    at TestBedCompiler.configureTestingModule (C:\Angular project-2\codebook\node_modules\@angular\core\fesm2022\testing.mjs:844:13)
    at _TestBedImpl.configureTestingModule (C:\Angular project-2\codebook\node_modules\@angular\core\fesm2022\testing.mjs:1976:23)
    at Function.configureTestingModule (C:\Angular project-2\codebook\node_modules\@angular\core\fesm2022\testing.mjs:1791:37)
    at C:\Angular project-2\codebook\src\app\pages\users\users.component.spec.ts:57:19
    at Generator.next (<anonymous>)
    at C:\Angular project-2\codebook\node_modules\tslib\tslib.js:170:75
    at new ZoneAwarePromise (C:\Angular project-2\codebook\node_modules\zone.js\bundles\zone.umd.js:2623:29)
    at Object.__awaiter (C:\Angular project-2\codebook\node_modules\tslib\tslib.js:166:16)
    at C:\Angular project-2\codebook\src\app\pages\users\users.component.spec.ts:42:25
    at _ZoneDelegate.invoke (C:\Angular project-2\codebook\node_modules\zone.js\bundles\zone.umd.js:416:32)
    at ProxyZoneSpec.Object.<anonymous>.ProxyZoneSpec.onInvoke (C:\Angular project-2\codebook\node_modules\zone.js\bundles\zone-testing.umd.js:2177:43)
    at _ZoneDelegate.invoke (C:\Angular project-2\codebook\node_modules\zone.js\bundles\zone.umd.js:415:38)
    at ZoneImpl.run (C:\Angular project-2\codebook\node_modules\zone.js\bundles\zone.umd.js:147:47)
    at Object.wrappedFunc (C:\Angular project-2\codebook\node_modules\zone.js\bundles\zone-testing.umd.js:450:38)
    at Promise.then.completed (C:\Angular project-2\codebook\node_modules\jest-circus\build\utils.js:298:28)
    at new Promise (<anonymous>)
    at callAsyncCircusFn (C:\Angular project-2\codebook\node_modules\jest-circus\build\utils.js:231:10)
    at _callCircusHook (C:\Angular project-2\codebook\node_modules\jest-circus\build\run.js:281:40)
    at processTicksAndRejections (node:internal/process/task_queues:105:5)
    at _runTest (C:\Angular project-2\codebook\node_modules\jest-circus\build\run.js:246:5)
    at _runTestsForDescribeBlock (C:\Angular project-2\codebook\node_modules\jest-circus\build\run.js:126:9)
    at _runTestsForDescribeBlock (C:\Angular project-2\codebook\node_modules\jest-circus\build\run.js:121:9)
    at run (C:\Angular project-2\codebook\node_modules\jest-circus\build\run.js:71:3)
    at runAndTransformResultsToJestFormat (C:\Angular project-2\codebook\node_modules\jest-circus\build\legacy-code-todo-rewrite\jestAdapterInit.js:122:21)]]></failure>
    </testCase>
    <testCase name="UsersComponent should call deleteUser on store with correct userId" duration="4">
      <failure message="Error: Unexpected &quot;UsersComponent&quot; found in the &quot;declarations&quot; array of the &quot;TestBed.configureTestingModule&quot; call, &quot;UsersComponent&quot; is marked as standalone and can&apos;t be declared in any NgModule - did you intend to import it instead (by adding it to the &quot;imports&quot; array)?"><![CDATA[Error: Unexpected "UsersComponent" found in the "declarations" array of the "TestBed.configureTestingModule" call, "UsersComponent" is marked as standalone and can't be declared in any NgModule - did you intend to import it instead (by adding it to the "imports" array)?
    at C:\Angular project-2\codebook\node_modules\@angular\core\fesm2022\testing.mjs:769:23
    at Array.forEach (<anonymous>)
    at assertNoStandaloneComponents (C:\Angular project-2\codebook\node_modules\@angular\core\fesm2022\testing.mjs:765:11)
    at TestBedCompiler.configureTestingModule (C:\Angular project-2\codebook\node_modules\@angular\core\fesm2022\testing.mjs:844:13)
    at _TestBedImpl.configureTestingModule (C:\Angular project-2\codebook\node_modules\@angular\core\fesm2022\testing.mjs:1976:23)
    at Function.configureTestingModule (C:\Angular project-2\codebook\node_modules\@angular\core\fesm2022\testing.mjs:1791:37)
    at C:\Angular project-2\codebook\src\app\pages\users\users.component.spec.ts:57:19
    at Generator.next (<anonymous>)
    at C:\Angular project-2\codebook\node_modules\tslib\tslib.js:170:75
    at new ZoneAwarePromise (C:\Angular project-2\codebook\node_modules\zone.js\bundles\zone.umd.js:2623:29)
    at Object.__awaiter (C:\Angular project-2\codebook\node_modules\tslib\tslib.js:166:16)
    at C:\Angular project-2\codebook\src\app\pages\users\users.component.spec.ts:42:25
    at _ZoneDelegate.invoke (C:\Angular project-2\codebook\node_modules\zone.js\bundles\zone.umd.js:416:32)
    at ProxyZoneSpec.Object.<anonymous>.ProxyZoneSpec.onInvoke (C:\Angular project-2\codebook\node_modules\zone.js\bundles\zone-testing.umd.js:2177:43)
    at _ZoneDelegate.invoke (C:\Angular project-2\codebook\node_modules\zone.js\bundles\zone.umd.js:415:38)
    at ZoneImpl.run (C:\Angular project-2\codebook\node_modules\zone.js\bundles\zone.umd.js:147:47)
    at Object.wrappedFunc (C:\Angular project-2\codebook\node_modules\zone.js\bundles\zone-testing.umd.js:450:38)
    at Promise.then.completed (C:\Angular project-2\codebook\node_modules\jest-circus\build\utils.js:298:28)
    at new Promise (<anonymous>)
    at callAsyncCircusFn (C:\Angular project-2\codebook\node_modules\jest-circus\build\utils.js:231:10)
    at _callCircusHook (C:\Angular project-2\codebook\node_modules\jest-circus\build\run.js:281:40)
    at processTicksAndRejections (node:internal/process/task_queues:105:5)
    at _runTest (C:\Angular project-2\codebook\node_modules\jest-circus\build\run.js:246:5)
    at _runTestsForDescribeBlock (C:\Angular project-2\codebook\node_modules\jest-circus\build\run.js:126:9)
    at _runTestsForDescribeBlock (C:\Angular project-2\codebook\node_modules\jest-circus\build\run.js:121:9)
    at run (C:\Angular project-2\codebook\node_modules\jest-circus\build\run.js:71:3)
    at runAndTransformResultsToJestFormat (C:\Angular project-2\codebook\node_modules\jest-circus\build\legacy-code-todo-rewrite\jestAdapterInit.js:122:21)]]></failure>
    </testCase>
    <testCase name="UsersComponent should call openPopup with correct userId on editUser" duration="8">
      <failure message="Error: Unexpected &quot;UsersComponent&quot; found in the &quot;declarations&quot; array of the &quot;TestBed.configureTestingModule&quot; call, &quot;UsersComponent&quot; is marked as standalone and can&apos;t be declared in any NgModule - did you intend to import it instead (by adding it to the &quot;imports&quot; array)?"><![CDATA[Error: Unexpected "UsersComponent" found in the "declarations" array of the "TestBed.configureTestingModule" call, "UsersComponent" is marked as standalone and can't be declared in any NgModule - did you intend to import it instead (by adding it to the "imports" array)?
    at C:\Angular project-2\codebook\node_modules\@angular\core\fesm2022\testing.mjs:769:23
    at Array.forEach (<anonymous>)
    at assertNoStandaloneComponents (C:\Angular project-2\codebook\node_modules\@angular\core\fesm2022\testing.mjs:765:11)
    at TestBedCompiler.configureTestingModule (C:\Angular project-2\codebook\node_modules\@angular\core\fesm2022\testing.mjs:844:13)
    at _TestBedImpl.configureTestingModule (C:\Angular project-2\codebook\node_modules\@angular\core\fesm2022\testing.mjs:1976:23)
    at Function.configureTestingModule (C:\Angular project-2\codebook\node_modules\@angular\core\fesm2022\testing.mjs:1791:37)
    at C:\Angular project-2\codebook\src\app\pages\users\users.component.spec.ts:57:19
    at Generator.next (<anonymous>)
    at C:\Angular project-2\codebook\node_modules\tslib\tslib.js:170:75
    at new ZoneAwarePromise (C:\Angular project-2\codebook\node_modules\zone.js\bundles\zone.umd.js:2623:29)
    at Object.__awaiter (C:\Angular project-2\codebook\node_modules\tslib\tslib.js:166:16)
    at C:\Angular project-2\codebook\src\app\pages\users\users.component.spec.ts:42:25
    at _ZoneDelegate.invoke (C:\Angular project-2\codebook\node_modules\zone.js\bundles\zone.umd.js:416:32)
    at ProxyZoneSpec.Object.<anonymous>.ProxyZoneSpec.onInvoke (C:\Angular project-2\codebook\node_modules\zone.js\bundles\zone-testing.umd.js:2177:43)
    at _ZoneDelegate.invoke (C:\Angular project-2\codebook\node_modules\zone.js\bundles\zone.umd.js:415:38)
    at ZoneImpl.run (C:\Angular project-2\codebook\node_modules\zone.js\bundles\zone.umd.js:147:47)
    at Object.wrappedFunc (C:\Angular project-2\codebook\node_modules\zone.js\bundles\zone-testing.umd.js:450:38)
    at Promise.then.completed (C:\Angular project-2\codebook\node_modules\jest-circus\build\utils.js:298:28)
    at new Promise (<anonymous>)
    at callAsyncCircusFn (C:\Angular project-2\codebook\node_modules\jest-circus\build\utils.js:231:10)
    at _callCircusHook (C:\Angular project-2\codebook\node_modules\jest-circus\build\run.js:281:40)
    at processTicksAndRejections (node:internal/process/task_queues:105:5)
    at _runTest (C:\Angular project-2\codebook\node_modules\jest-circus\build\run.js:246:5)
    at _runTestsForDescribeBlock (C:\Angular project-2\codebook\node_modules\jest-circus\build\run.js:126:9)
    at _runTestsForDescribeBlock (C:\Angular project-2\codebook\node_modules\jest-circus\build\run.js:121:9)
    at run (C:\Angular project-2\codebook\node_modules\jest-circus\build\run.js:71:3)
    at runAndTransformResultsToJestFormat (C:\Angular project-2\codebook\node_modules\jest-circus\build\legacy-code-todo-rewrite\jestAdapterInit.js:122:21)]]></failure>
    </testCase>
    <testCase name="UsersComponent should open dialog with correct config in openPopup" duration="8">
      <failure message="Error: Unexpected &quot;UsersComponent&quot; found in the &quot;declarations&quot; array of the &quot;TestBed.configureTestingModule&quot; call, &quot;UsersComponent&quot; is marked as standalone and can&apos;t be declared in any NgModule - did you intend to import it instead (by adding it to the &quot;imports&quot; array)?"><![CDATA[Error: Unexpected "UsersComponent" found in the "declarations" array of the "TestBed.configureTestingModule" call, "UsersComponent" is marked as standalone and can't be declared in any NgModule - did you intend to import it instead (by adding it to the "imports" array)?
    at C:\Angular project-2\codebook\node_modules\@angular\core\fesm2022\testing.mjs:769:23
    at Array.forEach (<anonymous>)
    at assertNoStandaloneComponents (C:\Angular project-2\codebook\node_modules\@angular\core\fesm2022\testing.mjs:765:11)
    at TestBedCompiler.configureTestingModule (C:\Angular project-2\codebook\node_modules\@angular\core\fesm2022\testing.mjs:844:13)
    at _TestBedImpl.configureTestingModule (C:\Angular project-2\codebook\node_modules\@angular\core\fesm2022\testing.mjs:1976:23)
    at Function.configureTestingModule (C:\Angular project-2\codebook\node_modules\@angular\core\fesm2022\testing.mjs:1791:37)
    at C:\Angular project-2\codebook\src\app\pages\users\users.component.spec.ts:57:19
    at Generator.next (<anonymous>)
    at C:\Angular project-2\codebook\node_modules\tslib\tslib.js:170:75
    at new ZoneAwarePromise (C:\Angular project-2\codebook\node_modules\zone.js\bundles\zone.umd.js:2623:29)
    at Object.__awaiter (C:\Angular project-2\codebook\node_modules\tslib\tslib.js:166:16)
    at C:\Angular project-2\codebook\src\app\pages\users\users.component.spec.ts:42:25
    at _ZoneDelegate.invoke (C:\Angular project-2\codebook\node_modules\zone.js\bundles\zone.umd.js:416:32)
    at ProxyZoneSpec.Object.<anonymous>.ProxyZoneSpec.onInvoke (C:\Angular project-2\codebook\node_modules\zone.js\bundles\zone-testing.umd.js:2177:43)
    at _ZoneDelegate.invoke (C:\Angular project-2\codebook\node_modules\zone.js\bundles\zone.umd.js:415:38)
    at ZoneImpl.run (C:\Angular project-2\codebook\node_modules\zone.js\bundles\zone.umd.js:147:47)
    at Object.wrappedFunc (C:\Angular project-2\codebook\node_modules\zone.js\bundles\zone-testing.umd.js:450:38)
    at Promise.then.completed (C:\Angular project-2\codebook\node_modules\jest-circus\build\utils.js:298:28)
    at new Promise (<anonymous>)
    at callAsyncCircusFn (C:\Angular project-2\codebook\node_modules\jest-circus\build\utils.js:231:10)
    at _callCircusHook (C:\Angular project-2\codebook\node_modules\jest-circus\build\run.js:281:40)
    at processTicksAndRejections (node:internal/process/task_queues:105:5)
    at _runTest (C:\Angular project-2\codebook\node_modules\jest-circus\build\run.js:246:5)
    at _runTestsForDescribeBlock (C:\Angular project-2\codebook\node_modules\jest-circus\build\run.js:126:9)
    at _runTestsForDescribeBlock (C:\Angular project-2\codebook\node_modules\jest-circus\build\run.js:121:9)
    at run (C:\Angular project-2\codebook\node_modules\jest-circus\build\run.js:71:3)
    at runAndTransformResultsToJestFormat (C:\Angular project-2\codebook\node_modules\jest-circus\build\legacy-code-todo-rewrite\jestAdapterInit.js:122:21)]]></failure>
    </testCase>
    <testCase name="UsersComponent should apply filter and reset paginator on applyFilter" duration="3">
      <failure message="Error: Unexpected &quot;UsersComponent&quot; found in the &quot;declarations&quot; array of the &quot;TestBed.configureTestingModule&quot; call, &quot;UsersComponent&quot; is marked as standalone and can&apos;t be declared in any NgModule - did you intend to import it instead (by adding it to the &quot;imports&quot; array)?"><![CDATA[Error: Unexpected "UsersComponent" found in the "declarations" array of the "TestBed.configureTestingModule" call, "UsersComponent" is marked as standalone and can't be declared in any NgModule - did you intend to import it instead (by adding it to the "imports" array)?
    at C:\Angular project-2\codebook\node_modules\@angular\core\fesm2022\testing.mjs:769:23
    at Array.forEach (<anonymous>)
    at assertNoStandaloneComponents (C:\Angular project-2\codebook\node_modules\@angular\core\fesm2022\testing.mjs:765:11)
    at TestBedCompiler.configureTestingModule (C:\Angular project-2\codebook\node_modules\@angular\core\fesm2022\testing.mjs:844:13)
    at _TestBedImpl.configureTestingModule (C:\Angular project-2\codebook\node_modules\@angular\core\fesm2022\testing.mjs:1976:23)
    at Function.configureTestingModule (C:\Angular project-2\codebook\node_modules\@angular\core\fesm2022\testing.mjs:1791:37)
    at C:\Angular project-2\codebook\src\app\pages\users\users.component.spec.ts:57:19
    at Generator.next (<anonymous>)
    at C:\Angular project-2\codebook\node_modules\tslib\tslib.js:170:75
    at new ZoneAwarePromise (C:\Angular project-2\codebook\node_modules\zone.js\bundles\zone.umd.js:2623:29)
    at Object.__awaiter (C:\Angular project-2\codebook\node_modules\tslib\tslib.js:166:16)
    at C:\Angular project-2\codebook\src\app\pages\users\users.component.spec.ts:42:25
    at _ZoneDelegate.invoke (C:\Angular project-2\codebook\node_modules\zone.js\bundles\zone.umd.js:416:32)
    at ProxyZoneSpec.Object.<anonymous>.ProxyZoneSpec.onInvoke (C:\Angular project-2\codebook\node_modules\zone.js\bundles\zone-testing.umd.js:2177:43)
    at _ZoneDelegate.invoke (C:\Angular project-2\codebook\node_modules\zone.js\bundles\zone.umd.js:415:38)
    at ZoneImpl.run (C:\Angular project-2\codebook\node_modules\zone.js\bundles\zone.umd.js:147:47)
    at Object.wrappedFunc (C:\Angular project-2\codebook\node_modules\zone.js\bundles\zone-testing.umd.js:450:38)
    at Promise.then.completed (C:\Angular project-2\codebook\node_modules\jest-circus\build\utils.js:298:28)
    at new Promise (<anonymous>)
    at callAsyncCircusFn (C:\Angular project-2\codebook\node_modules\jest-circus\build\utils.js:231:10)
    at _callCircusHook (C:\Angular project-2\codebook\node_modules\jest-circus\build\run.js:281:40)
    at processTicksAndRejections (node:internal/process/task_queues:105:5)
    at _runTest (C:\Angular project-2\codebook\node_modules\jest-circus\build\run.js:246:5)
    at _runTestsForDescribeBlock (C:\Angular project-2\codebook\node_modules\jest-circus\build\run.js:126:9)
    at _runTestsForDescribeBlock (C:\Angular project-2\codebook\node_modules\jest-circus\build\run.js:121:9)
    at run (C:\Angular project-2\codebook\node_modules\jest-circus\build\run.js:71:3)
    at runAndTransformResultsToJestFormat (C:\Angular project-2\codebook\node_modules\jest-circus\build\legacy-code-todo-rewrite\jestAdapterInit.js:122:21)]]></failure>
    </testCase>
    <testCase name="UsersComponent should handle applyFilter without paginator" duration="3">
      <failure message="Error: Unexpected &quot;UsersComponent&quot; found in the &quot;declarations&quot; array of the &quot;TestBed.configureTestingModule&quot; call, &quot;UsersComponent&quot; is marked as standalone and can&apos;t be declared in any NgModule - did you intend to import it instead (by adding it to the &quot;imports&quot; array)?"><![CDATA[Error: Unexpected "UsersComponent" found in the "declarations" array of the "TestBed.configureTestingModule" call, "UsersComponent" is marked as standalone and can't be declared in any NgModule - did you intend to import it instead (by adding it to the "imports" array)?
    at C:\Angular project-2\codebook\node_modules\@angular\core\fesm2022\testing.mjs:769:23
    at Array.forEach (<anonymous>)
    at assertNoStandaloneComponents (C:\Angular project-2\codebook\node_modules\@angular\core\fesm2022\testing.mjs:765:11)
    at TestBedCompiler.configureTestingModule (C:\Angular project-2\codebook\node_modules\@angular\core\fesm2022\testing.mjs:844:13)
    at _TestBedImpl.configureTestingModule (C:\Angular project-2\codebook\node_modules\@angular\core\fesm2022\testing.mjs:1976:23)
    at Function.configureTestingModule (C:\Angular project-2\codebook\node_modules\@angular\core\fesm2022\testing.mjs:1791:37)
    at C:\Angular project-2\codebook\src\app\pages\users\users.component.spec.ts:57:19
    at Generator.next (<anonymous>)
    at C:\Angular project-2\codebook\node_modules\tslib\tslib.js:170:75
    at new ZoneAwarePromise (C:\Angular project-2\codebook\node_modules\zone.js\bundles\zone.umd.js:2623:29)
    at Object.__awaiter (C:\Angular project-2\codebook\node_modules\tslib\tslib.js:166:16)
    at C:\Angular project-2\codebook\src\app\pages\users\users.component.spec.ts:42:25
    at _ZoneDelegate.invoke (C:\Angular project-2\codebook\node_modules\zone.js\bundles\zone.umd.js:416:32)
    at ProxyZoneSpec.Object.<anonymous>.ProxyZoneSpec.onInvoke (C:\Angular project-2\codebook\node_modules\zone.js\bundles\zone-testing.umd.js:2177:43)
    at _ZoneDelegate.invoke (C:\Angular project-2\codebook\node_modules\zone.js\bundles\zone.umd.js:415:38)
    at ZoneImpl.run (C:\Angular project-2\codebook\node_modules\zone.js\bundles\zone.umd.js:147:47)
    at Object.wrappedFunc (C:\Angular project-2\codebook\node_modules\zone.js\bundles\zone-testing.umd.js:450:38)
    at Promise.then.completed (C:\Angular project-2\codebook\node_modules\jest-circus\build\utils.js:298:28)
    at new Promise (<anonymous>)
    at callAsyncCircusFn (C:\Angular project-2\codebook\node_modules\jest-circus\build\utils.js:231:10)
    at _callCircusHook (C:\Angular project-2\codebook\node_modules\jest-circus\build\run.js:281:40)
    at processTicksAndRejections (node:internal/process/task_queues:105:5)
    at _runTest (C:\Angular project-2\codebook\node_modules\jest-circus\build\run.js:246:5)
    at _runTestsForDescribeBlock (C:\Angular project-2\codebook\node_modules\jest-circus\build\run.js:126:9)
    at _runTestsForDescribeBlock (C:\Angular project-2\codebook\node_modules\jest-circus\build\run.js:121:9)
    at run (C:\Angular project-2\codebook\node_modules\jest-circus\build\run.js:71:3)
    at runAndTransformResultsToJestFormat (C:\Angular project-2\codebook\node_modules\jest-circus\build\legacy-code-todo-rewrite\jestAdapterInit.js:122:21)]]></failure>
    </testCase>
    <testCase name="UsersComponent should log message on ngOnDestroy" duration="3">
      <failure message="Error: Unexpected &quot;UsersComponent&quot; found in the &quot;declarations&quot; array of the &quot;TestBed.configureTestingModule&quot; call, &quot;UsersComponent&quot; is marked as standalone and can&apos;t be declared in any NgModule - did you intend to import it instead (by adding it to the &quot;imports&quot; array)?"><![CDATA[Error: Unexpected "UsersComponent" found in the "declarations" array of the "TestBed.configureTestingModule" call, "UsersComponent" is marked as standalone and can't be declared in any NgModule - did you intend to import it instead (by adding it to the "imports" array)?
    at C:\Angular project-2\codebook\node_modules\@angular\core\fesm2022\testing.mjs:769:23
    at Array.forEach (<anonymous>)
    at assertNoStandaloneComponents (C:\Angular project-2\codebook\node_modules\@angular\core\fesm2022\testing.mjs:765:11)
    at TestBedCompiler.configureTestingModule (C:\Angular project-2\codebook\node_modules\@angular\core\fesm2022\testing.mjs:844:13)
    at _TestBedImpl.configureTestingModule (C:\Angular project-2\codebook\node_modules\@angular\core\fesm2022\testing.mjs:1976:23)
    at Function.configureTestingModule (C:\Angular project-2\codebook\node_modules\@angular\core\fesm2022\testing.mjs:1791:37)
    at C:\Angular project-2\codebook\src\app\pages\users\users.component.spec.ts:57:19
    at Generator.next (<anonymous>)
    at C:\Angular project-2\codebook\node_modules\tslib\tslib.js:170:75
    at new ZoneAwarePromise (C:\Angular project-2\codebook\node_modules\zone.js\bundles\zone.umd.js:2623:29)
    at Object.__awaiter (C:\Angular project-2\codebook\node_modules\tslib\tslib.js:166:16)
    at C:\Angular project-2\codebook\src\app\pages\users\users.component.spec.ts:42:25
    at _ZoneDelegate.invoke (C:\Angular project-2\codebook\node_modules\zone.js\bundles\zone.umd.js:416:32)
    at ProxyZoneSpec.Object.<anonymous>.ProxyZoneSpec.onInvoke (C:\Angular project-2\codebook\node_modules\zone.js\bundles\zone-testing.umd.js:2177:43)
    at _ZoneDelegate.invoke (C:\Angular project-2\codebook\node_modules\zone.js\bundles\zone.umd.js:415:38)
    at ZoneImpl.run (C:\Angular project-2\codebook\node_modules\zone.js\bundles\zone.umd.js:147:47)
    at Object.wrappedFunc (C:\Angular project-2\codebook\node_modules\zone.js\bundles\zone-testing.umd.js:450:38)
    at Promise.then.completed (C:\Angular project-2\codebook\node_modules\jest-circus\build\utils.js:298:28)
    at new Promise (<anonymous>)
    at callAsyncCircusFn (C:\Angular project-2\codebook\node_modules\jest-circus\build\utils.js:231:10)
    at _callCircusHook (C:\Angular project-2\codebook\node_modules\jest-circus\build\run.js:281:40)
    at processTicksAndRejections (node:internal/process/task_queues:105:5)
    at _runTest (C:\Angular project-2\codebook\node_modules\jest-circus\build\run.js:246:5)
    at _runTestsForDescribeBlock (C:\Angular project-2\codebook\node_modules\jest-circus\build\run.js:126:9)
    at _runTestsForDescribeBlock (C:\Angular project-2\codebook\node_modules\jest-circus\build\run.js:121:9)
    at run (C:\Angular project-2\codebook\node_modules\jest-circus\build\run.js:71:3)
    at runAndTransformResultsToJestFormat (C:\Angular project-2\codebook\node_modules\jest-circus\build\legacy-code-todo-rewrite\jestAdapterInit.js:122:21)]]></failure>
    </testCase>
    <testCase name="UsersComponent should handle filter predicate case insensitivity" duration="3">
      <failure message="Error: Unexpected &quot;UsersComponent&quot; found in the &quot;declarations&quot; array of the &quot;TestBed.configureTestingModule&quot; call, &quot;UsersComponent&quot; is marked as standalone and can&apos;t be declared in any NgModule - did you intend to import it instead (by adding it to the &quot;imports&quot; array)?"><![CDATA[Error: Unexpected "UsersComponent" found in the "declarations" array of the "TestBed.configureTestingModule" call, "UsersComponent" is marked as standalone and can't be declared in any NgModule - did you intend to import it instead (by adding it to the "imports" array)?
    at C:\Angular project-2\codebook\node_modules\@angular\core\fesm2022\testing.mjs:769:23
    at Array.forEach (<anonymous>)
    at assertNoStandaloneComponents (C:\Angular project-2\codebook\node_modules\@angular\core\fesm2022\testing.mjs:765:11)
    at TestBedCompiler.configureTestingModule (C:\Angular project-2\codebook\node_modules\@angular\core\fesm2022\testing.mjs:844:13)
    at _TestBedImpl.configureTestingModule (C:\Angular project-2\codebook\node_modules\@angular\core\fesm2022\testing.mjs:1976:23)
    at Function.configureTestingModule (C:\Angular project-2\codebook\node_modules\@angular\core\fesm2022\testing.mjs:1791:37)
    at C:\Angular project-2\codebook\src\app\pages\users\users.component.spec.ts:57:19
    at Generator.next (<anonymous>)
    at C:\Angular project-2\codebook\node_modules\tslib\tslib.js:170:75
    at new ZoneAwarePromise (C:\Angular project-2\codebook\node_modules\zone.js\bundles\zone.umd.js:2623:29)
    at Object.__awaiter (C:\Angular project-2\codebook\node_modules\tslib\tslib.js:166:16)
    at C:\Angular project-2\codebook\src\app\pages\users\users.component.spec.ts:42:25
    at _ZoneDelegate.invoke (C:\Angular project-2\codebook\node_modules\zone.js\bundles\zone.umd.js:416:32)
    at ProxyZoneSpec.Object.<anonymous>.ProxyZoneSpec.onInvoke (C:\Angular project-2\codebook\node_modules\zone.js\bundles\zone-testing.umd.js:2177:43)
    at _ZoneDelegate.invoke (C:\Angular project-2\codebook\node_modules\zone.js\bundles\zone.umd.js:415:38)
    at ZoneImpl.run (C:\Angular project-2\codebook\node_modules\zone.js\bundles\zone.umd.js:147:47)
    at Object.wrappedFunc (C:\Angular project-2\codebook\node_modules\zone.js\bundles\zone-testing.umd.js:450:38)
    at Promise.then.completed (C:\Angular project-2\codebook\node_modules\jest-circus\build\utils.js:298:28)
    at new Promise (<anonymous>)
    at callAsyncCircusFn (C:\Angular project-2\codebook\node_modules\jest-circus\build\utils.js:231:10)
    at _callCircusHook (C:\Angular project-2\codebook\node_modules\jest-circus\build\run.js:281:40)
    at processTicksAndRejections (node:internal/process/task_queues:105:5)
    at _runTest (C:\Angular project-2\codebook\node_modules\jest-circus\build\run.js:246:5)
    at _runTestsForDescribeBlock (C:\Angular project-2\codebook\node_modules\jest-circus\build\run.js:126:9)
    at _runTestsForDescribeBlock (C:\Angular project-2\codebook\node_modules\jest-circus\build\run.js:121:9)
    at run (C:\Angular project-2\codebook\node_modules\jest-circus\build\run.js:71:3)
    at runAndTransformResultsToJestFormat (C:\Angular project-2\codebook\node_modules\jest-circus\build\legacy-code-todo-rewrite\jestAdapterInit.js:122:21)]]></failure>
    </testCase>
    <testCase name="UsersComponent should handle empty filter in applyFilter" duration="4">
      <failure message="Error: Unexpected &quot;UsersComponent&quot; found in the &quot;declarations&quot; array of the &quot;TestBed.configureTestingModule&quot; call, &quot;UsersComponent&quot; is marked as standalone and can&apos;t be declared in any NgModule - did you intend to import it instead (by adding it to the &quot;imports&quot; array)?"><![CDATA[Error: Unexpected "UsersComponent" found in the "declarations" array of the "TestBed.configureTestingModule" call, "UsersComponent" is marked as standalone and can't be declared in any NgModule - did you intend to import it instead (by adding it to the "imports" array)?
    at C:\Angular project-2\codebook\node_modules\@angular\core\fesm2022\testing.mjs:769:23
    at Array.forEach (<anonymous>)
    at assertNoStandaloneComponents (C:\Angular project-2\codebook\node_modules\@angular\core\fesm2022\testing.mjs:765:11)
    at TestBedCompiler.configureTestingModule (C:\Angular project-2\codebook\node_modules\@angular\core\fesm2022\testing.mjs:844:13)
    at _TestBedImpl.configureTestingModule (C:\Angular project-2\codebook\node_modules\@angular\core\fesm2022\testing.mjs:1976:23)
    at Function.configureTestingModule (C:\Angular project-2\codebook\node_modules\@angular\core\fesm2022\testing.mjs:1791:37)
    at C:\Angular project-2\codebook\src\app\pages\users\users.component.spec.ts:57:19
    at Generator.next (<anonymous>)
    at C:\Angular project-2\codebook\node_modules\tslib\tslib.js:170:75
    at new ZoneAwarePromise (C:\Angular project-2\codebook\node_modules\zone.js\bundles\zone.umd.js:2623:29)
    at Object.__awaiter (C:\Angular project-2\codebook\node_modules\tslib\tslib.js:166:16)
    at C:\Angular project-2\codebook\src\app\pages\users\users.component.spec.ts:42:25
    at _ZoneDelegate.invoke (C:\Angular project-2\codebook\node_modules\zone.js\bundles\zone.umd.js:416:32)
    at ProxyZoneSpec.Object.<anonymous>.ProxyZoneSpec.onInvoke (C:\Angular project-2\codebook\node_modules\zone.js\bundles\zone-testing.umd.js:2177:43)
    at _ZoneDelegate.invoke (C:\Angular project-2\codebook\node_modules\zone.js\bundles\zone.umd.js:415:38)
    at ZoneImpl.run (C:\Angular project-2\codebook\node_modules\zone.js\bundles\zone.umd.js:147:47)
    at Object.wrappedFunc (C:\Angular project-2\codebook\node_modules\zone.js\bundles\zone-testing.umd.js:450:38)
    at Promise.then.completed (C:\Angular project-2\codebook\node_modules\jest-circus\build\utils.js:298:28)
    at new Promise (<anonymous>)
    at callAsyncCircusFn (C:\Angular project-2\codebook\node_modules\jest-circus\build\utils.js:231:10)
    at _callCircusHook (C:\Angular project-2\codebook\node_modules\jest-circus\build\run.js:281:40)
    at processTicksAndRejections (node:internal/process/task_queues:105:5)
    at _runTest (C:\Angular project-2\codebook\node_modules\jest-circus\build\run.js:246:5)
    at _runTestsForDescribeBlock (C:\Angular project-2\codebook\node_modules\jest-circus\build\run.js:126:9)
    at _runTestsForDescribeBlock (C:\Angular project-2\codebook\node_modules\jest-circus\build\run.js:121:9)
    at run (C:\Angular project-2\codebook\node_modules\jest-circus\build\run.js:71:3)
    at runAndTransformResultsToJestFormat (C:\Angular project-2\codebook\node_modules\jest-circus\build\legacy-code-todo-rewrite\jestAdapterInit.js:122:21)]]></failure>
    </testCase>
  </file>
  <file path="C:\Angular project-2\codebook\src\app\pages\users\store\user-store.spec.ts">
    <testCase name="UserStore Initial State should initialize with default state" duration="453">
      <failure message="Error: expect(received).toBe(expected) // Object.is equality"><![CDATA[Error: expect(received).toBe(expected) // Object.is equality

Expected: false
Received: true
    at C:\Angular project-2\codebook\src\app\pages\users\store\user-store.spec.ts:84:35
    at _ZoneDelegate.invoke (C:\Angular project-2\codebook\node_modules\zone.js\bundles\zone.umd.js:416:32)
    at ProxyZoneSpec.Object.<anonymous>.ProxyZoneSpec.onInvoke (C:\Angular project-2\codebook\node_modules\zone.js\bundles\zone-testing.umd.js:2177:43)
    at _ZoneDelegate.invoke (C:\Angular project-2\codebook\node_modules\zone.js\bundles\zone.umd.js:415:38)
    at ZoneImpl.run (C:\Angular project-2\codebook\node_modules\zone.js\bundles\zone.umd.js:147:47)
    at Object.wrappedFunc (C:\Angular project-2\codebook\node_modules\zone.js\bundles\zone-testing.umd.js:450:38)
    at Promise.then.completed (C:\Angular project-2\codebook\node_modules\jest-circus\build\utils.js:298:28)
    at new Promise (<anonymous>)
    at callAsyncCircusFn (C:\Angular project-2\codebook\node_modules\jest-circus\build\utils.js:231:10)
    at _callCircusTest (C:\Angular project-2\codebook\node_modules\jest-circus\build\run.js:316:40)
    at processTicksAndRejections (node:internal/process/task_queues:105:5)
    at _runTest (C:\Angular project-2\codebook\node_modules\jest-circus\build\run.js:252:3)
    at _runTestsForDescribeBlock (C:\Angular project-2\codebook\node_modules\jest-circus\build\run.js:126:9)
    at _runTestsForDescribeBlock (C:\Angular project-2\codebook\node_modules\jest-circus\build\run.js:121:9)
    at _runTestsForDescribeBlock (C:\Angular project-2\codebook\node_modules\jest-circus\build\run.js:121:9)
    at run (C:\Angular project-2\codebook\node_modules\jest-circus\build\run.js:71:3)
    at runAndTransformResultsToJestFormat (C:\Angular project-2\codebook\node_modules\jest-circus\build\legacy-code-todo-rewrite\jestAdapterInit.js:122:21)]]></failure>
    </testCase>
    <testCase name="UserStore Computed Properties should compute users correctly" duration="38"/>
    <testCase name="UserStore Computed Properties should compute isLoading correctly" duration="20">
      <failure message="Error: expect(received).toBe(expected) // Object.is equality"><![CDATA[Error: expect(received).toBe(expected) // Object.is equality

Expected: false
Received: true
    at C:\Angular project-2\codebook\src\app\pages\users\store\user-store.spec.ts:100:33
    at _ZoneDelegate.invoke (C:\Angular project-2\codebook\node_modules\zone.js\bundles\zone.umd.js:416:32)
    at ProxyZoneSpec.Object.<anonymous>.ProxyZoneSpec.onInvoke (C:\Angular project-2\codebook\node_modules\zone.js\bundles\zone-testing.umd.js:2177:43)
    at _ZoneDelegate.invoke (C:\Angular project-2\codebook\node_modules\zone.js\bundles\zone.umd.js:415:38)
    at ZoneImpl.run (C:\Angular project-2\codebook\node_modules\zone.js\bundles\zone.umd.js:147:47)
    at Object.wrappedFunc (C:\Angular project-2\codebook\node_modules\zone.js\bundles\zone-testing.umd.js:450:38)
    at Promise.then.completed (C:\Angular project-2\codebook\node_modules\jest-circus\build\utils.js:298:28)
    at new Promise (<anonymous>)
    at callAsyncCircusFn (C:\Angular project-2\codebook\node_modules\jest-circus\build\utils.js:231:10)
    at _callCircusTest (C:\Angular project-2\codebook\node_modules\jest-circus\build\run.js:316:40)
    at processTicksAndRejections (node:internal/process/task_queues:105:5)
    at _runTest (C:\Angular project-2\codebook\node_modules\jest-circus\build\run.js:252:3)
    at _runTestsForDescribeBlock (C:\Angular project-2\codebook\node_modules\jest-circus\build\run.js:126:9)
    at _runTestsForDescribeBlock (C:\Angular project-2\codebook\node_modules\jest-circus\build\run.js:121:9)
    at _runTestsForDescribeBlock (C:\Angular project-2\codebook\node_modules\jest-circus\build\run.js:121:9)
    at run (C:\Angular project-2\codebook\node_modules\jest-circus\build\run.js:71:3)
    at runAndTransformResultsToJestFormat (C:\Angular project-2\codebook\node_modules\jest-circus\build\legacy-code-todo-rewrite\jestAdapterInit.js:122:21)]]></failure>
    </testCase>
    <testCase name="UserStore loadUsers should load users from local storage if available" duration="13">
      <failure message="Error: expect(jest.fn()).not.toHaveBeenCalled()"><![CDATA[Error: expect(jest.fn()).not.toHaveBeenCalled()

Expected number of calls: 0
Received number of calls: 1

1: "https://jsonplaceholder.typicode.com/users"
    at C:\Angular project-2\codebook\src\app\pages\users\store\user-store.spec.ts:109:38
    at Generator.next (<anonymous>)
    at fulfilled (C:\Angular project-2\codebook\node_modules\tslib\tslib.js:167:62)
    at _ZoneDelegate.invoke (C:\Angular project-2\codebook\node_modules\zone.js\bundles\zone.umd.js:416:32)
    at ProxyZoneSpec.Object.<anonymous>.ProxyZoneSpec.onInvoke (C:\Angular project-2\codebook\node_modules\zone.js\bundles\zone-testing.umd.js:2177:43)
    at _ZoneDelegate.invoke (C:\Angular project-2\codebook\node_modules\zone.js\bundles\zone.umd.js:415:38)
    at ZoneImpl.run (C:\Angular project-2\codebook\node_modules\zone.js\bundles\zone.umd.js:147:47)
    at C:\Angular project-2\codebook\node_modules\zone.js\bundles\zone.umd.js:2598:42
    at _ZoneDelegate.invokeTask (C:\Angular project-2\codebook\node_modules\zone.js\bundles\zone.umd.js:449:37)
    at ProxyZoneSpec.Object.<anonymous>.ProxyZoneSpec.onInvokeTask (C:\Angular project-2\codebook\node_modules\zone.js\bundles\zone-testing.umd.js:2208:43)
    at _ZoneDelegate.invokeTask (C:\Angular project-2\codebook\node_modules\zone.js\bundles\zone.umd.js:448:42)
    at ZoneImpl.runTask (C:\Angular project-2\codebook\node_modules\zone.js\bundles\zone.umd.js:196:51)
    at drainMicroTaskQueue (C:\Angular project-2\codebook\node_modules\zone.js\bundles\zone.umd.js:638:39)
    at processTicksAndRejections (node:internal/process/task_queues:105:5)]]></failure>
    </testCase>
    <testCase name="UserStore loadUsers should load users from API if local storage is empty" duration="22"/>
    <testCase name="UserStore loadUsers should handle API error" duration="129">
      <failure message="Error: expect(received).toEqual(expected) // deep equality"><![CDATA[Error: expect(received).toEqual(expected) // deep equality

- Expected  - 1
+ Received  + 9

- Array []
+ Array [
+   Object {
+     "bs": "Synergy",
+     "company": "Doe Inc",
+     "id": 1,
+     "name": "John Doe",
+     "website": "johndoe.com",
+   },
+ ]
    at C:\Angular project-2\codebook\src\app\pages\users\store\user-store.spec.ts:131:29
    at Generator.next (<anonymous>)
    at fulfilled (C:\Angular project-2\codebook\node_modules\tslib\tslib.js:167:62)
    at _ZoneDelegate.invoke (C:\Angular project-2\codebook\node_modules\zone.js\bundles\zone.umd.js:416:32)
    at ProxyZoneSpec.Object.<anonymous>.ProxyZoneSpec.onInvoke (C:\Angular project-2\codebook\node_modules\zone.js\bundles\zone-testing.umd.js:2177:43)
    at _ZoneDelegate.invoke (C:\Angular project-2\codebook\node_modules\zone.js\bundles\zone.umd.js:415:38)
    at ZoneImpl.run (C:\Angular project-2\codebook\node_modules\zone.js\bundles\zone.umd.js:147:47)
    at C:\Angular project-2\codebook\node_modules\zone.js\bundles\zone.umd.js:2598:42
    at _ZoneDelegate.invokeTask (C:\Angular project-2\codebook\node_modules\zone.js\bundles\zone.umd.js:449:37)
    at ProxyZoneSpec.Object.<anonymous>.ProxyZoneSpec.onInvokeTask (C:\Angular project-2\codebook\node_modules\zone.js\bundles\zone-testing.umd.js:2208:43)
    at _ZoneDelegate.invokeTask (C:\Angular project-2\codebook\node_modules\zone.js\bundles\zone.umd.js:448:42)
    at ZoneImpl.runTask (C:\Angular project-2\codebook\node_modules\zone.js\bundles\zone.umd.js:196:51)
    at drainMicroTaskQueue (C:\Angular project-2\codebook\node_modules\zone.js\bundles\zone.umd.js:638:39)
    at processTicksAndRejections (node:internal/process/task_queues:105:5)]]></failure>
    </testCase>
    <testCase name="UserStore addUser should add a new user" duration="20">
      <failure message="Error: expect(received).toContainEqual(expected) // deep equality"><![CDATA[Error: expect(received).toContainEqual(expected) // deep equality

Expected value: {"bs": "Innovation", "company": "Jane Inc", "id": 2, "name": "Jane Doe", "website": "janedoe.com"}
Received array: [{"bs": "Synergy", "company": "Doe Inc", "id": 1, "name": "John Doe", "website": "johndoe.com"}, {"bs": "Innovation", "company": "Jane Inc", "id": 1747904989840, "name": "Jane Doe", "website": "janedoe.com"}]
    at C:\Angular project-2\codebook\src\app\pages\users\store\user-store.spec.ts:146:29
    at _ZoneDelegate.invoke (C:\Angular project-2\codebook\node_modules\zone.js\bundles\zone.umd.js:416:32)
    at ProxyZoneSpec.Object.<anonymous>.ProxyZoneSpec.onInvoke (C:\Angular project-2\codebook\node_modules\zone.js\bundles\zone-testing.umd.js:2177:43)
    at _ZoneDelegate.invoke (C:\Angular project-2\codebook\node_modules\zone.js\bundles\zone.umd.js:415:38)
    at ZoneImpl.run (C:\Angular project-2\codebook\node_modules\zone.js\bundles\zone.umd.js:147:47)
    at Object.wrappedFunc (C:\Angular project-2\codebook\node_modules\zone.js\bundles\zone-testing.umd.js:450:38)
    at Promise.then.completed (C:\Angular project-2\codebook\node_modules\jest-circus\build\utils.js:298:28)
    at new Promise (<anonymous>)
    at callAsyncCircusFn (C:\Angular project-2\codebook\node_modules\jest-circus\build\utils.js:231:10)
    at _callCircusTest (C:\Angular project-2\codebook\node_modules\jest-circus\build\run.js:316:40)
    at processTicksAndRejections (node:internal/process/task_queues:105:5)
    at _runTest (C:\Angular project-2\codebook\node_modules\jest-circus\build\run.js:252:3)
    at _runTestsForDescribeBlock (C:\Angular project-2\codebook\node_modules\jest-circus\build\run.js:126:9)
    at _runTestsForDescribeBlock (C:\Angular project-2\codebook\node_modules\jest-circus\build\run.js:121:9)
    at _runTestsForDescribeBlock (C:\Angular project-2\codebook\node_modules\jest-circus\build\run.js:121:9)
    at run (C:\Angular project-2\codebook\node_modules\jest-circus\build\run.js:71:3)
    at runAndTransformResultsToJestFormat (C:\Angular project-2\codebook\node_modules\jest-circus\build\legacy-code-todo-rewrite\jestAdapterInit.js:122:21)]]></failure>
    </testCase>
    <testCase name="UserStore addUser should handle error when adding user" duration="57">
      <failure message="Error: expect(received).toEqual(expected) // deep equality"><![CDATA[Error: expect(received).toEqual(expected) // deep equality

- Expected  - 1
+ Received  + 9

- Array []
+ Array [
+   Object {
+     "bs": "Synergy",
+     "company": "Doe Inc",
+     "id": 1,
+     "name": "John Doe",
+     "website": "johndoe.com",
+   },
+ ]
    at C:\Angular project-2\codebook\src\app\pages\users\store\user-store.spec.ts:164:29
    at _ZoneDelegate.invoke (C:\Angular project-2\codebook\node_modules\zone.js\bundles\zone.umd.js:416:32)
    at ProxyZoneSpec.Object.<anonymous>.ProxyZoneSpec.onInvoke (C:\Angular project-2\codebook\node_modules\zone.js\bundles\zone-testing.umd.js:2177:43)
    at _ZoneDelegate.invoke (C:\Angular project-2\codebook\node_modules\zone.js\bundles\zone.umd.js:415:38)
    at ZoneImpl.run (C:\Angular project-2\codebook\node_modules\zone.js\bundles\zone.umd.js:147:47)
    at Object.wrappedFunc (C:\Angular project-2\codebook\node_modules\zone.js\bundles\zone-testing.umd.js:450:38)
    at Promise.then.completed (C:\Angular project-2\codebook\node_modules\jest-circus\build\utils.js:298:28)
    at new Promise (<anonymous>)
    at callAsyncCircusFn (C:\Angular project-2\codebook\node_modules\jest-circus\build\utils.js:231:10)
    at _callCircusTest (C:\Angular project-2\codebook\node_modules\jest-circus\build\run.js:316:40)
    at processTicksAndRejections (node:internal/process/task_queues:105:5)
    at _runTest (C:\Angular project-2\codebook\node_modules\jest-circus\build\run.js:252:3)
    at _runTestsForDescribeBlock (C:\Angular project-2\codebook\node_modules\jest-circus\build\run.js:126:9)
    at _runTestsForDescribeBlock (C:\Angular project-2\codebook\node_modules\jest-circus\build\run.js:121:9)
    at _runTestsForDescribeBlock (C:\Angular project-2\codebook\node_modules\jest-circus\build\run.js:121:9)
    at run (C:\Angular project-2\codebook\node_modules\jest-circus\build\run.js:71:3)
    at runAndTransformResultsToJestFormat (C:\Angular project-2\codebook\node_modules\jest-circus\build\legacy-code-todo-rewrite\jestAdapterInit.js:122:21)]]></failure>
    </testCase>
    <testCase name="UserStore updateUser should update an existing user" duration="10"/>
    <testCase name="UserStore updateUser should handle error when updating user" duration="14"/>
    <testCase name="UserStore deleteUser should delete a user" duration="38"/>
    <testCase name="UserStore deleteUser should handle error when deleting user" duration="11"/>
    <testCase name="UserStore getUser should return a user by ID" duration="11"/>
    <testCase name="UserStore getUser should return undefined if user is not found" duration="12"/>
    <testCase name="UserStore getUser should handle error when fetching user" duration="25"/>
    <testCase name="UserStore onInit Hook should call loadUsers on initialization" duration="20">
      <failure message="Error: expect(jest.fn()).toHaveBeenCalled()"><![CDATA[Error: expect(jest.fn()).toHaveBeenCalled()

Expected number of calls: >= 1
Received number of calls:    0
    at C:\Angular project-2\codebook\src\app\pages\users\store\user-store.spec.ts:253:28
    at _ZoneDelegate.invoke (C:\Angular project-2\codebook\node_modules\zone.js\bundles\zone.umd.js:416:32)
    at ProxyZoneSpec.Object.<anonymous>.ProxyZoneSpec.onInvoke (C:\Angular project-2\codebook\node_modules\zone.js\bundles\zone-testing.umd.js:2177:43)
    at _ZoneDelegate.invoke (C:\Angular project-2\codebook\node_modules\zone.js\bundles\zone.umd.js:415:38)
    at ZoneImpl.run (C:\Angular project-2\codebook\node_modules\zone.js\bundles\zone.umd.js:147:47)
    at Object.wrappedFunc (C:\Angular project-2\codebook\node_modules\zone.js\bundles\zone-testing.umd.js:450:38)
    at Promise.then.completed (C:\Angular project-2\codebook\node_modules\jest-circus\build\utils.js:298:28)
    at new Promise (<anonymous>)
    at callAsyncCircusFn (C:\Angular project-2\codebook\node_modules\jest-circus\build\utils.js:231:10)
    at _callCircusTest (C:\Angular project-2\codebook\node_modules\jest-circus\build\run.js:316:40)
    at processTicksAndRejections (node:internal/process/task_queues:105:5)
    at _runTest (C:\Angular project-2\codebook\node_modules\jest-circus\build\run.js:252:3)
    at _runTestsForDescribeBlock (C:\Angular project-2\codebook\node_modules\jest-circus\build\run.js:126:9)
    at _runTestsForDescribeBlock (C:\Angular project-2\codebook\node_modules\jest-circus\build\run.js:121:9)
    at _runTestsForDescribeBlock (C:\Angular project-2\codebook\node_modules\jest-circus\build\run.js:121:9)
    at run (C:\Angular project-2\codebook\node_modules\jest-circus\build\run.js:71:3)
    at runAndTransformResultsToJestFormat (C:\Angular project-2\codebook\node_modules\jest-circus\build\legacy-code-todo-rewrite\jestAdapterInit.js:122:21)]]></failure>
    </testCase>
  </file>
  <file path="C:\Angular project-2\codebook\src\app\login\auth.store.spec.ts">
    <testCase name="AuthStore and AuthService AuthStore Initial State and Computed Signals should initialize with default state" duration="619"/>
    <testCase name="AuthStore and AuthService AuthStore Initial State and Computed Signals should compute user signal with valid user" duration="14">
      <failure message="TypeError: authStore.patchState is not a function"><![CDATA[TypeError: authStore.patchState is not a function
    at C:\Angular project-2\codebook\src\app\login\auth.store.spec.ts:74:32
    at _ZoneDelegate.invoke (C:\Angular project-2\codebook\node_modules\zone.js\bundles\zone.umd.js:416:32)
    at ProxyZoneSpec.Object.<anonymous>.ProxyZoneSpec.onInvoke (C:\Angular project-2\codebook\node_modules\zone.js\bundles\zone-testing.umd.js:2177:43)
    at _ZoneDelegate.invoke (C:\Angular project-2\codebook\node_modules\zone.js\bundles\zone.umd.js:415:38)
    at ZoneImpl.run (C:\Angular project-2\codebook\node_modules\zone.js\bundles\zone.umd.js:147:47)
    at Object.wrappedFunc (C:\Angular project-2\codebook\node_modules\zone.js\bundles\zone-testing.umd.js:450:38)
    at Promise.then.completed (C:\Angular project-2\codebook\node_modules\jest-circus\build\utils.js:298:28)
    at new Promise (<anonymous>)
    at callAsyncCircusFn (C:\Angular project-2\codebook\node_modules\jest-circus\build\utils.js:231:10)
    at _callCircusTest (C:\Angular project-2\codebook\node_modules\jest-circus\build\run.js:316:40)
    at processTicksAndRejections (node:internal/process/task_queues:105:5)
    at _runTest (C:\Angular project-2\codebook\node_modules\jest-circus\build\run.js:252:3)
    at _runTestsForDescribeBlock (C:\Angular project-2\codebook\node_modules\jest-circus\build\run.js:126:9)
    at _runTestsForDescribeBlock (C:\Angular project-2\codebook\node_modules\jest-circus\build\run.js:121:9)
    at _runTestsForDescribeBlock (C:\Angular project-2\codebook\node_modules\jest-circus\build\run.js:121:9)
    at _runTestsForDescribeBlock (C:\Angular project-2\codebook\node_modules\jest-circus\build\run.js:121:9)
    at run (C:\Angular project-2\codebook\node_modules\jest-circus\build\run.js:71:3)
    at runAndTransformResultsToJestFormat (C:\Angular project-2\codebook\node_modules\jest-circus\build\legacy-code-todo-rewrite\jestAdapterInit.js:122:21)]]></failure>
    </testCase>
    <testCase name="AuthStore and AuthService AuthStore Initial State and Computed Signals should compute user signal with null" duration="33">
      <failure message="TypeError: authStore.patchState is not a function"><![CDATA[TypeError: authStore.patchState is not a function
    at C:\Angular project-2\codebook\src\app\login\auth.store.spec.ts:79:32
    at _ZoneDelegate.invoke (C:\Angular project-2\codebook\node_modules\zone.js\bundles\zone.umd.js:416:32)
    at ProxyZoneSpec.Object.<anonymous>.ProxyZoneSpec.onInvoke (C:\Angular project-2\codebook\node_modules\zone.js\bundles\zone-testing.umd.js:2177:43)
    at _ZoneDelegate.invoke (C:\Angular project-2\codebook\node_modules\zone.js\bundles\zone.umd.js:415:38)
    at ZoneImpl.run (C:\Angular project-2\codebook\node_modules\zone.js\bundles\zone.umd.js:147:47)
    at Object.wrappedFunc (C:\Angular project-2\codebook\node_modules\zone.js\bundles\zone-testing.umd.js:450:38)
    at Promise.then.completed (C:\Angular project-2\codebook\node_modules\jest-circus\build\utils.js:298:28)
    at new Promise (<anonymous>)
    at callAsyncCircusFn (C:\Angular project-2\codebook\node_modules\jest-circus\build\utils.js:231:10)
    at _callCircusTest (C:\Angular project-2\codebook\node_modules\jest-circus\build\run.js:316:40)
    at processTicksAndRejections (node:internal/process/task_queues:105:5)
    at _runTest (C:\Angular project-2\codebook\node_modules\jest-circus\build\run.js:252:3)
    at _runTestsForDescribeBlock (C:\Angular project-2\codebook\node_modules\jest-circus\build\run.js:126:9)
    at _runTestsForDescribeBlock (C:\Angular project-2\codebook\node_modules\jest-circus\build\run.js:121:9)
    at _runTestsForDescribeBlock (C:\Angular project-2\codebook\node_modules\jest-circus\build\run.js:121:9)
    at _runTestsForDescribeBlock (C:\Angular project-2\codebook\node_modules\jest-circus\build\run.js:121:9)
    at run (C:\Angular project-2\codebook\node_modules\jest-circus\build\run.js:71:3)
    at runAndTransformResultsToJestFormat (C:\Angular project-2\codebook\node_modules\jest-circus\build\legacy-code-todo-rewrite\jestAdapterInit.js:122:21)]]></failure>
    </testCase>
    <testCase name="AuthStore and AuthService AuthStore Initial State and Computed Signals should compute isAuthenticated signal with true" duration="10">
      <failure message="TypeError: authStore.patchState is not a function"><![CDATA[TypeError: authStore.patchState is not a function
    at C:\Angular project-2\codebook\src\app\login\auth.store.spec.ts:84:32
    at _ZoneDelegate.invoke (C:\Angular project-2\codebook\node_modules\zone.js\bundles\zone.umd.js:416:32)
    at ProxyZoneSpec.Object.<anonymous>.ProxyZoneSpec.onInvoke (C:\Angular project-2\codebook\node_modules\zone.js\bundles\zone-testing.umd.js:2177:43)
    at _ZoneDelegate.invoke (C:\Angular project-2\codebook\node_modules\zone.js\bundles\zone.umd.js:415:38)
    at ZoneImpl.run (C:\Angular project-2\codebook\node_modules\zone.js\bundles\zone.umd.js:147:47)
    at Object.wrappedFunc (C:\Angular project-2\codebook\node_modules\zone.js\bundles\zone-testing.umd.js:450:38)
    at Promise.then.completed (C:\Angular project-2\codebook\node_modules\jest-circus\build\utils.js:298:28)
    at new Promise (<anonymous>)
    at callAsyncCircusFn (C:\Angular project-2\codebook\node_modules\jest-circus\build\utils.js:231:10)
    at _callCircusTest (C:\Angular project-2\codebook\node_modules\jest-circus\build\run.js:316:40)
    at processTicksAndRejections (node:internal/process/task_queues:105:5)
    at _runTest (C:\Angular project-2\codebook\node_modules\jest-circus\build\run.js:252:3)
    at _runTestsForDescribeBlock (C:\Angular project-2\codebook\node_modules\jest-circus\build\run.js:126:9)
    at _runTestsForDescribeBlock (C:\Angular project-2\codebook\node_modules\jest-circus\build\run.js:121:9)
    at _runTestsForDescribeBlock (C:\Angular project-2\codebook\node_modules\jest-circus\build\run.js:121:9)
    at _runTestsForDescribeBlock (C:\Angular project-2\codebook\node_modules\jest-circus\build\run.js:121:9)
    at run (C:\Angular project-2\codebook\node_modules\jest-circus\build\run.js:71:3)
    at runAndTransformResultsToJestFormat (C:\Angular project-2\codebook\node_modules\jest-circus\build\legacy-code-todo-rewrite\jestAdapterInit.js:122:21)]]></failure>
    </testCase>
    <testCase name="AuthStore and AuthService AuthStore Initial State and Computed Signals should compute isAuthenticated signal with false" duration="10">
      <failure message="TypeError: authStore.patchState is not a function"><![CDATA[TypeError: authStore.patchState is not a function
    at C:\Angular project-2\codebook\src\app\login\auth.store.spec.ts:89:32
    at _ZoneDelegate.invoke (C:\Angular project-2\codebook\node_modules\zone.js\bundles\zone.umd.js:416:32)
    at ProxyZoneSpec.Object.<anonymous>.ProxyZoneSpec.onInvoke (C:\Angular project-2\codebook\node_modules\zone.js\bundles\zone-testing.umd.js:2177:43)
    at _ZoneDelegate.invoke (C:\Angular project-2\codebook\node_modules\zone.js\bundles\zone.umd.js:415:38)
    at ZoneImpl.run (C:\Angular project-2\codebook\node_modules\zone.js\bundles\zone.umd.js:147:47)
    at Object.wrappedFunc (C:\Angular project-2\codebook\node_modules\zone.js\bundles\zone-testing.umd.js:450:38)
    at Promise.then.completed (C:\Angular project-2\codebook\node_modules\jest-circus\build\utils.js:298:28)
    at new Promise (<anonymous>)
    at callAsyncCircusFn (C:\Angular project-2\codebook\node_modules\jest-circus\build\utils.js:231:10)
    at _callCircusTest (C:\Angular project-2\codebook\node_modules\jest-circus\build\run.js:316:40)
    at processTicksAndRejections (node:internal/process/task_queues:105:5)
    at _runTest (C:\Angular project-2\codebook\node_modules\jest-circus\build\run.js:252:3)
    at _runTestsForDescribeBlock (C:\Angular project-2\codebook\node_modules\jest-circus\build\run.js:126:9)
    at _runTestsForDescribeBlock (C:\Angular project-2\codebook\node_modules\jest-circus\build\run.js:121:9)
    at _runTestsForDescribeBlock (C:\Angular project-2\codebook\node_modules\jest-circus\build\run.js:121:9)
    at _runTestsForDescribeBlock (C:\Angular project-2\codebook\node_modules\jest-circus\build\run.js:121:9)
    at run (C:\Angular project-2\codebook\node_modules\jest-circus\build\run.js:71:3)
    at runAndTransformResultsToJestFormat (C:\Angular project-2\codebook\node_modules\jest-circus\build\legacy-code-todo-rewrite\jestAdapterInit.js:122:21)]]></failure>
    </testCase>
    <testCase name="AuthStore and AuthService AuthStore Initial State and Computed Signals should compute isLoading signal with true" duration="8">
      <failure message="TypeError: authStore.patchState is not a function"><![CDATA[TypeError: authStore.patchState is not a function
    at C:\Angular project-2\codebook\src\app\login\auth.store.spec.ts:94:32
    at _ZoneDelegate.invoke (C:\Angular project-2\codebook\node_modules\zone.js\bundles\zone.umd.js:416:32)
    at ProxyZoneSpec.Object.<anonymous>.ProxyZoneSpec.onInvoke (C:\Angular project-2\codebook\node_modules\zone.js\bundles\zone-testing.umd.js:2177:43)
    at _ZoneDelegate.invoke (C:\Angular project-2\codebook\node_modules\zone.js\bundles\zone.umd.js:415:38)
    at ZoneImpl.run (C:\Angular project-2\codebook\node_modules\zone.js\bundles\zone.umd.js:147:47)
    at Object.wrappedFunc (C:\Angular project-2\codebook\node_modules\zone.js\bundles\zone-testing.umd.js:450:38)
    at Promise.then.completed (C:\Angular project-2\codebook\node_modules\jest-circus\build\utils.js:298:28)
    at new Promise (<anonymous>)
    at callAsyncCircusFn (C:\Angular project-2\codebook\node_modules\jest-circus\build\utils.js:231:10)
    at _callCircusTest (C:\Angular project-2\codebook\node_modules\jest-circus\build\run.js:316:40)
    at processTicksAndRejections (node:internal/process/task_queues:105:5)
    at _runTest (C:\Angular project-2\codebook\node_modules\jest-circus\build\run.js:252:3)
    at _runTestsForDescribeBlock (C:\Angular project-2\codebook\node_modules\jest-circus\build\run.js:126:9)
    at _runTestsForDescribeBlock (C:\Angular project-2\codebook\node_modules\jest-circus\build\run.js:121:9)
    at _runTestsForDescribeBlock (C:\Angular project-2\codebook\node_modules\jest-circus\build\run.js:121:9)
    at _runTestsForDescribeBlock (C:\Angular project-2\codebook\node_modules\jest-circus\build\run.js:121:9)
    at run (C:\Angular project-2\codebook\node_modules\jest-circus\build\run.js:71:3)
    at runAndTransformResultsToJestFormat (C:\Angular project-2\codebook\node_modules\jest-circus\build\legacy-code-todo-rewrite\jestAdapterInit.js:122:21)]]></failure>
    </testCase>
    <testCase name="AuthStore and AuthService AuthStore Initial State and Computed Signals should compute isLoading signal with false" duration="22">
      <failure message="TypeError: authStore.patchState is not a function"><![CDATA[TypeError: authStore.patchState is not a function
    at C:\Angular project-2\codebook\src\app\login\auth.store.spec.ts:99:32
    at _ZoneDelegate.invoke (C:\Angular project-2\codebook\node_modules\zone.js\bundles\zone.umd.js:416:32)
    at ProxyZoneSpec.Object.<anonymous>.ProxyZoneSpec.onInvoke (C:\Angular project-2\codebook\node_modules\zone.js\bundles\zone-testing.umd.js:2177:43)
    at _ZoneDelegate.invoke (C:\Angular project-2\codebook\node_modules\zone.js\bundles\zone.umd.js:415:38)
    at ZoneImpl.run (C:\Angular project-2\codebook\node_modules\zone.js\bundles\zone.umd.js:147:47)
    at Object.wrappedFunc (C:\Angular project-2\codebook\node_modules\zone.js\bundles\zone-testing.umd.js:450:38)
    at Promise.then.completed (C:\Angular project-2\codebook\node_modules\jest-circus\build\utils.js:298:28)
    at new Promise (<anonymous>)
    at callAsyncCircusFn (C:\Angular project-2\codebook\node_modules\jest-circus\build\utils.js:231:10)
    at _callCircusTest (C:\Angular project-2\codebook\node_modules\jest-circus\build\run.js:316:40)
    at processTicksAndRejections (node:internal/process/task_queues:105:5)
    at _runTest (C:\Angular project-2\codebook\node_modules\jest-circus\build\run.js:252:3)
    at _runTestsForDescribeBlock (C:\Angular project-2\codebook\node_modules\jest-circus\build\run.js:126:9)
    at _runTestsForDescribeBlock (C:\Angular project-2\codebook\node_modules\jest-circus\build\run.js:121:9)
    at _runTestsForDescribeBlock (C:\Angular project-2\codebook\node_modules\jest-circus\build\run.js:121:9)
    at _runTestsForDescribeBlock (C:\Angular project-2\codebook\node_modules\jest-circus\build\run.js:121:9)
    at run (C:\Angular project-2\codebook\node_modules\jest-circus\build\run.js:71:3)
    at runAndTransformResultsToJestFormat (C:\Angular project-2\codebook\node_modules\jest-circus\build\legacy-code-todo-rewrite\jestAdapterInit.js:122:21)]]></failure>
    </testCase>
    <testCase name="AuthStore and AuthService AuthStore Initial State and Computed Signals should compute error signal with string" duration="15">
      <failure message="TypeError: authStore.patchState is not a function"><![CDATA[TypeError: authStore.patchState is not a function
    at C:\Angular project-2\codebook\src\app\login\auth.store.spec.ts:104:32
    at _ZoneDelegate.invoke (C:\Angular project-2\codebook\node_modules\zone.js\bundles\zone.umd.js:416:32)
    at ProxyZoneSpec.Object.<anonymous>.ProxyZoneSpec.onInvoke (C:\Angular project-2\codebook\node_modules\zone.js\bundles\zone-testing.umd.js:2177:43)
    at _ZoneDelegate.invoke (C:\Angular project-2\codebook\node_modules\zone.js\bundles\zone.umd.js:415:38)
    at ZoneImpl.run (C:\Angular project-2\codebook\node_modules\zone.js\bundles\zone.umd.js:147:47)
    at Object.wrappedFunc (C:\Angular project-2\codebook\node_modules\zone.js\bundles\zone-testing.umd.js:450:38)
    at Promise.then.completed (C:\Angular project-2\codebook\node_modules\jest-circus\build\utils.js:298:28)
    at new Promise (<anonymous>)
    at callAsyncCircusFn (C:\Angular project-2\codebook\node_modules\jest-circus\build\utils.js:231:10)
    at _callCircusTest (C:\Angular project-2\codebook\node_modules\jest-circus\build\run.js:316:40)
    at processTicksAndRejections (node:internal/process/task_queues:105:5)
    at _runTest (C:\Angular project-2\codebook\node_modules\jest-circus\build\run.js:252:3)
    at _runTestsForDescribeBlock (C:\Angular project-2\codebook\node_modules\jest-circus\build\run.js:126:9)
    at _runTestsForDescribeBlock (C:\Angular project-2\codebook\node_modules\jest-circus\build\run.js:121:9)
    at _runTestsForDescribeBlock (C:\Angular project-2\codebook\node_modules\jest-circus\build\run.js:121:9)
    at _runTestsForDescribeBlock (C:\Angular project-2\codebook\node_modules\jest-circus\build\run.js:121:9)
    at run (C:\Angular project-2\codebook\node_modules\jest-circus\build\run.js:71:3)
    at runAndTransformResultsToJestFormat (C:\Angular project-2\codebook\node_modules\jest-circus\build\legacy-code-todo-rewrite\jestAdapterInit.js:122:21)]]></failure>
    </testCase>
    <testCase name="AuthStore and AuthService AuthStore Initial State and Computed Signals should compute error signal with null" duration="15">
      <failure message="TypeError: authStore.patchState is not a function"><![CDATA[TypeError: authStore.patchState is not a function
    at C:\Angular project-2\codebook\src\app\login\auth.store.spec.ts:109:32
    at _ZoneDelegate.invoke (C:\Angular project-2\codebook\node_modules\zone.js\bundles\zone.umd.js:416:32)
    at ProxyZoneSpec.Object.<anonymous>.ProxyZoneSpec.onInvoke (C:\Angular project-2\codebook\node_modules\zone.js\bundles\zone-testing.umd.js:2177:43)
    at _ZoneDelegate.invoke (C:\Angular project-2\codebook\node_modules\zone.js\bundles\zone.umd.js:415:38)
    at ZoneImpl.run (C:\Angular project-2\codebook\node_modules\zone.js\bundles\zone.umd.js:147:47)
    at Object.wrappedFunc (C:\Angular project-2\codebook\node_modules\zone.js\bundles\zone-testing.umd.js:450:38)
    at Promise.then.completed (C:\Angular project-2\codebook\node_modules\jest-circus\build\utils.js:298:28)
    at new Promise (<anonymous>)
    at callAsyncCircusFn (C:\Angular project-2\codebook\node_modules\jest-circus\build\utils.js:231:10)
    at _callCircusTest (C:\Angular project-2\codebook\node_modules\jest-circus\build\run.js:316:40)
    at processTicksAndRejections (node:internal/process/task_queues:105:5)
    at _runTest (C:\Angular project-2\codebook\node_modules\jest-circus\build\run.js:252:3)
    at _runTestsForDescribeBlock (C:\Angular project-2\codebook\node_modules\jest-circus\build\run.js:126:9)
    at _runTestsForDescribeBlock (C:\Angular project-2\codebook\node_modules\jest-circus\build\run.js:121:9)
    at _runTestsForDescribeBlock (C:\Angular project-2\codebook\node_modules\jest-circus\build\run.js:121:9)
    at _runTestsForDescribeBlock (C:\Angular project-2\codebook\node_modules\jest-circus\build\run.js:121:9)
    at run (C:\Angular project-2\codebook\node_modules\jest-circus\build\run.js:71:3)
    at runAndTransformResultsToJestFormat (C:\Angular project-2\codebook\node_modules\jest-circus\build\legacy-code-todo-rewrite\jestAdapterInit.js:122:21)]]></failure>
    </testCase>
    <testCase name="AuthStore and AuthService AuthStore onInit Hook should load auth data from localStorage on init" duration="68"/>
    <testCase name="AuthStore and AuthService AuthStore onInit Hook should not update state if no auth data in localStorage" duration="18"/>
    <testCase name="AuthStore and AuthService AuthStore login Method should login successfully and update state" duration="25"/>
    <testCase name="AuthStore and AuthService AuthStore login Method should handle 401 error during login" duration="23"/>
    <testCase name="AuthStore and AuthService AuthStore login Method should handle generic error during login" duration="43"/>
    <testCase name="AuthStore and AuthService AuthStore login Method should handle error with error.error.message during login" duration="12"/>
    <testCase name="AuthStore and AuthService AuthStore login Method should set isLoading to true before HTTP request" duration="15">
      <failure message="Error: Property `patchState` does not exist in the provided object"><![CDATA[Error: Property `patchState` does not exist in the provided object
    at ModuleMocker.spyOn (C:\Angular project-2\codebook\node_modules\jest-mock\build\index.js:731:13)
    at C:\Angular project-2\codebook\src\app\login\auth.store.spec.ts:230:36
    at Generator.next (<anonymous>)
    at C:\Angular project-2\codebook\node_modules\tslib\tslib.js:170:75
    at new ZoneAwarePromise (C:\Angular project-2\codebook\node_modules\zone.js\bundles\zone.umd.js:2623:29)
    at Object.__awaiter (C:\Angular project-2\codebook\node_modules\tslib\tslib.js:166:16)
    at C:\Angular project-2\codebook\src\app\login\auth.store.spec.ts:225:73
    at _ZoneDelegate.invoke (C:\Angular project-2\codebook\node_modules\zone.js\bundles\zone.umd.js:416:32)
    at ProxyZoneSpec.Object.<anonymous>.ProxyZoneSpec.onInvoke (C:\Angular project-2\codebook\node_modules\zone.js\bundles\zone-testing.umd.js:2177:43)
    at _ZoneDelegate.invoke (C:\Angular project-2\codebook\node_modules\zone.js\bundles\zone.umd.js:415:38)
    at ZoneImpl.run (C:\Angular project-2\codebook\node_modules\zone.js\bundles\zone.umd.js:147:47)
    at Object.wrappedFunc (C:\Angular project-2\codebook\node_modules\zone.js\bundles\zone-testing.umd.js:450:38)
    at Promise.then.completed (C:\Angular project-2\codebook\node_modules\jest-circus\build\utils.js:298:28)
    at new Promise (<anonymous>)
    at callAsyncCircusFn (C:\Angular project-2\codebook\node_modules\jest-circus\build\utils.js:231:10)
    at _callCircusTest (C:\Angular project-2\codebook\node_modules\jest-circus\build\run.js:316:40)
    at processTicksAndRejections (node:internal/process/task_queues:105:5)
    at _runTest (C:\Angular project-2\codebook\node_modules\jest-circus\build\run.js:252:3)
    at _runTestsForDescribeBlock (C:\Angular project-2\codebook\node_modules\jest-circus\build\run.js:126:9)
    at _runTestsForDescribeBlock (C:\Angular project-2\codebook\node_modules\jest-circus\build\run.js:121:9)
    at _runTestsForDescribeBlock (C:\Angular project-2\codebook\node_modules\jest-circus\build\run.js:121:9)
    at _runTestsForDescribeBlock (C:\Angular project-2\codebook\node_modules\jest-circus\build\run.js:121:9)
    at run (C:\Angular project-2\codebook\node_modules\jest-circus\build\run.js:71:3)
    at runAndTransformResultsToJestFormat (C:\Angular project-2\codebook\node_modules\jest-circus\build\legacy-code-todo-rewrite\jestAdapterInit.js:122:21)]]></failure>
    </testCase>
    <testCase name="AuthStore and AuthService AuthStore signup Method should signup successfully and update state" duration="11"/>
    <testCase name="AuthStore and AuthService AuthStore signup Method should handle error during signup with error.error.message" duration="13"/>
    <testCase name="AuthStore and AuthService AuthStore signup Method should handle error during signup with error.message" duration="42"/>
    <testCase name="AuthStore and AuthService AuthStore signup Method should handle error during signup with default error message" duration="26"/>
    <testCase name="AuthStore and AuthService AuthStore signup Method should set isLoading to true before HTTP request" duration="55">
      <failure message="Error: Property `patchState` does not exist in the provided object"><![CDATA[Error: Property `patchState` does not exist in the provided object
    at ModuleMocker.spyOn (C:\Angular project-2\codebook\node_modules\jest-mock\build\index.js:731:13)
    at C:\Angular project-2\codebook\src\app\login\auth.store.spec.ts:309:36
    at Generator.next (<anonymous>)
    at C:\Angular project-2\codebook\node_modules\tslib\tslib.js:170:75
    at new ZoneAwarePromise (C:\Angular project-2\codebook\node_modules\zone.js\bundles\zone.umd.js:2623:29)
    at Object.__awaiter (C:\Angular project-2\codebook\node_modules\tslib\tslib.js:166:16)
    at C:\Angular project-2\codebook\src\app\login\auth.store.spec.ts:304:73
    at _ZoneDelegate.invoke (C:\Angular project-2\codebook\node_modules\zone.js\bundles\zone.umd.js:416:32)
    at ProxyZoneSpec.Object.<anonymous>.ProxyZoneSpec.onInvoke (C:\Angular project-2\codebook\node_modules\zone.js\bundles\zone-testing.umd.js:2177:43)
    at _ZoneDelegate.invoke (C:\Angular project-2\codebook\node_modules\zone.js\bundles\zone.umd.js:415:38)
    at ZoneImpl.run (C:\Angular project-2\codebook\node_modules\zone.js\bundles\zone.umd.js:147:47)
    at Object.wrappedFunc (C:\Angular project-2\codebook\node_modules\zone.js\bundles\zone-testing.umd.js:450:38)
    at Promise.then.completed (C:\Angular project-2\codebook\node_modules\jest-circus\build\utils.js:298:28)
    at new Promise (<anonymous>)
    at callAsyncCircusFn (C:\Angular project-2\codebook\node_modules\jest-circus\build\utils.js:231:10)
    at _callCircusTest (C:\Angular project-2\codebook\node_modules\jest-circus\build\run.js:316:40)
    at processTicksAndRejections (node:internal/process/task_queues:105:5)
    at _runTest (C:\Angular project-2\codebook\node_modules\jest-circus\build\run.js:252:3)
    at _runTestsForDescribeBlock (C:\Angular project-2\codebook\node_modules\jest-circus\build\run.js:126:9)
    at _runTestsForDescribeBlock (C:\Angular project-2\codebook\node_modules\jest-circus\build\run.js:121:9)
    at _runTestsForDescribeBlock (C:\Angular project-2\codebook\node_modules\jest-circus\build\run.js:121:9)
    at _runTestsForDescribeBlock (C:\Angular project-2\codebook\node_modules\jest-circus\build\run.js:121:9)
    at run (C:\Angular project-2\codebook\node_modules\jest-circus\build\run.js:71:3)
    at runAndTransformResultsToJestFormat (C:\Angular project-2\codebook\node_modules\jest-circus\build\legacy-code-todo-rewrite\jestAdapterInit.js:122:21)]]></failure>
    </testCase>
    <testCase name="AuthStore and AuthService AuthStore signout Method should sign out successfully and clear state" duration="14">
      <failure message="TypeError: authStore.patchState is not a function"><![CDATA[TypeError: authStore.patchState is not a function
    at C:\Angular project-2\codebook\src\app\login\auth.store.spec.ts:319:32
    at _ZoneDelegate.invoke (C:\Angular project-2\codebook\node_modules\zone.js\bundles\zone.umd.js:416:32)
    at ProxyZoneSpec.Object.<anonymous>.ProxyZoneSpec.onInvoke (C:\Angular project-2\codebook\node_modules\zone.js\bundles\zone-testing.umd.js:2177:43)
    at _ZoneDelegate.invoke (C:\Angular project-2\codebook\node_modules\zone.js\bundles\zone.umd.js:415:38)
    at ZoneImpl.run (C:\Angular project-2\codebook\node_modules\zone.js\bundles\zone.umd.js:147:47)
    at Object.wrappedFunc (C:\Angular project-2\codebook\node_modules\zone.js\bundles\zone-testing.umd.js:450:38)
    at Promise.then.completed (C:\Angular project-2\codebook\node_modules\jest-circus\build\utils.js:298:28)
    at new Promise (<anonymous>)
    at callAsyncCircusFn (C:\Angular project-2\codebook\node_modules\jest-circus\build\utils.js:231:10)
    at _callCircusTest (C:\Angular project-2\codebook\node_modules\jest-circus\build\run.js:316:40)
    at processTicksAndRejections (node:internal/process/task_queues:105:5)
    at _runTest (C:\Angular project-2\codebook\node_modules\jest-circus\build\run.js:252:3)
    at _runTestsForDescribeBlock (C:\Angular project-2\codebook\node_modules\jest-circus\build\run.js:126:9)
    at _runTestsForDescribeBlock (C:\Angular project-2\codebook\node_modules\jest-circus\build\run.js:121:9)
    at _runTestsForDescribeBlock (C:\Angular project-2\codebook\node_modules\jest-circus\build\run.js:121:9)
    at _runTestsForDescribeBlock (C:\Angular project-2\codebook\node_modules\jest-circus\build\run.js:121:9)
    at run (C:\Angular project-2\codebook\node_modules\jest-circus\build\run.js:71:3)
    at runAndTransformResultsToJestFormat (C:\Angular project-2\codebook\node_modules\jest-circus\build\legacy-code-todo-rewrite\jestAdapterInit.js:122:21)]]></failure>
    </testCase>
    <testCase name="AuthStore and AuthService AuthStore signout Method should handle error during signout" duration="39"/>
    <testCase name="AuthStore and AuthService AuthService should call login method of AuthStore" duration="10"/>
    <testCase name="AuthStore and AuthService AuthService should call signup method of AuthStore" duration="12"/>
    <testCase name="AuthStore and AuthService AuthService should call signout method of AuthStore" duration="30"/>
    <testCase name="AuthStore and AuthService AuthService should expose user signal getter with null value" duration="8">
      <failure message="TypeError: authStore.patchState is not a function"><![CDATA[TypeError: authStore.patchState is not a function
    at C:\Angular project-2\codebook\src\app\login\auth.store.spec.ts:380:30
    at _ZoneDelegate.invoke (C:\Angular project-2\codebook\node_modules\zone.js\bundles\zone.umd.js:416:32)
    at ProxyZoneSpec.Object.<anonymous>.ProxyZoneSpec.onInvoke (C:\Angular project-2\codebook\node_modules\zone.js\bundles\zone-testing.umd.js:2177:43)
    at _ZoneDelegate.invoke (C:\Angular project-2\codebook\node_modules\zone.js\bundles\zone.umd.js:415:38)
    at ZoneImpl.run (C:\Angular project-2\codebook\node_modules\zone.js\bundles\zone.umd.js:147:47)
    at Object.wrappedFunc (C:\Angular project-2\codebook\node_modules\zone.js\bundles\zone-testing.umd.js:450:38)
    at Promise.then.completed (C:\Angular project-2\codebook\node_modules\jest-circus\build\utils.js:298:28)
    at new Promise (<anonymous>)
    at callAsyncCircusFn (C:\Angular project-2\codebook\node_modules\jest-circus\build\utils.js:231:10)
    at _callCircusTest (C:\Angular project-2\codebook\node_modules\jest-circus\build\run.js:316:40)
    at processTicksAndRejections (node:internal/process/task_queues:105:5)
    at _runTest (C:\Angular project-2\codebook\node_modules\jest-circus\build\run.js:252:3)
    at _runTestsForDescribeBlock (C:\Angular project-2\codebook\node_modules\jest-circus\build\run.js:126:9)
    at _runTestsForDescribeBlock (C:\Angular project-2\codebook\node_modules\jest-circus\build\run.js:121:9)
    at _runTestsForDescribeBlock (C:\Angular project-2\codebook\node_modules\jest-circus\build\run.js:121:9)
    at run (C:\Angular project-2\codebook\node_modules\jest-circus\build\run.js:71:3)
    at runAndTransformResultsToJestFormat (C:\Angular project-2\codebook\node_modules\jest-circus\build\legacy-code-todo-rewrite\jestAdapterInit.js:122:21)]]></failure>
    </testCase>
    <testCase name="AuthStore and AuthService AuthService should expose user signal getter with user value" duration="34">
      <failure message="TypeError: authStore.patchState is not a function"><![CDATA[TypeError: authStore.patchState is not a function
    at C:\Angular project-2\codebook\src\app\login\auth.store.spec.ts:386:30
    at _ZoneDelegate.invoke (C:\Angular project-2\codebook\node_modules\zone.js\bundles\zone.umd.js:416:32)
    at ProxyZoneSpec.Object.<anonymous>.ProxyZoneSpec.onInvoke (C:\Angular project-2\codebook\node_modules\zone.js\bundles\zone-testing.umd.js:2177:43)
    at _ZoneDelegate.invoke (C:\Angular project-2\codebook\node_modules\zone.js\bundles\zone.umd.js:415:38)
    at ZoneImpl.run (C:\Angular project-2\codebook\node_modules\zone.js\bundles\zone.umd.js:147:47)
    at Object.wrappedFunc (C:\Angular project-2\codebook\node_modules\zone.js\bundles\zone-testing.umd.js:450:38)
    at Promise.then.completed (C:\Angular project-2\codebook\node_modules\jest-circus\build\utils.js:298:28)
    at new Promise (<anonymous>)
    at callAsyncCircusFn (C:\Angular project-2\codebook\node_modules\jest-circus\build\utils.js:231:10)
    at _callCircusTest (C:\Angular project-2\codebook\node_modules\jest-circus\build\run.js:316:40)
    at processTicksAndRejections (node:internal/process/task_queues:105:5)
    at _runTest (C:\Angular project-2\codebook\node_modules\jest-circus\build\run.js:252:3)
    at _runTestsForDescribeBlock (C:\Angular project-2\codebook\node_modules\jest-circus\build\run.js:126:9)
    at _runTestsForDescribeBlock (C:\Angular project-2\codebook\node_modules\jest-circus\build\run.js:121:9)
    at _runTestsForDescribeBlock (C:\Angular project-2\codebook\node_modules\jest-circus\build\run.js:121:9)
    at run (C:\Angular project-2\codebook\node_modules\jest-circus\build\run.js:71:3)
    at runAndTransformResultsToJestFormat (C:\Angular project-2\codebook\node_modules\jest-circus\build\legacy-code-todo-rewrite\jestAdapterInit.js:122:21)]]></failure>
    </testCase>
    <testCase name="AuthStore and AuthService AuthService should expose isAuthenticated signal getter with true value" duration="18">
      <failure message="TypeError: authStore.patchState is not a function"><![CDATA[TypeError: authStore.patchState is not a function
    at C:\Angular project-2\codebook\src\app\login\auth.store.spec.ts:391:30
    at _ZoneDelegate.invoke (C:\Angular project-2\codebook\node_modules\zone.js\bundles\zone.umd.js:416:32)
    at ProxyZoneSpec.Object.<anonymous>.ProxyZoneSpec.onInvoke (C:\Angular project-2\codebook\node_modules\zone.js\bundles\zone-testing.umd.js:2177:43)
    at _ZoneDelegate.invoke (C:\Angular project-2\codebook\node_modules\zone.js\bundles\zone.umd.js:415:38)
    at ZoneImpl.run (C:\Angular project-2\codebook\node_modules\zone.js\bundles\zone.umd.js:147:47)
    at Object.wrappedFunc (C:\Angular project-2\codebook\node_modules\zone.js\bundles\zone-testing.umd.js:450:38)
    at Promise.then.completed (C:\Angular project-2\codebook\node_modules\jest-circus\build\utils.js:298:28)
    at new Promise (<anonymous>)
    at callAsyncCircusFn (C:\Angular project-2\codebook\node_modules\jest-circus\build\utils.js:231:10)
    at _callCircusTest (C:\Angular project-2\codebook\node_modules\jest-circus\build\run.js:316:40)
    at processTicksAndRejections (node:internal/process/task_queues:105:5)
    at _runTest (C:\Angular project-2\codebook\node_modules\jest-circus\build\run.js:252:3)
    at _runTestsForDescribeBlock (C:\Angular project-2\codebook\node_modules\jest-circus\build\run.js:126:9)
    at _runTestsForDescribeBlock (C:\Angular project-2\codebook\node_modules\jest-circus\build\run.js:121:9)
    at _runTestsForDescribeBlock (C:\Angular project-2\codebook\node_modules\jest-circus\build\run.js:121:9)
    at run (C:\Angular project-2\codebook\node_modules\jest-circus\build\run.js:71:3)
    at runAndTransformResultsToJestFormat (C:\Angular project-2\codebook\node_modules\jest-circus\build\legacy-code-todo-rewrite\jestAdapterInit.js:122:21)]]></failure>
    </testCase>
    <testCase name="AuthStore and AuthService AuthService should expose isAuthenticated signal getter with false value" duration="29">
      <failure message="TypeError: authStore.patchState is not a function"><![CDATA[TypeError: authStore.patchState is not a function
    at C:\Angular project-2\codebook\src\app\login\auth.store.spec.ts:396:30
    at _ZoneDelegate.invoke (C:\Angular project-2\codebook\node_modules\zone.js\bundles\zone.umd.js:416:32)
    at ProxyZoneSpec.Object.<anonymous>.ProxyZoneSpec.onInvoke (C:\Angular project-2\codebook\node_modules\zone.js\bundles\zone-testing.umd.js:2177:43)
    at _ZoneDelegate.invoke (C:\Angular project-2\codebook\node_modules\zone.js\bundles\zone.umd.js:415:38)
    at ZoneImpl.run (C:\Angular project-2\codebook\node_modules\zone.js\bundles\zone.umd.js:147:47)
    at Object.wrappedFunc (C:\Angular project-2\codebook\node_modules\zone.js\bundles\zone-testing.umd.js:450:38)
    at Promise.then.completed (C:\Angular project-2\codebook\node_modules\jest-circus\build\utils.js:298:28)
    at new Promise (<anonymous>)
    at callAsyncCircusFn (C:\Angular project-2\codebook\node_modules\jest-circus\build\utils.js:231:10)
    at _callCircusTest (C:\Angular project-2\codebook\node_modules\jest-circus\build\run.js:316:40)
    at processTicksAndRejections (node:internal/process/task_queues:105:5)
    at _runTest (C:\Angular project-2\codebook\node_modules\jest-circus\build\run.js:252:3)
    at _runTestsForDescribeBlock (C:\Angular project-2\codebook\node_modules\jest-circus\build\run.js:126:9)
    at _runTestsForDescribeBlock (C:\Angular project-2\codebook\node_modules\jest-circus\build\run.js:121:9)
    at _runTestsForDescribeBlock (C:\Angular project-2\codebook\node_modules\jest-circus\build\run.js:121:9)
    at run (C:\Angular project-2\codebook\node_modules\jest-circus\build\run.js:71:3)
    at runAndTransformResultsToJestFormat (C:\Angular project-2\codebook\node_modules\jest-circus\build\legacy-code-todo-rewrite\jestAdapterInit.js:122:21)]]></failure>
    </testCase>
    <testCase name="AuthStore and AuthService AuthService should expose isLoading signal getter with true value" duration="15">
      <failure message="TypeError: authStore.patchState is not a function"><![CDATA[TypeError: authStore.patchState is not a function
    at C:\Angular project-2\codebook\src\app\login\auth.store.spec.ts:401:30
    at _ZoneDelegate.invoke (C:\Angular project-2\codebook\node_modules\zone.js\bundles\zone.umd.js:416:32)
    at ProxyZoneSpec.Object.<anonymous>.ProxyZoneSpec.onInvoke (C:\Angular project-2\codebook\node_modules\zone.js\bundles\zone-testing.umd.js:2177:43)
    at _ZoneDelegate.invoke (C:\Angular project-2\codebook\node_modules\zone.js\bundles\zone.umd.js:415:38)
    at ZoneImpl.run (C:\Angular project-2\codebook\node_modules\zone.js\bundles\zone.umd.js:147:47)
    at Object.wrappedFunc (C:\Angular project-2\codebook\node_modules\zone.js\bundles\zone-testing.umd.js:450:38)
    at Promise.then.completed (C:\Angular project-2\codebook\node_modules\jest-circus\build\utils.js:298:28)
    at new Promise (<anonymous>)
    at callAsyncCircusFn (C:\Angular project-2\codebook\node_modules\jest-circus\build\utils.js:231:10)
    at _callCircusTest (C:\Angular project-2\codebook\node_modules\jest-circus\build\run.js:316:40)
    at processTicksAndRejections (node:internal/process/task_queues:105:5)
    at _runTest (C:\Angular project-2\codebook\node_modules\jest-circus\build\run.js:252:3)
    at _runTestsForDescribeBlock (C:\Angular project-2\codebook\node_modules\jest-circus\build\run.js:126:9)
    at _runTestsForDescribeBlock (C:\Angular project-2\codebook\node_modules\jest-circus\build\run.js:121:9)
    at _runTestsForDescribeBlock (C:\Angular project-2\codebook\node_modules\jest-circus\build\run.js:121:9)
    at run (C:\Angular project-2\codebook\node_modules\jest-circus\build\run.js:71:3)
    at runAndTransformResultsToJestFormat (C:\Angular project-2\codebook\node_modules\jest-circus\build\legacy-code-todo-rewrite\jestAdapterInit.js:122:21)]]></failure>
    </testCase>
    <testCase name="AuthStore and AuthService AuthService should expose isLoading signal getter with false value" duration="22">
      <failure message="TypeError: authStore.patchState is not a function"><![CDATA[TypeError: authStore.patchState is not a function
    at C:\Angular project-2\codebook\src\app\login\auth.store.spec.ts:406:30
    at _ZoneDelegate.invoke (C:\Angular project-2\codebook\node_modules\zone.js\bundles\zone.umd.js:416:32)
    at ProxyZoneSpec.Object.<anonymous>.ProxyZoneSpec.onInvoke (C:\Angular project-2\codebook\node_modules\zone.js\bundles\zone-testing.umd.js:2177:43)
    at _ZoneDelegate.invoke (C:\Angular project-2\codebook\node_modules\zone.js\bundles\zone.umd.js:415:38)
    at ZoneImpl.run (C:\Angular project-2\codebook\node_modules\zone.js\bundles\zone.umd.js:147:47)
    at Object.wrappedFunc (C:\Angular project-2\codebook\node_modules\zone.js\bundles\zone-testing.umd.js:450:38)
    at Promise.then.completed (C:\Angular project-2\codebook\node_modules\jest-circus\build\utils.js:298:28)
    at new Promise (<anonymous>)
    at callAsyncCircusFn (C:\Angular project-2\codebook\node_modules\jest-circus\build\utils.js:231:10)
    at _callCircusTest (C:\Angular project-2\codebook\node_modules\jest-circus\build\run.js:316:40)
    at processTicksAndRejections (node:internal/process/task_queues:105:5)
    at _runTest (C:\Angular project-2\codebook\node_modules\jest-circus\build\run.js:252:3)
    at _runTestsForDescribeBlock (C:\Angular project-2\codebook\node_modules\jest-circus\build\run.js:126:9)
    at _runTestsForDescribeBlock (C:\Angular project-2\codebook\node_modules\jest-circus\build\run.js:121:9)
    at _runTestsForDescribeBlock (C:\Angular project-2\codebook\node_modules\jest-circus\build\run.js:121:9)
    at run (C:\Angular project-2\codebook\node_modules\jest-circus\build\run.js:71:3)
    at runAndTransformResultsToJestFormat (C:\Angular project-2\codebook\node_modules\jest-circus\build\legacy-code-todo-rewrite\jestAdapterInit.js:122:21)]]></failure>
    </testCase>
    <testCase name="AuthStore and AuthService AuthService should expose error signal getter with null value" duration="20">
      <failure message="TypeError: authStore.patchState is not a function"><![CDATA[TypeError: authStore.patchState is not a function
    at C:\Angular project-2\codebook\src\app\login\auth.store.spec.ts:411:30
    at _ZoneDelegate.invoke (C:\Angular project-2\codebook\node_modules\zone.js\bundles\zone.umd.js:416:32)
    at ProxyZoneSpec.Object.<anonymous>.ProxyZoneSpec.onInvoke (C:\Angular project-2\codebook\node_modules\zone.js\bundles\zone-testing.umd.js:2177:43)
    at _ZoneDelegate.invoke (C:\Angular project-2\codebook\node_modules\zone.js\bundles\zone.umd.js:415:38)
    at ZoneImpl.run (C:\Angular project-2\codebook\node_modules\zone.js\bundles\zone.umd.js:147:47)
    at Object.wrappedFunc (C:\Angular project-2\codebook\node_modules\zone.js\bundles\zone-testing.umd.js:450:38)
    at Promise.then.completed (C:\Angular project-2\codebook\node_modules\jest-circus\build\utils.js:298:28)
    at new Promise (<anonymous>)
    at callAsyncCircusFn (C:\Angular project-2\codebook\node_modules\jest-circus\build\utils.js:231:10)
    at _callCircusTest (C:\Angular project-2\codebook\node_modules\jest-circus\build\run.js:316:40)
    at processTicksAndRejections (node:internal/process/task_queues:105:5)
    at _runTest (C:\Angular project-2\codebook\node_modules\jest-circus\build\run.js:252:3)
    at _runTestsForDescribeBlock (C:\Angular project-2\codebook\node_modules\jest-circus\build\run.js:126:9)
    at _runTestsForDescribeBlock (C:\Angular project-2\codebook\node_modules\jest-circus\build\run.js:121:9)
    at _runTestsForDescribeBlock (C:\Angular project-2\codebook\node_modules\jest-circus\build\run.js:121:9)
    at run (C:\Angular project-2\codebook\node_modules\jest-circus\build\run.js:71:3)
    at runAndTransformResultsToJestFormat (C:\Angular project-2\codebook\node_modules\jest-circus\build\legacy-code-todo-rewrite\jestAdapterInit.js:122:21)]]></failure>
    </testCase>
    <testCase name="AuthStore and AuthService AuthService should expose error signal getter with error value" duration="13">
      <failure message="TypeError: authStore.patchState is not a function"><![CDATA[TypeError: authStore.patchState is not a function
    at C:\Angular project-2\codebook\src\app\login\auth.store.spec.ts:416:30
    at _ZoneDelegate.invoke (C:\Angular project-2\codebook\node_modules\zone.js\bundles\zone.umd.js:416:32)
    at ProxyZoneSpec.Object.<anonymous>.ProxyZoneSpec.onInvoke (C:\Angular project-2\codebook\node_modules\zone.js\bundles\zone-testing.umd.js:2177:43)
    at _ZoneDelegate.invoke (C:\Angular project-2\codebook\node_modules\zone.js\bundles\zone.umd.js:415:38)
    at ZoneImpl.run (C:\Angular project-2\codebook\node_modules\zone.js\bundles\zone.umd.js:147:47)
    at Object.wrappedFunc (C:\Angular project-2\codebook\node_modules\zone.js\bundles\zone-testing.umd.js:450:38)
    at Promise.then.completed (C:\Angular project-2\codebook\node_modules\jest-circus\build\utils.js:298:28)
    at new Promise (<anonymous>)
    at callAsyncCircusFn (C:\Angular project-2\codebook\node_modules\jest-circus\build\utils.js:231:10)
    at _callCircusTest (C:\Angular project-2\codebook\node_modules\jest-circus\build\run.js:316:40)
    at processTicksAndRejections (node:internal/process/task_queues:105:5)
    at _runTest (C:\Angular project-2\codebook\node_modules\jest-circus\build\run.js:252:3)
    at _runTestsForDescribeBlock (C:\Angular project-2\codebook\node_modules\jest-circus\build\run.js:126:9)
    at _runTestsForDescribeBlock (C:\Angular project-2\codebook\node_modules\jest-circus\build\run.js:121:9)
    at _runTestsForDescribeBlock (C:\Angular project-2\codebook\node_modules\jest-circus\build\run.js:121:9)
    at run (C:\Angular project-2\codebook\node_modules\jest-circus\build\run.js:71:3)
    at runAndTransformResultsToJestFormat (C:\Angular project-2\codebook\node_modules\jest-circus\build\legacy-code-todo-rewrite\jestAdapterInit.js:122:21)]]></failure>
    </testCase>
  </file>
  <file path="C:\Angular project-2\codebook\src\app\pages\business\store\business.store.spec.ts">
    <testCase name="BusinessStore should be created" duration="26"/>
    <testCase name="BusinessStore initial state should have initial state" duration="16"/>
    <testCase name="BusinessStore loadBusinesses should load businesses from localStorage" duration="7"/>
    <testCase name="BusinessStore loadBusinesses should handle empty localStorage" duration="8"/>
    <testCase name="BusinessStore loadBusinesses should handle parsing error" duration="22"/>
    <testCase name="BusinessStore addBusiness should add a new business" duration="11"/>
    <testCase name="BusinessStore addBusiness should handle error when adding business" duration="10"/>
    <testCase name="BusinessStore updateBusiness should update an existing business" duration="21"/>
    <testCase name="BusinessStore updateBusiness should handle business not found" duration="14"/>
    <testCase name="BusinessStore updateBusiness should handle storage error" duration="14"/>
    <testCase name="BusinessStore deleteBusiness should delete a business" duration="13"/>
    <testCase name="BusinessStore deleteBusiness should handle storage error" duration="9"/>
    <testCase name="BusinessStore deleteBusiness should not fail when deleting non-existent business" duration="10"/>
    <testCase name="BusinessStore getBusiness should get a business by id" duration="15"/>
    <testCase name="BusinessStore getBusiness should return undefined for non-existent id" duration="16"/>
    <testCase name="BusinessStore getBusiness should set error if something goes wrong" duration="15"/>
    <testCase name="BusinessStore businessCount should return correct count of businesses" duration="17">
      <failure message="Error: expect(received).toBe(expected) // Object.is equality"><![CDATA[Error: expect(received).toBe(expected) // Object.is equality

Expected: 0
Received: 1
    at C:\Angular project-2\codebook\src\app\pages\business\store\business.store.spec.ts:280:37
    at _ZoneDelegate.invoke (C:\Angular project-2\codebook\node_modules\zone.js\bundles\zone.umd.js:416:32)
    at ProxyZoneSpec.Object.<anonymous>.ProxyZoneSpec.onInvoke (C:\Angular project-2\codebook\node_modules\zone.js\bundles\zone-testing.umd.js:2177:43)
    at _ZoneDelegate.invoke (C:\Angular project-2\codebook\node_modules\zone.js\bundles\zone.umd.js:415:38)
    at ZoneImpl.run (C:\Angular project-2\codebook\node_modules\zone.js\bundles\zone.umd.js:147:47)
    at Object.wrappedFunc (C:\Angular project-2\codebook\node_modules\zone.js\bundles\zone-testing.umd.js:450:38)
    at Promise.then.completed (C:\Angular project-2\codebook\node_modules\jest-circus\build\utils.js:298:28)
    at new Promise (<anonymous>)
    at callAsyncCircusFn (C:\Angular project-2\codebook\node_modules\jest-circus\build\utils.js:231:10)
    at _callCircusTest (C:\Angular project-2\codebook\node_modules\jest-circus\build\run.js:316:40)
    at processTicksAndRejections (node:internal/process/task_queues:105:5)
    at _runTest (C:\Angular project-2\codebook\node_modules\jest-circus\build\run.js:252:3)
    at _runTestsForDescribeBlock (C:\Angular project-2\codebook\node_modules\jest-circus\build\run.js:126:9)
    at _runTestsForDescribeBlock (C:\Angular project-2\codebook\node_modules\jest-circus\build\run.js:121:9)
    at _runTestsForDescribeBlock (C:\Angular project-2\codebook\node_modules\jest-circus\build\run.js:121:9)
    at run (C:\Angular project-2\codebook\node_modules\jest-circus\build\run.js:71:3)
    at runAndTransformResultsToJestFormat (C:\Angular project-2\codebook\node_modules\jest-circus\build\legacy-code-todo-rewrite\jestAdapterInit.js:122:21)]]></failure>
    </testCase>
    <testCase name="BusinessStore onInit should load businesses on initialization" duration="11">
      <failure message="Error: expect(received).toBe(expected) // Object.is equality"><![CDATA[Error: expect(received).toBe(expected) // Object.is equality

Expected: 1
Received: 0
    at C:\Angular project-2\codebook\src\app\pages\business\store\business.store.spec.ts:321:44
    at _ZoneDelegate.invoke (C:\Angular project-2\codebook\node_modules\zone.js\bundles\zone.umd.js:416:32)
    at ProxyZoneSpec.Object.<anonymous>.ProxyZoneSpec.onInvoke (C:\Angular project-2\codebook\node_modules\zone.js\bundles\zone-testing.umd.js:2177:43)
    at _ZoneDelegate.invoke (C:\Angular project-2\codebook\node_modules\zone.js\bundles\zone.umd.js:415:38)
    at ZoneImpl.run (C:\Angular project-2\codebook\node_modules\zone.js\bundles\zone.umd.js:147:47)
    at Object.wrappedFunc (C:\Angular project-2\codebook\node_modules\zone.js\bundles\zone-testing.umd.js:450:38)
    at Promise.then.completed (C:\Angular project-2\codebook\node_modules\jest-circus\build\utils.js:298:28)
    at new Promise (<anonymous>)
    at callAsyncCircusFn (C:\Angular project-2\codebook\node_modules\jest-circus\build\utils.js:231:10)
    at _callCircusTest (C:\Angular project-2\codebook\node_modules\jest-circus\build\run.js:316:40)
    at processTicksAndRejections (node:internal/process/task_queues:105:5)
    at _runTest (C:\Angular project-2\codebook\node_modules\jest-circus\build\run.js:252:3)
    at _runTestsForDescribeBlock (C:\Angular project-2\codebook\node_modules\jest-circus\build\run.js:126:9)
    at _runTestsForDescribeBlock (C:\Angular project-2\codebook\node_modules\jest-circus\build\run.js:121:9)
    at _runTestsForDescribeBlock (C:\Angular project-2\codebook\node_modules\jest-circus\build\run.js:121:9)
    at run (C:\Angular project-2\codebook\node_modules\jest-circus\build\run.js:71:3)
    at runAndTransformResultsToJestFormat (C:\Angular project-2\codebook\node_modules\jest-circus\build\legacy-code-todo-rewrite\jestAdapterInit.js:122:21)]]></failure>
    </testCase>
  </file>
  <file path="C:\Angular project-2\codebook\src\app\services\theme\theme.service.spec.ts">
    <testCase name="ThemeService Initialization should initialize with deep-blue theme" duration="34">
      <failure message="Error: expect(jest.fn()).toHaveBeenCalledWith(...expected)"><![CDATA[Error: expect(jest.fn()).toHaveBeenCalledWith(...expected)

Expected: "deep-blue-light-theme"

Number of calls: 0
    at C:\Angular project-2\codebook\src\app\services\theme\theme.service.spec.ts:58:43
    at _ZoneDelegate.invoke (C:\Angular project-2\codebook\node_modules\zone.js\bundles\zone.umd.js:416:32)
    at ProxyZoneSpec.Object.<anonymous>.ProxyZoneSpec.onInvoke (C:\Angular project-2\codebook\node_modules\zone.js\bundles\zone-testing.umd.js:2177:43)
    at _ZoneDelegate.invoke (C:\Angular project-2\codebook\node_modules\zone.js\bundles\zone.umd.js:415:38)
    at ZoneImpl.run (C:\Angular project-2\codebook\node_modules\zone.js\bundles\zone.umd.js:147:47)
    at Object.wrappedFunc (C:\Angular project-2\codebook\node_modules\zone.js\bundles\zone-testing.umd.js:450:38)
    at Promise.then.completed (C:\Angular project-2\codebook\node_modules\jest-circus\build\utils.js:298:28)
    at new Promise (<anonymous>)
    at callAsyncCircusFn (C:\Angular project-2\codebook\node_modules\jest-circus\build\utils.js:231:10)
    at _callCircusTest (C:\Angular project-2\codebook\node_modules\jest-circus\build\run.js:316:40)
    at processTicksAndRejections (node:internal/process/task_queues:105:5)
    at _runTest (C:\Angular project-2\codebook\node_modules\jest-circus\build\run.js:252:3)
    at _runTestsForDescribeBlock (C:\Angular project-2\codebook\node_modules\jest-circus\build\run.js:126:9)
    at _runTestsForDescribeBlock (C:\Angular project-2\codebook\node_modules\jest-circus\build\run.js:121:9)
    at _runTestsForDescribeBlock (C:\Angular project-2\codebook\node_modules\jest-circus\build\run.js:121:9)
    at run (C:\Angular project-2\codebook\node_modules\jest-circus\build\run.js:71:3)
    at runAndTransformResultsToJestFormat (C:\Angular project-2\codebook\node_modules\jest-circus\build\legacy-code-todo-rewrite\jestAdapterInit.js:122:21)]]></failure>
    </testCase>
    <testCase name="ThemeService Initialization should remove all theme classes during initialization" duration="39">
      <failure message="Error: expect(jest.fn()).toHaveBeenCalledWith(...expected)"><![CDATA[Error: expect(jest.fn()).toHaveBeenCalledWith(...expected)

Expected: "deep-blue-dark-theme", "deep-blue-light-theme", "green-dark-theme", "green-light-theme", "orange-dark-theme", "orange-light-theme", "purple-dark-theme", "purple-light-theme", "red-dark-theme", "red-light-theme"

Number of calls: 0
    at C:\Angular project-2\codebook\src\app\services\theme\theme.service.spec.ts:71:46
    at _ZoneDelegate.invoke (C:\Angular project-2\codebook\node_modules\zone.js\bundles\zone.umd.js:416:32)
    at ProxyZoneSpec.Object.<anonymous>.ProxyZoneSpec.onInvoke (C:\Angular project-2\codebook\node_modules\zone.js\bundles\zone-testing.umd.js:2177:43)
    at _ZoneDelegate.invoke (C:\Angular project-2\codebook\node_modules\zone.js\bundles\zone.umd.js:415:38)
    at ZoneImpl.run (C:\Angular project-2\codebook\node_modules\zone.js\bundles\zone.umd.js:147:47)
    at Object.wrappedFunc (C:\Angular project-2\codebook\node_modules\zone.js\bundles\zone-testing.umd.js:450:38)
    at Promise.then.completed (C:\Angular project-2\codebook\node_modules\jest-circus\build\utils.js:298:28)
    at new Promise (<anonymous>)
    at callAsyncCircusFn (C:\Angular project-2\codebook\node_modules\jest-circus\build\utils.js:231:10)
    at _callCircusTest (C:\Angular project-2\codebook\node_modules\jest-circus\build\run.js:316:40)
    at processTicksAndRejections (node:internal/process/task_queues:105:5)
    at _runTest (C:\Angular project-2\codebook\node_modules\jest-circus\build\run.js:252:3)
    at _runTestsForDescribeBlock (C:\Angular project-2\codebook\node_modules\jest-circus\build\run.js:126:9)
    at _runTestsForDescribeBlock (C:\Angular project-2\codebook\node_modules\jest-circus\build\run.js:121:9)
    at _runTestsForDescribeBlock (C:\Angular project-2\codebook\node_modules\jest-circus\build\run.js:121:9)
    at run (C:\Angular project-2\codebook\node_modules\jest-circus\build\run.js:71:3)
    at runAndTransformResultsToJestFormat (C:\Angular project-2\codebook\node_modules\jest-circus\build\legacy-code-todo-rewrite\jestAdapterInit.js:122:21)]]></failure>
    </testCase>
    <testCase name="ThemeService getThemes should return the list of themes" duration="43"/>
    <testCase name="ThemeService setTheme should set theme to green and apply light theme class when not in dark mode" duration="26"/>
    <testCase name="ThemeService setTheme should set theme to purple and apply dark theme class when in dark mode" duration="14"/>
    <testCase name="ThemeService setTheme should not change theme if themeId is invalid" duration="14">
      <failure message="Error: expect(jest.fn()).toHaveBeenCalledTimes(expected)"><![CDATA[Error: expect(jest.fn()).toHaveBeenCalledTimes(expected)

Expected number of calls: 1
Received number of calls: 0
    at C:\Angular project-2\codebook\src\app\services\theme\theme.service.spec.ts:168:43
    at _ZoneDelegate.invoke (C:\Angular project-2\codebook\node_modules\zone.js\bundles\zone.umd.js:416:32)
    at ProxyZoneSpec.Object.<anonymous>.ProxyZoneSpec.onInvoke (C:\Angular project-2\codebook\node_modules\zone.js\bundles\zone-testing.umd.js:2177:43)
    at _ZoneDelegate.invoke (C:\Angular project-2\codebook\node_modules\zone.js\bundles\zone.umd.js:415:38)
    at ZoneImpl.run (C:\Angular project-2\codebook\node_modules\zone.js\bundles\zone.umd.js:147:47)
    at Object.wrappedFunc (C:\Angular project-2\codebook\node_modules\zone.js\bundles\zone-testing.umd.js:450:38)
    at Promise.then.completed (C:\Angular project-2\codebook\node_modules\jest-circus\build\utils.js:298:28)
    at new Promise (<anonymous>)
    at callAsyncCircusFn (C:\Angular project-2\codebook\node_modules\jest-circus\build\utils.js:231:10)
    at _callCircusTest (C:\Angular project-2\codebook\node_modules\jest-circus\build\run.js:316:40)
    at processTicksAndRejections (node:internal/process/task_queues:105:5)
    at _runTest (C:\Angular project-2\codebook\node_modules\jest-circus\build\run.js:252:3)
    at _runTestsForDescribeBlock (C:\Angular project-2\codebook\node_modules\jest-circus\build\run.js:126:9)
    at _runTestsForDescribeBlock (C:\Angular project-2\codebook\node_modules\jest-circus\build\run.js:121:9)
    at _runTestsForDescribeBlock (C:\Angular project-2\codebook\node_modules\jest-circus\build\run.js:121:9)
    at run (C:\Angular project-2\codebook\node_modules\jest-circus\build\run.js:71:3)
    at runAndTransformResultsToJestFormat (C:\Angular project-2\codebook\node_modules\jest-circus\build\legacy-code-todo-rewrite\jestAdapterInit.js:122:21)]]></failure>
    </testCase>
    <testCase name="ThemeService applyCurrentTheme should apply light theme class when not in dark mode" duration="11"/>
    <testCase name="ThemeService applyCurrentTheme should apply dark theme class when in dark mode" duration="13"/>
    <testCase name="ThemeService Effect should reapply theme when dark mode changes" duration="28"/>
    <testCase name="ThemeService Effect should call applyCurrentTheme when effect is triggered" duration="11"/>
  </file>
  <file path="C:\Angular project-2\codebook\src\app\services\responsive\responsive.service.spec.ts">
    <testCase name="ResponsiveService currentBreakpoint should return &quot;xsmall&quot; when XSmall breakpoint is matched" duration="11"/>
    <testCase name="ResponsiveService currentBreakpoint should return &quot;small&quot; when Small breakpoint is matched" duration="4"/>
    <testCase name="ResponsiveService currentBreakpoint should return &quot;medium&quot; when Medium breakpoint is matched" duration="4"/>
    <testCase name="ResponsiveService currentBreakpoint should return &quot;large&quot; when Large breakpoint is matched" duration="4"/>
    <testCase name="ResponsiveService currentBreakpoint should return &quot;xlarge&quot; when XLarge breakpoint is matched" duration="5"/>
    <testCase name="ResponsiveService currentBreakpoint should return &quot;xlarge&quot; when no breakpoints are matched" duration="5"/>
    <testCase name="ResponsiveService isMobile should return true when XSmall breakpoint is matched" duration="3"/>
    <testCase name="ResponsiveService isMobile should return false when XSmall breakpoint is not matched" duration="4"/>
    <testCase name="ResponsiveService isTablet should return true when Small breakpoint is matched" duration="4"/>
    <testCase name="ResponsiveService isTablet should return true when Medium breakpoint is matched" duration="6"/>
    <testCase name="ResponsiveService isTablet should return false when neither Small nor Medium breakpoints are matched" duration="17"/>
    <testCase name="ResponsiveService isDesktop should return true when Large breakpoint is matched" duration="5"/>
    <testCase name="ResponsiveService isDesktop should return true when XLarge breakpoint is matched" duration="6"/>
    <testCase name="ResponsiveService isDesktop should return false when neither Large nor XLarge breakpoints are matched" duration="5"/>
  </file>
  <file path="C:\Angular project-2\codebook\src\app\login\login\login.component.spec.ts">
    <testCase name="LoginComponent should create the component" duration="631"/>
    <testCase name="LoginComponent should initialize the form with correct controls" duration="123"/>
    <testCase name="LoginComponent should set validators correctly in login mode" duration="62">
      <failure message="Error: expect(received).toBe(expected) // Object.is equality"><![CDATA[Error: expect(received).toBe(expected) // Object.is equality

Expected: true
Received: false
    at C:\Angular project-2\codebook\src\app\login\login\login.component.spec.ts:79:89
    at _ZoneDelegate.invoke (C:\Angular project-2\codebook\node_modules\zone.js\bundles\zone.umd.js:416:32)
    at ProxyZoneSpec.Object.<anonymous>.ProxyZoneSpec.onInvoke (C:\Angular project-2\codebook\node_modules\zone.js\bundles\zone-testing.umd.js:2177:43)
    at _ZoneDelegate.invoke (C:\Angular project-2\codebook\node_modules\zone.js\bundles\zone.umd.js:415:38)
    at ZoneImpl.run (C:\Angular project-2\codebook\node_modules\zone.js\bundles\zone.umd.js:147:47)
    at Object.wrappedFunc (C:\Angular project-2\codebook\node_modules\zone.js\bundles\zone-testing.umd.js:450:38)
    at Promise.then.completed (C:\Angular project-2\codebook\node_modules\jest-circus\build\utils.js:298:28)
    at new Promise (<anonymous>)
    at callAsyncCircusFn (C:\Angular project-2\codebook\node_modules\jest-circus\build\utils.js:231:10)
    at _callCircusTest (C:\Angular project-2\codebook\node_modules\jest-circus\build\run.js:316:40)
    at processTicksAndRejections (node:internal/process/task_queues:105:5)
    at _runTest (C:\Angular project-2\codebook\node_modules\jest-circus\build\run.js:252:3)
    at _runTestsForDescribeBlock (C:\Angular project-2\codebook\node_modules\jest-circus\build\run.js:126:9)
    at _runTestsForDescribeBlock (C:\Angular project-2\codebook\node_modules\jest-circus\build\run.js:121:9)
    at run (C:\Angular project-2\codebook\node_modules\jest-circus\build\run.js:71:3)
    at runAndTransformResultsToJestFormat (C:\Angular project-2\codebook\node_modules\jest-circus\build\legacy-code-todo-rewrite\jestAdapterInit.js:122:21)]]></failure>
    </testCase>
    <testCase name="LoginComponent should set validators correctly in signup mode" duration="173">
      <failure message="Error: expect(received).toBe(expected) // Object.is equality"><![CDATA[Error: expect(received).toBe(expected) // Object.is equality

Expected: true
Received: false
    at C:\Angular project-2\codebook\src\app\login\login\login.component.spec.ts:88:88
    at _ZoneDelegate.invoke (C:\Angular project-2\codebook\node_modules\zone.js\bundles\zone.umd.js:416:32)
    at ProxyZoneSpec.Object.<anonymous>.ProxyZoneSpec.onInvoke (C:\Angular project-2\codebook\node_modules\zone.js\bundles\zone-testing.umd.js:2177:43)
    at _ZoneDelegate.invoke (C:\Angular project-2\codebook\node_modules\zone.js\bundles\zone.umd.js:415:38)
    at ZoneImpl.run (C:\Angular project-2\codebook\node_modules\zone.js\bundles\zone.umd.js:147:47)
    at Object.wrappedFunc (C:\Angular project-2\codebook\node_modules\zone.js\bundles\zone-testing.umd.js:450:38)
    at Promise.then.completed (C:\Angular project-2\codebook\node_modules\jest-circus\build\utils.js:298:28)
    at new Promise (<anonymous>)
    at callAsyncCircusFn (C:\Angular project-2\codebook\node_modules\jest-circus\build\utils.js:231:10)
    at _callCircusTest (C:\Angular project-2\codebook\node_modules\jest-circus\build\run.js:316:40)
    at processTicksAndRejections (node:internal/process/task_queues:105:5)
    at _runTest (C:\Angular project-2\codebook\node_modules\jest-circus\build\run.js:252:3)
    at _runTestsForDescribeBlock (C:\Angular project-2\codebook\node_modules\jest-circus\build\run.js:126:9)
    at _runTestsForDescribeBlock (C:\Angular project-2\codebook\node_modules\jest-circus\build\run.js:121:9)
    at run (C:\Angular project-2\codebook\node_modules\jest-circus\build\run.js:71:3)
    at runAndTransformResultsToJestFormat (C:\Angular project-2\codebook\node_modules\jest-circus\build\legacy-code-todo-rewrite\jestAdapterInit.js:122:21)]]></failure>
    </testCase>
    <testCase name="LoginComponent should toggle to signup mode when handleSignup is called in login mode" duration="84"/>
    <testCase name="LoginComponent should toggle to login mode when handleLogin is called in signup mode" duration="57"/>
    <testCase name="LoginComponent should validate email field as required and valid email" duration="63"/>
    <testCase name="LoginComponent should validate password field as required and minimum length" duration="113"/>
    <testCase name="LoginComponent should validate password match in signup mode" duration="105"/>
    <testCase name="LoginComponent should validate name field as required in signup mode" duration="125"/>
    <testCase name="LoginComponent should validate agreeTerms as required in signup mode" duration="106"/>
    <testCase name="LoginComponent should toggle password visibility" duration="54"/>
    <testCase name="LoginComponent should toggle confirm password visibility" duration="36"/>
    <testCase name="LoginComponent should call authService.login and navigate on successful login via handleLogin" duration="1170">
      <failure message="Error: NG04002: Cannot match any routes. URL Segment: &apos;main-dashboard&apos;"><![CDATA[Error: NG04002: Cannot match any routes. URL Segment: 'main-dashboard'
    at Recognizer.noMatchError (C:\Angular project-2\codebook\node_modules\@angular\router\fesm2022\router-LSBBtrLI.mjs:3922:16)
    at C:\Angular project-2\codebook\node_modules\@angular\router\fesm2022\router-LSBBtrLI.mjs:3952:28
    at C:\Angular project-2\codebook\node_modules\rxjs\src\internal\operators\catchError.ts:115:35
    at OperatorSubscriber._this._error (C:\Angular project-2\codebook\node_modules\rxjs\dist\cjs\internal\operators\OperatorSubscriber.js:43:21)
    at OperatorSubscriber.Object.<anonymous>.Subscriber.error (C:\Angular project-2\codebook\node_modules\rxjs\dist\cjs\internal\Subscriber.js:60:18)
    at OperatorSubscriber.Object.<anonymous>.Subscriber._error (C:\Angular project-2\codebook\node_modules\rxjs\dist\cjs\internal\Subscriber.js:84:30)
    at OperatorSubscriber.Object.<anonymous>.Subscriber.error (C:\Angular project-2\codebook\node_modules\rxjs\dist\cjs\internal\Subscriber.js:60:18)
    at OperatorSubscriber.Object.<anonymous>.Subscriber._error (C:\Angular project-2\codebook\node_modules\rxjs\dist\cjs\internal\Subscriber.js:84:30)
    at OperatorSubscriber.Object.<anonymous>.Subscriber.error (C:\Angular project-2\codebook\node_modules\rxjs\dist\cjs\internal\Subscriber.js:60:18)
    at OperatorSubscriber.Object.<anonymous>.Subscriber._error (C:\Angular project-2\codebook\node_modules\rxjs\dist\cjs\internal\Subscriber.js:84:30)
    at OperatorSubscriber.Object.<anonymous>.Subscriber.error (C:\Angular project-2\codebook\node_modules\rxjs\dist\cjs\internal\Subscriber.js:60:18)
    at OperatorSubscriber.Object.<anonymous>.Subscriber._error (C:\Angular project-2\codebook\node_modules\rxjs\dist\cjs\internal\Subscriber.js:84:30)
    at OperatorSubscriber.Object.<anonymous>.Subscriber.error (C:\Angular project-2\codebook\node_modules\rxjs\dist\cjs\internal\Subscriber.js:60:18)
    at OperatorSubscriber.Object.<anonymous>.Subscriber._error (C:\Angular project-2\codebook\node_modules\rxjs\dist\cjs\internal\Subscriber.js:84:30)
    at OperatorSubscriber.Object.<anonymous>.Subscriber.error (C:\Angular project-2\codebook\node_modules\rxjs\dist\cjs\internal\Subscriber.js:60:18)
    at OperatorSubscriber.Object.<anonymous>.Subscriber._error (C:\Angular project-2\codebook\node_modules\rxjs\dist\cjs\internal\Subscriber.js:84:30)
    at OperatorSubscriber.Object.<anonymous>.Subscriber.error (C:\Angular project-2\codebook\node_modules\rxjs\dist\cjs\internal\Subscriber.js:60:18)
    at OperatorSubscriber.Object.<anonymous>.Subscriber._error (C:\Angular project-2\codebook\node_modules\rxjs\dist\cjs\internal\Subscriber.js:84:30)
    at OperatorSubscriber.Object.<anonymous>.Subscriber.error (C:\Angular project-2\codebook\node_modules\rxjs\dist\cjs\internal\Subscriber.js:60:18)
    at OperatorSubscriber.Object.<anonymous>.Subscriber._error (C:\Angular project-2\codebook\node_modules\rxjs\dist\cjs\internal\Subscriber.js:84:30)
    at OperatorSubscriber.Object.<anonymous>.Subscriber.error (C:\Angular project-2\codebook\node_modules\rxjs\dist\cjs\internal\Subscriber.js:60:18)
    at Observable.init [as _subscribe] (C:\Angular project-2\codebook\node_modules\rxjs\dist\cjs\internal\observable\throwError.js:8:58)
    at Observable.Object.<anonymous>.Observable._trySubscribe (C:\Angular project-2\codebook\node_modules\rxjs\dist\cjs\internal\Observable.js:41:25)
    at C:\Angular project-2\codebook\node_modules\rxjs\dist\cjs\internal\Observable.js:35:31
    at Object.errorContext (C:\Angular project-2\codebook\node_modules\rxjs\dist\cjs\internal\util\errorContext.js:22:9)
    at Observable.Object.<anonymous>.Observable.subscribe (C:\Angular project-2\codebook\node_modules\rxjs\dist\cjs\internal\Observable.js:26:24)
    at C:\Angular project-2\codebook\node_modules\rxjs\src\internal\operators\catchError.ts:136:22
    at OperatorSubscriber.<anonymous> (C:\Angular project-2\codebook\node_modules\rxjs\dist\cjs\internal\util\lift.js:14:28)
    at C:\Angular project-2\codebook\node_modules\rxjs\dist\cjs\internal\Observable.js:30:30
    at Object.errorContext (C:\Angular project-2\codebook\node_modules\rxjs\dist\cjs\internal\util\errorContext.js:22:9)
    at Observable.Object.<anonymous>.Observable.subscribe (C:\Angular project-2\codebook\node_modules\rxjs\dist\cjs\internal\Observable.js:26:24)
    at C:\Angular project-2\codebook\node_modules\rxjs\dist\cjs\internal\operators\map.js:9:16
    at OperatorSubscriber.<anonymous> (C:\Angular project-2\codebook\node_modules\rxjs\dist\cjs\internal\util\lift.js:14:28)
    at C:\Angular project-2\codebook\node_modules\rxjs\dist\cjs\internal\Observable.js:30:30
    at Object.errorContext (C:\Angular project-2\codebook\node_modules\rxjs\dist\cjs\internal\util\errorContext.js:22:9)
    at Observable.Object.<anonymous>.Observable.subscribe (C:\Angular project-2\codebook\node_modules\rxjs\dist\cjs\internal\Observable.js:26:24)
    at doInnerSub (C:\Angular project-2\codebook\node_modules\rxjs\src\internal\operators\mergeInternals.ts:71:40)
    at outerNext (C:\Angular project-2\codebook\node_modules\rxjs\src\internal\operators\mergeInternals.ts:53:58)
    at OperatorSubscriber._this._next (C:\Angular project-2\codebook\node_modules\rxjs\dist\cjs\internal\operators\OperatorSubscriber.js:33:21)
    at OperatorSubscriber.Object.<anonymous>.Subscriber.next (C:\Angular project-2\codebook\node_modules\rxjs\dist\cjs\internal\Subscriber.js:51:18)
    at Observable._subscribe (C:\Angular project-2\codebook\node_modules\rxjs\dist\cjs\internal\observable\innerFrom.js:109:24)
    at Observable.Object.<anonymous>.Observable._trySubscribe (C:\Angular project-2\codebook\node_modules\rxjs\dist\cjs\internal\Observable.js:41:25)
    at C:\Angular project-2\codebook\node_modules\rxjs\dist\cjs\internal\Observable.js:35:31
    at Object.errorContext (C:\Angular project-2\codebook\node_modules\rxjs\dist\cjs\internal\util\errorContext.js:22:9)
    at Observable.Object.<anonymous>.Observable.subscribe (C:\Angular project-2\codebook\node_modules\rxjs\dist\cjs\internal\Observable.js:26:24)
    at Object.mergeInternals (C:\Angular project-2\codebook\node_modules\rxjs\src\internal\operators\mergeInternals.ts:136:10)
    at C:\Angular project-2\codebook\node_modules\rxjs\src\internal\operators\mergeMap.ts:94:2
    at OperatorSubscriber.<anonymous> (C:\Angular project-2\codebook\node_modules\rxjs\dist\cjs\internal\util\lift.js:14:28)
    at C:\Angular project-2\codebook\node_modules\rxjs\dist\cjs\internal\Observable.js:30:30
    at Object.errorContext (C:\Angular project-2\codebook\node_modules\rxjs\dist\cjs\internal\util\errorContext.js:22:9)
    at Observable.Object.<anonymous>.Observable.subscribe (C:\Angular project-2\codebook\node_modules\rxjs\dist\cjs\internal\Observable.js:26:24)
    at C:\Angular project-2\codebook\node_modules\rxjs\src\internal\operators\scanInternals.ts:34:12
    at OperatorSubscriber.<anonymous> (C:\Angular project-2\codebook\node_modules\rxjs\dist\cjs\internal\util\lift.js:14:28)
    at C:\Angular project-2\codebook\node_modules\rxjs\dist\cjs\internal\Observable.js:30:30
    at Object.errorContext (C:\Angular project-2\codebook\node_modules\rxjs\dist\cjs\internal\util\errorContext.js:22:9)
    at Observable.Object.<anonymous>.Observable.subscribe (C:\Angular project-2\codebook\node_modules\rxjs\dist\cjs\internal\Observable.js:26:24)
    at C:\Angular project-2\codebook\node_modules\rxjs\dist\cjs\internal\operators\defaultIfEmpty.js:9:16
    at OperatorSubscriber.<anonymous> (C:\Angular project-2\codebook\node_modules\rxjs\dist\cjs\internal\util\lift.js:14:28)
    at C:\Angular project-2\codebook\node_modules\rxjs\dist\cjs\internal\Observable.js:30:30
    at Object.errorContext (C:\Angular project-2\codebook\node_modules\rxjs\dist\cjs\internal\util\errorContext.js:22:9)
    at Observable.Object.<anonymous>.Observable.subscribe (C:\Angular project-2\codebook\node_modules\rxjs\dist\cjs\internal\Observable.js:26:24)
    at C:\Angular project-2\codebook\node_modules\rxjs\src\internal\operators\takeLast.ts:64:13
    at OperatorSubscriber.<anonymous> (C:\Angular project-2\codebook\node_modules\rxjs\dist\cjs\internal\util\lift.js:14:28)
    at C:\Angular project-2\codebook\node_modules\rxjs\dist\cjs\internal\Observable.js:30:30
    at Object.errorContext (C:\Angular project-2\codebook\node_modules\rxjs\dist\cjs\internal\util\errorContext.js:22:9)
    at Observable.Object.<anonymous>.Observable.subscribe (C:\Angular project-2\codebook\node_modules\rxjs\dist\cjs\internal\Observable.js:26:24)
    at C:\Angular project-2\codebook\node_modules\rxjs\src\internal\operators\throwIfEmpty.ts:50:11
    at OperatorSubscriber.<anonymous> (C:\Angular project-2\codebook\node_modules\rxjs\dist\cjs\internal\util\lift.js:14:28)
    at C:\Angular project-2\codebook\node_modules\rxjs\dist\cjs\internal\Observable.js:30:30
    at Object.errorContext (C:\Angular project-2\codebook\node_modules\rxjs\dist\cjs\internal\util\errorContext.js:22:9)
    at Observable.Object.<anonymous>.Observable.subscribe (C:\Angular project-2\codebook\node_modules\rxjs\dist\cjs\internal\Observable.js:26:24)
    at Object.mergeInternals (C:\Angular project-2\codebook\node_modules\rxjs\src\internal\operators\mergeInternals.ts:136:10)
    at C:\Angular project-2\codebook\node_modules\rxjs\src\internal\operators\mergeMap.ts:94:2
    at OperatorSubscriber.<anonymous> (C:\Angular project-2\codebook\node_modules\rxjs\dist\cjs\internal\util\lift.js:14:28)
    at C:\Angular project-2\codebook\node_modules\rxjs\dist\cjs\internal\Observable.js:30:30
    at Object.errorContext (C:\Angular project-2\codebook\node_modules\rxjs\dist\cjs\internal\util\errorContext.js:22:9)
    at Observable.Object.<anonymous>.Observable.subscribe (C:\Angular project-2\codebook\node_modules\rxjs\dist\cjs\internal\Observable.js:26:24)
    at C:\Angular project-2\codebook\node_modules\rxjs\dist\cjs\internal\operators\map.js:9:16
    at OperatorSubscriber.<anonymous> (C:\Angular project-2\codebook\node_modules\rxjs\dist\cjs\internal\util\lift.js:14:28)
    at C:\Angular project-2\codebook\node_modules\rxjs\dist\cjs\internal\Observable.js:30:30
    at Object.errorContext (C:\Angular project-2\codebook\node_modules\rxjs\dist\cjs\internal\util\errorContext.js:22:9)
    at Observable.Object.<anonymous>.Observable.subscribe (C:\Angular project-2\codebook\node_modules\rxjs\dist\cjs\internal\Observable.js:26:24)
    at C:\Angular project-2\codebook\node_modules\rxjs\src\internal\operators\catchError.ts:113:23
    at OperatorSubscriber.<anonymous> (C:\Angular project-2\codebook\node_modules\rxjs\dist\cjs\internal\util\lift.js:14:28)
    at C:\Angular project-2\codebook\node_modules\rxjs\dist\cjs\internal\Observable.js:30:30
    at Object.errorContext (C:\Angular project-2\codebook\node_modules\rxjs\dist\cjs\internal\util\errorContext.js:22:9)
    at Observable.Object.<anonymous>.Observable.subscribe (C:\Angular project-2\codebook\node_modules\rxjs\dist\cjs\internal\Observable.js:26:24)
    at C:\Angular project-2\codebook\node_modules\rxjs\dist\cjs\internal\operators\map.js:9:16
    at OperatorSubscriber.<anonymous> (C:\Angular project-2\codebook\node_modules\rxjs\dist\cjs\internal\util\lift.js:14:28)
    at C:\Angular project-2\codebook\node_modules\rxjs\dist\cjs\internal\Observable.js:30:30
    at Object.errorContext (C:\Angular project-2\codebook\node_modules\rxjs\dist\cjs\internal\util\errorContext.js:22:9)
    at Observable.Object.<anonymous>.Observable.subscribe (C:\Angular project-2\codebook\node_modules\rxjs\dist\cjs\internal\Observable.js:26:24)
    at C:\Angular project-2\codebook\node_modules\rxjs\dist\cjs\internal\operators\map.js:9:16
    at OperatorSubscriber.<anonymous> (C:\Angular project-2\codebook\node_modules\rxjs\dist\cjs\internal\util\lift.js:14:28)
    at C:\Angular project-2\codebook\node_modules\rxjs\dist\cjs\internal\Observable.js:30:30
    at Object.errorContext (C:\Angular project-2\codebook\node_modules\rxjs\dist\cjs\internal\util\errorContext.js:22:9)
    at Observable.Object.<anonymous>.Observable.subscribe (C:\Angular project-2\codebook\node_modules\rxjs\dist\cjs\internal\Observable.js:26:24)
    at doInnerSub (C:\Angular project-2\codebook\node_modules\rxjs\src\internal\operators\mergeInternals.ts:71:40)
    at outerNext (C:\Angular project-2\codebook\node_modules\rxjs\src\internal\operators\mergeInternals.ts:53:58)
    at OperatorSubscriber._this._next (C:\Angular project-2\codebook\node_modules\rxjs\dist\cjs\internal\operators\OperatorSubscriber.js:33:21)]]></failure>
    </testCase>
    <testCase name="LoginComponent should reset password on failed login via handleLogin" duration="74"/>
    <testCase name="LoginComponent should toggle to login mode if isSignupMode is true in handleLogin" duration="85"/>
    <testCase name="LoginComponent should toggle to login mode if form is invalid in handleLogin" duration="127"/>
    <testCase name="LoginComponent should toggle to login mode if isLoading is true in handleLogin" duration="152"/>
    <testCase name="LoginComponent should call authService.signup and navigate on successful signup via handleSignup" duration="153">
      <failure message="Error: NG04002: Cannot match any routes. URL Segment: &apos;main-dashboard&apos;"><![CDATA[Error: NG04002: Cannot match any routes. URL Segment: 'main-dashboard'
    at Recognizer.noMatchError (C:\Angular project-2\codebook\node_modules\@angular\router\fesm2022\router-LSBBtrLI.mjs:3922:16)
    at C:\Angular project-2\codebook\node_modules\@angular\router\fesm2022\router-LSBBtrLI.mjs:3952:28
    at C:\Angular project-2\codebook\node_modules\rxjs\src\internal\operators\catchError.ts:115:35
    at OperatorSubscriber._this._error (C:\Angular project-2\codebook\node_modules\rxjs\dist\cjs\internal\operators\OperatorSubscriber.js:43:21)
    at OperatorSubscriber.Object.<anonymous>.Subscriber.error (C:\Angular project-2\codebook\node_modules\rxjs\dist\cjs\internal\Subscriber.js:60:18)
    at OperatorSubscriber.Object.<anonymous>.Subscriber._error (C:\Angular project-2\codebook\node_modules\rxjs\dist\cjs\internal\Subscriber.js:84:30)
    at OperatorSubscriber.Object.<anonymous>.Subscriber.error (C:\Angular project-2\codebook\node_modules\rxjs\dist\cjs\internal\Subscriber.js:60:18)
    at OperatorSubscriber.Object.<anonymous>.Subscriber._error (C:\Angular project-2\codebook\node_modules\rxjs\dist\cjs\internal\Subscriber.js:84:30)
    at OperatorSubscriber.Object.<anonymous>.Subscriber.error (C:\Angular project-2\codebook\node_modules\rxjs\dist\cjs\internal\Subscriber.js:60:18)
    at OperatorSubscriber.Object.<anonymous>.Subscriber._error (C:\Angular project-2\codebook\node_modules\rxjs\dist\cjs\internal\Subscriber.js:84:30)
    at OperatorSubscriber.Object.<anonymous>.Subscriber.error (C:\Angular project-2\codebook\node_modules\rxjs\dist\cjs\internal\Subscriber.js:60:18)
    at OperatorSubscriber.Object.<anonymous>.Subscriber._error (C:\Angular project-2\codebook\node_modules\rxjs\dist\cjs\internal\Subscriber.js:84:30)
    at OperatorSubscriber.Object.<anonymous>.Subscriber.error (C:\Angular project-2\codebook\node_modules\rxjs\dist\cjs\internal\Subscriber.js:60:18)
    at OperatorSubscriber.Object.<anonymous>.Subscriber._error (C:\Angular project-2\codebook\node_modules\rxjs\dist\cjs\internal\Subscriber.js:84:30)
    at OperatorSubscriber.Object.<anonymous>.Subscriber.error (C:\Angular project-2\codebook\node_modules\rxjs\dist\cjs\internal\Subscriber.js:60:18)
    at OperatorSubscriber.Object.<anonymous>.Subscriber._error (C:\Angular project-2\codebook\node_modules\rxjs\dist\cjs\internal\Subscriber.js:84:30)
    at OperatorSubscriber.Object.<anonymous>.Subscriber.error (C:\Angular project-2\codebook\node_modules\rxjs\dist\cjs\internal\Subscriber.js:60:18)
    at OperatorSubscriber.Object.<anonymous>.Subscriber._error (C:\Angular project-2\codebook\node_modules\rxjs\dist\cjs\internal\Subscriber.js:84:30)
    at OperatorSubscriber.Object.<anonymous>.Subscriber.error (C:\Angular project-2\codebook\node_modules\rxjs\dist\cjs\internal\Subscriber.js:60:18)
    at OperatorSubscriber.Object.<anonymous>.Subscriber._error (C:\Angular project-2\codebook\node_modules\rxjs\dist\cjs\internal\Subscriber.js:84:30)
    at OperatorSubscriber.Object.<anonymous>.Subscriber.error (C:\Angular project-2\codebook\node_modules\rxjs\dist\cjs\internal\Subscriber.js:60:18)
    at Observable.init [as _subscribe] (C:\Angular project-2\codebook\node_modules\rxjs\dist\cjs\internal\observable\throwError.js:8:58)
    at Observable.Object.<anonymous>.Observable._trySubscribe (C:\Angular project-2\codebook\node_modules\rxjs\dist\cjs\internal\Observable.js:41:25)
    at C:\Angular project-2\codebook\node_modules\rxjs\dist\cjs\internal\Observable.js:35:31
    at Object.errorContext (C:\Angular project-2\codebook\node_modules\rxjs\dist\cjs\internal\util\errorContext.js:22:9)
    at Observable.Object.<anonymous>.Observable.subscribe (C:\Angular project-2\codebook\node_modules\rxjs\dist\cjs\internal\Observable.js:26:24)
    at C:\Angular project-2\codebook\node_modules\rxjs\src\internal\operators\catchError.ts:136:22
    at OperatorSubscriber.<anonymous> (C:\Angular project-2\codebook\node_modules\rxjs\dist\cjs\internal\util\lift.js:14:28)
    at C:\Angular project-2\codebook\node_modules\rxjs\dist\cjs\internal\Observable.js:30:30
    at Object.errorContext (C:\Angular project-2\codebook\node_modules\rxjs\dist\cjs\internal\util\errorContext.js:22:9)
    at Observable.Object.<anonymous>.Observable.subscribe (C:\Angular project-2\codebook\node_modules\rxjs\dist\cjs\internal\Observable.js:26:24)
    at C:\Angular project-2\codebook\node_modules\rxjs\dist\cjs\internal\operators\map.js:9:16
    at OperatorSubscriber.<anonymous> (C:\Angular project-2\codebook\node_modules\rxjs\dist\cjs\internal\util\lift.js:14:28)
    at C:\Angular project-2\codebook\node_modules\rxjs\dist\cjs\internal\Observable.js:30:30
    at Object.errorContext (C:\Angular project-2\codebook\node_modules\rxjs\dist\cjs\internal\util\errorContext.js:22:9)
    at Observable.Object.<anonymous>.Observable.subscribe (C:\Angular project-2\codebook\node_modules\rxjs\dist\cjs\internal\Observable.js:26:24)
    at doInnerSub (C:\Angular project-2\codebook\node_modules\rxjs\src\internal\operators\mergeInternals.ts:71:40)
    at outerNext (C:\Angular project-2\codebook\node_modules\rxjs\src\internal\operators\mergeInternals.ts:53:58)
    at OperatorSubscriber._this._next (C:\Angular project-2\codebook\node_modules\rxjs\dist\cjs\internal\operators\OperatorSubscriber.js:33:21)
    at OperatorSubscriber.Object.<anonymous>.Subscriber.next (C:\Angular project-2\codebook\node_modules\rxjs\dist\cjs\internal\Subscriber.js:51:18)
    at Observable._subscribe (C:\Angular project-2\codebook\node_modules\rxjs\dist\cjs\internal\observable\innerFrom.js:109:24)
    at Observable.Object.<anonymous>.Observable._trySubscribe (C:\Angular project-2\codebook\node_modules\rxjs\dist\cjs\internal\Observable.js:41:25)
    at C:\Angular project-2\codebook\node_modules\rxjs\dist\cjs\internal\Observable.js:35:31
    at Object.errorContext (C:\Angular project-2\codebook\node_modules\rxjs\dist\cjs\internal\util\errorContext.js:22:9)
    at Observable.Object.<anonymous>.Observable.subscribe (C:\Angular project-2\codebook\node_modules\rxjs\dist\cjs\internal\Observable.js:26:24)
    at Object.mergeInternals (C:\Angular project-2\codebook\node_modules\rxjs\src\internal\operators\mergeInternals.ts:136:10)
    at C:\Angular project-2\codebook\node_modules\rxjs\src\internal\operators\mergeMap.ts:94:2
    at OperatorSubscriber.<anonymous> (C:\Angular project-2\codebook\node_modules\rxjs\dist\cjs\internal\util\lift.js:14:28)
    at C:\Angular project-2\codebook\node_modules\rxjs\dist\cjs\internal\Observable.js:30:30
    at Object.errorContext (C:\Angular project-2\codebook\node_modules\rxjs\dist\cjs\internal\util\errorContext.js:22:9)
    at Observable.Object.<anonymous>.Observable.subscribe (C:\Angular project-2\codebook\node_modules\rxjs\dist\cjs\internal\Observable.js:26:24)
    at C:\Angular project-2\codebook\node_modules\rxjs\src\internal\operators\scanInternals.ts:34:12
    at OperatorSubscriber.<anonymous> (C:\Angular project-2\codebook\node_modules\rxjs\dist\cjs\internal\util\lift.js:14:28)
    at C:\Angular project-2\codebook\node_modules\rxjs\dist\cjs\internal\Observable.js:30:30
    at Object.errorContext (C:\Angular project-2\codebook\node_modules\rxjs\dist\cjs\internal\util\errorContext.js:22:9)
    at Observable.Object.<anonymous>.Observable.subscribe (C:\Angular project-2\codebook\node_modules\rxjs\dist\cjs\internal\Observable.js:26:24)
    at C:\Angular project-2\codebook\node_modules\rxjs\dist\cjs\internal\operators\defaultIfEmpty.js:9:16
    at OperatorSubscriber.<anonymous> (C:\Angular project-2\codebook\node_modules\rxjs\dist\cjs\internal\util\lift.js:14:28)
    at C:\Angular project-2\codebook\node_modules\rxjs\dist\cjs\internal\Observable.js:30:30
    at Object.errorContext (C:\Angular project-2\codebook\node_modules\rxjs\dist\cjs\internal\util\errorContext.js:22:9)
    at Observable.Object.<anonymous>.Observable.subscribe (C:\Angular project-2\codebook\node_modules\rxjs\dist\cjs\internal\Observable.js:26:24)
    at C:\Angular project-2\codebook\node_modules\rxjs\src\internal\operators\takeLast.ts:64:13
    at OperatorSubscriber.<anonymous> (C:\Angular project-2\codebook\node_modules\rxjs\dist\cjs\internal\util\lift.js:14:28)
    at C:\Angular project-2\codebook\node_modules\rxjs\dist\cjs\internal\Observable.js:30:30
    at Object.errorContext (C:\Angular project-2\codebook\node_modules\rxjs\dist\cjs\internal\util\errorContext.js:22:9)
    at Observable.Object.<anonymous>.Observable.subscribe (C:\Angular project-2\codebook\node_modules\rxjs\dist\cjs\internal\Observable.js:26:24)
    at C:\Angular project-2\codebook\node_modules\rxjs\src\internal\operators\throwIfEmpty.ts:50:11
    at OperatorSubscriber.<anonymous> (C:\Angular project-2\codebook\node_modules\rxjs\dist\cjs\internal\util\lift.js:14:28)
    at C:\Angular project-2\codebook\node_modules\rxjs\dist\cjs\internal\Observable.js:30:30
    at Object.errorContext (C:\Angular project-2\codebook\node_modules\rxjs\dist\cjs\internal\util\errorContext.js:22:9)
    at Observable.Object.<anonymous>.Observable.subscribe (C:\Angular project-2\codebook\node_modules\rxjs\dist\cjs\internal\Observable.js:26:24)
    at Object.mergeInternals (C:\Angular project-2\codebook\node_modules\rxjs\src\internal\operators\mergeInternals.ts:136:10)
    at C:\Angular project-2\codebook\node_modules\rxjs\src\internal\operators\mergeMap.ts:94:2
    at OperatorSubscriber.<anonymous> (C:\Angular project-2\codebook\node_modules\rxjs\dist\cjs\internal\util\lift.js:14:28)
    at C:\Angular project-2\codebook\node_modules\rxjs\dist\cjs\internal\Observable.js:30:30
    at Object.errorContext (C:\Angular project-2\codebook\node_modules\rxjs\dist\cjs\internal\util\errorContext.js:22:9)
    at Observable.Object.<anonymous>.Observable.subscribe (C:\Angular project-2\codebook\node_modules\rxjs\dist\cjs\internal\Observable.js:26:24)
    at C:\Angular project-2\codebook\node_modules\rxjs\dist\cjs\internal\operators\map.js:9:16
    at OperatorSubscriber.<anonymous> (C:\Angular project-2\codebook\node_modules\rxjs\dist\cjs\internal\util\lift.js:14:28)
    at C:\Angular project-2\codebook\node_modules\rxjs\dist\cjs\internal\Observable.js:30:30
    at Object.errorContext (C:\Angular project-2\codebook\node_modules\rxjs\dist\cjs\internal\util\errorContext.js:22:9)
    at Observable.Object.<anonymous>.Observable.subscribe (C:\Angular project-2\codebook\node_modules\rxjs\dist\cjs\internal\Observable.js:26:24)
    at C:\Angular project-2\codebook\node_modules\rxjs\src\internal\operators\catchError.ts:113:23
    at OperatorSubscriber.<anonymous> (C:\Angular project-2\codebook\node_modules\rxjs\dist\cjs\internal\util\lift.js:14:28)
    at C:\Angular project-2\codebook\node_modules\rxjs\dist\cjs\internal\Observable.js:30:30
    at Object.errorContext (C:\Angular project-2\codebook\node_modules\rxjs\dist\cjs\internal\util\errorContext.js:22:9)
    at Observable.Object.<anonymous>.Observable.subscribe (C:\Angular project-2\codebook\node_modules\rxjs\dist\cjs\internal\Observable.js:26:24)
    at C:\Angular project-2\codebook\node_modules\rxjs\dist\cjs\internal\operators\map.js:9:16
    at OperatorSubscriber.<anonymous> (C:\Angular project-2\codebook\node_modules\rxjs\dist\cjs\internal\util\lift.js:14:28)
    at C:\Angular project-2\codebook\node_modules\rxjs\dist\cjs\internal\Observable.js:30:30
    at Object.errorContext (C:\Angular project-2\codebook\node_modules\rxjs\dist\cjs\internal\util\errorContext.js:22:9)
    at Observable.Object.<anonymous>.Observable.subscribe (C:\Angular project-2\codebook\node_modules\rxjs\dist\cjs\internal\Observable.js:26:24)
    at C:\Angular project-2\codebook\node_modules\rxjs\dist\cjs\internal\operators\map.js:9:16
    at OperatorSubscriber.<anonymous> (C:\Angular project-2\codebook\node_modules\rxjs\dist\cjs\internal\util\lift.js:14:28)
    at C:\Angular project-2\codebook\node_modules\rxjs\dist\cjs\internal\Observable.js:30:30
    at Object.errorContext (C:\Angular project-2\codebook\node_modules\rxjs\dist\cjs\internal\util\errorContext.js:22:9)
    at Observable.Object.<anonymous>.Observable.subscribe (C:\Angular project-2\codebook\node_modules\rxjs\dist\cjs\internal\Observable.js:26:24)
    at doInnerSub (C:\Angular project-2\codebook\node_modules\rxjs\src\internal\operators\mergeInternals.ts:71:40)
    at outerNext (C:\Angular project-2\codebook\node_modules\rxjs\src\internal\operators\mergeInternals.ts:53:58)
    at OperatorSubscriber._this._next (C:\Angular project-2\codebook\node_modules\rxjs\dist\cjs\internal\operators\OperatorSubscriber.js:33:21)]]></failure>
    </testCase>
    <testCase name="LoginComponent should reset form on failed signup via handleSignup" duration="128">
      <failure message="Error: expect(received).toBe(expected) // Object.is equality"><![CDATA[Error: expect(received).toBe(expected) // Object.is equality

Expected: false
Received: null
    at C:\Angular project-2\codebook\src\app\login\login\login.component.spec.ts:288:57
    at fakeAsyncFn (C:\Angular project-2\codebook\node_modules\zone.js\bundles\zone-testing.umd.js:1795:30)
    at _ZoneDelegate.invoke (C:\Angular project-2\codebook\node_modules\zone.js\bundles\zone.umd.js:416:32)
    at ProxyZoneSpec.Object.<anonymous>.ProxyZoneSpec.onInvoke (C:\Angular project-2\codebook\node_modules\zone.js\bundles\zone-testing.umd.js:2177:43)
    at _ZoneDelegate.invoke (C:\Angular project-2\codebook\node_modules\zone.js\bundles\zone.umd.js:415:38)
    at ZoneImpl.run (C:\Angular project-2\codebook\node_modules\zone.js\bundles\zone.umd.js:147:47)
    at Object.wrappedFunc (C:\Angular project-2\codebook\node_modules\zone.js\bundles\zone-testing.umd.js:450:38)
    at Promise.then.completed (C:\Angular project-2\codebook\node_modules\jest-circus\build\utils.js:298:28)
    at new Promise (<anonymous>)
    at callAsyncCircusFn (C:\Angular project-2\codebook\node_modules\jest-circus\build\utils.js:231:10)
    at _callCircusTest (C:\Angular project-2\codebook\node_modules\jest-circus\build\run.js:316:40)
    at processTicksAndRejections (node:internal/process/task_queues:105:5)
    at _runTest (C:\Angular project-2\codebook\node_modules\jest-circus\build\run.js:252:3)
    at _runTestsForDescribeBlock (C:\Angular project-2\codebook\node_modules\jest-circus\build\run.js:126:9)
    at _runTestsForDescribeBlock (C:\Angular project-2\codebook\node_modules\jest-circus\build\run.js:121:9)
    at run (C:\Angular project-2\codebook\node_modules\jest-circus\build\run.js:71:3)
    at runAndTransformResultsToJestFormat (C:\Angular project-2\codebook\node_modules\jest-circus\build\legacy-code-todo-rewrite\jestAdapterInit.js:122:21)]]></failure>
    </testCase>
    <testCase name="LoginComponent should toggle to signup mode if not in signup mode in handleSignup" duration="130"/>
    <testCase name="LoginComponent should toggle to signup mode if form is invalid in handleSignup" duration="122"/>
    <testCase name="LoginComponent should toggle to signup mode if isLoading is true in handleSignup" duration="103"/>
    <testCase name="LoginComponent should call onLogin and navigate on successful login" duration="117">
      <failure message="Error: NG04002: Cannot match any routes. URL Segment: &apos;main-dashboard&apos;"><![CDATA[Error: NG04002: Cannot match any routes. URL Segment: 'main-dashboard'
    at Recognizer.noMatchError (C:\Angular project-2\codebook\node_modules\@angular\router\fesm2022\router-LSBBtrLI.mjs:3922:16)
    at C:\Angular project-2\codebook\node_modules\@angular\router\fesm2022\router-LSBBtrLI.mjs:3952:28
    at C:\Angular project-2\codebook\node_modules\rxjs\src\internal\operators\catchError.ts:115:35
    at OperatorSubscriber._this._error (C:\Angular project-2\codebook\node_modules\rxjs\dist\cjs\internal\operators\OperatorSubscriber.js:43:21)
    at OperatorSubscriber.Object.<anonymous>.Subscriber.error (C:\Angular project-2\codebook\node_modules\rxjs\dist\cjs\internal\Subscriber.js:60:18)
    at OperatorSubscriber.Object.<anonymous>.Subscriber._error (C:\Angular project-2\codebook\node_modules\rxjs\dist\cjs\internal\Subscriber.js:84:30)
    at OperatorSubscriber.Object.<anonymous>.Subscriber.error (C:\Angular project-2\codebook\node_modules\rxjs\dist\cjs\internal\Subscriber.js:60:18)
    at OperatorSubscriber.Object.<anonymous>.Subscriber._error (C:\Angular project-2\codebook\node_modules\rxjs\dist\cjs\internal\Subscriber.js:84:30)
    at OperatorSubscriber.Object.<anonymous>.Subscriber.error (C:\Angular project-2\codebook\node_modules\rxjs\dist\cjs\internal\Subscriber.js:60:18)
    at OperatorSubscriber.Object.<anonymous>.Subscriber._error (C:\Angular project-2\codebook\node_modules\rxjs\dist\cjs\internal\Subscriber.js:84:30)
    at OperatorSubscriber.Object.<anonymous>.Subscriber.error (C:\Angular project-2\codebook\node_modules\rxjs\dist\cjs\internal\Subscriber.js:60:18)
    at OperatorSubscriber.Object.<anonymous>.Subscriber._error (C:\Angular project-2\codebook\node_modules\rxjs\dist\cjs\internal\Subscriber.js:84:30)
    at OperatorSubscriber.Object.<anonymous>.Subscriber.error (C:\Angular project-2\codebook\node_modules\rxjs\dist\cjs\internal\Subscriber.js:60:18)
    at OperatorSubscriber.Object.<anonymous>.Subscriber._error (C:\Angular project-2\codebook\node_modules\rxjs\dist\cjs\internal\Subscriber.js:84:30)
    at OperatorSubscriber.Object.<anonymous>.Subscriber.error (C:\Angular project-2\codebook\node_modules\rxjs\dist\cjs\internal\Subscriber.js:60:18)
    at OperatorSubscriber.Object.<anonymous>.Subscriber._error (C:\Angular project-2\codebook\node_modules\rxjs\dist\cjs\internal\Subscriber.js:84:30)
    at OperatorSubscriber.Object.<anonymous>.Subscriber.error (C:\Angular project-2\codebook\node_modules\rxjs\dist\cjs\internal\Subscriber.js:60:18)
    at OperatorSubscriber.Object.<anonymous>.Subscriber._error (C:\Angular project-2\codebook\node_modules\rxjs\dist\cjs\internal\Subscriber.js:84:30)
    at OperatorSubscriber.Object.<anonymous>.Subscriber.error (C:\Angular project-2\codebook\node_modules\rxjs\dist\cjs\internal\Subscriber.js:60:18)
    at OperatorSubscriber.Object.<anonymous>.Subscriber._error (C:\Angular project-2\codebook\node_modules\rxjs\dist\cjs\internal\Subscriber.js:84:30)
    at OperatorSubscriber.Object.<anonymous>.Subscriber.error (C:\Angular project-2\codebook\node_modules\rxjs\dist\cjs\internal\Subscriber.js:60:18)
    at Observable.init [as _subscribe] (C:\Angular project-2\codebook\node_modules\rxjs\dist\cjs\internal\observable\throwError.js:8:58)
    at Observable.Object.<anonymous>.Observable._trySubscribe (C:\Angular project-2\codebook\node_modules\rxjs\dist\cjs\internal\Observable.js:41:25)
    at C:\Angular project-2\codebook\node_modules\rxjs\dist\cjs\internal\Observable.js:35:31
    at Object.errorContext (C:\Angular project-2\codebook\node_modules\rxjs\dist\cjs\internal\util\errorContext.js:22:9)
    at Observable.Object.<anonymous>.Observable.subscribe (C:\Angular project-2\codebook\node_modules\rxjs\dist\cjs\internal\Observable.js:26:24)
    at C:\Angular project-2\codebook\node_modules\rxjs\src\internal\operators\catchError.ts:136:22
    at OperatorSubscriber.<anonymous> (C:\Angular project-2\codebook\node_modules\rxjs\dist\cjs\internal\util\lift.js:14:28)
    at C:\Angular project-2\codebook\node_modules\rxjs\dist\cjs\internal\Observable.js:30:30
    at Object.errorContext (C:\Angular project-2\codebook\node_modules\rxjs\dist\cjs\internal\util\errorContext.js:22:9)
    at Observable.Object.<anonymous>.Observable.subscribe (C:\Angular project-2\codebook\node_modules\rxjs\dist\cjs\internal\Observable.js:26:24)
    at C:\Angular project-2\codebook\node_modules\rxjs\dist\cjs\internal\operators\map.js:9:16
    at OperatorSubscriber.<anonymous> (C:\Angular project-2\codebook\node_modules\rxjs\dist\cjs\internal\util\lift.js:14:28)
    at C:\Angular project-2\codebook\node_modules\rxjs\dist\cjs\internal\Observable.js:30:30
    at Object.errorContext (C:\Angular project-2\codebook\node_modules\rxjs\dist\cjs\internal\util\errorContext.js:22:9)
    at Observable.Object.<anonymous>.Observable.subscribe (C:\Angular project-2\codebook\node_modules\rxjs\dist\cjs\internal\Observable.js:26:24)
    at doInnerSub (C:\Angular project-2\codebook\node_modules\rxjs\src\internal\operators\mergeInternals.ts:71:40)
    at outerNext (C:\Angular project-2\codebook\node_modules\rxjs\src\internal\operators\mergeInternals.ts:53:58)
    at OperatorSubscriber._this._next (C:\Angular project-2\codebook\node_modules\rxjs\dist\cjs\internal\operators\OperatorSubscriber.js:33:21)
    at OperatorSubscriber.Object.<anonymous>.Subscriber.next (C:\Angular project-2\codebook\node_modules\rxjs\dist\cjs\internal\Subscriber.js:51:18)
    at Observable._subscribe (C:\Angular project-2\codebook\node_modules\rxjs\dist\cjs\internal\observable\innerFrom.js:109:24)
    at Observable.Object.<anonymous>.Observable._trySubscribe (C:\Angular project-2\codebook\node_modules\rxjs\dist\cjs\internal\Observable.js:41:25)
    at C:\Angular project-2\codebook\node_modules\rxjs\dist\cjs\internal\Observable.js:35:31
    at Object.errorContext (C:\Angular project-2\codebook\node_modules\rxjs\dist\cjs\internal\util\errorContext.js:22:9)
    at Observable.Object.<anonymous>.Observable.subscribe (C:\Angular project-2\codebook\node_modules\rxjs\dist\cjs\internal\Observable.js:26:24)
    at Object.mergeInternals (C:\Angular project-2\codebook\node_modules\rxjs\src\internal\operators\mergeInternals.ts:136:10)
    at C:\Angular project-2\codebook\node_modules\rxjs\src\internal\operators\mergeMap.ts:94:2
    at OperatorSubscriber.<anonymous> (C:\Angular project-2\codebook\node_modules\rxjs\dist\cjs\internal\util\lift.js:14:28)
    at C:\Angular project-2\codebook\node_modules\rxjs\dist\cjs\internal\Observable.js:30:30
    at Object.errorContext (C:\Angular project-2\codebook\node_modules\rxjs\dist\cjs\internal\util\errorContext.js:22:9)
    at Observable.Object.<anonymous>.Observable.subscribe (C:\Angular project-2\codebook\node_modules\rxjs\dist\cjs\internal\Observable.js:26:24)
    at C:\Angular project-2\codebook\node_modules\rxjs\src\internal\operators\scanInternals.ts:34:12
    at OperatorSubscriber.<anonymous> (C:\Angular project-2\codebook\node_modules\rxjs\dist\cjs\internal\util\lift.js:14:28)
    at C:\Angular project-2\codebook\node_modules\rxjs\dist\cjs\internal\Observable.js:30:30
    at Object.errorContext (C:\Angular project-2\codebook\node_modules\rxjs\dist\cjs\internal\util\errorContext.js:22:9)
    at Observable.Object.<anonymous>.Observable.subscribe (C:\Angular project-2\codebook\node_modules\rxjs\dist\cjs\internal\Observable.js:26:24)
    at C:\Angular project-2\codebook\node_modules\rxjs\dist\cjs\internal\operators\defaultIfEmpty.js:9:16
    at OperatorSubscriber.<anonymous> (C:\Angular project-2\codebook\node_modules\rxjs\dist\cjs\internal\util\lift.js:14:28)
    at C:\Angular project-2\codebook\node_modules\rxjs\dist\cjs\internal\Observable.js:30:30
    at Object.errorContext (C:\Angular project-2\codebook\node_modules\rxjs\dist\cjs\internal\util\errorContext.js:22:9)
    at Observable.Object.<anonymous>.Observable.subscribe (C:\Angular project-2\codebook\node_modules\rxjs\dist\cjs\internal\Observable.js:26:24)
    at C:\Angular project-2\codebook\node_modules\rxjs\src\internal\operators\takeLast.ts:64:13
    at OperatorSubscriber.<anonymous> (C:\Angular project-2\codebook\node_modules\rxjs\dist\cjs\internal\util\lift.js:14:28)
    at C:\Angular project-2\codebook\node_modules\rxjs\dist\cjs\internal\Observable.js:30:30
    at Object.errorContext (C:\Angular project-2\codebook\node_modules\rxjs\dist\cjs\internal\util\errorContext.js:22:9)
    at Observable.Object.<anonymous>.Observable.subscribe (C:\Angular project-2\codebook\node_modules\rxjs\dist\cjs\internal\Observable.js:26:24)
    at C:\Angular project-2\codebook\node_modules\rxjs\src\internal\operators\throwIfEmpty.ts:50:11
    at OperatorSubscriber.<anonymous> (C:\Angular project-2\codebook\node_modules\rxjs\dist\cjs\internal\util\lift.js:14:28)
    at C:\Angular project-2\codebook\node_modules\rxjs\dist\cjs\internal\Observable.js:30:30
    at Object.errorContext (C:\Angular project-2\codebook\node_modules\rxjs\dist\cjs\internal\util\errorContext.js:22:9)
    at Observable.Object.<anonymous>.Observable.subscribe (C:\Angular project-2\codebook\node_modules\rxjs\dist\cjs\internal\Observable.js:26:24)
    at Object.mergeInternals (C:\Angular project-2\codebook\node_modules\rxjs\src\internal\operators\mergeInternals.ts:136:10)
    at C:\Angular project-2\codebook\node_modules\rxjs\src\internal\operators\mergeMap.ts:94:2
    at OperatorSubscriber.<anonymous> (C:\Angular project-2\codebook\node_modules\rxjs\dist\cjs\internal\util\lift.js:14:28)
    at C:\Angular project-2\codebook\node_modules\rxjs\dist\cjs\internal\Observable.js:30:30
    at Object.errorContext (C:\Angular project-2\codebook\node_modules\rxjs\dist\cjs\internal\util\errorContext.js:22:9)
    at Observable.Object.<anonymous>.Observable.subscribe (C:\Angular project-2\codebook\node_modules\rxjs\dist\cjs\internal\Observable.js:26:24)
    at C:\Angular project-2\codebook\node_modules\rxjs\dist\cjs\internal\operators\map.js:9:16
    at OperatorSubscriber.<anonymous> (C:\Angular project-2\codebook\node_modules\rxjs\dist\cjs\internal\util\lift.js:14:28)
    at C:\Angular project-2\codebook\node_modules\rxjs\dist\cjs\internal\Observable.js:30:30
    at Object.errorContext (C:\Angular project-2\codebook\node_modules\rxjs\dist\cjs\internal\util\errorContext.js:22:9)
    at Observable.Object.<anonymous>.Observable.subscribe (C:\Angular project-2\codebook\node_modules\rxjs\dist\cjs\internal\Observable.js:26:24)
    at C:\Angular project-2\codebook\node_modules\rxjs\src\internal\operators\catchError.ts:113:23
    at OperatorSubscriber.<anonymous> (C:\Angular project-2\codebook\node_modules\rxjs\dist\cjs\internal\util\lift.js:14:28)
    at C:\Angular project-2\codebook\node_modules\rxjs\dist\cjs\internal\Observable.js:30:30
    at Object.errorContext (C:\Angular project-2\codebook\node_modules\rxjs\dist\cjs\internal\util\errorContext.js:22:9)
    at Observable.Object.<anonymous>.Observable.subscribe (C:\Angular project-2\codebook\node_modules\rxjs\dist\cjs\internal\Observable.js:26:24)
    at C:\Angular project-2\codebook\node_modules\rxjs\dist\cjs\internal\operators\map.js:9:16
    at OperatorSubscriber.<anonymous> (C:\Angular project-2\codebook\node_modules\rxjs\dist\cjs\internal\util\lift.js:14:28)
    at C:\Angular project-2\codebook\node_modules\rxjs\dist\cjs\internal\Observable.js:30:30
    at Object.errorContext (C:\Angular project-2\codebook\node_modules\rxjs\dist\cjs\internal\util\errorContext.js:22:9)
    at Observable.Object.<anonymous>.Observable.subscribe (C:\Angular project-2\codebook\node_modules\rxjs\dist\cjs\internal\Observable.js:26:24)
    at C:\Angular project-2\codebook\node_modules\rxjs\dist\cjs\internal\operators\map.js:9:16
    at OperatorSubscriber.<anonymous> (C:\Angular project-2\codebook\node_modules\rxjs\dist\cjs\internal\util\lift.js:14:28)
    at C:\Angular project-2\codebook\node_modules\rxjs\dist\cjs\internal\Observable.js:30:30
    at Object.errorContext (C:\Angular project-2\codebook\node_modules\rxjs\dist\cjs\internal\util\errorContext.js:22:9)
    at Observable.Object.<anonymous>.Observable.subscribe (C:\Angular project-2\codebook\node_modules\rxjs\dist\cjs\internal\Observable.js:26:24)
    at doInnerSub (C:\Angular project-2\codebook\node_modules\rxjs\src\internal\operators\mergeInternals.ts:71:40)
    at outerNext (C:\Angular project-2\codebook\node_modules\rxjs\src\internal\operators\mergeInternals.ts:53:58)
    at OperatorSubscriber._this._next (C:\Angular project-2\codebook\node_modules\rxjs\dist\cjs\internal\operators\OperatorSubscriber.js:33:21)]]></failure>
    </testCase>
    <testCase name="LoginComponent should reset password on failed onLogin" duration="102"/>
    <testCase name="LoginComponent should not call onLogin if form is invalid" duration="148"/>
    <testCase name="LoginComponent should call onSignup and navigate on successful signup" duration="132">
      <failure message="Error: NG04002: Cannot match any routes. URL Segment: &apos;main-dashboard&apos;"><![CDATA[Error: NG04002: Cannot match any routes. URL Segment: 'main-dashboard'
    at Recognizer.noMatchError (C:\Angular project-2\codebook\node_modules\@angular\router\fesm2022\router-LSBBtrLI.mjs:3922:16)
    at C:\Angular project-2\codebook\node_modules\@angular\router\fesm2022\router-LSBBtrLI.mjs:3952:28
    at C:\Angular project-2\codebook\node_modules\rxjs\src\internal\operators\catchError.ts:115:35
    at OperatorSubscriber._this._error (C:\Angular project-2\codebook\node_modules\rxjs\dist\cjs\internal\operators\OperatorSubscriber.js:43:21)
    at OperatorSubscriber.Object.<anonymous>.Subscriber.error (C:\Angular project-2\codebook\node_modules\rxjs\dist\cjs\internal\Subscriber.js:60:18)
    at OperatorSubscriber.Object.<anonymous>.Subscriber._error (C:\Angular project-2\codebook\node_modules\rxjs\dist\cjs\internal\Subscriber.js:84:30)
    at OperatorSubscriber.Object.<anonymous>.Subscriber.error (C:\Angular project-2\codebook\node_modules\rxjs\dist\cjs\internal\Subscriber.js:60:18)
    at OperatorSubscriber.Object.<anonymous>.Subscriber._error (C:\Angular project-2\codebook\node_modules\rxjs\dist\cjs\internal\Subscriber.js:84:30)
    at OperatorSubscriber.Object.<anonymous>.Subscriber.error (C:\Angular project-2\codebook\node_modules\rxjs\dist\cjs\internal\Subscriber.js:60:18)
    at OperatorSubscriber.Object.<anonymous>.Subscriber._error (C:\Angular project-2\codebook\node_modules\rxjs\dist\cjs\internal\Subscriber.js:84:30)
    at OperatorSubscriber.Object.<anonymous>.Subscriber.error (C:\Angular project-2\codebook\node_modules\rxjs\dist\cjs\internal\Subscriber.js:60:18)
    at OperatorSubscriber.Object.<anonymous>.Subscriber._error (C:\Angular project-2\codebook\node_modules\rxjs\dist\cjs\internal\Subscriber.js:84:30)
    at OperatorSubscriber.Object.<anonymous>.Subscriber.error (C:\Angular project-2\codebook\node_modules\rxjs\dist\cjs\internal\Subscriber.js:60:18)
    at OperatorSubscriber.Object.<anonymous>.Subscriber._error (C:\Angular project-2\codebook\node_modules\rxjs\dist\cjs\internal\Subscriber.js:84:30)
    at OperatorSubscriber.Object.<anonymous>.Subscriber.error (C:\Angular project-2\codebook\node_modules\rxjs\dist\cjs\internal\Subscriber.js:60:18)
    at OperatorSubscriber.Object.<anonymous>.Subscriber._error (C:\Angular project-2\codebook\node_modules\rxjs\dist\cjs\internal\Subscriber.js:84:30)
    at OperatorSubscriber.Object.<anonymous>.Subscriber.error (C:\Angular project-2\codebook\node_modules\rxjs\dist\cjs\internal\Subscriber.js:60:18)
    at OperatorSubscriber.Object.<anonymous>.Subscriber._error (C:\Angular project-2\codebook\node_modules\rxjs\dist\cjs\internal\Subscriber.js:84:30)
    at OperatorSubscriber.Object.<anonymous>.Subscriber.error (C:\Angular project-2\codebook\node_modules\rxjs\dist\cjs\internal\Subscriber.js:60:18)
    at OperatorSubscriber.Object.<anonymous>.Subscriber._error (C:\Angular project-2\codebook\node_modules\rxjs\dist\cjs\internal\Subscriber.js:84:30)
    at OperatorSubscriber.Object.<anonymous>.Subscriber.error (C:\Angular project-2\codebook\node_modules\rxjs\dist\cjs\internal\Subscriber.js:60:18)
    at Observable.init [as _subscribe] (C:\Angular project-2\codebook\node_modules\rxjs\dist\cjs\internal\observable\throwError.js:8:58)
    at Observable.Object.<anonymous>.Observable._trySubscribe (C:\Angular project-2\codebook\node_modules\rxjs\dist\cjs\internal\Observable.js:41:25)
    at C:\Angular project-2\codebook\node_modules\rxjs\dist\cjs\internal\Observable.js:35:31
    at Object.errorContext (C:\Angular project-2\codebook\node_modules\rxjs\dist\cjs\internal\util\errorContext.js:22:9)
    at Observable.Object.<anonymous>.Observable.subscribe (C:\Angular project-2\codebook\node_modules\rxjs\dist\cjs\internal\Observable.js:26:24)
    at C:\Angular project-2\codebook\node_modules\rxjs\src\internal\operators\catchError.ts:136:22
    at OperatorSubscriber.<anonymous> (C:\Angular project-2\codebook\node_modules\rxjs\dist\cjs\internal\util\lift.js:14:28)
    at C:\Angular project-2\codebook\node_modules\rxjs\dist\cjs\internal\Observable.js:30:30
    at Object.errorContext (C:\Angular project-2\codebook\node_modules\rxjs\dist\cjs\internal\util\errorContext.js:22:9)
    at Observable.Object.<anonymous>.Observable.subscribe (C:\Angular project-2\codebook\node_modules\rxjs\dist\cjs\internal\Observable.js:26:24)
    at C:\Angular project-2\codebook\node_modules\rxjs\dist\cjs\internal\operators\map.js:9:16
    at OperatorSubscriber.<anonymous> (C:\Angular project-2\codebook\node_modules\rxjs\dist\cjs\internal\util\lift.js:14:28)
    at C:\Angular project-2\codebook\node_modules\rxjs\dist\cjs\internal\Observable.js:30:30
    at Object.errorContext (C:\Angular project-2\codebook\node_modules\rxjs\dist\cjs\internal\util\errorContext.js:22:9)
    at Observable.Object.<anonymous>.Observable.subscribe (C:\Angular project-2\codebook\node_modules\rxjs\dist\cjs\internal\Observable.js:26:24)
    at doInnerSub (C:\Angular project-2\codebook\node_modules\rxjs\src\internal\operators\mergeInternals.ts:71:40)
    at outerNext (C:\Angular project-2\codebook\node_modules\rxjs\src\internal\operators\mergeInternals.ts:53:58)
    at OperatorSubscriber._this._next (C:\Angular project-2\codebook\node_modules\rxjs\dist\cjs\internal\operators\OperatorSubscriber.js:33:21)
    at OperatorSubscriber.Object.<anonymous>.Subscriber.next (C:\Angular project-2\codebook\node_modules\rxjs\dist\cjs\internal\Subscriber.js:51:18)
    at Observable._subscribe (C:\Angular project-2\codebook\node_modules\rxjs\dist\cjs\internal\observable\innerFrom.js:109:24)
    at Observable.Object.<anonymous>.Observable._trySubscribe (C:\Angular project-2\codebook\node_modules\rxjs\dist\cjs\internal\Observable.js:41:25)
    at C:\Angular project-2\codebook\node_modules\rxjs\dist\cjs\internal\Observable.js:35:31
    at Object.errorContext (C:\Angular project-2\codebook\node_modules\rxjs\dist\cjs\internal\util\errorContext.js:22:9)
    at Observable.Object.<anonymous>.Observable.subscribe (C:\Angular project-2\codebook\node_modules\rxjs\dist\cjs\internal\Observable.js:26:24)
    at Object.mergeInternals (C:\Angular project-2\codebook\node_modules\rxjs\src\internal\operators\mergeInternals.ts:136:10)
    at C:\Angular project-2\codebook\node_modules\rxjs\src\internal\operators\mergeMap.ts:94:2
    at OperatorSubscriber.<anonymous> (C:\Angular project-2\codebook\node_modules\rxjs\dist\cjs\internal\util\lift.js:14:28)
    at C:\Angular project-2\codebook\node_modules\rxjs\dist\cjs\internal\Observable.js:30:30
    at Object.errorContext (C:\Angular project-2\codebook\node_modules\rxjs\dist\cjs\internal\util\errorContext.js:22:9)
    at Observable.Object.<anonymous>.Observable.subscribe (C:\Angular project-2\codebook\node_modules\rxjs\dist\cjs\internal\Observable.js:26:24)
    at C:\Angular project-2\codebook\node_modules\rxjs\src\internal\operators\scanInternals.ts:34:12
    at OperatorSubscriber.<anonymous> (C:\Angular project-2\codebook\node_modules\rxjs\dist\cjs\internal\util\lift.js:14:28)
    at C:\Angular project-2\codebook\node_modules\rxjs\dist\cjs\internal\Observable.js:30:30
    at Object.errorContext (C:\Angular project-2\codebook\node_modules\rxjs\dist\cjs\internal\util\errorContext.js:22:9)
    at Observable.Object.<anonymous>.Observable.subscribe (C:\Angular project-2\codebook\node_modules\rxjs\dist\cjs\internal\Observable.js:26:24)
    at C:\Angular project-2\codebook\node_modules\rxjs\dist\cjs\internal\operators\defaultIfEmpty.js:9:16
    at OperatorSubscriber.<anonymous> (C:\Angular project-2\codebook\node_modules\rxjs\dist\cjs\internal\util\lift.js:14:28)
    at C:\Angular project-2\codebook\node_modules\rxjs\dist\cjs\internal\Observable.js:30:30
    at Object.errorContext (C:\Angular project-2\codebook\node_modules\rxjs\dist\cjs\internal\util\errorContext.js:22:9)
    at Observable.Object.<anonymous>.Observable.subscribe (C:\Angular project-2\codebook\node_modules\rxjs\dist\cjs\internal\Observable.js:26:24)
    at C:\Angular project-2\codebook\node_modules\rxjs\src\internal\operators\takeLast.ts:64:13
    at OperatorSubscriber.<anonymous> (C:\Angular project-2\codebook\node_modules\rxjs\dist\cjs\internal\util\lift.js:14:28)
    at C:\Angular project-2\codebook\node_modules\rxjs\dist\cjs\internal\Observable.js:30:30
    at Object.errorContext (C:\Angular project-2\codebook\node_modules\rxjs\dist\cjs\internal\util\errorContext.js:22:9)
    at Observable.Object.<anonymous>.Observable.subscribe (C:\Angular project-2\codebook\node_modules\rxjs\dist\cjs\internal\Observable.js:26:24)
    at C:\Angular project-2\codebook\node_modules\rxjs\src\internal\operators\throwIfEmpty.ts:50:11
    at OperatorSubscriber.<anonymous> (C:\Angular project-2\codebook\node_modules\rxjs\dist\cjs\internal\util\lift.js:14:28)
    at C:\Angular project-2\codebook\node_modules\rxjs\dist\cjs\internal\Observable.js:30:30
    at Object.errorContext (C:\Angular project-2\codebook\node_modules\rxjs\dist\cjs\internal\util\errorContext.js:22:9)
    at Observable.Object.<anonymous>.Observable.subscribe (C:\Angular project-2\codebook\node_modules\rxjs\dist\cjs\internal\Observable.js:26:24)
    at Object.mergeInternals (C:\Angular project-2\codebook\node_modules\rxjs\src\internal\operators\mergeInternals.ts:136:10)
    at C:\Angular project-2\codebook\node_modules\rxjs\src\internal\operators\mergeMap.ts:94:2
    at OperatorSubscriber.<anonymous> (C:\Angular project-2\codebook\node_modules\rxjs\dist\cjs\internal\util\lift.js:14:28)
    at C:\Angular project-2\codebook\node_modules\rxjs\dist\cjs\internal\Observable.js:30:30
    at Object.errorContext (C:\Angular project-2\codebook\node_modules\rxjs\dist\cjs\internal\util\errorContext.js:22:9)
    at Observable.Object.<anonymous>.Observable.subscribe (C:\Angular project-2\codebook\node_modules\rxjs\dist\cjs\internal\Observable.js:26:24)
    at C:\Angular project-2\codebook\node_modules\rxjs\dist\cjs\internal\operators\map.js:9:16
    at OperatorSubscriber.<anonymous> (C:\Angular project-2\codebook\node_modules\rxjs\dist\cjs\internal\util\lift.js:14:28)
    at C:\Angular project-2\codebook\node_modules\rxjs\dist\cjs\internal\Observable.js:30:30
    at Object.errorContext (C:\Angular project-2\codebook\node_modules\rxjs\dist\cjs\internal\util\errorContext.js:22:9)
    at Observable.Object.<anonymous>.Observable.subscribe (C:\Angular project-2\codebook\node_modules\rxjs\dist\cjs\internal\Observable.js:26:24)
    at C:\Angular project-2\codebook\node_modules\rxjs\src\internal\operators\catchError.ts:113:23
    at OperatorSubscriber.<anonymous> (C:\Angular project-2\codebook\node_modules\rxjs\dist\cjs\internal\util\lift.js:14:28)
    at C:\Angular project-2\codebook\node_modules\rxjs\dist\cjs\internal\Observable.js:30:30
    at Object.errorContext (C:\Angular project-2\codebook\node_modules\rxjs\dist\cjs\internal\util\errorContext.js:22:9)
    at Observable.Object.<anonymous>.Observable.subscribe (C:\Angular project-2\codebook\node_modules\rxjs\dist\cjs\internal\Observable.js:26:24)
    at C:\Angular project-2\codebook\node_modules\rxjs\dist\cjs\internal\operators\map.js:9:16
    at OperatorSubscriber.<anonymous> (C:\Angular project-2\codebook\node_modules\rxjs\dist\cjs\internal\util\lift.js:14:28)
    at C:\Angular project-2\codebook\node_modules\rxjs\dist\cjs\internal\Observable.js:30:30
    at Object.errorContext (C:\Angular project-2\codebook\node_modules\rxjs\dist\cjs\internal\util\errorContext.js:22:9)
    at Observable.Object.<anonymous>.Observable.subscribe (C:\Angular project-2\codebook\node_modules\rxjs\dist\cjs\internal\Observable.js:26:24)
    at C:\Angular project-2\codebook\node_modules\rxjs\dist\cjs\internal\operators\map.js:9:16
    at OperatorSubscriber.<anonymous> (C:\Angular project-2\codebook\node_modules\rxjs\dist\cjs\internal\util\lift.js:14:28)
    at C:\Angular project-2\codebook\node_modules\rxjs\dist\cjs\internal\Observable.js:30:30
    at Object.errorContext (C:\Angular project-2\codebook\node_modules\rxjs\dist\cjs\internal\util\errorContext.js:22:9)
    at Observable.Object.<anonymous>.Observable.subscribe (C:\Angular project-2\codebook\node_modules\rxjs\dist\cjs\internal\Observable.js:26:24)
    at doInnerSub (C:\Angular project-2\codebook\node_modules\rxjs\src\internal\operators\mergeInternals.ts:71:40)
    at outerNext (C:\Angular project-2\codebook\node_modules\rxjs\src\internal\operators\mergeInternals.ts:53:58)
    at OperatorSubscriber._this._next (C:\Angular project-2\codebook\node_modules\rxjs\dist\cjs\internal\operators\OperatorSubscriber.js:33:21)]]></failure>
    </testCase>
    <testCase name="LoginComponent should reset form on failed onSignup" duration="137">
      <failure message="Error: expect(received).toBe(expected) // Object.is equality"><![CDATA[Error: expect(received).toBe(expected) // Object.is equality

Expected: false
Received: null
    at C:\Angular project-2\codebook\src\app\login\login\login.component.spec.ts:403:57
    at fakeAsyncFn (C:\Angular project-2\codebook\node_modules\zone.js\bundles\zone-testing.umd.js:1795:30)
    at _ZoneDelegate.invoke (C:\Angular project-2\codebook\node_modules\zone.js\bundles\zone.umd.js:416:32)
    at ProxyZoneSpec.Object.<anonymous>.ProxyZoneSpec.onInvoke (C:\Angular project-2\codebook\node_modules\zone.js\bundles\zone-testing.umd.js:2177:43)
    at _ZoneDelegate.invoke (C:\Angular project-2\codebook\node_modules\zone.js\bundles\zone.umd.js:415:38)
    at ZoneImpl.run (C:\Angular project-2\codebook\node_modules\zone.js\bundles\zone.umd.js:147:47)
    at Object.wrappedFunc (C:\Angular project-2\codebook\node_modules\zone.js\bundles\zone-testing.umd.js:450:38)
    at Promise.then.completed (C:\Angular project-2\codebook\node_modules\jest-circus\build\utils.js:298:28)
    at new Promise (<anonymous>)
    at callAsyncCircusFn (C:\Angular project-2\codebook\node_modules\jest-circus\build\utils.js:231:10)
    at _callCircusTest (C:\Angular project-2\codebook\node_modules\jest-circus\build\run.js:316:40)
    at processTicksAndRejections (node:internal/process/task_queues:105:5)
    at _runTest (C:\Angular project-2\codebook\node_modules\jest-circus\build\run.js:252:3)
    at _runTestsForDescribeBlock (C:\Angular project-2\codebook\node_modules\jest-circus\build\run.js:126:9)
    at _runTestsForDescribeBlock (C:\Angular project-2\codebook\node_modules\jest-circus\build\run.js:121:9)
    at run (C:\Angular project-2\codebook\node_modules\jest-circus\build\run.js:71:3)
    at runAndTransformResultsToJestFormat (C:\Angular project-2\codebook\node_modules\jest-circus\build\legacy-code-todo-rewrite\jestAdapterInit.js:122:21)]]></failure>
    </testCase>
    <testCase name="LoginComponent should not call onSignup if form is invalid" duration="217"/>
    <testCase name="LoginComponent should call login when clicking login button with valid form" duration="310">
      <failure message="Error: NG04002: Cannot match any routes. URL Segment: &apos;main-dashboard&apos;"><![CDATA[Error: NG04002: Cannot match any routes. URL Segment: 'main-dashboard'
    at Recognizer.noMatchError (C:\Angular project-2\codebook\node_modules\@angular\router\fesm2022\router-LSBBtrLI.mjs:3922:16)
    at C:\Angular project-2\codebook\node_modules\@angular\router\fesm2022\router-LSBBtrLI.mjs:3952:28
    at C:\Angular project-2\codebook\node_modules\rxjs\src\internal\operators\catchError.ts:115:35
    at OperatorSubscriber._this._error (C:\Angular project-2\codebook\node_modules\rxjs\dist\cjs\internal\operators\OperatorSubscriber.js:43:21)
    at OperatorSubscriber.Object.<anonymous>.Subscriber.error (C:\Angular project-2\codebook\node_modules\rxjs\dist\cjs\internal\Subscriber.js:60:18)
    at OperatorSubscriber.Object.<anonymous>.Subscriber._error (C:\Angular project-2\codebook\node_modules\rxjs\dist\cjs\internal\Subscriber.js:84:30)
    at OperatorSubscriber.Object.<anonymous>.Subscriber.error (C:\Angular project-2\codebook\node_modules\rxjs\dist\cjs\internal\Subscriber.js:60:18)
    at OperatorSubscriber.Object.<anonymous>.Subscriber._error (C:\Angular project-2\codebook\node_modules\rxjs\dist\cjs\internal\Subscriber.js:84:30)
    at OperatorSubscriber.Object.<anonymous>.Subscriber.error (C:\Angular project-2\codebook\node_modules\rxjs\dist\cjs\internal\Subscriber.js:60:18)
    at OperatorSubscriber.Object.<anonymous>.Subscriber._error (C:\Angular project-2\codebook\node_modules\rxjs\dist\cjs\internal\Subscriber.js:84:30)
    at OperatorSubscriber.Object.<anonymous>.Subscriber.error (C:\Angular project-2\codebook\node_modules\rxjs\dist\cjs\internal\Subscriber.js:60:18)
    at OperatorSubscriber.Object.<anonymous>.Subscriber._error (C:\Angular project-2\codebook\node_modules\rxjs\dist\cjs\internal\Subscriber.js:84:30)
    at OperatorSubscriber.Object.<anonymous>.Subscriber.error (C:\Angular project-2\codebook\node_modules\rxjs\dist\cjs\internal\Subscriber.js:60:18)
    at OperatorSubscriber.Object.<anonymous>.Subscriber._error (C:\Angular project-2\codebook\node_modules\rxjs\dist\cjs\internal\Subscriber.js:84:30)
    at OperatorSubscriber.Object.<anonymous>.Subscriber.error (C:\Angular project-2\codebook\node_modules\rxjs\dist\cjs\internal\Subscriber.js:60:18)
    at OperatorSubscriber.Object.<anonymous>.Subscriber._error (C:\Angular project-2\codebook\node_modules\rxjs\dist\cjs\internal\Subscriber.js:84:30)
    at OperatorSubscriber.Object.<anonymous>.Subscriber.error (C:\Angular project-2\codebook\node_modules\rxjs\dist\cjs\internal\Subscriber.js:60:18)
    at OperatorSubscriber.Object.<anonymous>.Subscriber._error (C:\Angular project-2\codebook\node_modules\rxjs\dist\cjs\internal\Subscriber.js:84:30)
    at OperatorSubscriber.Object.<anonymous>.Subscriber.error (C:\Angular project-2\codebook\node_modules\rxjs\dist\cjs\internal\Subscriber.js:60:18)
    at OperatorSubscriber.Object.<anonymous>.Subscriber._error (C:\Angular project-2\codebook\node_modules\rxjs\dist\cjs\internal\Subscriber.js:84:30)
    at OperatorSubscriber.Object.<anonymous>.Subscriber.error (C:\Angular project-2\codebook\node_modules\rxjs\dist\cjs\internal\Subscriber.js:60:18)
    at Observable.init [as _subscribe] (C:\Angular project-2\codebook\node_modules\rxjs\dist\cjs\internal\observable\throwError.js:8:58)
    at Observable.Object.<anonymous>.Observable._trySubscribe (C:\Angular project-2\codebook\node_modules\rxjs\dist\cjs\internal\Observable.js:41:25)
    at C:\Angular project-2\codebook\node_modules\rxjs\dist\cjs\internal\Observable.js:35:31
    at Object.errorContext (C:\Angular project-2\codebook\node_modules\rxjs\dist\cjs\internal\util\errorContext.js:22:9)
    at Observable.Object.<anonymous>.Observable.subscribe (C:\Angular project-2\codebook\node_modules\rxjs\dist\cjs\internal\Observable.js:26:24)
    at C:\Angular project-2\codebook\node_modules\rxjs\src\internal\operators\catchError.ts:136:22
    at OperatorSubscriber.<anonymous> (C:\Angular project-2\codebook\node_modules\rxjs\dist\cjs\internal\util\lift.js:14:28)
    at C:\Angular project-2\codebook\node_modules\rxjs\dist\cjs\internal\Observable.js:30:30
    at Object.errorContext (C:\Angular project-2\codebook\node_modules\rxjs\dist\cjs\internal\util\errorContext.js:22:9)
    at Observable.Object.<anonymous>.Observable.subscribe (C:\Angular project-2\codebook\node_modules\rxjs\dist\cjs\internal\Observable.js:26:24)
    at C:\Angular project-2\codebook\node_modules\rxjs\dist\cjs\internal\operators\map.js:9:16
    at OperatorSubscriber.<anonymous> (C:\Angular project-2\codebook\node_modules\rxjs\dist\cjs\internal\util\lift.js:14:28)
    at C:\Angular project-2\codebook\node_modules\rxjs\dist\cjs\internal\Observable.js:30:30
    at Object.errorContext (C:\Angular project-2\codebook\node_modules\rxjs\dist\cjs\internal\util\errorContext.js:22:9)
    at Observable.Object.<anonymous>.Observable.subscribe (C:\Angular project-2\codebook\node_modules\rxjs\dist\cjs\internal\Observable.js:26:24)
    at doInnerSub (C:\Angular project-2\codebook\node_modules\rxjs\src\internal\operators\mergeInternals.ts:71:40)
    at outerNext (C:\Angular project-2\codebook\node_modules\rxjs\src\internal\operators\mergeInternals.ts:53:58)
    at OperatorSubscriber._this._next (C:\Angular project-2\codebook\node_modules\rxjs\dist\cjs\internal\operators\OperatorSubscriber.js:33:21)
    at OperatorSubscriber.Object.<anonymous>.Subscriber.next (C:\Angular project-2\codebook\node_modules\rxjs\dist\cjs\internal\Subscriber.js:51:18)
    at Observable._subscribe (C:\Angular project-2\codebook\node_modules\rxjs\dist\cjs\internal\observable\innerFrom.js:109:24)
    at Observable.Object.<anonymous>.Observable._trySubscribe (C:\Angular project-2\codebook\node_modules\rxjs\dist\cjs\internal\Observable.js:41:25)
    at C:\Angular project-2\codebook\node_modules\rxjs\dist\cjs\internal\Observable.js:35:31
    at Object.errorContext (C:\Angular project-2\codebook\node_modules\rxjs\dist\cjs\internal\util\errorContext.js:22:9)
    at Observable.Object.<anonymous>.Observable.subscribe (C:\Angular project-2\codebook\node_modules\rxjs\dist\cjs\internal\Observable.js:26:24)
    at Object.mergeInternals (C:\Angular project-2\codebook\node_modules\rxjs\src\internal\operators\mergeInternals.ts:136:10)
    at C:\Angular project-2\codebook\node_modules\rxjs\src\internal\operators\mergeMap.ts:94:2
    at OperatorSubscriber.<anonymous> (C:\Angular project-2\codebook\node_modules\rxjs\dist\cjs\internal\util\lift.js:14:28)
    at C:\Angular project-2\codebook\node_modules\rxjs\dist\cjs\internal\Observable.js:30:30
    at Object.errorContext (C:\Angular project-2\codebook\node_modules\rxjs\dist\cjs\internal\util\errorContext.js:22:9)
    at Observable.Object.<anonymous>.Observable.subscribe (C:\Angular project-2\codebook\node_modules\rxjs\dist\cjs\internal\Observable.js:26:24)
    at C:\Angular project-2\codebook\node_modules\rxjs\src\internal\operators\scanInternals.ts:34:12
    at OperatorSubscriber.<anonymous> (C:\Angular project-2\codebook\node_modules\rxjs\dist\cjs\internal\util\lift.js:14:28)
    at C:\Angular project-2\codebook\node_modules\rxjs\dist\cjs\internal\Observable.js:30:30
    at Object.errorContext (C:\Angular project-2\codebook\node_modules\rxjs\dist\cjs\internal\util\errorContext.js:22:9)
    at Observable.Object.<anonymous>.Observable.subscribe (C:\Angular project-2\codebook\node_modules\rxjs\dist\cjs\internal\Observable.js:26:24)
    at C:\Angular project-2\codebook\node_modules\rxjs\dist\cjs\internal\operators\defaultIfEmpty.js:9:16
    at OperatorSubscriber.<anonymous> (C:\Angular project-2\codebook\node_modules\rxjs\dist\cjs\internal\util\lift.js:14:28)
    at C:\Angular project-2\codebook\node_modules\rxjs\dist\cjs\internal\Observable.js:30:30
    at Object.errorContext (C:\Angular project-2\codebook\node_modules\rxjs\dist\cjs\internal\util\errorContext.js:22:9)
    at Observable.Object.<anonymous>.Observable.subscribe (C:\Angular project-2\codebook\node_modules\rxjs\dist\cjs\internal\Observable.js:26:24)
    at C:\Angular project-2\codebook\node_modules\rxjs\src\internal\operators\takeLast.ts:64:13
    at OperatorSubscriber.<anonymous> (C:\Angular project-2\codebook\node_modules\rxjs\dist\cjs\internal\util\lift.js:14:28)
    at C:\Angular project-2\codebook\node_modules\rxjs\dist\cjs\internal\Observable.js:30:30
    at Object.errorContext (C:\Angular project-2\codebook\node_modules\rxjs\dist\cjs\internal\util\errorContext.js:22:9)
    at Observable.Object.<anonymous>.Observable.subscribe (C:\Angular project-2\codebook\node_modules\rxjs\dist\cjs\internal\Observable.js:26:24)
    at C:\Angular project-2\codebook\node_modules\rxjs\src\internal\operators\throwIfEmpty.ts:50:11
    at OperatorSubscriber.<anonymous> (C:\Angular project-2\codebook\node_modules\rxjs\dist\cjs\internal\util\lift.js:14:28)
    at C:\Angular project-2\codebook\node_modules\rxjs\dist\cjs\internal\Observable.js:30:30
    at Object.errorContext (C:\Angular project-2\codebook\node_modules\rxjs\dist\cjs\internal\util\errorContext.js:22:9)
    at Observable.Object.<anonymous>.Observable.subscribe (C:\Angular project-2\codebook\node_modules\rxjs\dist\cjs\internal\Observable.js:26:24)
    at Object.mergeInternals (C:\Angular project-2\codebook\node_modules\rxjs\src\internal\operators\mergeInternals.ts:136:10)
    at C:\Angular project-2\codebook\node_modules\rxjs\src\internal\operators\mergeMap.ts:94:2
    at OperatorSubscriber.<anonymous> (C:\Angular project-2\codebook\node_modules\rxjs\dist\cjs\internal\util\lift.js:14:28)
    at C:\Angular project-2\codebook\node_modules\rxjs\dist\cjs\internal\Observable.js:30:30
    at Object.errorContext (C:\Angular project-2\codebook\node_modules\rxjs\dist\cjs\internal\util\errorContext.js:22:9)
    at Observable.Object.<anonymous>.Observable.subscribe (C:\Angular project-2\codebook\node_modules\rxjs\dist\cjs\internal\Observable.js:26:24)
    at C:\Angular project-2\codebook\node_modules\rxjs\dist\cjs\internal\operators\map.js:9:16
    at OperatorSubscriber.<anonymous> (C:\Angular project-2\codebook\node_modules\rxjs\dist\cjs\internal\util\lift.js:14:28)
    at C:\Angular project-2\codebook\node_modules\rxjs\dist\cjs\internal\Observable.js:30:30
    at Object.errorContext (C:\Angular project-2\codebook\node_modules\rxjs\dist\cjs\internal\util\errorContext.js:22:9)
    at Observable.Object.<anonymous>.Observable.subscribe (C:\Angular project-2\codebook\node_modules\rxjs\dist\cjs\internal\Observable.js:26:24)
    at C:\Angular project-2\codebook\node_modules\rxjs\src\internal\operators\catchError.ts:113:23
    at OperatorSubscriber.<anonymous> (C:\Angular project-2\codebook\node_modules\rxjs\dist\cjs\internal\util\lift.js:14:28)
    at C:\Angular project-2\codebook\node_modules\rxjs\dist\cjs\internal\Observable.js:30:30
    at Object.errorContext (C:\Angular project-2\codebook\node_modules\rxjs\dist\cjs\internal\util\errorContext.js:22:9)
    at Observable.Object.<anonymous>.Observable.subscribe (C:\Angular project-2\codebook\node_modules\rxjs\dist\cjs\internal\Observable.js:26:24)
    at C:\Angular project-2\codebook\node_modules\rxjs\dist\cjs\internal\operators\map.js:9:16
    at OperatorSubscriber.<anonymous> (C:\Angular project-2\codebook\node_modules\rxjs\dist\cjs\internal\util\lift.js:14:28)
    at C:\Angular project-2\codebook\node_modules\rxjs\dist\cjs\internal\Observable.js:30:30
    at Object.errorContext (C:\Angular project-2\codebook\node_modules\rxjs\dist\cjs\internal\util\errorContext.js:22:9)
    at Observable.Object.<anonymous>.Observable.subscribe (C:\Angular project-2\codebook\node_modules\rxjs\dist\cjs\internal\Observable.js:26:24)
    at C:\Angular project-2\codebook\node_modules\rxjs\dist\cjs\internal\operators\map.js:9:16
    at OperatorSubscriber.<anonymous> (C:\Angular project-2\codebook\node_modules\rxjs\dist\cjs\internal\util\lift.js:14:28)
    at C:\Angular project-2\codebook\node_modules\rxjs\dist\cjs\internal\Observable.js:30:30
    at Object.errorContext (C:\Angular project-2\codebook\node_modules\rxjs\dist\cjs\internal\util\errorContext.js:22:9)
    at Observable.Object.<anonymous>.Observable.subscribe (C:\Angular project-2\codebook\node_modules\rxjs\dist\cjs\internal\Observable.js:26:24)
    at doInnerSub (C:\Angular project-2\codebook\node_modules\rxjs\src\internal\operators\mergeInternals.ts:71:40)
    at outerNext (C:\Angular project-2\codebook\node_modules\rxjs\src\internal\operators\mergeInternals.ts:53:58)
    at OperatorSubscriber._this._next (C:\Angular project-2\codebook\node_modules\rxjs\dist\cjs\internal\operators\OperatorSubscriber.js:33:21)]]></failure>
    </testCase>
    <testCase name="LoginComponent should call signup when clicking signup button with valid form" duration="216">
      <failure message="TypeError: Cannot read properties of null (reading &apos;nativeElement&apos;)"><![CDATA[TypeError: Cannot read properties of null (reading 'nativeElement')
    at C:\Angular project-2\codebook\src\app\login\login\login.component.spec.ts:446:90
    at fakeAsyncFn (C:\Angular project-2\codebook\node_modules\zone.js\bundles\zone-testing.umd.js:1795:30)
    at _ZoneDelegate.invoke (C:\Angular project-2\codebook\node_modules\zone.js\bundles\zone.umd.js:416:32)
    at ProxyZoneSpec.Object.<anonymous>.ProxyZoneSpec.onInvoke (C:\Angular project-2\codebook\node_modules\zone.js\bundles\zone-testing.umd.js:2177:43)
    at _ZoneDelegate.invoke (C:\Angular project-2\codebook\node_modules\zone.js\bundles\zone.umd.js:415:38)
    at ZoneImpl.run (C:\Angular project-2\codebook\node_modules\zone.js\bundles\zone.umd.js:147:47)
    at Object.wrappedFunc (C:\Angular project-2\codebook\node_modules\zone.js\bundles\zone-testing.umd.js:450:38)
    at Promise.then.completed (C:\Angular project-2\codebook\node_modules\jest-circus\build\utils.js:298:28)
    at new Promise (<anonymous>)
    at callAsyncCircusFn (C:\Angular project-2\codebook\node_modules\jest-circus\build\utils.js:231:10)
    at _callCircusTest (C:\Angular project-2\codebook\node_modules\jest-circus\build\run.js:316:40)
    at processTicksAndRejections (node:internal/process/task_queues:105:5)
    at _runTest (C:\Angular project-2\codebook\node_modules\jest-circus\build\run.js:252:3)
    at _runTestsForDescribeBlock (C:\Angular project-2\codebook\node_modules\jest-circus\build\run.js:126:9)
    at _runTestsForDescribeBlock (C:\Angular project-2\codebook\node_modules\jest-circus\build\run.js:121:9)
    at run (C:\Angular project-2\codebook\node_modules\jest-circus\build\run.js:71:3)
    at runAndTransformResultsToJestFormat (C:\Angular project-2\codebook\node_modules\jest-circus\build\legacy-code-todo-rewrite\jestAdapterInit.js:122:21)]]></failure>
    </testCase>
    <testCase name="LoginComponent should toggle to login mode when clicking login button in signup mode" duration="184"/>
    <testCase name="LoginComponent should toggle to signup mode when clicking signup button in login mode" duration="258"/>
    <testCase name="LoginComponent should not call login if form is invalid when clicking login button" duration="184"/>
    <testCase name="LoginComponent should not call signup if form is invalid when clicking signup button" duration="205">
      <failure message="TypeError: Cannot read properties of null (reading &apos;nativeElement&apos;)"><![CDATA[TypeError: Cannot read properties of null (reading 'nativeElement')
    at C:\Angular project-2\codebook\src\app\login\login\login.component.spec.ts:512:90
    at fakeAsyncFn (C:\Angular project-2\codebook\node_modules\zone.js\bundles\zone-testing.umd.js:1795:30)
    at _ZoneDelegate.invoke (C:\Angular project-2\codebook\node_modules\zone.js\bundles\zone.umd.js:416:32)
    at ProxyZoneSpec.Object.<anonymous>.ProxyZoneSpec.onInvoke (C:\Angular project-2\codebook\node_modules\zone.js\bundles\zone-testing.umd.js:2177:43)
    at _ZoneDelegate.invoke (C:\Angular project-2\codebook\node_modules\zone.js\bundles\zone.umd.js:415:38)
    at ZoneImpl.run (C:\Angular project-2\codebook\node_modules\zone.js\bundles\zone.umd.js:147:47)
    at Object.wrappedFunc (C:\Angular project-2\codebook\node_modules\zone.js\bundles\zone-testing.umd.js:450:38)
    at Promise.then.completed (C:\Angular project-2\codebook\node_modules\jest-circus\build\utils.js:298:28)
    at new Promise (<anonymous>)
    at callAsyncCircusFn (C:\Angular project-2\codebook\node_modules\jest-circus\build\utils.js:231:10)
    at _callCircusTest (C:\Angular project-2\codebook\node_modules\jest-circus\build\run.js:316:40)
    at processTicksAndRejections (node:internal/process/task_queues:105:5)
    at _runTest (C:\Angular project-2\codebook\node_modules\jest-circus\build\run.js:252:3)
    at _runTestsForDescribeBlock (C:\Angular project-2\codebook\node_modules\jest-circus\build\run.js:126:9)
    at _runTestsForDescribeBlock (C:\Angular project-2\codebook\node_modules\jest-circus\build\run.js:121:9)
    at run (C:\Angular project-2\codebook\node_modules\jest-circus\build\run.js:71:3)
    at runAndTransformResultsToJestFormat (C:\Angular project-2\codebook\node_modules\jest-circus\build\legacy-code-todo-rewrite\jestAdapterInit.js:122:21)]]></failure>
    </testCase>
    <testCase name="LoginComponent should not call login if isLoading is true when clicking login button" duration="132"/>
    <testCase name="LoginComponent should not call signup if isLoading is true when clicking signup button" duration="67">
      <failure message="TypeError: Cannot read properties of null (reading &apos;nativeElement&apos;)"><![CDATA[TypeError: Cannot read properties of null (reading 'nativeElement')
    at C:\Angular project-2\codebook\src\app\login\login\login.component.spec.ts:557:90
    at fakeAsyncFn (C:\Angular project-2\codebook\node_modules\zone.js\bundles\zone-testing.umd.js:1795:30)
    at _ZoneDelegate.invoke (C:\Angular project-2\codebook\node_modules\zone.js\bundles\zone.umd.js:416:32)
    at ProxyZoneSpec.Object.<anonymous>.ProxyZoneSpec.onInvoke (C:\Angular project-2\codebook\node_modules\zone.js\bundles\zone-testing.umd.js:2177:43)
    at _ZoneDelegate.invoke (C:\Angular project-2\codebook\node_modules\zone.js\bundles\zone.umd.js:415:38)
    at ZoneImpl.run (C:\Angular project-2\codebook\node_modules\zone.js\bundles\zone.umd.js:147:47)
    at Object.wrappedFunc (C:\Angular project-2\codebook\node_modules\zone.js\bundles\zone-testing.umd.js:450:38)
    at Promise.then.completed (C:\Angular project-2\codebook\node_modules\jest-circus\build\utils.js:298:28)
    at new Promise (<anonymous>)
    at callAsyncCircusFn (C:\Angular project-2\codebook\node_modules\jest-circus\build\utils.js:231:10)
    at _callCircusTest (C:\Angular project-2\codebook\node_modules\jest-circus\build\run.js:316:40)
    at processTicksAndRejections (node:internal/process/task_queues:105:5)
    at _runTest (C:\Angular project-2\codebook\node_modules\jest-circus\build\run.js:252:3)
    at _runTestsForDescribeBlock (C:\Angular project-2\codebook\node_modules\jest-circus\build\run.js:126:9)
    at _runTestsForDescribeBlock (C:\Angular project-2\codebook\node_modules\jest-circus\build\run.js:121:9)
    at run (C:\Angular project-2\codebook\node_modules\jest-circus\build\run.js:71:3)
    at runAndTransformResultsToJestFormat (C:\Angular project-2\codebook\node_modules\jest-circus\build\legacy-code-todo-rewrite\jestAdapterInit.js:122:21)]]></failure>
    </testCase>
    <testCase name="LoginComponent should display error message when error exists" duration="55"/>
    <testCase name="LoginComponent should show loading state on login button when isLoading is true" duration="62"/>
    <testCase name="LoginComponent should show loading state on signup button when isLoading is true" duration="95"/>
    <testCase name="LoginComponent should render social login buttons" duration="68"/>
    <testCase name="LoginComponent should show name and confirm password fields in signup mode" duration="87"/>
    <testCase name="LoginComponent should not show name and confirm password fields in login mode" duration="69"/>
    <testCase name="LoginComponent should show remember me and forgot password in login mode" duration="38"/>
    <testCase name="LoginComponent should show agree terms checkbox in signup mode" duration="53"/>
    <testCase name="LoginComponent should update responsive breakpoints for all cases" duration="41"/>
  </file>
  <file path="C:\Angular project-2\codebook\src\app\main-dashboard\main-dashboard.component.spec.ts">
    <testCase name="MainDashboardComponent should create the component" duration="2412">
      <failure message="NullInjectorError: R3InjectorError(Standalone[MainDashboardComponent])[AuthService -&gt; AuthService -&gt; _SignalStore -&gt; _HttpClient -&gt; _HttpClient]: "><![CDATA[NullInjectorError: R3InjectorError(Standalone[MainDashboardComponent])[AuthService -> AuthService -> _SignalStore -> _HttpClient -> _HttpClient]: 
  NullInjectorError: No provider for _HttpClient!
    at NullInjector.get (C:\Angular project-2\codebook\node_modules\@angular\core\fesm2022\core.mjs:1624:27)
    at R3Injector.get (C:\Angular project-2\codebook\node_modules\@angular\core\fesm2022\core.mjs:2151:33)
    at R3Injector.get (C:\Angular project-2\codebook\node_modules\@angular\core\fesm2022\core.mjs:2151:33)
    at injectInjectorOnly (C:\Angular project-2\codebook\node_modules\@angular\core\fesm2022\core.mjs:1119:32)
    at ɵɵinject (C:\Angular project-2\codebook\node_modules\@angular\core\fesm2022\core.mjs:1125:42)
    at inject (C:\Angular project-2\codebook\node_modules\@angular\core\fesm2022\core.mjs:1211:12)
    at C:\Angular project-2\codebook\src\app\login\auth.store.ts:38:36
    at C:\Angular project-2\codebook\node_modules\@ngrx\signals\fesm2022\ngrx-signals.mjs:322:25
    at C:\Angular project-2\codebook\node_modules\@ngrx\signals\fesm2022\ngrx-signals.mjs:171:68
    at Array.reduce (<anonymous>)
    at new _SignalStore (C:\Angular project-2\codebook\node_modules\@ngrx\signals\fesm2022\ngrx-signals.mjs:171:41)
    at Object._SignalStore_Factory [as factory] (ng:///_SignalStore/ɵfac.js:5:10)
    at C:\Angular project-2\codebook\node_modules\@angular\core\fesm2022\core.mjs:2274:47
    at runInInjectorProfilerContext (C:\Angular project-2\codebook\node_modules\@angular\core\fesm2022\core.mjs:880:9)
    at R3Injector.hydrate (C:\Angular project-2\codebook\node_modules\@angular\core\fesm2022\core.mjs:2273:21)
    at R3Injector.get (C:\Angular project-2\codebook\node_modules\@angular\core\fesm2022\core.mjs:2141:33)
    at injectInjectorOnly (C:\Angular project-2\codebook\node_modules\@angular\core\fesm2022\core.mjs:1119:32)
    at ɵɵinject (C:\Angular project-2\codebook\node_modules\@angular\core\fesm2022\core.mjs:1125:42)
    at inject (C:\Angular project-2\codebook\node_modules\@angular\core\fesm2022\core.mjs:1211:12)
    at new AuthService (C:\Angular project-2\codebook\src\app\login\auth.service.ts:6:29)
    at Object.AuthService_Factory [as factory] (ng:///AuthService/ɵfac.js:5:10)
    at C:\Angular project-2\codebook\node_modules\@angular\core\fesm2022\core.mjs:2274:47
    at runInInjectorProfilerContext (C:\Angular project-2\codebook\node_modules\@angular\core\fesm2022\core.mjs:880:9)
    at R3Injector.hydrate (C:\Angular project-2\codebook\node_modules\@angular\core\fesm2022\core.mjs:2273:21)
    at R3Injector.get (C:\Angular project-2\codebook\node_modules\@angular\core\fesm2022\core.mjs:2141:33)
    at R3Injector.get (C:\Angular project-2\codebook\node_modules\@angular\core\fesm2022\core.mjs:2151:33)
    at ChainedInjector.get (C:\Angular project-2\codebook\node_modules\@angular\core\fesm2022\core.mjs:17238:36)
    at lookupTokenUsingModuleInjector (C:\Angular project-2\codebook\node_modules\@angular\core\fesm2022\core.mjs:5063:39)
    at getOrCreateInjectable (C:\Angular project-2\codebook\node_modules\@angular\core\fesm2022\core.mjs:5111:12)
    at ɵɵdirectiveInject (C:\Angular project-2\codebook\node_modules\@angular\core\fesm2022\core.mjs:17289:19)
    at NodeInjectorFactory.UserComponent_Factory [as factory] (ng:///UserComponent/ɵfac.js:5:57)
    at getNodeInjectable (C:\Angular project-2\codebook\node_modules\@angular\core\fesm2022\core.mjs:5323:44)
    at instantiateAllDirectives (C:\Angular project-2\codebook\node_modules\@angular\core\fesm2022\core.mjs:12562:27)
    at createDirectivesInstances (C:\Angular project-2\codebook\node_modules\@angular\core\fesm2022\core.mjs:12352:5)
    at ɵɵelementStart (C:\Angular project-2\codebook\node_modules\@angular\core\fesm2022\core.mjs:27901:9)
    at ɵɵelement (C:\Angular project-2\codebook\node_modules\@angular\core\fesm2022\core.mjs:27956:5)
    at MainDashboardComponent_Template (ng:///MainDashboardComponent.js:205:9)
    at executeTemplate (C:\Angular project-2\codebook\node_modules\@angular\core\fesm2022\core.mjs:12338:9)
    at renderView (C:\Angular project-2\codebook\node_modules\@angular\core\fesm2022\core.mjs:12844:13)
    at renderComponent (C:\Angular project-2\codebook\node_modules\@angular\core\fesm2022\core.mjs:12789:5)
    at renderChildComponents (C:\Angular project-2\codebook\node_modules\@angular\core\fesm2022\core.mjs:12892:9)
    at renderView (C:\Angular project-2\codebook\node_modules\@angular\core\fesm2022\core.mjs:12872:13)
    at ComponentFactory2.create (C:\Angular project-2\codebook\node_modules\@angular\core\fesm2022\core.mjs:17954:17)
    at initComponent (C:\Angular project-2\codebook\node_modules\@angular\core\fesm2022\testing.mjs:2053:51)
    at _ZoneDelegate.invoke (C:\Angular project-2\codebook\node_modules\zone.js\bundles\zone.umd.js:416:32)
    at ProxyZoneSpec.Object.<anonymous>.ProxyZoneSpec.onInvoke (C:\Angular project-2\codebook\node_modules\zone.js\bundles\zone-testing.umd.js:2177:43)
    at _ZoneDelegate.invoke (C:\Angular project-2\codebook\node_modules\zone.js\bundles\zone.umd.js:415:38)
    at Object.onInvoke (C:\Angular project-2\codebook\node_modules\@angular\core\fesm2022\core.mjs:6528:33)
    at _ZoneDelegate.invoke (C:\Angular project-2\codebook\node_modules\zone.js\bundles\zone.umd.js:415:38)
    at ZoneImpl.run (C:\Angular project-2\codebook\node_modules\zone.js\bundles\zone.umd.js:147:47)
    at NgZone.run (C:\Angular project-2\codebook\node_modules\@angular\core\fesm2022\core.mjs:6374:28)
    at _TestBedImpl.createComponent (C:\Angular project-2\codebook\node_modules\@angular\core\fesm2022\testing.mjs:2058:41)
    at Function.createComponent (C:\Angular project-2\codebook\node_modules\@angular\core\fesm2022\testing.mjs:1844:37)
    at C:\Angular project-2\codebook\src\app\main-dashboard\main-dashboard.component.spec.ts:102:23
    at Generator.next (<anonymous>)
    at fulfilled (C:\Angular project-2\codebook\node_modules\tslib\tslib.js:167:62)
    at _ZoneDelegate.invoke (C:\Angular project-2\codebook\node_modules\zone.js\bundles\zone.umd.js:416:32)
    at ProxyZoneSpec.Object.<anonymous>.ProxyZoneSpec.onInvoke (C:\Angular project-2\codebook\node_modules\zone.js\bundles\zone-testing.umd.js:2177:43)
    at _ZoneDelegate.invoke (C:\Angular project-2\codebook\node_modules\zone.js\bundles\zone.umd.js:415:38)
    at ZoneImpl.run (C:\Angular project-2\codebook\node_modules\zone.js\bundles\zone.umd.js:147:47)
    at C:\Angular project-2\codebook\node_modules\zone.js\bundles\zone.umd.js:2598:42
    at _ZoneDelegate.invokeTask (C:\Angular project-2\codebook\node_modules\zone.js\bundles\zone.umd.js:449:37)
    at ProxyZoneSpec.Object.<anonymous>.ProxyZoneSpec.onInvokeTask (C:\Angular project-2\codebook\node_modules\zone.js\bundles\zone-testing.umd.js:2208:43)
    at _ZoneDelegate.invokeTask (C:\Angular project-2\codebook\node_modules\zone.js\bundles\zone.umd.js:448:42)
    at ZoneImpl.runTask (C:\Angular project-2\codebook\node_modules\zone.js\bundles\zone.umd.js:196:51)
    at drainMicroTaskQueue (C:\Angular project-2\codebook\node_modules\zone.js\bundles\zone.umd.js:638:39)
    at processTicksAndRejections (node:internal/process/task_queues:105:5)]]></failure>
    </testCase>
    <testCase name="MainDashboardComponent should initialize with correct default properties" duration="170">
      <failure message="NullInjectorError: R3InjectorError(Standalone[MainDashboardComponent])[AuthService -&gt; AuthService -&gt; _SignalStore -&gt; _HttpClient -&gt; _HttpClient]: "><![CDATA[NullInjectorError: R3InjectorError(Standalone[MainDashboardComponent])[AuthService -> AuthService -> _SignalStore -> _HttpClient -> _HttpClient]: 
  NullInjectorError: No provider for _HttpClient!
    at NullInjector.get (C:\Angular project-2\codebook\node_modules\@angular\core\fesm2022\core.mjs:1624:27)
    at R3Injector.get (C:\Angular project-2\codebook\node_modules\@angular\core\fesm2022\core.mjs:2151:33)
    at R3Injector.get (C:\Angular project-2\codebook\node_modules\@angular\core\fesm2022\core.mjs:2151:33)
    at injectInjectorOnly (C:\Angular project-2\codebook\node_modules\@angular\core\fesm2022\core.mjs:1119:32)
    at ɵɵinject (C:\Angular project-2\codebook\node_modules\@angular\core\fesm2022\core.mjs:1125:42)
    at inject (C:\Angular project-2\codebook\node_modules\@angular\core\fesm2022\core.mjs:1211:12)
    at C:\Angular project-2\codebook\src\app\login\auth.store.ts:38:36
    at C:\Angular project-2\codebook\node_modules\@ngrx\signals\fesm2022\ngrx-signals.mjs:322:25
    at C:\Angular project-2\codebook\node_modules\@ngrx\signals\fesm2022\ngrx-signals.mjs:171:68
    at Array.reduce (<anonymous>)
    at new _SignalStore (C:\Angular project-2\codebook\node_modules\@ngrx\signals\fesm2022\ngrx-signals.mjs:171:41)
    at Object._SignalStore_Factory [as factory] (ng:///_SignalStore/ɵfac.js:5:10)
    at C:\Angular project-2\codebook\node_modules\@angular\core\fesm2022\core.mjs:2274:47
    at runInInjectorProfilerContext (C:\Angular project-2\codebook\node_modules\@angular\core\fesm2022\core.mjs:880:9)
    at R3Injector.hydrate (C:\Angular project-2\codebook\node_modules\@angular\core\fesm2022\core.mjs:2273:21)
    at R3Injector.get (C:\Angular project-2\codebook\node_modules\@angular\core\fesm2022\core.mjs:2141:33)
    at injectInjectorOnly (C:\Angular project-2\codebook\node_modules\@angular\core\fesm2022\core.mjs:1119:32)
    at ɵɵinject (C:\Angular project-2\codebook\node_modules\@angular\core\fesm2022\core.mjs:1125:42)
    at inject (C:\Angular project-2\codebook\node_modules\@angular\core\fesm2022\core.mjs:1211:12)
    at new AuthService (C:\Angular project-2\codebook\src\app\login\auth.service.ts:6:29)
    at Object.AuthService_Factory [as factory] (ng:///AuthService/ɵfac.js:5:10)
    at C:\Angular project-2\codebook\node_modules\@angular\core\fesm2022\core.mjs:2274:47
    at runInInjectorProfilerContext (C:\Angular project-2\codebook\node_modules\@angular\core\fesm2022\core.mjs:880:9)
    at R3Injector.hydrate (C:\Angular project-2\codebook\node_modules\@angular\core\fesm2022\core.mjs:2273:21)
    at R3Injector.get (C:\Angular project-2\codebook\node_modules\@angular\core\fesm2022\core.mjs:2141:33)
    at R3Injector.get (C:\Angular project-2\codebook\node_modules\@angular\core\fesm2022\core.mjs:2151:33)
    at ChainedInjector.get (C:\Angular project-2\codebook\node_modules\@angular\core\fesm2022\core.mjs:17238:36)
    at lookupTokenUsingModuleInjector (C:\Angular project-2\codebook\node_modules\@angular\core\fesm2022\core.mjs:5063:39)
    at getOrCreateInjectable (C:\Angular project-2\codebook\node_modules\@angular\core\fesm2022\core.mjs:5111:12)
    at ɵɵdirectiveInject (C:\Angular project-2\codebook\node_modules\@angular\core\fesm2022\core.mjs:17289:19)
    at NodeInjectorFactory.UserComponent_Factory [as factory] (ng:///UserComponent/ɵfac.js:5:57)
    at getNodeInjectable (C:\Angular project-2\codebook\node_modules\@angular\core\fesm2022\core.mjs:5323:44)
    at instantiateAllDirectives (C:\Angular project-2\codebook\node_modules\@angular\core\fesm2022\core.mjs:12562:27)
    at createDirectivesInstances (C:\Angular project-2\codebook\node_modules\@angular\core\fesm2022\core.mjs:12352:5)
    at ɵɵelementStart (C:\Angular project-2\codebook\node_modules\@angular\core\fesm2022\core.mjs:27901:9)
    at ɵɵelement (C:\Angular project-2\codebook\node_modules\@angular\core\fesm2022\core.mjs:27956:5)
    at MainDashboardComponent_Template (ng:///MainDashboardComponent.js:205:9)
    at executeTemplate (C:\Angular project-2\codebook\node_modules\@angular\core\fesm2022\core.mjs:12338:9)
    at renderView (C:\Angular project-2\codebook\node_modules\@angular\core\fesm2022\core.mjs:12844:13)
    at renderComponent (C:\Angular project-2\codebook\node_modules\@angular\core\fesm2022\core.mjs:12789:5)
    at renderChildComponents (C:\Angular project-2\codebook\node_modules\@angular\core\fesm2022\core.mjs:12892:9)
    at renderView (C:\Angular project-2\codebook\node_modules\@angular\core\fesm2022\core.mjs:12872:13)
    at ComponentFactory2.create (C:\Angular project-2\codebook\node_modules\@angular\core\fesm2022\core.mjs:17954:17)
    at initComponent (C:\Angular project-2\codebook\node_modules\@angular\core\fesm2022\testing.mjs:2053:51)
    at _ZoneDelegate.invoke (C:\Angular project-2\codebook\node_modules\zone.js\bundles\zone.umd.js:416:32)
    at ProxyZoneSpec.Object.<anonymous>.ProxyZoneSpec.onInvoke (C:\Angular project-2\codebook\node_modules\zone.js\bundles\zone-testing.umd.js:2177:43)
    at _ZoneDelegate.invoke (C:\Angular project-2\codebook\node_modules\zone.js\bundles\zone.umd.js:415:38)
    at Object.onInvoke (C:\Angular project-2\codebook\node_modules\@angular\core\fesm2022\core.mjs:6528:33)
    at _ZoneDelegate.invoke (C:\Angular project-2\codebook\node_modules\zone.js\bundles\zone.umd.js:415:38)
    at ZoneImpl.run (C:\Angular project-2\codebook\node_modules\zone.js\bundles\zone.umd.js:147:47)
    at NgZone.run (C:\Angular project-2\codebook\node_modules\@angular\core\fesm2022\core.mjs:6374:28)
    at _TestBedImpl.createComponent (C:\Angular project-2\codebook\node_modules\@angular\core\fesm2022\testing.mjs:2058:41)
    at Function.createComponent (C:\Angular project-2\codebook\node_modules\@angular\core\fesm2022\testing.mjs:1844:37)
    at C:\Angular project-2\codebook\src\app\main-dashboard\main-dashboard.component.spec.ts:102:23
    at Generator.next (<anonymous>)
    at fulfilled (C:\Angular project-2\codebook\node_modules\tslib\tslib.js:167:62)
    at _ZoneDelegate.invoke (C:\Angular project-2\codebook\node_modules\zone.js\bundles\zone.umd.js:416:32)
    at ProxyZoneSpec.Object.<anonymous>.ProxyZoneSpec.onInvoke (C:\Angular project-2\codebook\node_modules\zone.js\bundles\zone-testing.umd.js:2177:43)
    at _ZoneDelegate.invoke (C:\Angular project-2\codebook\node_modules\zone.js\bundles\zone.umd.js:415:38)
    at ZoneImpl.run (C:\Angular project-2\codebook\node_modules\zone.js\bundles\zone.umd.js:147:47)
    at C:\Angular project-2\codebook\node_modules\zone.js\bundles\zone.umd.js:2598:42
    at _ZoneDelegate.invokeTask (C:\Angular project-2\codebook\node_modules\zone.js\bundles\zone.umd.js:449:37)
    at ProxyZoneSpec.Object.<anonymous>.ProxyZoneSpec.onInvokeTask (C:\Angular project-2\codebook\node_modules\zone.js\bundles\zone-testing.umd.js:2208:43)
    at _ZoneDelegate.invokeTask (C:\Angular project-2\codebook\node_modules\zone.js\bundles\zone.umd.js:448:42)
    at ZoneImpl.runTask (C:\Angular project-2\codebook\node_modules\zone.js\bundles\zone.umd.js:196:51)
    at drainMicroTaskQueue (C:\Angular project-2\codebook\node_modules\zone.js\bundles\zone.umd.js:638:39)
    at processTicksAndRejections (node:internal/process/task_queues:105:5)]]></failure>
    </testCase>
    <testCase name="MainDashboardComponent should set up languages in constructor" duration="112">
      <failure message="NullInjectorError: R3InjectorError(Standalone[MainDashboardComponent])[AuthService -&gt; AuthService -&gt; _SignalStore -&gt; _HttpClient -&gt; _HttpClient]: "><![CDATA[NullInjectorError: R3InjectorError(Standalone[MainDashboardComponent])[AuthService -> AuthService -> _SignalStore -> _HttpClient -> _HttpClient]: 
  NullInjectorError: No provider for _HttpClient!
    at NullInjector.get (C:\Angular project-2\codebook\node_modules\@angular\core\fesm2022\core.mjs:1624:27)
    at R3Injector.get (C:\Angular project-2\codebook\node_modules\@angular\core\fesm2022\core.mjs:2151:33)
    at R3Injector.get (C:\Angular project-2\codebook\node_modules\@angular\core\fesm2022\core.mjs:2151:33)
    at injectInjectorOnly (C:\Angular project-2\codebook\node_modules\@angular\core\fesm2022\core.mjs:1119:32)
    at ɵɵinject (C:\Angular project-2\codebook\node_modules\@angular\core\fesm2022\core.mjs:1125:42)
    at inject (C:\Angular project-2\codebook\node_modules\@angular\core\fesm2022\core.mjs:1211:12)
    at C:\Angular project-2\codebook\src\app\login\auth.store.ts:38:36
    at C:\Angular project-2\codebook\node_modules\@ngrx\signals\fesm2022\ngrx-signals.mjs:322:25
    at C:\Angular project-2\codebook\node_modules\@ngrx\signals\fesm2022\ngrx-signals.mjs:171:68
    at Array.reduce (<anonymous>)
    at new _SignalStore (C:\Angular project-2\codebook\node_modules\@ngrx\signals\fesm2022\ngrx-signals.mjs:171:41)
    at Object._SignalStore_Factory [as factory] (ng:///_SignalStore/ɵfac.js:5:10)
    at C:\Angular project-2\codebook\node_modules\@angular\core\fesm2022\core.mjs:2274:47
    at runInInjectorProfilerContext (C:\Angular project-2\codebook\node_modules\@angular\core\fesm2022\core.mjs:880:9)
    at R3Injector.hydrate (C:\Angular project-2\codebook\node_modules\@angular\core\fesm2022\core.mjs:2273:21)
    at R3Injector.get (C:\Angular project-2\codebook\node_modules\@angular\core\fesm2022\core.mjs:2141:33)
    at injectInjectorOnly (C:\Angular project-2\codebook\node_modules\@angular\core\fesm2022\core.mjs:1119:32)
    at ɵɵinject (C:\Angular project-2\codebook\node_modules\@angular\core\fesm2022\core.mjs:1125:42)
    at inject (C:\Angular project-2\codebook\node_modules\@angular\core\fesm2022\core.mjs:1211:12)
    at new AuthService (C:\Angular project-2\codebook\src\app\login\auth.service.ts:6:29)
    at Object.AuthService_Factory [as factory] (ng:///AuthService/ɵfac.js:5:10)
    at C:\Angular project-2\codebook\node_modules\@angular\core\fesm2022\core.mjs:2274:47
    at runInInjectorProfilerContext (C:\Angular project-2\codebook\node_modules\@angular\core\fesm2022\core.mjs:880:9)
    at R3Injector.hydrate (C:\Angular project-2\codebook\node_modules\@angular\core\fesm2022\core.mjs:2273:21)
    at R3Injector.get (C:\Angular project-2\codebook\node_modules\@angular\core\fesm2022\core.mjs:2141:33)
    at R3Injector.get (C:\Angular project-2\codebook\node_modules\@angular\core\fesm2022\core.mjs:2151:33)
    at ChainedInjector.get (C:\Angular project-2\codebook\node_modules\@angular\core\fesm2022\core.mjs:17238:36)
    at lookupTokenUsingModuleInjector (C:\Angular project-2\codebook\node_modules\@angular\core\fesm2022\core.mjs:5063:39)
    at getOrCreateInjectable (C:\Angular project-2\codebook\node_modules\@angular\core\fesm2022\core.mjs:5111:12)
    at ɵɵdirectiveInject (C:\Angular project-2\codebook\node_modules\@angular\core\fesm2022\core.mjs:17289:19)
    at NodeInjectorFactory.UserComponent_Factory [as factory] (ng:///UserComponent/ɵfac.js:5:57)
    at getNodeInjectable (C:\Angular project-2\codebook\node_modules\@angular\core\fesm2022\core.mjs:5323:44)
    at instantiateAllDirectives (C:\Angular project-2\codebook\node_modules\@angular\core\fesm2022\core.mjs:12562:27)
    at createDirectivesInstances (C:\Angular project-2\codebook\node_modules\@angular\core\fesm2022\core.mjs:12352:5)
    at ɵɵelementStart (C:\Angular project-2\codebook\node_modules\@angular\core\fesm2022\core.mjs:27901:9)
    at ɵɵelement (C:\Angular project-2\codebook\node_modules\@angular\core\fesm2022\core.mjs:27956:5)
    at MainDashboardComponent_Template (ng:///MainDashboardComponent.js:205:9)
    at executeTemplate (C:\Angular project-2\codebook\node_modules\@angular\core\fesm2022\core.mjs:12338:9)
    at renderView (C:\Angular project-2\codebook\node_modules\@angular\core\fesm2022\core.mjs:12844:13)
    at renderComponent (C:\Angular project-2\codebook\node_modules\@angular\core\fesm2022\core.mjs:12789:5)
    at renderChildComponents (C:\Angular project-2\codebook\node_modules\@angular\core\fesm2022\core.mjs:12892:9)
    at renderView (C:\Angular project-2\codebook\node_modules\@angular\core\fesm2022\core.mjs:12872:13)
    at ComponentFactory2.create (C:\Angular project-2\codebook\node_modules\@angular\core\fesm2022\core.mjs:17954:17)
    at initComponent (C:\Angular project-2\codebook\node_modules\@angular\core\fesm2022\testing.mjs:2053:51)
    at _ZoneDelegate.invoke (C:\Angular project-2\codebook\node_modules\zone.js\bundles\zone.umd.js:416:32)
    at ProxyZoneSpec.Object.<anonymous>.ProxyZoneSpec.onInvoke (C:\Angular project-2\codebook\node_modules\zone.js\bundles\zone-testing.umd.js:2177:43)
    at _ZoneDelegate.invoke (C:\Angular project-2\codebook\node_modules\zone.js\bundles\zone.umd.js:415:38)
    at Object.onInvoke (C:\Angular project-2\codebook\node_modules\@angular\core\fesm2022\core.mjs:6528:33)
    at _ZoneDelegate.invoke (C:\Angular project-2\codebook\node_modules\zone.js\bundles\zone.umd.js:415:38)
    at ZoneImpl.run (C:\Angular project-2\codebook\node_modules\zone.js\bundles\zone.umd.js:147:47)
    at NgZone.run (C:\Angular project-2\codebook\node_modules\@angular\core\fesm2022\core.mjs:6374:28)
    at _TestBedImpl.createComponent (C:\Angular project-2\codebook\node_modules\@angular\core\fesm2022\testing.mjs:2058:41)
    at Function.createComponent (C:\Angular project-2\codebook\node_modules\@angular\core\fesm2022\testing.mjs:1844:37)
    at C:\Angular project-2\codebook\src\app\main-dashboard\main-dashboard.component.spec.ts:102:23
    at Generator.next (<anonymous>)
    at fulfilled (C:\Angular project-2\codebook\node_modules\tslib\tslib.js:167:62)
    at _ZoneDelegate.invoke (C:\Angular project-2\codebook\node_modules\zone.js\bundles\zone.umd.js:416:32)
    at ProxyZoneSpec.Object.<anonymous>.ProxyZoneSpec.onInvoke (C:\Angular project-2\codebook\node_modules\zone.js\bundles\zone-testing.umd.js:2177:43)
    at _ZoneDelegate.invoke (C:\Angular project-2\codebook\node_modules\zone.js\bundles\zone.umd.js:415:38)
    at ZoneImpl.run (C:\Angular project-2\codebook\node_modules\zone.js\bundles\zone.umd.js:147:47)
    at C:\Angular project-2\codebook\node_modules\zone.js\bundles\zone.umd.js:2598:42
    at _ZoneDelegate.invokeTask (C:\Angular project-2\codebook\node_modules\zone.js\bundles\zone.umd.js:449:37)
    at ProxyZoneSpec.Object.<anonymous>.ProxyZoneSpec.onInvokeTask (C:\Angular project-2\codebook\node_modules\zone.js\bundles\zone-testing.umd.js:2208:43)
    at _ZoneDelegate.invokeTask (C:\Angular project-2\codebook\node_modules\zone.js\bundles\zone.umd.js:448:42)
    at ZoneImpl.runTask (C:\Angular project-2\codebook\node_modules\zone.js\bundles\zone.umd.js:196:51)
    at drainMicroTaskQueue (C:\Angular project-2\codebook\node_modules\zone.js\bundles\zone.umd.js:638:39)
    at processTicksAndRejections (node:internal/process/task_queues:105:5)]]></failure>
    </testCase>
    <testCase name="MainDashboardComponent should initialize language in ngOnInit with stored language (French)" duration="132">
      <failure message="NullInjectorError: R3InjectorError(Standalone[MainDashboardComponent])[AuthService -&gt; AuthService -&gt; _SignalStore -&gt; _HttpClient -&gt; _HttpClient]: "><![CDATA[NullInjectorError: R3InjectorError(Standalone[MainDashboardComponent])[AuthService -> AuthService -> _SignalStore -> _HttpClient -> _HttpClient]: 
  NullInjectorError: No provider for _HttpClient!
    at NullInjector.get (C:\Angular project-2\codebook\node_modules\@angular\core\fesm2022\core.mjs:1624:27)
    at R3Injector.get (C:\Angular project-2\codebook\node_modules\@angular\core\fesm2022\core.mjs:2151:33)
    at R3Injector.get (C:\Angular project-2\codebook\node_modules\@angular\core\fesm2022\core.mjs:2151:33)
    at injectInjectorOnly (C:\Angular project-2\codebook\node_modules\@angular\core\fesm2022\core.mjs:1119:32)
    at ɵɵinject (C:\Angular project-2\codebook\node_modules\@angular\core\fesm2022\core.mjs:1125:42)
    at inject (C:\Angular project-2\codebook\node_modules\@angular\core\fesm2022\core.mjs:1211:12)
    at C:\Angular project-2\codebook\src\app\login\auth.store.ts:38:36
    at C:\Angular project-2\codebook\node_modules\@ngrx\signals\fesm2022\ngrx-signals.mjs:322:25
    at C:\Angular project-2\codebook\node_modules\@ngrx\signals\fesm2022\ngrx-signals.mjs:171:68
    at Array.reduce (<anonymous>)
    at new _SignalStore (C:\Angular project-2\codebook\node_modules\@ngrx\signals\fesm2022\ngrx-signals.mjs:171:41)
    at Object._SignalStore_Factory [as factory] (ng:///_SignalStore/ɵfac.js:5:10)
    at C:\Angular project-2\codebook\node_modules\@angular\core\fesm2022\core.mjs:2274:47
    at runInInjectorProfilerContext (C:\Angular project-2\codebook\node_modules\@angular\core\fesm2022\core.mjs:880:9)
    at R3Injector.hydrate (C:\Angular project-2\codebook\node_modules\@angular\core\fesm2022\core.mjs:2273:21)
    at R3Injector.get (C:\Angular project-2\codebook\node_modules\@angular\core\fesm2022\core.mjs:2141:33)
    at injectInjectorOnly (C:\Angular project-2\codebook\node_modules\@angular\core\fesm2022\core.mjs:1119:32)
    at ɵɵinject (C:\Angular project-2\codebook\node_modules\@angular\core\fesm2022\core.mjs:1125:42)
    at inject (C:\Angular project-2\codebook\node_modules\@angular\core\fesm2022\core.mjs:1211:12)
    at new AuthService (C:\Angular project-2\codebook\src\app\login\auth.service.ts:6:29)
    at Object.AuthService_Factory [as factory] (ng:///AuthService/ɵfac.js:5:10)
    at C:\Angular project-2\codebook\node_modules\@angular\core\fesm2022\core.mjs:2274:47
    at runInInjectorProfilerContext (C:\Angular project-2\codebook\node_modules\@angular\core\fesm2022\core.mjs:880:9)
    at R3Injector.hydrate (C:\Angular project-2\codebook\node_modules\@angular\core\fesm2022\core.mjs:2273:21)
    at R3Injector.get (C:\Angular project-2\codebook\node_modules\@angular\core\fesm2022\core.mjs:2141:33)
    at R3Injector.get (C:\Angular project-2\codebook\node_modules\@angular\core\fesm2022\core.mjs:2151:33)
    at ChainedInjector.get (C:\Angular project-2\codebook\node_modules\@angular\core\fesm2022\core.mjs:17238:36)
    at lookupTokenUsingModuleInjector (C:\Angular project-2\codebook\node_modules\@angular\core\fesm2022\core.mjs:5063:39)
    at getOrCreateInjectable (C:\Angular project-2\codebook\node_modules\@angular\core\fesm2022\core.mjs:5111:12)
    at ɵɵdirectiveInject (C:\Angular project-2\codebook\node_modules\@angular\core\fesm2022\core.mjs:17289:19)
    at NodeInjectorFactory.UserComponent_Factory [as factory] (ng:///UserComponent/ɵfac.js:5:57)
    at getNodeInjectable (C:\Angular project-2\codebook\node_modules\@angular\core\fesm2022\core.mjs:5323:44)
    at instantiateAllDirectives (C:\Angular project-2\codebook\node_modules\@angular\core\fesm2022\core.mjs:12562:27)
    at createDirectivesInstances (C:\Angular project-2\codebook\node_modules\@angular\core\fesm2022\core.mjs:12352:5)
    at ɵɵelementStart (C:\Angular project-2\codebook\node_modules\@angular\core\fesm2022\core.mjs:27901:9)
    at ɵɵelement (C:\Angular project-2\codebook\node_modules\@angular\core\fesm2022\core.mjs:27956:5)
    at MainDashboardComponent_Template (ng:///MainDashboardComponent.js:205:9)
    at executeTemplate (C:\Angular project-2\codebook\node_modules\@angular\core\fesm2022\core.mjs:12338:9)
    at renderView (C:\Angular project-2\codebook\node_modules\@angular\core\fesm2022\core.mjs:12844:13)
    at renderComponent (C:\Angular project-2\codebook\node_modules\@angular\core\fesm2022\core.mjs:12789:5)
    at renderChildComponents (C:\Angular project-2\codebook\node_modules\@angular\core\fesm2022\core.mjs:12892:9)
    at renderView (C:\Angular project-2\codebook\node_modules\@angular\core\fesm2022\core.mjs:12872:13)
    at ComponentFactory2.create (C:\Angular project-2\codebook\node_modules\@angular\core\fesm2022\core.mjs:17954:17)
    at initComponent (C:\Angular project-2\codebook\node_modules\@angular\core\fesm2022\testing.mjs:2053:51)
    at _ZoneDelegate.invoke (C:\Angular project-2\codebook\node_modules\zone.js\bundles\zone.umd.js:416:32)
    at ProxyZoneSpec.Object.<anonymous>.ProxyZoneSpec.onInvoke (C:\Angular project-2\codebook\node_modules\zone.js\bundles\zone-testing.umd.js:2177:43)
    at _ZoneDelegate.invoke (C:\Angular project-2\codebook\node_modules\zone.js\bundles\zone.umd.js:415:38)
    at Object.onInvoke (C:\Angular project-2\codebook\node_modules\@angular\core\fesm2022\core.mjs:6528:33)
    at _ZoneDelegate.invoke (C:\Angular project-2\codebook\node_modules\zone.js\bundles\zone.umd.js:415:38)
    at ZoneImpl.run (C:\Angular project-2\codebook\node_modules\zone.js\bundles\zone.umd.js:147:47)
    at NgZone.run (C:\Angular project-2\codebook\node_modules\@angular\core\fesm2022\core.mjs:6374:28)
    at _TestBedImpl.createComponent (C:\Angular project-2\codebook\node_modules\@angular\core\fesm2022\testing.mjs:2058:41)
    at Function.createComponent (C:\Angular project-2\codebook\node_modules\@angular\core\fesm2022\testing.mjs:1844:37)
    at C:\Angular project-2\codebook\src\app\main-dashboard\main-dashboard.component.spec.ts:102:23
    at Generator.next (<anonymous>)
    at fulfilled (C:\Angular project-2\codebook\node_modules\tslib\tslib.js:167:62)
    at _ZoneDelegate.invoke (C:\Angular project-2\codebook\node_modules\zone.js\bundles\zone.umd.js:416:32)
    at ProxyZoneSpec.Object.<anonymous>.ProxyZoneSpec.onInvoke (C:\Angular project-2\codebook\node_modules\zone.js\bundles\zone-testing.umd.js:2177:43)
    at _ZoneDelegate.invoke (C:\Angular project-2\codebook\node_modules\zone.js\bundles\zone.umd.js:415:38)
    at ZoneImpl.run (C:\Angular project-2\codebook\node_modules\zone.js\bundles\zone.umd.js:147:47)
    at C:\Angular project-2\codebook\node_modules\zone.js\bundles\zone.umd.js:2598:42
    at _ZoneDelegate.invokeTask (C:\Angular project-2\codebook\node_modules\zone.js\bundles\zone.umd.js:449:37)
    at ProxyZoneSpec.Object.<anonymous>.ProxyZoneSpec.onInvokeTask (C:\Angular project-2\codebook\node_modules\zone.js\bundles\zone-testing.umd.js:2208:43)
    at _ZoneDelegate.invokeTask (C:\Angular project-2\codebook\node_modules\zone.js\bundles\zone.umd.js:448:42)
    at ZoneImpl.runTask (C:\Angular project-2\codebook\node_modules\zone.js\bundles\zone.umd.js:196:51)
    at drainMicroTaskQueue (C:\Angular project-2\codebook\node_modules\zone.js\bundles\zone.umd.js:638:39)
    at processTicksAndRejections (node:internal/process/task_queues:105:5)]]></failure>
    </testCase>
    <testCase name="MainDashboardComponent should initialize language in ngOnInit with default language when localStorage is empty" duration="133">
      <failure message="NullInjectorError: R3InjectorError(Standalone[MainDashboardComponent])[AuthService -&gt; AuthService -&gt; _SignalStore -&gt; _HttpClient -&gt; _HttpClient]: "><![CDATA[NullInjectorError: R3InjectorError(Standalone[MainDashboardComponent])[AuthService -> AuthService -> _SignalStore -> _HttpClient -> _HttpClient]: 
  NullInjectorError: No provider for _HttpClient!
    at NullInjector.get (C:\Angular project-2\codebook\node_modules\@angular\core\fesm2022\core.mjs:1624:27)
    at R3Injector.get (C:\Angular project-2\codebook\node_modules\@angular\core\fesm2022\core.mjs:2151:33)
    at R3Injector.get (C:\Angular project-2\codebook\node_modules\@angular\core\fesm2022\core.mjs:2151:33)
    at injectInjectorOnly (C:\Angular project-2\codebook\node_modules\@angular\core\fesm2022\core.mjs:1119:32)
    at ɵɵinject (C:\Angular project-2\codebook\node_modules\@angular\core\fesm2022\core.mjs:1125:42)
    at inject (C:\Angular project-2\codebook\node_modules\@angular\core\fesm2022\core.mjs:1211:12)
    at C:\Angular project-2\codebook\src\app\login\auth.store.ts:38:36
    at C:\Angular project-2\codebook\node_modules\@ngrx\signals\fesm2022\ngrx-signals.mjs:322:25
    at C:\Angular project-2\codebook\node_modules\@ngrx\signals\fesm2022\ngrx-signals.mjs:171:68
    at Array.reduce (<anonymous>)
    at new _SignalStore (C:\Angular project-2\codebook\node_modules\@ngrx\signals\fesm2022\ngrx-signals.mjs:171:41)
    at Object._SignalStore_Factory [as factory] (ng:///_SignalStore/ɵfac.js:5:10)
    at C:\Angular project-2\codebook\node_modules\@angular\core\fesm2022\core.mjs:2274:47
    at runInInjectorProfilerContext (C:\Angular project-2\codebook\node_modules\@angular\core\fesm2022\core.mjs:880:9)
    at R3Injector.hydrate (C:\Angular project-2\codebook\node_modules\@angular\core\fesm2022\core.mjs:2273:21)
    at R3Injector.get (C:\Angular project-2\codebook\node_modules\@angular\core\fesm2022\core.mjs:2141:33)
    at injectInjectorOnly (C:\Angular project-2\codebook\node_modules\@angular\core\fesm2022\core.mjs:1119:32)
    at ɵɵinject (C:\Angular project-2\codebook\node_modules\@angular\core\fesm2022\core.mjs:1125:42)
    at inject (C:\Angular project-2\codebook\node_modules\@angular\core\fesm2022\core.mjs:1211:12)
    at new AuthService (C:\Angular project-2\codebook\src\app\login\auth.service.ts:6:29)
    at Object.AuthService_Factory [as factory] (ng:///AuthService/ɵfac.js:5:10)
    at C:\Angular project-2\codebook\node_modules\@angular\core\fesm2022\core.mjs:2274:47
    at runInInjectorProfilerContext (C:\Angular project-2\codebook\node_modules\@angular\core\fesm2022\core.mjs:880:9)
    at R3Injector.hydrate (C:\Angular project-2\codebook\node_modules\@angular\core\fesm2022\core.mjs:2273:21)
    at R3Injector.get (C:\Angular project-2\codebook\node_modules\@angular\core\fesm2022\core.mjs:2141:33)
    at R3Injector.get (C:\Angular project-2\codebook\node_modules\@angular\core\fesm2022\core.mjs:2151:33)
    at ChainedInjector.get (C:\Angular project-2\codebook\node_modules\@angular\core\fesm2022\core.mjs:17238:36)
    at lookupTokenUsingModuleInjector (C:\Angular project-2\codebook\node_modules\@angular\core\fesm2022\core.mjs:5063:39)
    at getOrCreateInjectable (C:\Angular project-2\codebook\node_modules\@angular\core\fesm2022\core.mjs:5111:12)
    at ɵɵdirectiveInject (C:\Angular project-2\codebook\node_modules\@angular\core\fesm2022\core.mjs:17289:19)
    at NodeInjectorFactory.UserComponent_Factory [as factory] (ng:///UserComponent/ɵfac.js:5:57)
    at getNodeInjectable (C:\Angular project-2\codebook\node_modules\@angular\core\fesm2022\core.mjs:5323:44)
    at instantiateAllDirectives (C:\Angular project-2\codebook\node_modules\@angular\core\fesm2022\core.mjs:12562:27)
    at createDirectivesInstances (C:\Angular project-2\codebook\node_modules\@angular\core\fesm2022\core.mjs:12352:5)
    at ɵɵelementStart (C:\Angular project-2\codebook\node_modules\@angular\core\fesm2022\core.mjs:27901:9)
    at ɵɵelement (C:\Angular project-2\codebook\node_modules\@angular\core\fesm2022\core.mjs:27956:5)
    at MainDashboardComponent_Template (ng:///MainDashboardComponent.js:205:9)
    at executeTemplate (C:\Angular project-2\codebook\node_modules\@angular\core\fesm2022\core.mjs:12338:9)
    at renderView (C:\Angular project-2\codebook\node_modules\@angular\core\fesm2022\core.mjs:12844:13)
    at renderComponent (C:\Angular project-2\codebook\node_modules\@angular\core\fesm2022\core.mjs:12789:5)
    at renderChildComponents (C:\Angular project-2\codebook\node_modules\@angular\core\fesm2022\core.mjs:12892:9)
    at renderView (C:\Angular project-2\codebook\node_modules\@angular\core\fesm2022\core.mjs:12872:13)
    at ComponentFactory2.create (C:\Angular project-2\codebook\node_modules\@angular\core\fesm2022\core.mjs:17954:17)
    at initComponent (C:\Angular project-2\codebook\node_modules\@angular\core\fesm2022\testing.mjs:2053:51)
    at _ZoneDelegate.invoke (C:\Angular project-2\codebook\node_modules\zone.js\bundles\zone.umd.js:416:32)
    at ProxyZoneSpec.Object.<anonymous>.ProxyZoneSpec.onInvoke (C:\Angular project-2\codebook\node_modules\zone.js\bundles\zone-testing.umd.js:2177:43)
    at _ZoneDelegate.invoke (C:\Angular project-2\codebook\node_modules\zone.js\bundles\zone.umd.js:415:38)
    at Object.onInvoke (C:\Angular project-2\codebook\node_modules\@angular\core\fesm2022\core.mjs:6528:33)
    at _ZoneDelegate.invoke (C:\Angular project-2\codebook\node_modules\zone.js\bundles\zone.umd.js:415:38)
    at ZoneImpl.run (C:\Angular project-2\codebook\node_modules\zone.js\bundles\zone.umd.js:147:47)
    at NgZone.run (C:\Angular project-2\codebook\node_modules\@angular\core\fesm2022\core.mjs:6374:28)
    at _TestBedImpl.createComponent (C:\Angular project-2\codebook\node_modules\@angular\core\fesm2022\testing.mjs:2058:41)
    at Function.createComponent (C:\Angular project-2\codebook\node_modules\@angular\core\fesm2022\testing.mjs:1844:37)
    at C:\Angular project-2\codebook\src\app\main-dashboard\main-dashboard.component.spec.ts:102:23
    at Generator.next (<anonymous>)
    at fulfilled (C:\Angular project-2\codebook\node_modules\tslib\tslib.js:167:62)
    at _ZoneDelegate.invoke (C:\Angular project-2\codebook\node_modules\zone.js\bundles\zone.umd.js:416:32)
    at ProxyZoneSpec.Object.<anonymous>.ProxyZoneSpec.onInvoke (C:\Angular project-2\codebook\node_modules\zone.js\bundles\zone-testing.umd.js:2177:43)
    at _ZoneDelegate.invoke (C:\Angular project-2\codebook\node_modules\zone.js\bundles\zone.umd.js:415:38)
    at ZoneImpl.run (C:\Angular project-2\codebook\node_modules\zone.js\bundles\zone.umd.js:147:47)
    at C:\Angular project-2\codebook\node_modules\zone.js\bundles\zone.umd.js:2598:42
    at _ZoneDelegate.invokeTask (C:\Angular project-2\codebook\node_modules\zone.js\bundles\zone.umd.js:449:37)
    at ProxyZoneSpec.Object.<anonymous>.ProxyZoneSpec.onInvokeTask (C:\Angular project-2\codebook\node_modules\zone.js\bundles\zone-testing.umd.js:2208:43)
    at _ZoneDelegate.invokeTask (C:\Angular project-2\codebook\node_modules\zone.js\bundles\zone.umd.js:448:42)
    at ZoneImpl.runTask (C:\Angular project-2\codebook\node_modules\zone.js\bundles\zone.umd.js:196:51)
    at drainMicroTaskQueue (C:\Angular project-2\codebook\node_modules\zone.js\bundles\zone.umd.js:638:39)
    at processTicksAndRejections (node:internal/process/task_queues:105:5)]]></failure>
    </testCase>
    <testCase name="MainDashboardComponent should initialize language in ngOnInit with default language when localStorage returns undefined" duration="139">
      <failure message="NullInjectorError: R3InjectorError(Standalone[MainDashboardComponent])[AuthService -&gt; AuthService -&gt; _SignalStore -&gt; _HttpClient -&gt; _HttpClient]: "><![CDATA[NullInjectorError: R3InjectorError(Standalone[MainDashboardComponent])[AuthService -> AuthService -> _SignalStore -> _HttpClient -> _HttpClient]: 
  NullInjectorError: No provider for _HttpClient!
    at NullInjector.get (C:\Angular project-2\codebook\node_modules\@angular\core\fesm2022\core.mjs:1624:27)
    at R3Injector.get (C:\Angular project-2\codebook\node_modules\@angular\core\fesm2022\core.mjs:2151:33)
    at R3Injector.get (C:\Angular project-2\codebook\node_modules\@angular\core\fesm2022\core.mjs:2151:33)
    at injectInjectorOnly (C:\Angular project-2\codebook\node_modules\@angular\core\fesm2022\core.mjs:1119:32)
    at ɵɵinject (C:\Angular project-2\codebook\node_modules\@angular\core\fesm2022\core.mjs:1125:42)
    at inject (C:\Angular project-2\codebook\node_modules\@angular\core\fesm2022\core.mjs:1211:12)
    at C:\Angular project-2\codebook\src\app\login\auth.store.ts:38:36
    at C:\Angular project-2\codebook\node_modules\@ngrx\signals\fesm2022\ngrx-signals.mjs:322:25
    at C:\Angular project-2\codebook\node_modules\@ngrx\signals\fesm2022\ngrx-signals.mjs:171:68
    at Array.reduce (<anonymous>)
    at new _SignalStore (C:\Angular project-2\codebook\node_modules\@ngrx\signals\fesm2022\ngrx-signals.mjs:171:41)
    at Object._SignalStore_Factory [as factory] (ng:///_SignalStore/ɵfac.js:5:10)
    at C:\Angular project-2\codebook\node_modules\@angular\core\fesm2022\core.mjs:2274:47
    at runInInjectorProfilerContext (C:\Angular project-2\codebook\node_modules\@angular\core\fesm2022\core.mjs:880:9)
    at R3Injector.hydrate (C:\Angular project-2\codebook\node_modules\@angular\core\fesm2022\core.mjs:2273:21)
    at R3Injector.get (C:\Angular project-2\codebook\node_modules\@angular\core\fesm2022\core.mjs:2141:33)
    at injectInjectorOnly (C:\Angular project-2\codebook\node_modules\@angular\core\fesm2022\core.mjs:1119:32)
    at ɵɵinject (C:\Angular project-2\codebook\node_modules\@angular\core\fesm2022\core.mjs:1125:42)
    at inject (C:\Angular project-2\codebook\node_modules\@angular\core\fesm2022\core.mjs:1211:12)
    at new AuthService (C:\Angular project-2\codebook\src\app\login\auth.service.ts:6:29)
    at Object.AuthService_Factory [as factory] (ng:///AuthService/ɵfac.js:5:10)
    at C:\Angular project-2\codebook\node_modules\@angular\core\fesm2022\core.mjs:2274:47
    at runInInjectorProfilerContext (C:\Angular project-2\codebook\node_modules\@angular\core\fesm2022\core.mjs:880:9)
    at R3Injector.hydrate (C:\Angular project-2\codebook\node_modules\@angular\core\fesm2022\core.mjs:2273:21)
    at R3Injector.get (C:\Angular project-2\codebook\node_modules\@angular\core\fesm2022\core.mjs:2141:33)
    at R3Injector.get (C:\Angular project-2\codebook\node_modules\@angular\core\fesm2022\core.mjs:2151:33)
    at ChainedInjector.get (C:\Angular project-2\codebook\node_modules\@angular\core\fesm2022\core.mjs:17238:36)
    at lookupTokenUsingModuleInjector (C:\Angular project-2\codebook\node_modules\@angular\core\fesm2022\core.mjs:5063:39)
    at getOrCreateInjectable (C:\Angular project-2\codebook\node_modules\@angular\core\fesm2022\core.mjs:5111:12)
    at ɵɵdirectiveInject (C:\Angular project-2\codebook\node_modules\@angular\core\fesm2022\core.mjs:17289:19)
    at NodeInjectorFactory.UserComponent_Factory [as factory] (ng:///UserComponent/ɵfac.js:5:57)
    at getNodeInjectable (C:\Angular project-2\codebook\node_modules\@angular\core\fesm2022\core.mjs:5323:44)
    at instantiateAllDirectives (C:\Angular project-2\codebook\node_modules\@angular\core\fesm2022\core.mjs:12562:27)
    at createDirectivesInstances (C:\Angular project-2\codebook\node_modules\@angular\core\fesm2022\core.mjs:12352:5)
    at ɵɵelementStart (C:\Angular project-2\codebook\node_modules\@angular\core\fesm2022\core.mjs:27901:9)
    at ɵɵelement (C:\Angular project-2\codebook\node_modules\@angular\core\fesm2022\core.mjs:27956:5)
    at MainDashboardComponent_Template (ng:///MainDashboardComponent.js:205:9)
    at executeTemplate (C:\Angular project-2\codebook\node_modules\@angular\core\fesm2022\core.mjs:12338:9)
    at renderView (C:\Angular project-2\codebook\node_modules\@angular\core\fesm2022\core.mjs:12844:13)
    at renderComponent (C:\Angular project-2\codebook\node_modules\@angular\core\fesm2022\core.mjs:12789:5)
    at renderChildComponents (C:\Angular project-2\codebook\node_modules\@angular\core\fesm2022\core.mjs:12892:9)
    at renderView (C:\Angular project-2\codebook\node_modules\@angular\core\fesm2022\core.mjs:12872:13)
    at ComponentFactory2.create (C:\Angular project-2\codebook\node_modules\@angular\core\fesm2022\core.mjs:17954:17)
    at initComponent (C:\Angular project-2\codebook\node_modules\@angular\core\fesm2022\testing.mjs:2053:51)
    at _ZoneDelegate.invoke (C:\Angular project-2\codebook\node_modules\zone.js\bundles\zone.umd.js:416:32)
    at ProxyZoneSpec.Object.<anonymous>.ProxyZoneSpec.onInvoke (C:\Angular project-2\codebook\node_modules\zone.js\bundles\zone-testing.umd.js:2177:43)
    at _ZoneDelegate.invoke (C:\Angular project-2\codebook\node_modules\zone.js\bundles\zone.umd.js:415:38)
    at Object.onInvoke (C:\Angular project-2\codebook\node_modules\@angular\core\fesm2022\core.mjs:6528:33)
    at _ZoneDelegate.invoke (C:\Angular project-2\codebook\node_modules\zone.js\bundles\zone.umd.js:415:38)
    at ZoneImpl.run (C:\Angular project-2\codebook\node_modules\zone.js\bundles\zone.umd.js:147:47)
    at NgZone.run (C:\Angular project-2\codebook\node_modules\@angular\core\fesm2022\core.mjs:6374:28)
    at _TestBedImpl.createComponent (C:\Angular project-2\codebook\node_modules\@angular\core\fesm2022\testing.mjs:2058:41)
    at Function.createComponent (C:\Angular project-2\codebook\node_modules\@angular\core\fesm2022\testing.mjs:1844:37)
    at C:\Angular project-2\codebook\src\app\main-dashboard\main-dashboard.component.spec.ts:102:23
    at Generator.next (<anonymous>)
    at fulfilled (C:\Angular project-2\codebook\node_modules\tslib\tslib.js:167:62)
    at _ZoneDelegate.invoke (C:\Angular project-2\codebook\node_modules\zone.js\bundles\zone.umd.js:416:32)
    at ProxyZoneSpec.Object.<anonymous>.ProxyZoneSpec.onInvoke (C:\Angular project-2\codebook\node_modules\zone.js\bundles\zone-testing.umd.js:2177:43)
    at _ZoneDelegate.invoke (C:\Angular project-2\codebook\node_modules\zone.js\bundles\zone.umd.js:415:38)
    at ZoneImpl.run (C:\Angular project-2\codebook\node_modules\zone.js\bundles\zone.umd.js:147:47)
    at C:\Angular project-2\codebook\node_modules\zone.js\bundles\zone.umd.js:2598:42
    at _ZoneDelegate.invokeTask (C:\Angular project-2\codebook\node_modules\zone.js\bundles\zone.umd.js:449:37)
    at ProxyZoneSpec.Object.<anonymous>.ProxyZoneSpec.onInvokeTask (C:\Angular project-2\codebook\node_modules\zone.js\bundles\zone-testing.umd.js:2208:43)
    at _ZoneDelegate.invokeTask (C:\Angular project-2\codebook\node_modules\zone.js\bundles\zone.umd.js:448:42)
    at ZoneImpl.runTask (C:\Angular project-2\codebook\node_modules\zone.js\bundles\zone.umd.js:196:51)
    at drainMicroTaskQueue (C:\Angular project-2\codebook\node_modules\zone.js\bundles\zone.umd.js:638:39)
    at processTicksAndRejections (node:internal/process/task_queues:105:5)]]></failure>
    </testCase>
    <testCase name="MainDashboardComponent should initialize language in ngOnInit with stored language (English)" duration="240">
      <failure message="NullInjectorError: R3InjectorError(Standalone[MainDashboardComponent])[AuthService -&gt; AuthService -&gt; _SignalStore -&gt; _HttpClient -&gt; _HttpClient]: "><![CDATA[NullInjectorError: R3InjectorError(Standalone[MainDashboardComponent])[AuthService -> AuthService -> _SignalStore -> _HttpClient -> _HttpClient]: 
  NullInjectorError: No provider for _HttpClient!
    at NullInjector.get (C:\Angular project-2\codebook\node_modules\@angular\core\fesm2022\core.mjs:1624:27)
    at R3Injector.get (C:\Angular project-2\codebook\node_modules\@angular\core\fesm2022\core.mjs:2151:33)
    at R3Injector.get (C:\Angular project-2\codebook\node_modules\@angular\core\fesm2022\core.mjs:2151:33)
    at injectInjectorOnly (C:\Angular project-2\codebook\node_modules\@angular\core\fesm2022\core.mjs:1119:32)
    at ɵɵinject (C:\Angular project-2\codebook\node_modules\@angular\core\fesm2022\core.mjs:1125:42)
    at inject (C:\Angular project-2\codebook\node_modules\@angular\core\fesm2022\core.mjs:1211:12)
    at C:\Angular project-2\codebook\src\app\login\auth.store.ts:38:36
    at C:\Angular project-2\codebook\node_modules\@ngrx\signals\fesm2022\ngrx-signals.mjs:322:25
    at C:\Angular project-2\codebook\node_modules\@ngrx\signals\fesm2022\ngrx-signals.mjs:171:68
    at Array.reduce (<anonymous>)
    at new _SignalStore (C:\Angular project-2\codebook\node_modules\@ngrx\signals\fesm2022\ngrx-signals.mjs:171:41)
    at Object._SignalStore_Factory [as factory] (ng:///_SignalStore/ɵfac.js:5:10)
    at C:\Angular project-2\codebook\node_modules\@angular\core\fesm2022\core.mjs:2274:47
    at runInInjectorProfilerContext (C:\Angular project-2\codebook\node_modules\@angular\core\fesm2022\core.mjs:880:9)
    at R3Injector.hydrate (C:\Angular project-2\codebook\node_modules\@angular\core\fesm2022\core.mjs:2273:21)
    at R3Injector.get (C:\Angular project-2\codebook\node_modules\@angular\core\fesm2022\core.mjs:2141:33)
    at injectInjectorOnly (C:\Angular project-2\codebook\node_modules\@angular\core\fesm2022\core.mjs:1119:32)
    at ɵɵinject (C:\Angular project-2\codebook\node_modules\@angular\core\fesm2022\core.mjs:1125:42)
    at inject (C:\Angular project-2\codebook\node_modules\@angular\core\fesm2022\core.mjs:1211:12)
    at new AuthService (C:\Angular project-2\codebook\src\app\login\auth.service.ts:6:29)
    at Object.AuthService_Factory [as factory] (ng:///AuthService/ɵfac.js:5:10)
    at C:\Angular project-2\codebook\node_modules\@angular\core\fesm2022\core.mjs:2274:47
    at runInInjectorProfilerContext (C:\Angular project-2\codebook\node_modules\@angular\core\fesm2022\core.mjs:880:9)
    at R3Injector.hydrate (C:\Angular project-2\codebook\node_modules\@angular\core\fesm2022\core.mjs:2273:21)
    at R3Injector.get (C:\Angular project-2\codebook\node_modules\@angular\core\fesm2022\core.mjs:2141:33)
    at R3Injector.get (C:\Angular project-2\codebook\node_modules\@angular\core\fesm2022\core.mjs:2151:33)
    at ChainedInjector.get (C:\Angular project-2\codebook\node_modules\@angular\core\fesm2022\core.mjs:17238:36)
    at lookupTokenUsingModuleInjector (C:\Angular project-2\codebook\node_modules\@angular\core\fesm2022\core.mjs:5063:39)
    at getOrCreateInjectable (C:\Angular project-2\codebook\node_modules\@angular\core\fesm2022\core.mjs:5111:12)
    at ɵɵdirectiveInject (C:\Angular project-2\codebook\node_modules\@angular\core\fesm2022\core.mjs:17289:19)
    at NodeInjectorFactory.UserComponent_Factory [as factory] (ng:///UserComponent/ɵfac.js:5:57)
    at getNodeInjectable (C:\Angular project-2\codebook\node_modules\@angular\core\fesm2022\core.mjs:5323:44)
    at instantiateAllDirectives (C:\Angular project-2\codebook\node_modules\@angular\core\fesm2022\core.mjs:12562:27)
    at createDirectivesInstances (C:\Angular project-2\codebook\node_modules\@angular\core\fesm2022\core.mjs:12352:5)
    at ɵɵelementStart (C:\Angular project-2\codebook\node_modules\@angular\core\fesm2022\core.mjs:27901:9)
    at ɵɵelement (C:\Angular project-2\codebook\node_modules\@angular\core\fesm2022\core.mjs:27956:5)
    at MainDashboardComponent_Template (ng:///MainDashboardComponent.js:205:9)
    at executeTemplate (C:\Angular project-2\codebook\node_modules\@angular\core\fesm2022\core.mjs:12338:9)
    at renderView (C:\Angular project-2\codebook\node_modules\@angular\core\fesm2022\core.mjs:12844:13)
    at renderComponent (C:\Angular project-2\codebook\node_modules\@angular\core\fesm2022\core.mjs:12789:5)
    at renderChildComponents (C:\Angular project-2\codebook\node_modules\@angular\core\fesm2022\core.mjs:12892:9)
    at renderView (C:\Angular project-2\codebook\node_modules\@angular\core\fesm2022\core.mjs:12872:13)
    at ComponentFactory2.create (C:\Angular project-2\codebook\node_modules\@angular\core\fesm2022\core.mjs:17954:17)
    at initComponent (C:\Angular project-2\codebook\node_modules\@angular\core\fesm2022\testing.mjs:2053:51)
    at _ZoneDelegate.invoke (C:\Angular project-2\codebook\node_modules\zone.js\bundles\zone.umd.js:416:32)
    at ProxyZoneSpec.Object.<anonymous>.ProxyZoneSpec.onInvoke (C:\Angular project-2\codebook\node_modules\zone.js\bundles\zone-testing.umd.js:2177:43)
    at _ZoneDelegate.invoke (C:\Angular project-2\codebook\node_modules\zone.js\bundles\zone.umd.js:415:38)
    at Object.onInvoke (C:\Angular project-2\codebook\node_modules\@angular\core\fesm2022\core.mjs:6528:33)
    at _ZoneDelegate.invoke (C:\Angular project-2\codebook\node_modules\zone.js\bundles\zone.umd.js:415:38)
    at ZoneImpl.run (C:\Angular project-2\codebook\node_modules\zone.js\bundles\zone.umd.js:147:47)
    at NgZone.run (C:\Angular project-2\codebook\node_modules\@angular\core\fesm2022\core.mjs:6374:28)
    at _TestBedImpl.createComponent (C:\Angular project-2\codebook\node_modules\@angular\core\fesm2022\testing.mjs:2058:41)
    at Function.createComponent (C:\Angular project-2\codebook\node_modules\@angular\core\fesm2022\testing.mjs:1844:37)
    at C:\Angular project-2\codebook\src\app\main-dashboard\main-dashboard.component.spec.ts:102:23
    at Generator.next (<anonymous>)
    at fulfilled (C:\Angular project-2\codebook\node_modules\tslib\tslib.js:167:62)
    at _ZoneDelegate.invoke (C:\Angular project-2\codebook\node_modules\zone.js\bundles\zone.umd.js:416:32)
    at ProxyZoneSpec.Object.<anonymous>.ProxyZoneSpec.onInvoke (C:\Angular project-2\codebook\node_modules\zone.js\bundles\zone-testing.umd.js:2177:43)
    at _ZoneDelegate.invoke (C:\Angular project-2\codebook\node_modules\zone.js\bundles\zone.umd.js:415:38)
    at ZoneImpl.run (C:\Angular project-2\codebook\node_modules\zone.js\bundles\zone.umd.js:147:47)
    at C:\Angular project-2\codebook\node_modules\zone.js\bundles\zone.umd.js:2598:42
    at _ZoneDelegate.invokeTask (C:\Angular project-2\codebook\node_modules\zone.js\bundles\zone.umd.js:449:37)
    at ProxyZoneSpec.Object.<anonymous>.ProxyZoneSpec.onInvokeTask (C:\Angular project-2\codebook\node_modules\zone.js\bundles\zone-testing.umd.js:2208:43)
    at _ZoneDelegate.invokeTask (C:\Angular project-2\codebook\node_modules\zone.js\bundles\zone.umd.js:448:42)
    at ZoneImpl.runTask (C:\Angular project-2\codebook\node_modules\zone.js\bundles\zone.umd.js:196:51)
    at drainMicroTaskQueue (C:\Angular project-2\codebook\node_modules\zone.js\bundles\zone.umd.js:638:39)
    at processTicksAndRejections (node:internal/process/task_queues:105:5)]]></failure>
    </testCase>
    <testCase name="MainDashboardComponent should change language to French and update localStorage" duration="151">
      <failure message="NullInjectorError: R3InjectorError(Standalone[MainDashboardComponent])[AuthService -&gt; AuthService -&gt; _SignalStore -&gt; _HttpClient -&gt; _HttpClient]: "><![CDATA[NullInjectorError: R3InjectorError(Standalone[MainDashboardComponent])[AuthService -> AuthService -> _SignalStore -> _HttpClient -> _HttpClient]: 
  NullInjectorError: No provider for _HttpClient!
    at NullInjector.get (C:\Angular project-2\codebook\node_modules\@angular\core\fesm2022\core.mjs:1624:27)
    at R3Injector.get (C:\Angular project-2\codebook\node_modules\@angular\core\fesm2022\core.mjs:2151:33)
    at R3Injector.get (C:\Angular project-2\codebook\node_modules\@angular\core\fesm2022\core.mjs:2151:33)
    at injectInjectorOnly (C:\Angular project-2\codebook\node_modules\@angular\core\fesm2022\core.mjs:1119:32)
    at ɵɵinject (C:\Angular project-2\codebook\node_modules\@angular\core\fesm2022\core.mjs:1125:42)
    at inject (C:\Angular project-2\codebook\node_modules\@angular\core\fesm2022\core.mjs:1211:12)
    at C:\Angular project-2\codebook\src\app\login\auth.store.ts:38:36
    at C:\Angular project-2\codebook\node_modules\@ngrx\signals\fesm2022\ngrx-signals.mjs:322:25
    at C:\Angular project-2\codebook\node_modules\@ngrx\signals\fesm2022\ngrx-signals.mjs:171:68
    at Array.reduce (<anonymous>)
    at new _SignalStore (C:\Angular project-2\codebook\node_modules\@ngrx\signals\fesm2022\ngrx-signals.mjs:171:41)
    at Object._SignalStore_Factory [as factory] (ng:///_SignalStore/ɵfac.js:5:10)
    at C:\Angular project-2\codebook\node_modules\@angular\core\fesm2022\core.mjs:2274:47
    at runInInjectorProfilerContext (C:\Angular project-2\codebook\node_modules\@angular\core\fesm2022\core.mjs:880:9)
    at R3Injector.hydrate (C:\Angular project-2\codebook\node_modules\@angular\core\fesm2022\core.mjs:2273:21)
    at R3Injector.get (C:\Angular project-2\codebook\node_modules\@angular\core\fesm2022\core.mjs:2141:33)
    at injectInjectorOnly (C:\Angular project-2\codebook\node_modules\@angular\core\fesm2022\core.mjs:1119:32)
    at ɵɵinject (C:\Angular project-2\codebook\node_modules\@angular\core\fesm2022\core.mjs:1125:42)
    at inject (C:\Angular project-2\codebook\node_modules\@angular\core\fesm2022\core.mjs:1211:12)
    at new AuthService (C:\Angular project-2\codebook\src\app\login\auth.service.ts:6:29)
    at Object.AuthService_Factory [as factory] (ng:///AuthService/ɵfac.js:5:10)
    at C:\Angular project-2\codebook\node_modules\@angular\core\fesm2022\core.mjs:2274:47
    at runInInjectorProfilerContext (C:\Angular project-2\codebook\node_modules\@angular\core\fesm2022\core.mjs:880:9)
    at R3Injector.hydrate (C:\Angular project-2\codebook\node_modules\@angular\core\fesm2022\core.mjs:2273:21)
    at R3Injector.get (C:\Angular project-2\codebook\node_modules\@angular\core\fesm2022\core.mjs:2141:33)
    at R3Injector.get (C:\Angular project-2\codebook\node_modules\@angular\core\fesm2022\core.mjs:2151:33)
    at ChainedInjector.get (C:\Angular project-2\codebook\node_modules\@angular\core\fesm2022\core.mjs:17238:36)
    at lookupTokenUsingModuleInjector (C:\Angular project-2\codebook\node_modules\@angular\core\fesm2022\core.mjs:5063:39)
    at getOrCreateInjectable (C:\Angular project-2\codebook\node_modules\@angular\core\fesm2022\core.mjs:5111:12)
    at ɵɵdirectiveInject (C:\Angular project-2\codebook\node_modules\@angular\core\fesm2022\core.mjs:17289:19)
    at NodeInjectorFactory.UserComponent_Factory [as factory] (ng:///UserComponent/ɵfac.js:5:57)
    at getNodeInjectable (C:\Angular project-2\codebook\node_modules\@angular\core\fesm2022\core.mjs:5323:44)
    at instantiateAllDirectives (C:\Angular project-2\codebook\node_modules\@angular\core\fesm2022\core.mjs:12562:27)
    at createDirectivesInstances (C:\Angular project-2\codebook\node_modules\@angular\core\fesm2022\core.mjs:12352:5)
    at ɵɵelementStart (C:\Angular project-2\codebook\node_modules\@angular\core\fesm2022\core.mjs:27901:9)
    at ɵɵelement (C:\Angular project-2\codebook\node_modules\@angular\core\fesm2022\core.mjs:27956:5)
    at MainDashboardComponent_Template (ng:///MainDashboardComponent.js:205:9)
    at executeTemplate (C:\Angular project-2\codebook\node_modules\@angular\core\fesm2022\core.mjs:12338:9)
    at renderView (C:\Angular project-2\codebook\node_modules\@angular\core\fesm2022\core.mjs:12844:13)
    at renderComponent (C:\Angular project-2\codebook\node_modules\@angular\core\fesm2022\core.mjs:12789:5)
    at renderChildComponents (C:\Angular project-2\codebook\node_modules\@angular\core\fesm2022\core.mjs:12892:9)
    at renderView (C:\Angular project-2\codebook\node_modules\@angular\core\fesm2022\core.mjs:12872:13)
    at ComponentFactory2.create (C:\Angular project-2\codebook\node_modules\@angular\core\fesm2022\core.mjs:17954:17)
    at initComponent (C:\Angular project-2\codebook\node_modules\@angular\core\fesm2022\testing.mjs:2053:51)
    at _ZoneDelegate.invoke (C:\Angular project-2\codebook\node_modules\zone.js\bundles\zone.umd.js:416:32)
    at ProxyZoneSpec.Object.<anonymous>.ProxyZoneSpec.onInvoke (C:\Angular project-2\codebook\node_modules\zone.js\bundles\zone-testing.umd.js:2177:43)
    at _ZoneDelegate.invoke (C:\Angular project-2\codebook\node_modules\zone.js\bundles\zone.umd.js:415:38)
    at Object.onInvoke (C:\Angular project-2\codebook\node_modules\@angular\core\fesm2022\core.mjs:6528:33)
    at _ZoneDelegate.invoke (C:\Angular project-2\codebook\node_modules\zone.js\bundles\zone.umd.js:415:38)
    at ZoneImpl.run (C:\Angular project-2\codebook\node_modules\zone.js\bundles\zone.umd.js:147:47)
    at NgZone.run (C:\Angular project-2\codebook\node_modules\@angular\core\fesm2022\core.mjs:6374:28)
    at _TestBedImpl.createComponent (C:\Angular project-2\codebook\node_modules\@angular\core\fesm2022\testing.mjs:2058:41)
    at Function.createComponent (C:\Angular project-2\codebook\node_modules\@angular\core\fesm2022\testing.mjs:1844:37)
    at C:\Angular project-2\codebook\src\app\main-dashboard\main-dashboard.component.spec.ts:102:23
    at Generator.next (<anonymous>)
    at fulfilled (C:\Angular project-2\codebook\node_modules\tslib\tslib.js:167:62)
    at _ZoneDelegate.invoke (C:\Angular project-2\codebook\node_modules\zone.js\bundles\zone.umd.js:416:32)
    at ProxyZoneSpec.Object.<anonymous>.ProxyZoneSpec.onInvoke (C:\Angular project-2\codebook\node_modules\zone.js\bundles\zone-testing.umd.js:2177:43)
    at _ZoneDelegate.invoke (C:\Angular project-2\codebook\node_modules\zone.js\bundles\zone.umd.js:415:38)
    at ZoneImpl.run (C:\Angular project-2\codebook\node_modules\zone.js\bundles\zone.umd.js:147:47)
    at C:\Angular project-2\codebook\node_modules\zone.js\bundles\zone.umd.js:2598:42
    at _ZoneDelegate.invokeTask (C:\Angular project-2\codebook\node_modules\zone.js\bundles\zone.umd.js:449:37)
    at ProxyZoneSpec.Object.<anonymous>.ProxyZoneSpec.onInvokeTask (C:\Angular project-2\codebook\node_modules\zone.js\bundles\zone-testing.umd.js:2208:43)
    at _ZoneDelegate.invokeTask (C:\Angular project-2\codebook\node_modules\zone.js\bundles\zone.umd.js:448:42)
    at ZoneImpl.runTask (C:\Angular project-2\codebook\node_modules\zone.js\bundles\zone.umd.js:196:51)
    at drainMicroTaskQueue (C:\Angular project-2\codebook\node_modules\zone.js\bundles\zone.umd.js:638:39)
    at processTicksAndRejections (node:internal/process/task_queues:105:5)]]></failure>
    </testCase>
    <testCase name="MainDashboardComponent should change language to English and update localStorage" duration="188">
      <failure message="NullInjectorError: R3InjectorError(Standalone[MainDashboardComponent])[AuthService -&gt; AuthService -&gt; _SignalStore -&gt; _HttpClient -&gt; _HttpClient]: "><![CDATA[NullInjectorError: R3InjectorError(Standalone[MainDashboardComponent])[AuthService -> AuthService -> _SignalStore -> _HttpClient -> _HttpClient]: 
  NullInjectorError: No provider for _HttpClient!
    at NullInjector.get (C:\Angular project-2\codebook\node_modules\@angular\core\fesm2022\core.mjs:1624:27)
    at R3Injector.get (C:\Angular project-2\codebook\node_modules\@angular\core\fesm2022\core.mjs:2151:33)
    at R3Injector.get (C:\Angular project-2\codebook\node_modules\@angular\core\fesm2022\core.mjs:2151:33)
    at injectInjectorOnly (C:\Angular project-2\codebook\node_modules\@angular\core\fesm2022\core.mjs:1119:32)
    at ɵɵinject (C:\Angular project-2\codebook\node_modules\@angular\core\fesm2022\core.mjs:1125:42)
    at inject (C:\Angular project-2\codebook\node_modules\@angular\core\fesm2022\core.mjs:1211:12)
    at C:\Angular project-2\codebook\src\app\login\auth.store.ts:38:36
    at C:\Angular project-2\codebook\node_modules\@ngrx\signals\fesm2022\ngrx-signals.mjs:322:25
    at C:\Angular project-2\codebook\node_modules\@ngrx\signals\fesm2022\ngrx-signals.mjs:171:68
    at Array.reduce (<anonymous>)
    at new _SignalStore (C:\Angular project-2\codebook\node_modules\@ngrx\signals\fesm2022\ngrx-signals.mjs:171:41)
    at Object._SignalStore_Factory [as factory] (ng:///_SignalStore/ɵfac.js:5:10)
    at C:\Angular project-2\codebook\node_modules\@angular\core\fesm2022\core.mjs:2274:47
    at runInInjectorProfilerContext (C:\Angular project-2\codebook\node_modules\@angular\core\fesm2022\core.mjs:880:9)
    at R3Injector.hydrate (C:\Angular project-2\codebook\node_modules\@angular\core\fesm2022\core.mjs:2273:21)
    at R3Injector.get (C:\Angular project-2\codebook\node_modules\@angular\core\fesm2022\core.mjs:2141:33)
    at injectInjectorOnly (C:\Angular project-2\codebook\node_modules\@angular\core\fesm2022\core.mjs:1119:32)
    at ɵɵinject (C:\Angular project-2\codebook\node_modules\@angular\core\fesm2022\core.mjs:1125:42)
    at inject (C:\Angular project-2\codebook\node_modules\@angular\core\fesm2022\core.mjs:1211:12)
    at new AuthService (C:\Angular project-2\codebook\src\app\login\auth.service.ts:6:29)
    at Object.AuthService_Factory [as factory] (ng:///AuthService/ɵfac.js:5:10)
    at C:\Angular project-2\codebook\node_modules\@angular\core\fesm2022\core.mjs:2274:47
    at runInInjectorProfilerContext (C:\Angular project-2\codebook\node_modules\@angular\core\fesm2022\core.mjs:880:9)
    at R3Injector.hydrate (C:\Angular project-2\codebook\node_modules\@angular\core\fesm2022\core.mjs:2273:21)
    at R3Injector.get (C:\Angular project-2\codebook\node_modules\@angular\core\fesm2022\core.mjs:2141:33)
    at R3Injector.get (C:\Angular project-2\codebook\node_modules\@angular\core\fesm2022\core.mjs:2151:33)
    at ChainedInjector.get (C:\Angular project-2\codebook\node_modules\@angular\core\fesm2022\core.mjs:17238:36)
    at lookupTokenUsingModuleInjector (C:\Angular project-2\codebook\node_modules\@angular\core\fesm2022\core.mjs:5063:39)
    at getOrCreateInjectable (C:\Angular project-2\codebook\node_modules\@angular\core\fesm2022\core.mjs:5111:12)
    at ɵɵdirectiveInject (C:\Angular project-2\codebook\node_modules\@angular\core\fesm2022\core.mjs:17289:19)
    at NodeInjectorFactory.UserComponent_Factory [as factory] (ng:///UserComponent/ɵfac.js:5:57)
    at getNodeInjectable (C:\Angular project-2\codebook\node_modules\@angular\core\fesm2022\core.mjs:5323:44)
    at instantiateAllDirectives (C:\Angular project-2\codebook\node_modules\@angular\core\fesm2022\core.mjs:12562:27)
    at createDirectivesInstances (C:\Angular project-2\codebook\node_modules\@angular\core\fesm2022\core.mjs:12352:5)
    at ɵɵelementStart (C:\Angular project-2\codebook\node_modules\@angular\core\fesm2022\core.mjs:27901:9)
    at ɵɵelement (C:\Angular project-2\codebook\node_modules\@angular\core\fesm2022\core.mjs:27956:5)
    at MainDashboardComponent_Template (ng:///MainDashboardComponent.js:205:9)
    at executeTemplate (C:\Angular project-2\codebook\node_modules\@angular\core\fesm2022\core.mjs:12338:9)
    at renderView (C:\Angular project-2\codebook\node_modules\@angular\core\fesm2022\core.mjs:12844:13)
    at renderComponent (C:\Angular project-2\codebook\node_modules\@angular\core\fesm2022\core.mjs:12789:5)
    at renderChildComponents (C:\Angular project-2\codebook\node_modules\@angular\core\fesm2022\core.mjs:12892:9)
    at renderView (C:\Angular project-2\codebook\node_modules\@angular\core\fesm2022\core.mjs:12872:13)
    at ComponentFactory2.create (C:\Angular project-2\codebook\node_modules\@angular\core\fesm2022\core.mjs:17954:17)
    at initComponent (C:\Angular project-2\codebook\node_modules\@angular\core\fesm2022\testing.mjs:2053:51)
    at _ZoneDelegate.invoke (C:\Angular project-2\codebook\node_modules\zone.js\bundles\zone.umd.js:416:32)
    at ProxyZoneSpec.Object.<anonymous>.ProxyZoneSpec.onInvoke (C:\Angular project-2\codebook\node_modules\zone.js\bundles\zone-testing.umd.js:2177:43)
    at _ZoneDelegate.invoke (C:\Angular project-2\codebook\node_modules\zone.js\bundles\zone.umd.js:415:38)
    at Object.onInvoke (C:\Angular project-2\codebook\node_modules\@angular\core\fesm2022\core.mjs:6528:33)
    at _ZoneDelegate.invoke (C:\Angular project-2\codebook\node_modules\zone.js\bundles\zone.umd.js:415:38)
    at ZoneImpl.run (C:\Angular project-2\codebook\node_modules\zone.js\bundles\zone.umd.js:147:47)
    at NgZone.run (C:\Angular project-2\codebook\node_modules\@angular\core\fesm2022\core.mjs:6374:28)
    at _TestBedImpl.createComponent (C:\Angular project-2\codebook\node_modules\@angular\core\fesm2022\testing.mjs:2058:41)
    at Function.createComponent (C:\Angular project-2\codebook\node_modules\@angular\core\fesm2022\testing.mjs:1844:37)
    at C:\Angular project-2\codebook\src\app\main-dashboard\main-dashboard.component.spec.ts:102:23
    at Generator.next (<anonymous>)
    at fulfilled (C:\Angular project-2\codebook\node_modules\tslib\tslib.js:167:62)
    at _ZoneDelegate.invoke (C:\Angular project-2\codebook\node_modules\zone.js\bundles\zone.umd.js:416:32)
    at ProxyZoneSpec.Object.<anonymous>.ProxyZoneSpec.onInvoke (C:\Angular project-2\codebook\node_modules\zone.js\bundles\zone-testing.umd.js:2177:43)
    at _ZoneDelegate.invoke (C:\Angular project-2\codebook\node_modules\zone.js\bundles\zone.umd.js:415:38)
    at ZoneImpl.run (C:\Angular project-2\codebook\node_modules\zone.js\bundles\zone.umd.js:147:47)
    at C:\Angular project-2\codebook\node_modules\zone.js\bundles\zone.umd.js:2598:42
    at _ZoneDelegate.invokeTask (C:\Angular project-2\codebook\node_modules\zone.js\bundles\zone.umd.js:449:37)
    at ProxyZoneSpec.Object.<anonymous>.ProxyZoneSpec.onInvokeTask (C:\Angular project-2\codebook\node_modules\zone.js\bundles\zone-testing.umd.js:2208:43)
    at _ZoneDelegate.invokeTask (C:\Angular project-2\codebook\node_modules\zone.js\bundles\zone.umd.js:448:42)
    at ZoneImpl.runTask (C:\Angular project-2\codebook\node_modules\zone.js\bundles\zone.umd.js:196:51)
    at drainMicroTaskQueue (C:\Angular project-2\codebook\node_modules\zone.js\bundles\zone.umd.js:638:39)
    at processTicksAndRejections (node:internal/process/task_queues:105:5)]]></failure>
    </testCase>
    <testCase name="MainDashboardComponent should toggle sidenav from collapsed to expanded" duration="209">
      <failure message="NullInjectorError: R3InjectorError(Standalone[MainDashboardComponent])[AuthService -&gt; AuthService -&gt; _SignalStore -&gt; _HttpClient -&gt; _HttpClient]: "><![CDATA[NullInjectorError: R3InjectorError(Standalone[MainDashboardComponent])[AuthService -> AuthService -> _SignalStore -> _HttpClient -> _HttpClient]: 
  NullInjectorError: No provider for _HttpClient!
    at NullInjector.get (C:\Angular project-2\codebook\node_modules\@angular\core\fesm2022\core.mjs:1624:27)
    at R3Injector.get (C:\Angular project-2\codebook\node_modules\@angular\core\fesm2022\core.mjs:2151:33)
    at R3Injector.get (C:\Angular project-2\codebook\node_modules\@angular\core\fesm2022\core.mjs:2151:33)
    at injectInjectorOnly (C:\Angular project-2\codebook\node_modules\@angular\core\fesm2022\core.mjs:1119:32)
    at ɵɵinject (C:\Angular project-2\codebook\node_modules\@angular\core\fesm2022\core.mjs:1125:42)
    at inject (C:\Angular project-2\codebook\node_modules\@angular\core\fesm2022\core.mjs:1211:12)
    at C:\Angular project-2\codebook\src\app\login\auth.store.ts:38:36
    at C:\Angular project-2\codebook\node_modules\@ngrx\signals\fesm2022\ngrx-signals.mjs:322:25
    at C:\Angular project-2\codebook\node_modules\@ngrx\signals\fesm2022\ngrx-signals.mjs:171:68
    at Array.reduce (<anonymous>)
    at new _SignalStore (C:\Angular project-2\codebook\node_modules\@ngrx\signals\fesm2022\ngrx-signals.mjs:171:41)
    at Object._SignalStore_Factory [as factory] (ng:///_SignalStore/ɵfac.js:5:10)
    at C:\Angular project-2\codebook\node_modules\@angular\core\fesm2022\core.mjs:2274:47
    at runInInjectorProfilerContext (C:\Angular project-2\codebook\node_modules\@angular\core\fesm2022\core.mjs:880:9)
    at R3Injector.hydrate (C:\Angular project-2\codebook\node_modules\@angular\core\fesm2022\core.mjs:2273:21)
    at R3Injector.get (C:\Angular project-2\codebook\node_modules\@angular\core\fesm2022\core.mjs:2141:33)
    at injectInjectorOnly (C:\Angular project-2\codebook\node_modules\@angular\core\fesm2022\core.mjs:1119:32)
    at ɵɵinject (C:\Angular project-2\codebook\node_modules\@angular\core\fesm2022\core.mjs:1125:42)
    at inject (C:\Angular project-2\codebook\node_modules\@angular\core\fesm2022\core.mjs:1211:12)
    at new AuthService (C:\Angular project-2\codebook\src\app\login\auth.service.ts:6:29)
    at Object.AuthService_Factory [as factory] (ng:///AuthService/ɵfac.js:5:10)
    at C:\Angular project-2\codebook\node_modules\@angular\core\fesm2022\core.mjs:2274:47
    at runInInjectorProfilerContext (C:\Angular project-2\codebook\node_modules\@angular\core\fesm2022\core.mjs:880:9)
    at R3Injector.hydrate (C:\Angular project-2\codebook\node_modules\@angular\core\fesm2022\core.mjs:2273:21)
    at R3Injector.get (C:\Angular project-2\codebook\node_modules\@angular\core\fesm2022\core.mjs:2141:33)
    at R3Injector.get (C:\Angular project-2\codebook\node_modules\@angular\core\fesm2022\core.mjs:2151:33)
    at ChainedInjector.get (C:\Angular project-2\codebook\node_modules\@angular\core\fesm2022\core.mjs:17238:36)
    at lookupTokenUsingModuleInjector (C:\Angular project-2\codebook\node_modules\@angular\core\fesm2022\core.mjs:5063:39)
    at getOrCreateInjectable (C:\Angular project-2\codebook\node_modules\@angular\core\fesm2022\core.mjs:5111:12)
    at ɵɵdirectiveInject (C:\Angular project-2\codebook\node_modules\@angular\core\fesm2022\core.mjs:17289:19)
    at NodeInjectorFactory.UserComponent_Factory [as factory] (ng:///UserComponent/ɵfac.js:5:57)
    at getNodeInjectable (C:\Angular project-2\codebook\node_modules\@angular\core\fesm2022\core.mjs:5323:44)
    at instantiateAllDirectives (C:\Angular project-2\codebook\node_modules\@angular\core\fesm2022\core.mjs:12562:27)
    at createDirectivesInstances (C:\Angular project-2\codebook\node_modules\@angular\core\fesm2022\core.mjs:12352:5)
    at ɵɵelementStart (C:\Angular project-2\codebook\node_modules\@angular\core\fesm2022\core.mjs:27901:9)
    at ɵɵelement (C:\Angular project-2\codebook\node_modules\@angular\core\fesm2022\core.mjs:27956:5)
    at MainDashboardComponent_Template (ng:///MainDashboardComponent.js:205:9)
    at executeTemplate (C:\Angular project-2\codebook\node_modules\@angular\core\fesm2022\core.mjs:12338:9)
    at renderView (C:\Angular project-2\codebook\node_modules\@angular\core\fesm2022\core.mjs:12844:13)
    at renderComponent (C:\Angular project-2\codebook\node_modules\@angular\core\fesm2022\core.mjs:12789:5)
    at renderChildComponents (C:\Angular project-2\codebook\node_modules\@angular\core\fesm2022\core.mjs:12892:9)
    at renderView (C:\Angular project-2\codebook\node_modules\@angular\core\fesm2022\core.mjs:12872:13)
    at ComponentFactory2.create (C:\Angular project-2\codebook\node_modules\@angular\core\fesm2022\core.mjs:17954:17)
    at initComponent (C:\Angular project-2\codebook\node_modules\@angular\core\fesm2022\testing.mjs:2053:51)
    at _ZoneDelegate.invoke (C:\Angular project-2\codebook\node_modules\zone.js\bundles\zone.umd.js:416:32)
    at ProxyZoneSpec.Object.<anonymous>.ProxyZoneSpec.onInvoke (C:\Angular project-2\codebook\node_modules\zone.js\bundles\zone-testing.umd.js:2177:43)
    at _ZoneDelegate.invoke (C:\Angular project-2\codebook\node_modules\zone.js\bundles\zone.umd.js:415:38)
    at Object.onInvoke (C:\Angular project-2\codebook\node_modules\@angular\core\fesm2022\core.mjs:6528:33)
    at _ZoneDelegate.invoke (C:\Angular project-2\codebook\node_modules\zone.js\bundles\zone.umd.js:415:38)
    at ZoneImpl.run (C:\Angular project-2\codebook\node_modules\zone.js\bundles\zone.umd.js:147:47)
    at NgZone.run (C:\Angular project-2\codebook\node_modules\@angular\core\fesm2022\core.mjs:6374:28)
    at _TestBedImpl.createComponent (C:\Angular project-2\codebook\node_modules\@angular\core\fesm2022\testing.mjs:2058:41)
    at Function.createComponent (C:\Angular project-2\codebook\node_modules\@angular\core\fesm2022\testing.mjs:1844:37)
    at C:\Angular project-2\codebook\src\app\main-dashboard\main-dashboard.component.spec.ts:102:23
    at Generator.next (<anonymous>)
    at fulfilled (C:\Angular project-2\codebook\node_modules\tslib\tslib.js:167:62)
    at _ZoneDelegate.invoke (C:\Angular project-2\codebook\node_modules\zone.js\bundles\zone.umd.js:416:32)
    at ProxyZoneSpec.Object.<anonymous>.ProxyZoneSpec.onInvoke (C:\Angular project-2\codebook\node_modules\zone.js\bundles\zone-testing.umd.js:2177:43)
    at _ZoneDelegate.invoke (C:\Angular project-2\codebook\node_modules\zone.js\bundles\zone.umd.js:415:38)
    at ZoneImpl.run (C:\Angular project-2\codebook\node_modules\zone.js\bundles\zone.umd.js:147:47)
    at C:\Angular project-2\codebook\node_modules\zone.js\bundles\zone.umd.js:2598:42
    at _ZoneDelegate.invokeTask (C:\Angular project-2\codebook\node_modules\zone.js\bundles\zone.umd.js:449:37)
    at ProxyZoneSpec.Object.<anonymous>.ProxyZoneSpec.onInvokeTask (C:\Angular project-2\codebook\node_modules\zone.js\bundles\zone-testing.umd.js:2208:43)
    at _ZoneDelegate.invokeTask (C:\Angular project-2\codebook\node_modules\zone.js\bundles\zone.umd.js:448:42)
    at ZoneImpl.runTask (C:\Angular project-2\codebook\node_modules\zone.js\bundles\zone.umd.js:196:51)
    at drainMicroTaskQueue (C:\Angular project-2\codebook\node_modules\zone.js\bundles\zone.umd.js:638:39)
    at processTicksAndRejections (node:internal/process/task_queues:105:5)]]></failure>
    </testCase>
    <testCase name="MainDashboardComponent should toggle sidenav from expanded to collapsed" duration="168">
      <failure message="NullInjectorError: R3InjectorError(Standalone[MainDashboardComponent])[AuthService -&gt; AuthService -&gt; _SignalStore -&gt; _HttpClient -&gt; _HttpClient]: "><![CDATA[NullInjectorError: R3InjectorError(Standalone[MainDashboardComponent])[AuthService -> AuthService -> _SignalStore -> _HttpClient -> _HttpClient]: 
  NullInjectorError: No provider for _HttpClient!
    at NullInjector.get (C:\Angular project-2\codebook\node_modules\@angular\core\fesm2022\core.mjs:1624:27)
    at R3Injector.get (C:\Angular project-2\codebook\node_modules\@angular\core\fesm2022\core.mjs:2151:33)
    at R3Injector.get (C:\Angular project-2\codebook\node_modules\@angular\core\fesm2022\core.mjs:2151:33)
    at injectInjectorOnly (C:\Angular project-2\codebook\node_modules\@angular\core\fesm2022\core.mjs:1119:32)
    at ɵɵinject (C:\Angular project-2\codebook\node_modules\@angular\core\fesm2022\core.mjs:1125:42)
    at inject (C:\Angular project-2\codebook\node_modules\@angular\core\fesm2022\core.mjs:1211:12)
    at C:\Angular project-2\codebook\src\app\login\auth.store.ts:38:36
    at C:\Angular project-2\codebook\node_modules\@ngrx\signals\fesm2022\ngrx-signals.mjs:322:25
    at C:\Angular project-2\codebook\node_modules\@ngrx\signals\fesm2022\ngrx-signals.mjs:171:68
    at Array.reduce (<anonymous>)
    at new _SignalStore (C:\Angular project-2\codebook\node_modules\@ngrx\signals\fesm2022\ngrx-signals.mjs:171:41)
    at Object._SignalStore_Factory [as factory] (ng:///_SignalStore/ɵfac.js:5:10)
    at C:\Angular project-2\codebook\node_modules\@angular\core\fesm2022\core.mjs:2274:47
    at runInInjectorProfilerContext (C:\Angular project-2\codebook\node_modules\@angular\core\fesm2022\core.mjs:880:9)
    at R3Injector.hydrate (C:\Angular project-2\codebook\node_modules\@angular\core\fesm2022\core.mjs:2273:21)
    at R3Injector.get (C:\Angular project-2\codebook\node_modules\@angular\core\fesm2022\core.mjs:2141:33)
    at injectInjectorOnly (C:\Angular project-2\codebook\node_modules\@angular\core\fesm2022\core.mjs:1119:32)
    at ɵɵinject (C:\Angular project-2\codebook\node_modules\@angular\core\fesm2022\core.mjs:1125:42)
    at inject (C:\Angular project-2\codebook\node_modules\@angular\core\fesm2022\core.mjs:1211:12)
    at new AuthService (C:\Angular project-2\codebook\src\app\login\auth.service.ts:6:29)
    at Object.AuthService_Factory [as factory] (ng:///AuthService/ɵfac.js:5:10)
    at C:\Angular project-2\codebook\node_modules\@angular\core\fesm2022\core.mjs:2274:47
    at runInInjectorProfilerContext (C:\Angular project-2\codebook\node_modules\@angular\core\fesm2022\core.mjs:880:9)
    at R3Injector.hydrate (C:\Angular project-2\codebook\node_modules\@angular\core\fesm2022\core.mjs:2273:21)
    at R3Injector.get (C:\Angular project-2\codebook\node_modules\@angular\core\fesm2022\core.mjs:2141:33)
    at R3Injector.get (C:\Angular project-2\codebook\node_modules\@angular\core\fesm2022\core.mjs:2151:33)
    at ChainedInjector.get (C:\Angular project-2\codebook\node_modules\@angular\core\fesm2022\core.mjs:17238:36)
    at lookupTokenUsingModuleInjector (C:\Angular project-2\codebook\node_modules\@angular\core\fesm2022\core.mjs:5063:39)
    at getOrCreateInjectable (C:\Angular project-2\codebook\node_modules\@angular\core\fesm2022\core.mjs:5111:12)
    at ɵɵdirectiveInject (C:\Angular project-2\codebook\node_modules\@angular\core\fesm2022\core.mjs:17289:19)
    at NodeInjectorFactory.UserComponent_Factory [as factory] (ng:///UserComponent/ɵfac.js:5:57)
    at getNodeInjectable (C:\Angular project-2\codebook\node_modules\@angular\core\fesm2022\core.mjs:5323:44)
    at instantiateAllDirectives (C:\Angular project-2\codebook\node_modules\@angular\core\fesm2022\core.mjs:12562:27)
    at createDirectivesInstances (C:\Angular project-2\codebook\node_modules\@angular\core\fesm2022\core.mjs:12352:5)
    at ɵɵelementStart (C:\Angular project-2\codebook\node_modules\@angular\core\fesm2022\core.mjs:27901:9)
    at ɵɵelement (C:\Angular project-2\codebook\node_modules\@angular\core\fesm2022\core.mjs:27956:5)
    at MainDashboardComponent_Template (ng:///MainDashboardComponent.js:205:9)
    at executeTemplate (C:\Angular project-2\codebook\node_modules\@angular\core\fesm2022\core.mjs:12338:9)
    at renderView (C:\Angular project-2\codebook\node_modules\@angular\core\fesm2022\core.mjs:12844:13)
    at renderComponent (C:\Angular project-2\codebook\node_modules\@angular\core\fesm2022\core.mjs:12789:5)
    at renderChildComponents (C:\Angular project-2\codebook\node_modules\@angular\core\fesm2022\core.mjs:12892:9)
    at renderView (C:\Angular project-2\codebook\node_modules\@angular\core\fesm2022\core.mjs:12872:13)
    at ComponentFactory2.create (C:\Angular project-2\codebook\node_modules\@angular\core\fesm2022\core.mjs:17954:17)
    at initComponent (C:\Angular project-2\codebook\node_modules\@angular\core\fesm2022\testing.mjs:2053:51)
    at _ZoneDelegate.invoke (C:\Angular project-2\codebook\node_modules\zone.js\bundles\zone.umd.js:416:32)
    at ProxyZoneSpec.Object.<anonymous>.ProxyZoneSpec.onInvoke (C:\Angular project-2\codebook\node_modules\zone.js\bundles\zone-testing.umd.js:2177:43)
    at _ZoneDelegate.invoke (C:\Angular project-2\codebook\node_modules\zone.js\bundles\zone.umd.js:415:38)
    at Object.onInvoke (C:\Angular project-2\codebook\node_modules\@angular\core\fesm2022\core.mjs:6528:33)
    at _ZoneDelegate.invoke (C:\Angular project-2\codebook\node_modules\zone.js\bundles\zone.umd.js:415:38)
    at ZoneImpl.run (C:\Angular project-2\codebook\node_modules\zone.js\bundles\zone.umd.js:147:47)
    at NgZone.run (C:\Angular project-2\codebook\node_modules\@angular\core\fesm2022\core.mjs:6374:28)
    at _TestBedImpl.createComponent (C:\Angular project-2\codebook\node_modules\@angular\core\fesm2022\testing.mjs:2058:41)
    at Function.createComponent (C:\Angular project-2\codebook\node_modules\@angular\core\fesm2022\testing.mjs:1844:37)
    at C:\Angular project-2\codebook\src\app\main-dashboard\main-dashboard.component.spec.ts:102:23
    at Generator.next (<anonymous>)
    at fulfilled (C:\Angular project-2\codebook\node_modules\tslib\tslib.js:167:62)
    at _ZoneDelegate.invoke (C:\Angular project-2\codebook\node_modules\zone.js\bundles\zone.umd.js:416:32)
    at ProxyZoneSpec.Object.<anonymous>.ProxyZoneSpec.onInvoke (C:\Angular project-2\codebook\node_modules\zone.js\bundles\zone-testing.umd.js:2177:43)
    at _ZoneDelegate.invoke (C:\Angular project-2\codebook\node_modules\zone.js\bundles\zone.umd.js:415:38)
    at ZoneImpl.run (C:\Angular project-2\codebook\node_modules\zone.js\bundles\zone.umd.js:147:47)
    at C:\Angular project-2\codebook\node_modules\zone.js\bundles\zone.umd.js:2598:42
    at _ZoneDelegate.invokeTask (C:\Angular project-2\codebook\node_modules\zone.js\bundles\zone.umd.js:449:37)
    at ProxyZoneSpec.Object.<anonymous>.ProxyZoneSpec.onInvokeTask (C:\Angular project-2\codebook\node_modules\zone.js\bundles\zone-testing.umd.js:2208:43)
    at _ZoneDelegate.invokeTask (C:\Angular project-2\codebook\node_modules\zone.js\bundles\zone.umd.js:448:42)
    at ZoneImpl.runTask (C:\Angular project-2\codebook\node_modules\zone.js\bundles\zone.umd.js:196:51)
    at drainMicroTaskQueue (C:\Angular project-2\codebook\node_modules\zone.js\bundles\zone.umd.js:638:39)
    at processTicksAndRejections (node:internal/process/task_queues:105:5)]]></failure>
    </testCase>
    <testCase name="MainDashboardComponent should compute sidenav width for mobile" duration="79">
      <failure message="NullInjectorError: R3InjectorError(Standalone[MainDashboardComponent])[AuthService -&gt; AuthService -&gt; _SignalStore -&gt; _HttpClient -&gt; _HttpClient]: "><![CDATA[NullInjectorError: R3InjectorError(Standalone[MainDashboardComponent])[AuthService -> AuthService -> _SignalStore -> _HttpClient -> _HttpClient]: 
  NullInjectorError: No provider for _HttpClient!
    at NullInjector.get (C:\Angular project-2\codebook\node_modules\@angular\core\fesm2022\core.mjs:1624:27)
    at R3Injector.get (C:\Angular project-2\codebook\node_modules\@angular\core\fesm2022\core.mjs:2151:33)
    at R3Injector.get (C:\Angular project-2\codebook\node_modules\@angular\core\fesm2022\core.mjs:2151:33)
    at injectInjectorOnly (C:\Angular project-2\codebook\node_modules\@angular\core\fesm2022\core.mjs:1119:32)
    at ɵɵinject (C:\Angular project-2\codebook\node_modules\@angular\core\fesm2022\core.mjs:1125:42)
    at inject (C:\Angular project-2\codebook\node_modules\@angular\core\fesm2022\core.mjs:1211:12)
    at C:\Angular project-2\codebook\src\app\login\auth.store.ts:38:36
    at C:\Angular project-2\codebook\node_modules\@ngrx\signals\fesm2022\ngrx-signals.mjs:322:25
    at C:\Angular project-2\codebook\node_modules\@ngrx\signals\fesm2022\ngrx-signals.mjs:171:68
    at Array.reduce (<anonymous>)
    at new _SignalStore (C:\Angular project-2\codebook\node_modules\@ngrx\signals\fesm2022\ngrx-signals.mjs:171:41)
    at Object._SignalStore_Factory [as factory] (ng:///_SignalStore/ɵfac.js:5:10)
    at C:\Angular project-2\codebook\node_modules\@angular\core\fesm2022\core.mjs:2274:47
    at runInInjectorProfilerContext (C:\Angular project-2\codebook\node_modules\@angular\core\fesm2022\core.mjs:880:9)
    at R3Injector.hydrate (C:\Angular project-2\codebook\node_modules\@angular\core\fesm2022\core.mjs:2273:21)
    at R3Injector.get (C:\Angular project-2\codebook\node_modules\@angular\core\fesm2022\core.mjs:2141:33)
    at injectInjectorOnly (C:\Angular project-2\codebook\node_modules\@angular\core\fesm2022\core.mjs:1119:32)
    at ɵɵinject (C:\Angular project-2\codebook\node_modules\@angular\core\fesm2022\core.mjs:1125:42)
    at inject (C:\Angular project-2\codebook\node_modules\@angular\core\fesm2022\core.mjs:1211:12)
    at new AuthService (C:\Angular project-2\codebook\src\app\login\auth.service.ts:6:29)
    at Object.AuthService_Factory [as factory] (ng:///AuthService/ɵfac.js:5:10)
    at C:\Angular project-2\codebook\node_modules\@angular\core\fesm2022\core.mjs:2274:47
    at runInInjectorProfilerContext (C:\Angular project-2\codebook\node_modules\@angular\core\fesm2022\core.mjs:880:9)
    at R3Injector.hydrate (C:\Angular project-2\codebook\node_modules\@angular\core\fesm2022\core.mjs:2273:21)
    at R3Injector.get (C:\Angular project-2\codebook\node_modules\@angular\core\fesm2022\core.mjs:2141:33)
    at R3Injector.get (C:\Angular project-2\codebook\node_modules\@angular\core\fesm2022\core.mjs:2151:33)
    at ChainedInjector.get (C:\Angular project-2\codebook\node_modules\@angular\core\fesm2022\core.mjs:17238:36)
    at lookupTokenUsingModuleInjector (C:\Angular project-2\codebook\node_modules\@angular\core\fesm2022\core.mjs:5063:39)
    at getOrCreateInjectable (C:\Angular project-2\codebook\node_modules\@angular\core\fesm2022\core.mjs:5111:12)
    at ɵɵdirectiveInject (C:\Angular project-2\codebook\node_modules\@angular\core\fesm2022\core.mjs:17289:19)
    at NodeInjectorFactory.UserComponent_Factory [as factory] (ng:///UserComponent/ɵfac.js:5:57)
    at getNodeInjectable (C:\Angular project-2\codebook\node_modules\@angular\core\fesm2022\core.mjs:5323:44)
    at instantiateAllDirectives (C:\Angular project-2\codebook\node_modules\@angular\core\fesm2022\core.mjs:12562:27)
    at createDirectivesInstances (C:\Angular project-2\codebook\node_modules\@angular\core\fesm2022\core.mjs:12352:5)
    at ɵɵelementStart (C:\Angular project-2\codebook\node_modules\@angular\core\fesm2022\core.mjs:27901:9)
    at ɵɵelement (C:\Angular project-2\codebook\node_modules\@angular\core\fesm2022\core.mjs:27956:5)
    at MainDashboardComponent_Template (ng:///MainDashboardComponent.js:205:9)
    at executeTemplate (C:\Angular project-2\codebook\node_modules\@angular\core\fesm2022\core.mjs:12338:9)
    at renderView (C:\Angular project-2\codebook\node_modules\@angular\core\fesm2022\core.mjs:12844:13)
    at renderComponent (C:\Angular project-2\codebook\node_modules\@angular\core\fesm2022\core.mjs:12789:5)
    at renderChildComponents (C:\Angular project-2\codebook\node_modules\@angular\core\fesm2022\core.mjs:12892:9)
    at renderView (C:\Angular project-2\codebook\node_modules\@angular\core\fesm2022\core.mjs:12872:13)
    at ComponentFactory2.create (C:\Angular project-2\codebook\node_modules\@angular\core\fesm2022\core.mjs:17954:17)
    at initComponent (C:\Angular project-2\codebook\node_modules\@angular\core\fesm2022\testing.mjs:2053:51)
    at _ZoneDelegate.invoke (C:\Angular project-2\codebook\node_modules\zone.js\bundles\zone.umd.js:416:32)
    at ProxyZoneSpec.Object.<anonymous>.ProxyZoneSpec.onInvoke (C:\Angular project-2\codebook\node_modules\zone.js\bundles\zone-testing.umd.js:2177:43)
    at _ZoneDelegate.invoke (C:\Angular project-2\codebook\node_modules\zone.js\bundles\zone.umd.js:415:38)
    at Object.onInvoke (C:\Angular project-2\codebook\node_modules\@angular\core\fesm2022\core.mjs:6528:33)
    at _ZoneDelegate.invoke (C:\Angular project-2\codebook\node_modules\zone.js\bundles\zone.umd.js:415:38)
    at ZoneImpl.run (C:\Angular project-2\codebook\node_modules\zone.js\bundles\zone.umd.js:147:47)
    at NgZone.run (C:\Angular project-2\codebook\node_modules\@angular\core\fesm2022\core.mjs:6374:28)
    at _TestBedImpl.createComponent (C:\Angular project-2\codebook\node_modules\@angular\core\fesm2022\testing.mjs:2058:41)
    at Function.createComponent (C:\Angular project-2\codebook\node_modules\@angular\core\fesm2022\testing.mjs:1844:37)
    at C:\Angular project-2\codebook\src\app\main-dashboard\main-dashboard.component.spec.ts:102:23
    at Generator.next (<anonymous>)
    at fulfilled (C:\Angular project-2\codebook\node_modules\tslib\tslib.js:167:62)
    at _ZoneDelegate.invoke (C:\Angular project-2\codebook\node_modules\zone.js\bundles\zone.umd.js:416:32)
    at ProxyZoneSpec.Object.<anonymous>.ProxyZoneSpec.onInvoke (C:\Angular project-2\codebook\node_modules\zone.js\bundles\zone-testing.umd.js:2177:43)
    at _ZoneDelegate.invoke (C:\Angular project-2\codebook\node_modules\zone.js\bundles\zone.umd.js:415:38)
    at ZoneImpl.run (C:\Angular project-2\codebook\node_modules\zone.js\bundles\zone.umd.js:147:47)
    at C:\Angular project-2\codebook\node_modules\zone.js\bundles\zone.umd.js:2598:42
    at _ZoneDelegate.invokeTask (C:\Angular project-2\codebook\node_modules\zone.js\bundles\zone.umd.js:449:37)
    at ProxyZoneSpec.Object.<anonymous>.ProxyZoneSpec.onInvokeTask (C:\Angular project-2\codebook\node_modules\zone.js\bundles\zone-testing.umd.js:2208:43)
    at _ZoneDelegate.invokeTask (C:\Angular project-2\codebook\node_modules\zone.js\bundles\zone.umd.js:448:42)
    at ZoneImpl.runTask (C:\Angular project-2\codebook\node_modules\zone.js\bundles\zone.umd.js:196:51)
    at drainMicroTaskQueue (C:\Angular project-2\codebook\node_modules\zone.js\bundles\zone.umd.js:638:39)
    at processTicksAndRejections (node:internal/process/task_queues:105:5)]]></failure>
    </testCase>
    <testCase name="MainDashboardComponent should compute sidenav width for non-mobile collapsed" duration="131">
      <failure message="NullInjectorError: R3InjectorError(Standalone[MainDashboardComponent])[AuthService -&gt; AuthService -&gt; _SignalStore -&gt; _HttpClient -&gt; _HttpClient]: "><![CDATA[NullInjectorError: R3InjectorError(Standalone[MainDashboardComponent])[AuthService -> AuthService -> _SignalStore -> _HttpClient -> _HttpClient]: 
  NullInjectorError: No provider for _HttpClient!
    at NullInjector.get (C:\Angular project-2\codebook\node_modules\@angular\core\fesm2022\core.mjs:1624:27)
    at R3Injector.get (C:\Angular project-2\codebook\node_modules\@angular\core\fesm2022\core.mjs:2151:33)
    at R3Injector.get (C:\Angular project-2\codebook\node_modules\@angular\core\fesm2022\core.mjs:2151:33)
    at injectInjectorOnly (C:\Angular project-2\codebook\node_modules\@angular\core\fesm2022\core.mjs:1119:32)
    at ɵɵinject (C:\Angular project-2\codebook\node_modules\@angular\core\fesm2022\core.mjs:1125:42)
    at inject (C:\Angular project-2\codebook\node_modules\@angular\core\fesm2022\core.mjs:1211:12)
    at C:\Angular project-2\codebook\src\app\login\auth.store.ts:38:36
    at C:\Angular project-2\codebook\node_modules\@ngrx\signals\fesm2022\ngrx-signals.mjs:322:25
    at C:\Angular project-2\codebook\node_modules\@ngrx\signals\fesm2022\ngrx-signals.mjs:171:68
    at Array.reduce (<anonymous>)
    at new _SignalStore (C:\Angular project-2\codebook\node_modules\@ngrx\signals\fesm2022\ngrx-signals.mjs:171:41)
    at Object._SignalStore_Factory [as factory] (ng:///_SignalStore/ɵfac.js:5:10)
    at C:\Angular project-2\codebook\node_modules\@angular\core\fesm2022\core.mjs:2274:47
    at runInInjectorProfilerContext (C:\Angular project-2\codebook\node_modules\@angular\core\fesm2022\core.mjs:880:9)
    at R3Injector.hydrate (C:\Angular project-2\codebook\node_modules\@angular\core\fesm2022\core.mjs:2273:21)
    at R3Injector.get (C:\Angular project-2\codebook\node_modules\@angular\core\fesm2022\core.mjs:2141:33)
    at injectInjectorOnly (C:\Angular project-2\codebook\node_modules\@angular\core\fesm2022\core.mjs:1119:32)
    at ɵɵinject (C:\Angular project-2\codebook\node_modules\@angular\core\fesm2022\core.mjs:1125:42)
    at inject (C:\Angular project-2\codebook\node_modules\@angular\core\fesm2022\core.mjs:1211:12)
    at new AuthService (C:\Angular project-2\codebook\src\app\login\auth.service.ts:6:29)
    at Object.AuthService_Factory [as factory] (ng:///AuthService/ɵfac.js:5:10)
    at C:\Angular project-2\codebook\node_modules\@angular\core\fesm2022\core.mjs:2274:47
    at runInInjectorProfilerContext (C:\Angular project-2\codebook\node_modules\@angular\core\fesm2022\core.mjs:880:9)
    at R3Injector.hydrate (C:\Angular project-2\codebook\node_modules\@angular\core\fesm2022\core.mjs:2273:21)
    at R3Injector.get (C:\Angular project-2\codebook\node_modules\@angular\core\fesm2022\core.mjs:2141:33)
    at R3Injector.get (C:\Angular project-2\codebook\node_modules\@angular\core\fesm2022\core.mjs:2151:33)
    at ChainedInjector.get (C:\Angular project-2\codebook\node_modules\@angular\core\fesm2022\core.mjs:17238:36)
    at lookupTokenUsingModuleInjector (C:\Angular project-2\codebook\node_modules\@angular\core\fesm2022\core.mjs:5063:39)
    at getOrCreateInjectable (C:\Angular project-2\codebook\node_modules\@angular\core\fesm2022\core.mjs:5111:12)
    at ɵɵdirectiveInject (C:\Angular project-2\codebook\node_modules\@angular\core\fesm2022\core.mjs:17289:19)
    at NodeInjectorFactory.UserComponent_Factory [as factory] (ng:///UserComponent/ɵfac.js:5:57)
    at getNodeInjectable (C:\Angular project-2\codebook\node_modules\@angular\core\fesm2022\core.mjs:5323:44)
    at instantiateAllDirectives (C:\Angular project-2\codebook\node_modules\@angular\core\fesm2022\core.mjs:12562:27)
    at createDirectivesInstances (C:\Angular project-2\codebook\node_modules\@angular\core\fesm2022\core.mjs:12352:5)
    at ɵɵelementStart (C:\Angular project-2\codebook\node_modules\@angular\core\fesm2022\core.mjs:27901:9)
    at ɵɵelement (C:\Angular project-2\codebook\node_modules\@angular\core\fesm2022\core.mjs:27956:5)
    at MainDashboardComponent_Template (ng:///MainDashboardComponent.js:205:9)
    at executeTemplate (C:\Angular project-2\codebook\node_modules\@angular\core\fesm2022\core.mjs:12338:9)
    at renderView (C:\Angular project-2\codebook\node_modules\@angular\core\fesm2022\core.mjs:12844:13)
    at renderComponent (C:\Angular project-2\codebook\node_modules\@angular\core\fesm2022\core.mjs:12789:5)
    at renderChildComponents (C:\Angular project-2\codebook\node_modules\@angular\core\fesm2022\core.mjs:12892:9)
    at renderView (C:\Angular project-2\codebook\node_modules\@angular\core\fesm2022\core.mjs:12872:13)
    at ComponentFactory2.create (C:\Angular project-2\codebook\node_modules\@angular\core\fesm2022\core.mjs:17954:17)
    at initComponent (C:\Angular project-2\codebook\node_modules\@angular\core\fesm2022\testing.mjs:2053:51)
    at _ZoneDelegate.invoke (C:\Angular project-2\codebook\node_modules\zone.js\bundles\zone.umd.js:416:32)
    at ProxyZoneSpec.Object.<anonymous>.ProxyZoneSpec.onInvoke (C:\Angular project-2\codebook\node_modules\zone.js\bundles\zone-testing.umd.js:2177:43)
    at _ZoneDelegate.invoke (C:\Angular project-2\codebook\node_modules\zone.js\bundles\zone.umd.js:415:38)
    at Object.onInvoke (C:\Angular project-2\codebook\node_modules\@angular\core\fesm2022\core.mjs:6528:33)
    at _ZoneDelegate.invoke (C:\Angular project-2\codebook\node_modules\zone.js\bundles\zone.umd.js:415:38)
    at ZoneImpl.run (C:\Angular project-2\codebook\node_modules\zone.js\bundles\zone.umd.js:147:47)
    at NgZone.run (C:\Angular project-2\codebook\node_modules\@angular\core\fesm2022\core.mjs:6374:28)
    at _TestBedImpl.createComponent (C:\Angular project-2\codebook\node_modules\@angular\core\fesm2022\testing.mjs:2058:41)
    at Function.createComponent (C:\Angular project-2\codebook\node_modules\@angular\core\fesm2022\testing.mjs:1844:37)
    at C:\Angular project-2\codebook\src\app\main-dashboard\main-dashboard.component.spec.ts:102:23
    at Generator.next (<anonymous>)
    at fulfilled (C:\Angular project-2\codebook\node_modules\tslib\tslib.js:167:62)
    at _ZoneDelegate.invoke (C:\Angular project-2\codebook\node_modules\zone.js\bundles\zone.umd.js:416:32)
    at ProxyZoneSpec.Object.<anonymous>.ProxyZoneSpec.onInvoke (C:\Angular project-2\codebook\node_modules\zone.js\bundles\zone-testing.umd.js:2177:43)
    at _ZoneDelegate.invoke (C:\Angular project-2\codebook\node_modules\zone.js\bundles\zone.umd.js:415:38)
    at ZoneImpl.run (C:\Angular project-2\codebook\node_modules\zone.js\bundles\zone.umd.js:147:47)
    at C:\Angular project-2\codebook\node_modules\zone.js\bundles\zone.umd.js:2598:42
    at _ZoneDelegate.invokeTask (C:\Angular project-2\codebook\node_modules\zone.js\bundles\zone.umd.js:449:37)
    at ProxyZoneSpec.Object.<anonymous>.ProxyZoneSpec.onInvokeTask (C:\Angular project-2\codebook\node_modules\zone.js\bundles\zone-testing.umd.js:2208:43)
    at _ZoneDelegate.invokeTask (C:\Angular project-2\codebook\node_modules\zone.js\bundles\zone.umd.js:448:42)
    at ZoneImpl.runTask (C:\Angular project-2\codebook\node_modules\zone.js\bundles\zone.umd.js:196:51)
    at drainMicroTaskQueue (C:\Angular project-2\codebook\node_modules\zone.js\bundles\zone.umd.js:638:39)
    at processTicksAndRejections (node:internal/process/task_queues:105:5)]]></failure>
    </testCase>
    <testCase name="MainDashboardComponent should compute sidenav width for non-mobile expanded" duration="134">
      <failure message="NullInjectorError: R3InjectorError(Standalone[MainDashboardComponent])[AuthService -&gt; AuthService -&gt; _SignalStore -&gt; _HttpClient -&gt; _HttpClient]: "><![CDATA[NullInjectorError: R3InjectorError(Standalone[MainDashboardComponent])[AuthService -> AuthService -> _SignalStore -> _HttpClient -> _HttpClient]: 
  NullInjectorError: No provider for _HttpClient!
    at NullInjector.get (C:\Angular project-2\codebook\node_modules\@angular\core\fesm2022\core.mjs:1624:27)
    at R3Injector.get (C:\Angular project-2\codebook\node_modules\@angular\core\fesm2022\core.mjs:2151:33)
    at R3Injector.get (C:\Angular project-2\codebook\node_modules\@angular\core\fesm2022\core.mjs:2151:33)
    at injectInjectorOnly (C:\Angular project-2\codebook\node_modules\@angular\core\fesm2022\core.mjs:1119:32)
    at ɵɵinject (C:\Angular project-2\codebook\node_modules\@angular\core\fesm2022\core.mjs:1125:42)
    at inject (C:\Angular project-2\codebook\node_modules\@angular\core\fesm2022\core.mjs:1211:12)
    at C:\Angular project-2\codebook\src\app\login\auth.store.ts:38:36
    at C:\Angular project-2\codebook\node_modules\@ngrx\signals\fesm2022\ngrx-signals.mjs:322:25
    at C:\Angular project-2\codebook\node_modules\@ngrx\signals\fesm2022\ngrx-signals.mjs:171:68
    at Array.reduce (<anonymous>)
    at new _SignalStore (C:\Angular project-2\codebook\node_modules\@ngrx\signals\fesm2022\ngrx-signals.mjs:171:41)
    at Object._SignalStore_Factory [as factory] (ng:///_SignalStore/ɵfac.js:5:10)
    at C:\Angular project-2\codebook\node_modules\@angular\core\fesm2022\core.mjs:2274:47
    at runInInjectorProfilerContext (C:\Angular project-2\codebook\node_modules\@angular\core\fesm2022\core.mjs:880:9)
    at R3Injector.hydrate (C:\Angular project-2\codebook\node_modules\@angular\core\fesm2022\core.mjs:2273:21)
    at R3Injector.get (C:\Angular project-2\codebook\node_modules\@angular\core\fesm2022\core.mjs:2141:33)
    at injectInjectorOnly (C:\Angular project-2\codebook\node_modules\@angular\core\fesm2022\core.mjs:1119:32)
    at ɵɵinject (C:\Angular project-2\codebook\node_modules\@angular\core\fesm2022\core.mjs:1125:42)
    at inject (C:\Angular project-2\codebook\node_modules\@angular\core\fesm2022\core.mjs:1211:12)
    at new AuthService (C:\Angular project-2\codebook\src\app\login\auth.service.ts:6:29)
    at Object.AuthService_Factory [as factory] (ng:///AuthService/ɵfac.js:5:10)
    at C:\Angular project-2\codebook\node_modules\@angular\core\fesm2022\core.mjs:2274:47
    at runInInjectorProfilerContext (C:\Angular project-2\codebook\node_modules\@angular\core\fesm2022\core.mjs:880:9)
    at R3Injector.hydrate (C:\Angular project-2\codebook\node_modules\@angular\core\fesm2022\core.mjs:2273:21)
    at R3Injector.get (C:\Angular project-2\codebook\node_modules\@angular\core\fesm2022\core.mjs:2141:33)
    at R3Injector.get (C:\Angular project-2\codebook\node_modules\@angular\core\fesm2022\core.mjs:2151:33)
    at ChainedInjector.get (C:\Angular project-2\codebook\node_modules\@angular\core\fesm2022\core.mjs:17238:36)
    at lookupTokenUsingModuleInjector (C:\Angular project-2\codebook\node_modules\@angular\core\fesm2022\core.mjs:5063:39)
    at getOrCreateInjectable (C:\Angular project-2\codebook\node_modules\@angular\core\fesm2022\core.mjs:5111:12)
    at ɵɵdirectiveInject (C:\Angular project-2\codebook\node_modules\@angular\core\fesm2022\core.mjs:17289:19)
    at NodeInjectorFactory.UserComponent_Factory [as factory] (ng:///UserComponent/ɵfac.js:5:57)
    at getNodeInjectable (C:\Angular project-2\codebook\node_modules\@angular\core\fesm2022\core.mjs:5323:44)
    at instantiateAllDirectives (C:\Angular project-2\codebook\node_modules\@angular\core\fesm2022\core.mjs:12562:27)
    at createDirectivesInstances (C:\Angular project-2\codebook\node_modules\@angular\core\fesm2022\core.mjs:12352:5)
    at ɵɵelementStart (C:\Angular project-2\codebook\node_modules\@angular\core\fesm2022\core.mjs:27901:9)
    at ɵɵelement (C:\Angular project-2\codebook\node_modules\@angular\core\fesm2022\core.mjs:27956:5)
    at MainDashboardComponent_Template (ng:///MainDashboardComponent.js:205:9)
    at executeTemplate (C:\Angular project-2\codebook\node_modules\@angular\core\fesm2022\core.mjs:12338:9)
    at renderView (C:\Angular project-2\codebook\node_modules\@angular\core\fesm2022\core.mjs:12844:13)
    at renderComponent (C:\Angular project-2\codebook\node_modules\@angular\core\fesm2022\core.mjs:12789:5)
    at renderChildComponents (C:\Angular project-2\codebook\node_modules\@angular\core\fesm2022\core.mjs:12892:9)
    at renderView (C:\Angular project-2\codebook\node_modules\@angular\core\fesm2022\core.mjs:12872:13)
    at ComponentFactory2.create (C:\Angular project-2\codebook\node_modules\@angular\core\fesm2022\core.mjs:17954:17)
    at initComponent (C:\Angular project-2\codebook\node_modules\@angular\core\fesm2022\testing.mjs:2053:51)
    at _ZoneDelegate.invoke (C:\Angular project-2\codebook\node_modules\zone.js\bundles\zone.umd.js:416:32)
    at ProxyZoneSpec.Object.<anonymous>.ProxyZoneSpec.onInvoke (C:\Angular project-2\codebook\node_modules\zone.js\bundles\zone-testing.umd.js:2177:43)
    at _ZoneDelegate.invoke (C:\Angular project-2\codebook\node_modules\zone.js\bundles\zone.umd.js:415:38)
    at Object.onInvoke (C:\Angular project-2\codebook\node_modules\@angular\core\fesm2022\core.mjs:6528:33)
    at _ZoneDelegate.invoke (C:\Angular project-2\codebook\node_modules\zone.js\bundles\zone.umd.js:415:38)
    at ZoneImpl.run (C:\Angular project-2\codebook\node_modules\zone.js\bundles\zone.umd.js:147:47)
    at NgZone.run (C:\Angular project-2\codebook\node_modules\@angular\core\fesm2022\core.mjs:6374:28)
    at _TestBedImpl.createComponent (C:\Angular project-2\codebook\node_modules\@angular\core\fesm2022\testing.mjs:2058:41)
    at Function.createComponent (C:\Angular project-2\codebook\node_modules\@angular\core\fesm2022\testing.mjs:1844:37)
    at C:\Angular project-2\codebook\src\app\main-dashboard\main-dashboard.component.spec.ts:102:23
    at Generator.next (<anonymous>)
    at fulfilled (C:\Angular project-2\codebook\node_modules\tslib\tslib.js:167:62)
    at _ZoneDelegate.invoke (C:\Angular project-2\codebook\node_modules\zone.js\bundles\zone.umd.js:416:32)
    at ProxyZoneSpec.Object.<anonymous>.ProxyZoneSpec.onInvoke (C:\Angular project-2\codebook\node_modules\zone.js\bundles\zone-testing.umd.js:2177:43)
    at _ZoneDelegate.invoke (C:\Angular project-2\codebook\node_modules\zone.js\bundles\zone.umd.js:415:38)
    at ZoneImpl.run (C:\Angular project-2\codebook\node_modules\zone.js\bundles\zone.umd.js:147:47)
    at C:\Angular project-2\codebook\node_modules\zone.js\bundles\zone.umd.js:2598:42
    at _ZoneDelegate.invokeTask (C:\Angular project-2\codebook\node_modules\zone.js\bundles\zone.umd.js:449:37)
    at ProxyZoneSpec.Object.<anonymous>.ProxyZoneSpec.onInvokeTask (C:\Angular project-2\codebook\node_modules\zone.js\bundles\zone-testing.umd.js:2208:43)
    at _ZoneDelegate.invokeTask (C:\Angular project-2\codebook\node_modules\zone.js\bundles\zone.umd.js:448:42)
    at ZoneImpl.runTask (C:\Angular project-2\codebook\node_modules\zone.js\bundles\zone.umd.js:196:51)
    at drainMicroTaskQueue (C:\Angular project-2\codebook\node_modules\zone.js\bundles\zone.umd.js:638:39)
    at processTicksAndRejections (node:internal/process/task_queues:105:5)]]></failure>
    </testCase>
    <testCase name="MainDashboardComponent should compute sidenav mode for mobile" duration="78">
      <failure message="NullInjectorError: R3InjectorError(Standalone[MainDashboardComponent])[AuthService -&gt; AuthService -&gt; _SignalStore -&gt; _HttpClient -&gt; _HttpClient]: "><![CDATA[NullInjectorError: R3InjectorError(Standalone[MainDashboardComponent])[AuthService -> AuthService -> _SignalStore -> _HttpClient -> _HttpClient]: 
  NullInjectorError: No provider for _HttpClient!
    at NullInjector.get (C:\Angular project-2\codebook\node_modules\@angular\core\fesm2022\core.mjs:1624:27)
    at R3Injector.get (C:\Angular project-2\codebook\node_modules\@angular\core\fesm2022\core.mjs:2151:33)
    at R3Injector.get (C:\Angular project-2\codebook\node_modules\@angular\core\fesm2022\core.mjs:2151:33)
    at injectInjectorOnly (C:\Angular project-2\codebook\node_modules\@angular\core\fesm2022\core.mjs:1119:32)
    at ɵɵinject (C:\Angular project-2\codebook\node_modules\@angular\core\fesm2022\core.mjs:1125:42)
    at inject (C:\Angular project-2\codebook\node_modules\@angular\core\fesm2022\core.mjs:1211:12)
    at C:\Angular project-2\codebook\src\app\login\auth.store.ts:38:36
    at C:\Angular project-2\codebook\node_modules\@ngrx\signals\fesm2022\ngrx-signals.mjs:322:25
    at C:\Angular project-2\codebook\node_modules\@ngrx\signals\fesm2022\ngrx-signals.mjs:171:68
    at Array.reduce (<anonymous>)
    at new _SignalStore (C:\Angular project-2\codebook\node_modules\@ngrx\signals\fesm2022\ngrx-signals.mjs:171:41)
    at Object._SignalStore_Factory [as factory] (ng:///_SignalStore/ɵfac.js:5:10)
    at C:\Angular project-2\codebook\node_modules\@angular\core\fesm2022\core.mjs:2274:47
    at runInInjectorProfilerContext (C:\Angular project-2\codebook\node_modules\@angular\core\fesm2022\core.mjs:880:9)
    at R3Injector.hydrate (C:\Angular project-2\codebook\node_modules\@angular\core\fesm2022\core.mjs:2273:21)
    at R3Injector.get (C:\Angular project-2\codebook\node_modules\@angular\core\fesm2022\core.mjs:2141:33)
    at injectInjectorOnly (C:\Angular project-2\codebook\node_modules\@angular\core\fesm2022\core.mjs:1119:32)
    at ɵɵinject (C:\Angular project-2\codebook\node_modules\@angular\core\fesm2022\core.mjs:1125:42)
    at inject (C:\Angular project-2\codebook\node_modules\@angular\core\fesm2022\core.mjs:1211:12)
    at new AuthService (C:\Angular project-2\codebook\src\app\login\auth.service.ts:6:29)
    at Object.AuthService_Factory [as factory] (ng:///AuthService/ɵfac.js:5:10)
    at C:\Angular project-2\codebook\node_modules\@angular\core\fesm2022\core.mjs:2274:47
    at runInInjectorProfilerContext (C:\Angular project-2\codebook\node_modules\@angular\core\fesm2022\core.mjs:880:9)
    at R3Injector.hydrate (C:\Angular project-2\codebook\node_modules\@angular\core\fesm2022\core.mjs:2273:21)
    at R3Injector.get (C:\Angular project-2\codebook\node_modules\@angular\core\fesm2022\core.mjs:2141:33)
    at R3Injector.get (C:\Angular project-2\codebook\node_modules\@angular\core\fesm2022\core.mjs:2151:33)
    at ChainedInjector.get (C:\Angular project-2\codebook\node_modules\@angular\core\fesm2022\core.mjs:17238:36)
    at lookupTokenUsingModuleInjector (C:\Angular project-2\codebook\node_modules\@angular\core\fesm2022\core.mjs:5063:39)
    at getOrCreateInjectable (C:\Angular project-2\codebook\node_modules\@angular\core\fesm2022\core.mjs:5111:12)
    at ɵɵdirectiveInject (C:\Angular project-2\codebook\node_modules\@angular\core\fesm2022\core.mjs:17289:19)
    at NodeInjectorFactory.UserComponent_Factory [as factory] (ng:///UserComponent/ɵfac.js:5:57)
    at getNodeInjectable (C:\Angular project-2\codebook\node_modules\@angular\core\fesm2022\core.mjs:5323:44)
    at instantiateAllDirectives (C:\Angular project-2\codebook\node_modules\@angular\core\fesm2022\core.mjs:12562:27)
    at createDirectivesInstances (C:\Angular project-2\codebook\node_modules\@angular\core\fesm2022\core.mjs:12352:5)
    at ɵɵelementStart (C:\Angular project-2\codebook\node_modules\@angular\core\fesm2022\core.mjs:27901:9)
    at ɵɵelement (C:\Angular project-2\codebook\node_modules\@angular\core\fesm2022\core.mjs:27956:5)
    at MainDashboardComponent_Template (ng:///MainDashboardComponent.js:205:9)
    at executeTemplate (C:\Angular project-2\codebook\node_modules\@angular\core\fesm2022\core.mjs:12338:9)
    at renderView (C:\Angular project-2\codebook\node_modules\@angular\core\fesm2022\core.mjs:12844:13)
    at renderComponent (C:\Angular project-2\codebook\node_modules\@angular\core\fesm2022\core.mjs:12789:5)
    at renderChildComponents (C:\Angular project-2\codebook\node_modules\@angular\core\fesm2022\core.mjs:12892:9)
    at renderView (C:\Angular project-2\codebook\node_modules\@angular\core\fesm2022\core.mjs:12872:13)
    at ComponentFactory2.create (C:\Angular project-2\codebook\node_modules\@angular\core\fesm2022\core.mjs:17954:17)
    at initComponent (C:\Angular project-2\codebook\node_modules\@angular\core\fesm2022\testing.mjs:2053:51)
    at _ZoneDelegate.invoke (C:\Angular project-2\codebook\node_modules\zone.js\bundles\zone.umd.js:416:32)
    at ProxyZoneSpec.Object.<anonymous>.ProxyZoneSpec.onInvoke (C:\Angular project-2\codebook\node_modules\zone.js\bundles\zone-testing.umd.js:2177:43)
    at _ZoneDelegate.invoke (C:\Angular project-2\codebook\node_modules\zone.js\bundles\zone.umd.js:415:38)
    at Object.onInvoke (C:\Angular project-2\codebook\node_modules\@angular\core\fesm2022\core.mjs:6528:33)
    at _ZoneDelegate.invoke (C:\Angular project-2\codebook\node_modules\zone.js\bundles\zone.umd.js:415:38)
    at ZoneImpl.run (C:\Angular project-2\codebook\node_modules\zone.js\bundles\zone.umd.js:147:47)
    at NgZone.run (C:\Angular project-2\codebook\node_modules\@angular\core\fesm2022\core.mjs:6374:28)
    at _TestBedImpl.createComponent (C:\Angular project-2\codebook\node_modules\@angular\core\fesm2022\testing.mjs:2058:41)
    at Function.createComponent (C:\Angular project-2\codebook\node_modules\@angular\core\fesm2022\testing.mjs:1844:37)
    at C:\Angular project-2\codebook\src\app\main-dashboard\main-dashboard.component.spec.ts:102:23
    at Generator.next (<anonymous>)
    at fulfilled (C:\Angular project-2\codebook\node_modules\tslib\tslib.js:167:62)
    at _ZoneDelegate.invoke (C:\Angular project-2\codebook\node_modules\zone.js\bundles\zone.umd.js:416:32)
    at ProxyZoneSpec.Object.<anonymous>.ProxyZoneSpec.onInvoke (C:\Angular project-2\codebook\node_modules\zone.js\bundles\zone-testing.umd.js:2177:43)
    at _ZoneDelegate.invoke (C:\Angular project-2\codebook\node_modules\zone.js\bundles\zone.umd.js:415:38)
    at ZoneImpl.run (C:\Angular project-2\codebook\node_modules\zone.js\bundles\zone.umd.js:147:47)
    at C:\Angular project-2\codebook\node_modules\zone.js\bundles\zone.umd.js:2598:42
    at _ZoneDelegate.invokeTask (C:\Angular project-2\codebook\node_modules\zone.js\bundles\zone.umd.js:449:37)
    at ProxyZoneSpec.Object.<anonymous>.ProxyZoneSpec.onInvokeTask (C:\Angular project-2\codebook\node_modules\zone.js\bundles\zone-testing.umd.js:2208:43)
    at _ZoneDelegate.invokeTask (C:\Angular project-2\codebook\node_modules\zone.js\bundles\zone.umd.js:448:42)
    at ZoneImpl.runTask (C:\Angular project-2\codebook\node_modules\zone.js\bundles\zone.umd.js:196:51)
    at drainMicroTaskQueue (C:\Angular project-2\codebook\node_modules\zone.js\bundles\zone.umd.js:638:39)
    at processTicksAndRejections (node:internal/process/task_queues:105:5)]]></failure>
    </testCase>
    <testCase name="MainDashboardComponent should compute sidenav mode for non-mobile" duration="58">
      <failure message="NullInjectorError: R3InjectorError(Standalone[MainDashboardComponent])[AuthService -&gt; AuthService -&gt; _SignalStore -&gt; _HttpClient -&gt; _HttpClient]: "><![CDATA[NullInjectorError: R3InjectorError(Standalone[MainDashboardComponent])[AuthService -> AuthService -> _SignalStore -> _HttpClient -> _HttpClient]: 
  NullInjectorError: No provider for _HttpClient!
    at NullInjector.get (C:\Angular project-2\codebook\node_modules\@angular\core\fesm2022\core.mjs:1624:27)
    at R3Injector.get (C:\Angular project-2\codebook\node_modules\@angular\core\fesm2022\core.mjs:2151:33)
    at R3Injector.get (C:\Angular project-2\codebook\node_modules\@angular\core\fesm2022\core.mjs:2151:33)
    at injectInjectorOnly (C:\Angular project-2\codebook\node_modules\@angular\core\fesm2022\core.mjs:1119:32)
    at ɵɵinject (C:\Angular project-2\codebook\node_modules\@angular\core\fesm2022\core.mjs:1125:42)
    at inject (C:\Angular project-2\codebook\node_modules\@angular\core\fesm2022\core.mjs:1211:12)
    at C:\Angular project-2\codebook\src\app\login\auth.store.ts:38:36
    at C:\Angular project-2\codebook\node_modules\@ngrx\signals\fesm2022\ngrx-signals.mjs:322:25
    at C:\Angular project-2\codebook\node_modules\@ngrx\signals\fesm2022\ngrx-signals.mjs:171:68
    at Array.reduce (<anonymous>)
    at new _SignalStore (C:\Angular project-2\codebook\node_modules\@ngrx\signals\fesm2022\ngrx-signals.mjs:171:41)
    at Object._SignalStore_Factory [as factory] (ng:///_SignalStore/ɵfac.js:5:10)
    at C:\Angular project-2\codebook\node_modules\@angular\core\fesm2022\core.mjs:2274:47
    at runInInjectorProfilerContext (C:\Angular project-2\codebook\node_modules\@angular\core\fesm2022\core.mjs:880:9)
    at R3Injector.hydrate (C:\Angular project-2\codebook\node_modules\@angular\core\fesm2022\core.mjs:2273:21)
    at R3Injector.get (C:\Angular project-2\codebook\node_modules\@angular\core\fesm2022\core.mjs:2141:33)
    at injectInjectorOnly (C:\Angular project-2\codebook\node_modules\@angular\core\fesm2022\core.mjs:1119:32)
    at ɵɵinject (C:\Angular project-2\codebook\node_modules\@angular\core\fesm2022\core.mjs:1125:42)
    at inject (C:\Angular project-2\codebook\node_modules\@angular\core\fesm2022\core.mjs:1211:12)
    at new AuthService (C:\Angular project-2\codebook\src\app\login\auth.service.ts:6:29)
    at Object.AuthService_Factory [as factory] (ng:///AuthService/ɵfac.js:5:10)
    at C:\Angular project-2\codebook\node_modules\@angular\core\fesm2022\core.mjs:2274:47
    at runInInjectorProfilerContext (C:\Angular project-2\codebook\node_modules\@angular\core\fesm2022\core.mjs:880:9)
    at R3Injector.hydrate (C:\Angular project-2\codebook\node_modules\@angular\core\fesm2022\core.mjs:2273:21)
    at R3Injector.get (C:\Angular project-2\codebook\node_modules\@angular\core\fesm2022\core.mjs:2141:33)
    at R3Injector.get (C:\Angular project-2\codebook\node_modules\@angular\core\fesm2022\core.mjs:2151:33)
    at ChainedInjector.get (C:\Angular project-2\codebook\node_modules\@angular\core\fesm2022\core.mjs:17238:36)
    at lookupTokenUsingModuleInjector (C:\Angular project-2\codebook\node_modules\@angular\core\fesm2022\core.mjs:5063:39)
    at getOrCreateInjectable (C:\Angular project-2\codebook\node_modules\@angular\core\fesm2022\core.mjs:5111:12)
    at ɵɵdirectiveInject (C:\Angular project-2\codebook\node_modules\@angular\core\fesm2022\core.mjs:17289:19)
    at NodeInjectorFactory.UserComponent_Factory [as factory] (ng:///UserComponent/ɵfac.js:5:57)
    at getNodeInjectable (C:\Angular project-2\codebook\node_modules\@angular\core\fesm2022\core.mjs:5323:44)
    at instantiateAllDirectives (C:\Angular project-2\codebook\node_modules\@angular\core\fesm2022\core.mjs:12562:27)
    at createDirectivesInstances (C:\Angular project-2\codebook\node_modules\@angular\core\fesm2022\core.mjs:12352:5)
    at ɵɵelementStart (C:\Angular project-2\codebook\node_modules\@angular\core\fesm2022\core.mjs:27901:9)
    at ɵɵelement (C:\Angular project-2\codebook\node_modules\@angular\core\fesm2022\core.mjs:27956:5)
    at MainDashboardComponent_Template (ng:///MainDashboardComponent.js:205:9)
    at executeTemplate (C:\Angular project-2\codebook\node_modules\@angular\core\fesm2022\core.mjs:12338:9)
    at renderView (C:\Angular project-2\codebook\node_modules\@angular\core\fesm2022\core.mjs:12844:13)
    at renderComponent (C:\Angular project-2\codebook\node_modules\@angular\core\fesm2022\core.mjs:12789:5)
    at renderChildComponents (C:\Angular project-2\codebook\node_modules\@angular\core\fesm2022\core.mjs:12892:9)
    at renderView (C:\Angular project-2\codebook\node_modules\@angular\core\fesm2022\core.mjs:12872:13)
    at ComponentFactory2.create (C:\Angular project-2\codebook\node_modules\@angular\core\fesm2022\core.mjs:17954:17)
    at initComponent (C:\Angular project-2\codebook\node_modules\@angular\core\fesm2022\testing.mjs:2053:51)
    at _ZoneDelegate.invoke (C:\Angular project-2\codebook\node_modules\zone.js\bundles\zone.umd.js:416:32)
    at ProxyZoneSpec.Object.<anonymous>.ProxyZoneSpec.onInvoke (C:\Angular project-2\codebook\node_modules\zone.js\bundles\zone-testing.umd.js:2177:43)
    at _ZoneDelegate.invoke (C:\Angular project-2\codebook\node_modules\zone.js\bundles\zone.umd.js:415:38)
    at Object.onInvoke (C:\Angular project-2\codebook\node_modules\@angular\core\fesm2022\core.mjs:6528:33)
    at _ZoneDelegate.invoke (C:\Angular project-2\codebook\node_modules\zone.js\bundles\zone.umd.js:415:38)
    at ZoneImpl.run (C:\Angular project-2\codebook\node_modules\zone.js\bundles\zone.umd.js:147:47)
    at NgZone.run (C:\Angular project-2\codebook\node_modules\@angular\core\fesm2022\core.mjs:6374:28)
    at _TestBedImpl.createComponent (C:\Angular project-2\codebook\node_modules\@angular\core\fesm2022\testing.mjs:2058:41)
    at Function.createComponent (C:\Angular project-2\codebook\node_modules\@angular\core\fesm2022\testing.mjs:1844:37)
    at C:\Angular project-2\codebook\src\app\main-dashboard\main-dashboard.component.spec.ts:102:23
    at Generator.next (<anonymous>)
    at fulfilled (C:\Angular project-2\codebook\node_modules\tslib\tslib.js:167:62)
    at _ZoneDelegate.invoke (C:\Angular project-2\codebook\node_modules\zone.js\bundles\zone.umd.js:416:32)
    at ProxyZoneSpec.Object.<anonymous>.ProxyZoneSpec.onInvoke (C:\Angular project-2\codebook\node_modules\zone.js\bundles\zone-testing.umd.js:2177:43)
    at _ZoneDelegate.invoke (C:\Angular project-2\codebook\node_modules\zone.js\bundles\zone.umd.js:415:38)
    at ZoneImpl.run (C:\Angular project-2\codebook\node_modules\zone.js\bundles\zone.umd.js:147:47)
    at C:\Angular project-2\codebook\node_modules\zone.js\bundles\zone.umd.js:2598:42
    at _ZoneDelegate.invokeTask (C:\Angular project-2\codebook\node_modules\zone.js\bundles\zone.umd.js:449:37)
    at ProxyZoneSpec.Object.<anonymous>.ProxyZoneSpec.onInvokeTask (C:\Angular project-2\codebook\node_modules\zone.js\bundles\zone-testing.umd.js:2208:43)
    at _ZoneDelegate.invokeTask (C:\Angular project-2\codebook\node_modules\zone.js\bundles\zone.umd.js:448:42)
    at ZoneImpl.runTask (C:\Angular project-2\codebook\node_modules\zone.js\bundles\zone.umd.js:196:51)
    at drainMicroTaskQueue (C:\Angular project-2\codebook\node_modules\zone.js\bundles\zone.umd.js:638:39)
    at processTicksAndRejections (node:internal/process/task_queues:105:5)]]></failure>
    </testCase>
    <testCase name="MainDashboardComponent should compute sidenav opened state for mobile collapsed" duration="27">
      <failure message="NullInjectorError: R3InjectorError(Standalone[MainDashboardComponent])[AuthService -&gt; AuthService -&gt; _SignalStore -&gt; _HttpClient -&gt; _HttpClient]: "><![CDATA[NullInjectorError: R3InjectorError(Standalone[MainDashboardComponent])[AuthService -> AuthService -> _SignalStore -> _HttpClient -> _HttpClient]: 
  NullInjectorError: No provider for _HttpClient!
    at NullInjector.get (C:\Angular project-2\codebook\node_modules\@angular\core\fesm2022\core.mjs:1624:27)
    at R3Injector.get (C:\Angular project-2\codebook\node_modules\@angular\core\fesm2022\core.mjs:2151:33)
    at R3Injector.get (C:\Angular project-2\codebook\node_modules\@angular\core\fesm2022\core.mjs:2151:33)
    at injectInjectorOnly (C:\Angular project-2\codebook\node_modules\@angular\core\fesm2022\core.mjs:1119:32)
    at ɵɵinject (C:\Angular project-2\codebook\node_modules\@angular\core\fesm2022\core.mjs:1125:42)
    at inject (C:\Angular project-2\codebook\node_modules\@angular\core\fesm2022\core.mjs:1211:12)
    at C:\Angular project-2\codebook\src\app\login\auth.store.ts:38:36
    at C:\Angular project-2\codebook\node_modules\@ngrx\signals\fesm2022\ngrx-signals.mjs:322:25
    at C:\Angular project-2\codebook\node_modules\@ngrx\signals\fesm2022\ngrx-signals.mjs:171:68
    at Array.reduce (<anonymous>)
    at new _SignalStore (C:\Angular project-2\codebook\node_modules\@ngrx\signals\fesm2022\ngrx-signals.mjs:171:41)
    at Object._SignalStore_Factory [as factory] (ng:///_SignalStore/ɵfac.js:5:10)
    at C:\Angular project-2\codebook\node_modules\@angular\core\fesm2022\core.mjs:2274:47
    at runInInjectorProfilerContext (C:\Angular project-2\codebook\node_modules\@angular\core\fesm2022\core.mjs:880:9)
    at R3Injector.hydrate (C:\Angular project-2\codebook\node_modules\@angular\core\fesm2022\core.mjs:2273:21)
    at R3Injector.get (C:\Angular project-2\codebook\node_modules\@angular\core\fesm2022\core.mjs:2141:33)
    at injectInjectorOnly (C:\Angular project-2\codebook\node_modules\@angular\core\fesm2022\core.mjs:1119:32)
    at ɵɵinject (C:\Angular project-2\codebook\node_modules\@angular\core\fesm2022\core.mjs:1125:42)
    at inject (C:\Angular project-2\codebook\node_modules\@angular\core\fesm2022\core.mjs:1211:12)
    at new AuthService (C:\Angular project-2\codebook\src\app\login\auth.service.ts:6:29)
    at Object.AuthService_Factory [as factory] (ng:///AuthService/ɵfac.js:5:10)
    at C:\Angular project-2\codebook\node_modules\@angular\core\fesm2022\core.mjs:2274:47
    at runInInjectorProfilerContext (C:\Angular project-2\codebook\node_modules\@angular\core\fesm2022\core.mjs:880:9)
    at R3Injector.hydrate (C:\Angular project-2\codebook\node_modules\@angular\core\fesm2022\core.mjs:2273:21)
    at R3Injector.get (C:\Angular project-2\codebook\node_modules\@angular\core\fesm2022\core.mjs:2141:33)
    at R3Injector.get (C:\Angular project-2\codebook\node_modules\@angular\core\fesm2022\core.mjs:2151:33)
    at ChainedInjector.get (C:\Angular project-2\codebook\node_modules\@angular\core\fesm2022\core.mjs:17238:36)
    at lookupTokenUsingModuleInjector (C:\Angular project-2\codebook\node_modules\@angular\core\fesm2022\core.mjs:5063:39)
    at getOrCreateInjectable (C:\Angular project-2\codebook\node_modules\@angular\core\fesm2022\core.mjs:5111:12)
    at ɵɵdirectiveInject (C:\Angular project-2\codebook\node_modules\@angular\core\fesm2022\core.mjs:17289:19)
    at NodeInjectorFactory.UserComponent_Factory [as factory] (ng:///UserComponent/ɵfac.js:5:57)
    at getNodeInjectable (C:\Angular project-2\codebook\node_modules\@angular\core\fesm2022\core.mjs:5323:44)
    at instantiateAllDirectives (C:\Angular project-2\codebook\node_modules\@angular\core\fesm2022\core.mjs:12562:27)
    at createDirectivesInstances (C:\Angular project-2\codebook\node_modules\@angular\core\fesm2022\core.mjs:12352:5)
    at ɵɵelementStart (C:\Angular project-2\codebook\node_modules\@angular\core\fesm2022\core.mjs:27901:9)
    at ɵɵelement (C:\Angular project-2\codebook\node_modules\@angular\core\fesm2022\core.mjs:27956:5)
    at MainDashboardComponent_Template (ng:///MainDashboardComponent.js:205:9)
    at executeTemplate (C:\Angular project-2\codebook\node_modules\@angular\core\fesm2022\core.mjs:12338:9)
    at renderView (C:\Angular project-2\codebook\node_modules\@angular\core\fesm2022\core.mjs:12844:13)
    at renderComponent (C:\Angular project-2\codebook\node_modules\@angular\core\fesm2022\core.mjs:12789:5)
    at renderChildComponents (C:\Angular project-2\codebook\node_modules\@angular\core\fesm2022\core.mjs:12892:9)
    at renderView (C:\Angular project-2\codebook\node_modules\@angular\core\fesm2022\core.mjs:12872:13)
    at ComponentFactory2.create (C:\Angular project-2\codebook\node_modules\@angular\core\fesm2022\core.mjs:17954:17)
    at initComponent (C:\Angular project-2\codebook\node_modules\@angular\core\fesm2022\testing.mjs:2053:51)
    at _ZoneDelegate.invoke (C:\Angular project-2\codebook\node_modules\zone.js\bundles\zone.umd.js:416:32)
    at ProxyZoneSpec.Object.<anonymous>.ProxyZoneSpec.onInvoke (C:\Angular project-2\codebook\node_modules\zone.js\bundles\zone-testing.umd.js:2177:43)
    at _ZoneDelegate.invoke (C:\Angular project-2\codebook\node_modules\zone.js\bundles\zone.umd.js:415:38)
    at Object.onInvoke (C:\Angular project-2\codebook\node_modules\@angular\core\fesm2022\core.mjs:6528:33)
    at _ZoneDelegate.invoke (C:\Angular project-2\codebook\node_modules\zone.js\bundles\zone.umd.js:415:38)
    at ZoneImpl.run (C:\Angular project-2\codebook\node_modules\zone.js\bundles\zone.umd.js:147:47)
    at NgZone.run (C:\Angular project-2\codebook\node_modules\@angular\core\fesm2022\core.mjs:6374:28)
    at _TestBedImpl.createComponent (C:\Angular project-2\codebook\node_modules\@angular\core\fesm2022\testing.mjs:2058:41)
    at Function.createComponent (C:\Angular project-2\codebook\node_modules\@angular\core\fesm2022\testing.mjs:1844:37)
    at C:\Angular project-2\codebook\src\app\main-dashboard\main-dashboard.component.spec.ts:102:23
    at Generator.next (<anonymous>)
    at fulfilled (C:\Angular project-2\codebook\node_modules\tslib\tslib.js:167:62)
    at _ZoneDelegate.invoke (C:\Angular project-2\codebook\node_modules\zone.js\bundles\zone.umd.js:416:32)
    at ProxyZoneSpec.Object.<anonymous>.ProxyZoneSpec.onInvoke (C:\Angular project-2\codebook\node_modules\zone.js\bundles\zone-testing.umd.js:2177:43)
    at _ZoneDelegate.invoke (C:\Angular project-2\codebook\node_modules\zone.js\bundles\zone.umd.js:415:38)
    at ZoneImpl.run (C:\Angular project-2\codebook\node_modules\zone.js\bundles\zone.umd.js:147:47)
    at C:\Angular project-2\codebook\node_modules\zone.js\bundles\zone.umd.js:2598:42
    at _ZoneDelegate.invokeTask (C:\Angular project-2\codebook\node_modules\zone.js\bundles\zone.umd.js:449:37)
    at ProxyZoneSpec.Object.<anonymous>.ProxyZoneSpec.onInvokeTask (C:\Angular project-2\codebook\node_modules\zone.js\bundles\zone-testing.umd.js:2208:43)
    at _ZoneDelegate.invokeTask (C:\Angular project-2\codebook\node_modules\zone.js\bundles\zone.umd.js:448:42)
    at ZoneImpl.runTask (C:\Angular project-2\codebook\node_modules\zone.js\bundles\zone.umd.js:196:51)
    at drainMicroTaskQueue (C:\Angular project-2\codebook\node_modules\zone.js\bundles\zone.umd.js:638:39)
    at processTicksAndRejections (node:internal/process/task_queues:105:5)]]></failure>
    </testCase>
    <testCase name="MainDashboardComponent should compute sidenav opened state for mobile expanded" duration="38">
      <failure message="NullInjectorError: R3InjectorError(Standalone[MainDashboardComponent])[AuthService -&gt; AuthService -&gt; _SignalStore -&gt; _HttpClient -&gt; _HttpClient]: "><![CDATA[NullInjectorError: R3InjectorError(Standalone[MainDashboardComponent])[AuthService -> AuthService -> _SignalStore -> _HttpClient -> _HttpClient]: 
  NullInjectorError: No provider for _HttpClient!
    at NullInjector.get (C:\Angular project-2\codebook\node_modules\@angular\core\fesm2022\core.mjs:1624:27)
    at R3Injector.get (C:\Angular project-2\codebook\node_modules\@angular\core\fesm2022\core.mjs:2151:33)
    at R3Injector.get (C:\Angular project-2\codebook\node_modules\@angular\core\fesm2022\core.mjs:2151:33)
    at injectInjectorOnly (C:\Angular project-2\codebook\node_modules\@angular\core\fesm2022\core.mjs:1119:32)
    at ɵɵinject (C:\Angular project-2\codebook\node_modules\@angular\core\fesm2022\core.mjs:1125:42)
    at inject (C:\Angular project-2\codebook\node_modules\@angular\core\fesm2022\core.mjs:1211:12)
    at C:\Angular project-2\codebook\src\app\login\auth.store.ts:38:36
    at C:\Angular project-2\codebook\node_modules\@ngrx\signals\fesm2022\ngrx-signals.mjs:322:25
    at C:\Angular project-2\codebook\node_modules\@ngrx\signals\fesm2022\ngrx-signals.mjs:171:68
    at Array.reduce (<anonymous>)
    at new _SignalStore (C:\Angular project-2\codebook\node_modules\@ngrx\signals\fesm2022\ngrx-signals.mjs:171:41)
    at Object._SignalStore_Factory [as factory] (ng:///_SignalStore/ɵfac.js:5:10)
    at C:\Angular project-2\codebook\node_modules\@angular\core\fesm2022\core.mjs:2274:47
    at runInInjectorProfilerContext (C:\Angular project-2\codebook\node_modules\@angular\core\fesm2022\core.mjs:880:9)
    at R3Injector.hydrate (C:\Angular project-2\codebook\node_modules\@angular\core\fesm2022\core.mjs:2273:21)
    at R3Injector.get (C:\Angular project-2\codebook\node_modules\@angular\core\fesm2022\core.mjs:2141:33)
    at injectInjectorOnly (C:\Angular project-2\codebook\node_modules\@angular\core\fesm2022\core.mjs:1119:32)
    at ɵɵinject (C:\Angular project-2\codebook\node_modules\@angular\core\fesm2022\core.mjs:1125:42)
    at inject (C:\Angular project-2\codebook\node_modules\@angular\core\fesm2022\core.mjs:1211:12)
    at new AuthService (C:\Angular project-2\codebook\src\app\login\auth.service.ts:6:29)
    at Object.AuthService_Factory [as factory] (ng:///AuthService/ɵfac.js:5:10)
    at C:\Angular project-2\codebook\node_modules\@angular\core\fesm2022\core.mjs:2274:47
    at runInInjectorProfilerContext (C:\Angular project-2\codebook\node_modules\@angular\core\fesm2022\core.mjs:880:9)
    at R3Injector.hydrate (C:\Angular project-2\codebook\node_modules\@angular\core\fesm2022\core.mjs:2273:21)
    at R3Injector.get (C:\Angular project-2\codebook\node_modules\@angular\core\fesm2022\core.mjs:2141:33)
    at R3Injector.get (C:\Angular project-2\codebook\node_modules\@angular\core\fesm2022\core.mjs:2151:33)
    at ChainedInjector.get (C:\Angular project-2\codebook\node_modules\@angular\core\fesm2022\core.mjs:17238:36)
    at lookupTokenUsingModuleInjector (C:\Angular project-2\codebook\node_modules\@angular\core\fesm2022\core.mjs:5063:39)
    at getOrCreateInjectable (C:\Angular project-2\codebook\node_modules\@angular\core\fesm2022\core.mjs:5111:12)
    at ɵɵdirectiveInject (C:\Angular project-2\codebook\node_modules\@angular\core\fesm2022\core.mjs:17289:19)
    at NodeInjectorFactory.UserComponent_Factory [as factory] (ng:///UserComponent/ɵfac.js:5:57)
    at getNodeInjectable (C:\Angular project-2\codebook\node_modules\@angular\core\fesm2022\core.mjs:5323:44)
    at instantiateAllDirectives (C:\Angular project-2\codebook\node_modules\@angular\core\fesm2022\core.mjs:12562:27)
    at createDirectivesInstances (C:\Angular project-2\codebook\node_modules\@angular\core\fesm2022\core.mjs:12352:5)
    at ɵɵelementStart (C:\Angular project-2\codebook\node_modules\@angular\core\fesm2022\core.mjs:27901:9)
    at ɵɵelement (C:\Angular project-2\codebook\node_modules\@angular\core\fesm2022\core.mjs:27956:5)
    at MainDashboardComponent_Template (ng:///MainDashboardComponent.js:205:9)
    at executeTemplate (C:\Angular project-2\codebook\node_modules\@angular\core\fesm2022\core.mjs:12338:9)
    at renderView (C:\Angular project-2\codebook\node_modules\@angular\core\fesm2022\core.mjs:12844:13)
    at renderComponent (C:\Angular project-2\codebook\node_modules\@angular\core\fesm2022\core.mjs:12789:5)
    at renderChildComponents (C:\Angular project-2\codebook\node_modules\@angular\core\fesm2022\core.mjs:12892:9)
    at renderView (C:\Angular project-2\codebook\node_modules\@angular\core\fesm2022\core.mjs:12872:13)
    at ComponentFactory2.create (C:\Angular project-2\codebook\node_modules\@angular\core\fesm2022\core.mjs:17954:17)
    at initComponent (C:\Angular project-2\codebook\node_modules\@angular\core\fesm2022\testing.mjs:2053:51)
    at _ZoneDelegate.invoke (C:\Angular project-2\codebook\node_modules\zone.js\bundles\zone.umd.js:416:32)
    at ProxyZoneSpec.Object.<anonymous>.ProxyZoneSpec.onInvoke (C:\Angular project-2\codebook\node_modules\zone.js\bundles\zone-testing.umd.js:2177:43)
    at _ZoneDelegate.invoke (C:\Angular project-2\codebook\node_modules\zone.js\bundles\zone.umd.js:415:38)
    at Object.onInvoke (C:\Angular project-2\codebook\node_modules\@angular\core\fesm2022\core.mjs:6528:33)
    at _ZoneDelegate.invoke (C:\Angular project-2\codebook\node_modules\zone.js\bundles\zone.umd.js:415:38)
    at ZoneImpl.run (C:\Angular project-2\codebook\node_modules\zone.js\bundles\zone.umd.js:147:47)
    at NgZone.run (C:\Angular project-2\codebook\node_modules\@angular\core\fesm2022\core.mjs:6374:28)
    at _TestBedImpl.createComponent (C:\Angular project-2\codebook\node_modules\@angular\core\fesm2022\testing.mjs:2058:41)
    at Function.createComponent (C:\Angular project-2\codebook\node_modules\@angular\core\fesm2022\testing.mjs:1844:37)
    at C:\Angular project-2\codebook\src\app\main-dashboard\main-dashboard.component.spec.ts:102:23
    at Generator.next (<anonymous>)
    at fulfilled (C:\Angular project-2\codebook\node_modules\tslib\tslib.js:167:62)
    at _ZoneDelegate.invoke (C:\Angular project-2\codebook\node_modules\zone.js\bundles\zone.umd.js:416:32)
    at ProxyZoneSpec.Object.<anonymous>.ProxyZoneSpec.onInvoke (C:\Angular project-2\codebook\node_modules\zone.js\bundles\zone-testing.umd.js:2177:43)
    at _ZoneDelegate.invoke (C:\Angular project-2\codebook\node_modules\zone.js\bundles\zone.umd.js:415:38)
    at ZoneImpl.run (C:\Angular project-2\codebook\node_modules\zone.js\bundles\zone.umd.js:147:47)
    at C:\Angular project-2\codebook\node_modules\zone.js\bundles\zone.umd.js:2598:42
    at _ZoneDelegate.invokeTask (C:\Angular project-2\codebook\node_modules\zone.js\bundles\zone.umd.js:449:37)
    at ProxyZoneSpec.Object.<anonymous>.ProxyZoneSpec.onInvokeTask (C:\Angular project-2\codebook\node_modules\zone.js\bundles\zone-testing.umd.js:2208:43)
    at _ZoneDelegate.invokeTask (C:\Angular project-2\codebook\node_modules\zone.js\bundles\zone.umd.js:448:42)
    at ZoneImpl.runTask (C:\Angular project-2\codebook\node_modules\zone.js\bundles\zone.umd.js:196:51)
    at drainMicroTaskQueue (C:\Angular project-2\codebook\node_modules\zone.js\bundles\zone.umd.js:638:39)
    at processTicksAndRejections (node:internal/process/task_queues:105:5)]]></failure>
    </testCase>
    <testCase name="MainDashboardComponent should compute sidenav opened state for non-mobile collapsed" duration="56">
      <failure message="NullInjectorError: R3InjectorError(Standalone[MainDashboardComponent])[AuthService -&gt; AuthService -&gt; _SignalStore -&gt; _HttpClient -&gt; _HttpClient]: "><![CDATA[NullInjectorError: R3InjectorError(Standalone[MainDashboardComponent])[AuthService -> AuthService -> _SignalStore -> _HttpClient -> _HttpClient]: 
  NullInjectorError: No provider for _HttpClient!
    at NullInjector.get (C:\Angular project-2\codebook\node_modules\@angular\core\fesm2022\core.mjs:1624:27)
    at R3Injector.get (C:\Angular project-2\codebook\node_modules\@angular\core\fesm2022\core.mjs:2151:33)
    at R3Injector.get (C:\Angular project-2\codebook\node_modules\@angular\core\fesm2022\core.mjs:2151:33)
    at injectInjectorOnly (C:\Angular project-2\codebook\node_modules\@angular\core\fesm2022\core.mjs:1119:32)
    at ɵɵinject (C:\Angular project-2\codebook\node_modules\@angular\core\fesm2022\core.mjs:1125:42)
    at inject (C:\Angular project-2\codebook\node_modules\@angular\core\fesm2022\core.mjs:1211:12)
    at C:\Angular project-2\codebook\src\app\login\auth.store.ts:38:36
    at C:\Angular project-2\codebook\node_modules\@ngrx\signals\fesm2022\ngrx-signals.mjs:322:25
    at C:\Angular project-2\codebook\node_modules\@ngrx\signals\fesm2022\ngrx-signals.mjs:171:68
    at Array.reduce (<anonymous>)
    at new _SignalStore (C:\Angular project-2\codebook\node_modules\@ngrx\signals\fesm2022\ngrx-signals.mjs:171:41)
    at Object._SignalStore_Factory [as factory] (ng:///_SignalStore/ɵfac.js:5:10)
    at C:\Angular project-2\codebook\node_modules\@angular\core\fesm2022\core.mjs:2274:47
    at runInInjectorProfilerContext (C:\Angular project-2\codebook\node_modules\@angular\core\fesm2022\core.mjs:880:9)
    at R3Injector.hydrate (C:\Angular project-2\codebook\node_modules\@angular\core\fesm2022\core.mjs:2273:21)
    at R3Injector.get (C:\Angular project-2\codebook\node_modules\@angular\core\fesm2022\core.mjs:2141:33)
    at injectInjectorOnly (C:\Angular project-2\codebook\node_modules\@angular\core\fesm2022\core.mjs:1119:32)
    at ɵɵinject (C:\Angular project-2\codebook\node_modules\@angular\core\fesm2022\core.mjs:1125:42)
    at inject (C:\Angular project-2\codebook\node_modules\@angular\core\fesm2022\core.mjs:1211:12)
    at new AuthService (C:\Angular project-2\codebook\src\app\login\auth.service.ts:6:29)
    at Object.AuthService_Factory [as factory] (ng:///AuthService/ɵfac.js:5:10)
    at C:\Angular project-2\codebook\node_modules\@angular\core\fesm2022\core.mjs:2274:47
    at runInInjectorProfilerContext (C:\Angular project-2\codebook\node_modules\@angular\core\fesm2022\core.mjs:880:9)
    at R3Injector.hydrate (C:\Angular project-2\codebook\node_modules\@angular\core\fesm2022\core.mjs:2273:21)
    at R3Injector.get (C:\Angular project-2\codebook\node_modules\@angular\core\fesm2022\core.mjs:2141:33)
    at R3Injector.get (C:\Angular project-2\codebook\node_modules\@angular\core\fesm2022\core.mjs:2151:33)
    at ChainedInjector.get (C:\Angular project-2\codebook\node_modules\@angular\core\fesm2022\core.mjs:17238:36)
    at lookupTokenUsingModuleInjector (C:\Angular project-2\codebook\node_modules\@angular\core\fesm2022\core.mjs:5063:39)
    at getOrCreateInjectable (C:\Angular project-2\codebook\node_modules\@angular\core\fesm2022\core.mjs:5111:12)
    at ɵɵdirectiveInject (C:\Angular project-2\codebook\node_modules\@angular\core\fesm2022\core.mjs:17289:19)
    at NodeInjectorFactory.UserComponent_Factory [as factory] (ng:///UserComponent/ɵfac.js:5:57)
    at getNodeInjectable (C:\Angular project-2\codebook\node_modules\@angular\core\fesm2022\core.mjs:5323:44)
    at instantiateAllDirectives (C:\Angular project-2\codebook\node_modules\@angular\core\fesm2022\core.mjs:12562:27)
    at createDirectivesInstances (C:\Angular project-2\codebook\node_modules\@angular\core\fesm2022\core.mjs:12352:5)
    at ɵɵelementStart (C:\Angular project-2\codebook\node_modules\@angular\core\fesm2022\core.mjs:27901:9)
    at ɵɵelement (C:\Angular project-2\codebook\node_modules\@angular\core\fesm2022\core.mjs:27956:5)
    at MainDashboardComponent_Template (ng:///MainDashboardComponent.js:205:9)
    at executeTemplate (C:\Angular project-2\codebook\node_modules\@angular\core\fesm2022\core.mjs:12338:9)
    at renderView (C:\Angular project-2\codebook\node_modules\@angular\core\fesm2022\core.mjs:12844:13)
    at renderComponent (C:\Angular project-2\codebook\node_modules\@angular\core\fesm2022\core.mjs:12789:5)
    at renderChildComponents (C:\Angular project-2\codebook\node_modules\@angular\core\fesm2022\core.mjs:12892:9)
    at renderView (C:\Angular project-2\codebook\node_modules\@angular\core\fesm2022\core.mjs:12872:13)
    at ComponentFactory2.create (C:\Angular project-2\codebook\node_modules\@angular\core\fesm2022\core.mjs:17954:17)
    at initComponent (C:\Angular project-2\codebook\node_modules\@angular\core\fesm2022\testing.mjs:2053:51)
    at _ZoneDelegate.invoke (C:\Angular project-2\codebook\node_modules\zone.js\bundles\zone.umd.js:416:32)
    at ProxyZoneSpec.Object.<anonymous>.ProxyZoneSpec.onInvoke (C:\Angular project-2\codebook\node_modules\zone.js\bundles\zone-testing.umd.js:2177:43)
    at _ZoneDelegate.invoke (C:\Angular project-2\codebook\node_modules\zone.js\bundles\zone.umd.js:415:38)
    at Object.onInvoke (C:\Angular project-2\codebook\node_modules\@angular\core\fesm2022\core.mjs:6528:33)
    at _ZoneDelegate.invoke (C:\Angular project-2\codebook\node_modules\zone.js\bundles\zone.umd.js:415:38)
    at ZoneImpl.run (C:\Angular project-2\codebook\node_modules\zone.js\bundles\zone.umd.js:147:47)
    at NgZone.run (C:\Angular project-2\codebook\node_modules\@angular\core\fesm2022\core.mjs:6374:28)
    at _TestBedImpl.createComponent (C:\Angular project-2\codebook\node_modules\@angular\core\fesm2022\testing.mjs:2058:41)
    at Function.createComponent (C:\Angular project-2\codebook\node_modules\@angular\core\fesm2022\testing.mjs:1844:37)
    at C:\Angular project-2\codebook\src\app\main-dashboard\main-dashboard.component.spec.ts:102:23
    at Generator.next (<anonymous>)
    at fulfilled (C:\Angular project-2\codebook\node_modules\tslib\tslib.js:167:62)
    at _ZoneDelegate.invoke (C:\Angular project-2\codebook\node_modules\zone.js\bundles\zone.umd.js:416:32)
    at ProxyZoneSpec.Object.<anonymous>.ProxyZoneSpec.onInvoke (C:\Angular project-2\codebook\node_modules\zone.js\bundles\zone-testing.umd.js:2177:43)
    at _ZoneDelegate.invoke (C:\Angular project-2\codebook\node_modules\zone.js\bundles\zone.umd.js:415:38)
    at ZoneImpl.run (C:\Angular project-2\codebook\node_modules\zone.js\bundles\zone.umd.js:147:47)
    at C:\Angular project-2\codebook\node_modules\zone.js\bundles\zone.umd.js:2598:42
    at _ZoneDelegate.invokeTask (C:\Angular project-2\codebook\node_modules\zone.js\bundles\zone.umd.js:449:37)
    at ProxyZoneSpec.Object.<anonymous>.ProxyZoneSpec.onInvokeTask (C:\Angular project-2\codebook\node_modules\zone.js\bundles\zone-testing.umd.js:2208:43)
    at _ZoneDelegate.invokeTask (C:\Angular project-2\codebook\node_modules\zone.js\bundles\zone.umd.js:448:42)
    at ZoneImpl.runTask (C:\Angular project-2\codebook\node_modules\zone.js\bundles\zone.umd.js:196:51)
    at drainMicroTaskQueue (C:\Angular project-2\codebook\node_modules\zone.js\bundles\zone.umd.js:638:39)
    at processTicksAndRejections (node:internal/process/task_queues:105:5)]]></failure>
    </testCase>
    <testCase name="MainDashboardComponent should compute sidenav opened state for non-mobile expanded" duration="43">
      <failure message="NullInjectorError: R3InjectorError(Standalone[MainDashboardComponent])[AuthService -&gt; AuthService -&gt; _SignalStore -&gt; _HttpClient -&gt; _HttpClient]: "><![CDATA[NullInjectorError: R3InjectorError(Standalone[MainDashboardComponent])[AuthService -> AuthService -> _SignalStore -> _HttpClient -> _HttpClient]: 
  NullInjectorError: No provider for _HttpClient!
    at NullInjector.get (C:\Angular project-2\codebook\node_modules\@angular\core\fesm2022\core.mjs:1624:27)
    at R3Injector.get (C:\Angular project-2\codebook\node_modules\@angular\core\fesm2022\core.mjs:2151:33)
    at R3Injector.get (C:\Angular project-2\codebook\node_modules\@angular\core\fesm2022\core.mjs:2151:33)
    at injectInjectorOnly (C:\Angular project-2\codebook\node_modules\@angular\core\fesm2022\core.mjs:1119:32)
    at ɵɵinject (C:\Angular project-2\codebook\node_modules\@angular\core\fesm2022\core.mjs:1125:42)
    at inject (C:\Angular project-2\codebook\node_modules\@angular\core\fesm2022\core.mjs:1211:12)
    at C:\Angular project-2\codebook\src\app\login\auth.store.ts:38:36
    at C:\Angular project-2\codebook\node_modules\@ngrx\signals\fesm2022\ngrx-signals.mjs:322:25
    at C:\Angular project-2\codebook\node_modules\@ngrx\signals\fesm2022\ngrx-signals.mjs:171:68
    at Array.reduce (<anonymous>)
    at new _SignalStore (C:\Angular project-2\codebook\node_modules\@ngrx\signals\fesm2022\ngrx-signals.mjs:171:41)
    at Object._SignalStore_Factory [as factory] (ng:///_SignalStore/ɵfac.js:5:10)
    at C:\Angular project-2\codebook\node_modules\@angular\core\fesm2022\core.mjs:2274:47
    at runInInjectorProfilerContext (C:\Angular project-2\codebook\node_modules\@angular\core\fesm2022\core.mjs:880:9)
    at R3Injector.hydrate (C:\Angular project-2\codebook\node_modules\@angular\core\fesm2022\core.mjs:2273:21)
    at R3Injector.get (C:\Angular project-2\codebook\node_modules\@angular\core\fesm2022\core.mjs:2141:33)
    at injectInjectorOnly (C:\Angular project-2\codebook\node_modules\@angular\core\fesm2022\core.mjs:1119:32)
    at ɵɵinject (C:\Angular project-2\codebook\node_modules\@angular\core\fesm2022\core.mjs:1125:42)
    at inject (C:\Angular project-2\codebook\node_modules\@angular\core\fesm2022\core.mjs:1211:12)
    at new AuthService (C:\Angular project-2\codebook\src\app\login\auth.service.ts:6:29)
    at Object.AuthService_Factory [as factory] (ng:///AuthService/ɵfac.js:5:10)
    at C:\Angular project-2\codebook\node_modules\@angular\core\fesm2022\core.mjs:2274:47
    at runInInjectorProfilerContext (C:\Angular project-2\codebook\node_modules\@angular\core\fesm2022\core.mjs:880:9)
    at R3Injector.hydrate (C:\Angular project-2\codebook\node_modules\@angular\core\fesm2022\core.mjs:2273:21)
    at R3Injector.get (C:\Angular project-2\codebook\node_modules\@angular\core\fesm2022\core.mjs:2141:33)
    at R3Injector.get (C:\Angular project-2\codebook\node_modules\@angular\core\fesm2022\core.mjs:2151:33)
    at ChainedInjector.get (C:\Angular project-2\codebook\node_modules\@angular\core\fesm2022\core.mjs:17238:36)
    at lookupTokenUsingModuleInjector (C:\Angular project-2\codebook\node_modules\@angular\core\fesm2022\core.mjs:5063:39)
    at getOrCreateInjectable (C:\Angular project-2\codebook\node_modules\@angular\core\fesm2022\core.mjs:5111:12)
    at ɵɵdirectiveInject (C:\Angular project-2\codebook\node_modules\@angular\core\fesm2022\core.mjs:17289:19)
    at NodeInjectorFactory.UserComponent_Factory [as factory] (ng:///UserComponent/ɵfac.js:5:57)
    at getNodeInjectable (C:\Angular project-2\codebook\node_modules\@angular\core\fesm2022\core.mjs:5323:44)
    at instantiateAllDirectives (C:\Angular project-2\codebook\node_modules\@angular\core\fesm2022\core.mjs:12562:27)
    at createDirectivesInstances (C:\Angular project-2\codebook\node_modules\@angular\core\fesm2022\core.mjs:12352:5)
    at ɵɵelementStart (C:\Angular project-2\codebook\node_modules\@angular\core\fesm2022\core.mjs:27901:9)
    at ɵɵelement (C:\Angular project-2\codebook\node_modules\@angular\core\fesm2022\core.mjs:27956:5)
    at MainDashboardComponent_Template (ng:///MainDashboardComponent.js:205:9)
    at executeTemplate (C:\Angular project-2\codebook\node_modules\@angular\core\fesm2022\core.mjs:12338:9)
    at renderView (C:\Angular project-2\codebook\node_modules\@angular\core\fesm2022\core.mjs:12844:13)
    at renderComponent (C:\Angular project-2\codebook\node_modules\@angular\core\fesm2022\core.mjs:12789:5)
    at renderChildComponents (C:\Angular project-2\codebook\node_modules\@angular\core\fesm2022\core.mjs:12892:9)
    at renderView (C:\Angular project-2\codebook\node_modules\@angular\core\fesm2022\core.mjs:12872:13)
    at ComponentFactory2.create (C:\Angular project-2\codebook\node_modules\@angular\core\fesm2022\core.mjs:17954:17)
    at initComponent (C:\Angular project-2\codebook\node_modules\@angular\core\fesm2022\testing.mjs:2053:51)
    at _ZoneDelegate.invoke (C:\Angular project-2\codebook\node_modules\zone.js\bundles\zone.umd.js:416:32)
    at ProxyZoneSpec.Object.<anonymous>.ProxyZoneSpec.onInvoke (C:\Angular project-2\codebook\node_modules\zone.js\bundles\zone-testing.umd.js:2177:43)
    at _ZoneDelegate.invoke (C:\Angular project-2\codebook\node_modules\zone.js\bundles\zone.umd.js:415:38)
    at Object.onInvoke (C:\Angular project-2\codebook\node_modules\@angular\core\fesm2022\core.mjs:6528:33)
    at _ZoneDelegate.invoke (C:\Angular project-2\codebook\node_modules\zone.js\bundles\zone.umd.js:415:38)
    at ZoneImpl.run (C:\Angular project-2\codebook\node_modules\zone.js\bundles\zone.umd.js:147:47)
    at NgZone.run (C:\Angular project-2\codebook\node_modules\@angular\core\fesm2022\core.mjs:6374:28)
    at _TestBedImpl.createComponent (C:\Angular project-2\codebook\node_modules\@angular\core\fesm2022\testing.mjs:2058:41)
    at Function.createComponent (C:\Angular project-2\codebook\node_modules\@angular\core\fesm2022\testing.mjs:1844:37)
    at C:\Angular project-2\codebook\src\app\main-dashboard\main-dashboard.component.spec.ts:102:23
    at Generator.next (<anonymous>)
    at fulfilled (C:\Angular project-2\codebook\node_modules\tslib\tslib.js:167:62)
    at _ZoneDelegate.invoke (C:\Angular project-2\codebook\node_modules\zone.js\bundles\zone.umd.js:416:32)
    at ProxyZoneSpec.Object.<anonymous>.ProxyZoneSpec.onInvoke (C:\Angular project-2\codebook\node_modules\zone.js\bundles\zone-testing.umd.js:2177:43)
    at _ZoneDelegate.invoke (C:\Angular project-2\codebook\node_modules\zone.js\bundles\zone.umd.js:415:38)
    at ZoneImpl.run (C:\Angular project-2\codebook\node_modules\zone.js\bundles\zone.umd.js:147:47)
    at C:\Angular project-2\codebook\node_modules\zone.js\bundles\zone.umd.js:2598:42
    at _ZoneDelegate.invokeTask (C:\Angular project-2\codebook\node_modules\zone.js\bundles\zone.umd.js:449:37)
    at ProxyZoneSpec.Object.<anonymous>.ProxyZoneSpec.onInvokeTask (C:\Angular project-2\codebook\node_modules\zone.js\bundles\zone-testing.umd.js:2208:43)
    at _ZoneDelegate.invokeTask (C:\Angular project-2\codebook\node_modules\zone.js\bundles\zone.umd.js:448:42)
    at ZoneImpl.runTask (C:\Angular project-2\codebook\node_modules\zone.js\bundles\zone.umd.js:196:51)
    at drainMicroTaskQueue (C:\Angular project-2\codebook\node_modules\zone.js\bundles\zone.umd.js:638:39)
    at processTicksAndRejections (node:internal/process/task_queues:105:5)]]></failure>
    </testCase>
    <testCase name="MainDashboardComponent should get theme aria label for dark theme" duration="60">
      <failure message="NullInjectorError: R3InjectorError(Standalone[MainDashboardComponent])[AuthService -&gt; AuthService -&gt; _SignalStore -&gt; _HttpClient -&gt; _HttpClient]: "><![CDATA[NullInjectorError: R3InjectorError(Standalone[MainDashboardComponent])[AuthService -> AuthService -> _SignalStore -> _HttpClient -> _HttpClient]: 
  NullInjectorError: No provider for _HttpClient!
    at NullInjector.get (C:\Angular project-2\codebook\node_modules\@angular\core\fesm2022\core.mjs:1624:27)
    at R3Injector.get (C:\Angular project-2\codebook\node_modules\@angular\core\fesm2022\core.mjs:2151:33)
    at R3Injector.get (C:\Angular project-2\codebook\node_modules\@angular\core\fesm2022\core.mjs:2151:33)
    at injectInjectorOnly (C:\Angular project-2\codebook\node_modules\@angular\core\fesm2022\core.mjs:1119:32)
    at ɵɵinject (C:\Angular project-2\codebook\node_modules\@angular\core\fesm2022\core.mjs:1125:42)
    at inject (C:\Angular project-2\codebook\node_modules\@angular\core\fesm2022\core.mjs:1211:12)
    at C:\Angular project-2\codebook\src\app\login\auth.store.ts:38:36
    at C:\Angular project-2\codebook\node_modules\@ngrx\signals\fesm2022\ngrx-signals.mjs:322:25
    at C:\Angular project-2\codebook\node_modules\@ngrx\signals\fesm2022\ngrx-signals.mjs:171:68
    at Array.reduce (<anonymous>)
    at new _SignalStore (C:\Angular project-2\codebook\node_modules\@ngrx\signals\fesm2022\ngrx-signals.mjs:171:41)
    at Object._SignalStore_Factory [as factory] (ng:///_SignalStore/ɵfac.js:5:10)
    at C:\Angular project-2\codebook\node_modules\@angular\core\fesm2022\core.mjs:2274:47
    at runInInjectorProfilerContext (C:\Angular project-2\codebook\node_modules\@angular\core\fesm2022\core.mjs:880:9)
    at R3Injector.hydrate (C:\Angular project-2\codebook\node_modules\@angular\core\fesm2022\core.mjs:2273:21)
    at R3Injector.get (C:\Angular project-2\codebook\node_modules\@angular\core\fesm2022\core.mjs:2141:33)
    at injectInjectorOnly (C:\Angular project-2\codebook\node_modules\@angular\core\fesm2022\core.mjs:1119:32)
    at ɵɵinject (C:\Angular project-2\codebook\node_modules\@angular\core\fesm2022\core.mjs:1125:42)
    at inject (C:\Angular project-2\codebook\node_modules\@angular\core\fesm2022\core.mjs:1211:12)
    at new AuthService (C:\Angular project-2\codebook\src\app\login\auth.service.ts:6:29)
    at Object.AuthService_Factory [as factory] (ng:///AuthService/ɵfac.js:5:10)
    at C:\Angular project-2\codebook\node_modules\@angular\core\fesm2022\core.mjs:2274:47
    at runInInjectorProfilerContext (C:\Angular project-2\codebook\node_modules\@angular\core\fesm2022\core.mjs:880:9)
    at R3Injector.hydrate (C:\Angular project-2\codebook\node_modules\@angular\core\fesm2022\core.mjs:2273:21)
    at R3Injector.get (C:\Angular project-2\codebook\node_modules\@angular\core\fesm2022\core.mjs:2141:33)
    at R3Injector.get (C:\Angular project-2\codebook\node_modules\@angular\core\fesm2022\core.mjs:2151:33)
    at ChainedInjector.get (C:\Angular project-2\codebook\node_modules\@angular\core\fesm2022\core.mjs:17238:36)
    at lookupTokenUsingModuleInjector (C:\Angular project-2\codebook\node_modules\@angular\core\fesm2022\core.mjs:5063:39)
    at getOrCreateInjectable (C:\Angular project-2\codebook\node_modules\@angular\core\fesm2022\core.mjs:5111:12)
    at ɵɵdirectiveInject (C:\Angular project-2\codebook\node_modules\@angular\core\fesm2022\core.mjs:17289:19)
    at NodeInjectorFactory.UserComponent_Factory [as factory] (ng:///UserComponent/ɵfac.js:5:57)
    at getNodeInjectable (C:\Angular project-2\codebook\node_modules\@angular\core\fesm2022\core.mjs:5323:44)
    at instantiateAllDirectives (C:\Angular project-2\codebook\node_modules\@angular\core\fesm2022\core.mjs:12562:27)
    at createDirectivesInstances (C:\Angular project-2\codebook\node_modules\@angular\core\fesm2022\core.mjs:12352:5)
    at ɵɵelementStart (C:\Angular project-2\codebook\node_modules\@angular\core\fesm2022\core.mjs:27901:9)
    at ɵɵelement (C:\Angular project-2\codebook\node_modules\@angular\core\fesm2022\core.mjs:27956:5)
    at MainDashboardComponent_Template (ng:///MainDashboardComponent.js:205:9)
    at executeTemplate (C:\Angular project-2\codebook\node_modules\@angular\core\fesm2022\core.mjs:12338:9)
    at renderView (C:\Angular project-2\codebook\node_modules\@angular\core\fesm2022\core.mjs:12844:13)
    at renderComponent (C:\Angular project-2\codebook\node_modules\@angular\core\fesm2022\core.mjs:12789:5)
    at renderChildComponents (C:\Angular project-2\codebook\node_modules\@angular\core\fesm2022\core.mjs:12892:9)
    at renderView (C:\Angular project-2\codebook\node_modules\@angular\core\fesm2022\core.mjs:12872:13)
    at ComponentFactory2.create (C:\Angular project-2\codebook\node_modules\@angular\core\fesm2022\core.mjs:17954:17)
    at initComponent (C:\Angular project-2\codebook\node_modules\@angular\core\fesm2022\testing.mjs:2053:51)
    at _ZoneDelegate.invoke (C:\Angular project-2\codebook\node_modules\zone.js\bundles\zone.umd.js:416:32)
    at ProxyZoneSpec.Object.<anonymous>.ProxyZoneSpec.onInvoke (C:\Angular project-2\codebook\node_modules\zone.js\bundles\zone-testing.umd.js:2177:43)
    at _ZoneDelegate.invoke (C:\Angular project-2\codebook\node_modules\zone.js\bundles\zone.umd.js:415:38)
    at Object.onInvoke (C:\Angular project-2\codebook\node_modules\@angular\core\fesm2022\core.mjs:6528:33)
    at _ZoneDelegate.invoke (C:\Angular project-2\codebook\node_modules\zone.js\bundles\zone.umd.js:415:38)
    at ZoneImpl.run (C:\Angular project-2\codebook\node_modules\zone.js\bundles\zone.umd.js:147:47)
    at NgZone.run (C:\Angular project-2\codebook\node_modules\@angular\core\fesm2022\core.mjs:6374:28)
    at _TestBedImpl.createComponent (C:\Angular project-2\codebook\node_modules\@angular\core\fesm2022\testing.mjs:2058:41)
    at Function.createComponent (C:\Angular project-2\codebook\node_modules\@angular\core\fesm2022\testing.mjs:1844:37)
    at C:\Angular project-2\codebook\src\app\main-dashboard\main-dashboard.component.spec.ts:102:23
    at Generator.next (<anonymous>)
    at fulfilled (C:\Angular project-2\codebook\node_modules\tslib\tslib.js:167:62)
    at _ZoneDelegate.invoke (C:\Angular project-2\codebook\node_modules\zone.js\bundles\zone.umd.js:416:32)
    at ProxyZoneSpec.Object.<anonymous>.ProxyZoneSpec.onInvoke (C:\Angular project-2\codebook\node_modules\zone.js\bundles\zone-testing.umd.js:2177:43)
    at _ZoneDelegate.invoke (C:\Angular project-2\codebook\node_modules\zone.js\bundles\zone.umd.js:415:38)
    at ZoneImpl.run (C:\Angular project-2\codebook\node_modules\zone.js\bundles\zone.umd.js:147:47)
    at C:\Angular project-2\codebook\node_modules\zone.js\bundles\zone.umd.js:2598:42
    at _ZoneDelegate.invokeTask (C:\Angular project-2\codebook\node_modules\zone.js\bundles\zone.umd.js:449:37)
    at ProxyZoneSpec.Object.<anonymous>.ProxyZoneSpec.onInvokeTask (C:\Angular project-2\codebook\node_modules\zone.js\bundles\zone-testing.umd.js:2208:43)
    at _ZoneDelegate.invokeTask (C:\Angular project-2\codebook\node_modules\zone.js\bundles\zone.umd.js:448:42)
    at ZoneImpl.runTask (C:\Angular project-2\codebook\node_modules\zone.js\bundles\zone.umd.js:196:51)
    at drainMicroTaskQueue (C:\Angular project-2\codebook\node_modules\zone.js\bundles\zone.umd.js:638:39)
    at processTicksAndRejections (node:internal/process/task_queues:105:5)]]></failure>
    </testCase>
    <testCase name="MainDashboardComponent should get theme aria label for light theme" duration="53">
      <failure message="NullInjectorError: R3InjectorError(Standalone[MainDashboardComponent])[AuthService -&gt; AuthService -&gt; _SignalStore -&gt; _HttpClient -&gt; _HttpClient]: "><![CDATA[NullInjectorError: R3InjectorError(Standalone[MainDashboardComponent])[AuthService -> AuthService -> _SignalStore -> _HttpClient -> _HttpClient]: 
  NullInjectorError: No provider for _HttpClient!
    at NullInjector.get (C:\Angular project-2\codebook\node_modules\@angular\core\fesm2022\core.mjs:1624:27)
    at R3Injector.get (C:\Angular project-2\codebook\node_modules\@angular\core\fesm2022\core.mjs:2151:33)
    at R3Injector.get (C:\Angular project-2\codebook\node_modules\@angular\core\fesm2022\core.mjs:2151:33)
    at injectInjectorOnly (C:\Angular project-2\codebook\node_modules\@angular\core\fesm2022\core.mjs:1119:32)
    at ɵɵinject (C:\Angular project-2\codebook\node_modules\@angular\core\fesm2022\core.mjs:1125:42)
    at inject (C:\Angular project-2\codebook\node_modules\@angular\core\fesm2022\core.mjs:1211:12)
    at C:\Angular project-2\codebook\src\app\login\auth.store.ts:38:36
    at C:\Angular project-2\codebook\node_modules\@ngrx\signals\fesm2022\ngrx-signals.mjs:322:25
    at C:\Angular project-2\codebook\node_modules\@ngrx\signals\fesm2022\ngrx-signals.mjs:171:68
    at Array.reduce (<anonymous>)
    at new _SignalStore (C:\Angular project-2\codebook\node_modules\@ngrx\signals\fesm2022\ngrx-signals.mjs:171:41)
    at Object._SignalStore_Factory [as factory] (ng:///_SignalStore/ɵfac.js:5:10)
    at C:\Angular project-2\codebook\node_modules\@angular\core\fesm2022\core.mjs:2274:47
    at runInInjectorProfilerContext (C:\Angular project-2\codebook\node_modules\@angular\core\fesm2022\core.mjs:880:9)
    at R3Injector.hydrate (C:\Angular project-2\codebook\node_modules\@angular\core\fesm2022\core.mjs:2273:21)
    at R3Injector.get (C:\Angular project-2\codebook\node_modules\@angular\core\fesm2022\core.mjs:2141:33)
    at injectInjectorOnly (C:\Angular project-2\codebook\node_modules\@angular\core\fesm2022\core.mjs:1119:32)
    at ɵɵinject (C:\Angular project-2\codebook\node_modules\@angular\core\fesm2022\core.mjs:1125:42)
    at inject (C:\Angular project-2\codebook\node_modules\@angular\core\fesm2022\core.mjs:1211:12)
    at new AuthService (C:\Angular project-2\codebook\src\app\login\auth.service.ts:6:29)
    at Object.AuthService_Factory [as factory] (ng:///AuthService/ɵfac.js:5:10)
    at C:\Angular project-2\codebook\node_modules\@angular\core\fesm2022\core.mjs:2274:47
    at runInInjectorProfilerContext (C:\Angular project-2\codebook\node_modules\@angular\core\fesm2022\core.mjs:880:9)
    at R3Injector.hydrate (C:\Angular project-2\codebook\node_modules\@angular\core\fesm2022\core.mjs:2273:21)
    at R3Injector.get (C:\Angular project-2\codebook\node_modules\@angular\core\fesm2022\core.mjs:2141:33)
    at R3Injector.get (C:\Angular project-2\codebook\node_modules\@angular\core\fesm2022\core.mjs:2151:33)
    at ChainedInjector.get (C:\Angular project-2\codebook\node_modules\@angular\core\fesm2022\core.mjs:17238:36)
    at lookupTokenUsingModuleInjector (C:\Angular project-2\codebook\node_modules\@angular\core\fesm2022\core.mjs:5063:39)
    at getOrCreateInjectable (C:\Angular project-2\codebook\node_modules\@angular\core\fesm2022\core.mjs:5111:12)
    at ɵɵdirectiveInject (C:\Angular project-2\codebook\node_modules\@angular\core\fesm2022\core.mjs:17289:19)
    at NodeInjectorFactory.UserComponent_Factory [as factory] (ng:///UserComponent/ɵfac.js:5:57)
    at getNodeInjectable (C:\Angular project-2\codebook\node_modules\@angular\core\fesm2022\core.mjs:5323:44)
    at instantiateAllDirectives (C:\Angular project-2\codebook\node_modules\@angular\core\fesm2022\core.mjs:12562:27)
    at createDirectivesInstances (C:\Angular project-2\codebook\node_modules\@angular\core\fesm2022\core.mjs:12352:5)
    at ɵɵelementStart (C:\Angular project-2\codebook\node_modules\@angular\core\fesm2022\core.mjs:27901:9)
    at ɵɵelement (C:\Angular project-2\codebook\node_modules\@angular\core\fesm2022\core.mjs:27956:5)
    at MainDashboardComponent_Template (ng:///MainDashboardComponent.js:205:9)
    at executeTemplate (C:\Angular project-2\codebook\node_modules\@angular\core\fesm2022\core.mjs:12338:9)
    at renderView (C:\Angular project-2\codebook\node_modules\@angular\core\fesm2022\core.mjs:12844:13)
    at renderComponent (C:\Angular project-2\codebook\node_modules\@angular\core\fesm2022\core.mjs:12789:5)
    at renderChildComponents (C:\Angular project-2\codebook\node_modules\@angular\core\fesm2022\core.mjs:12892:9)
    at renderView (C:\Angular project-2\codebook\node_modules\@angular\core\fesm2022\core.mjs:12872:13)
    at ComponentFactory2.create (C:\Angular project-2\codebook\node_modules\@angular\core\fesm2022\core.mjs:17954:17)
    at initComponent (C:\Angular project-2\codebook\node_modules\@angular\core\fesm2022\testing.mjs:2053:51)
    at _ZoneDelegate.invoke (C:\Angular project-2\codebook\node_modules\zone.js\bundles\zone.umd.js:416:32)
    at ProxyZoneSpec.Object.<anonymous>.ProxyZoneSpec.onInvoke (C:\Angular project-2\codebook\node_modules\zone.js\bundles\zone-testing.umd.js:2177:43)
    at _ZoneDelegate.invoke (C:\Angular project-2\codebook\node_modules\zone.js\bundles\zone.umd.js:415:38)
    at Object.onInvoke (C:\Angular project-2\codebook\node_modules\@angular\core\fesm2022\core.mjs:6528:33)
    at _ZoneDelegate.invoke (C:\Angular project-2\codebook\node_modules\zone.js\bundles\zone.umd.js:415:38)
    at ZoneImpl.run (C:\Angular project-2\codebook\node_modules\zone.js\bundles\zone.umd.js:147:47)
    at NgZone.run (C:\Angular project-2\codebook\node_modules\@angular\core\fesm2022\core.mjs:6374:28)
    at _TestBedImpl.createComponent (C:\Angular project-2\codebook\node_modules\@angular\core\fesm2022\testing.mjs:2058:41)
    at Function.createComponent (C:\Angular project-2\codebook\node_modules\@angular\core\fesm2022\testing.mjs:1844:37)
    at C:\Angular project-2\codebook\src\app\main-dashboard\main-dashboard.component.spec.ts:102:23
    at Generator.next (<anonymous>)
    at fulfilled (C:\Angular project-2\codebook\node_modules\tslib\tslib.js:167:62)
    at _ZoneDelegate.invoke (C:\Angular project-2\codebook\node_modules\zone.js\bundles\zone.umd.js:416:32)
    at ProxyZoneSpec.Object.<anonymous>.ProxyZoneSpec.onInvoke (C:\Angular project-2\codebook\node_modules\zone.js\bundles\zone-testing.umd.js:2177:43)
    at _ZoneDelegate.invoke (C:\Angular project-2\codebook\node_modules\zone.js\bundles\zone.umd.js:415:38)
    at ZoneImpl.run (C:\Angular project-2\codebook\node_modules\zone.js\bundles\zone.umd.js:147:47)
    at C:\Angular project-2\codebook\node_modules\zone.js\bundles\zone.umd.js:2598:42
    at _ZoneDelegate.invokeTask (C:\Angular project-2\codebook\node_modules\zone.js\bundles\zone.umd.js:449:37)
    at ProxyZoneSpec.Object.<anonymous>.ProxyZoneSpec.onInvokeTask (C:\Angular project-2\codebook\node_modules\zone.js\bundles\zone-testing.umd.js:2208:43)
    at _ZoneDelegate.invokeTask (C:\Angular project-2\codebook\node_modules\zone.js\bundles\zone.umd.js:448:42)
    at ZoneImpl.runTask (C:\Angular project-2\codebook\node_modules\zone.js\bundles\zone.umd.js:196:51)
    at drainMicroTaskQueue (C:\Angular project-2\codebook\node_modules\zone.js\bundles\zone.umd.js:638:39)
    at processTicksAndRejections (node:internal/process/task_queues:105:5)]]></failure>
    </testCase>
    <testCase name="MainDashboardComponent should get color theme aria label" duration="44">
      <failure message="NullInjectorError: R3InjectorError(Standalone[MainDashboardComponent])[AuthService -&gt; AuthService -&gt; _SignalStore -&gt; _HttpClient -&gt; _HttpClient]: "><![CDATA[NullInjectorError: R3InjectorError(Standalone[MainDashboardComponent])[AuthService -> AuthService -> _SignalStore -> _HttpClient -> _HttpClient]: 
  NullInjectorError: No provider for _HttpClient!
    at NullInjector.get (C:\Angular project-2\codebook\node_modules\@angular\core\fesm2022\core.mjs:1624:27)
    at R3Injector.get (C:\Angular project-2\codebook\node_modules\@angular\core\fesm2022\core.mjs:2151:33)
    at R3Injector.get (C:\Angular project-2\codebook\node_modules\@angular\core\fesm2022\core.mjs:2151:33)
    at injectInjectorOnly (C:\Angular project-2\codebook\node_modules\@angular\core\fesm2022\core.mjs:1119:32)
    at ɵɵinject (C:\Angular project-2\codebook\node_modules\@angular\core\fesm2022\core.mjs:1125:42)
    at inject (C:\Angular project-2\codebook\node_modules\@angular\core\fesm2022\core.mjs:1211:12)
    at C:\Angular project-2\codebook\src\app\login\auth.store.ts:38:36
    at C:\Angular project-2\codebook\node_modules\@ngrx\signals\fesm2022\ngrx-signals.mjs:322:25
    at C:\Angular project-2\codebook\node_modules\@ngrx\signals\fesm2022\ngrx-signals.mjs:171:68
    at Array.reduce (<anonymous>)
    at new _SignalStore (C:\Angular project-2\codebook\node_modules\@ngrx\signals\fesm2022\ngrx-signals.mjs:171:41)
    at Object._SignalStore_Factory [as factory] (ng:///_SignalStore/ɵfac.js:5:10)
    at C:\Angular project-2\codebook\node_modules\@angular\core\fesm2022\core.mjs:2274:47
    at runInInjectorProfilerContext (C:\Angular project-2\codebook\node_modules\@angular\core\fesm2022\core.mjs:880:9)
    at R3Injector.hydrate (C:\Angular project-2\codebook\node_modules\@angular\core\fesm2022\core.mjs:2273:21)
    at R3Injector.get (C:\Angular project-2\codebook\node_modules\@angular\core\fesm2022\core.mjs:2141:33)
    at injectInjectorOnly (C:\Angular project-2\codebook\node_modules\@angular\core\fesm2022\core.mjs:1119:32)
    at ɵɵinject (C:\Angular project-2\codebook\node_modules\@angular\core\fesm2022\core.mjs:1125:42)
    at inject (C:\Angular project-2\codebook\node_modules\@angular\core\fesm2022\core.mjs:1211:12)
    at new AuthService (C:\Angular project-2\codebook\src\app\login\auth.service.ts:6:29)
    at Object.AuthService_Factory [as factory] (ng:///AuthService/ɵfac.js:5:10)
    at C:\Angular project-2\codebook\node_modules\@angular\core\fesm2022\core.mjs:2274:47
    at runInInjectorProfilerContext (C:\Angular project-2\codebook\node_modules\@angular\core\fesm2022\core.mjs:880:9)
    at R3Injector.hydrate (C:\Angular project-2\codebook\node_modules\@angular\core\fesm2022\core.mjs:2273:21)
    at R3Injector.get (C:\Angular project-2\codebook\node_modules\@angular\core\fesm2022\core.mjs:2141:33)
    at R3Injector.get (C:\Angular project-2\codebook\node_modules\@angular\core\fesm2022\core.mjs:2151:33)
    at ChainedInjector.get (C:\Angular project-2\codebook\node_modules\@angular\core\fesm2022\core.mjs:17238:36)
    at lookupTokenUsingModuleInjector (C:\Angular project-2\codebook\node_modules\@angular\core\fesm2022\core.mjs:5063:39)
    at getOrCreateInjectable (C:\Angular project-2\codebook\node_modules\@angular\core\fesm2022\core.mjs:5111:12)
    at ɵɵdirectiveInject (C:\Angular project-2\codebook\node_modules\@angular\core\fesm2022\core.mjs:17289:19)
    at NodeInjectorFactory.UserComponent_Factory [as factory] (ng:///UserComponent/ɵfac.js:5:57)
    at getNodeInjectable (C:\Angular project-2\codebook\node_modules\@angular\core\fesm2022\core.mjs:5323:44)
    at instantiateAllDirectives (C:\Angular project-2\codebook\node_modules\@angular\core\fesm2022\core.mjs:12562:27)
    at createDirectivesInstances (C:\Angular project-2\codebook\node_modules\@angular\core\fesm2022\core.mjs:12352:5)
    at ɵɵelementStart (C:\Angular project-2\codebook\node_modules\@angular\core\fesm2022\core.mjs:27901:9)
    at ɵɵelement (C:\Angular project-2\codebook\node_modules\@angular\core\fesm2022\core.mjs:27956:5)
    at MainDashboardComponent_Template (ng:///MainDashboardComponent.js:205:9)
    at executeTemplate (C:\Angular project-2\codebook\node_modules\@angular\core\fesm2022\core.mjs:12338:9)
    at renderView (C:\Angular project-2\codebook\node_modules\@angular\core\fesm2022\core.mjs:12844:13)
    at renderComponent (C:\Angular project-2\codebook\node_modules\@angular\core\fesm2022\core.mjs:12789:5)
    at renderChildComponents (C:\Angular project-2\codebook\node_modules\@angular\core\fesm2022\core.mjs:12892:9)
    at renderView (C:\Angular project-2\codebook\node_modules\@angular\core\fesm2022\core.mjs:12872:13)
    at ComponentFactory2.create (C:\Angular project-2\codebook\node_modules\@angular\core\fesm2022\core.mjs:17954:17)
    at initComponent (C:\Angular project-2\codebook\node_modules\@angular\core\fesm2022\testing.mjs:2053:51)
    at _ZoneDelegate.invoke (C:\Angular project-2\codebook\node_modules\zone.js\bundles\zone.umd.js:416:32)
    at ProxyZoneSpec.Object.<anonymous>.ProxyZoneSpec.onInvoke (C:\Angular project-2\codebook\node_modules\zone.js\bundles\zone-testing.umd.js:2177:43)
    at _ZoneDelegate.invoke (C:\Angular project-2\codebook\node_modules\zone.js\bundles\zone.umd.js:415:38)
    at Object.onInvoke (C:\Angular project-2\codebook\node_modules\@angular\core\fesm2022\core.mjs:6528:33)
    at _ZoneDelegate.invoke (C:\Angular project-2\codebook\node_modules\zone.js\bundles\zone.umd.js:415:38)
    at ZoneImpl.run (C:\Angular project-2\codebook\node_modules\zone.js\bundles\zone.umd.js:147:47)
    at NgZone.run (C:\Angular project-2\codebook\node_modules\@angular\core\fesm2022\core.mjs:6374:28)
    at _TestBedImpl.createComponent (C:\Angular project-2\codebook\node_modules\@angular\core\fesm2022\testing.mjs:2058:41)
    at Function.createComponent (C:\Angular project-2\codebook\node_modules\@angular\core\fesm2022\testing.mjs:1844:37)
    at C:\Angular project-2\codebook\src\app\main-dashboard\main-dashboard.component.spec.ts:102:23
    at Generator.next (<anonymous>)
    at fulfilled (C:\Angular project-2\codebook\node_modules\tslib\tslib.js:167:62)
    at _ZoneDelegate.invoke (C:\Angular project-2\codebook\node_modules\zone.js\bundles\zone.umd.js:416:32)
    at ProxyZoneSpec.Object.<anonymous>.ProxyZoneSpec.onInvoke (C:\Angular project-2\codebook\node_modules\zone.js\bundles\zone-testing.umd.js:2177:43)
    at _ZoneDelegate.invoke (C:\Angular project-2\codebook\node_modules\zone.js\bundles\zone.umd.js:415:38)
    at ZoneImpl.run (C:\Angular project-2\codebook\node_modules\zone.js\bundles\zone.umd.js:147:47)
    at C:\Angular project-2\codebook\node_modules\zone.js\bundles\zone.umd.js:2598:42
    at _ZoneDelegate.invokeTask (C:\Angular project-2\codebook\node_modules\zone.js\bundles\zone.umd.js:449:37)
    at ProxyZoneSpec.Object.<anonymous>.ProxyZoneSpec.onInvokeTask (C:\Angular project-2\codebook\node_modules\zone.js\bundles\zone-testing.umd.js:2208:43)
    at _ZoneDelegate.invokeTask (C:\Angular project-2\codebook\node_modules\zone.js\bundles\zone.umd.js:448:42)
    at ZoneImpl.runTask (C:\Angular project-2\codebook\node_modules\zone.js\bundles\zone.umd.js:196:51)
    at drainMicroTaskQueue (C:\Angular project-2\codebook\node_modules\zone.js\bundles\zone.umd.js:638:39)
    at processTicksAndRejections (node:internal/process/task_queues:105:5)]]></failure>
    </testCase>
    <testCase name="MainDashboardComponent should enter fullscreen mode when not in fullscreen" duration="53">
      <failure message="NullInjectorError: R3InjectorError(Standalone[MainDashboardComponent])[AuthService -&gt; AuthService -&gt; _SignalStore -&gt; _HttpClient -&gt; _HttpClient]: "><![CDATA[NullInjectorError: R3InjectorError(Standalone[MainDashboardComponent])[AuthService -> AuthService -> _SignalStore -> _HttpClient -> _HttpClient]: 
  NullInjectorError: No provider for _HttpClient!
    at NullInjector.get (C:\Angular project-2\codebook\node_modules\@angular\core\fesm2022\core.mjs:1624:27)
    at R3Injector.get (C:\Angular project-2\codebook\node_modules\@angular\core\fesm2022\core.mjs:2151:33)
    at R3Injector.get (C:\Angular project-2\codebook\node_modules\@angular\core\fesm2022\core.mjs:2151:33)
    at injectInjectorOnly (C:\Angular project-2\codebook\node_modules\@angular\core\fesm2022\core.mjs:1119:32)
    at ɵɵinject (C:\Angular project-2\codebook\node_modules\@angular\core\fesm2022\core.mjs:1125:42)
    at inject (C:\Angular project-2\codebook\node_modules\@angular\core\fesm2022\core.mjs:1211:12)
    at C:\Angular project-2\codebook\src\app\login\auth.store.ts:38:36
    at C:\Angular project-2\codebook\node_modules\@ngrx\signals\fesm2022\ngrx-signals.mjs:322:25
    at C:\Angular project-2\codebook\node_modules\@ngrx\signals\fesm2022\ngrx-signals.mjs:171:68
    at Array.reduce (<anonymous>)
    at new _SignalStore (C:\Angular project-2\codebook\node_modules\@ngrx\signals\fesm2022\ngrx-signals.mjs:171:41)
    at Object._SignalStore_Factory [as factory] (ng:///_SignalStore/ɵfac.js:5:10)
    at C:\Angular project-2\codebook\node_modules\@angular\core\fesm2022\core.mjs:2274:47
    at runInInjectorProfilerContext (C:\Angular project-2\codebook\node_modules\@angular\core\fesm2022\core.mjs:880:9)
    at R3Injector.hydrate (C:\Angular project-2\codebook\node_modules\@angular\core\fesm2022\core.mjs:2273:21)
    at R3Injector.get (C:\Angular project-2\codebook\node_modules\@angular\core\fesm2022\core.mjs:2141:33)
    at injectInjectorOnly (C:\Angular project-2\codebook\node_modules\@angular\core\fesm2022\core.mjs:1119:32)
    at ɵɵinject (C:\Angular project-2\codebook\node_modules\@angular\core\fesm2022\core.mjs:1125:42)
    at inject (C:\Angular project-2\codebook\node_modules\@angular\core\fesm2022\core.mjs:1211:12)
    at new AuthService (C:\Angular project-2\codebook\src\app\login\auth.service.ts:6:29)
    at Object.AuthService_Factory [as factory] (ng:///AuthService/ɵfac.js:5:10)
    at C:\Angular project-2\codebook\node_modules\@angular\core\fesm2022\core.mjs:2274:47
    at runInInjectorProfilerContext (C:\Angular project-2\codebook\node_modules\@angular\core\fesm2022\core.mjs:880:9)
    at R3Injector.hydrate (C:\Angular project-2\codebook\node_modules\@angular\core\fesm2022\core.mjs:2273:21)
    at R3Injector.get (C:\Angular project-2\codebook\node_modules\@angular\core\fesm2022\core.mjs:2141:33)
    at R3Injector.get (C:\Angular project-2\codebook\node_modules\@angular\core\fesm2022\core.mjs:2151:33)
    at ChainedInjector.get (C:\Angular project-2\codebook\node_modules\@angular\core\fesm2022\core.mjs:17238:36)
    at lookupTokenUsingModuleInjector (C:\Angular project-2\codebook\node_modules\@angular\core\fesm2022\core.mjs:5063:39)
    at getOrCreateInjectable (C:\Angular project-2\codebook\node_modules\@angular\core\fesm2022\core.mjs:5111:12)
    at ɵɵdirectiveInject (C:\Angular project-2\codebook\node_modules\@angular\core\fesm2022\core.mjs:17289:19)
    at NodeInjectorFactory.UserComponent_Factory [as factory] (ng:///UserComponent/ɵfac.js:5:57)
    at getNodeInjectable (C:\Angular project-2\codebook\node_modules\@angular\core\fesm2022\core.mjs:5323:44)
    at instantiateAllDirectives (C:\Angular project-2\codebook\node_modules\@angular\core\fesm2022\core.mjs:12562:27)
    at createDirectivesInstances (C:\Angular project-2\codebook\node_modules\@angular\core\fesm2022\core.mjs:12352:5)
    at ɵɵelementStart (C:\Angular project-2\codebook\node_modules\@angular\core\fesm2022\core.mjs:27901:9)
    at ɵɵelement (C:\Angular project-2\codebook\node_modules\@angular\core\fesm2022\core.mjs:27956:5)
    at MainDashboardComponent_Template (ng:///MainDashboardComponent.js:205:9)
    at executeTemplate (C:\Angular project-2\codebook\node_modules\@angular\core\fesm2022\core.mjs:12338:9)
    at renderView (C:\Angular project-2\codebook\node_modules\@angular\core\fesm2022\core.mjs:12844:13)
    at renderComponent (C:\Angular project-2\codebook\node_modules\@angular\core\fesm2022\core.mjs:12789:5)
    at renderChildComponents (C:\Angular project-2\codebook\node_modules\@angular\core\fesm2022\core.mjs:12892:9)
    at renderView (C:\Angular project-2\codebook\node_modules\@angular\core\fesm2022\core.mjs:12872:13)
    at ComponentFactory2.create (C:\Angular project-2\codebook\node_modules\@angular\core\fesm2022\core.mjs:17954:17)
    at initComponent (C:\Angular project-2\codebook\node_modules\@angular\core\fesm2022\testing.mjs:2053:51)
    at _ZoneDelegate.invoke (C:\Angular project-2\codebook\node_modules\zone.js\bundles\zone.umd.js:416:32)
    at ProxyZoneSpec.Object.<anonymous>.ProxyZoneSpec.onInvoke (C:\Angular project-2\codebook\node_modules\zone.js\bundles\zone-testing.umd.js:2177:43)
    at _ZoneDelegate.invoke (C:\Angular project-2\codebook\node_modules\zone.js\bundles\zone.umd.js:415:38)
    at Object.onInvoke (C:\Angular project-2\codebook\node_modules\@angular\core\fesm2022\core.mjs:6528:33)
    at _ZoneDelegate.invoke (C:\Angular project-2\codebook\node_modules\zone.js\bundles\zone.umd.js:415:38)
    at ZoneImpl.run (C:\Angular project-2\codebook\node_modules\zone.js\bundles\zone.umd.js:147:47)
    at NgZone.run (C:\Angular project-2\codebook\node_modules\@angular\core\fesm2022\core.mjs:6374:28)
    at _TestBedImpl.createComponent (C:\Angular project-2\codebook\node_modules\@angular\core\fesm2022\testing.mjs:2058:41)
    at Function.createComponent (C:\Angular project-2\codebook\node_modules\@angular\core\fesm2022\testing.mjs:1844:37)
    at C:\Angular project-2\codebook\src\app\main-dashboard\main-dashboard.component.spec.ts:102:23
    at Generator.next (<anonymous>)
    at fulfilled (C:\Angular project-2\codebook\node_modules\tslib\tslib.js:167:62)
    at _ZoneDelegate.invoke (C:\Angular project-2\codebook\node_modules\zone.js\bundles\zone.umd.js:416:32)
    at ProxyZoneSpec.Object.<anonymous>.ProxyZoneSpec.onInvoke (C:\Angular project-2\codebook\node_modules\zone.js\bundles\zone-testing.umd.js:2177:43)
    at _ZoneDelegate.invoke (C:\Angular project-2\codebook\node_modules\zone.js\bundles\zone.umd.js:415:38)
    at ZoneImpl.run (C:\Angular project-2\codebook\node_modules\zone.js\bundles\zone.umd.js:147:47)
    at C:\Angular project-2\codebook\node_modules\zone.js\bundles\zone.umd.js:2598:42
    at _ZoneDelegate.invokeTask (C:\Angular project-2\codebook\node_modules\zone.js\bundles\zone.umd.js:449:37)
    at ProxyZoneSpec.Object.<anonymous>.ProxyZoneSpec.onInvokeTask (C:\Angular project-2\codebook\node_modules\zone.js\bundles\zone-testing.umd.js:2208:43)
    at _ZoneDelegate.invokeTask (C:\Angular project-2\codebook\node_modules\zone.js\bundles\zone.umd.js:448:42)
    at ZoneImpl.runTask (C:\Angular project-2\codebook\node_modules\zone.js\bundles\zone.umd.js:196:51)
    at drainMicroTaskQueue (C:\Angular project-2\codebook\node_modules\zone.js\bundles\zone.umd.js:638:39)
    at processTicksAndRejections (node:internal/process/task_queues:105:5)]]></failure>
    </testCase>
    <testCase name="MainDashboardComponent should exit fullscreen mode when in fullscreen and exitFullscreen is available" duration="49">
      <failure message="NullInjectorError: R3InjectorError(Standalone[MainDashboardComponent])[AuthService -&gt; AuthService -&gt; _SignalStore -&gt; _HttpClient -&gt; _HttpClient]: "><![CDATA[NullInjectorError: R3InjectorError(Standalone[MainDashboardComponent])[AuthService -> AuthService -> _SignalStore -> _HttpClient -> _HttpClient]: 
  NullInjectorError: No provider for _HttpClient!
    at NullInjector.get (C:\Angular project-2\codebook\node_modules\@angular\core\fesm2022\core.mjs:1624:27)
    at R3Injector.get (C:\Angular project-2\codebook\node_modules\@angular\core\fesm2022\core.mjs:2151:33)
    at R3Injector.get (C:\Angular project-2\codebook\node_modules\@angular\core\fesm2022\core.mjs:2151:33)
    at injectInjectorOnly (C:\Angular project-2\codebook\node_modules\@angular\core\fesm2022\core.mjs:1119:32)
    at ɵɵinject (C:\Angular project-2\codebook\node_modules\@angular\core\fesm2022\core.mjs:1125:42)
    at inject (C:\Angular project-2\codebook\node_modules\@angular\core\fesm2022\core.mjs:1211:12)
    at C:\Angular project-2\codebook\src\app\login\auth.store.ts:38:36
    at C:\Angular project-2\codebook\node_modules\@ngrx\signals\fesm2022\ngrx-signals.mjs:322:25
    at C:\Angular project-2\codebook\node_modules\@ngrx\signals\fesm2022\ngrx-signals.mjs:171:68
    at Array.reduce (<anonymous>)
    at new _SignalStore (C:\Angular project-2\codebook\node_modules\@ngrx\signals\fesm2022\ngrx-signals.mjs:171:41)
    at Object._SignalStore_Factory [as factory] (ng:///_SignalStore/ɵfac.js:5:10)
    at C:\Angular project-2\codebook\node_modules\@angular\core\fesm2022\core.mjs:2274:47
    at runInInjectorProfilerContext (C:\Angular project-2\codebook\node_modules\@angular\core\fesm2022\core.mjs:880:9)
    at R3Injector.hydrate (C:\Angular project-2\codebook\node_modules\@angular\core\fesm2022\core.mjs:2273:21)
    at R3Injector.get (C:\Angular project-2\codebook\node_modules\@angular\core\fesm2022\core.mjs:2141:33)
    at injectInjectorOnly (C:\Angular project-2\codebook\node_modules\@angular\core\fesm2022\core.mjs:1119:32)
    at ɵɵinject (C:\Angular project-2\codebook\node_modules\@angular\core\fesm2022\core.mjs:1125:42)
    at inject (C:\Angular project-2\codebook\node_modules\@angular\core\fesm2022\core.mjs:1211:12)
    at new AuthService (C:\Angular project-2\codebook\src\app\login\auth.service.ts:6:29)
    at Object.AuthService_Factory [as factory] (ng:///AuthService/ɵfac.js:5:10)
    at C:\Angular project-2\codebook\node_modules\@angular\core\fesm2022\core.mjs:2274:47
    at runInInjectorProfilerContext (C:\Angular project-2\codebook\node_modules\@angular\core\fesm2022\core.mjs:880:9)
    at R3Injector.hydrate (C:\Angular project-2\codebook\node_modules\@angular\core\fesm2022\core.mjs:2273:21)
    at R3Injector.get (C:\Angular project-2\codebook\node_modules\@angular\core\fesm2022\core.mjs:2141:33)
    at R3Injector.get (C:\Angular project-2\codebook\node_modules\@angular\core\fesm2022\core.mjs:2151:33)
    at ChainedInjector.get (C:\Angular project-2\codebook\node_modules\@angular\core\fesm2022\core.mjs:17238:36)
    at lookupTokenUsingModuleInjector (C:\Angular project-2\codebook\node_modules\@angular\core\fesm2022\core.mjs:5063:39)
    at getOrCreateInjectable (C:\Angular project-2\codebook\node_modules\@angular\core\fesm2022\core.mjs:5111:12)
    at ɵɵdirectiveInject (C:\Angular project-2\codebook\node_modules\@angular\core\fesm2022\core.mjs:17289:19)
    at NodeInjectorFactory.UserComponent_Factory [as factory] (ng:///UserComponent/ɵfac.js:5:57)
    at getNodeInjectable (C:\Angular project-2\codebook\node_modules\@angular\core\fesm2022\core.mjs:5323:44)
    at instantiateAllDirectives (C:\Angular project-2\codebook\node_modules\@angular\core\fesm2022\core.mjs:12562:27)
    at createDirectivesInstances (C:\Angular project-2\codebook\node_modules\@angular\core\fesm2022\core.mjs:12352:5)
    at ɵɵelementStart (C:\Angular project-2\codebook\node_modules\@angular\core\fesm2022\core.mjs:27901:9)
    at ɵɵelement (C:\Angular project-2\codebook\node_modules\@angular\core\fesm2022\core.mjs:27956:5)
    at MainDashboardComponent_Template (ng:///MainDashboardComponent.js:205:9)
    at executeTemplate (C:\Angular project-2\codebook\node_modules\@angular\core\fesm2022\core.mjs:12338:9)
    at renderView (C:\Angular project-2\codebook\node_modules\@angular\core\fesm2022\core.mjs:12844:13)
    at renderComponent (C:\Angular project-2\codebook\node_modules\@angular\core\fesm2022\core.mjs:12789:5)
    at renderChildComponents (C:\Angular project-2\codebook\node_modules\@angular\core\fesm2022\core.mjs:12892:9)
    at renderView (C:\Angular project-2\codebook\node_modules\@angular\core\fesm2022\core.mjs:12872:13)
    at ComponentFactory2.create (C:\Angular project-2\codebook\node_modules\@angular\core\fesm2022\core.mjs:17954:17)
    at initComponent (C:\Angular project-2\codebook\node_modules\@angular\core\fesm2022\testing.mjs:2053:51)
    at _ZoneDelegate.invoke (C:\Angular project-2\codebook\node_modules\zone.js\bundles\zone.umd.js:416:32)
    at ProxyZoneSpec.Object.<anonymous>.ProxyZoneSpec.onInvoke (C:\Angular project-2\codebook\node_modules\zone.js\bundles\zone-testing.umd.js:2177:43)
    at _ZoneDelegate.invoke (C:\Angular project-2\codebook\node_modules\zone.js\bundles\zone.umd.js:415:38)
    at Object.onInvoke (C:\Angular project-2\codebook\node_modules\@angular\core\fesm2022\core.mjs:6528:33)
    at _ZoneDelegate.invoke (C:\Angular project-2\codebook\node_modules\zone.js\bundles\zone.umd.js:415:38)
    at ZoneImpl.run (C:\Angular project-2\codebook\node_modules\zone.js\bundles\zone.umd.js:147:47)
    at NgZone.run (C:\Angular project-2\codebook\node_modules\@angular\core\fesm2022\core.mjs:6374:28)
    at _TestBedImpl.createComponent (C:\Angular project-2\codebook\node_modules\@angular\core\fesm2022\testing.mjs:2058:41)
    at Function.createComponent (C:\Angular project-2\codebook\node_modules\@angular\core\fesm2022\testing.mjs:1844:37)
    at C:\Angular project-2\codebook\src\app\main-dashboard\main-dashboard.component.spec.ts:102:23
    at Generator.next (<anonymous>)
    at fulfilled (C:\Angular project-2\codebook\node_modules\tslib\tslib.js:167:62)
    at _ZoneDelegate.invoke (C:\Angular project-2\codebook\node_modules\zone.js\bundles\zone.umd.js:416:32)
    at ProxyZoneSpec.Object.<anonymous>.ProxyZoneSpec.onInvoke (C:\Angular project-2\codebook\node_modules\zone.js\bundles\zone-testing.umd.js:2177:43)
    at _ZoneDelegate.invoke (C:\Angular project-2\codebook\node_modules\zone.js\bundles\zone.umd.js:415:38)
    at ZoneImpl.run (C:\Angular project-2\codebook\node_modules\zone.js\bundles\zone.umd.js:147:47)
    at C:\Angular project-2\codebook\node_modules\zone.js\bundles\zone.umd.js:2598:42
    at _ZoneDelegate.invokeTask (C:\Angular project-2\codebook\node_modules\zone.js\bundles\zone.umd.js:449:37)
    at ProxyZoneSpec.Object.<anonymous>.ProxyZoneSpec.onInvokeTask (C:\Angular project-2\codebook\node_modules\zone.js\bundles\zone-testing.umd.js:2208:43)
    at _ZoneDelegate.invokeTask (C:\Angular project-2\codebook\node_modules\zone.js\bundles\zone.umd.js:448:42)
    at ZoneImpl.runTask (C:\Angular project-2\codebook\node_modules\zone.js\bundles\zone.umd.js:196:51)
    at drainMicroTaskQueue (C:\Angular project-2\codebook\node_modules\zone.js\bundles\zone.umd.js:638:39)
    at processTicksAndRejections (node:internal/process/task_queues:105:5)]]></failure>
    </testCase>
    <testCase name="MainDashboardComponent should handle case when exitFullscreen is not available" duration="25">
      <failure message="NullInjectorError: R3InjectorError(Standalone[MainDashboardComponent])[AuthService -&gt; AuthService -&gt; _SignalStore -&gt; _HttpClient -&gt; _HttpClient]: "><![CDATA[NullInjectorError: R3InjectorError(Standalone[MainDashboardComponent])[AuthService -> AuthService -> _SignalStore -> _HttpClient -> _HttpClient]: 
  NullInjectorError: No provider for _HttpClient!
    at NullInjector.get (C:\Angular project-2\codebook\node_modules\@angular\core\fesm2022\core.mjs:1624:27)
    at R3Injector.get (C:\Angular project-2\codebook\node_modules\@angular\core\fesm2022\core.mjs:2151:33)
    at R3Injector.get (C:\Angular project-2\codebook\node_modules\@angular\core\fesm2022\core.mjs:2151:33)
    at injectInjectorOnly (C:\Angular project-2\codebook\node_modules\@angular\core\fesm2022\core.mjs:1119:32)
    at ɵɵinject (C:\Angular project-2\codebook\node_modules\@angular\core\fesm2022\core.mjs:1125:42)
    at inject (C:\Angular project-2\codebook\node_modules\@angular\core\fesm2022\core.mjs:1211:12)
    at C:\Angular project-2\codebook\src\app\login\auth.store.ts:38:36
    at C:\Angular project-2\codebook\node_modules\@ngrx\signals\fesm2022\ngrx-signals.mjs:322:25
    at C:\Angular project-2\codebook\node_modules\@ngrx\signals\fesm2022\ngrx-signals.mjs:171:68
    at Array.reduce (<anonymous>)
    at new _SignalStore (C:\Angular project-2\codebook\node_modules\@ngrx\signals\fesm2022\ngrx-signals.mjs:171:41)
    at Object._SignalStore_Factory [as factory] (ng:///_SignalStore/ɵfac.js:5:10)
    at C:\Angular project-2\codebook\node_modules\@angular\core\fesm2022\core.mjs:2274:47
    at runInInjectorProfilerContext (C:\Angular project-2\codebook\node_modules\@angular\core\fesm2022\core.mjs:880:9)
    at R3Injector.hydrate (C:\Angular project-2\codebook\node_modules\@angular\core\fesm2022\core.mjs:2273:21)
    at R3Injector.get (C:\Angular project-2\codebook\node_modules\@angular\core\fesm2022\core.mjs:2141:33)
    at injectInjectorOnly (C:\Angular project-2\codebook\node_modules\@angular\core\fesm2022\core.mjs:1119:32)
    at ɵɵinject (C:\Angular project-2\codebook\node_modules\@angular\core\fesm2022\core.mjs:1125:42)
    at inject (C:\Angular project-2\codebook\node_modules\@angular\core\fesm2022\core.mjs:1211:12)
    at new AuthService (C:\Angular project-2\codebook\src\app\login\auth.service.ts:6:29)
    at Object.AuthService_Factory [as factory] (ng:///AuthService/ɵfac.js:5:10)
    at C:\Angular project-2\codebook\node_modules\@angular\core\fesm2022\core.mjs:2274:47
    at runInInjectorProfilerContext (C:\Angular project-2\codebook\node_modules\@angular\core\fesm2022\core.mjs:880:9)
    at R3Injector.hydrate (C:\Angular project-2\codebook\node_modules\@angular\core\fesm2022\core.mjs:2273:21)
    at R3Injector.get (C:\Angular project-2\codebook\node_modules\@angular\core\fesm2022\core.mjs:2141:33)
    at R3Injector.get (C:\Angular project-2\codebook\node_modules\@angular\core\fesm2022\core.mjs:2151:33)
    at ChainedInjector.get (C:\Angular project-2\codebook\node_modules\@angular\core\fesm2022\core.mjs:17238:36)
    at lookupTokenUsingModuleInjector (C:\Angular project-2\codebook\node_modules\@angular\core\fesm2022\core.mjs:5063:39)
    at getOrCreateInjectable (C:\Angular project-2\codebook\node_modules\@angular\core\fesm2022\core.mjs:5111:12)
    at ɵɵdirectiveInject (C:\Angular project-2\codebook\node_modules\@angular\core\fesm2022\core.mjs:17289:19)
    at NodeInjectorFactory.UserComponent_Factory [as factory] (ng:///UserComponent/ɵfac.js:5:57)
    at getNodeInjectable (C:\Angular project-2\codebook\node_modules\@angular\core\fesm2022\core.mjs:5323:44)
    at instantiateAllDirectives (C:\Angular project-2\codebook\node_modules\@angular\core\fesm2022\core.mjs:12562:27)
    at createDirectivesInstances (C:\Angular project-2\codebook\node_modules\@angular\core\fesm2022\core.mjs:12352:5)
    at ɵɵelementStart (C:\Angular project-2\codebook\node_modules\@angular\core\fesm2022\core.mjs:27901:9)
    at ɵɵelement (C:\Angular project-2\codebook\node_modules\@angular\core\fesm2022\core.mjs:27956:5)
    at MainDashboardComponent_Template (ng:///MainDashboardComponent.js:205:9)
    at executeTemplate (C:\Angular project-2\codebook\node_modules\@angular\core\fesm2022\core.mjs:12338:9)
    at renderView (C:\Angular project-2\codebook\node_modules\@angular\core\fesm2022\core.mjs:12844:13)
    at renderComponent (C:\Angular project-2\codebook\node_modules\@angular\core\fesm2022\core.mjs:12789:5)
    at renderChildComponents (C:\Angular project-2\codebook\node_modules\@angular\core\fesm2022\core.mjs:12892:9)
    at renderView (C:\Angular project-2\codebook\node_modules\@angular\core\fesm2022\core.mjs:12872:13)
    at ComponentFactory2.create (C:\Angular project-2\codebook\node_modules\@angular\core\fesm2022\core.mjs:17954:17)
    at initComponent (C:\Angular project-2\codebook\node_modules\@angular\core\fesm2022\testing.mjs:2053:51)
    at _ZoneDelegate.invoke (C:\Angular project-2\codebook\node_modules\zone.js\bundles\zone.umd.js:416:32)
    at ProxyZoneSpec.Object.<anonymous>.ProxyZoneSpec.onInvoke (C:\Angular project-2\codebook\node_modules\zone.js\bundles\zone-testing.umd.js:2177:43)
    at _ZoneDelegate.invoke (C:\Angular project-2\codebook\node_modules\zone.js\bundles\zone.umd.js:415:38)
    at Object.onInvoke (C:\Angular project-2\codebook\node_modules\@angular\core\fesm2022\core.mjs:6528:33)
    at _ZoneDelegate.invoke (C:\Angular project-2\codebook\node_modules\zone.js\bundles\zone.umd.js:415:38)
    at ZoneImpl.run (C:\Angular project-2\codebook\node_modules\zone.js\bundles\zone.umd.js:147:47)
    at NgZone.run (C:\Angular project-2\codebook\node_modules\@angular\core\fesm2022\core.mjs:6374:28)
    at _TestBedImpl.createComponent (C:\Angular project-2\codebook\node_modules\@angular\core\fesm2022\testing.mjs:2058:41)
    at Function.createComponent (C:\Angular project-2\codebook\node_modules\@angular\core\fesm2022\testing.mjs:1844:37)
    at C:\Angular project-2\codebook\src\app\main-dashboard\main-dashboard.component.spec.ts:102:23
    at Generator.next (<anonymous>)
    at fulfilled (C:\Angular project-2\codebook\node_modules\tslib\tslib.js:167:62)
    at _ZoneDelegate.invoke (C:\Angular project-2\codebook\node_modules\zone.js\bundles\zone.umd.js:416:32)
    at ProxyZoneSpec.Object.<anonymous>.ProxyZoneSpec.onInvoke (C:\Angular project-2\codebook\node_modules\zone.js\bundles\zone-testing.umd.js:2177:43)
    at _ZoneDelegate.invoke (C:\Angular project-2\codebook\node_modules\zone.js\bundles\zone.umd.js:415:38)
    at ZoneImpl.run (C:\Angular project-2\codebook\node_modules\zone.js\bundles\zone.umd.js:147:47)
    at C:\Angular project-2\codebook\node_modules\zone.js\bundles\zone.umd.js:2598:42
    at _ZoneDelegate.invokeTask (C:\Angular project-2\codebook\node_modules\zone.js\bundles\zone.umd.js:449:37)
    at ProxyZoneSpec.Object.<anonymous>.ProxyZoneSpec.onInvokeTask (C:\Angular project-2\codebook\node_modules\zone.js\bundles\zone-testing.umd.js:2208:43)
    at _ZoneDelegate.invokeTask (C:\Angular project-2\codebook\node_modules\zone.js\bundles\zone.umd.js:448:42)
    at ZoneImpl.runTask (C:\Angular project-2\codebook\node_modules\zone.js\bundles\zone.umd.js:196:51)
    at drainMicroTaskQueue (C:\Angular project-2\codebook\node_modules\zone.js\bundles\zone.umd.js:638:39)
    at processTicksAndRejections (node:internal/process/task_queues:105:5)]]></failure>
    </testCase>
    <testCase name="MainDashboardComponent should handle fullscreen request error" duration="32">
      <failure message="NullInjectorError: R3InjectorError(Standalone[MainDashboardComponent])[AuthService -&gt; AuthService -&gt; _SignalStore -&gt; _HttpClient -&gt; _HttpClient]: "><![CDATA[NullInjectorError: R3InjectorError(Standalone[MainDashboardComponent])[AuthService -> AuthService -> _SignalStore -> _HttpClient -> _HttpClient]: 
  NullInjectorError: No provider for _HttpClient!
    at NullInjector.get (C:\Angular project-2\codebook\node_modules\@angular\core\fesm2022\core.mjs:1624:27)
    at R3Injector.get (C:\Angular project-2\codebook\node_modules\@angular\core\fesm2022\core.mjs:2151:33)
    at R3Injector.get (C:\Angular project-2\codebook\node_modules\@angular\core\fesm2022\core.mjs:2151:33)
    at injectInjectorOnly (C:\Angular project-2\codebook\node_modules\@angular\core\fesm2022\core.mjs:1119:32)
    at ɵɵinject (C:\Angular project-2\codebook\node_modules\@angular\core\fesm2022\core.mjs:1125:42)
    at inject (C:\Angular project-2\codebook\node_modules\@angular\core\fesm2022\core.mjs:1211:12)
    at C:\Angular project-2\codebook\src\app\login\auth.store.ts:38:36
    at C:\Angular project-2\codebook\node_modules\@ngrx\signals\fesm2022\ngrx-signals.mjs:322:25
    at C:\Angular project-2\codebook\node_modules\@ngrx\signals\fesm2022\ngrx-signals.mjs:171:68
    at Array.reduce (<anonymous>)
    at new _SignalStore (C:\Angular project-2\codebook\node_modules\@ngrx\signals\fesm2022\ngrx-signals.mjs:171:41)
    at Object._SignalStore_Factory [as factory] (ng:///_SignalStore/ɵfac.js:5:10)
    at C:\Angular project-2\codebook\node_modules\@angular\core\fesm2022\core.mjs:2274:47
    at runInInjectorProfilerContext (C:\Angular project-2\codebook\node_modules\@angular\core\fesm2022\core.mjs:880:9)
    at R3Injector.hydrate (C:\Angular project-2\codebook\node_modules\@angular\core\fesm2022\core.mjs:2273:21)
    at R3Injector.get (C:\Angular project-2\codebook\node_modules\@angular\core\fesm2022\core.mjs:2141:33)
    at injectInjectorOnly (C:\Angular project-2\codebook\node_modules\@angular\core\fesm2022\core.mjs:1119:32)
    at ɵɵinject (C:\Angular project-2\codebook\node_modules\@angular\core\fesm2022\core.mjs:1125:42)
    at inject (C:\Angular project-2\codebook\node_modules\@angular\core\fesm2022\core.mjs:1211:12)
    at new AuthService (C:\Angular project-2\codebook\src\app\login\auth.service.ts:6:29)
    at Object.AuthService_Factory [as factory] (ng:///AuthService/ɵfac.js:5:10)
    at C:\Angular project-2\codebook\node_modules\@angular\core\fesm2022\core.mjs:2274:47
    at runInInjectorProfilerContext (C:\Angular project-2\codebook\node_modules\@angular\core\fesm2022\core.mjs:880:9)
    at R3Injector.hydrate (C:\Angular project-2\codebook\node_modules\@angular\core\fesm2022\core.mjs:2273:21)
    at R3Injector.get (C:\Angular project-2\codebook\node_modules\@angular\core\fesm2022\core.mjs:2141:33)
    at R3Injector.get (C:\Angular project-2\codebook\node_modules\@angular\core\fesm2022\core.mjs:2151:33)
    at ChainedInjector.get (C:\Angular project-2\codebook\node_modules\@angular\core\fesm2022\core.mjs:17238:36)
    at lookupTokenUsingModuleInjector (C:\Angular project-2\codebook\node_modules\@angular\core\fesm2022\core.mjs:5063:39)
    at getOrCreateInjectable (C:\Angular project-2\codebook\node_modules\@angular\core\fesm2022\core.mjs:5111:12)
    at ɵɵdirectiveInject (C:\Angular project-2\codebook\node_modules\@angular\core\fesm2022\core.mjs:17289:19)
    at NodeInjectorFactory.UserComponent_Factory [as factory] (ng:///UserComponent/ɵfac.js:5:57)
    at getNodeInjectable (C:\Angular project-2\codebook\node_modules\@angular\core\fesm2022\core.mjs:5323:44)
    at instantiateAllDirectives (C:\Angular project-2\codebook\node_modules\@angular\core\fesm2022\core.mjs:12562:27)
    at createDirectivesInstances (C:\Angular project-2\codebook\node_modules\@angular\core\fesm2022\core.mjs:12352:5)
    at ɵɵelementStart (C:\Angular project-2\codebook\node_modules\@angular\core\fesm2022\core.mjs:27901:9)
    at ɵɵelement (C:\Angular project-2\codebook\node_modules\@angular\core\fesm2022\core.mjs:27956:5)
    at MainDashboardComponent_Template (ng:///MainDashboardComponent.js:205:9)
    at executeTemplate (C:\Angular project-2\codebook\node_modules\@angular\core\fesm2022\core.mjs:12338:9)
    at renderView (C:\Angular project-2\codebook\node_modules\@angular\core\fesm2022\core.mjs:12844:13)
    at renderComponent (C:\Angular project-2\codebook\node_modules\@angular\core\fesm2022\core.mjs:12789:5)
    at renderChildComponents (C:\Angular project-2\codebook\node_modules\@angular\core\fesm2022\core.mjs:12892:9)
    at renderView (C:\Angular project-2\codebook\node_modules\@angular\core\fesm2022\core.mjs:12872:13)
    at ComponentFactory2.create (C:\Angular project-2\codebook\node_modules\@angular\core\fesm2022\core.mjs:17954:17)
    at initComponent (C:\Angular project-2\codebook\node_modules\@angular\core\fesm2022\testing.mjs:2053:51)
    at _ZoneDelegate.invoke (C:\Angular project-2\codebook\node_modules\zone.js\bundles\zone.umd.js:416:32)
    at ProxyZoneSpec.Object.<anonymous>.ProxyZoneSpec.onInvoke (C:\Angular project-2\codebook\node_modules\zone.js\bundles\zone-testing.umd.js:2177:43)
    at _ZoneDelegate.invoke (C:\Angular project-2\codebook\node_modules\zone.js\bundles\zone.umd.js:415:38)
    at Object.onInvoke (C:\Angular project-2\codebook\node_modules\@angular\core\fesm2022\core.mjs:6528:33)
    at _ZoneDelegate.invoke (C:\Angular project-2\codebook\node_modules\zone.js\bundles\zone.umd.js:415:38)
    at ZoneImpl.run (C:\Angular project-2\codebook\node_modules\zone.js\bundles\zone.umd.js:147:47)
    at NgZone.run (C:\Angular project-2\codebook\node_modules\@angular\core\fesm2022\core.mjs:6374:28)
    at _TestBedImpl.createComponent (C:\Angular project-2\codebook\node_modules\@angular\core\fesm2022\testing.mjs:2058:41)
    at Function.createComponent (C:\Angular project-2\codebook\node_modules\@angular\core\fesm2022\testing.mjs:1844:37)
    at C:\Angular project-2\codebook\src\app\main-dashboard\main-dashboard.component.spec.ts:102:23
    at Generator.next (<anonymous>)
    at fulfilled (C:\Angular project-2\codebook\node_modules\tslib\tslib.js:167:62)
    at _ZoneDelegate.invoke (C:\Angular project-2\codebook\node_modules\zone.js\bundles\zone.umd.js:416:32)
    at ProxyZoneSpec.Object.<anonymous>.ProxyZoneSpec.onInvoke (C:\Angular project-2\codebook\node_modules\zone.js\bundles\zone-testing.umd.js:2177:43)
    at _ZoneDelegate.invoke (C:\Angular project-2\codebook\node_modules\zone.js\bundles\zone.umd.js:415:38)
    at ZoneImpl.run (C:\Angular project-2\codebook\node_modules\zone.js\bundles\zone.umd.js:147:47)
    at C:\Angular project-2\codebook\node_modules\zone.js\bundles\zone.umd.js:2598:42
    at _ZoneDelegate.invokeTask (C:\Angular project-2\codebook\node_modules\zone.js\bundles\zone.umd.js:449:37)
    at ProxyZoneSpec.Object.<anonymous>.ProxyZoneSpec.onInvokeTask (C:\Angular project-2\codebook\node_modules\zone.js\bundles\zone-testing.umd.js:2208:43)
    at _ZoneDelegate.invokeTask (C:\Angular project-2\codebook\node_modules\zone.js\bundles\zone.umd.js:448:42)
    at ZoneImpl.runTask (C:\Angular project-2\codebook\node_modules\zone.js\bundles\zone.umd.js:196:51)
    at drainMicroTaskQueue (C:\Angular project-2\codebook\node_modules\zone.js\bundles\zone.umd.js:638:39)
    at processTicksAndRejections (node:internal/process/task_queues:105:5)]]></failure>
    </testCase>
    <testCase name="MainDashboardComponent should render toolbar with title" duration="24">
      <failure message="NullInjectorError: R3InjectorError(Standalone[MainDashboardComponent])[AuthService -&gt; AuthService -&gt; _SignalStore -&gt; _HttpClient -&gt; _HttpClient]: "><![CDATA[NullInjectorError: R3InjectorError(Standalone[MainDashboardComponent])[AuthService -> AuthService -> _SignalStore -> _HttpClient -> _HttpClient]: 
  NullInjectorError: No provider for _HttpClient!
    at NullInjector.get (C:\Angular project-2\codebook\node_modules\@angular\core\fesm2022\core.mjs:1624:27)
    at R3Injector.get (C:\Angular project-2\codebook\node_modules\@angular\core\fesm2022\core.mjs:2151:33)
    at R3Injector.get (C:\Angular project-2\codebook\node_modules\@angular\core\fesm2022\core.mjs:2151:33)
    at injectInjectorOnly (C:\Angular project-2\codebook\node_modules\@angular\core\fesm2022\core.mjs:1119:32)
    at ɵɵinject (C:\Angular project-2\codebook\node_modules\@angular\core\fesm2022\core.mjs:1125:42)
    at inject (C:\Angular project-2\codebook\node_modules\@angular\core\fesm2022\core.mjs:1211:12)
    at C:\Angular project-2\codebook\src\app\login\auth.store.ts:38:36
    at C:\Angular project-2\codebook\node_modules\@ngrx\signals\fesm2022\ngrx-signals.mjs:322:25
    at C:\Angular project-2\codebook\node_modules\@ngrx\signals\fesm2022\ngrx-signals.mjs:171:68
    at Array.reduce (<anonymous>)
    at new _SignalStore (C:\Angular project-2\codebook\node_modules\@ngrx\signals\fesm2022\ngrx-signals.mjs:171:41)
    at Object._SignalStore_Factory [as factory] (ng:///_SignalStore/ɵfac.js:5:10)
    at C:\Angular project-2\codebook\node_modules\@angular\core\fesm2022\core.mjs:2274:47
    at runInInjectorProfilerContext (C:\Angular project-2\codebook\node_modules\@angular\core\fesm2022\core.mjs:880:9)
    at R3Injector.hydrate (C:\Angular project-2\codebook\node_modules\@angular\core\fesm2022\core.mjs:2273:21)
    at R3Injector.get (C:\Angular project-2\codebook\node_modules\@angular\core\fesm2022\core.mjs:2141:33)
    at injectInjectorOnly (C:\Angular project-2\codebook\node_modules\@angular\core\fesm2022\core.mjs:1119:32)
    at ɵɵinject (C:\Angular project-2\codebook\node_modules\@angular\core\fesm2022\core.mjs:1125:42)
    at inject (C:\Angular project-2\codebook\node_modules\@angular\core\fesm2022\core.mjs:1211:12)
    at new AuthService (C:\Angular project-2\codebook\src\app\login\auth.service.ts:6:29)
    at Object.AuthService_Factory [as factory] (ng:///AuthService/ɵfac.js:5:10)
    at C:\Angular project-2\codebook\node_modules\@angular\core\fesm2022\core.mjs:2274:47
    at runInInjectorProfilerContext (C:\Angular project-2\codebook\node_modules\@angular\core\fesm2022\core.mjs:880:9)
    at R3Injector.hydrate (C:\Angular project-2\codebook\node_modules\@angular\core\fesm2022\core.mjs:2273:21)
    at R3Injector.get (C:\Angular project-2\codebook\node_modules\@angular\core\fesm2022\core.mjs:2141:33)
    at R3Injector.get (C:\Angular project-2\codebook\node_modules\@angular\core\fesm2022\core.mjs:2151:33)
    at ChainedInjector.get (C:\Angular project-2\codebook\node_modules\@angular\core\fesm2022\core.mjs:17238:36)
    at lookupTokenUsingModuleInjector (C:\Angular project-2\codebook\node_modules\@angular\core\fesm2022\core.mjs:5063:39)
    at getOrCreateInjectable (C:\Angular project-2\codebook\node_modules\@angular\core\fesm2022\core.mjs:5111:12)
    at ɵɵdirectiveInject (C:\Angular project-2\codebook\node_modules\@angular\core\fesm2022\core.mjs:17289:19)
    at NodeInjectorFactory.UserComponent_Factory [as factory] (ng:///UserComponent/ɵfac.js:5:57)
    at getNodeInjectable (C:\Angular project-2\codebook\node_modules\@angular\core\fesm2022\core.mjs:5323:44)
    at instantiateAllDirectives (C:\Angular project-2\codebook\node_modules\@angular\core\fesm2022\core.mjs:12562:27)
    at createDirectivesInstances (C:\Angular project-2\codebook\node_modules\@angular\core\fesm2022\core.mjs:12352:5)
    at ɵɵelementStart (C:\Angular project-2\codebook\node_modules\@angular\core\fesm2022\core.mjs:27901:9)
    at ɵɵelement (C:\Angular project-2\codebook\node_modules\@angular\core\fesm2022\core.mjs:27956:5)
    at MainDashboardComponent_Template (ng:///MainDashboardComponent.js:205:9)
    at executeTemplate (C:\Angular project-2\codebook\node_modules\@angular\core\fesm2022\core.mjs:12338:9)
    at renderView (C:\Angular project-2\codebook\node_modules\@angular\core\fesm2022\core.mjs:12844:13)
    at renderComponent (C:\Angular project-2\codebook\node_modules\@angular\core\fesm2022\core.mjs:12789:5)
    at renderChildComponents (C:\Angular project-2\codebook\node_modules\@angular\core\fesm2022\core.mjs:12892:9)
    at renderView (C:\Angular project-2\codebook\node_modules\@angular\core\fesm2022\core.mjs:12872:13)
    at ComponentFactory2.create (C:\Angular project-2\codebook\node_modules\@angular\core\fesm2022\core.mjs:17954:17)
    at initComponent (C:\Angular project-2\codebook\node_modules\@angular\core\fesm2022\testing.mjs:2053:51)
    at _ZoneDelegate.invoke (C:\Angular project-2\codebook\node_modules\zone.js\bundles\zone.umd.js:416:32)
    at ProxyZoneSpec.Object.<anonymous>.ProxyZoneSpec.onInvoke (C:\Angular project-2\codebook\node_modules\zone.js\bundles\zone-testing.umd.js:2177:43)
    at _ZoneDelegate.invoke (C:\Angular project-2\codebook\node_modules\zone.js\bundles\zone.umd.js:415:38)
    at Object.onInvoke (C:\Angular project-2\codebook\node_modules\@angular\core\fesm2022\core.mjs:6528:33)
    at _ZoneDelegate.invoke (C:\Angular project-2\codebook\node_modules\zone.js\bundles\zone.umd.js:415:38)
    at ZoneImpl.run (C:\Angular project-2\codebook\node_modules\zone.js\bundles\zone.umd.js:147:47)
    at NgZone.run (C:\Angular project-2\codebook\node_modules\@angular\core\fesm2022\core.mjs:6374:28)
    at _TestBedImpl.createComponent (C:\Angular project-2\codebook\node_modules\@angular\core\fesm2022\testing.mjs:2058:41)
    at Function.createComponent (C:\Angular project-2\codebook\node_modules\@angular\core\fesm2022\testing.mjs:1844:37)
    at C:\Angular project-2\codebook\src\app\main-dashboard\main-dashboard.component.spec.ts:102:23
    at Generator.next (<anonymous>)
    at fulfilled (C:\Angular project-2\codebook\node_modules\tslib\tslib.js:167:62)
    at _ZoneDelegate.invoke (C:\Angular project-2\codebook\node_modules\zone.js\bundles\zone.umd.js:416:32)
    at ProxyZoneSpec.Object.<anonymous>.ProxyZoneSpec.onInvoke (C:\Angular project-2\codebook\node_modules\zone.js\bundles\zone-testing.umd.js:2177:43)
    at _ZoneDelegate.invoke (C:\Angular project-2\codebook\node_modules\zone.js\bundles\zone.umd.js:415:38)
    at ZoneImpl.run (C:\Angular project-2\codebook\node_modules\zone.js\bundles\zone.umd.js:147:47)
    at C:\Angular project-2\codebook\node_modules\zone.js\bundles\zone.umd.js:2598:42
    at _ZoneDelegate.invokeTask (C:\Angular project-2\codebook\node_modules\zone.js\bundles\zone.umd.js:449:37)
    at ProxyZoneSpec.Object.<anonymous>.ProxyZoneSpec.onInvokeTask (C:\Angular project-2\codebook\node_modules\zone.js\bundles\zone-testing.umd.js:2208:43)
    at _ZoneDelegate.invokeTask (C:\Angular project-2\codebook\node_modules\zone.js\bundles\zone.umd.js:448:42)
    at ZoneImpl.runTask (C:\Angular project-2\codebook\node_modules\zone.js\bundles\zone.umd.js:196:51)
    at drainMicroTaskQueue (C:\Angular project-2\codebook\node_modules\zone.js\bundles\zone.umd.js:638:39)
    at processTicksAndRejections (node:internal/process/task_queues:105:5)]]></failure>
    </testCase>
    <testCase name="MainDashboardComponent should apply dark theme class when dark mode is enabled" duration="27">
      <failure message="NullInjectorError: R3InjectorError(Standalone[MainDashboardComponent])[AuthService -&gt; AuthService -&gt; _SignalStore -&gt; _HttpClient -&gt; _HttpClient]: "><![CDATA[NullInjectorError: R3InjectorError(Standalone[MainDashboardComponent])[AuthService -> AuthService -> _SignalStore -> _HttpClient -> _HttpClient]: 
  NullInjectorError: No provider for _HttpClient!
    at NullInjector.get (C:\Angular project-2\codebook\node_modules\@angular\core\fesm2022\core.mjs:1624:27)
    at R3Injector.get (C:\Angular project-2\codebook\node_modules\@angular\core\fesm2022\core.mjs:2151:33)
    at R3Injector.get (C:\Angular project-2\codebook\node_modules\@angular\core\fesm2022\core.mjs:2151:33)
    at injectInjectorOnly (C:\Angular project-2\codebook\node_modules\@angular\core\fesm2022\core.mjs:1119:32)
    at ɵɵinject (C:\Angular project-2\codebook\node_modules\@angular\core\fesm2022\core.mjs:1125:42)
    at inject (C:\Angular project-2\codebook\node_modules\@angular\core\fesm2022\core.mjs:1211:12)
    at C:\Angular project-2\codebook\src\app\login\auth.store.ts:38:36
    at C:\Angular project-2\codebook\node_modules\@ngrx\signals\fesm2022\ngrx-signals.mjs:322:25
    at C:\Angular project-2\codebook\node_modules\@ngrx\signals\fesm2022\ngrx-signals.mjs:171:68
    at Array.reduce (<anonymous>)
    at new _SignalStore (C:\Angular project-2\codebook\node_modules\@ngrx\signals\fesm2022\ngrx-signals.mjs:171:41)
    at Object._SignalStore_Factory [as factory] (ng:///_SignalStore/ɵfac.js:5:10)
    at C:\Angular project-2\codebook\node_modules\@angular\core\fesm2022\core.mjs:2274:47
    at runInInjectorProfilerContext (C:\Angular project-2\codebook\node_modules\@angular\core\fesm2022\core.mjs:880:9)
    at R3Injector.hydrate (C:\Angular project-2\codebook\node_modules\@angular\core\fesm2022\core.mjs:2273:21)
    at R3Injector.get (C:\Angular project-2\codebook\node_modules\@angular\core\fesm2022\core.mjs:2141:33)
    at injectInjectorOnly (C:\Angular project-2\codebook\node_modules\@angular\core\fesm2022\core.mjs:1119:32)
    at ɵɵinject (C:\Angular project-2\codebook\node_modules\@angular\core\fesm2022\core.mjs:1125:42)
    at inject (C:\Angular project-2\codebook\node_modules\@angular\core\fesm2022\core.mjs:1211:12)
    at new AuthService (C:\Angular project-2\codebook\src\app\login\auth.service.ts:6:29)
    at Object.AuthService_Factory [as factory] (ng:///AuthService/ɵfac.js:5:10)
    at C:\Angular project-2\codebook\node_modules\@angular\core\fesm2022\core.mjs:2274:47
    at runInInjectorProfilerContext (C:\Angular project-2\codebook\node_modules\@angular\core\fesm2022\core.mjs:880:9)
    at R3Injector.hydrate (C:\Angular project-2\codebook\node_modules\@angular\core\fesm2022\core.mjs:2273:21)
    at R3Injector.get (C:\Angular project-2\codebook\node_modules\@angular\core\fesm2022\core.mjs:2141:33)
    at R3Injector.get (C:\Angular project-2\codebook\node_modules\@angular\core\fesm2022\core.mjs:2151:33)
    at ChainedInjector.get (C:\Angular project-2\codebook\node_modules\@angular\core\fesm2022\core.mjs:17238:36)
    at lookupTokenUsingModuleInjector (C:\Angular project-2\codebook\node_modules\@angular\core\fesm2022\core.mjs:5063:39)
    at getOrCreateInjectable (C:\Angular project-2\codebook\node_modules\@angular\core\fesm2022\core.mjs:5111:12)
    at ɵɵdirectiveInject (C:\Angular project-2\codebook\node_modules\@angular\core\fesm2022\core.mjs:17289:19)
    at NodeInjectorFactory.UserComponent_Factory [as factory] (ng:///UserComponent/ɵfac.js:5:57)
    at getNodeInjectable (C:\Angular project-2\codebook\node_modules\@angular\core\fesm2022\core.mjs:5323:44)
    at instantiateAllDirectives (C:\Angular project-2\codebook\node_modules\@angular\core\fesm2022\core.mjs:12562:27)
    at createDirectivesInstances (C:\Angular project-2\codebook\node_modules\@angular\core\fesm2022\core.mjs:12352:5)
    at ɵɵelementStart (C:\Angular project-2\codebook\node_modules\@angular\core\fesm2022\core.mjs:27901:9)
    at ɵɵelement (C:\Angular project-2\codebook\node_modules\@angular\core\fesm2022\core.mjs:27956:5)
    at MainDashboardComponent_Template (ng:///MainDashboardComponent.js:205:9)
    at executeTemplate (C:\Angular project-2\codebook\node_modules\@angular\core\fesm2022\core.mjs:12338:9)
    at renderView (C:\Angular project-2\codebook\node_modules\@angular\core\fesm2022\core.mjs:12844:13)
    at renderComponent (C:\Angular project-2\codebook\node_modules\@angular\core\fesm2022\core.mjs:12789:5)
    at renderChildComponents (C:\Angular project-2\codebook\node_modules\@angular\core\fesm2022\core.mjs:12892:9)
    at renderView (C:\Angular project-2\codebook\node_modules\@angular\core\fesm2022\core.mjs:12872:13)
    at ComponentFactory2.create (C:\Angular project-2\codebook\node_modules\@angular\core\fesm2022\core.mjs:17954:17)
    at initComponent (C:\Angular project-2\codebook\node_modules\@angular\core\fesm2022\testing.mjs:2053:51)
    at _ZoneDelegate.invoke (C:\Angular project-2\codebook\node_modules\zone.js\bundles\zone.umd.js:416:32)
    at ProxyZoneSpec.Object.<anonymous>.ProxyZoneSpec.onInvoke (C:\Angular project-2\codebook\node_modules\zone.js\bundles\zone-testing.umd.js:2177:43)
    at _ZoneDelegate.invoke (C:\Angular project-2\codebook\node_modules\zone.js\bundles\zone.umd.js:415:38)
    at Object.onInvoke (C:\Angular project-2\codebook\node_modules\@angular\core\fesm2022\core.mjs:6528:33)
    at _ZoneDelegate.invoke (C:\Angular project-2\codebook\node_modules\zone.js\bundles\zone.umd.js:415:38)
    at ZoneImpl.run (C:\Angular project-2\codebook\node_modules\zone.js\bundles\zone.umd.js:147:47)
    at NgZone.run (C:\Angular project-2\codebook\node_modules\@angular\core\fesm2022\core.mjs:6374:28)
    at _TestBedImpl.createComponent (C:\Angular project-2\codebook\node_modules\@angular\core\fesm2022\testing.mjs:2058:41)
    at Function.createComponent (C:\Angular project-2\codebook\node_modules\@angular\core\fesm2022\testing.mjs:1844:37)
    at C:\Angular project-2\codebook\src\app\main-dashboard\main-dashboard.component.spec.ts:102:23
    at Generator.next (<anonymous>)
    at fulfilled (C:\Angular project-2\codebook\node_modules\tslib\tslib.js:167:62)
    at _ZoneDelegate.invoke (C:\Angular project-2\codebook\node_modules\zone.js\bundles\zone.umd.js:416:32)
    at ProxyZoneSpec.Object.<anonymous>.ProxyZoneSpec.onInvoke (C:\Angular project-2\codebook\node_modules\zone.js\bundles\zone-testing.umd.js:2177:43)
    at _ZoneDelegate.invoke (C:\Angular project-2\codebook\node_modules\zone.js\bundles\zone.umd.js:415:38)
    at ZoneImpl.run (C:\Angular project-2\codebook\node_modules\zone.js\bundles\zone.umd.js:147:47)
    at C:\Angular project-2\codebook\node_modules\zone.js\bundles\zone.umd.js:2598:42
    at _ZoneDelegate.invokeTask (C:\Angular project-2\codebook\node_modules\zone.js\bundles\zone.umd.js:449:37)
    at ProxyZoneSpec.Object.<anonymous>.ProxyZoneSpec.onInvokeTask (C:\Angular project-2\codebook\node_modules\zone.js\bundles\zone-testing.umd.js:2208:43)
    at _ZoneDelegate.invokeTask (C:\Angular project-2\codebook\node_modules\zone.js\bundles\zone.umd.js:448:42)
    at ZoneImpl.runTask (C:\Angular project-2\codebook\node_modules\zone.js\bundles\zone.umd.js:196:51)
    at drainMicroTaskQueue (C:\Angular project-2\codebook\node_modules\zone.js\bundles\zone.umd.js:638:39)
    at processTicksAndRejections (node:internal/process/task_queues:105:5)]]></failure>
    </testCase>
    <testCase name="MainDashboardComponent should not apply dark theme class when dark mode is disabled" duration="36">
      <failure message="NullInjectorError: R3InjectorError(Standalone[MainDashboardComponent])[AuthService -&gt; AuthService -&gt; _SignalStore -&gt; _HttpClient -&gt; _HttpClient]: "><![CDATA[NullInjectorError: R3InjectorError(Standalone[MainDashboardComponent])[AuthService -> AuthService -> _SignalStore -> _HttpClient -> _HttpClient]: 
  NullInjectorError: No provider for _HttpClient!
    at NullInjector.get (C:\Angular project-2\codebook\node_modules\@angular\core\fesm2022\core.mjs:1624:27)
    at R3Injector.get (C:\Angular project-2\codebook\node_modules\@angular\core\fesm2022\core.mjs:2151:33)
    at R3Injector.get (C:\Angular project-2\codebook\node_modules\@angular\core\fesm2022\core.mjs:2151:33)
    at injectInjectorOnly (C:\Angular project-2\codebook\node_modules\@angular\core\fesm2022\core.mjs:1119:32)
    at ɵɵinject (C:\Angular project-2\codebook\node_modules\@angular\core\fesm2022\core.mjs:1125:42)
    at inject (C:\Angular project-2\codebook\node_modules\@angular\core\fesm2022\core.mjs:1211:12)
    at C:\Angular project-2\codebook\src\app\login\auth.store.ts:38:36
    at C:\Angular project-2\codebook\node_modules\@ngrx\signals\fesm2022\ngrx-signals.mjs:322:25
    at C:\Angular project-2\codebook\node_modules\@ngrx\signals\fesm2022\ngrx-signals.mjs:171:68
    at Array.reduce (<anonymous>)
    at new _SignalStore (C:\Angular project-2\codebook\node_modules\@ngrx\signals\fesm2022\ngrx-signals.mjs:171:41)
    at Object._SignalStore_Factory [as factory] (ng:///_SignalStore/ɵfac.js:5:10)
    at C:\Angular project-2\codebook\node_modules\@angular\core\fesm2022\core.mjs:2274:47
    at runInInjectorProfilerContext (C:\Angular project-2\codebook\node_modules\@angular\core\fesm2022\core.mjs:880:9)
    at R3Injector.hydrate (C:\Angular project-2\codebook\node_modules\@angular\core\fesm2022\core.mjs:2273:21)
    at R3Injector.get (C:\Angular project-2\codebook\node_modules\@angular\core\fesm2022\core.mjs:2141:33)
    at injectInjectorOnly (C:\Angular project-2\codebook\node_modules\@angular\core\fesm2022\core.mjs:1119:32)
    at ɵɵinject (C:\Angular project-2\codebook\node_modules\@angular\core\fesm2022\core.mjs:1125:42)
    at inject (C:\Angular project-2\codebook\node_modules\@angular\core\fesm2022\core.mjs:1211:12)
    at new AuthService (C:\Angular project-2\codebook\src\app\login\auth.service.ts:6:29)
    at Object.AuthService_Factory [as factory] (ng:///AuthService/ɵfac.js:5:10)
    at C:\Angular project-2\codebook\node_modules\@angular\core\fesm2022\core.mjs:2274:47
    at runInInjectorProfilerContext (C:\Angular project-2\codebook\node_modules\@angular\core\fesm2022\core.mjs:880:9)
    at R3Injector.hydrate (C:\Angular project-2\codebook\node_modules\@angular\core\fesm2022\core.mjs:2273:21)
    at R3Injector.get (C:\Angular project-2\codebook\node_modules\@angular\core\fesm2022\core.mjs:2141:33)
    at R3Injector.get (C:\Angular project-2\codebook\node_modules\@angular\core\fesm2022\core.mjs:2151:33)
    at ChainedInjector.get (C:\Angular project-2\codebook\node_modules\@angular\core\fesm2022\core.mjs:17238:36)
    at lookupTokenUsingModuleInjector (C:\Angular project-2\codebook\node_modules\@angular\core\fesm2022\core.mjs:5063:39)
    at getOrCreateInjectable (C:\Angular project-2\codebook\node_modules\@angular\core\fesm2022\core.mjs:5111:12)
    at ɵɵdirectiveInject (C:\Angular project-2\codebook\node_modules\@angular\core\fesm2022\core.mjs:17289:19)
    at NodeInjectorFactory.UserComponent_Factory [as factory] (ng:///UserComponent/ɵfac.js:5:57)
    at getNodeInjectable (C:\Angular project-2\codebook\node_modules\@angular\core\fesm2022\core.mjs:5323:44)
    at instantiateAllDirectives (C:\Angular project-2\codebook\node_modules\@angular\core\fesm2022\core.mjs:12562:27)
    at createDirectivesInstances (C:\Angular project-2\codebook\node_modules\@angular\core\fesm2022\core.mjs:12352:5)
    at ɵɵelementStart (C:\Angular project-2\codebook\node_modules\@angular\core\fesm2022\core.mjs:27901:9)
    at ɵɵelement (C:\Angular project-2\codebook\node_modules\@angular\core\fesm2022\core.mjs:27956:5)
    at MainDashboardComponent_Template (ng:///MainDashboardComponent.js:205:9)
    at executeTemplate (C:\Angular project-2\codebook\node_modules\@angular\core\fesm2022\core.mjs:12338:9)
    at renderView (C:\Angular project-2\codebook\node_modules\@angular\core\fesm2022\core.mjs:12844:13)
    at renderComponent (C:\Angular project-2\codebook\node_modules\@angular\core\fesm2022\core.mjs:12789:5)
    at renderChildComponents (C:\Angular project-2\codebook\node_modules\@angular\core\fesm2022\core.mjs:12892:9)
    at renderView (C:\Angular project-2\codebook\node_modules\@angular\core\fesm2022\core.mjs:12872:13)
    at ComponentFactory2.create (C:\Angular project-2\codebook\node_modules\@angular\core\fesm2022\core.mjs:17954:17)
    at initComponent (C:\Angular project-2\codebook\node_modules\@angular\core\fesm2022\testing.mjs:2053:51)
    at _ZoneDelegate.invoke (C:\Angular project-2\codebook\node_modules\zone.js\bundles\zone.umd.js:416:32)
    at ProxyZoneSpec.Object.<anonymous>.ProxyZoneSpec.onInvoke (C:\Angular project-2\codebook\node_modules\zone.js\bundles\zone-testing.umd.js:2177:43)
    at _ZoneDelegate.invoke (C:\Angular project-2\codebook\node_modules\zone.js\bundles\zone.umd.js:415:38)
    at Object.onInvoke (C:\Angular project-2\codebook\node_modules\@angular\core\fesm2022\core.mjs:6528:33)
    at _ZoneDelegate.invoke (C:\Angular project-2\codebook\node_modules\zone.js\bundles\zone.umd.js:415:38)
    at ZoneImpl.run (C:\Angular project-2\codebook\node_modules\zone.js\bundles\zone.umd.js:147:47)
    at NgZone.run (C:\Angular project-2\codebook\node_modules\@angular\core\fesm2022\core.mjs:6374:28)
    at _TestBedImpl.createComponent (C:\Angular project-2\codebook\node_modules\@angular\core\fesm2022\testing.mjs:2058:41)
    at Function.createComponent (C:\Angular project-2\codebook\node_modules\@angular\core\fesm2022\testing.mjs:1844:37)
    at C:\Angular project-2\codebook\src\app\main-dashboard\main-dashboard.component.spec.ts:102:23
    at Generator.next (<anonymous>)
    at fulfilled (C:\Angular project-2\codebook\node_modules\tslib\tslib.js:167:62)
    at _ZoneDelegate.invoke (C:\Angular project-2\codebook\node_modules\zone.js\bundles\zone.umd.js:416:32)
    at ProxyZoneSpec.Object.<anonymous>.ProxyZoneSpec.onInvoke (C:\Angular project-2\codebook\node_modules\zone.js\bundles\zone-testing.umd.js:2177:43)
    at _ZoneDelegate.invoke (C:\Angular project-2\codebook\node_modules\zone.js\bundles\zone.umd.js:415:38)
    at ZoneImpl.run (C:\Angular project-2\codebook\node_modules\zone.js\bundles\zone.umd.js:147:47)
    at C:\Angular project-2\codebook\node_modules\zone.js\bundles\zone.umd.js:2598:42
    at _ZoneDelegate.invokeTask (C:\Angular project-2\codebook\node_modules\zone.js\bundles\zone.umd.js:449:37)
    at ProxyZoneSpec.Object.<anonymous>.ProxyZoneSpec.onInvokeTask (C:\Angular project-2\codebook\node_modules\zone.js\bundles\zone-testing.umd.js:2208:43)
    at _ZoneDelegate.invokeTask (C:\Angular project-2\codebook\node_modules\zone.js\bundles\zone.umd.js:448:42)
    at ZoneImpl.runTask (C:\Angular project-2\codebook\node_modules\zone.js\bundles\zone.umd.js:196:51)
    at drainMicroTaskQueue (C:\Angular project-2\codebook\node_modules\zone.js\bundles\zone.umd.js:638:39)
    at processTicksAndRejections (node:internal/process/task_queues:105:5)]]></failure>
    </testCase>
    <testCase name="MainDashboardComponent should render mobile menu button when isMobile is true" duration="28">
      <failure message="NullInjectorError: R3InjectorError(Standalone[MainDashboardComponent])[AuthService -&gt; AuthService -&gt; _SignalStore -&gt; _HttpClient -&gt; _HttpClient]: "><![CDATA[NullInjectorError: R3InjectorError(Standalone[MainDashboardComponent])[AuthService -> AuthService -> _SignalStore -> _HttpClient -> _HttpClient]: 
  NullInjectorError: No provider for _HttpClient!
    at NullInjector.get (C:\Angular project-2\codebook\node_modules\@angular\core\fesm2022\core.mjs:1624:27)
    at R3Injector.get (C:\Angular project-2\codebook\node_modules\@angular\core\fesm2022\core.mjs:2151:33)
    at R3Injector.get (C:\Angular project-2\codebook\node_modules\@angular\core\fesm2022\core.mjs:2151:33)
    at injectInjectorOnly (C:\Angular project-2\codebook\node_modules\@angular\core\fesm2022\core.mjs:1119:32)
    at ɵɵinject (C:\Angular project-2\codebook\node_modules\@angular\core\fesm2022\core.mjs:1125:42)
    at inject (C:\Angular project-2\codebook\node_modules\@angular\core\fesm2022\core.mjs:1211:12)
    at C:\Angular project-2\codebook\src\app\login\auth.store.ts:38:36
    at C:\Angular project-2\codebook\node_modules\@ngrx\signals\fesm2022\ngrx-signals.mjs:322:25
    at C:\Angular project-2\codebook\node_modules\@ngrx\signals\fesm2022\ngrx-signals.mjs:171:68
    at Array.reduce (<anonymous>)
    at new _SignalStore (C:\Angular project-2\codebook\node_modules\@ngrx\signals\fesm2022\ngrx-signals.mjs:171:41)
    at Object._SignalStore_Factory [as factory] (ng:///_SignalStore/ɵfac.js:5:10)
    at C:\Angular project-2\codebook\node_modules\@angular\core\fesm2022\core.mjs:2274:47
    at runInInjectorProfilerContext (C:\Angular project-2\codebook\node_modules\@angular\core\fesm2022\core.mjs:880:9)
    at R3Injector.hydrate (C:\Angular project-2\codebook\node_modules\@angular\core\fesm2022\core.mjs:2273:21)
    at R3Injector.get (C:\Angular project-2\codebook\node_modules\@angular\core\fesm2022\core.mjs:2141:33)
    at injectInjectorOnly (C:\Angular project-2\codebook\node_modules\@angular\core\fesm2022\core.mjs:1119:32)
    at ɵɵinject (C:\Angular project-2\codebook\node_modules\@angular\core\fesm2022\core.mjs:1125:42)
    at inject (C:\Angular project-2\codebook\node_modules\@angular\core\fesm2022\core.mjs:1211:12)
    at new AuthService (C:\Angular project-2\codebook\src\app\login\auth.service.ts:6:29)
    at Object.AuthService_Factory [as factory] (ng:///AuthService/ɵfac.js:5:10)
    at C:\Angular project-2\codebook\node_modules\@angular\core\fesm2022\core.mjs:2274:47
    at runInInjectorProfilerContext (C:\Angular project-2\codebook\node_modules\@angular\core\fesm2022\core.mjs:880:9)
    at R3Injector.hydrate (C:\Angular project-2\codebook\node_modules\@angular\core\fesm2022\core.mjs:2273:21)
    at R3Injector.get (C:\Angular project-2\codebook\node_modules\@angular\core\fesm2022\core.mjs:2141:33)
    at R3Injector.get (C:\Angular project-2\codebook\node_modules\@angular\core\fesm2022\core.mjs:2151:33)
    at ChainedInjector.get (C:\Angular project-2\codebook\node_modules\@angular\core\fesm2022\core.mjs:17238:36)
    at lookupTokenUsingModuleInjector (C:\Angular project-2\codebook\node_modules\@angular\core\fesm2022\core.mjs:5063:39)
    at getOrCreateInjectable (C:\Angular project-2\codebook\node_modules\@angular\core\fesm2022\core.mjs:5111:12)
    at ɵɵdirectiveInject (C:\Angular project-2\codebook\node_modules\@angular\core\fesm2022\core.mjs:17289:19)
    at NodeInjectorFactory.UserComponent_Factory [as factory] (ng:///UserComponent/ɵfac.js:5:57)
    at getNodeInjectable (C:\Angular project-2\codebook\node_modules\@angular\core\fesm2022\core.mjs:5323:44)
    at instantiateAllDirectives (C:\Angular project-2\codebook\node_modules\@angular\core\fesm2022\core.mjs:12562:27)
    at createDirectivesInstances (C:\Angular project-2\codebook\node_modules\@angular\core\fesm2022\core.mjs:12352:5)
    at ɵɵelementStart (C:\Angular project-2\codebook\node_modules\@angular\core\fesm2022\core.mjs:27901:9)
    at ɵɵelement (C:\Angular project-2\codebook\node_modules\@angular\core\fesm2022\core.mjs:27956:5)
    at MainDashboardComponent_Template (ng:///MainDashboardComponent.js:205:9)
    at executeTemplate (C:\Angular project-2\codebook\node_modules\@angular\core\fesm2022\core.mjs:12338:9)
    at renderView (C:\Angular project-2\codebook\node_modules\@angular\core\fesm2022\core.mjs:12844:13)
    at renderComponent (C:\Angular project-2\codebook\node_modules\@angular\core\fesm2022\core.mjs:12789:5)
    at renderChildComponents (C:\Angular project-2\codebook\node_modules\@angular\core\fesm2022\core.mjs:12892:9)
    at renderView (C:\Angular project-2\codebook\node_modules\@angular\core\fesm2022\core.mjs:12872:13)
    at ComponentFactory2.create (C:\Angular project-2\codebook\node_modules\@angular\core\fesm2022\core.mjs:17954:17)
    at initComponent (C:\Angular project-2\codebook\node_modules\@angular\core\fesm2022\testing.mjs:2053:51)
    at _ZoneDelegate.invoke (C:\Angular project-2\codebook\node_modules\zone.js\bundles\zone.umd.js:416:32)
    at ProxyZoneSpec.Object.<anonymous>.ProxyZoneSpec.onInvoke (C:\Angular project-2\codebook\node_modules\zone.js\bundles\zone-testing.umd.js:2177:43)
    at _ZoneDelegate.invoke (C:\Angular project-2\codebook\node_modules\zone.js\bundles\zone.umd.js:415:38)
    at Object.onInvoke (C:\Angular project-2\codebook\node_modules\@angular\core\fesm2022\core.mjs:6528:33)
    at _ZoneDelegate.invoke (C:\Angular project-2\codebook\node_modules\zone.js\bundles\zone.umd.js:415:38)
    at ZoneImpl.run (C:\Angular project-2\codebook\node_modules\zone.js\bundles\zone.umd.js:147:47)
    at NgZone.run (C:\Angular project-2\codebook\node_modules\@angular\core\fesm2022\core.mjs:6374:28)
    at _TestBedImpl.createComponent (C:\Angular project-2\codebook\node_modules\@angular\core\fesm2022\testing.mjs:2058:41)
    at Function.createComponent (C:\Angular project-2\codebook\node_modules\@angular\core\fesm2022\testing.mjs:1844:37)
    at C:\Angular project-2\codebook\src\app\main-dashboard\main-dashboard.component.spec.ts:102:23
    at Generator.next (<anonymous>)
    at fulfilled (C:\Angular project-2\codebook\node_modules\tslib\tslib.js:167:62)
    at _ZoneDelegate.invoke (C:\Angular project-2\codebook\node_modules\zone.js\bundles\zone.umd.js:416:32)
    at ProxyZoneSpec.Object.<anonymous>.ProxyZoneSpec.onInvoke (C:\Angular project-2\codebook\node_modules\zone.js\bundles\zone-testing.umd.js:2177:43)
    at _ZoneDelegate.invoke (C:\Angular project-2\codebook\node_modules\zone.js\bundles\zone.umd.js:415:38)
    at ZoneImpl.run (C:\Angular project-2\codebook\node_modules\zone.js\bundles\zone.umd.js:147:47)
    at C:\Angular project-2\codebook\node_modules\zone.js\bundles\zone.umd.js:2598:42
    at _ZoneDelegate.invokeTask (C:\Angular project-2\codebook\node_modules\zone.js\bundles\zone.umd.js:449:37)
    at ProxyZoneSpec.Object.<anonymous>.ProxyZoneSpec.onInvokeTask (C:\Angular project-2\codebook\node_modules\zone.js\bundles\zone-testing.umd.js:2208:43)
    at _ZoneDelegate.invokeTask (C:\Angular project-2\codebook\node_modules\zone.js\bundles\zone.umd.js:448:42)
    at ZoneImpl.runTask (C:\Angular project-2\codebook\node_modules\zone.js\bundles\zone.umd.js:196:51)
    at drainMicroTaskQueue (C:\Angular project-2\codebook\node_modules\zone.js\bundles\zone.umd.js:638:39)
    at processTicksAndRejections (node:internal/process/task_queues:105:5)]]></failure>
    </testCase>
    <testCase name="MainDashboardComponent should not render mobile menu button when isMobile is false" duration="35">
      <failure message="NullInjectorError: R3InjectorError(Standalone[MainDashboardComponent])[AuthService -&gt; AuthService -&gt; _SignalStore -&gt; _HttpClient -&gt; _HttpClient]: "><![CDATA[NullInjectorError: R3InjectorError(Standalone[MainDashboardComponent])[AuthService -> AuthService -> _SignalStore -> _HttpClient -> _HttpClient]: 
  NullInjectorError: No provider for _HttpClient!
    at NullInjector.get (C:\Angular project-2\codebook\node_modules\@angular\core\fesm2022\core.mjs:1624:27)
    at R3Injector.get (C:\Angular project-2\codebook\node_modules\@angular\core\fesm2022\core.mjs:2151:33)
    at R3Injector.get (C:\Angular project-2\codebook\node_modules\@angular\core\fesm2022\core.mjs:2151:33)
    at injectInjectorOnly (C:\Angular project-2\codebook\node_modules\@angular\core\fesm2022\core.mjs:1119:32)
    at ɵɵinject (C:\Angular project-2\codebook\node_modules\@angular\core\fesm2022\core.mjs:1125:42)
    at inject (C:\Angular project-2\codebook\node_modules\@angular\core\fesm2022\core.mjs:1211:12)
    at C:\Angular project-2\codebook\src\app\login\auth.store.ts:38:36
    at C:\Angular project-2\codebook\node_modules\@ngrx\signals\fesm2022\ngrx-signals.mjs:322:25
    at C:\Angular project-2\codebook\node_modules\@ngrx\signals\fesm2022\ngrx-signals.mjs:171:68
    at Array.reduce (<anonymous>)
    at new _SignalStore (C:\Angular project-2\codebook\node_modules\@ngrx\signals\fesm2022\ngrx-signals.mjs:171:41)
    at Object._SignalStore_Factory [as factory] (ng:///_SignalStore/ɵfac.js:5:10)
    at C:\Angular project-2\codebook\node_modules\@angular\core\fesm2022\core.mjs:2274:47
    at runInInjectorProfilerContext (C:\Angular project-2\codebook\node_modules\@angular\core\fesm2022\core.mjs:880:9)
    at R3Injector.hydrate (C:\Angular project-2\codebook\node_modules\@angular\core\fesm2022\core.mjs:2273:21)
    at R3Injector.get (C:\Angular project-2\codebook\node_modules\@angular\core\fesm2022\core.mjs:2141:33)
    at injectInjectorOnly (C:\Angular project-2\codebook\node_modules\@angular\core\fesm2022\core.mjs:1119:32)
    at ɵɵinject (C:\Angular project-2\codebook\node_modules\@angular\core\fesm2022\core.mjs:1125:42)
    at inject (C:\Angular project-2\codebook\node_modules\@angular\core\fesm2022\core.mjs:1211:12)
    at new AuthService (C:\Angular project-2\codebook\src\app\login\auth.service.ts:6:29)
    at Object.AuthService_Factory [as factory] (ng:///AuthService/ɵfac.js:5:10)
    at C:\Angular project-2\codebook\node_modules\@angular\core\fesm2022\core.mjs:2274:47
    at runInInjectorProfilerContext (C:\Angular project-2\codebook\node_modules\@angular\core\fesm2022\core.mjs:880:9)
    at R3Injector.hydrate (C:\Angular project-2\codebook\node_modules\@angular\core\fesm2022\core.mjs:2273:21)
    at R3Injector.get (C:\Angular project-2\codebook\node_modules\@angular\core\fesm2022\core.mjs:2141:33)
    at R3Injector.get (C:\Angular project-2\codebook\node_modules\@angular\core\fesm2022\core.mjs:2151:33)
    at ChainedInjector.get (C:\Angular project-2\codebook\node_modules\@angular\core\fesm2022\core.mjs:17238:36)
    at lookupTokenUsingModuleInjector (C:\Angular project-2\codebook\node_modules\@angular\core\fesm2022\core.mjs:5063:39)
    at getOrCreateInjectable (C:\Angular project-2\codebook\node_modules\@angular\core\fesm2022\core.mjs:5111:12)
    at ɵɵdirectiveInject (C:\Angular project-2\codebook\node_modules\@angular\core\fesm2022\core.mjs:17289:19)
    at NodeInjectorFactory.UserComponent_Factory [as factory] (ng:///UserComponent/ɵfac.js:5:57)
    at getNodeInjectable (C:\Angular project-2\codebook\node_modules\@angular\core\fesm2022\core.mjs:5323:44)
    at instantiateAllDirectives (C:\Angular project-2\codebook\node_modules\@angular\core\fesm2022\core.mjs:12562:27)
    at createDirectivesInstances (C:\Angular project-2\codebook\node_modules\@angular\core\fesm2022\core.mjs:12352:5)
    at ɵɵelementStart (C:\Angular project-2\codebook\node_modules\@angular\core\fesm2022\core.mjs:27901:9)
    at ɵɵelement (C:\Angular project-2\codebook\node_modules\@angular\core\fesm2022\core.mjs:27956:5)
    at MainDashboardComponent_Template (ng:///MainDashboardComponent.js:205:9)
    at executeTemplate (C:\Angular project-2\codebook\node_modules\@angular\core\fesm2022\core.mjs:12338:9)
    at renderView (C:\Angular project-2\codebook\node_modules\@angular\core\fesm2022\core.mjs:12844:13)
    at renderComponent (C:\Angular project-2\codebook\node_modules\@angular\core\fesm2022\core.mjs:12789:5)
    at renderChildComponents (C:\Angular project-2\codebook\node_modules\@angular\core\fesm2022\core.mjs:12892:9)
    at renderView (C:\Angular project-2\codebook\node_modules\@angular\core\fesm2022\core.mjs:12872:13)
    at ComponentFactory2.create (C:\Angular project-2\codebook\node_modules\@angular\core\fesm2022\core.mjs:17954:17)
    at initComponent (C:\Angular project-2\codebook\node_modules\@angular\core\fesm2022\testing.mjs:2053:51)
    at _ZoneDelegate.invoke (C:\Angular project-2\codebook\node_modules\zone.js\bundles\zone.umd.js:416:32)
    at ProxyZoneSpec.Object.<anonymous>.ProxyZoneSpec.onInvoke (C:\Angular project-2\codebook\node_modules\zone.js\bundles\zone-testing.umd.js:2177:43)
    at _ZoneDelegate.invoke (C:\Angular project-2\codebook\node_modules\zone.js\bundles\zone.umd.js:415:38)
    at Object.onInvoke (C:\Angular project-2\codebook\node_modules\@angular\core\fesm2022\core.mjs:6528:33)
    at _ZoneDelegate.invoke (C:\Angular project-2\codebook\node_modules\zone.js\bundles\zone.umd.js:415:38)
    at ZoneImpl.run (C:\Angular project-2\codebook\node_modules\zone.js\bundles\zone.umd.js:147:47)
    at NgZone.run (C:\Angular project-2\codebook\node_modules\@angular\core\fesm2022\core.mjs:6374:28)
    at _TestBedImpl.createComponent (C:\Angular project-2\codebook\node_modules\@angular\core\fesm2022\testing.mjs:2058:41)
    at Function.createComponent (C:\Angular project-2\codebook\node_modules\@angular\core\fesm2022\testing.mjs:1844:37)
    at C:\Angular project-2\codebook\src\app\main-dashboard\main-dashboard.component.spec.ts:102:23
    at Generator.next (<anonymous>)
    at fulfilled (C:\Angular project-2\codebook\node_modules\tslib\tslib.js:167:62)
    at _ZoneDelegate.invoke (C:\Angular project-2\codebook\node_modules\zone.js\bundles\zone.umd.js:416:32)
    at ProxyZoneSpec.Object.<anonymous>.ProxyZoneSpec.onInvoke (C:\Angular project-2\codebook\node_modules\zone.js\bundles\zone-testing.umd.js:2177:43)
    at _ZoneDelegate.invoke (C:\Angular project-2\codebook\node_modules\zone.js\bundles\zone.umd.js:415:38)
    at ZoneImpl.run (C:\Angular project-2\codebook\node_modules\zone.js\bundles\zone.umd.js:147:47)
    at C:\Angular project-2\codebook\node_modules\zone.js\bundles\zone.umd.js:2598:42
    at _ZoneDelegate.invokeTask (C:\Angular project-2\codebook\node_modules\zone.js\bundles\zone.umd.js:449:37)
    at ProxyZoneSpec.Object.<anonymous>.ProxyZoneSpec.onInvokeTask (C:\Angular project-2\codebook\node_modules\zone.js\bundles\zone-testing.umd.js:2208:43)
    at _ZoneDelegate.invokeTask (C:\Angular project-2\codebook\node_modules\zone.js\bundles\zone.umd.js:448:42)
    at ZoneImpl.runTask (C:\Angular project-2\codebook\node_modules\zone.js\bundles\zone.umd.js:196:51)
    at drainMicroTaskQueue (C:\Angular project-2\codebook\node_modules\zone.js\bundles\zone.umd.js:638:39)
    at processTicksAndRejections (node:internal/process/task_queues:105:5)]]></failure>
    </testCase>
    <testCase name="MainDashboardComponent should render non-mobile buttons when isMobile is false" duration="40">
      <failure message="NullInjectorError: R3InjectorError(Standalone[MainDashboardComponent])[AuthService -&gt; AuthService -&gt; _SignalStore -&gt; _HttpClient -&gt; _HttpClient]: "><![CDATA[NullInjectorError: R3InjectorError(Standalone[MainDashboardComponent])[AuthService -> AuthService -> _SignalStore -> _HttpClient -> _HttpClient]: 
  NullInjectorError: No provider for _HttpClient!
    at NullInjector.get (C:\Angular project-2\codebook\node_modules\@angular\core\fesm2022\core.mjs:1624:27)
    at R3Injector.get (C:\Angular project-2\codebook\node_modules\@angular\core\fesm2022\core.mjs:2151:33)
    at R3Injector.get (C:\Angular project-2\codebook\node_modules\@angular\core\fesm2022\core.mjs:2151:33)
    at injectInjectorOnly (C:\Angular project-2\codebook\node_modules\@angular\core\fesm2022\core.mjs:1119:32)
    at ɵɵinject (C:\Angular project-2\codebook\node_modules\@angular\core\fesm2022\core.mjs:1125:42)
    at inject (C:\Angular project-2\codebook\node_modules\@angular\core\fesm2022\core.mjs:1211:12)
    at C:\Angular project-2\codebook\src\app\login\auth.store.ts:38:36
    at C:\Angular project-2\codebook\node_modules\@ngrx\signals\fesm2022\ngrx-signals.mjs:322:25
    at C:\Angular project-2\codebook\node_modules\@ngrx\signals\fesm2022\ngrx-signals.mjs:171:68
    at Array.reduce (<anonymous>)
    at new _SignalStore (C:\Angular project-2\codebook\node_modules\@ngrx\signals\fesm2022\ngrx-signals.mjs:171:41)
    at Object._SignalStore_Factory [as factory] (ng:///_SignalStore/ɵfac.js:5:10)
    at C:\Angular project-2\codebook\node_modules\@angular\core\fesm2022\core.mjs:2274:47
    at runInInjectorProfilerContext (C:\Angular project-2\codebook\node_modules\@angular\core\fesm2022\core.mjs:880:9)
    at R3Injector.hydrate (C:\Angular project-2\codebook\node_modules\@angular\core\fesm2022\core.mjs:2273:21)
    at R3Injector.get (C:\Angular project-2\codebook\node_modules\@angular\core\fesm2022\core.mjs:2141:33)
    at injectInjectorOnly (C:\Angular project-2\codebook\node_modules\@angular\core\fesm2022\core.mjs:1119:32)
    at ɵɵinject (C:\Angular project-2\codebook\node_modules\@angular\core\fesm2022\core.mjs:1125:42)
    at inject (C:\Angular project-2\codebook\node_modules\@angular\core\fesm2022\core.mjs:1211:12)
    at new AuthService (C:\Angular project-2\codebook\src\app\login\auth.service.ts:6:29)
    at Object.AuthService_Factory [as factory] (ng:///AuthService/ɵfac.js:5:10)
    at C:\Angular project-2\codebook\node_modules\@angular\core\fesm2022\core.mjs:2274:47
    at runInInjectorProfilerContext (C:\Angular project-2\codebook\node_modules\@angular\core\fesm2022\core.mjs:880:9)
    at R3Injector.hydrate (C:\Angular project-2\codebook\node_modules\@angular\core\fesm2022\core.mjs:2273:21)
    at R3Injector.get (C:\Angular project-2\codebook\node_modules\@angular\core\fesm2022\core.mjs:2141:33)
    at R3Injector.get (C:\Angular project-2\codebook\node_modules\@angular\core\fesm2022\core.mjs:2151:33)
    at ChainedInjector.get (C:\Angular project-2\codebook\node_modules\@angular\core\fesm2022\core.mjs:17238:36)
    at lookupTokenUsingModuleInjector (C:\Angular project-2\codebook\node_modules\@angular\core\fesm2022\core.mjs:5063:39)
    at getOrCreateInjectable (C:\Angular project-2\codebook\node_modules\@angular\core\fesm2022\core.mjs:5111:12)
    at ɵɵdirectiveInject (C:\Angular project-2\codebook\node_modules\@angular\core\fesm2022\core.mjs:17289:19)
    at NodeInjectorFactory.UserComponent_Factory [as factory] (ng:///UserComponent/ɵfac.js:5:57)
    at getNodeInjectable (C:\Angular project-2\codebook\node_modules\@angular\core\fesm2022\core.mjs:5323:44)
    at instantiateAllDirectives (C:\Angular project-2\codebook\node_modules\@angular\core\fesm2022\core.mjs:12562:27)
    at createDirectivesInstances (C:\Angular project-2\codebook\node_modules\@angular\core\fesm2022\core.mjs:12352:5)
    at ɵɵelementStart (C:\Angular project-2\codebook\node_modules\@angular\core\fesm2022\core.mjs:27901:9)
    at ɵɵelement (C:\Angular project-2\codebook\node_modules\@angular\core\fesm2022\core.mjs:27956:5)
    at MainDashboardComponent_Template (ng:///MainDashboardComponent.js:205:9)
    at executeTemplate (C:\Angular project-2\codebook\node_modules\@angular\core\fesm2022\core.mjs:12338:9)
    at renderView (C:\Angular project-2\codebook\node_modules\@angular\core\fesm2022\core.mjs:12844:13)
    at renderComponent (C:\Angular project-2\codebook\node_modules\@angular\core\fesm2022\core.mjs:12789:5)
    at renderChildComponents (C:\Angular project-2\codebook\node_modules\@angular\core\fesm2022\core.mjs:12892:9)
    at renderView (C:\Angular project-2\codebook\node_modules\@angular\core\fesm2022\core.mjs:12872:13)
    at ComponentFactory2.create (C:\Angular project-2\codebook\node_modules\@angular\core\fesm2022\core.mjs:17954:17)
    at initComponent (C:\Angular project-2\codebook\node_modules\@angular\core\fesm2022\testing.mjs:2053:51)
    at _ZoneDelegate.invoke (C:\Angular project-2\codebook\node_modules\zone.js\bundles\zone.umd.js:416:32)
    at ProxyZoneSpec.Object.<anonymous>.ProxyZoneSpec.onInvoke (C:\Angular project-2\codebook\node_modules\zone.js\bundles\zone-testing.umd.js:2177:43)
    at _ZoneDelegate.invoke (C:\Angular project-2\codebook\node_modules\zone.js\bundles\zone.umd.js:415:38)
    at Object.onInvoke (C:\Angular project-2\codebook\node_modules\@angular\core\fesm2022\core.mjs:6528:33)
    at _ZoneDelegate.invoke (C:\Angular project-2\codebook\node_modules\zone.js\bundles\zone.umd.js:415:38)
    at ZoneImpl.run (C:\Angular project-2\codebook\node_modules\zone.js\bundles\zone.umd.js:147:47)
    at NgZone.run (C:\Angular project-2\codebook\node_modules\@angular\core\fesm2022\core.mjs:6374:28)
    at _TestBedImpl.createComponent (C:\Angular project-2\codebook\node_modules\@angular\core\fesm2022\testing.mjs:2058:41)
    at Function.createComponent (C:\Angular project-2\codebook\node_modules\@angular\core\fesm2022\testing.mjs:1844:37)
    at C:\Angular project-2\codebook\src\app\main-dashboard\main-dashboard.component.spec.ts:102:23
    at Generator.next (<anonymous>)
    at fulfilled (C:\Angular project-2\codebook\node_modules\tslib\tslib.js:167:62)
    at _ZoneDelegate.invoke (C:\Angular project-2\codebook\node_modules\zone.js\bundles\zone.umd.js:416:32)
    at ProxyZoneSpec.Object.<anonymous>.ProxyZoneSpec.onInvoke (C:\Angular project-2\codebook\node_modules\zone.js\bundles\zone-testing.umd.js:2177:43)
    at _ZoneDelegate.invoke (C:\Angular project-2\codebook\node_modules\zone.js\bundles\zone.umd.js:415:38)
    at ZoneImpl.run (C:\Angular project-2\codebook\node_modules\zone.js\bundles\zone.umd.js:147:47)
    at C:\Angular project-2\codebook\node_modules\zone.js\bundles\zone.umd.js:2598:42
    at _ZoneDelegate.invokeTask (C:\Angular project-2\codebook\node_modules\zone.js\bundles\zone.umd.js:449:37)
    at ProxyZoneSpec.Object.<anonymous>.ProxyZoneSpec.onInvokeTask (C:\Angular project-2\codebook\node_modules\zone.js\bundles\zone-testing.umd.js:2208:43)
    at _ZoneDelegate.invokeTask (C:\Angular project-2\codebook\node_modules\zone.js\bundles\zone.umd.js:448:42)
    at ZoneImpl.runTask (C:\Angular project-2\codebook\node_modules\zone.js\bundles\zone.umd.js:196:51)
    at drainMicroTaskQueue (C:\Angular project-2\codebook\node_modules\zone.js\bundles\zone.umd.js:638:39)
    at processTicksAndRejections (node:internal/process/task_queues:105:5)]]></failure>
    </testCase>
    <testCase name="MainDashboardComponent should render sidenav with correct attributes for non-mobile collapsed" duration="27">
      <failure message="NullInjectorError: R3InjectorError(Standalone[MainDashboardComponent])[AuthService -&gt; AuthService -&gt; _SignalStore -&gt; _HttpClient -&gt; _HttpClient]: "><![CDATA[NullInjectorError: R3InjectorError(Standalone[MainDashboardComponent])[AuthService -> AuthService -> _SignalStore -> _HttpClient -> _HttpClient]: 
  NullInjectorError: No provider for _HttpClient!
    at NullInjector.get (C:\Angular project-2\codebook\node_modules\@angular\core\fesm2022\core.mjs:1624:27)
    at R3Injector.get (C:\Angular project-2\codebook\node_modules\@angular\core\fesm2022\core.mjs:2151:33)
    at R3Injector.get (C:\Angular project-2\codebook\node_modules\@angular\core\fesm2022\core.mjs:2151:33)
    at injectInjectorOnly (C:\Angular project-2\codebook\node_modules\@angular\core\fesm2022\core.mjs:1119:32)
    at ɵɵinject (C:\Angular project-2\codebook\node_modules\@angular\core\fesm2022\core.mjs:1125:42)
    at inject (C:\Angular project-2\codebook\node_modules\@angular\core\fesm2022\core.mjs:1211:12)
    at C:\Angular project-2\codebook\src\app\login\auth.store.ts:38:36
    at C:\Angular project-2\codebook\node_modules\@ngrx\signals\fesm2022\ngrx-signals.mjs:322:25
    at C:\Angular project-2\codebook\node_modules\@ngrx\signals\fesm2022\ngrx-signals.mjs:171:68
    at Array.reduce (<anonymous>)
    at new _SignalStore (C:\Angular project-2\codebook\node_modules\@ngrx\signals\fesm2022\ngrx-signals.mjs:171:41)
    at Object._SignalStore_Factory [as factory] (ng:///_SignalStore/ɵfac.js:5:10)
    at C:\Angular project-2\codebook\node_modules\@angular\core\fesm2022\core.mjs:2274:47
    at runInInjectorProfilerContext (C:\Angular project-2\codebook\node_modules\@angular\core\fesm2022\core.mjs:880:9)
    at R3Injector.hydrate (C:\Angular project-2\codebook\node_modules\@angular\core\fesm2022\core.mjs:2273:21)
    at R3Injector.get (C:\Angular project-2\codebook\node_modules\@angular\core\fesm2022\core.mjs:2141:33)
    at injectInjectorOnly (C:\Angular project-2\codebook\node_modules\@angular\core\fesm2022\core.mjs:1119:32)
    at ɵɵinject (C:\Angular project-2\codebook\node_modules\@angular\core\fesm2022\core.mjs:1125:42)
    at inject (C:\Angular project-2\codebook\node_modules\@angular\core\fesm2022\core.mjs:1211:12)
    at new AuthService (C:\Angular project-2\codebook\src\app\login\auth.service.ts:6:29)
    at Object.AuthService_Factory [as factory] (ng:///AuthService/ɵfac.js:5:10)
    at C:\Angular project-2\codebook\node_modules\@angular\core\fesm2022\core.mjs:2274:47
    at runInInjectorProfilerContext (C:\Angular project-2\codebook\node_modules\@angular\core\fesm2022\core.mjs:880:9)
    at R3Injector.hydrate (C:\Angular project-2\codebook\node_modules\@angular\core\fesm2022\core.mjs:2273:21)
    at R3Injector.get (C:\Angular project-2\codebook\node_modules\@angular\core\fesm2022\core.mjs:2141:33)
    at R3Injector.get (C:\Angular project-2\codebook\node_modules\@angular\core\fesm2022\core.mjs:2151:33)
    at ChainedInjector.get (C:\Angular project-2\codebook\node_modules\@angular\core\fesm2022\core.mjs:17238:36)
    at lookupTokenUsingModuleInjector (C:\Angular project-2\codebook\node_modules\@angular\core\fesm2022\core.mjs:5063:39)
    at getOrCreateInjectable (C:\Angular project-2\codebook\node_modules\@angular\core\fesm2022\core.mjs:5111:12)
    at ɵɵdirectiveInject (C:\Angular project-2\codebook\node_modules\@angular\core\fesm2022\core.mjs:17289:19)
    at NodeInjectorFactory.UserComponent_Factory [as factory] (ng:///UserComponent/ɵfac.js:5:57)
    at getNodeInjectable (C:\Angular project-2\codebook\node_modules\@angular\core\fesm2022\core.mjs:5323:44)
    at instantiateAllDirectives (C:\Angular project-2\codebook\node_modules\@angular\core\fesm2022\core.mjs:12562:27)
    at createDirectivesInstances (C:\Angular project-2\codebook\node_modules\@angular\core\fesm2022\core.mjs:12352:5)
    at ɵɵelementStart (C:\Angular project-2\codebook\node_modules\@angular\core\fesm2022\core.mjs:27901:9)
    at ɵɵelement (C:\Angular project-2\codebook\node_modules\@angular\core\fesm2022\core.mjs:27956:5)
    at MainDashboardComponent_Template (ng:///MainDashboardComponent.js:205:9)
    at executeTemplate (C:\Angular project-2\codebook\node_modules\@angular\core\fesm2022\core.mjs:12338:9)
    at renderView (C:\Angular project-2\codebook\node_modules\@angular\core\fesm2022\core.mjs:12844:13)
    at renderComponent (C:\Angular project-2\codebook\node_modules\@angular\core\fesm2022\core.mjs:12789:5)
    at renderChildComponents (C:\Angular project-2\codebook\node_modules\@angular\core\fesm2022\core.mjs:12892:9)
    at renderView (C:\Angular project-2\codebook\node_modules\@angular\core\fesm2022\core.mjs:12872:13)
    at ComponentFactory2.create (C:\Angular project-2\codebook\node_modules\@angular\core\fesm2022\core.mjs:17954:17)
    at initComponent (C:\Angular project-2\codebook\node_modules\@angular\core\fesm2022\testing.mjs:2053:51)
    at _ZoneDelegate.invoke (C:\Angular project-2\codebook\node_modules\zone.js\bundles\zone.umd.js:416:32)
    at ProxyZoneSpec.Object.<anonymous>.ProxyZoneSpec.onInvoke (C:\Angular project-2\codebook\node_modules\zone.js\bundles\zone-testing.umd.js:2177:43)
    at _ZoneDelegate.invoke (C:\Angular project-2\codebook\node_modules\zone.js\bundles\zone.umd.js:415:38)
    at Object.onInvoke (C:\Angular project-2\codebook\node_modules\@angular\core\fesm2022\core.mjs:6528:33)
    at _ZoneDelegate.invoke (C:\Angular project-2\codebook\node_modules\zone.js\bundles\zone.umd.js:415:38)
    at ZoneImpl.run (C:\Angular project-2\codebook\node_modules\zone.js\bundles\zone.umd.js:147:47)
    at NgZone.run (C:\Angular project-2\codebook\node_modules\@angular\core\fesm2022\core.mjs:6374:28)
    at _TestBedImpl.createComponent (C:\Angular project-2\codebook\node_modules\@angular\core\fesm2022\testing.mjs:2058:41)
    at Function.createComponent (C:\Angular project-2\codebook\node_modules\@angular\core\fesm2022\testing.mjs:1844:37)
    at C:\Angular project-2\codebook\src\app\main-dashboard\main-dashboard.component.spec.ts:102:23
    at Generator.next (<anonymous>)
    at fulfilled (C:\Angular project-2\codebook\node_modules\tslib\tslib.js:167:62)
    at _ZoneDelegate.invoke (C:\Angular project-2\codebook\node_modules\zone.js\bundles\zone.umd.js:416:32)
    at ProxyZoneSpec.Object.<anonymous>.ProxyZoneSpec.onInvoke (C:\Angular project-2\codebook\node_modules\zone.js\bundles\zone-testing.umd.js:2177:43)
    at _ZoneDelegate.invoke (C:\Angular project-2\codebook\node_modules\zone.js\bundles\zone.umd.js:415:38)
    at ZoneImpl.run (C:\Angular project-2\codebook\node_modules\zone.js\bundles\zone.umd.js:147:47)
    at C:\Angular project-2\codebook\node_modules\zone.js\bundles\zone.umd.js:2598:42
    at _ZoneDelegate.invokeTask (C:\Angular project-2\codebook\node_modules\zone.js\bundles\zone.umd.js:449:37)
    at ProxyZoneSpec.Object.<anonymous>.ProxyZoneSpec.onInvokeTask (C:\Angular project-2\codebook\node_modules\zone.js\bundles\zone-testing.umd.js:2208:43)
    at _ZoneDelegate.invokeTask (C:\Angular project-2\codebook\node_modules\zone.js\bundles\zone.umd.js:448:42)
    at ZoneImpl.runTask (C:\Angular project-2\codebook\node_modules\zone.js\bundles\zone.umd.js:196:51)
    at drainMicroTaskQueue (C:\Angular project-2\codebook\node_modules\zone.js\bundles\zone.umd.js:638:39)
    at processTicksAndRejections (node:internal/process/task_queues:105:5)]]></failure>
    </testCase>
    <testCase name="MainDashboardComponent should render sidenav with correct attributes for mobile collapsed" duration="34">
      <failure message="NullInjectorError: R3InjectorError(Standalone[MainDashboardComponent])[AuthService -&gt; AuthService -&gt; _SignalStore -&gt; _HttpClient -&gt; _HttpClient]: "><![CDATA[NullInjectorError: R3InjectorError(Standalone[MainDashboardComponent])[AuthService -> AuthService -> _SignalStore -> _HttpClient -> _HttpClient]: 
  NullInjectorError: No provider for _HttpClient!
    at NullInjector.get (C:\Angular project-2\codebook\node_modules\@angular\core\fesm2022\core.mjs:1624:27)
    at R3Injector.get (C:\Angular project-2\codebook\node_modules\@angular\core\fesm2022\core.mjs:2151:33)
    at R3Injector.get (C:\Angular project-2\codebook\node_modules\@angular\core\fesm2022\core.mjs:2151:33)
    at injectInjectorOnly (C:\Angular project-2\codebook\node_modules\@angular\core\fesm2022\core.mjs:1119:32)
    at ɵɵinject (C:\Angular project-2\codebook\node_modules\@angular\core\fesm2022\core.mjs:1125:42)
    at inject (C:\Angular project-2\codebook\node_modules\@angular\core\fesm2022\core.mjs:1211:12)
    at C:\Angular project-2\codebook\src\app\login\auth.store.ts:38:36
    at C:\Angular project-2\codebook\node_modules\@ngrx\signals\fesm2022\ngrx-signals.mjs:322:25
    at C:\Angular project-2\codebook\node_modules\@ngrx\signals\fesm2022\ngrx-signals.mjs:171:68
    at Array.reduce (<anonymous>)
    at new _SignalStore (C:\Angular project-2\codebook\node_modules\@ngrx\signals\fesm2022\ngrx-signals.mjs:171:41)
    at Object._SignalStore_Factory [as factory] (ng:///_SignalStore/ɵfac.js:5:10)
    at C:\Angular project-2\codebook\node_modules\@angular\core\fesm2022\core.mjs:2274:47
    at runInInjectorProfilerContext (C:\Angular project-2\codebook\node_modules\@angular\core\fesm2022\core.mjs:880:9)
    at R3Injector.hydrate (C:\Angular project-2\codebook\node_modules\@angular\core\fesm2022\core.mjs:2273:21)
    at R3Injector.get (C:\Angular project-2\codebook\node_modules\@angular\core\fesm2022\core.mjs:2141:33)
    at injectInjectorOnly (C:\Angular project-2\codebook\node_modules\@angular\core\fesm2022\core.mjs:1119:32)
    at ɵɵinject (C:\Angular project-2\codebook\node_modules\@angular\core\fesm2022\core.mjs:1125:42)
    at inject (C:\Angular project-2\codebook\node_modules\@angular\core\fesm2022\core.mjs:1211:12)
    at new AuthService (C:\Angular project-2\codebook\src\app\login\auth.service.ts:6:29)
    at Object.AuthService_Factory [as factory] (ng:///AuthService/ɵfac.js:5:10)
    at C:\Angular project-2\codebook\node_modules\@angular\core\fesm2022\core.mjs:2274:47
    at runInInjectorProfilerContext (C:\Angular project-2\codebook\node_modules\@angular\core\fesm2022\core.mjs:880:9)
    at R3Injector.hydrate (C:\Angular project-2\codebook\node_modules\@angular\core\fesm2022\core.mjs:2273:21)
    at R3Injector.get (C:\Angular project-2\codebook\node_modules\@angular\core\fesm2022\core.mjs:2141:33)
    at R3Injector.get (C:\Angular project-2\codebook\node_modules\@angular\core\fesm2022\core.mjs:2151:33)
    at ChainedInjector.get (C:\Angular project-2\codebook\node_modules\@angular\core\fesm2022\core.mjs:17238:36)
    at lookupTokenUsingModuleInjector (C:\Angular project-2\codebook\node_modules\@angular\core\fesm2022\core.mjs:5063:39)
    at getOrCreateInjectable (C:\Angular project-2\codebook\node_modules\@angular\core\fesm2022\core.mjs:5111:12)
    at ɵɵdirectiveInject (C:\Angular project-2\codebook\node_modules\@angular\core\fesm2022\core.mjs:17289:19)
    at NodeInjectorFactory.UserComponent_Factory [as factory] (ng:///UserComponent/ɵfac.js:5:57)
    at getNodeInjectable (C:\Angular project-2\codebook\node_modules\@angular\core\fesm2022\core.mjs:5323:44)
    at instantiateAllDirectives (C:\Angular project-2\codebook\node_modules\@angular\core\fesm2022\core.mjs:12562:27)
    at createDirectivesInstances (C:\Angular project-2\codebook\node_modules\@angular\core\fesm2022\core.mjs:12352:5)
    at ɵɵelementStart (C:\Angular project-2\codebook\node_modules\@angular\core\fesm2022\core.mjs:27901:9)
    at ɵɵelement (C:\Angular project-2\codebook\node_modules\@angular\core\fesm2022\core.mjs:27956:5)
    at MainDashboardComponent_Template (ng:///MainDashboardComponent.js:205:9)
    at executeTemplate (C:\Angular project-2\codebook\node_modules\@angular\core\fesm2022\core.mjs:12338:9)
    at renderView (C:\Angular project-2\codebook\node_modules\@angular\core\fesm2022\core.mjs:12844:13)
    at renderComponent (C:\Angular project-2\codebook\node_modules\@angular\core\fesm2022\core.mjs:12789:5)
    at renderChildComponents (C:\Angular project-2\codebook\node_modules\@angular\core\fesm2022\core.mjs:12892:9)
    at renderView (C:\Angular project-2\codebook\node_modules\@angular\core\fesm2022\core.mjs:12872:13)
    at ComponentFactory2.create (C:\Angular project-2\codebook\node_modules\@angular\core\fesm2022\core.mjs:17954:17)
    at initComponent (C:\Angular project-2\codebook\node_modules\@angular\core\fesm2022\testing.mjs:2053:51)
    at _ZoneDelegate.invoke (C:\Angular project-2\codebook\node_modules\zone.js\bundles\zone.umd.js:416:32)
    at ProxyZoneSpec.Object.<anonymous>.ProxyZoneSpec.onInvoke (C:\Angular project-2\codebook\node_modules\zone.js\bundles\zone-testing.umd.js:2177:43)
    at _ZoneDelegate.invoke (C:\Angular project-2\codebook\node_modules\zone.js\bundles\zone.umd.js:415:38)
    at Object.onInvoke (C:\Angular project-2\codebook\node_modules\@angular\core\fesm2022\core.mjs:6528:33)
    at _ZoneDelegate.invoke (C:\Angular project-2\codebook\node_modules\zone.js\bundles\zone.umd.js:415:38)
    at ZoneImpl.run (C:\Angular project-2\codebook\node_modules\zone.js\bundles\zone.umd.js:147:47)
    at NgZone.run (C:\Angular project-2\codebook\node_modules\@angular\core\fesm2022\core.mjs:6374:28)
    at _TestBedImpl.createComponent (C:\Angular project-2\codebook\node_modules\@angular\core\fesm2022\testing.mjs:2058:41)
    at Function.createComponent (C:\Angular project-2\codebook\node_modules\@angular\core\fesm2022\testing.mjs:1844:37)
    at C:\Angular project-2\codebook\src\app\main-dashboard\main-dashboard.component.spec.ts:102:23
    at Generator.next (<anonymous>)
    at fulfilled (C:\Angular project-2\codebook\node_modules\tslib\tslib.js:167:62)
    at _ZoneDelegate.invoke (C:\Angular project-2\codebook\node_modules\zone.js\bundles\zone.umd.js:416:32)
    at ProxyZoneSpec.Object.<anonymous>.ProxyZoneSpec.onInvoke (C:\Angular project-2\codebook\node_modules\zone.js\bundles\zone-testing.umd.js:2177:43)
    at _ZoneDelegate.invoke (C:\Angular project-2\codebook\node_modules\zone.js\bundles\zone.umd.js:415:38)
    at ZoneImpl.run (C:\Angular project-2\codebook\node_modules\zone.js\bundles\zone.umd.js:147:47)
    at C:\Angular project-2\codebook\node_modules\zone.js\bundles\zone.umd.js:2598:42
    at _ZoneDelegate.invokeTask (C:\Angular project-2\codebook\node_modules\zone.js\bundles\zone.umd.js:449:37)
    at ProxyZoneSpec.Object.<anonymous>.ProxyZoneSpec.onInvokeTask (C:\Angular project-2\codebook\node_modules\zone.js\bundles\zone-testing.umd.js:2208:43)
    at _ZoneDelegate.invokeTask (C:\Angular project-2\codebook\node_modules\zone.js\bundles\zone.umd.js:448:42)
    at ZoneImpl.runTask (C:\Angular project-2\codebook\node_modules\zone.js\bundles\zone.umd.js:196:51)
    at drainMicroTaskQueue (C:\Angular project-2\codebook\node_modules\zone.js\bundles\zone.umd.js:638:39)
    at processTicksAndRejections (node:internal/process/task_queues:105:5)]]></failure>
    </testCase>
    <testCase name="MainDashboardComponent should render sidenav content with correct margin for non-mobile" duration="32">
      <failure message="NullInjectorError: R3InjectorError(Standalone[MainDashboardComponent])[AuthService -&gt; AuthService -&gt; _SignalStore -&gt; _HttpClient -&gt; _HttpClient]: "><![CDATA[NullInjectorError: R3InjectorError(Standalone[MainDashboardComponent])[AuthService -> AuthService -> _SignalStore -> _HttpClient -> _HttpClient]: 
  NullInjectorError: No provider for _HttpClient!
    at NullInjector.get (C:\Angular project-2\codebook\node_modules\@angular\core\fesm2022\core.mjs:1624:27)
    at R3Injector.get (C:\Angular project-2\codebook\node_modules\@angular\core\fesm2022\core.mjs:2151:33)
    at R3Injector.get (C:\Angular project-2\codebook\node_modules\@angular\core\fesm2022\core.mjs:2151:33)
    at injectInjectorOnly (C:\Angular project-2\codebook\node_modules\@angular\core\fesm2022\core.mjs:1119:32)
    at ɵɵinject (C:\Angular project-2\codebook\node_modules\@angular\core\fesm2022\core.mjs:1125:42)
    at inject (C:\Angular project-2\codebook\node_modules\@angular\core\fesm2022\core.mjs:1211:12)
    at C:\Angular project-2\codebook\src\app\login\auth.store.ts:38:36
    at C:\Angular project-2\codebook\node_modules\@ngrx\signals\fesm2022\ngrx-signals.mjs:322:25
    at C:\Angular project-2\codebook\node_modules\@ngrx\signals\fesm2022\ngrx-signals.mjs:171:68
    at Array.reduce (<anonymous>)
    at new _SignalStore (C:\Angular project-2\codebook\node_modules\@ngrx\signals\fesm2022\ngrx-signals.mjs:171:41)
    at Object._SignalStore_Factory [as factory] (ng:///_SignalStore/ɵfac.js:5:10)
    at C:\Angular project-2\codebook\node_modules\@angular\core\fesm2022\core.mjs:2274:47
    at runInInjectorProfilerContext (C:\Angular project-2\codebook\node_modules\@angular\core\fesm2022\core.mjs:880:9)
    at R3Injector.hydrate (C:\Angular project-2\codebook\node_modules\@angular\core\fesm2022\core.mjs:2273:21)
    at R3Injector.get (C:\Angular project-2\codebook\node_modules\@angular\core\fesm2022\core.mjs:2141:33)
    at injectInjectorOnly (C:\Angular project-2\codebook\node_modules\@angular\core\fesm2022\core.mjs:1119:32)
    at ɵɵinject (C:\Angular project-2\codebook\node_modules\@angular\core\fesm2022\core.mjs:1125:42)
    at inject (C:\Angular project-2\codebook\node_modules\@angular\core\fesm2022\core.mjs:1211:12)
    at new AuthService (C:\Angular project-2\codebook\src\app\login\auth.service.ts:6:29)
    at Object.AuthService_Factory [as factory] (ng:///AuthService/ɵfac.js:5:10)
    at C:\Angular project-2\codebook\node_modules\@angular\core\fesm2022\core.mjs:2274:47
    at runInInjectorProfilerContext (C:\Angular project-2\codebook\node_modules\@angular\core\fesm2022\core.mjs:880:9)
    at R3Injector.hydrate (C:\Angular project-2\codebook\node_modules\@angular\core\fesm2022\core.mjs:2273:21)
    at R3Injector.get (C:\Angular project-2\codebook\node_modules\@angular\core\fesm2022\core.mjs:2141:33)
    at R3Injector.get (C:\Angular project-2\codebook\node_modules\@angular\core\fesm2022\core.mjs:2151:33)
    at ChainedInjector.get (C:\Angular project-2\codebook\node_modules\@angular\core\fesm2022\core.mjs:17238:36)
    at lookupTokenUsingModuleInjector (C:\Angular project-2\codebook\node_modules\@angular\core\fesm2022\core.mjs:5063:39)
    at getOrCreateInjectable (C:\Angular project-2\codebook\node_modules\@angular\core\fesm2022\core.mjs:5111:12)
    at ɵɵdirectiveInject (C:\Angular project-2\codebook\node_modules\@angular\core\fesm2022\core.mjs:17289:19)
    at NodeInjectorFactory.UserComponent_Factory [as factory] (ng:///UserComponent/ɵfac.js:5:57)
    at getNodeInjectable (C:\Angular project-2\codebook\node_modules\@angular\core\fesm2022\core.mjs:5323:44)
    at instantiateAllDirectives (C:\Angular project-2\codebook\node_modules\@angular\core\fesm2022\core.mjs:12562:27)
    at createDirectivesInstances (C:\Angular project-2\codebook\node_modules\@angular\core\fesm2022\core.mjs:12352:5)
    at ɵɵelementStart (C:\Angular project-2\codebook\node_modules\@angular\core\fesm2022\core.mjs:27901:9)
    at ɵɵelement (C:\Angular project-2\codebook\node_modules\@angular\core\fesm2022\core.mjs:27956:5)
    at MainDashboardComponent_Template (ng:///MainDashboardComponent.js:205:9)
    at executeTemplate (C:\Angular project-2\codebook\node_modules\@angular\core\fesm2022\core.mjs:12338:9)
    at renderView (C:\Angular project-2\codebook\node_modules\@angular\core\fesm2022\core.mjs:12844:13)
    at renderComponent (C:\Angular project-2\codebook\node_modules\@angular\core\fesm2022\core.mjs:12789:5)
    at renderChildComponents (C:\Angular project-2\codebook\node_modules\@angular\core\fesm2022\core.mjs:12892:9)
    at renderView (C:\Angular project-2\codebook\node_modules\@angular\core\fesm2022\core.mjs:12872:13)
    at ComponentFactory2.create (C:\Angular project-2\codebook\node_modules\@angular\core\fesm2022\core.mjs:17954:17)
    at initComponent (C:\Angular project-2\codebook\node_modules\@angular\core\fesm2022\testing.mjs:2053:51)
    at _ZoneDelegate.invoke (C:\Angular project-2\codebook\node_modules\zone.js\bundles\zone.umd.js:416:32)
    at ProxyZoneSpec.Object.<anonymous>.ProxyZoneSpec.onInvoke (C:\Angular project-2\codebook\node_modules\zone.js\bundles\zone-testing.umd.js:2177:43)
    at _ZoneDelegate.invoke (C:\Angular project-2\codebook\node_modules\zone.js\bundles\zone.umd.js:415:38)
    at Object.onInvoke (C:\Angular project-2\codebook\node_modules\@angular\core\fesm2022\core.mjs:6528:33)
    at _ZoneDelegate.invoke (C:\Angular project-2\codebook\node_modules\zone.js\bundles\zone.umd.js:415:38)
    at ZoneImpl.run (C:\Angular project-2\codebook\node_modules\zone.js\bundles\zone.umd.js:147:47)
    at NgZone.run (C:\Angular project-2\codebook\node_modules\@angular\core\fesm2022\core.mjs:6374:28)
    at _TestBedImpl.createComponent (C:\Angular project-2\codebook\node_modules\@angular\core\fesm2022\testing.mjs:2058:41)
    at Function.createComponent (C:\Angular project-2\codebook\node_modules\@angular\core\fesm2022\testing.mjs:1844:37)
    at C:\Angular project-2\codebook\src\app\main-dashboard\main-dashboard.component.spec.ts:102:23
    at Generator.next (<anonymous>)
    at fulfilled (C:\Angular project-2\codebook\node_modules\tslib\tslib.js:167:62)
    at _ZoneDelegate.invoke (C:\Angular project-2\codebook\node_modules\zone.js\bundles\zone.umd.js:416:32)
    at ProxyZoneSpec.Object.<anonymous>.ProxyZoneSpec.onInvoke (C:\Angular project-2\codebook\node_modules\zone.js\bundles\zone-testing.umd.js:2177:43)
    at _ZoneDelegate.invoke (C:\Angular project-2\codebook\node_modules\zone.js\bundles\zone.umd.js:415:38)
    at ZoneImpl.run (C:\Angular project-2\codebook\node_modules\zone.js\bundles\zone.umd.js:147:47)
    at C:\Angular project-2\codebook\node_modules\zone.js\bundles\zone.umd.js:2598:42
    at _ZoneDelegate.invokeTask (C:\Angular project-2\codebook\node_modules\zone.js\bundles\zone.umd.js:449:37)
    at ProxyZoneSpec.Object.<anonymous>.ProxyZoneSpec.onInvokeTask (C:\Angular project-2\codebook\node_modules\zone.js\bundles\zone-testing.umd.js:2208:43)
    at _ZoneDelegate.invokeTask (C:\Angular project-2\codebook\node_modules\zone.js\bundles\zone.umd.js:448:42)
    at ZoneImpl.runTask (C:\Angular project-2\codebook\node_modules\zone.js\bundles\zone.umd.js:196:51)
    at drainMicroTaskQueue (C:\Angular project-2\codebook\node_modules\zone.js\bundles\zone.umd.js:638:39)
    at processTicksAndRejections (node:internal/process/task_queues:105:5)]]></failure>
    </testCase>
    <testCase name="MainDashboardComponent should render sidenav content with correct margin for mobile" duration="22">
      <failure message="NullInjectorError: R3InjectorError(Standalone[MainDashboardComponent])[AuthService -&gt; AuthService -&gt; _SignalStore -&gt; _HttpClient -&gt; _HttpClient]: "><![CDATA[NullInjectorError: R3InjectorError(Standalone[MainDashboardComponent])[AuthService -> AuthService -> _SignalStore -> _HttpClient -> _HttpClient]: 
  NullInjectorError: No provider for _HttpClient!
    at NullInjector.get (C:\Angular project-2\codebook\node_modules\@angular\core\fesm2022\core.mjs:1624:27)
    at R3Injector.get (C:\Angular project-2\codebook\node_modules\@angular\core\fesm2022\core.mjs:2151:33)
    at R3Injector.get (C:\Angular project-2\codebook\node_modules\@angular\core\fesm2022\core.mjs:2151:33)
    at injectInjectorOnly (C:\Angular project-2\codebook\node_modules\@angular\core\fesm2022\core.mjs:1119:32)
    at ɵɵinject (C:\Angular project-2\codebook\node_modules\@angular\core\fesm2022\core.mjs:1125:42)
    at inject (C:\Angular project-2\codebook\node_modules\@angular\core\fesm2022\core.mjs:1211:12)
    at C:\Angular project-2\codebook\src\app\login\auth.store.ts:38:36
    at C:\Angular project-2\codebook\node_modules\@ngrx\signals\fesm2022\ngrx-signals.mjs:322:25
    at C:\Angular project-2\codebook\node_modules\@ngrx\signals\fesm2022\ngrx-signals.mjs:171:68
    at Array.reduce (<anonymous>)
    at new _SignalStore (C:\Angular project-2\codebook\node_modules\@ngrx\signals\fesm2022\ngrx-signals.mjs:171:41)
    at Object._SignalStore_Factory [as factory] (ng:///_SignalStore/ɵfac.js:5:10)
    at C:\Angular project-2\codebook\node_modules\@angular\core\fesm2022\core.mjs:2274:47
    at runInInjectorProfilerContext (C:\Angular project-2\codebook\node_modules\@angular\core\fesm2022\core.mjs:880:9)
    at R3Injector.hydrate (C:\Angular project-2\codebook\node_modules\@angular\core\fesm2022\core.mjs:2273:21)
    at R3Injector.get (C:\Angular project-2\codebook\node_modules\@angular\core\fesm2022\core.mjs:2141:33)
    at injectInjectorOnly (C:\Angular project-2\codebook\node_modules\@angular\core\fesm2022\core.mjs:1119:32)
    at ɵɵinject (C:\Angular project-2\codebook\node_modules\@angular\core\fesm2022\core.mjs:1125:42)
    at inject (C:\Angular project-2\codebook\node_modules\@angular\core\fesm2022\core.mjs:1211:12)
    at new AuthService (C:\Angular project-2\codebook\src\app\login\auth.service.ts:6:29)
    at Object.AuthService_Factory [as factory] (ng:///AuthService/ɵfac.js:5:10)
    at C:\Angular project-2\codebook\node_modules\@angular\core\fesm2022\core.mjs:2274:47
    at runInInjectorProfilerContext (C:\Angular project-2\codebook\node_modules\@angular\core\fesm2022\core.mjs:880:9)
    at R3Injector.hydrate (C:\Angular project-2\codebook\node_modules\@angular\core\fesm2022\core.mjs:2273:21)
    at R3Injector.get (C:\Angular project-2\codebook\node_modules\@angular\core\fesm2022\core.mjs:2141:33)
    at R3Injector.get (C:\Angular project-2\codebook\node_modules\@angular\core\fesm2022\core.mjs:2151:33)
    at ChainedInjector.get (C:\Angular project-2\codebook\node_modules\@angular\core\fesm2022\core.mjs:17238:36)
    at lookupTokenUsingModuleInjector (C:\Angular project-2\codebook\node_modules\@angular\core\fesm2022\core.mjs:5063:39)
    at getOrCreateInjectable (C:\Angular project-2\codebook\node_modules\@angular\core\fesm2022\core.mjs:5111:12)
    at ɵɵdirectiveInject (C:\Angular project-2\codebook\node_modules\@angular\core\fesm2022\core.mjs:17289:19)
    at NodeInjectorFactory.UserComponent_Factory [as factory] (ng:///UserComponent/ɵfac.js:5:57)
    at getNodeInjectable (C:\Angular project-2\codebook\node_modules\@angular\core\fesm2022\core.mjs:5323:44)
    at instantiateAllDirectives (C:\Angular project-2\codebook\node_modules\@angular\core\fesm2022\core.mjs:12562:27)
    at createDirectivesInstances (C:\Angular project-2\codebook\node_modules\@angular\core\fesm2022\core.mjs:12352:5)
    at ɵɵelementStart (C:\Angular project-2\codebook\node_modules\@angular\core\fesm2022\core.mjs:27901:9)
    at ɵɵelement (C:\Angular project-2\codebook\node_modules\@angular\core\fesm2022\core.mjs:27956:5)
    at MainDashboardComponent_Template (ng:///MainDashboardComponent.js:205:9)
    at executeTemplate (C:\Angular project-2\codebook\node_modules\@angular\core\fesm2022\core.mjs:12338:9)
    at renderView (C:\Angular project-2\codebook\node_modules\@angular\core\fesm2022\core.mjs:12844:13)
    at renderComponent (C:\Angular project-2\codebook\node_modules\@angular\core\fesm2022\core.mjs:12789:5)
    at renderChildComponents (C:\Angular project-2\codebook\node_modules\@angular\core\fesm2022\core.mjs:12892:9)
    at renderView (C:\Angular project-2\codebook\node_modules\@angular\core\fesm2022\core.mjs:12872:13)
    at ComponentFactory2.create (C:\Angular project-2\codebook\node_modules\@angular\core\fesm2022\core.mjs:17954:17)
    at initComponent (C:\Angular project-2\codebook\node_modules\@angular\core\fesm2022\testing.mjs:2053:51)
    at _ZoneDelegate.invoke (C:\Angular project-2\codebook\node_modules\zone.js\bundles\zone.umd.js:416:32)
    at ProxyZoneSpec.Object.<anonymous>.ProxyZoneSpec.onInvoke (C:\Angular project-2\codebook\node_modules\zone.js\bundles\zone-testing.umd.js:2177:43)
    at _ZoneDelegate.invoke (C:\Angular project-2\codebook\node_modules\zone.js\bundles\zone.umd.js:415:38)
    at Object.onInvoke (C:\Angular project-2\codebook\node_modules\@angular\core\fesm2022\core.mjs:6528:33)
    at _ZoneDelegate.invoke (C:\Angular project-2\codebook\node_modules\zone.js\bundles\zone.umd.js:415:38)
    at ZoneImpl.run (C:\Angular project-2\codebook\node_modules\zone.js\bundles\zone.umd.js:147:47)
    at NgZone.run (C:\Angular project-2\codebook\node_modules\@angular\core\fesm2022\core.mjs:6374:28)
    at _TestBedImpl.createComponent (C:\Angular project-2\codebook\node_modules\@angular\core\fesm2022\testing.mjs:2058:41)
    at Function.createComponent (C:\Angular project-2\codebook\node_modules\@angular\core\fesm2022\testing.mjs:1844:37)
    at C:\Angular project-2\codebook\src\app\main-dashboard\main-dashboard.component.spec.ts:102:23
    at Generator.next (<anonymous>)
    at fulfilled (C:\Angular project-2\codebook\node_modules\tslib\tslib.js:167:62)
    at _ZoneDelegate.invoke (C:\Angular project-2\codebook\node_modules\zone.js\bundles\zone.umd.js:416:32)
    at ProxyZoneSpec.Object.<anonymous>.ProxyZoneSpec.onInvoke (C:\Angular project-2\codebook\node_modules\zone.js\bundles\zone-testing.umd.js:2177:43)
    at _ZoneDelegate.invoke (C:\Angular project-2\codebook\node_modules\zone.js\bundles\zone.umd.js:415:38)
    at ZoneImpl.run (C:\Angular project-2\codebook\node_modules\zone.js\bundles\zone.umd.js:147:47)
    at C:\Angular project-2\codebook\node_modules\zone.js\bundles\zone.umd.js:2598:42
    at _ZoneDelegate.invokeTask (C:\Angular project-2\codebook\node_modules\zone.js\bundles\zone.umd.js:449:37)
    at ProxyZoneSpec.Object.<anonymous>.ProxyZoneSpec.onInvokeTask (C:\Angular project-2\codebook\node_modules\zone.js\bundles\zone-testing.umd.js:2208:43)
    at _ZoneDelegate.invokeTask (C:\Angular project-2\codebook\node_modules\zone.js\bundles\zone.umd.js:448:42)
    at ZoneImpl.runTask (C:\Angular project-2\codebook\node_modules\zone.js\bundles\zone.umd.js:196:51)
    at drainMicroTaskQueue (C:\Angular project-2\codebook\node_modules\zone.js\bundles\zone.umd.js:638:39)
    at processTicksAndRejections (node:internal/process/task_queues:105:5)]]></failure>
    </testCase>
    <testCase name="MainDashboardComponent should render footer with translated content" duration="30">
      <failure message="NullInjectorError: R3InjectorError(Standalone[MainDashboardComponent])[AuthService -&gt; AuthService -&gt; _SignalStore -&gt; _HttpClient -&gt; _HttpClient]: "><![CDATA[NullInjectorError: R3InjectorError(Standalone[MainDashboardComponent])[AuthService -> AuthService -> _SignalStore -> _HttpClient -> _HttpClient]: 
  NullInjectorError: No provider for _HttpClient!
    at NullInjector.get (C:\Angular project-2\codebook\node_modules\@angular\core\fesm2022\core.mjs:1624:27)
    at R3Injector.get (C:\Angular project-2\codebook\node_modules\@angular\core\fesm2022\core.mjs:2151:33)
    at R3Injector.get (C:\Angular project-2\codebook\node_modules\@angular\core\fesm2022\core.mjs:2151:33)
    at injectInjectorOnly (C:\Angular project-2\codebook\node_modules\@angular\core\fesm2022\core.mjs:1119:32)
    at ɵɵinject (C:\Angular project-2\codebook\node_modules\@angular\core\fesm2022\core.mjs:1125:42)
    at inject (C:\Angular project-2\codebook\node_modules\@angular\core\fesm2022\core.mjs:1211:12)
    at C:\Angular project-2\codebook\src\app\login\auth.store.ts:38:36
    at C:\Angular project-2\codebook\node_modules\@ngrx\signals\fesm2022\ngrx-signals.mjs:322:25
    at C:\Angular project-2\codebook\node_modules\@ngrx\signals\fesm2022\ngrx-signals.mjs:171:68
    at Array.reduce (<anonymous>)
    at new _SignalStore (C:\Angular project-2\codebook\node_modules\@ngrx\signals\fesm2022\ngrx-signals.mjs:171:41)
    at Object._SignalStore_Factory [as factory] (ng:///_SignalStore/ɵfac.js:5:10)
    at C:\Angular project-2\codebook\node_modules\@angular\core\fesm2022\core.mjs:2274:47
    at runInInjectorProfilerContext (C:\Angular project-2\codebook\node_modules\@angular\core\fesm2022\core.mjs:880:9)
    at R3Injector.hydrate (C:\Angular project-2\codebook\node_modules\@angular\core\fesm2022\core.mjs:2273:21)
    at R3Injector.get (C:\Angular project-2\codebook\node_modules\@angular\core\fesm2022\core.mjs:2141:33)
    at injectInjectorOnly (C:\Angular project-2\codebook\node_modules\@angular\core\fesm2022\core.mjs:1119:32)
    at ɵɵinject (C:\Angular project-2\codebook\node_modules\@angular\core\fesm2022\core.mjs:1125:42)
    at inject (C:\Angular project-2\codebook\node_modules\@angular\core\fesm2022\core.mjs:1211:12)
    at new AuthService (C:\Angular project-2\codebook\src\app\login\auth.service.ts:6:29)
    at Object.AuthService_Factory [as factory] (ng:///AuthService/ɵfac.js:5:10)
    at C:\Angular project-2\codebook\node_modules\@angular\core\fesm2022\core.mjs:2274:47
    at runInInjectorProfilerContext (C:\Angular project-2\codebook\node_modules\@angular\core\fesm2022\core.mjs:880:9)
    at R3Injector.hydrate (C:\Angular project-2\codebook\node_modules\@angular\core\fesm2022\core.mjs:2273:21)
    at R3Injector.get (C:\Angular project-2\codebook\node_modules\@angular\core\fesm2022\core.mjs:2141:33)
    at R3Injector.get (C:\Angular project-2\codebook\node_modules\@angular\core\fesm2022\core.mjs:2151:33)
    at ChainedInjector.get (C:\Angular project-2\codebook\node_modules\@angular\core\fesm2022\core.mjs:17238:36)
    at lookupTokenUsingModuleInjector (C:\Angular project-2\codebook\node_modules\@angular\core\fesm2022\core.mjs:5063:39)
    at getOrCreateInjectable (C:\Angular project-2\codebook\node_modules\@angular\core\fesm2022\core.mjs:5111:12)
    at ɵɵdirectiveInject (C:\Angular project-2\codebook\node_modules\@angular\core\fesm2022\core.mjs:17289:19)
    at NodeInjectorFactory.UserComponent_Factory [as factory] (ng:///UserComponent/ɵfac.js:5:57)
    at getNodeInjectable (C:\Angular project-2\codebook\node_modules\@angular\core\fesm2022\core.mjs:5323:44)
    at instantiateAllDirectives (C:\Angular project-2\codebook\node_modules\@angular\core\fesm2022\core.mjs:12562:27)
    at createDirectivesInstances (C:\Angular project-2\codebook\node_modules\@angular\core\fesm2022\core.mjs:12352:5)
    at ɵɵelementStart (C:\Angular project-2\codebook\node_modules\@angular\core\fesm2022\core.mjs:27901:9)
    at ɵɵelement (C:\Angular project-2\codebook\node_modules\@angular\core\fesm2022\core.mjs:27956:5)
    at MainDashboardComponent_Template (ng:///MainDashboardComponent.js:205:9)
    at executeTemplate (C:\Angular project-2\codebook\node_modules\@angular\core\fesm2022\core.mjs:12338:9)
    at renderView (C:\Angular project-2\codebook\node_modules\@angular\core\fesm2022\core.mjs:12844:13)
    at renderComponent (C:\Angular project-2\codebook\node_modules\@angular\core\fesm2022\core.mjs:12789:5)
    at renderChildComponents (C:\Angular project-2\codebook\node_modules\@angular\core\fesm2022\core.mjs:12892:9)
    at renderView (C:\Angular project-2\codebook\node_modules\@angular\core\fesm2022\core.mjs:12872:13)
    at ComponentFactory2.create (C:\Angular project-2\codebook\node_modules\@angular\core\fesm2022\core.mjs:17954:17)
    at initComponent (C:\Angular project-2\codebook\node_modules\@angular\core\fesm2022\testing.mjs:2053:51)
    at _ZoneDelegate.invoke (C:\Angular project-2\codebook\node_modules\zone.js\bundles\zone.umd.js:416:32)
    at ProxyZoneSpec.Object.<anonymous>.ProxyZoneSpec.onInvoke (C:\Angular project-2\codebook\node_modules\zone.js\bundles\zone-testing.umd.js:2177:43)
    at _ZoneDelegate.invoke (C:\Angular project-2\codebook\node_modules\zone.js\bundles\zone.umd.js:415:38)
    at Object.onInvoke (C:\Angular project-2\codebook\node_modules\@angular\core\fesm2022\core.mjs:6528:33)
    at _ZoneDelegate.invoke (C:\Angular project-2\codebook\node_modules\zone.js\bundles\zone.umd.js:415:38)
    at ZoneImpl.run (C:\Angular project-2\codebook\node_modules\zone.js\bundles\zone.umd.js:147:47)
    at NgZone.run (C:\Angular project-2\codebook\node_modules\@angular\core\fesm2022\core.mjs:6374:28)
    at _TestBedImpl.createComponent (C:\Angular project-2\codebook\node_modules\@angular\core\fesm2022\testing.mjs:2058:41)
    at Function.createComponent (C:\Angular project-2\codebook\node_modules\@angular\core\fesm2022\testing.mjs:1844:37)
    at C:\Angular project-2\codebook\src\app\main-dashboard\main-dashboard.component.spec.ts:102:23
    at Generator.next (<anonymous>)
    at fulfilled (C:\Angular project-2\codebook\node_modules\tslib\tslib.js:167:62)
    at _ZoneDelegate.invoke (C:\Angular project-2\codebook\node_modules\zone.js\bundles\zone.umd.js:416:32)
    at ProxyZoneSpec.Object.<anonymous>.ProxyZoneSpec.onInvoke (C:\Angular project-2\codebook\node_modules\zone.js\bundles\zone-testing.umd.js:2177:43)
    at _ZoneDelegate.invoke (C:\Angular project-2\codebook\node_modules\zone.js\bundles\zone.umd.js:415:38)
    at ZoneImpl.run (C:\Angular project-2\codebook\node_modules\zone.js\bundles\zone.umd.js:147:47)
    at C:\Angular project-2\codebook\node_modules\zone.js\bundles\zone.umd.js:2598:42
    at _ZoneDelegate.invokeTask (C:\Angular project-2\codebook\node_modules\zone.js\bundles\zone.umd.js:449:37)
    at ProxyZoneSpec.Object.<anonymous>.ProxyZoneSpec.onInvokeTask (C:\Angular project-2\codebook\node_modules\zone.js\bundles\zone-testing.umd.js:2208:43)
    at _ZoneDelegate.invokeTask (C:\Angular project-2\codebook\node_modules\zone.js\bundles\zone.umd.js:448:42)
    at ZoneImpl.runTask (C:\Angular project-2\codebook\node_modules\zone.js\bundles\zone.umd.js:196:51)
    at drainMicroTaskQueue (C:\Angular project-2\codebook\node_modules\zone.js\bundles\zone.umd.js:638:39)
    at processTicksAndRejections (node:internal/process/task_queues:105:5)]]></failure>
    </testCase>
    <testCase name="MainDashboardComponent should toggle sidenav on menu button click" duration="24">
      <failure message="NullInjectorError: R3InjectorError(Standalone[MainDashboardComponent])[AuthService -&gt; AuthService -&gt; _SignalStore -&gt; _HttpClient -&gt; _HttpClient]: "><![CDATA[NullInjectorError: R3InjectorError(Standalone[MainDashboardComponent])[AuthService -> AuthService -> _SignalStore -> _HttpClient -> _HttpClient]: 
  NullInjectorError: No provider for _HttpClient!
    at NullInjector.get (C:\Angular project-2\codebook\node_modules\@angular\core\fesm2022\core.mjs:1624:27)
    at R3Injector.get (C:\Angular project-2\codebook\node_modules\@angular\core\fesm2022\core.mjs:2151:33)
    at R3Injector.get (C:\Angular project-2\codebook\node_modules\@angular\core\fesm2022\core.mjs:2151:33)
    at injectInjectorOnly (C:\Angular project-2\codebook\node_modules\@angular\core\fesm2022\core.mjs:1119:32)
    at ɵɵinject (C:\Angular project-2\codebook\node_modules\@angular\core\fesm2022\core.mjs:1125:42)
    at inject (C:\Angular project-2\codebook\node_modules\@angular\core\fesm2022\core.mjs:1211:12)
    at C:\Angular project-2\codebook\src\app\login\auth.store.ts:38:36
    at C:\Angular project-2\codebook\node_modules\@ngrx\signals\fesm2022\ngrx-signals.mjs:322:25
    at C:\Angular project-2\codebook\node_modules\@ngrx\signals\fesm2022\ngrx-signals.mjs:171:68
    at Array.reduce (<anonymous>)
    at new _SignalStore (C:\Angular project-2\codebook\node_modules\@ngrx\signals\fesm2022\ngrx-signals.mjs:171:41)
    at Object._SignalStore_Factory [as factory] (ng:///_SignalStore/ɵfac.js:5:10)
    at C:\Angular project-2\codebook\node_modules\@angular\core\fesm2022\core.mjs:2274:47
    at runInInjectorProfilerContext (C:\Angular project-2\codebook\node_modules\@angular\core\fesm2022\core.mjs:880:9)
    at R3Injector.hydrate (C:\Angular project-2\codebook\node_modules\@angular\core\fesm2022\core.mjs:2273:21)
    at R3Injector.get (C:\Angular project-2\codebook\node_modules\@angular\core\fesm2022\core.mjs:2141:33)
    at injectInjectorOnly (C:\Angular project-2\codebook\node_modules\@angular\core\fesm2022\core.mjs:1119:32)
    at ɵɵinject (C:\Angular project-2\codebook\node_modules\@angular\core\fesm2022\core.mjs:1125:42)
    at inject (C:\Angular project-2\codebook\node_modules\@angular\core\fesm2022\core.mjs:1211:12)
    at new AuthService (C:\Angular project-2\codebook\src\app\login\auth.service.ts:6:29)
    at Object.AuthService_Factory [as factory] (ng:///AuthService/ɵfac.js:5:10)
    at C:\Angular project-2\codebook\node_modules\@angular\core\fesm2022\core.mjs:2274:47
    at runInInjectorProfilerContext (C:\Angular project-2\codebook\node_modules\@angular\core\fesm2022\core.mjs:880:9)
    at R3Injector.hydrate (C:\Angular project-2\codebook\node_modules\@angular\core\fesm2022\core.mjs:2273:21)
    at R3Injector.get (C:\Angular project-2\codebook\node_modules\@angular\core\fesm2022\core.mjs:2141:33)
    at R3Injector.get (C:\Angular project-2\codebook\node_modules\@angular\core\fesm2022\core.mjs:2151:33)
    at ChainedInjector.get (C:\Angular project-2\codebook\node_modules\@angular\core\fesm2022\core.mjs:17238:36)
    at lookupTokenUsingModuleInjector (C:\Angular project-2\codebook\node_modules\@angular\core\fesm2022\core.mjs:5063:39)
    at getOrCreateInjectable (C:\Angular project-2\codebook\node_modules\@angular\core\fesm2022\core.mjs:5111:12)
    at ɵɵdirectiveInject (C:\Angular project-2\codebook\node_modules\@angular\core\fesm2022\core.mjs:17289:19)
    at NodeInjectorFactory.UserComponent_Factory [as factory] (ng:///UserComponent/ɵfac.js:5:57)
    at getNodeInjectable (C:\Angular project-2\codebook\node_modules\@angular\core\fesm2022\core.mjs:5323:44)
    at instantiateAllDirectives (C:\Angular project-2\codebook\node_modules\@angular\core\fesm2022\core.mjs:12562:27)
    at createDirectivesInstances (C:\Angular project-2\codebook\node_modules\@angular\core\fesm2022\core.mjs:12352:5)
    at ɵɵelementStart (C:\Angular project-2\codebook\node_modules\@angular\core\fesm2022\core.mjs:27901:9)
    at ɵɵelement (C:\Angular project-2\codebook\node_modules\@angular\core\fesm2022\core.mjs:27956:5)
    at MainDashboardComponent_Template (ng:///MainDashboardComponent.js:205:9)
    at executeTemplate (C:\Angular project-2\codebook\node_modules\@angular\core\fesm2022\core.mjs:12338:9)
    at renderView (C:\Angular project-2\codebook\node_modules\@angular\core\fesm2022\core.mjs:12844:13)
    at renderComponent (C:\Angular project-2\codebook\node_modules\@angular\core\fesm2022\core.mjs:12789:5)
    at renderChildComponents (C:\Angular project-2\codebook\node_modules\@angular\core\fesm2022\core.mjs:12892:9)
    at renderView (C:\Angular project-2\codebook\node_modules\@angular\core\fesm2022\core.mjs:12872:13)
    at ComponentFactory2.create (C:\Angular project-2\codebook\node_modules\@angular\core\fesm2022\core.mjs:17954:17)
    at initComponent (C:\Angular project-2\codebook\node_modules\@angular\core\fesm2022\testing.mjs:2053:51)
    at _ZoneDelegate.invoke (C:\Angular project-2\codebook\node_modules\zone.js\bundles\zone.umd.js:416:32)
    at ProxyZoneSpec.Object.<anonymous>.ProxyZoneSpec.onInvoke (C:\Angular project-2\codebook\node_modules\zone.js\bundles\zone-testing.umd.js:2177:43)
    at _ZoneDelegate.invoke (C:\Angular project-2\codebook\node_modules\zone.js\bundles\zone.umd.js:415:38)
    at Object.onInvoke (C:\Angular project-2\codebook\node_modules\@angular\core\fesm2022\core.mjs:6528:33)
    at _ZoneDelegate.invoke (C:\Angular project-2\codebook\node_modules\zone.js\bundles\zone.umd.js:415:38)
    at ZoneImpl.run (C:\Angular project-2\codebook\node_modules\zone.js\bundles\zone.umd.js:147:47)
    at NgZone.run (C:\Angular project-2\codebook\node_modules\@angular\core\fesm2022\core.mjs:6374:28)
    at _TestBedImpl.createComponent (C:\Angular project-2\codebook\node_modules\@angular\core\fesm2022\testing.mjs:2058:41)
    at Function.createComponent (C:\Angular project-2\codebook\node_modules\@angular\core\fesm2022\testing.mjs:1844:37)
    at C:\Angular project-2\codebook\src\app\main-dashboard\main-dashboard.component.spec.ts:102:23
    at Generator.next (<anonymous>)
    at fulfilled (C:\Angular project-2\codebook\node_modules\tslib\tslib.js:167:62)
    at _ZoneDelegate.invoke (C:\Angular project-2\codebook\node_modules\zone.js\bundles\zone.umd.js:416:32)
    at ProxyZoneSpec.Object.<anonymous>.ProxyZoneSpec.onInvoke (C:\Angular project-2\codebook\node_modules\zone.js\bundles\zone-testing.umd.js:2177:43)
    at _ZoneDelegate.invoke (C:\Angular project-2\codebook\node_modules\zone.js\bundles\zone.umd.js:415:38)
    at ZoneImpl.run (C:\Angular project-2\codebook\node_modules\zone.js\bundles\zone.umd.js:147:47)
    at C:\Angular project-2\codebook\node_modules\zone.js\bundles\zone.umd.js:2598:42
    at _ZoneDelegate.invokeTask (C:\Angular project-2\codebook\node_modules\zone.js\bundles\zone.umd.js:449:37)
    at ProxyZoneSpec.Object.<anonymous>.ProxyZoneSpec.onInvokeTask (C:\Angular project-2\codebook\node_modules\zone.js\bundles\zone-testing.umd.js:2208:43)
    at _ZoneDelegate.invokeTask (C:\Angular project-2\codebook\node_modules\zone.js\bundles\zone.umd.js:448:42)
    at ZoneImpl.runTask (C:\Angular project-2\codebook\node_modules\zone.js\bundles\zone.umd.js:196:51)
    at drainMicroTaskQueue (C:\Angular project-2\codebook\node_modules\zone.js\bundles\zone.umd.js:638:39)
    at processTicksAndRejections (node:internal/process/task_queues:105:5)]]></failure>
    </testCase>
    <testCase name="MainDashboardComponent should close sidenav on content click in mobile mode" duration="23">
      <failure message="NullInjectorError: R3InjectorError(Standalone[MainDashboardComponent])[AuthService -&gt; AuthService -&gt; _SignalStore -&gt; _HttpClient -&gt; _HttpClient]: "><![CDATA[NullInjectorError: R3InjectorError(Standalone[MainDashboardComponent])[AuthService -> AuthService -> _SignalStore -> _HttpClient -> _HttpClient]: 
  NullInjectorError: No provider for _HttpClient!
    at NullInjector.get (C:\Angular project-2\codebook\node_modules\@angular\core\fesm2022\core.mjs:1624:27)
    at R3Injector.get (C:\Angular project-2\codebook\node_modules\@angular\core\fesm2022\core.mjs:2151:33)
    at R3Injector.get (C:\Angular project-2\codebook\node_modules\@angular\core\fesm2022\core.mjs:2151:33)
    at injectInjectorOnly (C:\Angular project-2\codebook\node_modules\@angular\core\fesm2022\core.mjs:1119:32)
    at ɵɵinject (C:\Angular project-2\codebook\node_modules\@angular\core\fesm2022\core.mjs:1125:42)
    at inject (C:\Angular project-2\codebook\node_modules\@angular\core\fesm2022\core.mjs:1211:12)
    at C:\Angular project-2\codebook\src\app\login\auth.store.ts:38:36
    at C:\Angular project-2\codebook\node_modules\@ngrx\signals\fesm2022\ngrx-signals.mjs:322:25
    at C:\Angular project-2\codebook\node_modules\@ngrx\signals\fesm2022\ngrx-signals.mjs:171:68
    at Array.reduce (<anonymous>)
    at new _SignalStore (C:\Angular project-2\codebook\node_modules\@ngrx\signals\fesm2022\ngrx-signals.mjs:171:41)
    at Object._SignalStore_Factory [as factory] (ng:///_SignalStore/ɵfac.js:5:10)
    at C:\Angular project-2\codebook\node_modules\@angular\core\fesm2022\core.mjs:2274:47
    at runInInjectorProfilerContext (C:\Angular project-2\codebook\node_modules\@angular\core\fesm2022\core.mjs:880:9)
    at R3Injector.hydrate (C:\Angular project-2\codebook\node_modules\@angular\core\fesm2022\core.mjs:2273:21)
    at R3Injector.get (C:\Angular project-2\codebook\node_modules\@angular\core\fesm2022\core.mjs:2141:33)
    at injectInjectorOnly (C:\Angular project-2\codebook\node_modules\@angular\core\fesm2022\core.mjs:1119:32)
    at ɵɵinject (C:\Angular project-2\codebook\node_modules\@angular\core\fesm2022\core.mjs:1125:42)
    at inject (C:\Angular project-2\codebook\node_modules\@angular\core\fesm2022\core.mjs:1211:12)
    at new AuthService (C:\Angular project-2\codebook\src\app\login\auth.service.ts:6:29)
    at Object.AuthService_Factory [as factory] (ng:///AuthService/ɵfac.js:5:10)
    at C:\Angular project-2\codebook\node_modules\@angular\core\fesm2022\core.mjs:2274:47
    at runInInjectorProfilerContext (C:\Angular project-2\codebook\node_modules\@angular\core\fesm2022\core.mjs:880:9)
    at R3Injector.hydrate (C:\Angular project-2\codebook\node_modules\@angular\core\fesm2022\core.mjs:2273:21)
    at R3Injector.get (C:\Angular project-2\codebook\node_modules\@angular\core\fesm2022\core.mjs:2141:33)
    at R3Injector.get (C:\Angular project-2\codebook\node_modules\@angular\core\fesm2022\core.mjs:2151:33)
    at ChainedInjector.get (C:\Angular project-2\codebook\node_modules\@angular\core\fesm2022\core.mjs:17238:36)
    at lookupTokenUsingModuleInjector (C:\Angular project-2\codebook\node_modules\@angular\core\fesm2022\core.mjs:5063:39)
    at getOrCreateInjectable (C:\Angular project-2\codebook\node_modules\@angular\core\fesm2022\core.mjs:5111:12)
    at ɵɵdirectiveInject (C:\Angular project-2\codebook\node_modules\@angular\core\fesm2022\core.mjs:17289:19)
    at NodeInjectorFactory.UserComponent_Factory [as factory] (ng:///UserComponent/ɵfac.js:5:57)
    at getNodeInjectable (C:\Angular project-2\codebook\node_modules\@angular\core\fesm2022\core.mjs:5323:44)
    at instantiateAllDirectives (C:\Angular project-2\codebook\node_modules\@angular\core\fesm2022\core.mjs:12562:27)
    at createDirectivesInstances (C:\Angular project-2\codebook\node_modules\@angular\core\fesm2022\core.mjs:12352:5)
    at ɵɵelementStart (C:\Angular project-2\codebook\node_modules\@angular\core\fesm2022\core.mjs:27901:9)
    at ɵɵelement (C:\Angular project-2\codebook\node_modules\@angular\core\fesm2022\core.mjs:27956:5)
    at MainDashboardComponent_Template (ng:///MainDashboardComponent.js:205:9)
    at executeTemplate (C:\Angular project-2\codebook\node_modules\@angular\core\fesm2022\core.mjs:12338:9)
    at renderView (C:\Angular project-2\codebook\node_modules\@angular\core\fesm2022\core.mjs:12844:13)
    at renderComponent (C:\Angular project-2\codebook\node_modules\@angular\core\fesm2022\core.mjs:12789:5)
    at renderChildComponents (C:\Angular project-2\codebook\node_modules\@angular\core\fesm2022\core.mjs:12892:9)
    at renderView (C:\Angular project-2\codebook\node_modules\@angular\core\fesm2022\core.mjs:12872:13)
    at ComponentFactory2.create (C:\Angular project-2\codebook\node_modules\@angular\core\fesm2022\core.mjs:17954:17)
    at initComponent (C:\Angular project-2\codebook\node_modules\@angular\core\fesm2022\testing.mjs:2053:51)
    at _ZoneDelegate.invoke (C:\Angular project-2\codebook\node_modules\zone.js\bundles\zone.umd.js:416:32)
    at ProxyZoneSpec.Object.<anonymous>.ProxyZoneSpec.onInvoke (C:\Angular project-2\codebook\node_modules\zone.js\bundles\zone-testing.umd.js:2177:43)
    at _ZoneDelegate.invoke (C:\Angular project-2\codebook\node_modules\zone.js\bundles\zone.umd.js:415:38)
    at Object.onInvoke (C:\Angular project-2\codebook\node_modules\@angular\core\fesm2022\core.mjs:6528:33)
    at _ZoneDelegate.invoke (C:\Angular project-2\codebook\node_modules\zone.js\bundles\zone.umd.js:415:38)
    at ZoneImpl.run (C:\Angular project-2\codebook\node_modules\zone.js\bundles\zone.umd.js:147:47)
    at NgZone.run (C:\Angular project-2\codebook\node_modules\@angular\core\fesm2022\core.mjs:6374:28)
    at _TestBedImpl.createComponent (C:\Angular project-2\codebook\node_modules\@angular\core\fesm2022\testing.mjs:2058:41)
    at Function.createComponent (C:\Angular project-2\codebook\node_modules\@angular\core\fesm2022\testing.mjs:1844:37)
    at C:\Angular project-2\codebook\src\app\main-dashboard\main-dashboard.component.spec.ts:102:23
    at Generator.next (<anonymous>)
    at fulfilled (C:\Angular project-2\codebook\node_modules\tslib\tslib.js:167:62)
    at _ZoneDelegate.invoke (C:\Angular project-2\codebook\node_modules\zone.js\bundles\zone.umd.js:416:32)
    at ProxyZoneSpec.Object.<anonymous>.ProxyZoneSpec.onInvoke (C:\Angular project-2\codebook\node_modules\zone.js\bundles\zone-testing.umd.js:2177:43)
    at _ZoneDelegate.invoke (C:\Angular project-2\codebook\node_modules\zone.js\bundles\zone.umd.js:415:38)
    at ZoneImpl.run (C:\Angular project-2\codebook\node_modules\zone.js\bundles\zone.umd.js:147:47)
    at C:\Angular project-2\codebook\node_modules\zone.js\bundles\zone.umd.js:2598:42
    at _ZoneDelegate.invokeTask (C:\Angular project-2\codebook\node_modules\zone.js\bundles\zone.umd.js:449:37)
    at ProxyZoneSpec.Object.<anonymous>.ProxyZoneSpec.onInvokeTask (C:\Angular project-2\codebook\node_modules\zone.js\bundles\zone-testing.umd.js:2208:43)
    at _ZoneDelegate.invokeTask (C:\Angular project-2\codebook\node_modules\zone.js\bundles\zone.umd.js:448:42)
    at ZoneImpl.runTask (C:\Angular project-2\codebook\node_modules\zone.js\bundles\zone.umd.js:196:51)
    at drainMicroTaskQueue (C:\Angular project-2\codebook\node_modules\zone.js\bundles\zone.umd.js:638:39)
    at processTicksAndRejections (node:internal/process/task_queues:105:5)]]></failure>
    </testCase>
    <testCase name="MainDashboardComponent should not close sidenav on content click in non-mobile mode" duration="30">
      <failure message="NullInjectorError: R3InjectorError(Standalone[MainDashboardComponent])[AuthService -&gt; AuthService -&gt; _SignalStore -&gt; _HttpClient -&gt; _HttpClient]: "><![CDATA[NullInjectorError: R3InjectorError(Standalone[MainDashboardComponent])[AuthService -> AuthService -> _SignalStore -> _HttpClient -> _HttpClient]: 
  NullInjectorError: No provider for _HttpClient!
    at NullInjector.get (C:\Angular project-2\codebook\node_modules\@angular\core\fesm2022\core.mjs:1624:27)
    at R3Injector.get (C:\Angular project-2\codebook\node_modules\@angular\core\fesm2022\core.mjs:2151:33)
    at R3Injector.get (C:\Angular project-2\codebook\node_modules\@angular\core\fesm2022\core.mjs:2151:33)
    at injectInjectorOnly (C:\Angular project-2\codebook\node_modules\@angular\core\fesm2022\core.mjs:1119:32)
    at ɵɵinject (C:\Angular project-2\codebook\node_modules\@angular\core\fesm2022\core.mjs:1125:42)
    at inject (C:\Angular project-2\codebook\node_modules\@angular\core\fesm2022\core.mjs:1211:12)
    at C:\Angular project-2\codebook\src\app\login\auth.store.ts:38:36
    at C:\Angular project-2\codebook\node_modules\@ngrx\signals\fesm2022\ngrx-signals.mjs:322:25
    at C:\Angular project-2\codebook\node_modules\@ngrx\signals\fesm2022\ngrx-signals.mjs:171:68
    at Array.reduce (<anonymous>)
    at new _SignalStore (C:\Angular project-2\codebook\node_modules\@ngrx\signals\fesm2022\ngrx-signals.mjs:171:41)
    at Object._SignalStore_Factory [as factory] (ng:///_SignalStore/ɵfac.js:5:10)
    at C:\Angular project-2\codebook\node_modules\@angular\core\fesm2022\core.mjs:2274:47
    at runInInjectorProfilerContext (C:\Angular project-2\codebook\node_modules\@angular\core\fesm2022\core.mjs:880:9)
    at R3Injector.hydrate (C:\Angular project-2\codebook\node_modules\@angular\core\fesm2022\core.mjs:2273:21)
    at R3Injector.get (C:\Angular project-2\codebook\node_modules\@angular\core\fesm2022\core.mjs:2141:33)
    at injectInjectorOnly (C:\Angular project-2\codebook\node_modules\@angular\core\fesm2022\core.mjs:1119:32)
    at ɵɵinject (C:\Angular project-2\codebook\node_modules\@angular\core\fesm2022\core.mjs:1125:42)
    at inject (C:\Angular project-2\codebook\node_modules\@angular\core\fesm2022\core.mjs:1211:12)
    at new AuthService (C:\Angular project-2\codebook\src\app\login\auth.service.ts:6:29)
    at Object.AuthService_Factory [as factory] (ng:///AuthService/ɵfac.js:5:10)
    at C:\Angular project-2\codebook\node_modules\@angular\core\fesm2022\core.mjs:2274:47
    at runInInjectorProfilerContext (C:\Angular project-2\codebook\node_modules\@angular\core\fesm2022\core.mjs:880:9)
    at R3Injector.hydrate (C:\Angular project-2\codebook\node_modules\@angular\core\fesm2022\core.mjs:2273:21)
    at R3Injector.get (C:\Angular project-2\codebook\node_modules\@angular\core\fesm2022\core.mjs:2141:33)
    at R3Injector.get (C:\Angular project-2\codebook\node_modules\@angular\core\fesm2022\core.mjs:2151:33)
    at ChainedInjector.get (C:\Angular project-2\codebook\node_modules\@angular\core\fesm2022\core.mjs:17238:36)
    at lookupTokenUsingModuleInjector (C:\Angular project-2\codebook\node_modules\@angular\core\fesm2022\core.mjs:5063:39)
    at getOrCreateInjectable (C:\Angular project-2\codebook\node_modules\@angular\core\fesm2022\core.mjs:5111:12)
    at ɵɵdirectiveInject (C:\Angular project-2\codebook\node_modules\@angular\core\fesm2022\core.mjs:17289:19)
    at NodeInjectorFactory.UserComponent_Factory [as factory] (ng:///UserComponent/ɵfac.js:5:57)
    at getNodeInjectable (C:\Angular project-2\codebook\node_modules\@angular\core\fesm2022\core.mjs:5323:44)
    at instantiateAllDirectives (C:\Angular project-2\codebook\node_modules\@angular\core\fesm2022\core.mjs:12562:27)
    at createDirectivesInstances (C:\Angular project-2\codebook\node_modules\@angular\core\fesm2022\core.mjs:12352:5)
    at ɵɵelementStart (C:\Angular project-2\codebook\node_modules\@angular\core\fesm2022\core.mjs:27901:9)
    at ɵɵelement (C:\Angular project-2\codebook\node_modules\@angular\core\fesm2022\core.mjs:27956:5)
    at MainDashboardComponent_Template (ng:///MainDashboardComponent.js:205:9)
    at executeTemplate (C:\Angular project-2\codebook\node_modules\@angular\core\fesm2022\core.mjs:12338:9)
    at renderView (C:\Angular project-2\codebook\node_modules\@angular\core\fesm2022\core.mjs:12844:13)
    at renderComponent (C:\Angular project-2\codebook\node_modules\@angular\core\fesm2022\core.mjs:12789:5)
    at renderChildComponents (C:\Angular project-2\codebook\node_modules\@angular\core\fesm2022\core.mjs:12892:9)
    at renderView (C:\Angular project-2\codebook\node_modules\@angular\core\fesm2022\core.mjs:12872:13)
    at ComponentFactory2.create (C:\Angular project-2\codebook\node_modules\@angular\core\fesm2022\core.mjs:17954:17)
    at initComponent (C:\Angular project-2\codebook\node_modules\@angular\core\fesm2022\testing.mjs:2053:51)
    at _ZoneDelegate.invoke (C:\Angular project-2\codebook\node_modules\zone.js\bundles\zone.umd.js:416:32)
    at ProxyZoneSpec.Object.<anonymous>.ProxyZoneSpec.onInvoke (C:\Angular project-2\codebook\node_modules\zone.js\bundles\zone-testing.umd.js:2177:43)
    at _ZoneDelegate.invoke (C:\Angular project-2\codebook\node_modules\zone.js\bundles\zone.umd.js:415:38)
    at Object.onInvoke (C:\Angular project-2\codebook\node_modules\@angular\core\fesm2022\core.mjs:6528:33)
    at _ZoneDelegate.invoke (C:\Angular project-2\codebook\node_modules\zone.js\bundles\zone.umd.js:415:38)
    at ZoneImpl.run (C:\Angular project-2\codebook\node_modules\zone.js\bundles\zone.umd.js:147:47)
    at NgZone.run (C:\Angular project-2\codebook\node_modules\@angular\core\fesm2022\core.mjs:6374:28)
    at _TestBedImpl.createComponent (C:\Angular project-2\codebook\node_modules\@angular\core\fesm2022\testing.mjs:2058:41)
    at Function.createComponent (C:\Angular project-2\codebook\node_modules\@angular\core\fesm2022\testing.mjs:1844:37)
    at C:\Angular project-2\codebook\src\app\main-dashboard\main-dashboard.component.spec.ts:102:23
    at Generator.next (<anonymous>)
    at fulfilled (C:\Angular project-2\codebook\node_modules\tslib\tslib.js:167:62)
    at _ZoneDelegate.invoke (C:\Angular project-2\codebook\node_modules\zone.js\bundles\zone.umd.js:416:32)
    at ProxyZoneSpec.Object.<anonymous>.ProxyZoneSpec.onInvoke (C:\Angular project-2\codebook\node_modules\zone.js\bundles\zone-testing.umd.js:2177:43)
    at _ZoneDelegate.invoke (C:\Angular project-2\codebook\node_modules\zone.js\bundles\zone.umd.js:415:38)
    at ZoneImpl.run (C:\Angular project-2\codebook\node_modules\zone.js\bundles\zone.umd.js:147:47)
    at C:\Angular project-2\codebook\node_modules\zone.js\bundles\zone.umd.js:2598:42
    at _ZoneDelegate.invokeTask (C:\Angular project-2\codebook\node_modules\zone.js\bundles\zone.umd.js:449:37)
    at ProxyZoneSpec.Object.<anonymous>.ProxyZoneSpec.onInvokeTask (C:\Angular project-2\codebook\node_modules\zone.js\bundles\zone-testing.umd.js:2208:43)
    at _ZoneDelegate.invokeTask (C:\Angular project-2\codebook\node_modules\zone.js\bundles\zone.umd.js:448:42)
    at ZoneImpl.runTask (C:\Angular project-2\codebook\node_modules\zone.js\bundles\zone.umd.js:196:51)
    at drainMicroTaskQueue (C:\Angular project-2\codebook\node_modules\zone.js\bundles\zone.umd.js:638:39)
    at processTicksAndRejections (node:internal/process/task_queues:105:5)]]></failure>
    </testCase>
    <testCase name="MainDashboardComponent should trigger fullscreen toggle on button click" duration="21">
      <failure message="NullInjectorError: R3InjectorError(Standalone[MainDashboardComponent])[AuthService -&gt; AuthService -&gt; _SignalStore -&gt; _HttpClient -&gt; _HttpClient]: "><![CDATA[NullInjectorError: R3InjectorError(Standalone[MainDashboardComponent])[AuthService -> AuthService -> _SignalStore -> _HttpClient -> _HttpClient]: 
  NullInjectorError: No provider for _HttpClient!
    at NullInjector.get (C:\Angular project-2\codebook\node_modules\@angular\core\fesm2022\core.mjs:1624:27)
    at R3Injector.get (C:\Angular project-2\codebook\node_modules\@angular\core\fesm2022\core.mjs:2151:33)
    at R3Injector.get (C:\Angular project-2\codebook\node_modules\@angular\core\fesm2022\core.mjs:2151:33)
    at injectInjectorOnly (C:\Angular project-2\codebook\node_modules\@angular\core\fesm2022\core.mjs:1119:32)
    at ɵɵinject (C:\Angular project-2\codebook\node_modules\@angular\core\fesm2022\core.mjs:1125:42)
    at inject (C:\Angular project-2\codebook\node_modules\@angular\core\fesm2022\core.mjs:1211:12)
    at C:\Angular project-2\codebook\src\app\login\auth.store.ts:38:36
    at C:\Angular project-2\codebook\node_modules\@ngrx\signals\fesm2022\ngrx-signals.mjs:322:25
    at C:\Angular project-2\codebook\node_modules\@ngrx\signals\fesm2022\ngrx-signals.mjs:171:68
    at Array.reduce (<anonymous>)
    at new _SignalStore (C:\Angular project-2\codebook\node_modules\@ngrx\signals\fesm2022\ngrx-signals.mjs:171:41)
    at Object._SignalStore_Factory [as factory] (ng:///_SignalStore/ɵfac.js:5:10)
    at C:\Angular project-2\codebook\node_modules\@angular\core\fesm2022\core.mjs:2274:47
    at runInInjectorProfilerContext (C:\Angular project-2\codebook\node_modules\@angular\core\fesm2022\core.mjs:880:9)
    at R3Injector.hydrate (C:\Angular project-2\codebook\node_modules\@angular\core\fesm2022\core.mjs:2273:21)
    at R3Injector.get (C:\Angular project-2\codebook\node_modules\@angular\core\fesm2022\core.mjs:2141:33)
    at injectInjectorOnly (C:\Angular project-2\codebook\node_modules\@angular\core\fesm2022\core.mjs:1119:32)
    at ɵɵinject (C:\Angular project-2\codebook\node_modules\@angular\core\fesm2022\core.mjs:1125:42)
    at inject (C:\Angular project-2\codebook\node_modules\@angular\core\fesm2022\core.mjs:1211:12)
    at new AuthService (C:\Angular project-2\codebook\src\app\login\auth.service.ts:6:29)
    at Object.AuthService_Factory [as factory] (ng:///AuthService/ɵfac.js:5:10)
    at C:\Angular project-2\codebook\node_modules\@angular\core\fesm2022\core.mjs:2274:47
    at runInInjectorProfilerContext (C:\Angular project-2\codebook\node_modules\@angular\core\fesm2022\core.mjs:880:9)
    at R3Injector.hydrate (C:\Angular project-2\codebook\node_modules\@angular\core\fesm2022\core.mjs:2273:21)
    at R3Injector.get (C:\Angular project-2\codebook\node_modules\@angular\core\fesm2022\core.mjs:2141:33)
    at R3Injector.get (C:\Angular project-2\codebook\node_modules\@angular\core\fesm2022\core.mjs:2151:33)
    at ChainedInjector.get (C:\Angular project-2\codebook\node_modules\@angular\core\fesm2022\core.mjs:17238:36)
    at lookupTokenUsingModuleInjector (C:\Angular project-2\codebook\node_modules\@angular\core\fesm2022\core.mjs:5063:39)
    at getOrCreateInjectable (C:\Angular project-2\codebook\node_modules\@angular\core\fesm2022\core.mjs:5111:12)
    at ɵɵdirectiveInject (C:\Angular project-2\codebook\node_modules\@angular\core\fesm2022\core.mjs:17289:19)
    at NodeInjectorFactory.UserComponent_Factory [as factory] (ng:///UserComponent/ɵfac.js:5:57)
    at getNodeInjectable (C:\Angular project-2\codebook\node_modules\@angular\core\fesm2022\core.mjs:5323:44)
    at instantiateAllDirectives (C:\Angular project-2\codebook\node_modules\@angular\core\fesm2022\core.mjs:12562:27)
    at createDirectivesInstances (C:\Angular project-2\codebook\node_modules\@angular\core\fesm2022\core.mjs:12352:5)
    at ɵɵelementStart (C:\Angular project-2\codebook\node_modules\@angular\core\fesm2022\core.mjs:27901:9)
    at ɵɵelement (C:\Angular project-2\codebook\node_modules\@angular\core\fesm2022\core.mjs:27956:5)
    at MainDashboardComponent_Template (ng:///MainDashboardComponent.js:205:9)
    at executeTemplate (C:\Angular project-2\codebook\node_modules\@angular\core\fesm2022\core.mjs:12338:9)
    at renderView (C:\Angular project-2\codebook\node_modules\@angular\core\fesm2022\core.mjs:12844:13)
    at renderComponent (C:\Angular project-2\codebook\node_modules\@angular\core\fesm2022\core.mjs:12789:5)
    at renderChildComponents (C:\Angular project-2\codebook\node_modules\@angular\core\fesm2022\core.mjs:12892:9)
    at renderView (C:\Angular project-2\codebook\node_modules\@angular\core\fesm2022\core.mjs:12872:13)
    at ComponentFactory2.create (C:\Angular project-2\codebook\node_modules\@angular\core\fesm2022\core.mjs:17954:17)
    at initComponent (C:\Angular project-2\codebook\node_modules\@angular\core\fesm2022\testing.mjs:2053:51)
    at _ZoneDelegate.invoke (C:\Angular project-2\codebook\node_modules\zone.js\bundles\zone.umd.js:416:32)
    at ProxyZoneSpec.Object.<anonymous>.ProxyZoneSpec.onInvoke (C:\Angular project-2\codebook\node_modules\zone.js\bundles\zone-testing.umd.js:2177:43)
    at _ZoneDelegate.invoke (C:\Angular project-2\codebook\node_modules\zone.js\bundles\zone.umd.js:415:38)
    at Object.onInvoke (C:\Angular project-2\codebook\node_modules\@angular\core\fesm2022\core.mjs:6528:33)
    at _ZoneDelegate.invoke (C:\Angular project-2\codebook\node_modules\zone.js\bundles\zone.umd.js:415:38)
    at ZoneImpl.run (C:\Angular project-2\codebook\node_modules\zone.js\bundles\zone.umd.js:147:47)
    at NgZone.run (C:\Angular project-2\codebook\node_modules\@angular\core\fesm2022\core.mjs:6374:28)
    at _TestBedImpl.createComponent (C:\Angular project-2\codebook\node_modules\@angular\core\fesm2022\testing.mjs:2058:41)
    at Function.createComponent (C:\Angular project-2\codebook\node_modules\@angular\core\fesm2022\testing.mjs:1844:37)
    at C:\Angular project-2\codebook\src\app\main-dashboard\main-dashboard.component.spec.ts:102:23
    at Generator.next (<anonymous>)
    at fulfilled (C:\Angular project-2\codebook\node_modules\tslib\tslib.js:167:62)
    at _ZoneDelegate.invoke (C:\Angular project-2\codebook\node_modules\zone.js\bundles\zone.umd.js:416:32)
    at ProxyZoneSpec.Object.<anonymous>.ProxyZoneSpec.onInvoke (C:\Angular project-2\codebook\node_modules\zone.js\bundles\zone-testing.umd.js:2177:43)
    at _ZoneDelegate.invoke (C:\Angular project-2\codebook\node_modules\zone.js\bundles\zone.umd.js:415:38)
    at ZoneImpl.run (C:\Angular project-2\codebook\node_modules\zone.js\bundles\zone.umd.js:147:47)
    at C:\Angular project-2\codebook\node_modules\zone.js\bundles\zone.umd.js:2598:42
    at _ZoneDelegate.invokeTask (C:\Angular project-2\codebook\node_modules\zone.js\bundles\zone.umd.js:449:37)
    at ProxyZoneSpec.Object.<anonymous>.ProxyZoneSpec.onInvokeTask (C:\Angular project-2\codebook\node_modules\zone.js\bundles\zone-testing.umd.js:2208:43)
    at _ZoneDelegate.invokeTask (C:\Angular project-2\codebook\node_modules\zone.js\bundles\zone.umd.js:448:42)
    at ZoneImpl.runTask (C:\Angular project-2\codebook\node_modules\zone.js\bundles\zone.umd.js:196:51)
    at drainMicroTaskQueue (C:\Angular project-2\codebook\node_modules\zone.js\bundles\zone.umd.js:638:39)
    at processTicksAndRejections (node:internal/process/task_queues:105:5)]]></failure>
    </testCase>
    <testCase name="MainDashboardComponent should open and interact with dark mode menu" duration="23">
      <failure message="NullInjectorError: R3InjectorError(Standalone[MainDashboardComponent])[AuthService -&gt; AuthService -&gt; _SignalStore -&gt; _HttpClient -&gt; _HttpClient]: "><![CDATA[NullInjectorError: R3InjectorError(Standalone[MainDashboardComponent])[AuthService -> AuthService -> _SignalStore -> _HttpClient -> _HttpClient]: 
  NullInjectorError: No provider for _HttpClient!
    at NullInjector.get (C:\Angular project-2\codebook\node_modules\@angular\core\fesm2022\core.mjs:1624:27)
    at R3Injector.get (C:\Angular project-2\codebook\node_modules\@angular\core\fesm2022\core.mjs:2151:33)
    at R3Injector.get (C:\Angular project-2\codebook\node_modules\@angular\core\fesm2022\core.mjs:2151:33)
    at injectInjectorOnly (C:\Angular project-2\codebook\node_modules\@angular\core\fesm2022\core.mjs:1119:32)
    at ɵɵinject (C:\Angular project-2\codebook\node_modules\@angular\core\fesm2022\core.mjs:1125:42)
    at inject (C:\Angular project-2\codebook\node_modules\@angular\core\fesm2022\core.mjs:1211:12)
    at C:\Angular project-2\codebook\src\app\login\auth.store.ts:38:36
    at C:\Angular project-2\codebook\node_modules\@ngrx\signals\fesm2022\ngrx-signals.mjs:322:25
    at C:\Angular project-2\codebook\node_modules\@ngrx\signals\fesm2022\ngrx-signals.mjs:171:68
    at Array.reduce (<anonymous>)
    at new _SignalStore (C:\Angular project-2\codebook\node_modules\@ngrx\signals\fesm2022\ngrx-signals.mjs:171:41)
    at Object._SignalStore_Factory [as factory] (ng:///_SignalStore/ɵfac.js:5:10)
    at C:\Angular project-2\codebook\node_modules\@angular\core\fesm2022\core.mjs:2274:47
    at runInInjectorProfilerContext (C:\Angular project-2\codebook\node_modules\@angular\core\fesm2022\core.mjs:880:9)
    at R3Injector.hydrate (C:\Angular project-2\codebook\node_modules\@angular\core\fesm2022\core.mjs:2273:21)
    at R3Injector.get (C:\Angular project-2\codebook\node_modules\@angular\core\fesm2022\core.mjs:2141:33)
    at injectInjectorOnly (C:\Angular project-2\codebook\node_modules\@angular\core\fesm2022\core.mjs:1119:32)
    at ɵɵinject (C:\Angular project-2\codebook\node_modules\@angular\core\fesm2022\core.mjs:1125:42)
    at inject (C:\Angular project-2\codebook\node_modules\@angular\core\fesm2022\core.mjs:1211:12)
    at new AuthService (C:\Angular project-2\codebook\src\app\login\auth.service.ts:6:29)
    at Object.AuthService_Factory [as factory] (ng:///AuthService/ɵfac.js:5:10)
    at C:\Angular project-2\codebook\node_modules\@angular\core\fesm2022\core.mjs:2274:47
    at runInInjectorProfilerContext (C:\Angular project-2\codebook\node_modules\@angular\core\fesm2022\core.mjs:880:9)
    at R3Injector.hydrate (C:\Angular project-2\codebook\node_modules\@angular\core\fesm2022\core.mjs:2273:21)
    at R3Injector.get (C:\Angular project-2\codebook\node_modules\@angular\core\fesm2022\core.mjs:2141:33)
    at R3Injector.get (C:\Angular project-2\codebook\node_modules\@angular\core\fesm2022\core.mjs:2151:33)
    at ChainedInjector.get (C:\Angular project-2\codebook\node_modules\@angular\core\fesm2022\core.mjs:17238:36)
    at lookupTokenUsingModuleInjector (C:\Angular project-2\codebook\node_modules\@angular\core\fesm2022\core.mjs:5063:39)
    at getOrCreateInjectable (C:\Angular project-2\codebook\node_modules\@angular\core\fesm2022\core.mjs:5111:12)
    at ɵɵdirectiveInject (C:\Angular project-2\codebook\node_modules\@angular\core\fesm2022\core.mjs:17289:19)
    at NodeInjectorFactory.UserComponent_Factory [as factory] (ng:///UserComponent/ɵfac.js:5:57)
    at getNodeInjectable (C:\Angular project-2\codebook\node_modules\@angular\core\fesm2022\core.mjs:5323:44)
    at instantiateAllDirectives (C:\Angular project-2\codebook\node_modules\@angular\core\fesm2022\core.mjs:12562:27)
    at createDirectivesInstances (C:\Angular project-2\codebook\node_modules\@angular\core\fesm2022\core.mjs:12352:5)
    at ɵɵelementStart (C:\Angular project-2\codebook\node_modules\@angular\core\fesm2022\core.mjs:27901:9)
    at ɵɵelement (C:\Angular project-2\codebook\node_modules\@angular\core\fesm2022\core.mjs:27956:5)
    at MainDashboardComponent_Template (ng:///MainDashboardComponent.js:205:9)
    at executeTemplate (C:\Angular project-2\codebook\node_modules\@angular\core\fesm2022\core.mjs:12338:9)
    at renderView (C:\Angular project-2\codebook\node_modules\@angular\core\fesm2022\core.mjs:12844:13)
    at renderComponent (C:\Angular project-2\codebook\node_modules\@angular\core\fesm2022\core.mjs:12789:5)
    at renderChildComponents (C:\Angular project-2\codebook\node_modules\@angular\core\fesm2022\core.mjs:12892:9)
    at renderView (C:\Angular project-2\codebook\node_modules\@angular\core\fesm2022\core.mjs:12872:13)
    at ComponentFactory2.create (C:\Angular project-2\codebook\node_modules\@angular\core\fesm2022\core.mjs:17954:17)
    at initComponent (C:\Angular project-2\codebook\node_modules\@angular\core\fesm2022\testing.mjs:2053:51)
    at _ZoneDelegate.invoke (C:\Angular project-2\codebook\node_modules\zone.js\bundles\zone.umd.js:416:32)
    at ProxyZoneSpec.Object.<anonymous>.ProxyZoneSpec.onInvoke (C:\Angular project-2\codebook\node_modules\zone.js\bundles\zone-testing.umd.js:2177:43)
    at _ZoneDelegate.invoke (C:\Angular project-2\codebook\node_modules\zone.js\bundles\zone.umd.js:415:38)
    at Object.onInvoke (C:\Angular project-2\codebook\node_modules\@angular\core\fesm2022\core.mjs:6528:33)
    at _ZoneDelegate.invoke (C:\Angular project-2\codebook\node_modules\zone.js\bundles\zone.umd.js:415:38)
    at ZoneImpl.run (C:\Angular project-2\codebook\node_modules\zone.js\bundles\zone.umd.js:147:47)
    at NgZone.run (C:\Angular project-2\codebook\node_modules\@angular\core\fesm2022\core.mjs:6374:28)
    at _TestBedImpl.createComponent (C:\Angular project-2\codebook\node_modules\@angular\core\fesm2022\testing.mjs:2058:41)
    at Function.createComponent (C:\Angular project-2\codebook\node_modules\@angular\core\fesm2022\testing.mjs:1844:37)
    at C:\Angular project-2\codebook\src\app\main-dashboard\main-dashboard.component.spec.ts:102:23
    at Generator.next (<anonymous>)
    at fulfilled (C:\Angular project-2\codebook\node_modules\tslib\tslib.js:167:62)
    at _ZoneDelegate.invoke (C:\Angular project-2\codebook\node_modules\zone.js\bundles\zone.umd.js:416:32)
    at ProxyZoneSpec.Object.<anonymous>.ProxyZoneSpec.onInvoke (C:\Angular project-2\codebook\node_modules\zone.js\bundles\zone-testing.umd.js:2177:43)
    at _ZoneDelegate.invoke (C:\Angular project-2\codebook\node_modules\zone.js\bundles\zone.umd.js:415:38)
    at ZoneImpl.run (C:\Angular project-2\codebook\node_modules\zone.js\bundles\zone.umd.js:147:47)
    at C:\Angular project-2\codebook\node_modules\zone.js\bundles\zone.umd.js:2598:42
    at _ZoneDelegate.invokeTask (C:\Angular project-2\codebook\node_modules\zone.js\bundles\zone.umd.js:449:37)
    at ProxyZoneSpec.Object.<anonymous>.ProxyZoneSpec.onInvokeTask (C:\Angular project-2\codebook\node_modules\zone.js\bundles\zone-testing.umd.js:2208:43)
    at _ZoneDelegate.invokeTask (C:\Angular project-2\codebook\node_modules\zone.js\bundles\zone.umd.js:448:42)
    at ZoneImpl.runTask (C:\Angular project-2\codebook\node_modules\zone.js\bundles\zone.umd.js:196:51)
    at drainMicroTaskQueue (C:\Angular project-2\codebook\node_modules\zone.js\bundles\zone.umd.js:638:39)
    at processTicksAndRejections (node:internal/process/task_queues:105:5)]]></failure>
    </testCase>
    <testCase name="MainDashboardComponent should open and interact with color theme menu" duration="27">
      <failure message="NullInjectorError: R3InjectorError(Standalone[MainDashboardComponent])[AuthService -&gt; AuthService -&gt; _SignalStore -&gt; _HttpClient -&gt; _HttpClient]: "><![CDATA[NullInjectorError: R3InjectorError(Standalone[MainDashboardComponent])[AuthService -> AuthService -> _SignalStore -> _HttpClient -> _HttpClient]: 
  NullInjectorError: No provider for _HttpClient!
    at NullInjector.get (C:\Angular project-2\codebook\node_modules\@angular\core\fesm2022\core.mjs:1624:27)
    at R3Injector.get (C:\Angular project-2\codebook\node_modules\@angular\core\fesm2022\core.mjs:2151:33)
    at R3Injector.get (C:\Angular project-2\codebook\node_modules\@angular\core\fesm2022\core.mjs:2151:33)
    at injectInjectorOnly (C:\Angular project-2\codebook\node_modules\@angular\core\fesm2022\core.mjs:1119:32)
    at ɵɵinject (C:\Angular project-2\codebook\node_modules\@angular\core\fesm2022\core.mjs:1125:42)
    at inject (C:\Angular project-2\codebook\node_modules\@angular\core\fesm2022\core.mjs:1211:12)
    at C:\Angular project-2\codebook\src\app\login\auth.store.ts:38:36
    at C:\Angular project-2\codebook\node_modules\@ngrx\signals\fesm2022\ngrx-signals.mjs:322:25
    at C:\Angular project-2\codebook\node_modules\@ngrx\signals\fesm2022\ngrx-signals.mjs:171:68
    at Array.reduce (<anonymous>)
    at new _SignalStore (C:\Angular project-2\codebook\node_modules\@ngrx\signals\fesm2022\ngrx-signals.mjs:171:41)
    at Object._SignalStore_Factory [as factory] (ng:///_SignalStore/ɵfac.js:5:10)
    at C:\Angular project-2\codebook\node_modules\@angular\core\fesm2022\core.mjs:2274:47
    at runInInjectorProfilerContext (C:\Angular project-2\codebook\node_modules\@angular\core\fesm2022\core.mjs:880:9)
    at R3Injector.hydrate (C:\Angular project-2\codebook\node_modules\@angular\core\fesm2022\core.mjs:2273:21)
    at R3Injector.get (C:\Angular project-2\codebook\node_modules\@angular\core\fesm2022\core.mjs:2141:33)
    at injectInjectorOnly (C:\Angular project-2\codebook\node_modules\@angular\core\fesm2022\core.mjs:1119:32)
    at ɵɵinject (C:\Angular project-2\codebook\node_modules\@angular\core\fesm2022\core.mjs:1125:42)
    at inject (C:\Angular project-2\codebook\node_modules\@angular\core\fesm2022\core.mjs:1211:12)
    at new AuthService (C:\Angular project-2\codebook\src\app\login\auth.service.ts:6:29)
    at Object.AuthService_Factory [as factory] (ng:///AuthService/ɵfac.js:5:10)
    at C:\Angular project-2\codebook\node_modules\@angular\core\fesm2022\core.mjs:2274:47
    at runInInjectorProfilerContext (C:\Angular project-2\codebook\node_modules\@angular\core\fesm2022\core.mjs:880:9)
    at R3Injector.hydrate (C:\Angular project-2\codebook\node_modules\@angular\core\fesm2022\core.mjs:2273:21)
    at R3Injector.get (C:\Angular project-2\codebook\node_modules\@angular\core\fesm2022\core.mjs:2141:33)
    at R3Injector.get (C:\Angular project-2\codebook\node_modules\@angular\core\fesm2022\core.mjs:2151:33)
    at ChainedInjector.get (C:\Angular project-2\codebook\node_modules\@angular\core\fesm2022\core.mjs:17238:36)
    at lookupTokenUsingModuleInjector (C:\Angular project-2\codebook\node_modules\@angular\core\fesm2022\core.mjs:5063:39)
    at getOrCreateInjectable (C:\Angular project-2\codebook\node_modules\@angular\core\fesm2022\core.mjs:5111:12)
    at ɵɵdirectiveInject (C:\Angular project-2\codebook\node_modules\@angular\core\fesm2022\core.mjs:17289:19)
    at NodeInjectorFactory.UserComponent_Factory [as factory] (ng:///UserComponent/ɵfac.js:5:57)
    at getNodeInjectable (C:\Angular project-2\codebook\node_modules\@angular\core\fesm2022\core.mjs:5323:44)
    at instantiateAllDirectives (C:\Angular project-2\codebook\node_modules\@angular\core\fesm2022\core.mjs:12562:27)
    at createDirectivesInstances (C:\Angular project-2\codebook\node_modules\@angular\core\fesm2022\core.mjs:12352:5)
    at ɵɵelementStart (C:\Angular project-2\codebook\node_modules\@angular\core\fesm2022\core.mjs:27901:9)
    at ɵɵelement (C:\Angular project-2\codebook\node_modules\@angular\core\fesm2022\core.mjs:27956:5)
    at MainDashboardComponent_Template (ng:///MainDashboardComponent.js:205:9)
    at executeTemplate (C:\Angular project-2\codebook\node_modules\@angular\core\fesm2022\core.mjs:12338:9)
    at renderView (C:\Angular project-2\codebook\node_modules\@angular\core\fesm2022\core.mjs:12844:13)
    at renderComponent (C:\Angular project-2\codebook\node_modules\@angular\core\fesm2022\core.mjs:12789:5)
    at renderChildComponents (C:\Angular project-2\codebook\node_modules\@angular\core\fesm2022\core.mjs:12892:9)
    at renderView (C:\Angular project-2\codebook\node_modules\@angular\core\fesm2022\core.mjs:12872:13)
    at ComponentFactory2.create (C:\Angular project-2\codebook\node_modules\@angular\core\fesm2022\core.mjs:17954:17)
    at initComponent (C:\Angular project-2\codebook\node_modules\@angular\core\fesm2022\testing.mjs:2053:51)
    at _ZoneDelegate.invoke (C:\Angular project-2\codebook\node_modules\zone.js\bundles\zone.umd.js:416:32)
    at ProxyZoneSpec.Object.<anonymous>.ProxyZoneSpec.onInvoke (C:\Angular project-2\codebook\node_modules\zone.js\bundles\zone-testing.umd.js:2177:43)
    at _ZoneDelegate.invoke (C:\Angular project-2\codebook\node_modules\zone.js\bundles\zone.umd.js:415:38)
    at Object.onInvoke (C:\Angular project-2\codebook\node_modules\@angular\core\fesm2022\core.mjs:6528:33)
    at _ZoneDelegate.invoke (C:\Angular project-2\codebook\node_modules\zone.js\bundles\zone.umd.js:415:38)
    at ZoneImpl.run (C:\Angular project-2\codebook\node_modules\zone.js\bundles\zone.umd.js:147:47)
    at NgZone.run (C:\Angular project-2\codebook\node_modules\@angular\core\fesm2022\core.mjs:6374:28)
    at _TestBedImpl.createComponent (C:\Angular project-2\codebook\node_modules\@angular\core\fesm2022\testing.mjs:2058:41)
    at Function.createComponent (C:\Angular project-2\codebook\node_modules\@angular\core\fesm2022\testing.mjs:1844:37)
    at C:\Angular project-2\codebook\src\app\main-dashboard\main-dashboard.component.spec.ts:102:23
    at Generator.next (<anonymous>)
    at fulfilled (C:\Angular project-2\codebook\node_modules\tslib\tslib.js:167:62)
    at _ZoneDelegate.invoke (C:\Angular project-2\codebook\node_modules\zone.js\bundles\zone.umd.js:416:32)
    at ProxyZoneSpec.Object.<anonymous>.ProxyZoneSpec.onInvoke (C:\Angular project-2\codebook\node_modules\zone.js\bundles\zone-testing.umd.js:2177:43)
    at _ZoneDelegate.invoke (C:\Angular project-2\codebook\node_modules\zone.js\bundles\zone.umd.js:415:38)
    at ZoneImpl.run (C:\Angular project-2\codebook\node_modules\zone.js\bundles\zone.umd.js:147:47)
    at C:\Angular project-2\codebook\node_modules\zone.js\bundles\zone.umd.js:2598:42
    at _ZoneDelegate.invokeTask (C:\Angular project-2\codebook\node_modules\zone.js\bundles\zone.umd.js:449:37)
    at ProxyZoneSpec.Object.<anonymous>.ProxyZoneSpec.onInvokeTask (C:\Angular project-2\codebook\node_modules\zone.js\bundles\zone-testing.umd.js:2208:43)
    at _ZoneDelegate.invokeTask (C:\Angular project-2\codebook\node_modules\zone.js\bundles\zone.umd.js:448:42)
    at ZoneImpl.runTask (C:\Angular project-2\codebook\node_modules\zone.js\bundles\zone.umd.js:196:51)
    at drainMicroTaskQueue (C:\Angular project-2\codebook\node_modules\zone.js\bundles\zone.umd.js:638:39)
    at processTicksAndRejections (node:internal/process/task_queues:105:5)]]></failure>
    </testCase>
    <testCase name="MainDashboardComponent should open and interact with language menu" duration="21">
      <failure message="NullInjectorError: R3InjectorError(Standalone[MainDashboardComponent])[AuthService -&gt; AuthService -&gt; _SignalStore -&gt; _HttpClient -&gt; _HttpClient]: "><![CDATA[NullInjectorError: R3InjectorError(Standalone[MainDashboardComponent])[AuthService -> AuthService -> _SignalStore -> _HttpClient -> _HttpClient]: 
  NullInjectorError: No provider for _HttpClient!
    at NullInjector.get (C:\Angular project-2\codebook\node_modules\@angular\core\fesm2022\core.mjs:1624:27)
    at R3Injector.get (C:\Angular project-2\codebook\node_modules\@angular\core\fesm2022\core.mjs:2151:33)
    at R3Injector.get (C:\Angular project-2\codebook\node_modules\@angular\core\fesm2022\core.mjs:2151:33)
    at injectInjectorOnly (C:\Angular project-2\codebook\node_modules\@angular\core\fesm2022\core.mjs:1119:32)
    at ɵɵinject (C:\Angular project-2\codebook\node_modules\@angular\core\fesm2022\core.mjs:1125:42)
    at inject (C:\Angular project-2\codebook\node_modules\@angular\core\fesm2022\core.mjs:1211:12)
    at C:\Angular project-2\codebook\src\app\login\auth.store.ts:38:36
    at C:\Angular project-2\codebook\node_modules\@ngrx\signals\fesm2022\ngrx-signals.mjs:322:25
    at C:\Angular project-2\codebook\node_modules\@ngrx\signals\fesm2022\ngrx-signals.mjs:171:68
    at Array.reduce (<anonymous>)
    at new _SignalStore (C:\Angular project-2\codebook\node_modules\@ngrx\signals\fesm2022\ngrx-signals.mjs:171:41)
    at Object._SignalStore_Factory [as factory] (ng:///_SignalStore/ɵfac.js:5:10)
    at C:\Angular project-2\codebook\node_modules\@angular\core\fesm2022\core.mjs:2274:47
    at runInInjectorProfilerContext (C:\Angular project-2\codebook\node_modules\@angular\core\fesm2022\core.mjs:880:9)
    at R3Injector.hydrate (C:\Angular project-2\codebook\node_modules\@angular\core\fesm2022\core.mjs:2273:21)
    at R3Injector.get (C:\Angular project-2\codebook\node_modules\@angular\core\fesm2022\core.mjs:2141:33)
    at injectInjectorOnly (C:\Angular project-2\codebook\node_modules\@angular\core\fesm2022\core.mjs:1119:32)
    at ɵɵinject (C:\Angular project-2\codebook\node_modules\@angular\core\fesm2022\core.mjs:1125:42)
    at inject (C:\Angular project-2\codebook\node_modules\@angular\core\fesm2022\core.mjs:1211:12)
    at new AuthService (C:\Angular project-2\codebook\src\app\login\auth.service.ts:6:29)
    at Object.AuthService_Factory [as factory] (ng:///AuthService/ɵfac.js:5:10)
    at C:\Angular project-2\codebook\node_modules\@angular\core\fesm2022\core.mjs:2274:47
    at runInInjectorProfilerContext (C:\Angular project-2\codebook\node_modules\@angular\core\fesm2022\core.mjs:880:9)
    at R3Injector.hydrate (C:\Angular project-2\codebook\node_modules\@angular\core\fesm2022\core.mjs:2273:21)
    at R3Injector.get (C:\Angular project-2\codebook\node_modules\@angular\core\fesm2022\core.mjs:2141:33)
    at R3Injector.get (C:\Angular project-2\codebook\node_modules\@angular\core\fesm2022\core.mjs:2151:33)
    at ChainedInjector.get (C:\Angular project-2\codebook\node_modules\@angular\core\fesm2022\core.mjs:17238:36)
    at lookupTokenUsingModuleInjector (C:\Angular project-2\codebook\node_modules\@angular\core\fesm2022\core.mjs:5063:39)
    at getOrCreateInjectable (C:\Angular project-2\codebook\node_modules\@angular\core\fesm2022\core.mjs:5111:12)
    at ɵɵdirectiveInject (C:\Angular project-2\codebook\node_modules\@angular\core\fesm2022\core.mjs:17289:19)
    at NodeInjectorFactory.UserComponent_Factory [as factory] (ng:///UserComponent/ɵfac.js:5:57)
    at getNodeInjectable (C:\Angular project-2\codebook\node_modules\@angular\core\fesm2022\core.mjs:5323:44)
    at instantiateAllDirectives (C:\Angular project-2\codebook\node_modules\@angular\core\fesm2022\core.mjs:12562:27)
    at createDirectivesInstances (C:\Angular project-2\codebook\node_modules\@angular\core\fesm2022\core.mjs:12352:5)
    at ɵɵelementStart (C:\Angular project-2\codebook\node_modules\@angular\core\fesm2022\core.mjs:27901:9)
    at ɵɵelement (C:\Angular project-2\codebook\node_modules\@angular\core\fesm2022\core.mjs:27956:5)
    at MainDashboardComponent_Template (ng:///MainDashboardComponent.js:205:9)
    at executeTemplate (C:\Angular project-2\codebook\node_modules\@angular\core\fesm2022\core.mjs:12338:9)
    at renderView (C:\Angular project-2\codebook\node_modules\@angular\core\fesm2022\core.mjs:12844:13)
    at renderComponent (C:\Angular project-2\codebook\node_modules\@angular\core\fesm2022\core.mjs:12789:5)
    at renderChildComponents (C:\Angular project-2\codebook\node_modules\@angular\core\fesm2022\core.mjs:12892:9)
    at renderView (C:\Angular project-2\codebook\node_modules\@angular\core\fesm2022\core.mjs:12872:13)
    at ComponentFactory2.create (C:\Angular project-2\codebook\node_modules\@angular\core\fesm2022\core.mjs:17954:17)
    at initComponent (C:\Angular project-2\codebook\node_modules\@angular\core\fesm2022\testing.mjs:2053:51)
    at _ZoneDelegate.invoke (C:\Angular project-2\codebook\node_modules\zone.js\bundles\zone.umd.js:416:32)
    at ProxyZoneSpec.Object.<anonymous>.ProxyZoneSpec.onInvoke (C:\Angular project-2\codebook\node_modules\zone.js\bundles\zone-testing.umd.js:2177:43)
    at _ZoneDelegate.invoke (C:\Angular project-2\codebook\node_modules\zone.js\bundles\zone.umd.js:415:38)
    at Object.onInvoke (C:\Angular project-2\codebook\node_modules\@angular\core\fesm2022\core.mjs:6528:33)
    at _ZoneDelegate.invoke (C:\Angular project-2\codebook\node_modules\zone.js\bundles\zone.umd.js:415:38)
    at ZoneImpl.run (C:\Angular project-2\codebook\node_modules\zone.js\bundles\zone.umd.js:147:47)
    at NgZone.run (C:\Angular project-2\codebook\node_modules\@angular\core\fesm2022\core.mjs:6374:28)
    at _TestBedImpl.createComponent (C:\Angular project-2\codebook\node_modules\@angular\core\fesm2022\testing.mjs:2058:41)
    at Function.createComponent (C:\Angular project-2\codebook\node_modules\@angular\core\fesm2022\testing.mjs:1844:37)
    at C:\Angular project-2\codebook\src\app\main-dashboard\main-dashboard.component.spec.ts:102:23
    at Generator.next (<anonymous>)
    at fulfilled (C:\Angular project-2\codebook\node_modules\tslib\tslib.js:167:62)
    at _ZoneDelegate.invoke (C:\Angular project-2\codebook\node_modules\zone.js\bundles\zone.umd.js:416:32)
    at ProxyZoneSpec.Object.<anonymous>.ProxyZoneSpec.onInvoke (C:\Angular project-2\codebook\node_modules\zone.js\bundles\zone-testing.umd.js:2177:43)
    at _ZoneDelegate.invoke (C:\Angular project-2\codebook\node_modules\zone.js\bundles\zone.umd.js:415:38)
    at ZoneImpl.run (C:\Angular project-2\codebook\node_modules\zone.js\bundles\zone.umd.js:147:47)
    at C:\Angular project-2\codebook\node_modules\zone.js\bundles\zone.umd.js:2598:42
    at _ZoneDelegate.invokeTask (C:\Angular project-2\codebook\node_modules\zone.js\bundles\zone.umd.js:449:37)
    at ProxyZoneSpec.Object.<anonymous>.ProxyZoneSpec.onInvokeTask (C:\Angular project-2\codebook\node_modules\zone.js\bundles\zone-testing.umd.js:2208:43)
    at _ZoneDelegate.invokeTask (C:\Angular project-2\codebook\node_modules\zone.js\bundles\zone.umd.js:448:42)
    at ZoneImpl.runTask (C:\Angular project-2\codebook\node_modules\zone.js\bundles\zone.umd.js:196:51)
    at drainMicroTaskQueue (C:\Angular project-2\codebook\node_modules\zone.js\bundles\zone.umd.js:638:39)
    at processTicksAndRejections (node:internal/process/task_queues:105:5)]]></failure>
    </testCase>
    <testCase name="MainDashboardComponent should open and interact with mobile menu" duration="21">
      <failure message="NullInjectorError: R3InjectorError(Standalone[MainDashboardComponent])[AuthService -&gt; AuthService -&gt; _SignalStore -&gt; _HttpClient -&gt; _HttpClient]: "><![CDATA[NullInjectorError: R3InjectorError(Standalone[MainDashboardComponent])[AuthService -> AuthService -> _SignalStore -> _HttpClient -> _HttpClient]: 
  NullInjectorError: No provider for _HttpClient!
    at NullInjector.get (C:\Angular project-2\codebook\node_modules\@angular\core\fesm2022\core.mjs:1624:27)
    at R3Injector.get (C:\Angular project-2\codebook\node_modules\@angular\core\fesm2022\core.mjs:2151:33)
    at R3Injector.get (C:\Angular project-2\codebook\node_modules\@angular\core\fesm2022\core.mjs:2151:33)
    at injectInjectorOnly (C:\Angular project-2\codebook\node_modules\@angular\core\fesm2022\core.mjs:1119:32)
    at ɵɵinject (C:\Angular project-2\codebook\node_modules\@angular\core\fesm2022\core.mjs:1125:42)
    at inject (C:\Angular project-2\codebook\node_modules\@angular\core\fesm2022\core.mjs:1211:12)
    at C:\Angular project-2\codebook\src\app\login\auth.store.ts:38:36
    at C:\Angular project-2\codebook\node_modules\@ngrx\signals\fesm2022\ngrx-signals.mjs:322:25
    at C:\Angular project-2\codebook\node_modules\@ngrx\signals\fesm2022\ngrx-signals.mjs:171:68
    at Array.reduce (<anonymous>)
    at new _SignalStore (C:\Angular project-2\codebook\node_modules\@ngrx\signals\fesm2022\ngrx-signals.mjs:171:41)
    at Object._SignalStore_Factory [as factory] (ng:///_SignalStore/ɵfac.js:5:10)
    at C:\Angular project-2\codebook\node_modules\@angular\core\fesm2022\core.mjs:2274:47
    at runInInjectorProfilerContext (C:\Angular project-2\codebook\node_modules\@angular\core\fesm2022\core.mjs:880:9)
    at R3Injector.hydrate (C:\Angular project-2\codebook\node_modules\@angular\core\fesm2022\core.mjs:2273:21)
    at R3Injector.get (C:\Angular project-2\codebook\node_modules\@angular\core\fesm2022\core.mjs:2141:33)
    at injectInjectorOnly (C:\Angular project-2\codebook\node_modules\@angular\core\fesm2022\core.mjs:1119:32)
    at ɵɵinject (C:\Angular project-2\codebook\node_modules\@angular\core\fesm2022\core.mjs:1125:42)
    at inject (C:\Angular project-2\codebook\node_modules\@angular\core\fesm2022\core.mjs:1211:12)
    at new AuthService (C:\Angular project-2\codebook\src\app\login\auth.service.ts:6:29)
    at Object.AuthService_Factory [as factory] (ng:///AuthService/ɵfac.js:5:10)
    at C:\Angular project-2\codebook\node_modules\@angular\core\fesm2022\core.mjs:2274:47
    at runInInjectorProfilerContext (C:\Angular project-2\codebook\node_modules\@angular\core\fesm2022\core.mjs:880:9)
    at R3Injector.hydrate (C:\Angular project-2\codebook\node_modules\@angular\core\fesm2022\core.mjs:2273:21)
    at R3Injector.get (C:\Angular project-2\codebook\node_modules\@angular\core\fesm2022\core.mjs:2141:33)
    at R3Injector.get (C:\Angular project-2\codebook\node_modules\@angular\core\fesm2022\core.mjs:2151:33)
    at ChainedInjector.get (C:\Angular project-2\codebook\node_modules\@angular\core\fesm2022\core.mjs:17238:36)
    at lookupTokenUsingModuleInjector (C:\Angular project-2\codebook\node_modules\@angular\core\fesm2022\core.mjs:5063:39)
    at getOrCreateInjectable (C:\Angular project-2\codebook\node_modules\@angular\core\fesm2022\core.mjs:5111:12)
    at ɵɵdirectiveInject (C:\Angular project-2\codebook\node_modules\@angular\core\fesm2022\core.mjs:17289:19)
    at NodeInjectorFactory.UserComponent_Factory [as factory] (ng:///UserComponent/ɵfac.js:5:57)
    at getNodeInjectable (C:\Angular project-2\codebook\node_modules\@angular\core\fesm2022\core.mjs:5323:44)
    at instantiateAllDirectives (C:\Angular project-2\codebook\node_modules\@angular\core\fesm2022\core.mjs:12562:27)
    at createDirectivesInstances (C:\Angular project-2\codebook\node_modules\@angular\core\fesm2022\core.mjs:12352:5)
    at ɵɵelementStart (C:\Angular project-2\codebook\node_modules\@angular\core\fesm2022\core.mjs:27901:9)
    at ɵɵelement (C:\Angular project-2\codebook\node_modules\@angular\core\fesm2022\core.mjs:27956:5)
    at MainDashboardComponent_Template (ng:///MainDashboardComponent.js:205:9)
    at executeTemplate (C:\Angular project-2\codebook\node_modules\@angular\core\fesm2022\core.mjs:12338:9)
    at renderView (C:\Angular project-2\codebook\node_modules\@angular\core\fesm2022\core.mjs:12844:13)
    at renderComponent (C:\Angular project-2\codebook\node_modules\@angular\core\fesm2022\core.mjs:12789:5)
    at renderChildComponents (C:\Angular project-2\codebook\node_modules\@angular\core\fesm2022\core.mjs:12892:9)
    at renderView (C:\Angular project-2\codebook\node_modules\@angular\core\fesm2022\core.mjs:12872:13)
    at ComponentFactory2.create (C:\Angular project-2\codebook\node_modules\@angular\core\fesm2022\core.mjs:17954:17)
    at initComponent (C:\Angular project-2\codebook\node_modules\@angular\core\fesm2022\testing.mjs:2053:51)
    at _ZoneDelegate.invoke (C:\Angular project-2\codebook\node_modules\zone.js\bundles\zone.umd.js:416:32)
    at ProxyZoneSpec.Object.<anonymous>.ProxyZoneSpec.onInvoke (C:\Angular project-2\codebook\node_modules\zone.js\bundles\zone-testing.umd.js:2177:43)
    at _ZoneDelegate.invoke (C:\Angular project-2\codebook\node_modules\zone.js\bundles\zone.umd.js:415:38)
    at Object.onInvoke (C:\Angular project-2\codebook\node_modules\@angular\core\fesm2022\core.mjs:6528:33)
    at _ZoneDelegate.invoke (C:\Angular project-2\codebook\node_modules\zone.js\bundles\zone.umd.js:415:38)
    at ZoneImpl.run (C:\Angular project-2\codebook\node_modules\zone.js\bundles\zone.umd.js:147:47)
    at NgZone.run (C:\Angular project-2\codebook\node_modules\@angular\core\fesm2022\core.mjs:6374:28)
    at _TestBedImpl.createComponent (C:\Angular project-2\codebook\node_modules\@angular\core\fesm2022\testing.mjs:2058:41)
    at Function.createComponent (C:\Angular project-2\codebook\node_modules\@angular\core\fesm2022\testing.mjs:1844:37)
    at C:\Angular project-2\codebook\src\app\main-dashboard\main-dashboard.component.spec.ts:102:23
    at Generator.next (<anonymous>)
    at fulfilled (C:\Angular project-2\codebook\node_modules\tslib\tslib.js:167:62)
    at _ZoneDelegate.invoke (C:\Angular project-2\codebook\node_modules\zone.js\bundles\zone.umd.js:416:32)
    at ProxyZoneSpec.Object.<anonymous>.ProxyZoneSpec.onInvoke (C:\Angular project-2\codebook\node_modules\zone.js\bundles\zone-testing.umd.js:2177:43)
    at _ZoneDelegate.invoke (C:\Angular project-2\codebook\node_modules\zone.js\bundles\zone.umd.js:415:38)
    at ZoneImpl.run (C:\Angular project-2\codebook\node_modules\zone.js\bundles\zone.umd.js:147:47)
    at C:\Angular project-2\codebook\node_modules\zone.js\bundles\zone.umd.js:2598:42
    at _ZoneDelegate.invokeTask (C:\Angular project-2\codebook\node_modules\zone.js\bundles\zone.umd.js:449:37)
    at ProxyZoneSpec.Object.<anonymous>.ProxyZoneSpec.onInvokeTask (C:\Angular project-2\codebook\node_modules\zone.js\bundles\zone-testing.umd.js:2208:43)
    at _ZoneDelegate.invokeTask (C:\Angular project-2\codebook\node_modules\zone.js\bundles\zone.umd.js:448:42)
    at ZoneImpl.runTask (C:\Angular project-2\codebook\node_modules\zone.js\bundles\zone.umd.js:196:51)
    at drainMicroTaskQueue (C:\Angular project-2\codebook\node_modules\zone.js\bundles\zone.umd.js:638:39)
    at processTicksAndRejections (node:internal/process/task_queues:105:5)]]></failure>
    </testCase>
    <testCase name="MainDashboardComponent should apply theme-menu-item and color-preview styles" duration="31">
      <failure message="NullInjectorError: R3InjectorError(Standalone[MainDashboardComponent])[AuthService -&gt; AuthService -&gt; _SignalStore -&gt; _HttpClient -&gt; _HttpClient]: "><![CDATA[NullInjectorError: R3InjectorError(Standalone[MainDashboardComponent])[AuthService -> AuthService -> _SignalStore -> _HttpClient -> _HttpClient]: 
  NullInjectorError: No provider for _HttpClient!
    at NullInjector.get (C:\Angular project-2\codebook\node_modules\@angular\core\fesm2022\core.mjs:1624:27)
    at R3Injector.get (C:\Angular project-2\codebook\node_modules\@angular\core\fesm2022\core.mjs:2151:33)
    at R3Injector.get (C:\Angular project-2\codebook\node_modules\@angular\core\fesm2022\core.mjs:2151:33)
    at injectInjectorOnly (C:\Angular project-2\codebook\node_modules\@angular\core\fesm2022\core.mjs:1119:32)
    at ɵɵinject (C:\Angular project-2\codebook\node_modules\@angular\core\fesm2022\core.mjs:1125:42)
    at inject (C:\Angular project-2\codebook\node_modules\@angular\core\fesm2022\core.mjs:1211:12)
    at C:\Angular project-2\codebook\src\app\login\auth.store.ts:38:36
    at C:\Angular project-2\codebook\node_modules\@ngrx\signals\fesm2022\ngrx-signals.mjs:322:25
    at C:\Angular project-2\codebook\node_modules\@ngrx\signals\fesm2022\ngrx-signals.mjs:171:68
    at Array.reduce (<anonymous>)
    at new _SignalStore (C:\Angular project-2\codebook\node_modules\@ngrx\signals\fesm2022\ngrx-signals.mjs:171:41)
    at Object._SignalStore_Factory [as factory] (ng:///_SignalStore/ɵfac.js:5:10)
    at C:\Angular project-2\codebook\node_modules\@angular\core\fesm2022\core.mjs:2274:47
    at runInInjectorProfilerContext (C:\Angular project-2\codebook\node_modules\@angular\core\fesm2022\core.mjs:880:9)
    at R3Injector.hydrate (C:\Angular project-2\codebook\node_modules\@angular\core\fesm2022\core.mjs:2273:21)
    at R3Injector.get (C:\Angular project-2\codebook\node_modules\@angular\core\fesm2022\core.mjs:2141:33)
    at injectInjectorOnly (C:\Angular project-2\codebook\node_modules\@angular\core\fesm2022\core.mjs:1119:32)
    at ɵɵinject (C:\Angular project-2\codebook\node_modules\@angular\core\fesm2022\core.mjs:1125:42)
    at inject (C:\Angular project-2\codebook\node_modules\@angular\core\fesm2022\core.mjs:1211:12)
    at new AuthService (C:\Angular project-2\codebook\src\app\login\auth.service.ts:6:29)
    at Object.AuthService_Factory [as factory] (ng:///AuthService/ɵfac.js:5:10)
    at C:\Angular project-2\codebook\node_modules\@angular\core\fesm2022\core.mjs:2274:47
    at runInInjectorProfilerContext (C:\Angular project-2\codebook\node_modules\@angular\core\fesm2022\core.mjs:880:9)
    at R3Injector.hydrate (C:\Angular project-2\codebook\node_modules\@angular\core\fesm2022\core.mjs:2273:21)
    at R3Injector.get (C:\Angular project-2\codebook\node_modules\@angular\core\fesm2022\core.mjs:2141:33)
    at R3Injector.get (C:\Angular project-2\codebook\node_modules\@angular\core\fesm2022\core.mjs:2151:33)
    at ChainedInjector.get (C:\Angular project-2\codebook\node_modules\@angular\core\fesm2022\core.mjs:17238:36)
    at lookupTokenUsingModuleInjector (C:\Angular project-2\codebook\node_modules\@angular\core\fesm2022\core.mjs:5063:39)
    at getOrCreateInjectable (C:\Angular project-2\codebook\node_modules\@angular\core\fesm2022\core.mjs:5111:12)
    at ɵɵdirectiveInject (C:\Angular project-2\codebook\node_modules\@angular\core\fesm2022\core.mjs:17289:19)
    at NodeInjectorFactory.UserComponent_Factory [as factory] (ng:///UserComponent/ɵfac.js:5:57)
    at getNodeInjectable (C:\Angular project-2\codebook\node_modules\@angular\core\fesm2022\core.mjs:5323:44)
    at instantiateAllDirectives (C:\Angular project-2\codebook\node_modules\@angular\core\fesm2022\core.mjs:12562:27)
    at createDirectivesInstances (C:\Angular project-2\codebook\node_modules\@angular\core\fesm2022\core.mjs:12352:5)
    at ɵɵelementStart (C:\Angular project-2\codebook\node_modules\@angular\core\fesm2022\core.mjs:27901:9)
    at ɵɵelement (C:\Angular project-2\codebook\node_modules\@angular\core\fesm2022\core.mjs:27956:5)
    at MainDashboardComponent_Template (ng:///MainDashboardComponent.js:205:9)
    at executeTemplate (C:\Angular project-2\codebook\node_modules\@angular\core\fesm2022\core.mjs:12338:9)
    at renderView (C:\Angular project-2\codebook\node_modules\@angular\core\fesm2022\core.mjs:12844:13)
    at renderComponent (C:\Angular project-2\codebook\node_modules\@angular\core\fesm2022\core.mjs:12789:5)
    at renderChildComponents (C:\Angular project-2\codebook\node_modules\@angular\core\fesm2022\core.mjs:12892:9)
    at renderView (C:\Angular project-2\codebook\node_modules\@angular\core\fesm2022\core.mjs:12872:13)
    at ComponentFactory2.create (C:\Angular project-2\codebook\node_modules\@angular\core\fesm2022\core.mjs:17954:17)
    at initComponent (C:\Angular project-2\codebook\node_modules\@angular\core\fesm2022\testing.mjs:2053:51)
    at _ZoneDelegate.invoke (C:\Angular project-2\codebook\node_modules\zone.js\bundles\zone.umd.js:416:32)
    at ProxyZoneSpec.Object.<anonymous>.ProxyZoneSpec.onInvoke (C:\Angular project-2\codebook\node_modules\zone.js\bundles\zone-testing.umd.js:2177:43)
    at _ZoneDelegate.invoke (C:\Angular project-2\codebook\node_modules\zone.js\bundles\zone.umd.js:415:38)
    at Object.onInvoke (C:\Angular project-2\codebook\node_modules\@angular\core\fesm2022\core.mjs:6528:33)
    at _ZoneDelegate.invoke (C:\Angular project-2\codebook\node_modules\zone.js\bundles\zone.umd.js:415:38)
    at ZoneImpl.run (C:\Angular project-2\codebook\node_modules\zone.js\bundles\zone.umd.js:147:47)
    at NgZone.run (C:\Angular project-2\codebook\node_modules\@angular\core\fesm2022\core.mjs:6374:28)
    at _TestBedImpl.createComponent (C:\Angular project-2\codebook\node_modules\@angular\core\fesm2022\testing.mjs:2058:41)
    at Function.createComponent (C:\Angular project-2\codebook\node_modules\@angular\core\fesm2022\testing.mjs:1844:37)
    at C:\Angular project-2\codebook\src\app\main-dashboard\main-dashboard.component.spec.ts:102:23
    at Generator.next (<anonymous>)
    at fulfilled (C:\Angular project-2\codebook\node_modules\tslib\tslib.js:167:62)
    at _ZoneDelegate.invoke (C:\Angular project-2\codebook\node_modules\zone.js\bundles\zone.umd.js:416:32)
    at ProxyZoneSpec.Object.<anonymous>.ProxyZoneSpec.onInvoke (C:\Angular project-2\codebook\node_modules\zone.js\bundles\zone-testing.umd.js:2177:43)
    at _ZoneDelegate.invoke (C:\Angular project-2\codebook\node_modules\zone.js\bundles\zone.umd.js:415:38)
    at ZoneImpl.run (C:\Angular project-2\codebook\node_modules\zone.js\bundles\zone.umd.js:147:47)
    at C:\Angular project-2\codebook\node_modules\zone.js\bundles\zone.umd.js:2598:42
    at _ZoneDelegate.invokeTask (C:\Angular project-2\codebook\node_modules\zone.js\bundles\zone.umd.js:449:37)
    at ProxyZoneSpec.Object.<anonymous>.ProxyZoneSpec.onInvokeTask (C:\Angular project-2\codebook\node_modules\zone.js\bundles\zone-testing.umd.js:2208:43)
    at _ZoneDelegate.invokeTask (C:\Angular project-2\codebook\node_modules\zone.js\bundles\zone.umd.js:448:42)
    at ZoneImpl.runTask (C:\Angular project-2\codebook\node_modules\zone.js\bundles\zone.umd.js:196:51)
    at drainMicroTaskQueue (C:\Angular project-2\codebook\node_modules\zone.js\bundles\zone.umd.js:638:39)
    at processTicksAndRejections (node:internal/process/task_queues:105:5)]]></failure>
    </testCase>
    <testCase name="MainDashboardComponent should handle null selectedTheme from darkModeService" duration="22">
      <failure message="NullInjectorError: R3InjectorError(Standalone[MainDashboardComponent])[AuthService -&gt; AuthService -&gt; _SignalStore -&gt; _HttpClient -&gt; _HttpClient]: "><![CDATA[NullInjectorError: R3InjectorError(Standalone[MainDashboardComponent])[AuthService -> AuthService -> _SignalStore -> _HttpClient -> _HttpClient]: 
  NullInjectorError: No provider for _HttpClient!
    at NullInjector.get (C:\Angular project-2\codebook\node_modules\@angular\core\fesm2022\core.mjs:1624:27)
    at R3Injector.get (C:\Angular project-2\codebook\node_modules\@angular\core\fesm2022\core.mjs:2151:33)
    at R3Injector.get (C:\Angular project-2\codebook\node_modules\@angular\core\fesm2022\core.mjs:2151:33)
    at injectInjectorOnly (C:\Angular project-2\codebook\node_modules\@angular\core\fesm2022\core.mjs:1119:32)
    at ɵɵinject (C:\Angular project-2\codebook\node_modules\@angular\core\fesm2022\core.mjs:1125:42)
    at inject (C:\Angular project-2\codebook\node_modules\@angular\core\fesm2022\core.mjs:1211:12)
    at C:\Angular project-2\codebook\src\app\login\auth.store.ts:38:36
    at C:\Angular project-2\codebook\node_modules\@ngrx\signals\fesm2022\ngrx-signals.mjs:322:25
    at C:\Angular project-2\codebook\node_modules\@ngrx\signals\fesm2022\ngrx-signals.mjs:171:68
    at Array.reduce (<anonymous>)
    at new _SignalStore (C:\Angular project-2\codebook\node_modules\@ngrx\signals\fesm2022\ngrx-signals.mjs:171:41)
    at Object._SignalStore_Factory [as factory] (ng:///_SignalStore/ɵfac.js:5:10)
    at C:\Angular project-2\codebook\node_modules\@angular\core\fesm2022\core.mjs:2274:47
    at runInInjectorProfilerContext (C:\Angular project-2\codebook\node_modules\@angular\core\fesm2022\core.mjs:880:9)
    at R3Injector.hydrate (C:\Angular project-2\codebook\node_modules\@angular\core\fesm2022\core.mjs:2273:21)
    at R3Injector.get (C:\Angular project-2\codebook\node_modules\@angular\core\fesm2022\core.mjs:2141:33)
    at injectInjectorOnly (C:\Angular project-2\codebook\node_modules\@angular\core\fesm2022\core.mjs:1119:32)
    at ɵɵinject (C:\Angular project-2\codebook\node_modules\@angular\core\fesm2022\core.mjs:1125:42)
    at inject (C:\Angular project-2\codebook\node_modules\@angular\core\fesm2022\core.mjs:1211:12)
    at new AuthService (C:\Angular project-2\codebook\src\app\login\auth.service.ts:6:29)
    at Object.AuthService_Factory [as factory] (ng:///AuthService/ɵfac.js:5:10)
    at C:\Angular project-2\codebook\node_modules\@angular\core\fesm2022\core.mjs:2274:47
    at runInInjectorProfilerContext (C:\Angular project-2\codebook\node_modules\@angular\core\fesm2022\core.mjs:880:9)
    at R3Injector.hydrate (C:\Angular project-2\codebook\node_modules\@angular\core\fesm2022\core.mjs:2273:21)
    at R3Injector.get (C:\Angular project-2\codebook\node_modules\@angular\core\fesm2022\core.mjs:2141:33)
    at R3Injector.get (C:\Angular project-2\codebook\node_modules\@angular\core\fesm2022\core.mjs:2151:33)
    at ChainedInjector.get (C:\Angular project-2\codebook\node_modules\@angular\core\fesm2022\core.mjs:17238:36)
    at lookupTokenUsingModuleInjector (C:\Angular project-2\codebook\node_modules\@angular\core\fesm2022\core.mjs:5063:39)
    at getOrCreateInjectable (C:\Angular project-2\codebook\node_modules\@angular\core\fesm2022\core.mjs:5111:12)
    at ɵɵdirectiveInject (C:\Angular project-2\codebook\node_modules\@angular\core\fesm2022\core.mjs:17289:19)
    at NodeInjectorFactory.UserComponent_Factory [as factory] (ng:///UserComponent/ɵfac.js:5:57)
    at getNodeInjectable (C:\Angular project-2\codebook\node_modules\@angular\core\fesm2022\core.mjs:5323:44)
    at instantiateAllDirectives (C:\Angular project-2\codebook\node_modules\@angular\core\fesm2022\core.mjs:12562:27)
    at createDirectivesInstances (C:\Angular project-2\codebook\node_modules\@angular\core\fesm2022\core.mjs:12352:5)
    at ɵɵelementStart (C:\Angular project-2\codebook\node_modules\@angular\core\fesm2022\core.mjs:27901:9)
    at ɵɵelement (C:\Angular project-2\codebook\node_modules\@angular\core\fesm2022\core.mjs:27956:5)
    at MainDashboardComponent_Template (ng:///MainDashboardComponent.js:205:9)
    at executeTemplate (C:\Angular project-2\codebook\node_modules\@angular\core\fesm2022\core.mjs:12338:9)
    at renderView (C:\Angular project-2\codebook\node_modules\@angular\core\fesm2022\core.mjs:12844:13)
    at renderComponent (C:\Angular project-2\codebook\node_modules\@angular\core\fesm2022\core.mjs:12789:5)
    at renderChildComponents (C:\Angular project-2\codebook\node_modules\@angular\core\fesm2022\core.mjs:12892:9)
    at renderView (C:\Angular project-2\codebook\node_modules\@angular\core\fesm2022\core.mjs:12872:13)
    at ComponentFactory2.create (C:\Angular project-2\codebook\node_modules\@angular\core\fesm2022\core.mjs:17954:17)
    at initComponent (C:\Angular project-2\codebook\node_modules\@angular\core\fesm2022\testing.mjs:2053:51)
    at _ZoneDelegate.invoke (C:\Angular project-2\codebook\node_modules\zone.js\bundles\zone.umd.js:416:32)
    at ProxyZoneSpec.Object.<anonymous>.ProxyZoneSpec.onInvoke (C:\Angular project-2\codebook\node_modules\zone.js\bundles\zone-testing.umd.js:2177:43)
    at _ZoneDelegate.invoke (C:\Angular project-2\codebook\node_modules\zone.js\bundles\zone.umd.js:415:38)
    at Object.onInvoke (C:\Angular project-2\codebook\node_modules\@angular\core\fesm2022\core.mjs:6528:33)
    at _ZoneDelegate.invoke (C:\Angular project-2\codebook\node_modules\zone.js\bundles\zone.umd.js:415:38)
    at ZoneImpl.run (C:\Angular project-2\codebook\node_modules\zone.js\bundles\zone.umd.js:147:47)
    at NgZone.run (C:\Angular project-2\codebook\node_modules\@angular\core\fesm2022\core.mjs:6374:28)
    at _TestBedImpl.createComponent (C:\Angular project-2\codebook\node_modules\@angular\core\fesm2022\testing.mjs:2058:41)
    at Function.createComponent (C:\Angular project-2\codebook\node_modules\@angular\core\fesm2022\testing.mjs:1844:37)
    at C:\Angular project-2\codebook\src\app\main-dashboard\main-dashboard.component.spec.ts:102:23
    at Generator.next (<anonymous>)
    at fulfilled (C:\Angular project-2\codebook\node_modules\tslib\tslib.js:167:62)
    at _ZoneDelegate.invoke (C:\Angular project-2\codebook\node_modules\zone.js\bundles\zone.umd.js:416:32)
    at ProxyZoneSpec.Object.<anonymous>.ProxyZoneSpec.onInvoke (C:\Angular project-2\codebook\node_modules\zone.js\bundles\zone-testing.umd.js:2177:43)
    at _ZoneDelegate.invoke (C:\Angular project-2\codebook\node_modules\zone.js\bundles\zone.umd.js:415:38)
    at ZoneImpl.run (C:\Angular project-2\codebook\node_modules\zone.js\bundles\zone.umd.js:147:47)
    at C:\Angular project-2\codebook\node_modules\zone.js\bundles\zone.umd.js:2598:42
    at _ZoneDelegate.invokeTask (C:\Angular project-2\codebook\node_modules\zone.js\bundles\zone.umd.js:449:37)
    at ProxyZoneSpec.Object.<anonymous>.ProxyZoneSpec.onInvokeTask (C:\Angular project-2\codebook\node_modules\zone.js\bundles\zone-testing.umd.js:2208:43)
    at _ZoneDelegate.invokeTask (C:\Angular project-2\codebook\node_modules\zone.js\bundles\zone.umd.js:448:42)
    at ZoneImpl.runTask (C:\Angular project-2\codebook\node_modules\zone.js\bundles\zone.umd.js:196:51)
    at drainMicroTaskQueue (C:\Angular project-2\codebook\node_modules\zone.js\bundles\zone.umd.js:638:39)
    at processTicksAndRejections (node:internal/process/task_queues:105:5)]]></failure>
    </testCase>
    <testCase name="MainDashboardComponent should handle empty theme lists" duration="22">
      <failure message="NullInjectorError: R3InjectorError(Standalone[MainDashboardComponent])[AuthService -&gt; AuthService -&gt; _SignalStore -&gt; _HttpClient -&gt; _HttpClient]: "><![CDATA[NullInjectorError: R3InjectorError(Standalone[MainDashboardComponent])[AuthService -> AuthService -> _SignalStore -> _HttpClient -> _HttpClient]: 
  NullInjectorError: No provider for _HttpClient!
    at NullInjector.get (C:\Angular project-2\codebook\node_modules\@angular\core\fesm2022\core.mjs:1624:27)
    at R3Injector.get (C:\Angular project-2\codebook\node_modules\@angular\core\fesm2022\core.mjs:2151:33)
    at R3Injector.get (C:\Angular project-2\codebook\node_modules\@angular\core\fesm2022\core.mjs:2151:33)
    at injectInjectorOnly (C:\Angular project-2\codebook\node_modules\@angular\core\fesm2022\core.mjs:1119:32)
    at ɵɵinject (C:\Angular project-2\codebook\node_modules\@angular\core\fesm2022\core.mjs:1125:42)
    at inject (C:\Angular project-2\codebook\node_modules\@angular\core\fesm2022\core.mjs:1211:12)
    at C:\Angular project-2\codebook\src\app\login\auth.store.ts:38:36
    at C:\Angular project-2\codebook\node_modules\@ngrx\signals\fesm2022\ngrx-signals.mjs:322:25
    at C:\Angular project-2\codebook\node_modules\@ngrx\signals\fesm2022\ngrx-signals.mjs:171:68
    at Array.reduce (<anonymous>)
    at new _SignalStore (C:\Angular project-2\codebook\node_modules\@ngrx\signals\fesm2022\ngrx-signals.mjs:171:41)
    at Object._SignalStore_Factory [as factory] (ng:///_SignalStore/ɵfac.js:5:10)
    at C:\Angular project-2\codebook\node_modules\@angular\core\fesm2022\core.mjs:2274:47
    at runInInjectorProfilerContext (C:\Angular project-2\codebook\node_modules\@angular\core\fesm2022\core.mjs:880:9)
    at R3Injector.hydrate (C:\Angular project-2\codebook\node_modules\@angular\core\fesm2022\core.mjs:2273:21)
    at R3Injector.get (C:\Angular project-2\codebook\node_modules\@angular\core\fesm2022\core.mjs:2141:33)
    at injectInjectorOnly (C:\Angular project-2\codebook\node_modules\@angular\core\fesm2022\core.mjs:1119:32)
    at ɵɵinject (C:\Angular project-2\codebook\node_modules\@angular\core\fesm2022\core.mjs:1125:42)
    at inject (C:\Angular project-2\codebook\node_modules\@angular\core\fesm2022\core.mjs:1211:12)
    at new AuthService (C:\Angular project-2\codebook\src\app\login\auth.service.ts:6:29)
    at Object.AuthService_Factory [as factory] (ng:///AuthService/ɵfac.js:5:10)
    at C:\Angular project-2\codebook\node_modules\@angular\core\fesm2022\core.mjs:2274:47
    at runInInjectorProfilerContext (C:\Angular project-2\codebook\node_modules\@angular\core\fesm2022\core.mjs:880:9)
    at R3Injector.hydrate (C:\Angular project-2\codebook\node_modules\@angular\core\fesm2022\core.mjs:2273:21)
    at R3Injector.get (C:\Angular project-2\codebook\node_modules\@angular\core\fesm2022\core.mjs:2141:33)
    at R3Injector.get (C:\Angular project-2\codebook\node_modules\@angular\core\fesm2022\core.mjs:2151:33)
    at ChainedInjector.get (C:\Angular project-2\codebook\node_modules\@angular\core\fesm2022\core.mjs:17238:36)
    at lookupTokenUsingModuleInjector (C:\Angular project-2\codebook\node_modules\@angular\core\fesm2022\core.mjs:5063:39)
    at getOrCreateInjectable (C:\Angular project-2\codebook\node_modules\@angular\core\fesm2022\core.mjs:5111:12)
    at ɵɵdirectiveInject (C:\Angular project-2\codebook\node_modules\@angular\core\fesm2022\core.mjs:17289:19)
    at NodeInjectorFactory.UserComponent_Factory [as factory] (ng:///UserComponent/ɵfac.js:5:57)
    at getNodeInjectable (C:\Angular project-2\codebook\node_modules\@angular\core\fesm2022\core.mjs:5323:44)
    at instantiateAllDirectives (C:\Angular project-2\codebook\node_modules\@angular\core\fesm2022\core.mjs:12562:27)
    at createDirectivesInstances (C:\Angular project-2\codebook\node_modules\@angular\core\fesm2022\core.mjs:12352:5)
    at ɵɵelementStart (C:\Angular project-2\codebook\node_modules\@angular\core\fesm2022\core.mjs:27901:9)
    at ɵɵelement (C:\Angular project-2\codebook\node_modules\@angular\core\fesm2022\core.mjs:27956:5)
    at MainDashboardComponent_Template (ng:///MainDashboardComponent.js:205:9)
    at executeTemplate (C:\Angular project-2\codebook\node_modules\@angular\core\fesm2022\core.mjs:12338:9)
    at renderView (C:\Angular project-2\codebook\node_modules\@angular\core\fesm2022\core.mjs:12844:13)
    at renderComponent (C:\Angular project-2\codebook\node_modules\@angular\core\fesm2022\core.mjs:12789:5)
    at renderChildComponents (C:\Angular project-2\codebook\node_modules\@angular\core\fesm2022\core.mjs:12892:9)
    at renderView (C:\Angular project-2\codebook\node_modules\@angular\core\fesm2022\core.mjs:12872:13)
    at ComponentFactory2.create (C:\Angular project-2\codebook\node_modules\@angular\core\fesm2022\core.mjs:17954:17)
    at initComponent (C:\Angular project-2\codebook\node_modules\@angular\core\fesm2022\testing.mjs:2053:51)
    at _ZoneDelegate.invoke (C:\Angular project-2\codebook\node_modules\zone.js\bundles\zone.umd.js:416:32)
    at ProxyZoneSpec.Object.<anonymous>.ProxyZoneSpec.onInvoke (C:\Angular project-2\codebook\node_modules\zone.js\bundles\zone-testing.umd.js:2177:43)
    at _ZoneDelegate.invoke (C:\Angular project-2\codebook\node_modules\zone.js\bundles\zone.umd.js:415:38)
    at Object.onInvoke (C:\Angular project-2\codebook\node_modules\@angular\core\fesm2022\core.mjs:6528:33)
    at _ZoneDelegate.invoke (C:\Angular project-2\codebook\node_modules\zone.js\bundles\zone.umd.js:415:38)
    at ZoneImpl.run (C:\Angular project-2\codebook\node_modules\zone.js\bundles\zone.umd.js:147:47)
    at NgZone.run (C:\Angular project-2\codebook\node_modules\@angular\core\fesm2022\core.mjs:6374:28)
    at _TestBedImpl.createComponent (C:\Angular project-2\codebook\node_modules\@angular\core\fesm2022\testing.mjs:2058:41)
    at Function.createComponent (C:\Angular project-2\codebook\node_modules\@angular\core\fesm2022\testing.mjs:1844:37)
    at C:\Angular project-2\codebook\src\app\main-dashboard\main-dashboard.component.spec.ts:102:23
    at Generator.next (<anonymous>)
    at fulfilled (C:\Angular project-2\codebook\node_modules\tslib\tslib.js:167:62)
    at _ZoneDelegate.invoke (C:\Angular project-2\codebook\node_modules\zone.js\bundles\zone.umd.js:416:32)
    at ProxyZoneSpec.Object.<anonymous>.ProxyZoneSpec.onInvoke (C:\Angular project-2\codebook\node_modules\zone.js\bundles\zone-testing.umd.js:2177:43)
    at _ZoneDelegate.invoke (C:\Angular project-2\codebook\node_modules\zone.js\bundles\zone.umd.js:415:38)
    at ZoneImpl.run (C:\Angular project-2\codebook\node_modules\zone.js\bundles\zone.umd.js:147:47)
    at C:\Angular project-2\codebook\node_modules\zone.js\bundles\zone.umd.js:2598:42
    at _ZoneDelegate.invokeTask (C:\Angular project-2\codebook\node_modules\zone.js\bundles\zone.umd.js:449:37)
    at ProxyZoneSpec.Object.<anonymous>.ProxyZoneSpec.onInvokeTask (C:\Angular project-2\codebook\node_modules\zone.js\bundles\zone-testing.umd.js:2208:43)
    at _ZoneDelegate.invokeTask (C:\Angular project-2\codebook\node_modules\zone.js\bundles\zone.umd.js:448:42)
    at ZoneImpl.runTask (C:\Angular project-2\codebook\node_modules\zone.js\bundles\zone.umd.js:196:51)
    at drainMicroTaskQueue (C:\Angular project-2\codebook\node_modules\zone.js\bundles\zone.umd.js:638:39)
    at processTicksAndRejections (node:internal/process/task_queues:105:5)]]></failure>
    </testCase>
    <testCase name="MainDashboardComponent should handle ngOnInit when localStorage.getItem returns empty string" duration="29">
      <failure message="NullInjectorError: R3InjectorError(Standalone[MainDashboardComponent])[AuthService -&gt; AuthService -&gt; _SignalStore -&gt; _HttpClient -&gt; _HttpClient]: "><![CDATA[NullInjectorError: R3InjectorError(Standalone[MainDashboardComponent])[AuthService -> AuthService -> _SignalStore -> _HttpClient -> _HttpClient]: 
  NullInjectorError: No provider for _HttpClient!
    at NullInjector.get (C:\Angular project-2\codebook\node_modules\@angular\core\fesm2022\core.mjs:1624:27)
    at R3Injector.get (C:\Angular project-2\codebook\node_modules\@angular\core\fesm2022\core.mjs:2151:33)
    at R3Injector.get (C:\Angular project-2\codebook\node_modules\@angular\core\fesm2022\core.mjs:2151:33)
    at injectInjectorOnly (C:\Angular project-2\codebook\node_modules\@angular\core\fesm2022\core.mjs:1119:32)
    at ɵɵinject (C:\Angular project-2\codebook\node_modules\@angular\core\fesm2022\core.mjs:1125:42)
    at inject (C:\Angular project-2\codebook\node_modules\@angular\core\fesm2022\core.mjs:1211:12)
    at C:\Angular project-2\codebook\src\app\login\auth.store.ts:38:36
    at C:\Angular project-2\codebook\node_modules\@ngrx\signals\fesm2022\ngrx-signals.mjs:322:25
    at C:\Angular project-2\codebook\node_modules\@ngrx\signals\fesm2022\ngrx-signals.mjs:171:68
    at Array.reduce (<anonymous>)
    at new _SignalStore (C:\Angular project-2\codebook\node_modules\@ngrx\signals\fesm2022\ngrx-signals.mjs:171:41)
    at Object._SignalStore_Factory [as factory] (ng:///_SignalStore/ɵfac.js:5:10)
    at C:\Angular project-2\codebook\node_modules\@angular\core\fesm2022\core.mjs:2274:47
    at runInInjectorProfilerContext (C:\Angular project-2\codebook\node_modules\@angular\core\fesm2022\core.mjs:880:9)
    at R3Injector.hydrate (C:\Angular project-2\codebook\node_modules\@angular\core\fesm2022\core.mjs:2273:21)
    at R3Injector.get (C:\Angular project-2\codebook\node_modules\@angular\core\fesm2022\core.mjs:2141:33)
    at injectInjectorOnly (C:\Angular project-2\codebook\node_modules\@angular\core\fesm2022\core.mjs:1119:32)
    at ɵɵinject (C:\Angular project-2\codebook\node_modules\@angular\core\fesm2022\core.mjs:1125:42)
    at inject (C:\Angular project-2\codebook\node_modules\@angular\core\fesm2022\core.mjs:1211:12)
    at new AuthService (C:\Angular project-2\codebook\src\app\login\auth.service.ts:6:29)
    at Object.AuthService_Factory [as factory] (ng:///AuthService/ɵfac.js:5:10)
    at C:\Angular project-2\codebook\node_modules\@angular\core\fesm2022\core.mjs:2274:47
    at runInInjectorProfilerContext (C:\Angular project-2\codebook\node_modules\@angular\core\fesm2022\core.mjs:880:9)
    at R3Injector.hydrate (C:\Angular project-2\codebook\node_modules\@angular\core\fesm2022\core.mjs:2273:21)
    at R3Injector.get (C:\Angular project-2\codebook\node_modules\@angular\core\fesm2022\core.mjs:2141:33)
    at R3Injector.get (C:\Angular project-2\codebook\node_modules\@angular\core\fesm2022\core.mjs:2151:33)
    at ChainedInjector.get (C:\Angular project-2\codebook\node_modules\@angular\core\fesm2022\core.mjs:17238:36)
    at lookupTokenUsingModuleInjector (C:\Angular project-2\codebook\node_modules\@angular\core\fesm2022\core.mjs:5063:39)
    at getOrCreateInjectable (C:\Angular project-2\codebook\node_modules\@angular\core\fesm2022\core.mjs:5111:12)
    at ɵɵdirectiveInject (C:\Angular project-2\codebook\node_modules\@angular\core\fesm2022\core.mjs:17289:19)
    at NodeInjectorFactory.UserComponent_Factory [as factory] (ng:///UserComponent/ɵfac.js:5:57)
    at getNodeInjectable (C:\Angular project-2\codebook\node_modules\@angular\core\fesm2022\core.mjs:5323:44)
    at instantiateAllDirectives (C:\Angular project-2\codebook\node_modules\@angular\core\fesm2022\core.mjs:12562:27)
    at createDirectivesInstances (C:\Angular project-2\codebook\node_modules\@angular\core\fesm2022\core.mjs:12352:5)
    at ɵɵelementStart (C:\Angular project-2\codebook\node_modules\@angular\core\fesm2022\core.mjs:27901:9)
    at ɵɵelement (C:\Angular project-2\codebook\node_modules\@angular\core\fesm2022\core.mjs:27956:5)
    at MainDashboardComponent_Template (ng:///MainDashboardComponent.js:205:9)
    at executeTemplate (C:\Angular project-2\codebook\node_modules\@angular\core\fesm2022\core.mjs:12338:9)
    at renderView (C:\Angular project-2\codebook\node_modules\@angular\core\fesm2022\core.mjs:12844:13)
    at renderComponent (C:\Angular project-2\codebook\node_modules\@angular\core\fesm2022\core.mjs:12789:5)
    at renderChildComponents (C:\Angular project-2\codebook\node_modules\@angular\core\fesm2022\core.mjs:12892:9)
    at renderView (C:\Angular project-2\codebook\node_modules\@angular\core\fesm2022\core.mjs:12872:13)
    at ComponentFactory2.create (C:\Angular project-2\codebook\node_modules\@angular\core\fesm2022\core.mjs:17954:17)
    at initComponent (C:\Angular project-2\codebook\node_modules\@angular\core\fesm2022\testing.mjs:2053:51)
    at _ZoneDelegate.invoke (C:\Angular project-2\codebook\node_modules\zone.js\bundles\zone.umd.js:416:32)
    at ProxyZoneSpec.Object.<anonymous>.ProxyZoneSpec.onInvoke (C:\Angular project-2\codebook\node_modules\zone.js\bundles\zone-testing.umd.js:2177:43)
    at _ZoneDelegate.invoke (C:\Angular project-2\codebook\node_modules\zone.js\bundles\zone.umd.js:415:38)
    at Object.onInvoke (C:\Angular project-2\codebook\node_modules\@angular\core\fesm2022\core.mjs:6528:33)
    at _ZoneDelegate.invoke (C:\Angular project-2\codebook\node_modules\zone.js\bundles\zone.umd.js:415:38)
    at ZoneImpl.run (C:\Angular project-2\codebook\node_modules\zone.js\bundles\zone.umd.js:147:47)
    at NgZone.run (C:\Angular project-2\codebook\node_modules\@angular\core\fesm2022\core.mjs:6374:28)
    at _TestBedImpl.createComponent (C:\Angular project-2\codebook\node_modules\@angular\core\fesm2022\testing.mjs:2058:41)
    at Function.createComponent (C:\Angular project-2\codebook\node_modules\@angular\core\fesm2022\testing.mjs:1844:37)
    at C:\Angular project-2\codebook\src\app\main-dashboard\main-dashboard.component.spec.ts:102:23
    at Generator.next (<anonymous>)
    at fulfilled (C:\Angular project-2\codebook\node_modules\tslib\tslib.js:167:62)
    at _ZoneDelegate.invoke (C:\Angular project-2\codebook\node_modules\zone.js\bundles\zone.umd.js:416:32)
    at ProxyZoneSpec.Object.<anonymous>.ProxyZoneSpec.onInvoke (C:\Angular project-2\codebook\node_modules\zone.js\bundles\zone-testing.umd.js:2177:43)
    at _ZoneDelegate.invoke (C:\Angular project-2\codebook\node_modules\zone.js\bundles\zone.umd.js:415:38)
    at ZoneImpl.run (C:\Angular project-2\codebook\node_modules\zone.js\bundles\zone.umd.js:147:47)
    at C:\Angular project-2\codebook\node_modules\zone.js\bundles\zone.umd.js:2598:42
    at _ZoneDelegate.invokeTask (C:\Angular project-2\codebook\node_modules\zone.js\bundles\zone.umd.js:449:37)
    at ProxyZoneSpec.Object.<anonymous>.ProxyZoneSpec.onInvokeTask (C:\Angular project-2\codebook\node_modules\zone.js\bundles\zone-testing.umd.js:2208:43)
    at _ZoneDelegate.invokeTask (C:\Angular project-2\codebook\node_modules\zone.js\bundles\zone.umd.js:448:42)
    at ZoneImpl.runTask (C:\Angular project-2\codebook\node_modules\zone.js\bundles\zone.umd.js:196:51)
    at drainMicroTaskQueue (C:\Angular project-2\codebook\node_modules\zone.js\bundles\zone.umd.js:638:39)
    at processTicksAndRejections (node:internal/process/task_queues:105:5)]]></failure>
    </testCase>
    <testCase name="MainDashboardComponent should handle different language codes in ChangeLang" duration="20">
      <failure message="NullInjectorError: R3InjectorError(Standalone[MainDashboardComponent])[AuthService -&gt; AuthService -&gt; _SignalStore -&gt; _HttpClient -&gt; _HttpClient]: "><![CDATA[NullInjectorError: R3InjectorError(Standalone[MainDashboardComponent])[AuthService -> AuthService -> _SignalStore -> _HttpClient -> _HttpClient]: 
  NullInjectorError: No provider for _HttpClient!
    at NullInjector.get (C:\Angular project-2\codebook\node_modules\@angular\core\fesm2022\core.mjs:1624:27)
    at R3Injector.get (C:\Angular project-2\codebook\node_modules\@angular\core\fesm2022\core.mjs:2151:33)
    at R3Injector.get (C:\Angular project-2\codebook\node_modules\@angular\core\fesm2022\core.mjs:2151:33)
    at injectInjectorOnly (C:\Angular project-2\codebook\node_modules\@angular\core\fesm2022\core.mjs:1119:32)
    at ɵɵinject (C:\Angular project-2\codebook\node_modules\@angular\core\fesm2022\core.mjs:1125:42)
    at inject (C:\Angular project-2\codebook\node_modules\@angular\core\fesm2022\core.mjs:1211:12)
    at C:\Angular project-2\codebook\src\app\login\auth.store.ts:38:36
    at C:\Angular project-2\codebook\node_modules\@ngrx\signals\fesm2022\ngrx-signals.mjs:322:25
    at C:\Angular project-2\codebook\node_modules\@ngrx\signals\fesm2022\ngrx-signals.mjs:171:68
    at Array.reduce (<anonymous>)
    at new _SignalStore (C:\Angular project-2\codebook\node_modules\@ngrx\signals\fesm2022\ngrx-signals.mjs:171:41)
    at Object._SignalStore_Factory [as factory] (ng:///_SignalStore/ɵfac.js:5:10)
    at C:\Angular project-2\codebook\node_modules\@angular\core\fesm2022\core.mjs:2274:47
    at runInInjectorProfilerContext (C:\Angular project-2\codebook\node_modules\@angular\core\fesm2022\core.mjs:880:9)
    at R3Injector.hydrate (C:\Angular project-2\codebook\node_modules\@angular\core\fesm2022\core.mjs:2273:21)
    at R3Injector.get (C:\Angular project-2\codebook\node_modules\@angular\core\fesm2022\core.mjs:2141:33)
    at injectInjectorOnly (C:\Angular project-2\codebook\node_modules\@angular\core\fesm2022\core.mjs:1119:32)
    at ɵɵinject (C:\Angular project-2\codebook\node_modules\@angular\core\fesm2022\core.mjs:1125:42)
    at inject (C:\Angular project-2\codebook\node_modules\@angular\core\fesm2022\core.mjs:1211:12)
    at new AuthService (C:\Angular project-2\codebook\src\app\login\auth.service.ts:6:29)
    at Object.AuthService_Factory [as factory] (ng:///AuthService/ɵfac.js:5:10)
    at C:\Angular project-2\codebook\node_modules\@angular\core\fesm2022\core.mjs:2274:47
    at runInInjectorProfilerContext (C:\Angular project-2\codebook\node_modules\@angular\core\fesm2022\core.mjs:880:9)
    at R3Injector.hydrate (C:\Angular project-2\codebook\node_modules\@angular\core\fesm2022\core.mjs:2273:21)
    at R3Injector.get (C:\Angular project-2\codebook\node_modules\@angular\core\fesm2022\core.mjs:2141:33)
    at R3Injector.get (C:\Angular project-2\codebook\node_modules\@angular\core\fesm2022\core.mjs:2151:33)
    at ChainedInjector.get (C:\Angular project-2\codebook\node_modules\@angular\core\fesm2022\core.mjs:17238:36)
    at lookupTokenUsingModuleInjector (C:\Angular project-2\codebook\node_modules\@angular\core\fesm2022\core.mjs:5063:39)
    at getOrCreateInjectable (C:\Angular project-2\codebook\node_modules\@angular\core\fesm2022\core.mjs:5111:12)
    at ɵɵdirectiveInject (C:\Angular project-2\codebook\node_modules\@angular\core\fesm2022\core.mjs:17289:19)
    at NodeInjectorFactory.UserComponent_Factory [as factory] (ng:///UserComponent/ɵfac.js:5:57)
    at getNodeInjectable (C:\Angular project-2\codebook\node_modules\@angular\core\fesm2022\core.mjs:5323:44)
    at instantiateAllDirectives (C:\Angular project-2\codebook\node_modules\@angular\core\fesm2022\core.mjs:12562:27)
    at createDirectivesInstances (C:\Angular project-2\codebook\node_modules\@angular\core\fesm2022\core.mjs:12352:5)
    at ɵɵelementStart (C:\Angular project-2\codebook\node_modules\@angular\core\fesm2022\core.mjs:27901:9)
    at ɵɵelement (C:\Angular project-2\codebook\node_modules\@angular\core\fesm2022\core.mjs:27956:5)
    at MainDashboardComponent_Template (ng:///MainDashboardComponent.js:205:9)
    at executeTemplate (C:\Angular project-2\codebook\node_modules\@angular\core\fesm2022\core.mjs:12338:9)
    at renderView (C:\Angular project-2\codebook\node_modules\@angular\core\fesm2022\core.mjs:12844:13)
    at renderComponent (C:\Angular project-2\codebook\node_modules\@angular\core\fesm2022\core.mjs:12789:5)
    at renderChildComponents (C:\Angular project-2\codebook\node_modules\@angular\core\fesm2022\core.mjs:12892:9)
    at renderView (C:\Angular project-2\codebook\node_modules\@angular\core\fesm2022\core.mjs:12872:13)
    at ComponentFactory2.create (C:\Angular project-2\codebook\node_modules\@angular\core\fesm2022\core.mjs:17954:17)
    at initComponent (C:\Angular project-2\codebook\node_modules\@angular\core\fesm2022\testing.mjs:2053:51)
    at _ZoneDelegate.invoke (C:\Angular project-2\codebook\node_modules\zone.js\bundles\zone.umd.js:416:32)
    at ProxyZoneSpec.Object.<anonymous>.ProxyZoneSpec.onInvoke (C:\Angular project-2\codebook\node_modules\zone.js\bundles\zone-testing.umd.js:2177:43)
    at _ZoneDelegate.invoke (C:\Angular project-2\codebook\node_modules\zone.js\bundles\zone.umd.js:415:38)
    at Object.onInvoke (C:\Angular project-2\codebook\node_modules\@angular\core\fesm2022\core.mjs:6528:33)
    at _ZoneDelegate.invoke (C:\Angular project-2\codebook\node_modules\zone.js\bundles\zone.umd.js:415:38)
    at ZoneImpl.run (C:\Angular project-2\codebook\node_modules\zone.js\bundles\zone.umd.js:147:47)
    at NgZone.run (C:\Angular project-2\codebook\node_modules\@angular\core\fesm2022\core.mjs:6374:28)
    at _TestBedImpl.createComponent (C:\Angular project-2\codebook\node_modules\@angular\core\fesm2022\testing.mjs:2058:41)
    at Function.createComponent (C:\Angular project-2\codebook\node_modules\@angular\core\fesm2022\testing.mjs:1844:37)
    at C:\Angular project-2\codebook\src\app\main-dashboard\main-dashboard.component.spec.ts:102:23
    at Generator.next (<anonymous>)
    at fulfilled (C:\Angular project-2\codebook\node_modules\tslib\tslib.js:167:62)
    at _ZoneDelegate.invoke (C:\Angular project-2\codebook\node_modules\zone.js\bundles\zone.umd.js:416:32)
    at ProxyZoneSpec.Object.<anonymous>.ProxyZoneSpec.onInvoke (C:\Angular project-2\codebook\node_modules\zone.js\bundles\zone-testing.umd.js:2177:43)
    at _ZoneDelegate.invoke (C:\Angular project-2\codebook\node_modules\zone.js\bundles\zone.umd.js:415:38)
    at ZoneImpl.run (C:\Angular project-2\codebook\node_modules\zone.js\bundles\zone.umd.js:147:47)
    at C:\Angular project-2\codebook\node_modules\zone.js\bundles\zone.umd.js:2598:42
    at _ZoneDelegate.invokeTask (C:\Angular project-2\codebook\node_modules\zone.js\bundles\zone.umd.js:449:37)
    at ProxyZoneSpec.Object.<anonymous>.ProxyZoneSpec.onInvokeTask (C:\Angular project-2\codebook\node_modules\zone.js\bundles\zone-testing.umd.js:2208:43)
    at _ZoneDelegate.invokeTask (C:\Angular project-2\codebook\node_modules\zone.js\bundles\zone.umd.js:448:42)
    at ZoneImpl.runTask (C:\Angular project-2\codebook\node_modules\zone.js\bundles\zone.umd.js:196:51)
    at drainMicroTaskQueue (C:\Angular project-2\codebook\node_modules\zone.js\bundles\zone.umd.js:638:39)
    at processTicksAndRejections (node:internal/process/task_queues:105:5)]]></failure>
    </testCase>
    <testCase name="MainDashboardComponent should handle capitalization in getThemeAriaLabel" duration="23">
      <failure message="NullInjectorError: R3InjectorError(Standalone[MainDashboardComponent])[AuthService -&gt; AuthService -&gt; _SignalStore -&gt; _HttpClient -&gt; _HttpClient]: "><![CDATA[NullInjectorError: R3InjectorError(Standalone[MainDashboardComponent])[AuthService -> AuthService -> _SignalStore -> _HttpClient -> _HttpClient]: 
  NullInjectorError: No provider for _HttpClient!
    at NullInjector.get (C:\Angular project-2\codebook\node_modules\@angular\core\fesm2022\core.mjs:1624:27)
    at R3Injector.get (C:\Angular project-2\codebook\node_modules\@angular\core\fesm2022\core.mjs:2151:33)
    at R3Injector.get (C:\Angular project-2\codebook\node_modules\@angular\core\fesm2022\core.mjs:2151:33)
    at injectInjectorOnly (C:\Angular project-2\codebook\node_modules\@angular\core\fesm2022\core.mjs:1119:32)
    at ɵɵinject (C:\Angular project-2\codebook\node_modules\@angular\core\fesm2022\core.mjs:1125:42)
    at inject (C:\Angular project-2\codebook\node_modules\@angular\core\fesm2022\core.mjs:1211:12)
    at C:\Angular project-2\codebook\src\app\login\auth.store.ts:38:36
    at C:\Angular project-2\codebook\node_modules\@ngrx\signals\fesm2022\ngrx-signals.mjs:322:25
    at C:\Angular project-2\codebook\node_modules\@ngrx\signals\fesm2022\ngrx-signals.mjs:171:68
    at Array.reduce (<anonymous>)
    at new _SignalStore (C:\Angular project-2\codebook\node_modules\@ngrx\signals\fesm2022\ngrx-signals.mjs:171:41)
    at Object._SignalStore_Factory [as factory] (ng:///_SignalStore/ɵfac.js:5:10)
    at C:\Angular project-2\codebook\node_modules\@angular\core\fesm2022\core.mjs:2274:47
    at runInInjectorProfilerContext (C:\Angular project-2\codebook\node_modules\@angular\core\fesm2022\core.mjs:880:9)
    at R3Injector.hydrate (C:\Angular project-2\codebook\node_modules\@angular\core\fesm2022\core.mjs:2273:21)
    at R3Injector.get (C:\Angular project-2\codebook\node_modules\@angular\core\fesm2022\core.mjs:2141:33)
    at injectInjectorOnly (C:\Angular project-2\codebook\node_modules\@angular\core\fesm2022\core.mjs:1119:32)
    at ɵɵinject (C:\Angular project-2\codebook\node_modules\@angular\core\fesm2022\core.mjs:1125:42)
    at inject (C:\Angular project-2\codebook\node_modules\@angular\core\fesm2022\core.mjs:1211:12)
    at new AuthService (C:\Angular project-2\codebook\src\app\login\auth.service.ts:6:29)
    at Object.AuthService_Factory [as factory] (ng:///AuthService/ɵfac.js:5:10)
    at C:\Angular project-2\codebook\node_modules\@angular\core\fesm2022\core.mjs:2274:47
    at runInInjectorProfilerContext (C:\Angular project-2\codebook\node_modules\@angular\core\fesm2022\core.mjs:880:9)
    at R3Injector.hydrate (C:\Angular project-2\codebook\node_modules\@angular\core\fesm2022\core.mjs:2273:21)
    at R3Injector.get (C:\Angular project-2\codebook\node_modules\@angular\core\fesm2022\core.mjs:2141:33)
    at R3Injector.get (C:\Angular project-2\codebook\node_modules\@angular\core\fesm2022\core.mjs:2151:33)
    at ChainedInjector.get (C:\Angular project-2\codebook\node_modules\@angular\core\fesm2022\core.mjs:17238:36)
    at lookupTokenUsingModuleInjector (C:\Angular project-2\codebook\node_modules\@angular\core\fesm2022\core.mjs:5063:39)
    at getOrCreateInjectable (C:\Angular project-2\codebook\node_modules\@angular\core\fesm2022\core.mjs:5111:12)
    at ɵɵdirectiveInject (C:\Angular project-2\codebook\node_modules\@angular\core\fesm2022\core.mjs:17289:19)
    at NodeInjectorFactory.UserComponent_Factory [as factory] (ng:///UserComponent/ɵfac.js:5:57)
    at getNodeInjectable (C:\Angular project-2\codebook\node_modules\@angular\core\fesm2022\core.mjs:5323:44)
    at instantiateAllDirectives (C:\Angular project-2\codebook\node_modules\@angular\core\fesm2022\core.mjs:12562:27)
    at createDirectivesInstances (C:\Angular project-2\codebook\node_modules\@angular\core\fesm2022\core.mjs:12352:5)
    at ɵɵelementStart (C:\Angular project-2\codebook\node_modules\@angular\core\fesm2022\core.mjs:27901:9)
    at ɵɵelement (C:\Angular project-2\codebook\node_modules\@angular\core\fesm2022\core.mjs:27956:5)
    at MainDashboardComponent_Template (ng:///MainDashboardComponent.js:205:9)
    at executeTemplate (C:\Angular project-2\codebook\node_modules\@angular\core\fesm2022\core.mjs:12338:9)
    at renderView (C:\Angular project-2\codebook\node_modules\@angular\core\fesm2022\core.mjs:12844:13)
    at renderComponent (C:\Angular project-2\codebook\node_modules\@angular\core\fesm2022\core.mjs:12789:5)
    at renderChildComponents (C:\Angular project-2\codebook\node_modules\@angular\core\fesm2022\core.mjs:12892:9)
    at renderView (C:\Angular project-2\codebook\node_modules\@angular\core\fesm2022\core.mjs:12872:13)
    at ComponentFactory2.create (C:\Angular project-2\codebook\node_modules\@angular\core\fesm2022\core.mjs:17954:17)
    at initComponent (C:\Angular project-2\codebook\node_modules\@angular\core\fesm2022\testing.mjs:2053:51)
    at _ZoneDelegate.invoke (C:\Angular project-2\codebook\node_modules\zone.js\bundles\zone.umd.js:416:32)
    at ProxyZoneSpec.Object.<anonymous>.ProxyZoneSpec.onInvoke (C:\Angular project-2\codebook\node_modules\zone.js\bundles\zone-testing.umd.js:2177:43)
    at _ZoneDelegate.invoke (C:\Angular project-2\codebook\node_modules\zone.js\bundles\zone.umd.js:415:38)
    at Object.onInvoke (C:\Angular project-2\codebook\node_modules\@angular\core\fesm2022\core.mjs:6528:33)
    at _ZoneDelegate.invoke (C:\Angular project-2\codebook\node_modules\zone.js\bundles\zone.umd.js:415:38)
    at ZoneImpl.run (C:\Angular project-2\codebook\node_modules\zone.js\bundles\zone.umd.js:147:47)
    at NgZone.run (C:\Angular project-2\codebook\node_modules\@angular\core\fesm2022\core.mjs:6374:28)
    at _TestBedImpl.createComponent (C:\Angular project-2\codebook\node_modules\@angular\core\fesm2022\testing.mjs:2058:41)
    at Function.createComponent (C:\Angular project-2\codebook\node_modules\@angular\core\fesm2022\testing.mjs:1844:37)
    at C:\Angular project-2\codebook\src\app\main-dashboard\main-dashboard.component.spec.ts:102:23
    at Generator.next (<anonymous>)
    at fulfilled (C:\Angular project-2\codebook\node_modules\tslib\tslib.js:167:62)
    at _ZoneDelegate.invoke (C:\Angular project-2\codebook\node_modules\zone.js\bundles\zone.umd.js:416:32)
    at ProxyZoneSpec.Object.<anonymous>.ProxyZoneSpec.onInvoke (C:\Angular project-2\codebook\node_modules\zone.js\bundles\zone-testing.umd.js:2177:43)
    at _ZoneDelegate.invoke (C:\Angular project-2\codebook\node_modules\zone.js\bundles\zone.umd.js:415:38)
    at ZoneImpl.run (C:\Angular project-2\codebook\node_modules\zone.js\bundles\zone.umd.js:147:47)
    at C:\Angular project-2\codebook\node_modules\zone.js\bundles\zone.umd.js:2598:42
    at _ZoneDelegate.invokeTask (C:\Angular project-2\codebook\node_modules\zone.js\bundles\zone.umd.js:449:37)
    at ProxyZoneSpec.Object.<anonymous>.ProxyZoneSpec.onInvokeTask (C:\Angular project-2\codebook\node_modules\zone.js\bundles\zone-testing.umd.js:2208:43)
    at _ZoneDelegate.invokeTask (C:\Angular project-2\codebook\node_modules\zone.js\bundles\zone.umd.js:448:42)
    at ZoneImpl.runTask (C:\Angular project-2\codebook\node_modules\zone.js\bundles\zone.umd.js:196:51)
    at drainMicroTaskQueue (C:\Angular project-2\codebook\node_modules\zone.js\bundles\zone.umd.js:638:39)
    at processTicksAndRejections (node:internal/process/task_queues:105:5)]]></failure>
    </testCase>
  </file>
</testExecutions>