<?xml version="1.0" encoding="UTF-8"?>
<testExecutions version="1">
  <file path="C:\Angular project-2\codebook\src\app\pages\users\users.component.spec.ts">
    <testCase name="UsersComponent should create the component" duration="1990"/>
    <testCase name="UsersComponent should initialize dataSource and set up effect in constructor" duration="1866">
      <failure message="TypeError: ctx.darkModeService.isDarkMode is not a function"><![CDATA[TypeError: ctx.darkModeService.isDarkMode is not a function
    at UsersComponent_Template (ng:///UsersComponent.js:249:61)
    at executeTemplate (C:\Angular project-2\codebook\node_modules\@angular\core\fesm2022\core.mjs:12338:9)
    at refreshView (C:\Angular project-2\codebook\node_modules\@angular\core\fesm2022\core.mjs:14023:13)
    at detectChangesInView (C:\Angular project-2\codebook\node_modules\@angular\core\fesm2022\core.mjs:14243:9)
    at detectChangesInViewWhileDirty (C:\Angular project-2\codebook\node_modules\@angular\core\fesm2022\core.mjs:13935:9)
    at detectChangesInternal (C:\Angular project-2\codebook\node_modules\@angular\core\fesm2022\core.mjs:13917:9)
    at ViewRef.detectChanges (C:\Angular project-2\codebook\node_modules\@angular\core\fesm2022\core.mjs:14774:9)
    at Object.detectChanges [as fn] (C:\Angular project-2\codebook\src\app\pages\users\users.component.ts:62:16)
    at Object.run (C:\Angular project-2\codebook\node_modules\@angular\core\fesm2022\core.mjs:39620:18)
    at runEffectsInView (C:\Angular project-2\codebook\node_modules\@angular\core\fesm2022\core.mjs:13888:24)
    at refreshView (C:\Angular project-2\codebook\node_modules\@angular\core\fesm2022\core.mjs:14051:9)
    at detectChangesInView (C:\Angular project-2\codebook\node_modules\@angular\core\fesm2022\core.mjs:14243:9)
    at detectChangesInViewWhileDirty (C:\Angular project-2\codebook\node_modules\@angular\core\fesm2022\core.mjs:13935:9)
    at detectChangesInternal (C:\Angular project-2\codebook\node_modules\@angular\core\fesm2022\core.mjs:13917:9)
    at ViewRef.detectChanges (C:\Angular project-2\codebook\node_modules\@angular\core\fesm2022\core.mjs:14774:9)
    at C:\Angular project-2\codebook\node_modules\@angular\core\fesm2022\testing.mjs:292:44
    at _ZoneDelegate.invoke (C:\Angular project-2\codebook\node_modules\zone.js\bundles\zone.umd.js:416:32)
    at ProxyZoneSpec.Object.<anonymous>.ProxyZoneSpec.onInvoke (C:\Angular project-2\codebook\node_modules\zone.js\bundles\zone-testing.umd.js:2177:43)
    at _ZoneDelegate.invoke (C:\Angular project-2\codebook\node_modules\zone.js\bundles\zone.umd.js:415:38)
    at Object.onInvoke (C:\Angular project-2\codebook\node_modules\@angular\core\fesm2022\core.mjs:6528:33)
    at _ZoneDelegate.invoke (C:\Angular project-2\codebook\node_modules\zone.js\bundles\zone.umd.js:415:38)
    at ZoneImpl.run (C:\Angular project-2\codebook\node_modules\zone.js\bundles\zone.umd.js:147:47)
    at NgZone.run (C:\Angular project-2\codebook\node_modules\@angular\core\fesm2022\core.mjs:6374:28)
    at ComponentFixture.detectChanges (C:\Angular project-2\codebook\node_modules\@angular\core\fesm2022\testing.mjs:289:30)
    at C:\Angular project-2\codebook\src\app\pages\users\users.component.spec.ts:91:13
    at _ZoneDelegate.invoke (C:\Angular project-2\codebook\node_modules\zone.js\bundles\zone.umd.js:416:32)
    at ProxyZoneSpec.Object.<anonymous>.ProxyZoneSpec.onInvoke (C:\Angular project-2\codebook\node_modules\zone.js\bundles\zone-testing.umd.js:2177:43)
    at _ZoneDelegate.invoke (C:\Angular project-2\codebook\node_modules\zone.js\bundles\zone.umd.js:415:38)
    at ZoneImpl.run (C:\Angular project-2\codebook\node_modules\zone.js\bundles\zone.umd.js:147:47)
    at Object.wrappedFunc (C:\Angular project-2\codebook\node_modules\zone.js\bundles\zone-testing.umd.js:450:38)
    at Promise.then.completed (C:\Angular project-2\codebook\node_modules\jest-circus\build\utils.js:298:28)
    at new Promise (<anonymous>)
    at callAsyncCircusFn (C:\Angular project-2\codebook\node_modules\jest-circus\build\utils.js:231:10)
    at _callCircusTest (C:\Angular project-2\codebook\node_modules\jest-circus\build\run.js:316:40)
    at processTicksAndRejections (node:internal/process/task_queues:105:5)
    at _runTest (C:\Angular project-2\codebook\node_modules\jest-circus\build\run.js:252:3)
    at _runTestsForDescribeBlock (C:\Angular project-2\codebook\node_modules\jest-circus\build\run.js:126:9)
    at _runTestsForDescribeBlock (C:\Angular project-2\codebook\node_modules\jest-circus\build\run.js:121:9)
    at run (C:\Angular project-2\codebook\node_modules\jest-circus\build\run.js:71:3)
    at runAndTransformResultsToJestFormat (C:\Angular project-2\codebook\node_modules\jest-circus\build\legacy-code-todo-rewrite\jestAdapterInit.js:122:21)]]></failure>
    </testCase>
    <testCase name="UsersComponent should handle error in effect when store.error is set" duration="327">
      <failure message="TypeError: ctx.darkModeService.isDarkMode is not a function"><![CDATA[TypeError: ctx.darkModeService.isDarkMode is not a function
    at UsersComponent_Template (ng:///UsersComponent.js:249:61)
    at executeTemplate (C:\Angular project-2\codebook\node_modules\@angular\core\fesm2022\core.mjs:12338:9)
    at refreshView (C:\Angular project-2\codebook\node_modules\@angular\core\fesm2022\core.mjs:14023:13)
    at detectChangesInView (C:\Angular project-2\codebook\node_modules\@angular\core\fesm2022\core.mjs:14243:9)
    at detectChangesInViewWhileDirty (C:\Angular project-2\codebook\node_modules\@angular\core\fesm2022\core.mjs:13935:9)
    at detectChangesInternal (C:\Angular project-2\codebook\node_modules\@angular\core\fesm2022\core.mjs:13917:9)
    at ViewRef.detectChanges (C:\Angular project-2\codebook\node_modules\@angular\core\fesm2022\core.mjs:14774:9)
    at Object.detectChanges [as fn] (C:\Angular project-2\codebook\src\app\pages\users\users.component.ts:62:16)
    at Object.run (C:\Angular project-2\codebook\node_modules\@angular\core\fesm2022\core.mjs:39620:18)
    at runEffectsInView (C:\Angular project-2\codebook\node_modules\@angular\core\fesm2022\core.mjs:13888:24)
    at refreshView (C:\Angular project-2\codebook\node_modules\@angular\core\fesm2022\core.mjs:14051:9)
    at detectChangesInView (C:\Angular project-2\codebook\node_modules\@angular\core\fesm2022\core.mjs:14243:9)
    at detectChangesInViewWhileDirty (C:\Angular project-2\codebook\node_modules\@angular\core\fesm2022\core.mjs:13935:9)
    at detectChangesInternal (C:\Angular project-2\codebook\node_modules\@angular\core\fesm2022\core.mjs:13917:9)
    at ViewRef.detectChanges (C:\Angular project-2\codebook\node_modules\@angular\core\fesm2022\core.mjs:14774:9)
    at C:\Angular project-2\codebook\node_modules\@angular\core\fesm2022\testing.mjs:292:44
    at _ZoneDelegate.invoke (C:\Angular project-2\codebook\node_modules\zone.js\bundles\zone.umd.js:416:32)
    at ProxyZoneSpec.Object.<anonymous>.ProxyZoneSpec.onInvoke (C:\Angular project-2\codebook\node_modules\zone.js\bundles\zone-testing.umd.js:2177:43)
    at _ZoneDelegate.invoke (C:\Angular project-2\codebook\node_modules\zone.js\bundles\zone.umd.js:415:38)
    at Object.onInvoke (C:\Angular project-2\codebook\node_modules\@angular\core\fesm2022\core.mjs:6528:33)
    at _ZoneDelegate.invoke (C:\Angular project-2\codebook\node_modules\zone.js\bundles\zone.umd.js:415:38)
    at ZoneImpl.run (C:\Angular project-2\codebook\node_modules\zone.js\bundles\zone.umd.js:147:47)
    at NgZone.run (C:\Angular project-2\codebook\node_modules\@angular\core\fesm2022\core.mjs:6374:28)
    at ComponentFixture.detectChanges (C:\Angular project-2\codebook\node_modules\@angular\core\fesm2022\testing.mjs:289:30)
    at C:\Angular project-2\codebook\src\app\pages\users\users.component.spec.ts:99:13
    at _ZoneDelegate.invoke (C:\Angular project-2\codebook\node_modules\zone.js\bundles\zone.umd.js:416:32)
    at ProxyZoneSpec.Object.<anonymous>.ProxyZoneSpec.onInvoke (C:\Angular project-2\codebook\node_modules\zone.js\bundles\zone-testing.umd.js:2177:43)
    at _ZoneDelegate.invoke (C:\Angular project-2\codebook\node_modules\zone.js\bundles\zone.umd.js:415:38)
    at ZoneImpl.run (C:\Angular project-2\codebook\node_modules\zone.js\bundles\zone.umd.js:147:47)
    at Object.wrappedFunc (C:\Angular project-2\codebook\node_modules\zone.js\bundles\zone-testing.umd.js:450:38)
    at Promise.then.completed (C:\Angular project-2\codebook\node_modules\jest-circus\build\utils.js:298:28)
    at new Promise (<anonymous>)
    at callAsyncCircusFn (C:\Angular project-2\codebook\node_modules\jest-circus\build\utils.js:231:10)
    at _callCircusTest (C:\Angular project-2\codebook\node_modules\jest-circus\build\run.js:316:40)
    at processTicksAndRejections (node:internal/process/task_queues:105:5)
    at _runTest (C:\Angular project-2\codebook\node_modules\jest-circus\build\run.js:252:3)
    at _runTestsForDescribeBlock (C:\Angular project-2\codebook\node_modules\jest-circus\build\run.js:126:9)
    at _runTestsForDescribeBlock (C:\Angular project-2\codebook\node_modules\jest-circus\build\run.js:121:9)
    at run (C:\Angular project-2\codebook\node_modules\jest-circus\build\run.js:71:3)
    at runAndTransformResultsToJestFormat (C:\Angular project-2\codebook\node_modules\jest-circus\build\legacy-code-todo-rewrite\jestAdapterInit.js:122:21)]]></failure>
    </testCase>
    <testCase name="UsersComponent should log warning when paginator is not initialized in effect" duration="307">
      <failure message="TypeError: ctx.darkModeService.isDarkMode is not a function"><![CDATA[TypeError: ctx.darkModeService.isDarkMode is not a function
    at UsersComponent_Template (ng:///UsersComponent.js:249:61)
    at executeTemplate (C:\Angular project-2\codebook\node_modules\@angular\core\fesm2022\core.mjs:12338:9)
    at refreshView (C:\Angular project-2\codebook\node_modules\@angular\core\fesm2022\core.mjs:14023:13)
    at detectChangesInView (C:\Angular project-2\codebook\node_modules\@angular\core\fesm2022\core.mjs:14243:9)
    at detectChangesInViewWhileDirty (C:\Angular project-2\codebook\node_modules\@angular\core\fesm2022\core.mjs:13935:9)
    at detectChangesInternal (C:\Angular project-2\codebook\node_modules\@angular\core\fesm2022\core.mjs:13917:9)
    at ViewRef.detectChanges (C:\Angular project-2\codebook\node_modules\@angular\core\fesm2022\core.mjs:14774:9)
    at Object.detectChanges [as fn] (C:\Angular project-2\codebook\src\app\pages\users\users.component.ts:62:16)
    at Object.run (C:\Angular project-2\codebook\node_modules\@angular\core\fesm2022\core.mjs:39620:18)
    at runEffectsInView (C:\Angular project-2\codebook\node_modules\@angular\core\fesm2022\core.mjs:13888:24)
    at refreshView (C:\Angular project-2\codebook\node_modules\@angular\core\fesm2022\core.mjs:14051:9)
    at detectChangesInView (C:\Angular project-2\codebook\node_modules\@angular\core\fesm2022\core.mjs:14243:9)
    at detectChangesInViewWhileDirty (C:\Angular project-2\codebook\node_modules\@angular\core\fesm2022\core.mjs:13935:9)
    at detectChangesInternal (C:\Angular project-2\codebook\node_modules\@angular\core\fesm2022\core.mjs:13917:9)
    at ViewRef.detectChanges (C:\Angular project-2\codebook\node_modules\@angular\core\fesm2022\core.mjs:14774:9)
    at C:\Angular project-2\codebook\node_modules\@angular\core\fesm2022\testing.mjs:292:44
    at _ZoneDelegate.invoke (C:\Angular project-2\codebook\node_modules\zone.js\bundles\zone.umd.js:416:32)
    at ProxyZoneSpec.Object.<anonymous>.ProxyZoneSpec.onInvoke (C:\Angular project-2\codebook\node_modules\zone.js\bundles\zone-testing.umd.js:2177:43)
    at _ZoneDelegate.invoke (C:\Angular project-2\codebook\node_modules\zone.js\bundles\zone.umd.js:415:38)
    at Object.onInvoke (C:\Angular project-2\codebook\node_modules\@angular\core\fesm2022\core.mjs:6528:33)
    at _ZoneDelegate.invoke (C:\Angular project-2\codebook\node_modules\zone.js\bundles\zone.umd.js:415:38)
    at ZoneImpl.run (C:\Angular project-2\codebook\node_modules\zone.js\bundles\zone.umd.js:147:47)
    at NgZone.run (C:\Angular project-2\codebook\node_modules\@angular\core\fesm2022\core.mjs:6374:28)
    at ComponentFixture.detectChanges (C:\Angular project-2\codebook\node_modules\@angular\core\fesm2022\testing.mjs:289:30)
    at C:\Angular project-2\codebook\src\app\pages\users\users.component.spec.ts:108:13
    at _ZoneDelegate.invoke (C:\Angular project-2\codebook\node_modules\zone.js\bundles\zone.umd.js:416:32)
    at ProxyZoneSpec.Object.<anonymous>.ProxyZoneSpec.onInvoke (C:\Angular project-2\codebook\node_modules\zone.js\bundles\zone-testing.umd.js:2177:43)
    at _ZoneDelegate.invoke (C:\Angular project-2\codebook\node_modules\zone.js\bundles\zone.umd.js:415:38)
    at ZoneImpl.run (C:\Angular project-2\codebook\node_modules\zone.js\bundles\zone.umd.js:147:47)
    at Object.wrappedFunc (C:\Angular project-2\codebook\node_modules\zone.js\bundles\zone-testing.umd.js:450:38)
    at Promise.then.completed (C:\Angular project-2\codebook\node_modules\jest-circus\build\utils.js:298:28)
    at new Promise (<anonymous>)
    at callAsyncCircusFn (C:\Angular project-2\codebook\node_modules\jest-circus\build\utils.js:231:10)
    at _callCircusTest (C:\Angular project-2\codebook\node_modules\jest-circus\build\run.js:316:40)
    at processTicksAndRejections (node:internal/process/task_queues:105:5)
    at _runTest (C:\Angular project-2\codebook\node_modules\jest-circus\build\run.js:252:3)
    at _runTestsForDescribeBlock (C:\Angular project-2\codebook\node_modules\jest-circus\build\run.js:126:9)
    at _runTestsForDescribeBlock (C:\Angular project-2\codebook\node_modules\jest-circus\build\run.js:121:9)
    at run (C:\Angular project-2\codebook\node_modules\jest-circus\build\run.js:71:3)
    at runAndTransformResultsToJestFormat (C:\Angular project-2\codebook\node_modules\jest-circus\build\legacy-code-todo-rewrite\jestAdapterInit.js:122:21)]]></failure>
    </testCase>
    <testCase name="UsersComponent should set paginator when initialized in effect" duration="275">
      <failure message="TypeError: ctx.darkModeService.isDarkMode is not a function"><![CDATA[TypeError: ctx.darkModeService.isDarkMode is not a function
    at UsersComponent_Template (ng:///UsersComponent.js:249:61)
    at executeTemplate (C:\Angular project-2\codebook\node_modules\@angular\core\fesm2022\core.mjs:12338:9)
    at refreshView (C:\Angular project-2\codebook\node_modules\@angular\core\fesm2022\core.mjs:14023:13)
    at detectChangesInView (C:\Angular project-2\codebook\node_modules\@angular\core\fesm2022\core.mjs:14243:9)
    at detectChangesInViewWhileDirty (C:\Angular project-2\codebook\node_modules\@angular\core\fesm2022\core.mjs:13935:9)
    at detectChangesInternal (C:\Angular project-2\codebook\node_modules\@angular\core\fesm2022\core.mjs:13917:9)
    at ViewRef.detectChanges (C:\Angular project-2\codebook\node_modules\@angular\core\fesm2022\core.mjs:14774:9)
    at Object.detectChanges [as fn] (C:\Angular project-2\codebook\src\app\pages\users\users.component.ts:62:16)
    at Object.run (C:\Angular project-2\codebook\node_modules\@angular\core\fesm2022\core.mjs:39620:18)
    at runEffectsInView (C:\Angular project-2\codebook\node_modules\@angular\core\fesm2022\core.mjs:13888:24)
    at refreshView (C:\Angular project-2\codebook\node_modules\@angular\core\fesm2022\core.mjs:14051:9)
    at detectChangesInView (C:\Angular project-2\codebook\node_modules\@angular\core\fesm2022\core.mjs:14243:9)
    at detectChangesInViewWhileDirty (C:\Angular project-2\codebook\node_modules\@angular\core\fesm2022\core.mjs:13935:9)
    at detectChangesInternal (C:\Angular project-2\codebook\node_modules\@angular\core\fesm2022\core.mjs:13917:9)
    at ViewRef.detectChanges (C:\Angular project-2\codebook\node_modules\@angular\core\fesm2022\core.mjs:14774:9)
    at C:\Angular project-2\codebook\node_modules\@angular\core\fesm2022\testing.mjs:292:44
    at _ZoneDelegate.invoke (C:\Angular project-2\codebook\node_modules\zone.js\bundles\zone.umd.js:416:32)
    at ProxyZoneSpec.Object.<anonymous>.ProxyZoneSpec.onInvoke (C:\Angular project-2\codebook\node_modules\zone.js\bundles\zone-testing.umd.js:2177:43)
    at _ZoneDelegate.invoke (C:\Angular project-2\codebook\node_modules\zone.js\bundles\zone.umd.js:415:38)
    at Object.onInvoke (C:\Angular project-2\codebook\node_modules\@angular\core\fesm2022\core.mjs:6528:33)
    at _ZoneDelegate.invoke (C:\Angular project-2\codebook\node_modules\zone.js\bundles\zone.umd.js:415:38)
    at ZoneImpl.run (C:\Angular project-2\codebook\node_modules\zone.js\bundles\zone.umd.js:147:47)
    at NgZone.run (C:\Angular project-2\codebook\node_modules\@angular\core\fesm2022\core.mjs:6374:28)
    at ComponentFixture.detectChanges (C:\Angular project-2\codebook\node_modules\@angular\core\fesm2022\testing.mjs:289:30)
    at C:\Angular project-2\codebook\src\app\pages\users\users.component.spec.ts:117:13
    at _ZoneDelegate.invoke (C:\Angular project-2\codebook\node_modules\zone.js\bundles\zone.umd.js:416:32)
    at ProxyZoneSpec.Object.<anonymous>.ProxyZoneSpec.onInvoke (C:\Angular project-2\codebook\node_modules\zone.js\bundles\zone-testing.umd.js:2177:43)
    at _ZoneDelegate.invoke (C:\Angular project-2\codebook\node_modules\zone.js\bundles\zone.umd.js:415:38)
    at ZoneImpl.run (C:\Angular project-2\codebook\node_modules\zone.js\bundles\zone.umd.js:147:47)
    at Object.wrappedFunc (C:\Angular project-2\codebook\node_modules\zone.js\bundles\zone-testing.umd.js:450:38)
    at Promise.then.completed (C:\Angular project-2\codebook\node_modules\jest-circus\build\utils.js:298:28)
    at new Promise (<anonymous>)
    at callAsyncCircusFn (C:\Angular project-2\codebook\node_modules\jest-circus\build\utils.js:231:10)
    at _callCircusTest (C:\Angular project-2\codebook\node_modules\jest-circus\build\run.js:316:40)
    at processTicksAndRejections (node:internal/process/task_queues:105:5)
    at _runTest (C:\Angular project-2\codebook\node_modules\jest-circus\build\run.js:252:3)
    at _runTestsForDescribeBlock (C:\Angular project-2\codebook\node_modules\jest-circus\build\run.js:126:9)
    at _runTestsForDescribeBlock (C:\Angular project-2\codebook\node_modules\jest-circus\build\run.js:121:9)
    at run (C:\Angular project-2\codebook\node_modules\jest-circus\build\run.js:71:3)
    at runAndTransformResultsToJestFormat (C:\Angular project-2\codebook\node_modules\jest-circus\build\legacy-code-todo-rewrite\jestAdapterInit.js:122:21)]]></failure>
    </testCase>
    <testCase name="UsersComponent should call loadUsers and set filterPredicate in ngOnInit" duration="136"/>
    <testCase name="UsersComponent should log message in ngOnDestroy" duration="333"/>
    <testCase name="UsersComponent should call openPopup with userId 0 in addUser" duration="714">
      <failure message="TypeError: Cannot read properties of undefined (reading &apos;push&apos;)"><![CDATA[TypeError: Cannot read properties of undefined (reading 'push')
    at _MatDialog.open (C:\Angular project-2\codebook\node_modules\@angular\material\fesm2022\module-c1a8b4bb.mjs:638:26)
    at UsersComponent.open (C:\Angular project-2\codebook\src\app\pages\users\users.component.ts:95:17)
    at UsersComponent.<anonymous> (C:\Angular project-2\codebook\node_modules\jest-mock\build\index.js:794:25)
    at C:\Angular project-2\codebook\node_modules\jest-mock\build\index.js:397:39
    at UsersComponent.<anonymous> (C:\Angular project-2\codebook\node_modules\jest-mock\build\index.js:404:13)
    at UsersComponent.mockConstructor [as openPopup] (C:\Angular project-2\codebook\node_modules\jest-mock\build\index.js:148:19)
    at UsersComponent.openPopup [as addUser] (C:\Angular project-2\codebook\src\app\pages\users\users.component.ts:83:10)
    at C:\Angular project-2\codebook\src\app\pages\users\users.component.spec.ts:150:15
    at _ZoneDelegate.invoke (C:\Angular project-2\codebook\node_modules\zone.js\bundles\zone.umd.js:416:32)
    at ProxyZoneSpec.Object.<anonymous>.ProxyZoneSpec.onInvoke (C:\Angular project-2\codebook\node_modules\zone.js\bundles\zone-testing.umd.js:2177:43)
    at _ZoneDelegate.invoke (C:\Angular project-2\codebook\node_modules\zone.js\bundles\zone.umd.js:415:38)
    at ZoneImpl.run (C:\Angular project-2\codebook\node_modules\zone.js\bundles\zone.umd.js:147:47)
    at Object.wrappedFunc (C:\Angular project-2\codebook\node_modules\zone.js\bundles\zone-testing.umd.js:450:38)
    at Promise.then.completed (C:\Angular project-2\codebook\node_modules\jest-circus\build\utils.js:298:28)
    at new Promise (<anonymous>)
    at callAsyncCircusFn (C:\Angular project-2\codebook\node_modules\jest-circus\build\utils.js:231:10)
    at _callCircusTest (C:\Angular project-2\codebook\node_modules\jest-circus\build\run.js:316:40)
    at processTicksAndRejections (node:internal/process/task_queues:105:5)
    at _runTest (C:\Angular project-2\codebook\node_modules\jest-circus\build\run.js:252:3)
    at _runTestsForDescribeBlock (C:\Angular project-2\codebook\node_modules\jest-circus\build\run.js:126:9)
    at _runTestsForDescribeBlock (C:\Angular project-2\codebook\node_modules\jest-circus\build\run.js:121:9)
    at run (C:\Angular project-2\codebook\node_modules\jest-circus\build\run.js:71:3)
    at runAndTransformResultsToJestFormat (C:\Angular project-2\codebook\node_modules\jest-circus\build\legacy-code-todo-rewrite\jestAdapterInit.js:122:21)]]></failure>
    </testCase>
    <testCase name="UsersComponent should call deleteUser in store when deleteUser is called" duration="204">
      <failure message="TypeError: this.store.deleteUser is not a function"><![CDATA[TypeError: this.store.deleteUser is not a function
    at UsersComponent.deleteUser (C:\Angular project-2\codebook\src\app\pages\users\users.component.ts:87:16)
    at C:\Angular project-2\codebook\src\app\pages\users\users.component.spec.ts:156:15
    at _ZoneDelegate.invoke (C:\Angular project-2\codebook\node_modules\zone.js\bundles\zone.umd.js:416:32)
    at ProxyZoneSpec.Object.<anonymous>.ProxyZoneSpec.onInvoke (C:\Angular project-2\codebook\node_modules\zone.js\bundles\zone-testing.umd.js:2177:43)
    at _ZoneDelegate.invoke (C:\Angular project-2\codebook\node_modules\zone.js\bundles\zone.umd.js:415:38)
    at ZoneImpl.run (C:\Angular project-2\codebook\node_modules\zone.js\bundles\zone.umd.js:147:47)
    at Object.wrappedFunc (C:\Angular project-2\codebook\node_modules\zone.js\bundles\zone-testing.umd.js:450:38)
    at Promise.then.completed (C:\Angular project-2\codebook\node_modules\jest-circus\build\utils.js:298:28)
    at new Promise (<anonymous>)
    at callAsyncCircusFn (C:\Angular project-2\codebook\node_modules\jest-circus\build\utils.js:231:10)
    at _callCircusTest (C:\Angular project-2\codebook\node_modules\jest-circus\build\run.js:316:40)
    at processTicksAndRejections (node:internal/process/task_queues:105:5)
    at _runTest (C:\Angular project-2\codebook\node_modules\jest-circus\build\run.js:252:3)
    at _runTestsForDescribeBlock (C:\Angular project-2\codebook\node_modules\jest-circus\build\run.js:126:9)
    at _runTestsForDescribeBlock (C:\Angular project-2\codebook\node_modules\jest-circus\build\run.js:121:9)
    at run (C:\Angular project-2\codebook\node_modules\jest-circus\build\run.js:71:3)
    at runAndTransformResultsToJestFormat (C:\Angular project-2\codebook\node_modules\jest-circus\build\legacy-code-todo-rewrite\jestAdapterInit.js:122:21)]]></failure>
    </testCase>
    <testCase name="UsersComponent should call openPopup with userId in editUser" duration="369">
      <failure message="TypeError: Cannot read properties of undefined (reading &apos;push&apos;)"><![CDATA[TypeError: Cannot read properties of undefined (reading 'push')
    at _MatDialog.open (C:\Angular project-2\codebook\node_modules\@angular\material\fesm2022\module-c1a8b4bb.mjs:638:26)
    at UsersComponent.open (C:\Angular project-2\codebook\src\app\pages\users\users.component.ts:95:17)
    at UsersComponent.<anonymous> (C:\Angular project-2\codebook\node_modules\jest-mock\build\index.js:794:25)
    at C:\Angular project-2\codebook\node_modules\jest-mock\build\index.js:397:39
    at UsersComponent.<anonymous> (C:\Angular project-2\codebook\node_modules\jest-mock\build\index.js:404:13)
    at UsersComponent.mockConstructor [as openPopup] (C:\Angular project-2\codebook\node_modules\jest-mock\build\index.js:148:19)
    at UsersComponent.openPopup [as editUser] (C:\Angular project-2\codebook\src\app\pages\users\users.component.ts:91:10)
    at C:\Angular project-2\codebook\src\app\pages\users\users.component.spec.ts:163:15
    at _ZoneDelegate.invoke (C:\Angular project-2\codebook\node_modules\zone.js\bundles\zone.umd.js:416:32)
    at ProxyZoneSpec.Object.<anonymous>.ProxyZoneSpec.onInvoke (C:\Angular project-2\codebook\node_modules\zone.js\bundles\zone-testing.umd.js:2177:43)
    at _ZoneDelegate.invoke (C:\Angular project-2\codebook\node_modules\zone.js\bundles\zone.umd.js:415:38)
    at ZoneImpl.run (C:\Angular project-2\codebook\node_modules\zone.js\bundles\zone.umd.js:147:47)
    at Object.wrappedFunc (C:\Angular project-2\codebook\node_modules\zone.js\bundles\zone-testing.umd.js:450:38)
    at Promise.then.completed (C:\Angular project-2\codebook\node_modules\jest-circus\build\utils.js:298:28)
    at new Promise (<anonymous>)
    at callAsyncCircusFn (C:\Angular project-2\codebook\node_modules\jest-circus\build\utils.js:231:10)
    at _callCircusTest (C:\Angular project-2\codebook\node_modules\jest-circus\build\run.js:316:40)
    at processTicksAndRejections (node:internal/process/task_queues:105:5)
    at _runTest (C:\Angular project-2\codebook\node_modules\jest-circus\build\run.js:252:3)
    at _runTestsForDescribeBlock (C:\Angular project-2\codebook\node_modules\jest-circus\build\run.js:126:9)
    at _runTestsForDescribeBlock (C:\Angular project-2\codebook\node_modules\jest-circus\build\run.js:121:9)
    at run (C:\Angular project-2\codebook\node_modules\jest-circus\build\run.js:71:3)
    at runAndTransformResultsToJestFormat (C:\Angular project-2\codebook\node_modules\jest-circus\build\legacy-code-todo-rewrite\jestAdapterInit.js:122:21)]]></failure>
    </testCase>
    <testCase name="UsersComponent should open dialog with correct config in openPopup" duration="366">
      <failure message="TypeError: Cannot read properties of undefined (reading &apos;push&apos;)"><![CDATA[TypeError: Cannot read properties of undefined (reading 'push')
    at _MatDialog.open (C:\Angular project-2\codebook\node_modules\@angular\material\fesm2022\module-c1a8b4bb.mjs:638:26)
    at UsersComponent.open [as openPopup] (C:\Angular project-2\codebook\src\app\pages\users\users.component.ts:95:17)
    at C:\Angular project-2\codebook\src\app\pages\users\users.component.spec.ts:169:15
    at _ZoneDelegate.invoke (C:\Angular project-2\codebook\node_modules\zone.js\bundles\zone.umd.js:416:32)
    at ProxyZoneSpec.Object.<anonymous>.ProxyZoneSpec.onInvoke (C:\Angular project-2\codebook\node_modules\zone.js\bundles\zone-testing.umd.js:2177:43)
    at _ZoneDelegate.invoke (C:\Angular project-2\codebook\node_modules\zone.js\bundles\zone.umd.js:415:38)
    at ZoneImpl.run (C:\Angular project-2\codebook\node_modules\zone.js\bundles\zone.umd.js:147:47)
    at Object.wrappedFunc (C:\Angular project-2\codebook\node_modules\zone.js\bundles\zone-testing.umd.js:450:38)
    at Promise.then.completed (C:\Angular project-2\codebook\node_modules\jest-circus\build\utils.js:298:28)
    at new Promise (<anonymous>)
    at callAsyncCircusFn (C:\Angular project-2\codebook\node_modules\jest-circus\build\utils.js:231:10)
    at _callCircusTest (C:\Angular project-2\codebook\node_modules\jest-circus\build\run.js:316:40)
    at processTicksAndRejections (node:internal/process/task_queues:105:5)
    at _runTest (C:\Angular project-2\codebook\node_modules\jest-circus\build\run.js:252:3)
    at _runTestsForDescribeBlock (C:\Angular project-2\codebook\node_modules\jest-circus\build\run.js:126:9)
    at _runTestsForDescribeBlock (C:\Angular project-2\codebook\node_modules\jest-circus\build\run.js:121:9)
    at run (C:\Angular project-2\codebook\node_modules\jest-circus\build\run.js:71:3)
    at runAndTransformResultsToJestFormat (C:\Angular project-2\codebook\node_modules\jest-circus\build\legacy-code-todo-rewrite\jestAdapterInit.js:122:21)]]></failure>
    </testCase>
    <testCase name="UsersComponent should apply filter and reset paginator when applyFilter is called" duration="274">
      <failure message="TypeError: ctx.darkModeService.isDarkMode is not a function"><![CDATA[TypeError: ctx.darkModeService.isDarkMode is not a function
    at UsersComponent_Template (ng:///UsersComponent.js:249:61)
    at executeTemplate (C:\Angular project-2\codebook\node_modules\@angular\core\fesm2022\core.mjs:12338:9)
    at refreshView (C:\Angular project-2\codebook\node_modules\@angular\core\fesm2022\core.mjs:14023:13)
    at detectChangesInView (C:\Angular project-2\codebook\node_modules\@angular\core\fesm2022\core.mjs:14243:9)
    at detectChangesInViewWhileDirty (C:\Angular project-2\codebook\node_modules\@angular\core\fesm2022\core.mjs:13935:9)
    at detectChangesInternal (C:\Angular project-2\codebook\node_modules\@angular\core\fesm2022\core.mjs:13917:9)
    at ViewRef.detectChanges (C:\Angular project-2\codebook\node_modules\@angular\core\fesm2022\core.mjs:14774:9)
    at UsersComponent.detectChanges [as applyFilter] (C:\Angular project-2\codebook\src\app\pages\users\users.component.ts:109:14)
    at C:\Angular project-2\codebook\src\app\pages\users\users.component.spec.ts:184:15
    at _ZoneDelegate.invoke (C:\Angular project-2\codebook\node_modules\zone.js\bundles\zone.umd.js:416:32)
    at ProxyZoneSpec.Object.<anonymous>.ProxyZoneSpec.onInvoke (C:\Angular project-2\codebook\node_modules\zone.js\bundles\zone-testing.umd.js:2177:43)
    at _ZoneDelegate.invoke (C:\Angular project-2\codebook\node_modules\zone.js\bundles\zone.umd.js:415:38)
    at ZoneImpl.run (C:\Angular project-2\codebook\node_modules\zone.js\bundles\zone.umd.js:147:47)
    at Object.wrappedFunc (C:\Angular project-2\codebook\node_modules\zone.js\bundles\zone-testing.umd.js:450:38)
    at Promise.then.completed (C:\Angular project-2\codebook\node_modules\jest-circus\build\utils.js:298:28)
    at new Promise (<anonymous>)
    at callAsyncCircusFn (C:\Angular project-2\codebook\node_modules\jest-circus\build\utils.js:231:10)
    at _callCircusTest (C:\Angular project-2\codebook\node_modules\jest-circus\build\run.js:316:40)
    at processTicksAndRejections (node:internal/process/task_queues:105:5)
    at _runTest (C:\Angular project-2\codebook\node_modules\jest-circus\build\run.js:252:3)
    at _runTestsForDescribeBlock (C:\Angular project-2\codebook\node_modules\jest-circus\build\run.js:126:9)
    at _runTestsForDescribeBlock (C:\Angular project-2\codebook\node_modules\jest-circus\build\run.js:121:9)
    at run (C:\Angular project-2\codebook\node_modules\jest-circus\build\run.js:71:3)
    at runAndTransformResultsToJestFormat (C:\Angular project-2\codebook\node_modules\jest-circus\build\legacy-code-todo-rewrite\jestAdapterInit.js:122:21)]]></failure>
    </testCase>
    <testCase name="UsersComponent should not call firstPage when paginator is not set in applyFilter" duration="176">
      <failure message="TypeError: ctx.darkModeService.isDarkMode is not a function"><![CDATA[TypeError: ctx.darkModeService.isDarkMode is not a function
    at UsersComponent_Template (ng:///UsersComponent.js:249:61)
    at executeTemplate (C:\Angular project-2\codebook\node_modules\@angular\core\fesm2022\core.mjs:12338:9)
    at refreshView (C:\Angular project-2\codebook\node_modules\@angular\core\fesm2022\core.mjs:14023:13)
    at detectChangesInView (C:\Angular project-2\codebook\node_modules\@angular\core\fesm2022\core.mjs:14243:9)
    at detectChangesInViewWhileDirty (C:\Angular project-2\codebook\node_modules\@angular\core\fesm2022\core.mjs:13935:9)
    at detectChangesInternal (C:\Angular project-2\codebook\node_modules\@angular\core\fesm2022\core.mjs:13917:9)
    at ViewRef.detectChanges (C:\Angular project-2\codebook\node_modules\@angular\core\fesm2022\core.mjs:14774:9)
    at UsersComponent.detectChanges [as applyFilter] (C:\Angular project-2\codebook\src\app\pages\users\users.component.ts:109:14)
    at C:\Angular project-2\codebook\src\app\pages\users\users.component.spec.ts:195:15
    at _ZoneDelegate.invoke (C:\Angular project-2\codebook\node_modules\zone.js\bundles\zone.umd.js:416:32)
    at ProxyZoneSpec.Object.<anonymous>.ProxyZoneSpec.onInvoke (C:\Angular project-2\codebook\node_modules\zone.js\bundles\zone-testing.umd.js:2177:43)
    at _ZoneDelegate.invoke (C:\Angular project-2\codebook\node_modules\zone.js\bundles\zone.umd.js:415:38)
    at ZoneImpl.run (C:\Angular project-2\codebook\node_modules\zone.js\bundles\zone.umd.js:147:47)
    at Object.wrappedFunc (C:\Angular project-2\codebook\node_modules\zone.js\bundles\zone-testing.umd.js:450:38)
    at Promise.then.completed (C:\Angular project-2\codebook\node_modules\jest-circus\build\utils.js:298:28)
    at new Promise (<anonymous>)
    at callAsyncCircusFn (C:\Angular project-2\codebook\node_modules\jest-circus\build\utils.js:231:10)
    at _callCircusTest (C:\Angular project-2\codebook\node_modules\jest-circus\build\run.js:316:40)
    at processTicksAndRejections (node:internal/process/task_queues:105:5)
    at _runTest (C:\Angular project-2\codebook\node_modules\jest-circus\build\run.js:252:3)
    at _runTestsForDescribeBlock (C:\Angular project-2\codebook\node_modules\jest-circus\build\run.js:126:9)
    at _runTestsForDescribeBlock (C:\Angular project-2\codebook\node_modules\jest-circus\build\run.js:121:9)
    at run (C:\Angular project-2\codebook\node_modules\jest-circus\build\run.js:71:3)
    at runAndTransformResultsToJestFormat (C:\Angular project-2\codebook\node_modules\jest-circus\build\legacy-code-todo-rewrite\jestAdapterInit.js:122:21)]]></failure>
    </testCase>
  </file>
  <file path="C:\Angular project-2\codebook\src\app\pages\dashboard\dashboard.component.spec.ts">
    <testCase name="DashboardComponent should create" duration="1658"/>
    <testCase name="DashboardComponent should initialize form and countries" duration="427"/>
    <testCase name="DashboardComponent should set language from localStorage on init" duration="205"/>
    <testCase name="DashboardComponent should set default language to en if no lang in localStorage" duration="211"/>
    <testCase name="DashboardComponent should update responsiveClass based on breakpoint" duration="351">
      <failure message="Error: expect(jest.fn()).toHaveBeenCalledTimes(expected)"><![CDATA[Error: expect(jest.fn()).toHaveBeenCalledTimes(expected)

Expected number of calls: 3
Received number of calls: 0
    at C:\Angular project-2\codebook\src\app\pages\dashboard\dashboard.component.spec.ts:158:34
    at _ZoneDelegate.invoke (C:\Angular project-2\codebook\node_modules\zone.js\bundles\zone.umd.js:416:32)
    at ProxyZoneSpec.Object.<anonymous>.ProxyZoneSpec.onInvoke (C:\Angular project-2\codebook\node_modules\zone.js\bundles\zone-testing.umd.js:2177:43)
    at _ZoneDelegate.invoke (C:\Angular project-2\codebook\node_modules\zone.js\bundles\zone.umd.js:415:38)
    at ZoneImpl.run (C:\Angular project-2\codebook\node_modules\zone.js\bundles\zone.umd.js:147:47)
    at Object.wrappedFunc (C:\Angular project-2\codebook\node_modules\zone.js\bundles\zone-testing.umd.js:450:38)
    at Promise.then.completed (C:\Angular project-2\codebook\node_modules\jest-circus\build\utils.js:298:28)
    at new Promise (<anonymous>)
    at callAsyncCircusFn (C:\Angular project-2\codebook\node_modules\jest-circus\build\utils.js:231:10)
    at _callCircusTest (C:\Angular project-2\codebook\node_modules\jest-circus\build\run.js:316:40)
    at processTicksAndRejections (node:internal/process/task_queues:105:5)
    at _runTest (C:\Angular project-2\codebook\node_modules\jest-circus\build\run.js:252:3)
    at _runTestsForDescribeBlock (C:\Angular project-2\codebook\node_modules\jest-circus\build\run.js:126:9)
    at _runTestsForDescribeBlock (C:\Angular project-2\codebook\node_modules\jest-circus\build\run.js:121:9)
    at run (C:\Angular project-2\codebook\node_modules\jest-circus\build\run.js:71:3)
    at runAndTransformResultsToJestFormat (C:\Angular project-2\codebook\node_modules\jest-circus\build\legacy-code-todo-rewrite\jestAdapterInit.js:122:21)]]></failure>
    </testCase>
    <testCase name="DashboardComponent should load service providers from localStorage" duration="209"/>
    <testCase name="DashboardComponent should handle null service providers in localStorage" duration="209"/>
    <testCase name="DashboardComponent should handle localStorage error in loadFromLocalStorage" duration="175"/>
    <testCase name="DashboardComponent openPopup afterClosed subscription should add new provider when result is truthy and index is undefined" duration="907">
      <failure message="TypeError: Cannot read properties of undefined (reading &apos;push&apos;)"><![CDATA[TypeError: Cannot read properties of undefined (reading 'push')
    at _MatDialog.open (C:\Angular project-2\codebook\node_modules\@angular\material\fesm2022\module-c1a8b4bb.mjs:638:26)
    at DashboardComponent.open [as openPopup] (C:\Angular project-2\codebook\src\app\pages\dashboard\dashboard.component.ts:88:35)
    at C:\Angular project-2\codebook\src\app\pages\dashboard\dashboard.component.spec.ts:190:17
    at fakeAsyncFn (C:\Angular project-2\codebook\node_modules\zone.js\bundles\zone-testing.umd.js:1795:30)
    at _ZoneDelegate.invoke (C:\Angular project-2\codebook\node_modules\zone.js\bundles\zone.umd.js:416:32)
    at ProxyZoneSpec.Object.<anonymous>.ProxyZoneSpec.onInvoke (C:\Angular project-2\codebook\node_modules\zone.js\bundles\zone-testing.umd.js:2177:43)
    at _ZoneDelegate.invoke (C:\Angular project-2\codebook\node_modules\zone.js\bundles\zone.umd.js:415:38)
    at ZoneImpl.run (C:\Angular project-2\codebook\node_modules\zone.js\bundles\zone.umd.js:147:47)
    at Object.wrappedFunc (C:\Angular project-2\codebook\node_modules\zone.js\bundles\zone-testing.umd.js:450:38)
    at Promise.then.completed (C:\Angular project-2\codebook\node_modules\jest-circus\build\utils.js:298:28)
    at new Promise (<anonymous>)
    at callAsyncCircusFn (C:\Angular project-2\codebook\node_modules\jest-circus\build\utils.js:231:10)
    at _callCircusTest (C:\Angular project-2\codebook\node_modules\jest-circus\build\run.js:316:40)
    at processTicksAndRejections (node:internal/process/task_queues:105:5)
    at _runTest (C:\Angular project-2\codebook\node_modules\jest-circus\build\run.js:252:3)
    at _runTestsForDescribeBlock (C:\Angular project-2\codebook\node_modules\jest-circus\build\run.js:126:9)
    at _runTestsForDescribeBlock (C:\Angular project-2\codebook\node_modules\jest-circus\build\run.js:121:9)
    at _runTestsForDescribeBlock (C:\Angular project-2\codebook\node_modules\jest-circus\build\run.js:121:9)
    at run (C:\Angular project-2\codebook\node_modules\jest-circus\build\run.js:71:3)
    at runAndTransformResultsToJestFormat (C:\Angular project-2\codebook\node_modules\jest-circus\build\legacy-code-todo-rewrite\jestAdapterInit.js:122:21)]]></failure>
    </testCase>
    <testCase name="DashboardComponent openPopup afterClosed subscription should update existing provider when result is truthy and index is defined" duration="504">
      <failure message="TypeError: Cannot read properties of undefined (reading &apos;push&apos;)"><![CDATA[TypeError: Cannot read properties of undefined (reading 'push')
    at _MatDialog.open (C:\Angular project-2\codebook\node_modules\@angular\material\fesm2022\module-c1a8b4bb.mjs:638:26)
    at DashboardComponent.open [as openPopup] (C:\Angular project-2\codebook\src\app\pages\dashboard\dashboard.component.ts:88:35)
    at C:\Angular project-2\codebook\src\app\pages\dashboard\dashboard.component.spec.ts:224:17
    at fakeAsyncFn (C:\Angular project-2\codebook\node_modules\zone.js\bundles\zone-testing.umd.js:1795:30)
    at _ZoneDelegate.invoke (C:\Angular project-2\codebook\node_modules\zone.js\bundles\zone.umd.js:416:32)
    at ProxyZoneSpec.Object.<anonymous>.ProxyZoneSpec.onInvoke (C:\Angular project-2\codebook\node_modules\zone.js\bundles\zone-testing.umd.js:2177:43)
    at _ZoneDelegate.invoke (C:\Angular project-2\codebook\node_modules\zone.js\bundles\zone.umd.js:415:38)
    at ZoneImpl.run (C:\Angular project-2\codebook\node_modules\zone.js\bundles\zone.umd.js:147:47)
    at Object.wrappedFunc (C:\Angular project-2\codebook\node_modules\zone.js\bundles\zone-testing.umd.js:450:38)
    at Promise.then.completed (C:\Angular project-2\codebook\node_modules\jest-circus\build\utils.js:298:28)
    at new Promise (<anonymous>)
    at callAsyncCircusFn (C:\Angular project-2\codebook\node_modules\jest-circus\build\utils.js:231:10)
    at _callCircusTest (C:\Angular project-2\codebook\node_modules\jest-circus\build\run.js:316:40)
    at processTicksAndRejections (node:internal/process/task_queues:105:5)
    at _runTest (C:\Angular project-2\codebook\node_modules\jest-circus\build\run.js:252:3)
    at _runTestsForDescribeBlock (C:\Angular project-2\codebook\node_modules\jest-circus\build\run.js:126:9)
    at _runTestsForDescribeBlock (C:\Angular project-2\codebook\node_modules\jest-circus\build\run.js:121:9)
    at _runTestsForDescribeBlock (C:\Angular project-2\codebook\node_modules\jest-circus\build\run.js:121:9)
    at run (C:\Angular project-2\codebook\node_modules\jest-circus\build\run.js:71:3)
    at runAndTransformResultsToJestFormat (C:\Angular project-2\codebook\node_modules\jest-circus\build\legacy-code-todo-rewrite\jestAdapterInit.js:122:21)]]></failure>
    </testCase>
    <testCase name="DashboardComponent openPopup afterClosed subscription should not modify providers when result is falsy" duration="382">
      <failure message="TypeError: Cannot read properties of undefined (reading &apos;push&apos;)"><![CDATA[TypeError: Cannot read properties of undefined (reading 'push')
    at _MatDialog.open (C:\Angular project-2\codebook\node_modules\@angular\material\fesm2022\module-c1a8b4bb.mjs:638:26)
    at DashboardComponent.open [as openPopup] (C:\Angular project-2\codebook\src\app\pages\dashboard\dashboard.component.ts:88:35)
    at C:\Angular project-2\codebook\src\app\pages\dashboard\dashboard.component.spec.ts:260:17
    at fakeAsyncFn (C:\Angular project-2\codebook\node_modules\zone.js\bundles\zone-testing.umd.js:1795:30)
    at _ZoneDelegate.invoke (C:\Angular project-2\codebook\node_modules\zone.js\bundles\zone.umd.js:416:32)
    at ProxyZoneSpec.Object.<anonymous>.ProxyZoneSpec.onInvoke (C:\Angular project-2\codebook\node_modules\zone.js\bundles\zone-testing.umd.js:2177:43)
    at _ZoneDelegate.invoke (C:\Angular project-2\codebook\node_modules\zone.js\bundles\zone.umd.js:415:38)
    at ZoneImpl.run (C:\Angular project-2\codebook\node_modules\zone.js\bundles\zone.umd.js:147:47)
    at Object.wrappedFunc (C:\Angular project-2\codebook\node_modules\zone.js\bundles\zone-testing.umd.js:450:38)
    at Promise.then.completed (C:\Angular project-2\codebook\node_modules\jest-circus\build\utils.js:298:28)
    at new Promise (<anonymous>)
    at callAsyncCircusFn (C:\Angular project-2\codebook\node_modules\jest-circus\build\utils.js:231:10)
    at _callCircusTest (C:\Angular project-2\codebook\node_modules\jest-circus\build\run.js:316:40)
    at processTicksAndRejections (node:internal/process/task_queues:105:5)
    at _runTest (C:\Angular project-2\codebook\node_modules\jest-circus\build\run.js:252:3)
    at _runTestsForDescribeBlock (C:\Angular project-2\codebook\node_modules\jest-circus\build\run.js:126:9)
    at _runTestsForDescribeBlock (C:\Angular project-2\codebook\node_modules\jest-circus\build\run.js:121:9)
    at _runTestsForDescribeBlock (C:\Angular project-2\codebook\node_modules\jest-circus\build\run.js:121:9)
    at run (C:\Angular project-2\codebook\node_modules\jest-circus\build\run.js:71:3)
    at runAndTransformResultsToJestFormat (C:\Angular project-2\codebook\node_modules\jest-circus\build\legacy-code-todo-rewrite\jestAdapterInit.js:122:21)]]></failure>
    </testCase>
    <testCase name="DashboardComponent openPopup afterClosed subscription should handle null result without modifying providers" duration="317">
      <failure message="TypeError: Cannot read properties of undefined (reading &apos;push&apos;)"><![CDATA[TypeError: Cannot read properties of undefined (reading 'push')
    at _MatDialog.open (C:\Angular project-2\codebook\node_modules\@angular\material\fesm2022\module-c1a8b4bb.mjs:638:26)
    at DashboardComponent.open [as openPopup] (C:\Angular project-2\codebook\src\app\pages\dashboard\dashboard.component.ts:88:35)
    at C:\Angular project-2\codebook\src\app\pages\dashboard\dashboard.component.spec.ts:290:17
    at fakeAsyncFn (C:\Angular project-2\codebook\node_modules\zone.js\bundles\zone-testing.umd.js:1795:30)
    at _ZoneDelegate.invoke (C:\Angular project-2\codebook\node_modules\zone.js\bundles\zone.umd.js:416:32)
    at ProxyZoneSpec.Object.<anonymous>.ProxyZoneSpec.onInvoke (C:\Angular project-2\codebook\node_modules\zone.js\bundles\zone-testing.umd.js:2177:43)
    at _ZoneDelegate.invoke (C:\Angular project-2\codebook\node_modules\zone.js\bundles\zone.umd.js:415:38)
    at ZoneImpl.run (C:\Angular project-2\codebook\node_modules\zone.js\bundles\zone.umd.js:147:47)
    at Object.wrappedFunc (C:\Angular project-2\codebook\node_modules\zone.js\bundles\zone-testing.umd.js:450:38)
    at Promise.then.completed (C:\Angular project-2\codebook\node_modules\jest-circus\build\utils.js:298:28)
    at new Promise (<anonymous>)
    at callAsyncCircusFn (C:\Angular project-2\codebook\node_modules\jest-circus\build\utils.js:231:10)
    at _callCircusTest (C:\Angular project-2\codebook\node_modules\jest-circus\build\run.js:316:40)
    at processTicksAndRejections (node:internal/process/task_queues:105:5)
    at _runTest (C:\Angular project-2\codebook\node_modules\jest-circus\build\run.js:252:3)
    at _runTestsForDescribeBlock (C:\Angular project-2\codebook\node_modules\jest-circus\build\run.js:126:9)
    at _runTestsForDescribeBlock (C:\Angular project-2\codebook\node_modules\jest-circus\build\run.js:121:9)
    at _runTestsForDescribeBlock (C:\Angular project-2\codebook\node_modules\jest-circus\build\run.js:121:9)
    at run (C:\Angular project-2\codebook\node_modules\jest-circus\build\run.js:71:3)
    at runAndTransformResultsToJestFormat (C:\Angular project-2\codebook\node_modules\jest-circus\build\legacy-code-todo-rewrite\jestAdapterInit.js:122:21)]]></failure>
    </testCase>
    <testCase name="DashboardComponent should create service provider form group" duration="276"/>
    <testCase name="DashboardComponent should edit service provider" duration="430">
      <failure message="TypeError: Cannot read properties of undefined (reading &apos;push&apos;)"><![CDATA[TypeError: Cannot read properties of undefined (reading 'push')
    at _MatDialog.open (C:\Angular project-2\codebook\node_modules\@angular\material\fesm2022\module-c1a8b4bb.mjs:638:26)
    at DashboardComponent.open [as openPopup] (C:\Angular project-2\codebook\src\app\pages\dashboard\dashboard.component.ts:88:35)
    at DashboardComponent.openPopup [as editServiceProvider] (C:\Angular project-2\codebook\src\app\pages\dashboard\dashboard.component.ts:121:12)
    at C:\Angular project-2\codebook\src\app\pages\dashboard\dashboard.component.spec.ts:332:15
    at fakeAsyncFn (C:\Angular project-2\codebook\node_modules\zone.js\bundles\zone-testing.umd.js:1795:30)
    at _ZoneDelegate.invoke (C:\Angular project-2\codebook\node_modules\zone.js\bundles\zone.umd.js:416:32)
    at ProxyZoneSpec.Object.<anonymous>.ProxyZoneSpec.onInvoke (C:\Angular project-2\codebook\node_modules\zone.js\bundles\zone-testing.umd.js:2177:43)
    at _ZoneDelegate.invoke (C:\Angular project-2\codebook\node_modules\zone.js\bundles\zone.umd.js:415:38)
    at ZoneImpl.run (C:\Angular project-2\codebook\node_modules\zone.js\bundles\zone.umd.js:147:47)
    at Object.wrappedFunc (C:\Angular project-2\codebook\node_modules\zone.js\bundles\zone-testing.umd.js:450:38)
    at Promise.then.completed (C:\Angular project-2\codebook\node_modules\jest-circus\build\utils.js:298:28)
    at new Promise (<anonymous>)
    at callAsyncCircusFn (C:\Angular project-2\codebook\node_modules\jest-circus\build\utils.js:231:10)
    at _callCircusTest (C:\Angular project-2\codebook\node_modules\jest-circus\build\run.js:316:40)
    at processTicksAndRejections (node:internal/process/task_queues:105:5)
    at _runTest (C:\Angular project-2\codebook\node_modules\jest-circus\build\run.js:252:3)
    at _runTestsForDescribeBlock (C:\Angular project-2\codebook\node_modules\jest-circus\build\run.js:126:9)
    at _runTestsForDescribeBlock (C:\Angular project-2\codebook\node_modules\jest-circus\build\run.js:121:9)
    at run (C:\Angular project-2\codebook\node_modules\jest-circus\build\run.js:71:3)
    at runAndTransformResultsToJestFormat (C:\Angular project-2\codebook\node_modules\jest-circus\build\legacy-code-todo-rewrite\jestAdapterInit.js:122:21)]]></failure>
    </testCase>
    <testCase name="DashboardComponent should delete service provider" duration="194"/>
    <testCase name="DashboardComponent should handle error in deleteServiceProvider" duration="355"/>
    <testCase name="DashboardComponent should submit valid form" duration="307"/>
    <testCase name="DashboardComponent should handle invalid form submission" duration="152"/>
    <testCase name="DashboardComponent should handle specific form validation errors" duration="242"/>
    <testCase name="DashboardComponent should handle localStorage error in onSubmit" duration="195"/>
    <testCase name="DashboardComponent should enable edit mode" duration="191"/>
    <testCase name="DashboardComponent should cancel form" duration="175"/>
    <testCase name="DashboardComponent should save to localStorage" duration="165"/>
    <testCase name="DashboardComponent should handle error in saveToLocalStorage" duration="145"/>
    <testCase name="DashboardComponent should track by provider id" duration="225"/>
    <testCase name="DashboardComponent should get serviceProvidersArray" duration="410"/>
    <testCase name="DashboardComponent should handle empty service providers in loadFromLocalStorage" duration="169"/>
    <testCase name="DashboardComponent should handle duplicate service providers in loadFromLocalStorage" duration="136"/>
    <testCase name="DashboardComponent should handle invalid JSON in loadFromLocalStorage" duration="366"/>
    <testCase name="DashboardComponent should handle null provider in createServiceProviderFormGroup" duration="144"/>
    <testCase name="DashboardComponent should handle missing businessForm in loadFromLocalStorage" duration="129"/>
  </file>
  <file path="C:\Angular project-2\codebook\src\app\pages\business\business.component.spec.ts">
    <testCase name="BusinessComponent should create the component" duration="1831"/>
    <testCase name="BusinessComponent Initial State should initialize business signal with empty values" duration="303"/>
    <testCase name="BusinessComponent Initial State should initialize categories and subCategories" duration="287"/>
    <testCase name="BusinessComponent Initial State should initialize isPublished as false" duration="221"/>
    <testCase name="BusinessComponent Initial State should initialize isEditing with all steps as false" duration="288"/>
    <testCase name="BusinessComponent Template Rendering should render the header with title and Create New Business button" duration="369"/>
    <testCase name="BusinessComponent Template Rendering should render the stepper with three steps" duration="334">
      <failure message="Error: expect(received).toBe(expected) // Object.is equality"><![CDATA[Error: expect(received).toBe(expected) // Object.is equality

Expected: 3
Received: 0
    at C:\Angular project-2\codebook\src\app\pages\business\business.component.spec.ts:116:28
    at _ZoneDelegate.invoke (C:\Angular project-2\codebook\node_modules\zone.js\bundles\zone.umd.js:416:32)
    at ProxyZoneSpec.Object.<anonymous>.ProxyZoneSpec.onInvoke (C:\Angular project-2\codebook\node_modules\zone.js\bundles\zone-testing.umd.js:2177:43)
    at _ZoneDelegate.invoke (C:\Angular project-2\codebook\node_modules\zone.js\bundles\zone.umd.js:415:38)
    at ZoneImpl.run (C:\Angular project-2\codebook\node_modules\zone.js\bundles\zone.umd.js:147:47)
    at Object.wrappedFunc (C:\Angular project-2\codebook\node_modules\zone.js\bundles\zone-testing.umd.js:450:38)
    at Promise.then.completed (C:\Angular project-2\codebook\node_modules\jest-circus\build\utils.js:298:28)
    at new Promise (<anonymous>)
    at callAsyncCircusFn (C:\Angular project-2\codebook\node_modules\jest-circus\build\utils.js:231:10)
    at _callCircusTest (C:\Angular project-2\codebook\node_modules\jest-circus\build\run.js:316:40)
    at _runTest (C:\Angular project-2\codebook\node_modules\jest-circus\build\run.js:252:3)
    at _runTestsForDescribeBlock (C:\Angular project-2\codebook\node_modules\jest-circus\build\run.js:126:9)
    at _runTestsForDescribeBlock (C:\Angular project-2\codebook\node_modules\jest-circus\build\run.js:121:9)
    at _runTestsForDescribeBlock (C:\Angular project-2\codebook\node_modules\jest-circus\build\run.js:121:9)
    at run (C:\Angular project-2\codebook\node_modules\jest-circus\build\run.js:71:3)
    at runAndTransformResultsToJestFormat (C:\Angular project-2\codebook\node_modules\jest-circus\build\legacy-code-todo-rewrite\jestAdapterInit.js:122:21)]]></failure>
    </testCase>
    <testCase name="BusinessComponent Template Rendering should render step 1 form when not published" duration="290"/>
    <testCase name="BusinessComponent Template Rendering should render published view when isPublished is true" duration="725">
      <failure message="Error: expect(received).toContain(expected) // indexOf"><![CDATA[Error: expect(received).toContain(expected) // indexOf

Expected substring: "Test Business"
Received string:    "Name:"
    at C:\Angular project-2\codebook\src\app\pages\business\business.component.spec.ts:142:63
    at _ZoneDelegate.invoke (C:\Angular project-2\codebook\node_modules\zone.js\bundles\zone.umd.js:416:32)
    at ProxyZoneSpec.Object.<anonymous>.ProxyZoneSpec.onInvoke (C:\Angular project-2\codebook\node_modules\zone.js\bundles\zone-testing.umd.js:2177:43)
    at _ZoneDelegate.invoke (C:\Angular project-2\codebook\node_modules\zone.js\bundles\zone.umd.js:415:38)
    at ZoneImpl.run (C:\Angular project-2\codebook\node_modules\zone.js\bundles\zone.umd.js:147:47)
    at Object.wrappedFunc (C:\Angular project-2\codebook\node_modules\zone.js\bundles\zone-testing.umd.js:450:38)
    at Promise.then.completed (C:\Angular project-2\codebook\node_modules\jest-circus\build\utils.js:298:28)
    at new Promise (<anonymous>)
    at callAsyncCircusFn (C:\Angular project-2\codebook\node_modules\jest-circus\build\utils.js:231:10)
    at _callCircusTest (C:\Angular project-2\codebook\node_modules\jest-circus\build\run.js:316:40)
    at _runTest (C:\Angular project-2\codebook\node_modules\jest-circus\build\run.js:252:3)
    at _runTestsForDescribeBlock (C:\Angular project-2\codebook\node_modules\jest-circus\build\run.js:126:9)
    at _runTestsForDescribeBlock (C:\Angular project-2\codebook\node_modules\jest-circus\build\run.js:121:9)
    at _runTestsForDescribeBlock (C:\Angular project-2\codebook\node_modules\jest-circus\build\run.js:121:9)
    at run (C:\Angular project-2\codebook\node_modules\jest-circus\build\run.js:71:3)
    at runAndTransformResultsToJestFormat (C:\Angular project-2\codebook\node_modules\jest-circus\build\legacy-code-todo-rewrite\jestAdapterInit.js:122:21)]]></failure>
    </testCase>
    <testCase name="BusinessComponent Template Rendering should show success message when published" duration="427"/>
    <testCase name="BusinessComponent Form Validation should validate step 1 as invalid when name or country is empty" duration="389"/>
    <testCase name="BusinessComponent Form Validation should validate step 2 as invalid when category or subCategory is empty" duration="398"/>
    <testCase name="BusinessComponent Form Validation should validate step 3 as invalid when phone is empty" duration="267"/>
    <testCase name="BusinessComponent Form Validation should show validation errors for step 1 when fields are touched and invalid" duration="470"/>
    <testCase name="BusinessComponent Stepper Navigation should disable Next button in step 1 when form is invalid" duration="254">
      <failure message="Error: expect(received).toBe(expected) // Object.is equality"><![CDATA[Error: expect(received).toBe(expected) // Object.is equality

Expected: true
Received: false
    at C:\Angular project-2\codebook\src\app\pages\business\business.component.spec.ts:195:35
    at _ZoneDelegate.invoke (C:\Angular project-2\codebook\node_modules\zone.js\bundles\zone.umd.js:416:32)
    at ProxyZoneSpec.Object.<anonymous>.ProxyZoneSpec.onInvoke (C:\Angular project-2\codebook\node_modules\zone.js\bundles\zone-testing.umd.js:2177:43)
    at _ZoneDelegate.invoke (C:\Angular project-2\codebook\node_modules\zone.js\bundles\zone.umd.js:415:38)
    at ZoneImpl.run (C:\Angular project-2\codebook\node_modules\zone.js\bundles\zone.umd.js:147:47)
    at Object.wrappedFunc (C:\Angular project-2\codebook\node_modules\zone.js\bundles\zone-testing.umd.js:450:38)
    at Promise.then.completed (C:\Angular project-2\codebook\node_modules\jest-circus\build\utils.js:298:28)
    at new Promise (<anonymous>)
    at callAsyncCircusFn (C:\Angular project-2\codebook\node_modules\jest-circus\build\utils.js:231:10)
    at _callCircusTest (C:\Angular project-2\codebook\node_modules\jest-circus\build\run.js:316:40)
    at _runTest (C:\Angular project-2\codebook\node_modules\jest-circus\build\run.js:252:3)
    at _runTestsForDescribeBlock (C:\Angular project-2\codebook\node_modules\jest-circus\build\run.js:126:9)
    at _runTestsForDescribeBlock (C:\Angular project-2\codebook\node_modules\jest-circus\build\run.js:121:9)
    at _runTestsForDescribeBlock (C:\Angular project-2\codebook\node_modules\jest-circus\build\run.js:121:9)
    at run (C:\Angular project-2\codebook\node_modules\jest-circus\build\run.js:71:3)
    at runAndTransformResultsToJestFormat (C:\Angular project-2\codebook\node_modules\jest-circus\build\legacy-code-todo-rewrite\jestAdapterInit.js:122:21)]]></failure>
    </testCase>
    <testCase name="BusinessComponent Stepper Navigation should enable Next button in step 1 when form is valid" duration="315">
      <failure message="Error: expect(received).toBe(expected) // Object.is equality"><![CDATA[Error: expect(received).toBe(expected) // Object.is equality

Expected: false
Received: true
    at C:\Angular project-2\codebook\src\app\pages\business\business.component.spec.ts:206:35
    at _ZoneDelegate.invoke (C:\Angular project-2\codebook\node_modules\zone.js\bundles\zone.umd.js:416:32)
    at ProxyZoneSpec.Object.<anonymous>.ProxyZoneSpec.onInvoke (C:\Angular project-2\codebook\node_modules\zone.js\bundles\zone-testing.umd.js:2177:43)
    at _ZoneDelegate.invoke (C:\Angular project-2\codebook\node_modules\zone.js\bundles\zone.umd.js:415:38)
    at ZoneImpl.run (C:\Angular project-2\codebook\node_modules\zone.js\bundles\zone.umd.js:147:47)
    at Object.wrappedFunc (C:\Angular project-2\codebook\node_modules\zone.js\bundles\zone-testing.umd.js:450:38)
    at Promise.then.completed (C:\Angular project-2\codebook\node_modules\jest-circus\build\utils.js:298:28)
    at new Promise (<anonymous>)
    at callAsyncCircusFn (C:\Angular project-2\codebook\node_modules\jest-circus\build\utils.js:231:10)
    at _callCircusTest (C:\Angular project-2\codebook\node_modules\jest-circus\build\run.js:316:40)
    at _runTest (C:\Angular project-2\codebook\node_modules\jest-circus\build\run.js:252:3)
    at _runTestsForDescribeBlock (C:\Angular project-2\codebook\node_modules\jest-circus\build\run.js:126:9)
    at _runTestsForDescribeBlock (C:\Angular project-2\codebook\node_modules\jest-circus\build\run.js:121:9)
    at _runTestsForDescribeBlock (C:\Angular project-2\codebook\node_modules\jest-circus\build\run.js:121:9)
    at run (C:\Angular project-2\codebook\node_modules\jest-circus\build\run.js:71:3)
    at runAndTransformResultsToJestFormat (C:\Angular project-2\codebook\node_modules\jest-circus\build\legacy-code-todo-rewrite\jestAdapterInit.js:122:21)]]></failure>
    </testCase>
    <testCase name="BusinessComponent Stepper Navigation should navigate to step 2 when Next is clicked" duration="606">
      <failure message="Error: expect(received).toBeTruthy()"><![CDATA[Error: expect(received).toBeTruthy()

Received: null
    at C:\Angular project-2\codebook\src\app\pages\business\business.component.spec.ts:221:52
    at _ZoneDelegate.invoke (C:\Angular project-2\codebook\node_modules\zone.js\bundles\zone.umd.js:416:32)
    at ProxyZoneSpec.Object.<anonymous>.ProxyZoneSpec.onInvoke (C:\Angular project-2\codebook\node_modules\zone.js\bundles\zone-testing.umd.js:2177:43)
    at _ZoneDelegate.invoke (C:\Angular project-2\codebook\node_modules\zone.js\bundles\zone.umd.js:415:38)
    at ZoneImpl.run (C:\Angular project-2\codebook\node_modules\zone.js\bundles\zone.umd.js:147:47)
    at Object.wrappedFunc (C:\Angular project-2\codebook\node_modules\zone.js\bundles\zone-testing.umd.js:450:38)
    at Promise.then.completed (C:\Angular project-2\codebook\node_modules\jest-circus\build\utils.js:298:28)
    at new Promise (<anonymous>)
    at callAsyncCircusFn (C:\Angular project-2\codebook\node_modules\jest-circus\build\utils.js:231:10)
    at _callCircusTest (C:\Angular project-2\codebook\node_modules\jest-circus\build\run.js:316:40)
    at _runTest (C:\Angular project-2\codebook\node_modules\jest-circus\build\run.js:252:3)
    at _runTestsForDescribeBlock (C:\Angular project-2\codebook\node_modules\jest-circus\build\run.js:126:9)
    at _runTestsForDescribeBlock (C:\Angular project-2\codebook\node_modules\jest-circus\build\run.js:121:9)
    at _runTestsForDescribeBlock (C:\Angular project-2\codebook\node_modules\jest-circus\build\run.js:121:9)
    at run (C:\Angular project-2\codebook\node_modules\jest-circus\build\run.js:71:3)
    at runAndTransformResultsToJestFormat (C:\Angular project-2\codebook\node_modules\jest-circus\build\legacy-code-todo-rewrite\jestAdapterInit.js:122:21)]]></failure>
    </testCase>
    <testCase name="BusinessComponent Stepper Navigation should navigate back to step 1 from step 2" duration="519">
      <failure message="TypeError: Cannot read properties of null (reading &apos;click&apos;)"><![CDATA[TypeError: Cannot read properties of null (reading 'click')
    at C:\Angular project-2\codebook\src\app\pages\business\business.component.spec.ts:233:72
    at _ZoneDelegate.invoke (C:\Angular project-2\codebook\node_modules\zone.js\bundles\zone.umd.js:416:32)
    at ProxyZoneSpec.Object.<anonymous>.ProxyZoneSpec.onInvoke (C:\Angular project-2\codebook\node_modules\zone.js\bundles\zone-testing.umd.js:2177:43)
    at _ZoneDelegate.invoke (C:\Angular project-2\codebook\node_modules\zone.js\bundles\zone.umd.js:415:38)
    at ZoneImpl.run (C:\Angular project-2\codebook\node_modules\zone.js\bundles\zone.umd.js:147:47)
    at Object.wrappedFunc (C:\Angular project-2\codebook\node_modules\zone.js\bundles\zone-testing.umd.js:450:38)
    at Promise.then.completed (C:\Angular project-2\codebook\node_modules\jest-circus\build\utils.js:298:28)
    at new Promise (<anonymous>)
    at callAsyncCircusFn (C:\Angular project-2\codebook\node_modules\jest-circus\build\utils.js:231:10)
    at _callCircusTest (C:\Angular project-2\codebook\node_modules\jest-circus\build\run.js:316:40)
    at _runTest (C:\Angular project-2\codebook\node_modules\jest-circus\build\run.js:252:3)
    at _runTestsForDescribeBlock (C:\Angular project-2\codebook\node_modules\jest-circus\build\run.js:126:9)
    at _runTestsForDescribeBlock (C:\Angular project-2\codebook\node_modules\jest-circus\build\run.js:121:9)
    at _runTestsForDescribeBlock (C:\Angular project-2\codebook\node_modules\jest-circus\build\run.js:121:9)
    at run (C:\Angular project-2\codebook\node_modules\jest-circus\build\run.js:71:3)
    at runAndTransformResultsToJestFormat (C:\Angular project-2\codebook\node_modules\jest-circus\build\legacy-code-todo-rewrite\jestAdapterInit.js:122:21)]]></failure>
    </testCase>
    <testCase name="BusinessComponent Publishing Business should call addBusiness and set isPublished to true on publish" duration="277"/>
    <testCase name="BusinessComponent Publishing Business should not publish if confirm is cancelled" duration="315"/>
    <testCase name="BusinessComponent Editing Business should toggle edit mode for step 1" duration="273"/>
    <testCase name="BusinessComponent Editing Business should render edit form for step 1" duration="680"/>
    <testCase name="BusinessComponent Editing Business should call updateBusiness on save" duration="339"/>
    <testCase name="BusinessComponent Editing Business should cancel edit mode without saving" duration="281">
      <failure message="Error: expect(received).toEqual(expected) // deep equality"><![CDATA[Error: expect(received).toEqual(expected) // deep equality

- Expected  - 1
+ Received  + 1

  Object {
    "category": "Retail",
    "country": "USA",
    "id": "123",
-   "name": "Test Business",
+   "name": "Updated Business",
    "phone": "1234567890",
    "subCategory": "Clothing",
  }
    at C:\Angular project-2\codebook\src\app\pages\business\business.component.spec.ts:316:36
    at _ZoneDelegate.invoke (C:\Angular project-2\codebook\node_modules\zone.js\bundles\zone.umd.js:416:32)
    at ProxyZoneSpec.Object.<anonymous>.ProxyZoneSpec.onInvoke (C:\Angular project-2\codebook\node_modules\zone.js\bundles\zone-testing.umd.js:2177:43)
    at _ZoneDelegate.invoke (C:\Angular project-2\codebook\node_modules\zone.js\bundles\zone.umd.js:415:38)
    at ZoneImpl.run (C:\Angular project-2\codebook\node_modules\zone.js\bundles\zone.umd.js:147:47)
    at Object.wrappedFunc (C:\Angular project-2\codebook\node_modules\zone.js\bundles\zone-testing.umd.js:450:38)
    at Promise.then.completed (C:\Angular project-2\codebook\node_modules\jest-circus\build\utils.js:298:28)
    at new Promise (<anonymous>)
    at callAsyncCircusFn (C:\Angular project-2\codebook\node_modules\jest-circus\build\utils.js:231:10)
    at _callCircusTest (C:\Angular project-2\codebook\node_modules\jest-circus\build\run.js:316:40)
    at _runTest (C:\Angular project-2\codebook\node_modules\jest-circus\build\run.js:252:3)
    at _runTestsForDescribeBlock (C:\Angular project-2\codebook\node_modules\jest-circus\build\run.js:126:9)
    at _runTestsForDescribeBlock (C:\Angular project-2\codebook\node_modules\jest-circus\build\run.js:121:9)
    at _runTestsForDescribeBlock (C:\Angular project-2\codebook\node_modules\jest-circus\build\run.js:121:9)
    at run (C:\Angular project-2\codebook\node_modules\jest-circus\build\run.js:71:3)
    at runAndTransformResultsToJestFormat (C:\Angular project-2\codebook\node_modules\jest-circus\build\legacy-code-todo-rewrite\jestAdapterInit.js:122:21)]]></failure>
    </testCase>
    <testCase name="BusinessComponent Reset Form should reset the form and signals" duration="324"/>
    <testCase name="BusinessComponent Responsive Behavior should set stepper orientation to vertical on mobile" duration="437">
      <failure message="Error: expect(received).toBe(expected) // Object.is equality"><![CDATA[Error: expect(received).toBe(expected) // Object.is equality

Expected: "vertical"
Received: null
    at C:\Angular project-2\codebook\src\app\pages\business\business.component.spec.ts:353:51
    at _ZoneDelegate.invoke (C:\Angular project-2\codebook\node_modules\zone.js\bundles\zone.umd.js:416:32)
    at ProxyZoneSpec.Object.<anonymous>.ProxyZoneSpec.onInvoke (C:\Angular project-2\codebook\node_modules\zone.js\bundles\zone-testing.umd.js:2177:43)
    at _ZoneDelegate.invoke (C:\Angular project-2\codebook\node_modules\zone.js\bundles\zone.umd.js:415:38)
    at ZoneImpl.run (C:\Angular project-2\codebook\node_modules\zone.js\bundles\zone.umd.js:147:47)
    at Object.wrappedFunc (C:\Angular project-2\codebook\node_modules\zone.js\bundles\zone-testing.umd.js:450:38)
    at Promise.then.completed (C:\Angular project-2\codebook\node_modules\jest-circus\build\utils.js:298:28)
    at new Promise (<anonymous>)
    at callAsyncCircusFn (C:\Angular project-2\codebook\node_modules\jest-circus\build\utils.js:231:10)
    at _callCircusTest (C:\Angular project-2\codebook\node_modules\jest-circus\build\run.js:316:40)
    at _runTest (C:\Angular project-2\codebook\node_modules\jest-circus\build\run.js:252:3)
    at _runTestsForDescribeBlock (C:\Angular project-2\codebook\node_modules\jest-circus\build\run.js:126:9)
    at _runTestsForDescribeBlock (C:\Angular project-2\codebook\node_modules\jest-circus\build\run.js:121:9)
    at _runTestsForDescribeBlock (C:\Angular project-2\codebook\node_modules\jest-circus\build\run.js:121:9)
    at run (C:\Angular project-2\codebook\node_modules\jest-circus\build\run.js:71:3)
    at runAndTransformResultsToJestFormat (C:\Angular project-2\codebook\node_modules\jest-circus\build\legacy-code-todo-rewrite\jestAdapterInit.js:122:21)]]></failure>
    </testCase>
    <testCase name="BusinessComponent Responsive Behavior should set stepper orientation to horizontal on desktop" duration="354">
      <failure message="Error: expect(received).toBe(expected) // Object.is equality"><![CDATA[Error: expect(received).toBe(expected) // Object.is equality

Expected: "horizontal"
Received: null
    at C:\Angular project-2\codebook\src\app\pages\business\business.component.spec.ts:360:51
    at _ZoneDelegate.invoke (C:\Angular project-2\codebook\node_modules\zone.js\bundles\zone.umd.js:416:32)
    at ProxyZoneSpec.Object.<anonymous>.ProxyZoneSpec.onInvoke (C:\Angular project-2\codebook\node_modules\zone.js\bundles\zone-testing.umd.js:2177:43)
    at _ZoneDelegate.invoke (C:\Angular project-2\codebook\node_modules\zone.js\bundles\zone.umd.js:415:38)
    at ZoneImpl.run (C:\Angular project-2\codebook\node_modules\zone.js\bundles\zone.umd.js:147:47)
    at Object.wrappedFunc (C:\Angular project-2\codebook\node_modules\zone.js\bundles\zone-testing.umd.js:450:38)
    at Promise.then.completed (C:\Angular project-2\codebook\node_modules\jest-circus\build\utils.js:298:28)
    at new Promise (<anonymous>)
    at callAsyncCircusFn (C:\Angular project-2\codebook\node_modules\jest-circus\build\utils.js:231:10)
    at _callCircusTest (C:\Angular project-2\codebook\node_modules\jest-circus\build\run.js:316:40)
    at _runTest (C:\Angular project-2\codebook\node_modules\jest-circus\build\run.js:252:3)
    at _runTestsForDescribeBlock (C:\Angular project-2\codebook\node_modules\jest-circus\build\run.js:126:9)
    at _runTestsForDescribeBlock (C:\Angular project-2\codebook\node_modules\jest-circus\build\run.js:121:9)
    at _runTestsForDescribeBlock (C:\Angular project-2\codebook\node_modules\jest-circus\build\run.js:121:9)
    at run (C:\Angular project-2\codebook\node_modules\jest-circus\build\run.js:71:3)
    at runAndTransformResultsToJestFormat (C:\Angular project-2\codebook\node_modules\jest-circus\build\legacy-code-todo-rewrite\jestAdapterInit.js:122:21)]]></failure>
    </testCase>
    <testCase name="BusinessComponent Dark Mode should apply dark-theme class when dark mode is enabled" duration="177"/>
    <testCase name="BusinessComponent Dark Mode should not apply dark-theme class when dark mode is disabled" duration="185"/>
  </file>
  <file path="C:\Angular project-2\codebook\src\app\login\login\login.component.spec.ts">
    <testCase name="LoginComponent should create the component" duration="1555"/>
    <testCase name="LoginComponent should initialize the form with correct controls" duration="372"/>
    <testCase name="LoginComponent should set validators correctly in login mode" duration="244">
      <failure message="Error: expect(received).toBe(expected) // Object.is equality"><![CDATA[Error: expect(received).toBe(expected) // Object.is equality

Expected: true
Received: false
    at C:\Angular project-2\codebook\src\app\login\login\login.component.spec.ts:79:89
    at _ZoneDelegate.invoke (C:\Angular project-2\codebook\node_modules\zone.js\bundles\zone.umd.js:416:32)
    at ProxyZoneSpec.Object.<anonymous>.ProxyZoneSpec.onInvoke (C:\Angular project-2\codebook\node_modules\zone.js\bundles\zone-testing.umd.js:2177:43)
    at _ZoneDelegate.invoke (C:\Angular project-2\codebook\node_modules\zone.js\bundles\zone.umd.js:415:38)
    at ZoneImpl.run (C:\Angular project-2\codebook\node_modules\zone.js\bundles\zone.umd.js:147:47)
    at Object.wrappedFunc (C:\Angular project-2\codebook\node_modules\zone.js\bundles\zone-testing.umd.js:450:38)
    at Promise.then.completed (C:\Angular project-2\codebook\node_modules\jest-circus\build\utils.js:298:28)
    at new Promise (<anonymous>)
    at callAsyncCircusFn (C:\Angular project-2\codebook\node_modules\jest-circus\build\utils.js:231:10)
    at _callCircusTest (C:\Angular project-2\codebook\node_modules\jest-circus\build\run.js:316:40)
    at processTicksAndRejections (node:internal/process/task_queues:105:5)
    at _runTest (C:\Angular project-2\codebook\node_modules\jest-circus\build\run.js:252:3)
    at _runTestsForDescribeBlock (C:\Angular project-2\codebook\node_modules\jest-circus\build\run.js:126:9)
    at _runTestsForDescribeBlock (C:\Angular project-2\codebook\node_modules\jest-circus\build\run.js:121:9)
    at run (C:\Angular project-2\codebook\node_modules\jest-circus\build\run.js:71:3)
    at runAndTransformResultsToJestFormat (C:\Angular project-2\codebook\node_modules\jest-circus\build\legacy-code-todo-rewrite\jestAdapterInit.js:122:21)]]></failure>
    </testCase>
    <testCase name="LoginComponent should set validators correctly in signup mode" duration="414">
      <failure message="Error: expect(received).toBe(expected) // Object.is equality"><![CDATA[Error: expect(received).toBe(expected) // Object.is equality

Expected: true
Received: false
    at C:\Angular project-2\codebook\src\app\login\login\login.component.spec.ts:88:88
    at _ZoneDelegate.invoke (C:\Angular project-2\codebook\node_modules\zone.js\bundles\zone.umd.js:416:32)
    at ProxyZoneSpec.Object.<anonymous>.ProxyZoneSpec.onInvoke (C:\Angular project-2\codebook\node_modules\zone.js\bundles\zone-testing.umd.js:2177:43)
    at _ZoneDelegate.invoke (C:\Angular project-2\codebook\node_modules\zone.js\bundles\zone.umd.js:415:38)
    at ZoneImpl.run (C:\Angular project-2\codebook\node_modules\zone.js\bundles\zone.umd.js:147:47)
    at Object.wrappedFunc (C:\Angular project-2\codebook\node_modules\zone.js\bundles\zone-testing.umd.js:450:38)
    at Promise.then.completed (C:\Angular project-2\codebook\node_modules\jest-circus\build\utils.js:298:28)
    at new Promise (<anonymous>)
    at callAsyncCircusFn (C:\Angular project-2\codebook\node_modules\jest-circus\build\utils.js:231:10)
    at _callCircusTest (C:\Angular project-2\codebook\node_modules\jest-circus\build\run.js:316:40)
    at processTicksAndRejections (node:internal/process/task_queues:105:5)
    at _runTest (C:\Angular project-2\codebook\node_modules\jest-circus\build\run.js:252:3)
    at _runTestsForDescribeBlock (C:\Angular project-2\codebook\node_modules\jest-circus\build\run.js:126:9)
    at _runTestsForDescribeBlock (C:\Angular project-2\codebook\node_modules\jest-circus\build\run.js:121:9)
    at run (C:\Angular project-2\codebook\node_modules\jest-circus\build\run.js:71:3)
    at runAndTransformResultsToJestFormat (C:\Angular project-2\codebook\node_modules\jest-circus\build\legacy-code-todo-rewrite\jestAdapterInit.js:122:21)]]></failure>
    </testCase>
    <testCase name="LoginComponent should toggle to signup mode when handleSignup is called in login mode" duration="288"/>
    <testCase name="LoginComponent should toggle to login mode when handleLogin is called in signup mode" duration="192"/>
    <testCase name="LoginComponent should validate email field as required and valid email" duration="250"/>
    <testCase name="LoginComponent should validate password field as required and minimum length" duration="319"/>
    <testCase name="LoginComponent should validate password match in signup mode" duration="398"/>
    <testCase name="LoginComponent should validate name field as required in signup mode" duration="520"/>
    <testCase name="LoginComponent should validate agreeTerms as required in signup mode" duration="427"/>
    <testCase name="LoginComponent should toggle password visibility" duration="185"/>
    <testCase name="LoginComponent should toggle confirm password visibility" duration="174"/>
    <testCase name="LoginComponent should call authService.login and navigate on successful login via handleLogin" duration="735">
      <failure message="Error: NG04002: Cannot match any routes. URL Segment: &apos;dashboard-selector&apos;"><![CDATA[Error: NG04002: Cannot match any routes. URL Segment: 'dashboard-selector'
    at Recognizer.noMatchError (C:\Angular project-2\codebook\node_modules\@angular\router\fesm2022\router-LSBBtrLI.mjs:3922:16)
    at C:\Angular project-2\codebook\node_modules\@angular\router\fesm2022\router-LSBBtrLI.mjs:3952:28
    at C:\Angular project-2\codebook\node_modules\rxjs\dist\cjs\internal\operators\catchError.js:13:51
    at OperatorSubscriber._this._error (C:\Angular project-2\codebook\node_modules\rxjs\dist\cjs\internal\operators\OperatorSubscriber.js:43:21)
    at OperatorSubscriber.Object.<anonymous>.Subscriber.error (C:\Angular project-2\codebook\node_modules\rxjs\dist\cjs\internal\Subscriber.js:60:18)
    at OperatorSubscriber.Object.<anonymous>.Subscriber._error (C:\Angular project-2\codebook\node_modules\rxjs\dist\cjs\internal\Subscriber.js:84:30)
    at OperatorSubscriber.Object.<anonymous>.Subscriber.error (C:\Angular project-2\codebook\node_modules\rxjs\dist\cjs\internal\Subscriber.js:60:18)
    at OperatorSubscriber.Object.<anonymous>.Subscriber._error (C:\Angular project-2\codebook\node_modules\rxjs\dist\cjs\internal\Subscriber.js:84:30)
    at OperatorSubscriber.Object.<anonymous>.Subscriber.error (C:\Angular project-2\codebook\node_modules\rxjs\dist\cjs\internal\Subscriber.js:60:18)
    at OperatorSubscriber.Object.<anonymous>.Subscriber._error (C:\Angular project-2\codebook\node_modules\rxjs\dist\cjs\internal\Subscriber.js:84:30)
    at OperatorSubscriber.Object.<anonymous>.Subscriber.error (C:\Angular project-2\codebook\node_modules\rxjs\dist\cjs\internal\Subscriber.js:60:18)
    at OperatorSubscriber.Object.<anonymous>.Subscriber._error (C:\Angular project-2\codebook\node_modules\rxjs\dist\cjs\internal\Subscriber.js:84:30)
    at OperatorSubscriber.Object.<anonymous>.Subscriber.error (C:\Angular project-2\codebook\node_modules\rxjs\dist\cjs\internal\Subscriber.js:60:18)
    at OperatorSubscriber.Object.<anonymous>.Subscriber._error (C:\Angular project-2\codebook\node_modules\rxjs\dist\cjs\internal\Subscriber.js:84:30)
    at OperatorSubscriber.Object.<anonymous>.Subscriber.error (C:\Angular project-2\codebook\node_modules\rxjs\dist\cjs\internal\Subscriber.js:60:18)
    at OperatorSubscriber.Object.<anonymous>.Subscriber._error (C:\Angular project-2\codebook\node_modules\rxjs\dist\cjs\internal\Subscriber.js:84:30)
    at OperatorSubscriber.Object.<anonymous>.Subscriber.error (C:\Angular project-2\codebook\node_modules\rxjs\dist\cjs\internal\Subscriber.js:60:18)
    at OperatorSubscriber.Object.<anonymous>.Subscriber._error (C:\Angular project-2\codebook\node_modules\rxjs\dist\cjs\internal\Subscriber.js:84:30)
    at OperatorSubscriber.Object.<anonymous>.Subscriber.error (C:\Angular project-2\codebook\node_modules\rxjs\dist\cjs\internal\Subscriber.js:60:18)
    at OperatorSubscriber.Object.<anonymous>.Subscriber._error (C:\Angular project-2\codebook\node_modules\rxjs\dist\cjs\internal\Subscriber.js:84:30)
    at OperatorSubscriber.Object.<anonymous>.Subscriber.error (C:\Angular project-2\codebook\node_modules\rxjs\dist\cjs\internal\Subscriber.js:60:18)
    at Observable.init [as _subscribe] (C:\Angular project-2\codebook\node_modules\rxjs\dist\cjs\internal\observable\throwError.js:8:58)
    at Observable.Object.<anonymous>.Observable._trySubscribe (C:\Angular project-2\codebook\node_modules\rxjs\dist\cjs\internal\Observable.js:41:25)
    at C:\Angular project-2\codebook\node_modules\rxjs\dist\cjs\internal\Observable.js:35:31
    at Object.errorContext (C:\Angular project-2\codebook\node_modules\rxjs\dist\cjs\internal\util\errorContext.js:22:9)
    at Observable.Object.<anonymous>.Observable.subscribe (C:\Angular project-2\codebook\node_modules\rxjs\dist\cjs\internal\Observable.js:26:24)
    at C:\Angular project-2\codebook\node_modules\rxjs\dist\cjs\internal\operators\catchError.js:26:27
    at OperatorSubscriber.<anonymous> (C:\Angular project-2\codebook\node_modules\rxjs\dist\cjs\internal\util\lift.js:14:28)
    at C:\Angular project-2\codebook\node_modules\rxjs\dist\cjs\internal\Observable.js:30:30
    at Object.errorContext (C:\Angular project-2\codebook\node_modules\rxjs\dist\cjs\internal\util\errorContext.js:22:9)
    at Observable.Object.<anonymous>.Observable.subscribe (C:\Angular project-2\codebook\node_modules\rxjs\dist\cjs\internal\Observable.js:26:24)
    at C:\Angular project-2\codebook\node_modules\rxjs\dist\cjs\internal\operators\map.js:9:16
    at OperatorSubscriber.<anonymous> (C:\Angular project-2\codebook\node_modules\rxjs\dist\cjs\internal\util\lift.js:14:28)
    at C:\Angular project-2\codebook\node_modules\rxjs\dist\cjs\internal\Observable.js:30:30
    at Object.errorContext (C:\Angular project-2\codebook\node_modules\rxjs\dist\cjs\internal\util\errorContext.js:22:9)
    at Observable.Object.<anonymous>.Observable.subscribe (C:\Angular project-2\codebook\node_modules\rxjs\dist\cjs\internal\Observable.js:26:24)
    at doInnerSub (C:\Angular project-2\codebook\node_modules\rxjs\dist\cjs\internal\operators\mergeInternals.js:22:56)
    at outerNext (C:\Angular project-2\codebook\node_modules\rxjs\dist\cjs\internal\operators\mergeInternals.js:17:70)
    at OperatorSubscriber._this._next (C:\Angular project-2\codebook\node_modules\rxjs\dist\cjs\internal\operators\OperatorSubscriber.js:33:21)
    at OperatorSubscriber.Object.<anonymous>.Subscriber.next (C:\Angular project-2\codebook\node_modules\rxjs\dist\cjs\internal\Subscriber.js:51:18)
    at Observable._subscribe (C:\Angular project-2\codebook\node_modules\rxjs\dist\cjs\internal\observable\innerFrom.js:109:24)
    at Observable.Object.<anonymous>.Observable._trySubscribe (C:\Angular project-2\codebook\node_modules\rxjs\dist\cjs\internal\Observable.js:41:25)
    at C:\Angular project-2\codebook\node_modules\rxjs\dist\cjs\internal\Observable.js:35:31
    at Object.errorContext (C:\Angular project-2\codebook\node_modules\rxjs\dist\cjs\internal\util\errorContext.js:22:9)
    at Observable.Object.<anonymous>.Observable.subscribe (C:\Angular project-2\codebook\node_modules\rxjs\dist\cjs\internal\Observable.js:26:24)
    at Object.mergeInternals (C:\Angular project-2\codebook\node_modules\rxjs\dist\cjs\internal\operators\mergeInternals.js:56:12)
    at C:\Angular project-2\codebook\node_modules\rxjs\dist\cjs\internal\operators\mergeMap.js:17:83
    at OperatorSubscriber.<anonymous> (C:\Angular project-2\codebook\node_modules\rxjs\dist\cjs\internal\util\lift.js:14:28)
    at C:\Angular project-2\codebook\node_modules\rxjs\dist\cjs\internal\Observable.js:30:30
    at Object.errorContext (C:\Angular project-2\codebook\node_modules\rxjs\dist\cjs\internal\util\errorContext.js:22:9)
    at Observable.Object.<anonymous>.Observable.subscribe (C:\Angular project-2\codebook\node_modules\rxjs\dist\cjs\internal\Observable.js:26:24)
    at C:\Angular project-2\codebook\node_modules\rxjs\dist\cjs\internal\operators\scanInternals.js:10:16
    at OperatorSubscriber.<anonymous> (C:\Angular project-2\codebook\node_modules\rxjs\dist\cjs\internal\util\lift.js:14:28)
    at C:\Angular project-2\codebook\node_modules\rxjs\dist\cjs\internal\Observable.js:30:30
    at Object.errorContext (C:\Angular project-2\codebook\node_modules\rxjs\dist\cjs\internal\util\errorContext.js:22:9)
    at Observable.Object.<anonymous>.Observable.subscribe (C:\Angular project-2\codebook\node_modules\rxjs\dist\cjs\internal\Observable.js:26:24)
    at C:\Angular project-2\codebook\node_modules\rxjs\dist\cjs\internal\operators\defaultIfEmpty.js:9:16
    at OperatorSubscriber.<anonymous> (C:\Angular project-2\codebook\node_modules\rxjs\dist\cjs\internal\util\lift.js:14:28)
    at C:\Angular project-2\codebook\node_modules\rxjs\dist\cjs\internal\Observable.js:30:30
    at Object.errorContext (C:\Angular project-2\codebook\node_modules\rxjs\dist\cjs\internal\util\errorContext.js:22:9)
    at Observable.Object.<anonymous>.Observable.subscribe (C:\Angular project-2\codebook\node_modules\rxjs\dist\cjs\internal\Observable.js:26:24)
    at C:\Angular project-2\codebook\node_modules\rxjs\dist\cjs\internal\operators\takeLast.js:23:20
    at OperatorSubscriber.<anonymous> (C:\Angular project-2\codebook\node_modules\rxjs\dist\cjs\internal\util\lift.js:14:28)
    at C:\Angular project-2\codebook\node_modules\rxjs\dist\cjs\internal\Observable.js:30:30
    at Object.errorContext (C:\Angular project-2\codebook\node_modules\rxjs\dist\cjs\internal\util\errorContext.js:22:9)
    at Observable.Object.<anonymous>.Observable.subscribe (C:\Angular project-2\codebook\node_modules\rxjs\dist\cjs\internal\Observable.js:26:24)
    at C:\Angular project-2\codebook\node_modules\rxjs\dist\cjs\internal\operators\throwIfEmpty.js:11:16
    at OperatorSubscriber.<anonymous> (C:\Angular project-2\codebook\node_modules\rxjs\dist\cjs\internal\util\lift.js:14:28)
    at C:\Angular project-2\codebook\node_modules\rxjs\dist\cjs\internal\Observable.js:30:30
    at Object.errorContext (C:\Angular project-2\codebook\node_modules\rxjs\dist\cjs\internal\util\errorContext.js:22:9)
    at Observable.Object.<anonymous>.Observable.subscribe (C:\Angular project-2\codebook\node_modules\rxjs\dist\cjs\internal\Observable.js:26:24)
    at Object.mergeInternals (C:\Angular project-2\codebook\node_modules\rxjs\dist\cjs\internal\operators\mergeInternals.js:56:12)
    at C:\Angular project-2\codebook\node_modules\rxjs\dist\cjs\internal\operators\mergeMap.js:17:83
    at OperatorSubscriber.<anonymous> (C:\Angular project-2\codebook\node_modules\rxjs\dist\cjs\internal\util\lift.js:14:28)
    at C:\Angular project-2\codebook\node_modules\rxjs\dist\cjs\internal\Observable.js:30:30
    at Object.errorContext (C:\Angular project-2\codebook\node_modules\rxjs\dist\cjs\internal\util\errorContext.js:22:9)
    at Observable.Object.<anonymous>.Observable.subscribe (C:\Angular project-2\codebook\node_modules\rxjs\dist\cjs\internal\Observable.js:26:24)
    at C:\Angular project-2\codebook\node_modules\rxjs\dist\cjs\internal\operators\map.js:9:16
    at OperatorSubscriber.<anonymous> (C:\Angular project-2\codebook\node_modules\rxjs\dist\cjs\internal\util\lift.js:14:28)
    at C:\Angular project-2\codebook\node_modules\rxjs\dist\cjs\internal\Observable.js:30:30
    at Object.errorContext (C:\Angular project-2\codebook\node_modules\rxjs\dist\cjs\internal\util\errorContext.js:22:9)
    at Observable.Object.<anonymous>.Observable.subscribe (C:\Angular project-2\codebook\node_modules\rxjs\dist\cjs\internal\Observable.js:26:24)
    at C:\Angular project-2\codebook\node_modules\rxjs\dist\cjs\internal\operators\catchError.js:12:27
    at OperatorSubscriber.<anonymous> (C:\Angular project-2\codebook\node_modules\rxjs\dist\cjs\internal\util\lift.js:14:28)
    at C:\Angular project-2\codebook\node_modules\rxjs\dist\cjs\internal\Observable.js:30:30
    at Object.errorContext (C:\Angular project-2\codebook\node_modules\rxjs\dist\cjs\internal\util\errorContext.js:22:9)
    at Observable.Object.<anonymous>.Observable.subscribe (C:\Angular project-2\codebook\node_modules\rxjs\dist\cjs\internal\Observable.js:26:24)
    at C:\Angular project-2\codebook\node_modules\rxjs\dist\cjs\internal\operators\map.js:9:16
    at OperatorSubscriber.<anonymous> (C:\Angular project-2\codebook\node_modules\rxjs\dist\cjs\internal\util\lift.js:14:28)
    at C:\Angular project-2\codebook\node_modules\rxjs\dist\cjs\internal\Observable.js:30:30
    at Object.errorContext (C:\Angular project-2\codebook\node_modules\rxjs\dist\cjs\internal\util\errorContext.js:22:9)
    at Observable.Object.<anonymous>.Observable.subscribe (C:\Angular project-2\codebook\node_modules\rxjs\dist\cjs\internal\Observable.js:26:24)
    at C:\Angular project-2\codebook\node_modules\rxjs\dist\cjs\internal\operators\map.js:9:16
    at OperatorSubscriber.<anonymous> (C:\Angular project-2\codebook\node_modules\rxjs\dist\cjs\internal\util\lift.js:14:28)
    at C:\Angular project-2\codebook\node_modules\rxjs\dist\cjs\internal\Observable.js:30:30
    at Object.errorContext (C:\Angular project-2\codebook\node_modules\rxjs\dist\cjs\internal\util\errorContext.js:22:9)
    at Observable.Object.<anonymous>.Observable.subscribe (C:\Angular project-2\codebook\node_modules\rxjs\dist\cjs\internal\Observable.js:26:24)
    at doInnerSub (C:\Angular project-2\codebook\node_modules\rxjs\dist\cjs\internal\operators\mergeInternals.js:22:56)
    at outerNext (C:\Angular project-2\codebook\node_modules\rxjs\dist\cjs\internal\operators\mergeInternals.js:17:70)
    at OperatorSubscriber._this._next (C:\Angular project-2\codebook\node_modules\rxjs\dist\cjs\internal\operators\OperatorSubscriber.js:33:21)]]></failure>
    </testCase>
    <testCase name="LoginComponent should reset password on failed login via handleLogin" duration="227"/>
    <testCase name="LoginComponent should toggle to login mode if isSignupMode is true in handleLogin" duration="214"/>
    <testCase name="LoginComponent should toggle to login mode if form is invalid in handleLogin" duration="207"/>
    <testCase name="LoginComponent should toggle to login mode if isLoading is true in handleLogin" duration="206"/>
    <testCase name="LoginComponent should call authService.signup and navigate on successful signup via handleSignup" duration="202">
      <failure message="Error: NG04002: Cannot match any routes. URL Segment: &apos;dashboard-selector&apos;"><![CDATA[Error: NG04002: Cannot match any routes. URL Segment: 'dashboard-selector'
    at Recognizer.noMatchError (C:\Angular project-2\codebook\node_modules\@angular\router\fesm2022\router-LSBBtrLI.mjs:3922:16)
    at C:\Angular project-2\codebook\node_modules\@angular\router\fesm2022\router-LSBBtrLI.mjs:3952:28
    at C:\Angular project-2\codebook\node_modules\rxjs\dist\cjs\internal\operators\catchError.js:13:51
    at OperatorSubscriber._this._error (C:\Angular project-2\codebook\node_modules\rxjs\dist\cjs\internal\operators\OperatorSubscriber.js:43:21)
    at OperatorSubscriber.Object.<anonymous>.Subscriber.error (C:\Angular project-2\codebook\node_modules\rxjs\dist\cjs\internal\Subscriber.js:60:18)
    at OperatorSubscriber.Object.<anonymous>.Subscriber._error (C:\Angular project-2\codebook\node_modules\rxjs\dist\cjs\internal\Subscriber.js:84:30)
    at OperatorSubscriber.Object.<anonymous>.Subscriber.error (C:\Angular project-2\codebook\node_modules\rxjs\dist\cjs\internal\Subscriber.js:60:18)
    at OperatorSubscriber.Object.<anonymous>.Subscriber._error (C:\Angular project-2\codebook\node_modules\rxjs\dist\cjs\internal\Subscriber.js:84:30)
    at OperatorSubscriber.Object.<anonymous>.Subscriber.error (C:\Angular project-2\codebook\node_modules\rxjs\dist\cjs\internal\Subscriber.js:60:18)
    at OperatorSubscriber.Object.<anonymous>.Subscriber._error (C:\Angular project-2\codebook\node_modules\rxjs\dist\cjs\internal\Subscriber.js:84:30)
    at OperatorSubscriber.Object.<anonymous>.Subscriber.error (C:\Angular project-2\codebook\node_modules\rxjs\dist\cjs\internal\Subscriber.js:60:18)
    at OperatorSubscriber.Object.<anonymous>.Subscriber._error (C:\Angular project-2\codebook\node_modules\rxjs\dist\cjs\internal\Subscriber.js:84:30)
    at OperatorSubscriber.Object.<anonymous>.Subscriber.error (C:\Angular project-2\codebook\node_modules\rxjs\dist\cjs\internal\Subscriber.js:60:18)
    at OperatorSubscriber.Object.<anonymous>.Subscriber._error (C:\Angular project-2\codebook\node_modules\rxjs\dist\cjs\internal\Subscriber.js:84:30)
    at OperatorSubscriber.Object.<anonymous>.Subscriber.error (C:\Angular project-2\codebook\node_modules\rxjs\dist\cjs\internal\Subscriber.js:60:18)
    at OperatorSubscriber.Object.<anonymous>.Subscriber._error (C:\Angular project-2\codebook\node_modules\rxjs\dist\cjs\internal\Subscriber.js:84:30)
    at OperatorSubscriber.Object.<anonymous>.Subscriber.error (C:\Angular project-2\codebook\node_modules\rxjs\dist\cjs\internal\Subscriber.js:60:18)
    at OperatorSubscriber.Object.<anonymous>.Subscriber._error (C:\Angular project-2\codebook\node_modules\rxjs\dist\cjs\internal\Subscriber.js:84:30)
    at OperatorSubscriber.Object.<anonymous>.Subscriber.error (C:\Angular project-2\codebook\node_modules\rxjs\dist\cjs\internal\Subscriber.js:60:18)
    at OperatorSubscriber.Object.<anonymous>.Subscriber._error (C:\Angular project-2\codebook\node_modules\rxjs\dist\cjs\internal\Subscriber.js:84:30)
    at OperatorSubscriber.Object.<anonymous>.Subscriber.error (C:\Angular project-2\codebook\node_modules\rxjs\dist\cjs\internal\Subscriber.js:60:18)
    at Observable.init [as _subscribe] (C:\Angular project-2\codebook\node_modules\rxjs\dist\cjs\internal\observable\throwError.js:8:58)
    at Observable.Object.<anonymous>.Observable._trySubscribe (C:\Angular project-2\codebook\node_modules\rxjs\dist\cjs\internal\Observable.js:41:25)
    at C:\Angular project-2\codebook\node_modules\rxjs\dist\cjs\internal\Observable.js:35:31
    at Object.errorContext (C:\Angular project-2\codebook\node_modules\rxjs\dist\cjs\internal\util\errorContext.js:22:9)
    at Observable.Object.<anonymous>.Observable.subscribe (C:\Angular project-2\codebook\node_modules\rxjs\dist\cjs\internal\Observable.js:26:24)
    at C:\Angular project-2\codebook\node_modules\rxjs\dist\cjs\internal\operators\catchError.js:26:27
    at OperatorSubscriber.<anonymous> (C:\Angular project-2\codebook\node_modules\rxjs\dist\cjs\internal\util\lift.js:14:28)
    at C:\Angular project-2\codebook\node_modules\rxjs\dist\cjs\internal\Observable.js:30:30
    at Object.errorContext (C:\Angular project-2\codebook\node_modules\rxjs\dist\cjs\internal\util\errorContext.js:22:9)
    at Observable.Object.<anonymous>.Observable.subscribe (C:\Angular project-2\codebook\node_modules\rxjs\dist\cjs\internal\Observable.js:26:24)
    at C:\Angular project-2\codebook\node_modules\rxjs\dist\cjs\internal\operators\map.js:9:16
    at OperatorSubscriber.<anonymous> (C:\Angular project-2\codebook\node_modules\rxjs\dist\cjs\internal\util\lift.js:14:28)
    at C:\Angular project-2\codebook\node_modules\rxjs\dist\cjs\internal\Observable.js:30:30
    at Object.errorContext (C:\Angular project-2\codebook\node_modules\rxjs\dist\cjs\internal\util\errorContext.js:22:9)
    at Observable.Object.<anonymous>.Observable.subscribe (C:\Angular project-2\codebook\node_modules\rxjs\dist\cjs\internal\Observable.js:26:24)
    at doInnerSub (C:\Angular project-2\codebook\node_modules\rxjs\dist\cjs\internal\operators\mergeInternals.js:22:56)
    at outerNext (C:\Angular project-2\codebook\node_modules\rxjs\dist\cjs\internal\operators\mergeInternals.js:17:70)
    at OperatorSubscriber._this._next (C:\Angular project-2\codebook\node_modules\rxjs\dist\cjs\internal\operators\OperatorSubscriber.js:33:21)
    at OperatorSubscriber.Object.<anonymous>.Subscriber.next (C:\Angular project-2\codebook\node_modules\rxjs\dist\cjs\internal\Subscriber.js:51:18)
    at Observable._subscribe (C:\Angular project-2\codebook\node_modules\rxjs\dist\cjs\internal\observable\innerFrom.js:109:24)
    at Observable.Object.<anonymous>.Observable._trySubscribe (C:\Angular project-2\codebook\node_modules\rxjs\dist\cjs\internal\Observable.js:41:25)
    at C:\Angular project-2\codebook\node_modules\rxjs\dist\cjs\internal\Observable.js:35:31
    at Object.errorContext (C:\Angular project-2\codebook\node_modules\rxjs\dist\cjs\internal\util\errorContext.js:22:9)
    at Observable.Object.<anonymous>.Observable.subscribe (C:\Angular project-2\codebook\node_modules\rxjs\dist\cjs\internal\Observable.js:26:24)
    at Object.mergeInternals (C:\Angular project-2\codebook\node_modules\rxjs\dist\cjs\internal\operators\mergeInternals.js:56:12)
    at C:\Angular project-2\codebook\node_modules\rxjs\dist\cjs\internal\operators\mergeMap.js:17:83
    at OperatorSubscriber.<anonymous> (C:\Angular project-2\codebook\node_modules\rxjs\dist\cjs\internal\util\lift.js:14:28)
    at C:\Angular project-2\codebook\node_modules\rxjs\dist\cjs\internal\Observable.js:30:30
    at Object.errorContext (C:\Angular project-2\codebook\node_modules\rxjs\dist\cjs\internal\util\errorContext.js:22:9)
    at Observable.Object.<anonymous>.Observable.subscribe (C:\Angular project-2\codebook\node_modules\rxjs\dist\cjs\internal\Observable.js:26:24)
    at C:\Angular project-2\codebook\node_modules\rxjs\dist\cjs\internal\operators\scanInternals.js:10:16
    at OperatorSubscriber.<anonymous> (C:\Angular project-2\codebook\node_modules\rxjs\dist\cjs\internal\util\lift.js:14:28)
    at C:\Angular project-2\codebook\node_modules\rxjs\dist\cjs\internal\Observable.js:30:30
    at Object.errorContext (C:\Angular project-2\codebook\node_modules\rxjs\dist\cjs\internal\util\errorContext.js:22:9)
    at Observable.Object.<anonymous>.Observable.subscribe (C:\Angular project-2\codebook\node_modules\rxjs\dist\cjs\internal\Observable.js:26:24)
    at C:\Angular project-2\codebook\node_modules\rxjs\dist\cjs\internal\operators\defaultIfEmpty.js:9:16
    at OperatorSubscriber.<anonymous> (C:\Angular project-2\codebook\node_modules\rxjs\dist\cjs\internal\util\lift.js:14:28)
    at C:\Angular project-2\codebook\node_modules\rxjs\dist\cjs\internal\Observable.js:30:30
    at Object.errorContext (C:\Angular project-2\codebook\node_modules\rxjs\dist\cjs\internal\util\errorContext.js:22:9)
    at Observable.Object.<anonymous>.Observable.subscribe (C:\Angular project-2\codebook\node_modules\rxjs\dist\cjs\internal\Observable.js:26:24)
    at C:\Angular project-2\codebook\node_modules\rxjs\dist\cjs\internal\operators\takeLast.js:23:20
    at OperatorSubscriber.<anonymous> (C:\Angular project-2\codebook\node_modules\rxjs\dist\cjs\internal\util\lift.js:14:28)
    at C:\Angular project-2\codebook\node_modules\rxjs\dist\cjs\internal\Observable.js:30:30
    at Object.errorContext (C:\Angular project-2\codebook\node_modules\rxjs\dist\cjs\internal\util\errorContext.js:22:9)
    at Observable.Object.<anonymous>.Observable.subscribe (C:\Angular project-2\codebook\node_modules\rxjs\dist\cjs\internal\Observable.js:26:24)
    at C:\Angular project-2\codebook\node_modules\rxjs\dist\cjs\internal\operators\throwIfEmpty.js:11:16
    at OperatorSubscriber.<anonymous> (C:\Angular project-2\codebook\node_modules\rxjs\dist\cjs\internal\util\lift.js:14:28)
    at C:\Angular project-2\codebook\node_modules\rxjs\dist\cjs\internal\Observable.js:30:30
    at Object.errorContext (C:\Angular project-2\codebook\node_modules\rxjs\dist\cjs\internal\util\errorContext.js:22:9)
    at Observable.Object.<anonymous>.Observable.subscribe (C:\Angular project-2\codebook\node_modules\rxjs\dist\cjs\internal\Observable.js:26:24)
    at Object.mergeInternals (C:\Angular project-2\codebook\node_modules\rxjs\dist\cjs\internal\operators\mergeInternals.js:56:12)
    at C:\Angular project-2\codebook\node_modules\rxjs\dist\cjs\internal\operators\mergeMap.js:17:83
    at OperatorSubscriber.<anonymous> (C:\Angular project-2\codebook\node_modules\rxjs\dist\cjs\internal\util\lift.js:14:28)
    at C:\Angular project-2\codebook\node_modules\rxjs\dist\cjs\internal\Observable.js:30:30
    at Object.errorContext (C:\Angular project-2\codebook\node_modules\rxjs\dist\cjs\internal\util\errorContext.js:22:9)
    at Observable.Object.<anonymous>.Observable.subscribe (C:\Angular project-2\codebook\node_modules\rxjs\dist\cjs\internal\Observable.js:26:24)
    at C:\Angular project-2\codebook\node_modules\rxjs\dist\cjs\internal\operators\map.js:9:16
    at OperatorSubscriber.<anonymous> (C:\Angular project-2\codebook\node_modules\rxjs\dist\cjs\internal\util\lift.js:14:28)
    at C:\Angular project-2\codebook\node_modules\rxjs\dist\cjs\internal\Observable.js:30:30
    at Object.errorContext (C:\Angular project-2\codebook\node_modules\rxjs\dist\cjs\internal\util\errorContext.js:22:9)
    at Observable.Object.<anonymous>.Observable.subscribe (C:\Angular project-2\codebook\node_modules\rxjs\dist\cjs\internal\Observable.js:26:24)
    at C:\Angular project-2\codebook\node_modules\rxjs\dist\cjs\internal\operators\catchError.js:12:27
    at OperatorSubscriber.<anonymous> (C:\Angular project-2\codebook\node_modules\rxjs\dist\cjs\internal\util\lift.js:14:28)
    at C:\Angular project-2\codebook\node_modules\rxjs\dist\cjs\internal\Observable.js:30:30
    at Object.errorContext (C:\Angular project-2\codebook\node_modules\rxjs\dist\cjs\internal\util\errorContext.js:22:9)
    at Observable.Object.<anonymous>.Observable.subscribe (C:\Angular project-2\codebook\node_modules\rxjs\dist\cjs\internal\Observable.js:26:24)
    at C:\Angular project-2\codebook\node_modules\rxjs\dist\cjs\internal\operators\map.js:9:16
    at OperatorSubscriber.<anonymous> (C:\Angular project-2\codebook\node_modules\rxjs\dist\cjs\internal\util\lift.js:14:28)
    at C:\Angular project-2\codebook\node_modules\rxjs\dist\cjs\internal\Observable.js:30:30
    at Object.errorContext (C:\Angular project-2\codebook\node_modules\rxjs\dist\cjs\internal\util\errorContext.js:22:9)
    at Observable.Object.<anonymous>.Observable.subscribe (C:\Angular project-2\codebook\node_modules\rxjs\dist\cjs\internal\Observable.js:26:24)
    at C:\Angular project-2\codebook\node_modules\rxjs\dist\cjs\internal\operators\map.js:9:16
    at OperatorSubscriber.<anonymous> (C:\Angular project-2\codebook\node_modules\rxjs\dist\cjs\internal\util\lift.js:14:28)
    at C:\Angular project-2\codebook\node_modules\rxjs\dist\cjs\internal\Observable.js:30:30
    at Object.errorContext (C:\Angular project-2\codebook\node_modules\rxjs\dist\cjs\internal\util\errorContext.js:22:9)
    at Observable.Object.<anonymous>.Observable.subscribe (C:\Angular project-2\codebook\node_modules\rxjs\dist\cjs\internal\Observable.js:26:24)
    at doInnerSub (C:\Angular project-2\codebook\node_modules\rxjs\dist\cjs\internal\operators\mergeInternals.js:22:56)
    at outerNext (C:\Angular project-2\codebook\node_modules\rxjs\dist\cjs\internal\operators\mergeInternals.js:17:70)
    at OperatorSubscriber._this._next (C:\Angular project-2\codebook\node_modules\rxjs\dist\cjs\internal\operators\OperatorSubscriber.js:33:21)]]></failure>
    </testCase>
    <testCase name="LoginComponent should reset form on failed signup via handleSignup" duration="287">
      <failure message="Error: expect(received).toBe(expected) // Object.is equality"><![CDATA[Error: expect(received).toBe(expected) // Object.is equality

Expected: false
Received: null
    at C:\Angular project-2\codebook\src\app\login\login\login.component.spec.ts:288:57
    at fakeAsyncFn (C:\Angular project-2\codebook\node_modules\zone.js\bundles\zone-testing.umd.js:1795:30)
    at _ZoneDelegate.invoke (C:\Angular project-2\codebook\node_modules\zone.js\bundles\zone.umd.js:416:32)
    at ProxyZoneSpec.Object.<anonymous>.ProxyZoneSpec.onInvoke (C:\Angular project-2\codebook\node_modules\zone.js\bundles\zone-testing.umd.js:2177:43)
    at _ZoneDelegate.invoke (C:\Angular project-2\codebook\node_modules\zone.js\bundles\zone.umd.js:415:38)
    at ZoneImpl.run (C:\Angular project-2\codebook\node_modules\zone.js\bundles\zone.umd.js:147:47)
    at Object.wrappedFunc (C:\Angular project-2\codebook\node_modules\zone.js\bundles\zone-testing.umd.js:450:38)
    at Promise.then.completed (C:\Angular project-2\codebook\node_modules\jest-circus\build\utils.js:298:28)
    at new Promise (<anonymous>)
    at callAsyncCircusFn (C:\Angular project-2\codebook\node_modules\jest-circus\build\utils.js:231:10)
    at _callCircusTest (C:\Angular project-2\codebook\node_modules\jest-circus\build\run.js:316:40)
    at processTicksAndRejections (node:internal/process/task_queues:105:5)
    at _runTest (C:\Angular project-2\codebook\node_modules\jest-circus\build\run.js:252:3)
    at _runTestsForDescribeBlock (C:\Angular project-2\codebook\node_modules\jest-circus\build\run.js:126:9)
    at _runTestsForDescribeBlock (C:\Angular project-2\codebook\node_modules\jest-circus\build\run.js:121:9)
    at run (C:\Angular project-2\codebook\node_modules\jest-circus\build\run.js:71:3)
    at runAndTransformResultsToJestFormat (C:\Angular project-2\codebook\node_modules\jest-circus\build\legacy-code-todo-rewrite\jestAdapterInit.js:122:21)]]></failure>
    </testCase>
    <testCase name="LoginComponent should toggle to signup mode if not in signup mode in handleSignup" duration="171"/>
    <testCase name="LoginComponent should toggle to signup mode if form is invalid in handleSignup" duration="358"/>
    <testCase name="LoginComponent should toggle to signup mode if isLoading is true in handleSignup" duration="286"/>
    <testCase name="LoginComponent should call onLogin and navigate on successful login" duration="247">
      <failure message="Error: NG04002: Cannot match any routes. URL Segment: &apos;dashboard-selector&apos;"><![CDATA[Error: NG04002: Cannot match any routes. URL Segment: 'dashboard-selector'
    at Recognizer.noMatchError (C:\Angular project-2\codebook\node_modules\@angular\router\fesm2022\router-LSBBtrLI.mjs:3922:16)
    at C:\Angular project-2\codebook\node_modules\@angular\router\fesm2022\router-LSBBtrLI.mjs:3952:28
    at C:\Angular project-2\codebook\node_modules\rxjs\dist\cjs\internal\operators\catchError.js:13:51
    at OperatorSubscriber._this._error (C:\Angular project-2\codebook\node_modules\rxjs\dist\cjs\internal\operators\OperatorSubscriber.js:43:21)
    at OperatorSubscriber.Object.<anonymous>.Subscriber.error (C:\Angular project-2\codebook\node_modules\rxjs\dist\cjs\internal\Subscriber.js:60:18)
    at OperatorSubscriber.Object.<anonymous>.Subscriber._error (C:\Angular project-2\codebook\node_modules\rxjs\dist\cjs\internal\Subscriber.js:84:30)
    at OperatorSubscriber.Object.<anonymous>.Subscriber.error (C:\Angular project-2\codebook\node_modules\rxjs\dist\cjs\internal\Subscriber.js:60:18)
    at OperatorSubscriber.Object.<anonymous>.Subscriber._error (C:\Angular project-2\codebook\node_modules\rxjs\dist\cjs\internal\Subscriber.js:84:30)
    at OperatorSubscriber.Object.<anonymous>.Subscriber.error (C:\Angular project-2\codebook\node_modules\rxjs\dist\cjs\internal\Subscriber.js:60:18)
    at OperatorSubscriber.Object.<anonymous>.Subscriber._error (C:\Angular project-2\codebook\node_modules\rxjs\dist\cjs\internal\Subscriber.js:84:30)
    at OperatorSubscriber.Object.<anonymous>.Subscriber.error (C:\Angular project-2\codebook\node_modules\rxjs\dist\cjs\internal\Subscriber.js:60:18)
    at OperatorSubscriber.Object.<anonymous>.Subscriber._error (C:\Angular project-2\codebook\node_modules\rxjs\dist\cjs\internal\Subscriber.js:84:30)
    at OperatorSubscriber.Object.<anonymous>.Subscriber.error (C:\Angular project-2\codebook\node_modules\rxjs\dist\cjs\internal\Subscriber.js:60:18)
    at OperatorSubscriber.Object.<anonymous>.Subscriber._error (C:\Angular project-2\codebook\node_modules\rxjs\dist\cjs\internal\Subscriber.js:84:30)
    at OperatorSubscriber.Object.<anonymous>.Subscriber.error (C:\Angular project-2\codebook\node_modules\rxjs\dist\cjs\internal\Subscriber.js:60:18)
    at OperatorSubscriber.Object.<anonymous>.Subscriber._error (C:\Angular project-2\codebook\node_modules\rxjs\dist\cjs\internal\Subscriber.js:84:30)
    at OperatorSubscriber.Object.<anonymous>.Subscriber.error (C:\Angular project-2\codebook\node_modules\rxjs\dist\cjs\internal\Subscriber.js:60:18)
    at OperatorSubscriber.Object.<anonymous>.Subscriber._error (C:\Angular project-2\codebook\node_modules\rxjs\dist\cjs\internal\Subscriber.js:84:30)
    at OperatorSubscriber.Object.<anonymous>.Subscriber.error (C:\Angular project-2\codebook\node_modules\rxjs\dist\cjs\internal\Subscriber.js:60:18)
    at OperatorSubscriber.Object.<anonymous>.Subscriber._error (C:\Angular project-2\codebook\node_modules\rxjs\dist\cjs\internal\Subscriber.js:84:30)
    at OperatorSubscriber.Object.<anonymous>.Subscriber.error (C:\Angular project-2\codebook\node_modules\rxjs\dist\cjs\internal\Subscriber.js:60:18)
    at Observable.init [as _subscribe] (C:\Angular project-2\codebook\node_modules\rxjs\dist\cjs\internal\observable\throwError.js:8:58)
    at Observable.Object.<anonymous>.Observable._trySubscribe (C:\Angular project-2\codebook\node_modules\rxjs\dist\cjs\internal\Observable.js:41:25)
    at C:\Angular project-2\codebook\node_modules\rxjs\dist\cjs\internal\Observable.js:35:31
    at Object.errorContext (C:\Angular project-2\codebook\node_modules\rxjs\dist\cjs\internal\util\errorContext.js:22:9)
    at Observable.Object.<anonymous>.Observable.subscribe (C:\Angular project-2\codebook\node_modules\rxjs\dist\cjs\internal\Observable.js:26:24)
    at C:\Angular project-2\codebook\node_modules\rxjs\dist\cjs\internal\operators\catchError.js:26:27
    at OperatorSubscriber.<anonymous> (C:\Angular project-2\codebook\node_modules\rxjs\dist\cjs\internal\util\lift.js:14:28)
    at C:\Angular project-2\codebook\node_modules\rxjs\dist\cjs\internal\Observable.js:30:30
    at Object.errorContext (C:\Angular project-2\codebook\node_modules\rxjs\dist\cjs\internal\util\errorContext.js:22:9)
    at Observable.Object.<anonymous>.Observable.subscribe (C:\Angular project-2\codebook\node_modules\rxjs\dist\cjs\internal\Observable.js:26:24)
    at C:\Angular project-2\codebook\node_modules\rxjs\dist\cjs\internal\operators\map.js:9:16
    at OperatorSubscriber.<anonymous> (C:\Angular project-2\codebook\node_modules\rxjs\dist\cjs\internal\util\lift.js:14:28)
    at C:\Angular project-2\codebook\node_modules\rxjs\dist\cjs\internal\Observable.js:30:30
    at Object.errorContext (C:\Angular project-2\codebook\node_modules\rxjs\dist\cjs\internal\util\errorContext.js:22:9)
    at Observable.Object.<anonymous>.Observable.subscribe (C:\Angular project-2\codebook\node_modules\rxjs\dist\cjs\internal\Observable.js:26:24)
    at doInnerSub (C:\Angular project-2\codebook\node_modules\rxjs\dist\cjs\internal\operators\mergeInternals.js:22:56)
    at outerNext (C:\Angular project-2\codebook\node_modules\rxjs\dist\cjs\internal\operators\mergeInternals.js:17:70)
    at OperatorSubscriber._this._next (C:\Angular project-2\codebook\node_modules\rxjs\dist\cjs\internal\operators\OperatorSubscriber.js:33:21)
    at OperatorSubscriber.Object.<anonymous>.Subscriber.next (C:\Angular project-2\codebook\node_modules\rxjs\dist\cjs\internal\Subscriber.js:51:18)
    at Observable._subscribe (C:\Angular project-2\codebook\node_modules\rxjs\dist\cjs\internal\observable\innerFrom.js:109:24)
    at Observable.Object.<anonymous>.Observable._trySubscribe (C:\Angular project-2\codebook\node_modules\rxjs\dist\cjs\internal\Observable.js:41:25)
    at C:\Angular project-2\codebook\node_modules\rxjs\dist\cjs\internal\Observable.js:35:31
    at Object.errorContext (C:\Angular project-2\codebook\node_modules\rxjs\dist\cjs\internal\util\errorContext.js:22:9)
    at Observable.Object.<anonymous>.Observable.subscribe (C:\Angular project-2\codebook\node_modules\rxjs\dist\cjs\internal\Observable.js:26:24)
    at Object.mergeInternals (C:\Angular project-2\codebook\node_modules\rxjs\dist\cjs\internal\operators\mergeInternals.js:56:12)
    at C:\Angular project-2\codebook\node_modules\rxjs\dist\cjs\internal\operators\mergeMap.js:17:83
    at OperatorSubscriber.<anonymous> (C:\Angular project-2\codebook\node_modules\rxjs\dist\cjs\internal\util\lift.js:14:28)
    at C:\Angular project-2\codebook\node_modules\rxjs\dist\cjs\internal\Observable.js:30:30
    at Object.errorContext (C:\Angular project-2\codebook\node_modules\rxjs\dist\cjs\internal\util\errorContext.js:22:9)
    at Observable.Object.<anonymous>.Observable.subscribe (C:\Angular project-2\codebook\node_modules\rxjs\dist\cjs\internal\Observable.js:26:24)
    at C:\Angular project-2\codebook\node_modules\rxjs\dist\cjs\internal\operators\scanInternals.js:10:16
    at OperatorSubscriber.<anonymous> (C:\Angular project-2\codebook\node_modules\rxjs\dist\cjs\internal\util\lift.js:14:28)
    at C:\Angular project-2\codebook\node_modules\rxjs\dist\cjs\internal\Observable.js:30:30
    at Object.errorContext (C:\Angular project-2\codebook\node_modules\rxjs\dist\cjs\internal\util\errorContext.js:22:9)
    at Observable.Object.<anonymous>.Observable.subscribe (C:\Angular project-2\codebook\node_modules\rxjs\dist\cjs\internal\Observable.js:26:24)
    at C:\Angular project-2\codebook\node_modules\rxjs\dist\cjs\internal\operators\defaultIfEmpty.js:9:16
    at OperatorSubscriber.<anonymous> (C:\Angular project-2\codebook\node_modules\rxjs\dist\cjs\internal\util\lift.js:14:28)
    at C:\Angular project-2\codebook\node_modules\rxjs\dist\cjs\internal\Observable.js:30:30
    at Object.errorContext (C:\Angular project-2\codebook\node_modules\rxjs\dist\cjs\internal\util\errorContext.js:22:9)
    at Observable.Object.<anonymous>.Observable.subscribe (C:\Angular project-2\codebook\node_modules\rxjs\dist\cjs\internal\Observable.js:26:24)
    at C:\Angular project-2\codebook\node_modules\rxjs\dist\cjs\internal\operators\takeLast.js:23:20
    at OperatorSubscriber.<anonymous> (C:\Angular project-2\codebook\node_modules\rxjs\dist\cjs\internal\util\lift.js:14:28)
    at C:\Angular project-2\codebook\node_modules\rxjs\dist\cjs\internal\Observable.js:30:30
    at Object.errorContext (C:\Angular project-2\codebook\node_modules\rxjs\dist\cjs\internal\util\errorContext.js:22:9)
    at Observable.Object.<anonymous>.Observable.subscribe (C:\Angular project-2\codebook\node_modules\rxjs\dist\cjs\internal\Observable.js:26:24)
    at C:\Angular project-2\codebook\node_modules\rxjs\dist\cjs\internal\operators\throwIfEmpty.js:11:16
    at OperatorSubscriber.<anonymous> (C:\Angular project-2\codebook\node_modules\rxjs\dist\cjs\internal\util\lift.js:14:28)
    at C:\Angular project-2\codebook\node_modules\rxjs\dist\cjs\internal\Observable.js:30:30
    at Object.errorContext (C:\Angular project-2\codebook\node_modules\rxjs\dist\cjs\internal\util\errorContext.js:22:9)
    at Observable.Object.<anonymous>.Observable.subscribe (C:\Angular project-2\codebook\node_modules\rxjs\dist\cjs\internal\Observable.js:26:24)
    at Object.mergeInternals (C:\Angular project-2\codebook\node_modules\rxjs\dist\cjs\internal\operators\mergeInternals.js:56:12)
    at C:\Angular project-2\codebook\node_modules\rxjs\dist\cjs\internal\operators\mergeMap.js:17:83
    at OperatorSubscriber.<anonymous> (C:\Angular project-2\codebook\node_modules\rxjs\dist\cjs\internal\util\lift.js:14:28)
    at C:\Angular project-2\codebook\node_modules\rxjs\dist\cjs\internal\Observable.js:30:30
    at Object.errorContext (C:\Angular project-2\codebook\node_modules\rxjs\dist\cjs\internal\util\errorContext.js:22:9)
    at Observable.Object.<anonymous>.Observable.subscribe (C:\Angular project-2\codebook\node_modules\rxjs\dist\cjs\internal\Observable.js:26:24)
    at C:\Angular project-2\codebook\node_modules\rxjs\dist\cjs\internal\operators\map.js:9:16
    at OperatorSubscriber.<anonymous> (C:\Angular project-2\codebook\node_modules\rxjs\dist\cjs\internal\util\lift.js:14:28)
    at C:\Angular project-2\codebook\node_modules\rxjs\dist\cjs\internal\Observable.js:30:30
    at Object.errorContext (C:\Angular project-2\codebook\node_modules\rxjs\dist\cjs\internal\util\errorContext.js:22:9)
    at Observable.Object.<anonymous>.Observable.subscribe (C:\Angular project-2\codebook\node_modules\rxjs\dist\cjs\internal\Observable.js:26:24)
    at C:\Angular project-2\codebook\node_modules\rxjs\dist\cjs\internal\operators\catchError.js:12:27
    at OperatorSubscriber.<anonymous> (C:\Angular project-2\codebook\node_modules\rxjs\dist\cjs\internal\util\lift.js:14:28)
    at C:\Angular project-2\codebook\node_modules\rxjs\dist\cjs\internal\Observable.js:30:30
    at Object.errorContext (C:\Angular project-2\codebook\node_modules\rxjs\dist\cjs\internal\util\errorContext.js:22:9)
    at Observable.Object.<anonymous>.Observable.subscribe (C:\Angular project-2\codebook\node_modules\rxjs\dist\cjs\internal\Observable.js:26:24)
    at C:\Angular project-2\codebook\node_modules\rxjs\dist\cjs\internal\operators\map.js:9:16
    at OperatorSubscriber.<anonymous> (C:\Angular project-2\codebook\node_modules\rxjs\dist\cjs\internal\util\lift.js:14:28)
    at C:\Angular project-2\codebook\node_modules\rxjs\dist\cjs\internal\Observable.js:30:30
    at Object.errorContext (C:\Angular project-2\codebook\node_modules\rxjs\dist\cjs\internal\util\errorContext.js:22:9)
    at Observable.Object.<anonymous>.Observable.subscribe (C:\Angular project-2\codebook\node_modules\rxjs\dist\cjs\internal\Observable.js:26:24)
    at C:\Angular project-2\codebook\node_modules\rxjs\dist\cjs\internal\operators\map.js:9:16
    at OperatorSubscriber.<anonymous> (C:\Angular project-2\codebook\node_modules\rxjs\dist\cjs\internal\util\lift.js:14:28)
    at C:\Angular project-2\codebook\node_modules\rxjs\dist\cjs\internal\Observable.js:30:30
    at Object.errorContext (C:\Angular project-2\codebook\node_modules\rxjs\dist\cjs\internal\util\errorContext.js:22:9)
    at Observable.Object.<anonymous>.Observable.subscribe (C:\Angular project-2\codebook\node_modules\rxjs\dist\cjs\internal\Observable.js:26:24)
    at doInnerSub (C:\Angular project-2\codebook\node_modules\rxjs\dist\cjs\internal\operators\mergeInternals.js:22:56)
    at outerNext (C:\Angular project-2\codebook\node_modules\rxjs\dist\cjs\internal\operators\mergeInternals.js:17:70)
    at OperatorSubscriber._this._next (C:\Angular project-2\codebook\node_modules\rxjs\dist\cjs\internal\operators\OperatorSubscriber.js:33:21)]]></failure>
    </testCase>
    <testCase name="LoginComponent should reset password on failed onLogin" duration="304"/>
    <testCase name="LoginComponent should not call onLogin if form is invalid" duration="352"/>
    <testCase name="LoginComponent should call onSignup and navigate on successful signup" duration="282">
      <failure message="Error: NG04002: Cannot match any routes. URL Segment: &apos;dashboard-selector&apos;"><![CDATA[Error: NG04002: Cannot match any routes. URL Segment: 'dashboard-selector'
    at Recognizer.noMatchError (C:\Angular project-2\codebook\node_modules\@angular\router\fesm2022\router-LSBBtrLI.mjs:3922:16)
    at C:\Angular project-2\codebook\node_modules\@angular\router\fesm2022\router-LSBBtrLI.mjs:3952:28
    at C:\Angular project-2\codebook\node_modules\rxjs\dist\cjs\internal\operators\catchError.js:13:51
    at OperatorSubscriber._this._error (C:\Angular project-2\codebook\node_modules\rxjs\dist\cjs\internal\operators\OperatorSubscriber.js:43:21)
    at OperatorSubscriber.Object.<anonymous>.Subscriber.error (C:\Angular project-2\codebook\node_modules\rxjs\dist\cjs\internal\Subscriber.js:60:18)
    at OperatorSubscriber.Object.<anonymous>.Subscriber._error (C:\Angular project-2\codebook\node_modules\rxjs\dist\cjs\internal\Subscriber.js:84:30)
    at OperatorSubscriber.Object.<anonymous>.Subscriber.error (C:\Angular project-2\codebook\node_modules\rxjs\dist\cjs\internal\Subscriber.js:60:18)
    at OperatorSubscriber.Object.<anonymous>.Subscriber._error (C:\Angular project-2\codebook\node_modules\rxjs\dist\cjs\internal\Subscriber.js:84:30)
    at OperatorSubscriber.Object.<anonymous>.Subscriber.error (C:\Angular project-2\codebook\node_modules\rxjs\dist\cjs\internal\Subscriber.js:60:18)
    at OperatorSubscriber.Object.<anonymous>.Subscriber._error (C:\Angular project-2\codebook\node_modules\rxjs\dist\cjs\internal\Subscriber.js:84:30)
    at OperatorSubscriber.Object.<anonymous>.Subscriber.error (C:\Angular project-2\codebook\node_modules\rxjs\dist\cjs\internal\Subscriber.js:60:18)
    at OperatorSubscriber.Object.<anonymous>.Subscriber._error (C:\Angular project-2\codebook\node_modules\rxjs\dist\cjs\internal\Subscriber.js:84:30)
    at OperatorSubscriber.Object.<anonymous>.Subscriber.error (C:\Angular project-2\codebook\node_modules\rxjs\dist\cjs\internal\Subscriber.js:60:18)
    at OperatorSubscriber.Object.<anonymous>.Subscriber._error (C:\Angular project-2\codebook\node_modules\rxjs\dist\cjs\internal\Subscriber.js:84:30)
    at OperatorSubscriber.Object.<anonymous>.Subscriber.error (C:\Angular project-2\codebook\node_modules\rxjs\dist\cjs\internal\Subscriber.js:60:18)
    at OperatorSubscriber.Object.<anonymous>.Subscriber._error (C:\Angular project-2\codebook\node_modules\rxjs\dist\cjs\internal\Subscriber.js:84:30)
    at OperatorSubscriber.Object.<anonymous>.Subscriber.error (C:\Angular project-2\codebook\node_modules\rxjs\dist\cjs\internal\Subscriber.js:60:18)
    at OperatorSubscriber.Object.<anonymous>.Subscriber._error (C:\Angular project-2\codebook\node_modules\rxjs\dist\cjs\internal\Subscriber.js:84:30)
    at OperatorSubscriber.Object.<anonymous>.Subscriber.error (C:\Angular project-2\codebook\node_modules\rxjs\dist\cjs\internal\Subscriber.js:60:18)
    at OperatorSubscriber.Object.<anonymous>.Subscriber._error (C:\Angular project-2\codebook\node_modules\rxjs\dist\cjs\internal\Subscriber.js:84:30)
    at OperatorSubscriber.Object.<anonymous>.Subscriber.error (C:\Angular project-2\codebook\node_modules\rxjs\dist\cjs\internal\Subscriber.js:60:18)
    at Observable.init [as _subscribe] (C:\Angular project-2\codebook\node_modules\rxjs\dist\cjs\internal\observable\throwError.js:8:58)
    at Observable.Object.<anonymous>.Observable._trySubscribe (C:\Angular project-2\codebook\node_modules\rxjs\dist\cjs\internal\Observable.js:41:25)
    at C:\Angular project-2\codebook\node_modules\rxjs\dist\cjs\internal\Observable.js:35:31
    at Object.errorContext (C:\Angular project-2\codebook\node_modules\rxjs\dist\cjs\internal\util\errorContext.js:22:9)
    at Observable.Object.<anonymous>.Observable.subscribe (C:\Angular project-2\codebook\node_modules\rxjs\dist\cjs\internal\Observable.js:26:24)
    at C:\Angular project-2\codebook\node_modules\rxjs\dist\cjs\internal\operators\catchError.js:26:27
    at OperatorSubscriber.<anonymous> (C:\Angular project-2\codebook\node_modules\rxjs\dist\cjs\internal\util\lift.js:14:28)
    at C:\Angular project-2\codebook\node_modules\rxjs\dist\cjs\internal\Observable.js:30:30
    at Object.errorContext (C:\Angular project-2\codebook\node_modules\rxjs\dist\cjs\internal\util\errorContext.js:22:9)
    at Observable.Object.<anonymous>.Observable.subscribe (C:\Angular project-2\codebook\node_modules\rxjs\dist\cjs\internal\Observable.js:26:24)
    at C:\Angular project-2\codebook\node_modules\rxjs\dist\cjs\internal\operators\map.js:9:16
    at OperatorSubscriber.<anonymous> (C:\Angular project-2\codebook\node_modules\rxjs\dist\cjs\internal\util\lift.js:14:28)
    at C:\Angular project-2\codebook\node_modules\rxjs\dist\cjs\internal\Observable.js:30:30
    at Object.errorContext (C:\Angular project-2\codebook\node_modules\rxjs\dist\cjs\internal\util\errorContext.js:22:9)
    at Observable.Object.<anonymous>.Observable.subscribe (C:\Angular project-2\codebook\node_modules\rxjs\dist\cjs\internal\Observable.js:26:24)
    at doInnerSub (C:\Angular project-2\codebook\node_modules\rxjs\dist\cjs\internal\operators\mergeInternals.js:22:56)
    at outerNext (C:\Angular project-2\codebook\node_modules\rxjs\dist\cjs\internal\operators\mergeInternals.js:17:70)
    at OperatorSubscriber._this._next (C:\Angular project-2\codebook\node_modules\rxjs\dist\cjs\internal\operators\OperatorSubscriber.js:33:21)
    at OperatorSubscriber.Object.<anonymous>.Subscriber.next (C:\Angular project-2\codebook\node_modules\rxjs\dist\cjs\internal\Subscriber.js:51:18)
    at Observable._subscribe (C:\Angular project-2\codebook\node_modules\rxjs\dist\cjs\internal\observable\innerFrom.js:109:24)
    at Observable.Object.<anonymous>.Observable._trySubscribe (C:\Angular project-2\codebook\node_modules\rxjs\dist\cjs\internal\Observable.js:41:25)
    at C:\Angular project-2\codebook\node_modules\rxjs\dist\cjs\internal\Observable.js:35:31
    at Object.errorContext (C:\Angular project-2\codebook\node_modules\rxjs\dist\cjs\internal\util\errorContext.js:22:9)
    at Observable.Object.<anonymous>.Observable.subscribe (C:\Angular project-2\codebook\node_modules\rxjs\dist\cjs\internal\Observable.js:26:24)
    at Object.mergeInternals (C:\Angular project-2\codebook\node_modules\rxjs\dist\cjs\internal\operators\mergeInternals.js:56:12)
    at C:\Angular project-2\codebook\node_modules\rxjs\dist\cjs\internal\operators\mergeMap.js:17:83
    at OperatorSubscriber.<anonymous> (C:\Angular project-2\codebook\node_modules\rxjs\dist\cjs\internal\util\lift.js:14:28)
    at C:\Angular project-2\codebook\node_modules\rxjs\dist\cjs\internal\Observable.js:30:30
    at Object.errorContext (C:\Angular project-2\codebook\node_modules\rxjs\dist\cjs\internal\util\errorContext.js:22:9)
    at Observable.Object.<anonymous>.Observable.subscribe (C:\Angular project-2\codebook\node_modules\rxjs\dist\cjs\internal\Observable.js:26:24)
    at C:\Angular project-2\codebook\node_modules\rxjs\dist\cjs\internal\operators\scanInternals.js:10:16
    at OperatorSubscriber.<anonymous> (C:\Angular project-2\codebook\node_modules\rxjs\dist\cjs\internal\util\lift.js:14:28)
    at C:\Angular project-2\codebook\node_modules\rxjs\dist\cjs\internal\Observable.js:30:30
    at Object.errorContext (C:\Angular project-2\codebook\node_modules\rxjs\dist\cjs\internal\util\errorContext.js:22:9)
    at Observable.Object.<anonymous>.Observable.subscribe (C:\Angular project-2\codebook\node_modules\rxjs\dist\cjs\internal\Observable.js:26:24)
    at C:\Angular project-2\codebook\node_modules\rxjs\dist\cjs\internal\operators\defaultIfEmpty.js:9:16
    at OperatorSubscriber.<anonymous> (C:\Angular project-2\codebook\node_modules\rxjs\dist\cjs\internal\util\lift.js:14:28)
    at C:\Angular project-2\codebook\node_modules\rxjs\dist\cjs\internal\Observable.js:30:30
    at Object.errorContext (C:\Angular project-2\codebook\node_modules\rxjs\dist\cjs\internal\util\errorContext.js:22:9)
    at Observable.Object.<anonymous>.Observable.subscribe (C:\Angular project-2\codebook\node_modules\rxjs\dist\cjs\internal\Observable.js:26:24)
    at C:\Angular project-2\codebook\node_modules\rxjs\dist\cjs\internal\operators\takeLast.js:23:20
    at OperatorSubscriber.<anonymous> (C:\Angular project-2\codebook\node_modules\rxjs\dist\cjs\internal\util\lift.js:14:28)
    at C:\Angular project-2\codebook\node_modules\rxjs\dist\cjs\internal\Observable.js:30:30
    at Object.errorContext (C:\Angular project-2\codebook\node_modules\rxjs\dist\cjs\internal\util\errorContext.js:22:9)
    at Observable.Object.<anonymous>.Observable.subscribe (C:\Angular project-2\codebook\node_modules\rxjs\dist\cjs\internal\Observable.js:26:24)
    at C:\Angular project-2\codebook\node_modules\rxjs\dist\cjs\internal\operators\throwIfEmpty.js:11:16
    at OperatorSubscriber.<anonymous> (C:\Angular project-2\codebook\node_modules\rxjs\dist\cjs\internal\util\lift.js:14:28)
    at C:\Angular project-2\codebook\node_modules\rxjs\dist\cjs\internal\Observable.js:30:30
    at Object.errorContext (C:\Angular project-2\codebook\node_modules\rxjs\dist\cjs\internal\util\errorContext.js:22:9)
    at Observable.Object.<anonymous>.Observable.subscribe (C:\Angular project-2\codebook\node_modules\rxjs\dist\cjs\internal\Observable.js:26:24)
    at Object.mergeInternals (C:\Angular project-2\codebook\node_modules\rxjs\dist\cjs\internal\operators\mergeInternals.js:56:12)
    at C:\Angular project-2\codebook\node_modules\rxjs\dist\cjs\internal\operators\mergeMap.js:17:83
    at OperatorSubscriber.<anonymous> (C:\Angular project-2\codebook\node_modules\rxjs\dist\cjs\internal\util\lift.js:14:28)
    at C:\Angular project-2\codebook\node_modules\rxjs\dist\cjs\internal\Observable.js:30:30
    at Object.errorContext (C:\Angular project-2\codebook\node_modules\rxjs\dist\cjs\internal\util\errorContext.js:22:9)
    at Observable.Object.<anonymous>.Observable.subscribe (C:\Angular project-2\codebook\node_modules\rxjs\dist\cjs\internal\Observable.js:26:24)
    at C:\Angular project-2\codebook\node_modules\rxjs\dist\cjs\internal\operators\map.js:9:16
    at OperatorSubscriber.<anonymous> (C:\Angular project-2\codebook\node_modules\rxjs\dist\cjs\internal\util\lift.js:14:28)
    at C:\Angular project-2\codebook\node_modules\rxjs\dist\cjs\internal\Observable.js:30:30
    at Object.errorContext (C:\Angular project-2\codebook\node_modules\rxjs\dist\cjs\internal\util\errorContext.js:22:9)
    at Observable.Object.<anonymous>.Observable.subscribe (C:\Angular project-2\codebook\node_modules\rxjs\dist\cjs\internal\Observable.js:26:24)
    at C:\Angular project-2\codebook\node_modules\rxjs\dist\cjs\internal\operators\catchError.js:12:27
    at OperatorSubscriber.<anonymous> (C:\Angular project-2\codebook\node_modules\rxjs\dist\cjs\internal\util\lift.js:14:28)
    at C:\Angular project-2\codebook\node_modules\rxjs\dist\cjs\internal\Observable.js:30:30
    at Object.errorContext (C:\Angular project-2\codebook\node_modules\rxjs\dist\cjs\internal\util\errorContext.js:22:9)
    at Observable.Object.<anonymous>.Observable.subscribe (C:\Angular project-2\codebook\node_modules\rxjs\dist\cjs\internal\Observable.js:26:24)
    at C:\Angular project-2\codebook\node_modules\rxjs\dist\cjs\internal\operators\map.js:9:16
    at OperatorSubscriber.<anonymous> (C:\Angular project-2\codebook\node_modules\rxjs\dist\cjs\internal\util\lift.js:14:28)
    at C:\Angular project-2\codebook\node_modules\rxjs\dist\cjs\internal\Observable.js:30:30
    at Object.errorContext (C:\Angular project-2\codebook\node_modules\rxjs\dist\cjs\internal\util\errorContext.js:22:9)
    at Observable.Object.<anonymous>.Observable.subscribe (C:\Angular project-2\codebook\node_modules\rxjs\dist\cjs\internal\Observable.js:26:24)
    at C:\Angular project-2\codebook\node_modules\rxjs\dist\cjs\internal\operators\map.js:9:16
    at OperatorSubscriber.<anonymous> (C:\Angular project-2\codebook\node_modules\rxjs\dist\cjs\internal\util\lift.js:14:28)
    at C:\Angular project-2\codebook\node_modules\rxjs\dist\cjs\internal\Observable.js:30:30
    at Object.errorContext (C:\Angular project-2\codebook\node_modules\rxjs\dist\cjs\internal\util\errorContext.js:22:9)
    at Observable.Object.<anonymous>.Observable.subscribe (C:\Angular project-2\codebook\node_modules\rxjs\dist\cjs\internal\Observable.js:26:24)
    at doInnerSub (C:\Angular project-2\codebook\node_modules\rxjs\dist\cjs\internal\operators\mergeInternals.js:22:56)
    at outerNext (C:\Angular project-2\codebook\node_modules\rxjs\dist\cjs\internal\operators\mergeInternals.js:17:70)
    at OperatorSubscriber._this._next (C:\Angular project-2\codebook\node_modules\rxjs\dist\cjs\internal\operators\OperatorSubscriber.js:33:21)]]></failure>
    </testCase>
    <testCase name="LoginComponent should reset form on failed onSignup" duration="265">
      <failure message="Error: expect(received).toBe(expected) // Object.is equality"><![CDATA[Error: expect(received).toBe(expected) // Object.is equality

Expected: false
Received: null
    at C:\Angular project-2\codebook\src\app\login\login\login.component.spec.ts:403:57
    at fakeAsyncFn (C:\Angular project-2\codebook\node_modules\zone.js\bundles\zone-testing.umd.js:1795:30)
    at _ZoneDelegate.invoke (C:\Angular project-2\codebook\node_modules\zone.js\bundles\zone.umd.js:416:32)
    at ProxyZoneSpec.Object.<anonymous>.ProxyZoneSpec.onInvoke (C:\Angular project-2\codebook\node_modules\zone.js\bundles\zone-testing.umd.js:2177:43)
    at _ZoneDelegate.invoke (C:\Angular project-2\codebook\node_modules\zone.js\bundles\zone.umd.js:415:38)
    at ZoneImpl.run (C:\Angular project-2\codebook\node_modules\zone.js\bundles\zone.umd.js:147:47)
    at Object.wrappedFunc (C:\Angular project-2\codebook\node_modules\zone.js\bundles\zone-testing.umd.js:450:38)
    at Promise.then.completed (C:\Angular project-2\codebook\node_modules\jest-circus\build\utils.js:298:28)
    at new Promise (<anonymous>)
    at callAsyncCircusFn (C:\Angular project-2\codebook\node_modules\jest-circus\build\utils.js:231:10)
    at _callCircusTest (C:\Angular project-2\codebook\node_modules\jest-circus\build\run.js:316:40)
    at processTicksAndRejections (node:internal/process/task_queues:105:5)
    at _runTest (C:\Angular project-2\codebook\node_modules\jest-circus\build\run.js:252:3)
    at _runTestsForDescribeBlock (C:\Angular project-2\codebook\node_modules\jest-circus\build\run.js:126:9)
    at _runTestsForDescribeBlock (C:\Angular project-2\codebook\node_modules\jest-circus\build\run.js:121:9)
    at run (C:\Angular project-2\codebook\node_modules\jest-circus\build\run.js:71:3)
    at runAndTransformResultsToJestFormat (C:\Angular project-2\codebook\node_modules\jest-circus\build\legacy-code-todo-rewrite\jestAdapterInit.js:122:21)]]></failure>
    </testCase>
    <testCase name="LoginComponent should not call onSignup if form is invalid" duration="428"/>
    <testCase name="LoginComponent should call login when clicking login button with valid form" duration="474">
      <failure message="Error: NG04002: Cannot match any routes. URL Segment: &apos;dashboard-selector&apos;"><![CDATA[Error: NG04002: Cannot match any routes. URL Segment: 'dashboard-selector'
    at Recognizer.noMatchError (C:\Angular project-2\codebook\node_modules\@angular\router\fesm2022\router-LSBBtrLI.mjs:3922:16)
    at C:\Angular project-2\codebook\node_modules\@angular\router\fesm2022\router-LSBBtrLI.mjs:3952:28
    at C:\Angular project-2\codebook\node_modules\rxjs\dist\cjs\internal\operators\catchError.js:13:51
    at OperatorSubscriber._this._error (C:\Angular project-2\codebook\node_modules\rxjs\dist\cjs\internal\operators\OperatorSubscriber.js:43:21)
    at OperatorSubscriber.Object.<anonymous>.Subscriber.error (C:\Angular project-2\codebook\node_modules\rxjs\dist\cjs\internal\Subscriber.js:60:18)
    at OperatorSubscriber.Object.<anonymous>.Subscriber._error (C:\Angular project-2\codebook\node_modules\rxjs\dist\cjs\internal\Subscriber.js:84:30)
    at OperatorSubscriber.Object.<anonymous>.Subscriber.error (C:\Angular project-2\codebook\node_modules\rxjs\dist\cjs\internal\Subscriber.js:60:18)
    at OperatorSubscriber.Object.<anonymous>.Subscriber._error (C:\Angular project-2\codebook\node_modules\rxjs\dist\cjs\internal\Subscriber.js:84:30)
    at OperatorSubscriber.Object.<anonymous>.Subscriber.error (C:\Angular project-2\codebook\node_modules\rxjs\dist\cjs\internal\Subscriber.js:60:18)
    at OperatorSubscriber.Object.<anonymous>.Subscriber._error (C:\Angular project-2\codebook\node_modules\rxjs\dist\cjs\internal\Subscriber.js:84:30)
    at OperatorSubscriber.Object.<anonymous>.Subscriber.error (C:\Angular project-2\codebook\node_modules\rxjs\dist\cjs\internal\Subscriber.js:60:18)
    at OperatorSubscriber.Object.<anonymous>.Subscriber._error (C:\Angular project-2\codebook\node_modules\rxjs\dist\cjs\internal\Subscriber.js:84:30)
    at OperatorSubscriber.Object.<anonymous>.Subscriber.error (C:\Angular project-2\codebook\node_modules\rxjs\dist\cjs\internal\Subscriber.js:60:18)
    at OperatorSubscriber.Object.<anonymous>.Subscriber._error (C:\Angular project-2\codebook\node_modules\rxjs\dist\cjs\internal\Subscriber.js:84:30)
    at OperatorSubscriber.Object.<anonymous>.Subscriber.error (C:\Angular project-2\codebook\node_modules\rxjs\dist\cjs\internal\Subscriber.js:60:18)
    at OperatorSubscriber.Object.<anonymous>.Subscriber._error (C:\Angular project-2\codebook\node_modules\rxjs\dist\cjs\internal\Subscriber.js:84:30)
    at OperatorSubscriber.Object.<anonymous>.Subscriber.error (C:\Angular project-2\codebook\node_modules\rxjs\dist\cjs\internal\Subscriber.js:60:18)
    at OperatorSubscriber.Object.<anonymous>.Subscriber._error (C:\Angular project-2\codebook\node_modules\rxjs\dist\cjs\internal\Subscriber.js:84:30)
    at OperatorSubscriber.Object.<anonymous>.Subscriber.error (C:\Angular project-2\codebook\node_modules\rxjs\dist\cjs\internal\Subscriber.js:60:18)
    at OperatorSubscriber.Object.<anonymous>.Subscriber._error (C:\Angular project-2\codebook\node_modules\rxjs\dist\cjs\internal\Subscriber.js:84:30)
    at OperatorSubscriber.Object.<anonymous>.Subscriber.error (C:\Angular project-2\codebook\node_modules\rxjs\dist\cjs\internal\Subscriber.js:60:18)
    at Observable.init [as _subscribe] (C:\Angular project-2\codebook\node_modules\rxjs\dist\cjs\internal\observable\throwError.js:8:58)
    at Observable.Object.<anonymous>.Observable._trySubscribe (C:\Angular project-2\codebook\node_modules\rxjs\dist\cjs\internal\Observable.js:41:25)
    at C:\Angular project-2\codebook\node_modules\rxjs\dist\cjs\internal\Observable.js:35:31
    at Object.errorContext (C:\Angular project-2\codebook\node_modules\rxjs\dist\cjs\internal\util\errorContext.js:22:9)
    at Observable.Object.<anonymous>.Observable.subscribe (C:\Angular project-2\codebook\node_modules\rxjs\dist\cjs\internal\Observable.js:26:24)
    at C:\Angular project-2\codebook\node_modules\rxjs\dist\cjs\internal\operators\catchError.js:26:27
    at OperatorSubscriber.<anonymous> (C:\Angular project-2\codebook\node_modules\rxjs\dist\cjs\internal\util\lift.js:14:28)
    at C:\Angular project-2\codebook\node_modules\rxjs\dist\cjs\internal\Observable.js:30:30
    at Object.errorContext (C:\Angular project-2\codebook\node_modules\rxjs\dist\cjs\internal\util\errorContext.js:22:9)
    at Observable.Object.<anonymous>.Observable.subscribe (C:\Angular project-2\codebook\node_modules\rxjs\dist\cjs\internal\Observable.js:26:24)
    at C:\Angular project-2\codebook\node_modules\rxjs\dist\cjs\internal\operators\map.js:9:16
    at OperatorSubscriber.<anonymous> (C:\Angular project-2\codebook\node_modules\rxjs\dist\cjs\internal\util\lift.js:14:28)
    at C:\Angular project-2\codebook\node_modules\rxjs\dist\cjs\internal\Observable.js:30:30
    at Object.errorContext (C:\Angular project-2\codebook\node_modules\rxjs\dist\cjs\internal\util\errorContext.js:22:9)
    at Observable.Object.<anonymous>.Observable.subscribe (C:\Angular project-2\codebook\node_modules\rxjs\dist\cjs\internal\Observable.js:26:24)
    at doInnerSub (C:\Angular project-2\codebook\node_modules\rxjs\dist\cjs\internal\operators\mergeInternals.js:22:56)
    at outerNext (C:\Angular project-2\codebook\node_modules\rxjs\dist\cjs\internal\operators\mergeInternals.js:17:70)
    at OperatorSubscriber._this._next (C:\Angular project-2\codebook\node_modules\rxjs\dist\cjs\internal\operators\OperatorSubscriber.js:33:21)
    at OperatorSubscriber.Object.<anonymous>.Subscriber.next (C:\Angular project-2\codebook\node_modules\rxjs\dist\cjs\internal\Subscriber.js:51:18)
    at Observable._subscribe (C:\Angular project-2\codebook\node_modules\rxjs\dist\cjs\internal\observable\innerFrom.js:109:24)
    at Observable.Object.<anonymous>.Observable._trySubscribe (C:\Angular project-2\codebook\node_modules\rxjs\dist\cjs\internal\Observable.js:41:25)
    at C:\Angular project-2\codebook\node_modules\rxjs\dist\cjs\internal\Observable.js:35:31
    at Object.errorContext (C:\Angular project-2\codebook\node_modules\rxjs\dist\cjs\internal\util\errorContext.js:22:9)
    at Observable.Object.<anonymous>.Observable.subscribe (C:\Angular project-2\codebook\node_modules\rxjs\dist\cjs\internal\Observable.js:26:24)
    at Object.mergeInternals (C:\Angular project-2\codebook\node_modules\rxjs\dist\cjs\internal\operators\mergeInternals.js:56:12)
    at C:\Angular project-2\codebook\node_modules\rxjs\dist\cjs\internal\operators\mergeMap.js:17:83
    at OperatorSubscriber.<anonymous> (C:\Angular project-2\codebook\node_modules\rxjs\dist\cjs\internal\util\lift.js:14:28)
    at C:\Angular project-2\codebook\node_modules\rxjs\dist\cjs\internal\Observable.js:30:30
    at Object.errorContext (C:\Angular project-2\codebook\node_modules\rxjs\dist\cjs\internal\util\errorContext.js:22:9)
    at Observable.Object.<anonymous>.Observable.subscribe (C:\Angular project-2\codebook\node_modules\rxjs\dist\cjs\internal\Observable.js:26:24)
    at C:\Angular project-2\codebook\node_modules\rxjs\dist\cjs\internal\operators\scanInternals.js:10:16
    at OperatorSubscriber.<anonymous> (C:\Angular project-2\codebook\node_modules\rxjs\dist\cjs\internal\util\lift.js:14:28)
    at C:\Angular project-2\codebook\node_modules\rxjs\dist\cjs\internal\Observable.js:30:30
    at Object.errorContext (C:\Angular project-2\codebook\node_modules\rxjs\dist\cjs\internal\util\errorContext.js:22:9)
    at Observable.Object.<anonymous>.Observable.subscribe (C:\Angular project-2\codebook\node_modules\rxjs\dist\cjs\internal\Observable.js:26:24)
    at C:\Angular project-2\codebook\node_modules\rxjs\dist\cjs\internal\operators\defaultIfEmpty.js:9:16
    at OperatorSubscriber.<anonymous> (C:\Angular project-2\codebook\node_modules\rxjs\dist\cjs\internal\util\lift.js:14:28)
    at C:\Angular project-2\codebook\node_modules\rxjs\dist\cjs\internal\Observable.js:30:30
    at Object.errorContext (C:\Angular project-2\codebook\node_modules\rxjs\dist\cjs\internal\util\errorContext.js:22:9)
    at Observable.Object.<anonymous>.Observable.subscribe (C:\Angular project-2\codebook\node_modules\rxjs\dist\cjs\internal\Observable.js:26:24)
    at C:\Angular project-2\codebook\node_modules\rxjs\dist\cjs\internal\operators\takeLast.js:23:20
    at OperatorSubscriber.<anonymous> (C:\Angular project-2\codebook\node_modules\rxjs\dist\cjs\internal\util\lift.js:14:28)
    at C:\Angular project-2\codebook\node_modules\rxjs\dist\cjs\internal\Observable.js:30:30
    at Object.errorContext (C:\Angular project-2\codebook\node_modules\rxjs\dist\cjs\internal\util\errorContext.js:22:9)
    at Observable.Object.<anonymous>.Observable.subscribe (C:\Angular project-2\codebook\node_modules\rxjs\dist\cjs\internal\Observable.js:26:24)
    at C:\Angular project-2\codebook\node_modules\rxjs\dist\cjs\internal\operators\throwIfEmpty.js:11:16
    at OperatorSubscriber.<anonymous> (C:\Angular project-2\codebook\node_modules\rxjs\dist\cjs\internal\util\lift.js:14:28)
    at C:\Angular project-2\codebook\node_modules\rxjs\dist\cjs\internal\Observable.js:30:30
    at Object.errorContext (C:\Angular project-2\codebook\node_modules\rxjs\dist\cjs\internal\util\errorContext.js:22:9)
    at Observable.Object.<anonymous>.Observable.subscribe (C:\Angular project-2\codebook\node_modules\rxjs\dist\cjs\internal\Observable.js:26:24)
    at Object.mergeInternals (C:\Angular project-2\codebook\node_modules\rxjs\dist\cjs\internal\operators\mergeInternals.js:56:12)
    at C:\Angular project-2\codebook\node_modules\rxjs\dist\cjs\internal\operators\mergeMap.js:17:83
    at OperatorSubscriber.<anonymous> (C:\Angular project-2\codebook\node_modules\rxjs\dist\cjs\internal\util\lift.js:14:28)
    at C:\Angular project-2\codebook\node_modules\rxjs\dist\cjs\internal\Observable.js:30:30
    at Object.errorContext (C:\Angular project-2\codebook\node_modules\rxjs\dist\cjs\internal\util\errorContext.js:22:9)
    at Observable.Object.<anonymous>.Observable.subscribe (C:\Angular project-2\codebook\node_modules\rxjs\dist\cjs\internal\Observable.js:26:24)
    at C:\Angular project-2\codebook\node_modules\rxjs\dist\cjs\internal\operators\map.js:9:16
    at OperatorSubscriber.<anonymous> (C:\Angular project-2\codebook\node_modules\rxjs\dist\cjs\internal\util\lift.js:14:28)
    at C:\Angular project-2\codebook\node_modules\rxjs\dist\cjs\internal\Observable.js:30:30
    at Object.errorContext (C:\Angular project-2\codebook\node_modules\rxjs\dist\cjs\internal\util\errorContext.js:22:9)
    at Observable.Object.<anonymous>.Observable.subscribe (C:\Angular project-2\codebook\node_modules\rxjs\dist\cjs\internal\Observable.js:26:24)
    at C:\Angular project-2\codebook\node_modules\rxjs\dist\cjs\internal\operators\catchError.js:12:27
    at OperatorSubscriber.<anonymous> (C:\Angular project-2\codebook\node_modules\rxjs\dist\cjs\internal\util\lift.js:14:28)
    at C:\Angular project-2\codebook\node_modules\rxjs\dist\cjs\internal\Observable.js:30:30
    at Object.errorContext (C:\Angular project-2\codebook\node_modules\rxjs\dist\cjs\internal\util\errorContext.js:22:9)
    at Observable.Object.<anonymous>.Observable.subscribe (C:\Angular project-2\codebook\node_modules\rxjs\dist\cjs\internal\Observable.js:26:24)
    at C:\Angular project-2\codebook\node_modules\rxjs\dist\cjs\internal\operators\map.js:9:16
    at OperatorSubscriber.<anonymous> (C:\Angular project-2\codebook\node_modules\rxjs\dist\cjs\internal\util\lift.js:14:28)
    at C:\Angular project-2\codebook\node_modules\rxjs\dist\cjs\internal\Observable.js:30:30
    at Object.errorContext (C:\Angular project-2\codebook\node_modules\rxjs\dist\cjs\internal\util\errorContext.js:22:9)
    at Observable.Object.<anonymous>.Observable.subscribe (C:\Angular project-2\codebook\node_modules\rxjs\dist\cjs\internal\Observable.js:26:24)
    at C:\Angular project-2\codebook\node_modules\rxjs\dist\cjs\internal\operators\map.js:9:16
    at OperatorSubscriber.<anonymous> (C:\Angular project-2\codebook\node_modules\rxjs\dist\cjs\internal\util\lift.js:14:28)
    at C:\Angular project-2\codebook\node_modules\rxjs\dist\cjs\internal\Observable.js:30:30
    at Object.errorContext (C:\Angular project-2\codebook\node_modules\rxjs\dist\cjs\internal\util\errorContext.js:22:9)
    at Observable.Object.<anonymous>.Observable.subscribe (C:\Angular project-2\codebook\node_modules\rxjs\dist\cjs\internal\Observable.js:26:24)
    at doInnerSub (C:\Angular project-2\codebook\node_modules\rxjs\dist\cjs\internal\operators\mergeInternals.js:22:56)
    at outerNext (C:\Angular project-2\codebook\node_modules\rxjs\dist\cjs\internal\operators\mergeInternals.js:17:70)
    at OperatorSubscriber._this._next (C:\Angular project-2\codebook\node_modules\rxjs\dist\cjs\internal\operators\OperatorSubscriber.js:33:21)]]></failure>
    </testCase>
    <testCase name="LoginComponent should call signup when clicking signup button with valid form" duration="262">
      <failure message="TypeError: Cannot read properties of null (reading &apos;nativeElement&apos;)"><![CDATA[TypeError: Cannot read properties of null (reading 'nativeElement')
    at C:\Angular project-2\codebook\src\app\login\login\login.component.spec.ts:446:90
    at fakeAsyncFn (C:\Angular project-2\codebook\node_modules\zone.js\bundles\zone-testing.umd.js:1795:30)
    at _ZoneDelegate.invoke (C:\Angular project-2\codebook\node_modules\zone.js\bundles\zone.umd.js:416:32)
    at ProxyZoneSpec.Object.<anonymous>.ProxyZoneSpec.onInvoke (C:\Angular project-2\codebook\node_modules\zone.js\bundles\zone-testing.umd.js:2177:43)
    at _ZoneDelegate.invoke (C:\Angular project-2\codebook\node_modules\zone.js\bundles\zone.umd.js:415:38)
    at ZoneImpl.run (C:\Angular project-2\codebook\node_modules\zone.js\bundles\zone.umd.js:147:47)
    at Object.wrappedFunc (C:\Angular project-2\codebook\node_modules\zone.js\bundles\zone-testing.umd.js:450:38)
    at Promise.then.completed (C:\Angular project-2\codebook\node_modules\jest-circus\build\utils.js:298:28)
    at new Promise (<anonymous>)
    at callAsyncCircusFn (C:\Angular project-2\codebook\node_modules\jest-circus\build\utils.js:231:10)
    at _callCircusTest (C:\Angular project-2\codebook\node_modules\jest-circus\build\run.js:316:40)
    at processTicksAndRejections (node:internal/process/task_queues:105:5)
    at _runTest (C:\Angular project-2\codebook\node_modules\jest-circus\build\run.js:252:3)
    at _runTestsForDescribeBlock (C:\Angular project-2\codebook\node_modules\jest-circus\build\run.js:126:9)
    at _runTestsForDescribeBlock (C:\Angular project-2\codebook\node_modules\jest-circus\build\run.js:121:9)
    at run (C:\Angular project-2\codebook\node_modules\jest-circus\build\run.js:71:3)
    at runAndTransformResultsToJestFormat (C:\Angular project-2\codebook\node_modules\jest-circus\build\legacy-code-todo-rewrite\jestAdapterInit.js:122:21)]]></failure>
    </testCase>
    <testCase name="LoginComponent should toggle to login mode when clicking login button in signup mode" duration="186"/>
    <testCase name="LoginComponent should toggle to signup mode when clicking signup button in login mode" duration="182"/>
    <testCase name="LoginComponent should not call login if form is invalid when clicking login button" duration="170"/>
    <testCase name="LoginComponent should not call signup if form is invalid when clicking signup button" duration="280">
      <failure message="TypeError: Cannot read properties of null (reading &apos;nativeElement&apos;)"><![CDATA[TypeError: Cannot read properties of null (reading 'nativeElement')
    at C:\Angular project-2\codebook\src\app\login\login\login.component.spec.ts:512:90
    at fakeAsyncFn (C:\Angular project-2\codebook\node_modules\zone.js\bundles\zone-testing.umd.js:1795:30)
    at _ZoneDelegate.invoke (C:\Angular project-2\codebook\node_modules\zone.js\bundles\zone.umd.js:416:32)
    at ProxyZoneSpec.Object.<anonymous>.ProxyZoneSpec.onInvoke (C:\Angular project-2\codebook\node_modules\zone.js\bundles\zone-testing.umd.js:2177:43)
    at _ZoneDelegate.invoke (C:\Angular project-2\codebook\node_modules\zone.js\bundles\zone.umd.js:415:38)
    at ZoneImpl.run (C:\Angular project-2\codebook\node_modules\zone.js\bundles\zone.umd.js:147:47)
    at Object.wrappedFunc (C:\Angular project-2\codebook\node_modules\zone.js\bundles\zone-testing.umd.js:450:38)
    at Promise.then.completed (C:\Angular project-2\codebook\node_modules\jest-circus\build\utils.js:298:28)
    at new Promise (<anonymous>)
    at callAsyncCircusFn (C:\Angular project-2\codebook\node_modules\jest-circus\build\utils.js:231:10)
    at _callCircusTest (C:\Angular project-2\codebook\node_modules\jest-circus\build\run.js:316:40)
    at processTicksAndRejections (node:internal/process/task_queues:105:5)
    at _runTest (C:\Angular project-2\codebook\node_modules\jest-circus\build\run.js:252:3)
    at _runTestsForDescribeBlock (C:\Angular project-2\codebook\node_modules\jest-circus\build\run.js:126:9)
    at _runTestsForDescribeBlock (C:\Angular project-2\codebook\node_modules\jest-circus\build\run.js:121:9)
    at run (C:\Angular project-2\codebook\node_modules\jest-circus\build\run.js:71:3)
    at runAndTransformResultsToJestFormat (C:\Angular project-2\codebook\node_modules\jest-circus\build\legacy-code-todo-rewrite\jestAdapterInit.js:122:21)]]></failure>
    </testCase>
    <testCase name="LoginComponent should not call login if isLoading is true when clicking login button" duration="240"/>
    <testCase name="LoginComponent should not call signup if isLoading is true when clicking signup button" duration="168">
      <failure message="TypeError: Cannot read properties of null (reading &apos;nativeElement&apos;)"><![CDATA[TypeError: Cannot read properties of null (reading 'nativeElement')
    at C:\Angular project-2\codebook\src\app\login\login\login.component.spec.ts:557:90
    at fakeAsyncFn (C:\Angular project-2\codebook\node_modules\zone.js\bundles\zone-testing.umd.js:1795:30)
    at _ZoneDelegate.invoke (C:\Angular project-2\codebook\node_modules\zone.js\bundles\zone.umd.js:416:32)
    at ProxyZoneSpec.Object.<anonymous>.ProxyZoneSpec.onInvoke (C:\Angular project-2\codebook\node_modules\zone.js\bundles\zone-testing.umd.js:2177:43)
    at _ZoneDelegate.invoke (C:\Angular project-2\codebook\node_modules\zone.js\bundles\zone.umd.js:415:38)
    at ZoneImpl.run (C:\Angular project-2\codebook\node_modules\zone.js\bundles\zone.umd.js:147:47)
    at Object.wrappedFunc (C:\Angular project-2\codebook\node_modules\zone.js\bundles\zone-testing.umd.js:450:38)
    at Promise.then.completed (C:\Angular project-2\codebook\node_modules\jest-circus\build\utils.js:298:28)
    at new Promise (<anonymous>)
    at callAsyncCircusFn (C:\Angular project-2\codebook\node_modules\jest-circus\build\utils.js:231:10)
    at _callCircusTest (C:\Angular project-2\codebook\node_modules\jest-circus\build\run.js:316:40)
    at processTicksAndRejections (node:internal/process/task_queues:105:5)
    at _runTest (C:\Angular project-2\codebook\node_modules\jest-circus\build\run.js:252:3)
    at _runTestsForDescribeBlock (C:\Angular project-2\codebook\node_modules\jest-circus\build\run.js:126:9)
    at _runTestsForDescribeBlock (C:\Angular project-2\codebook\node_modules\jest-circus\build\run.js:121:9)
    at run (C:\Angular project-2\codebook\node_modules\jest-circus\build\run.js:71:3)
    at runAndTransformResultsToJestFormat (C:\Angular project-2\codebook\node_modules\jest-circus\build\legacy-code-todo-rewrite\jestAdapterInit.js:122:21)]]></failure>
    </testCase>
    <testCase name="LoginComponent should display error message when error exists" duration="172"/>
    <testCase name="LoginComponent should show loading state on login button when isLoading is true" duration="162"/>
    <testCase name="LoginComponent should show loading state on signup button when isLoading is true" duration="351"/>
    <testCase name="LoginComponent should render social login buttons" duration="322"/>
    <testCase name="LoginComponent should show name and confirm password fields in signup mode" duration="608"/>
    <testCase name="LoginComponent should not show name and confirm password fields in login mode" duration="339"/>
    <testCase name="LoginComponent should show remember me and forgot password in login mode" duration="221"/>
    <testCase name="LoginComponent should show agree terms checkbox in signup mode" duration="222"/>
    <testCase name="LoginComponent should update responsive breakpoints for all cases" duration="153"/>
  </file>
  <file path="C:\Angular project-2\codebook\src\app\main-dashboard\main-dashboard.component.spec.ts">
    <testCase name="MainDashboardComponent should create" duration="1922"/>
    <testCase name="MainDashboardComponent should initialize with correct title" duration="260"/>
    <testCase name="MainDashboardComponent should initialize with default language from localStorage (en)" duration="830"/>
    <testCase name="MainDashboardComponent should initialize with French language from localStorage" duration="806"/>
    <testCase name="MainDashboardComponent should initialize with default language when localStorage is empty" duration="1008"/>
    <testCase name="MainDashboardComponent should change language to French" duration="529"/>
    <testCase name="MainDashboardComponent should change language to English" duration="544"/>
    <testCase name="MainDashboardComponent should toggle sidenav" duration="393">
      <failure message="Error: expect(jest.fn()).toHaveBeenCalled()"><![CDATA[Error: expect(jest.fn()).toHaveBeenCalled()

Expected number of calls: >= 1
Received number of calls:    0
    at C:\Angular project-2\codebook\src\app\main-dashboard\main-dashboard.component.spec.ts:254:23
    at _ZoneDelegate.invoke (C:\Angular project-2\codebook\node_modules\zone.js\bundles\zone.umd.js:416:32)
    at ProxyZoneSpec.Object.<anonymous>.ProxyZoneSpec.onInvoke (C:\Angular project-2\codebook\node_modules\zone.js\bundles\zone-testing.umd.js:2177:43)
    at _ZoneDelegate.invoke (C:\Angular project-2\codebook\node_modules\zone.js\bundles\zone.umd.js:415:38)
    at ZoneImpl.run (C:\Angular project-2\codebook\node_modules\zone.js\bundles\zone.umd.js:147:47)
    at Object.wrappedFunc (C:\Angular project-2\codebook\node_modules\zone.js\bundles\zone-testing.umd.js:450:38)
    at Promise.then.completed (C:\Angular project-2\codebook\node_modules\jest-circus\build\utils.js:298:28)
    at new Promise (<anonymous>)
    at callAsyncCircusFn (C:\Angular project-2\codebook\node_modules\jest-circus\build\utils.js:231:10)
    at _callCircusTest (C:\Angular project-2\codebook\node_modules\jest-circus\build\run.js:316:40)
    at processTicksAndRejections (node:internal/process/task_queues:105:5)
    at _runTest (C:\Angular project-2\codebook\node_modules\jest-circus\build\run.js:252:3)
    at _runTestsForDescribeBlock (C:\Angular project-2\codebook\node_modules\jest-circus\build\run.js:126:9)
    at _runTestsForDescribeBlock (C:\Angular project-2\codebook\node_modules\jest-circus\build\run.js:121:9)
    at run (C:\Angular project-2\codebook\node_modules\jest-circus\build\run.js:71:3)
    at runAndTransformResultsToJestFormat (C:\Angular project-2\codebook\node_modules\jest-circus\build\legacy-code-todo-rewrite\jestAdapterInit.js:122:21)]]></failure>
    </testCase>
    <testCase name="MainDashboardComponent should close sidenav" duration="599">
      <failure message="Error: expect(jest.fn()).toHaveBeenCalled()"><![CDATA[Error: expect(jest.fn()).toHaveBeenCalled()

Expected number of calls: >= 1
Received number of calls:    0
    at C:\Angular project-2\codebook\src\app\main-dashboard\main-dashboard.component.spec.ts:266:22
    at _ZoneDelegate.invoke (C:\Angular project-2\codebook\node_modules\zone.js\bundles\zone.umd.js:416:32)
    at ProxyZoneSpec.Object.<anonymous>.ProxyZoneSpec.onInvoke (C:\Angular project-2\codebook\node_modules\zone.js\bundles\zone-testing.umd.js:2177:43)
    at _ZoneDelegate.invoke (C:\Angular project-2\codebook\node_modules\zone.js\bundles\zone.umd.js:415:38)
    at ZoneImpl.run (C:\Angular project-2\codebook\node_modules\zone.js\bundles\zone.umd.js:147:47)
    at Object.wrappedFunc (C:\Angular project-2\codebook\node_modules\zone.js\bundles\zone-testing.umd.js:450:38)
    at Promise.then.completed (C:\Angular project-2\codebook\node_modules\jest-circus\build\utils.js:298:28)
    at new Promise (<anonymous>)
    at callAsyncCircusFn (C:\Angular project-2\codebook\node_modules\jest-circus\build\utils.js:231:10)
    at _callCircusTest (C:\Angular project-2\codebook\node_modules\jest-circus\build\run.js:316:40)
    at processTicksAndRejections (node:internal/process/task_queues:105:5)
    at _runTest (C:\Angular project-2\codebook\node_modules\jest-circus\build\run.js:252:3)
    at _runTestsForDescribeBlock (C:\Angular project-2\codebook\node_modules\jest-circus\build\run.js:126:9)
    at _runTestsForDescribeBlock (C:\Angular project-2\codebook\node_modules\jest-circus\build\run.js:121:9)
    at run (C:\Angular project-2\codebook\node_modules\jest-circus\build\run.js:71:3)
    at runAndTransformResultsToJestFormat (C:\Angular project-2\codebook\node_modules\jest-circus\build\legacy-code-todo-rewrite\jestAdapterInit.js:122:21)]]></failure>
    </testCase>
    <testCase name="MainDashboardComponent should compute sidenav width for desktop when not collapsed" duration="651"/>
    <testCase name="MainDashboardComponent should compute sidenav width for desktop when collapsed" duration="641">
      <failure message="Error: expect(received).toBe(expected) // Object.is equality"><![CDATA[Error: expect(received).toBe(expected) // Object.is equality

Expected: "200px"
Received: "60px"
    at C:\Angular project-2\codebook\src\app\main-dashboard\main-dashboard.component.spec.ts:280:38
    at _ZoneDelegate.invoke (C:\Angular project-2\codebook\node_modules\zone.js\bundles\zone.umd.js:416:32)
    at ProxyZoneSpec.Object.<anonymous>.ProxyZoneSpec.onInvoke (C:\Angular project-2\codebook\node_modules\zone.js\bundles\zone-testing.umd.js:2177:43)
    at _ZoneDelegate.invoke (C:\Angular project-2\codebook\node_modules\zone.js\bundles\zone.umd.js:415:38)
    at ZoneImpl.run (C:\Angular project-2\codebook\node_modules\zone.js\bundles\zone.umd.js:147:47)
    at Object.wrappedFunc (C:\Angular project-2\codebook\node_modules\zone.js\bundles\zone-testing.umd.js:450:38)
    at Promise.then.completed (C:\Angular project-2\codebook\node_modules\jest-circus\build\utils.js:298:28)
    at new Promise (<anonymous>)
    at callAsyncCircusFn (C:\Angular project-2\codebook\node_modules\jest-circus\build\utils.js:231:10)
    at _callCircusTest (C:\Angular project-2\codebook\node_modules\jest-circus\build\run.js:316:40)
    at processTicksAndRejections (node:internal/process/task_queues:105:5)
    at _runTest (C:\Angular project-2\codebook\node_modules\jest-circus\build\run.js:252:3)
    at _runTestsForDescribeBlock (C:\Angular project-2\codebook\node_modules\jest-circus\build\run.js:126:9)
    at _runTestsForDescribeBlock (C:\Angular project-2\codebook\node_modules\jest-circus\build\run.js:121:9)
    at run (C:\Angular project-2\codebook\node_modules\jest-circus\build\run.js:71:3)
    at runAndTransformResultsToJestFormat (C:\Angular project-2\codebook\node_modules\jest-circus\build\legacy-code-todo-rewrite\jestAdapterInit.js:122:21)]]></failure>
    </testCase>
    <testCase name="MainDashboardComponent should compute sidenav width for mobile" duration="453"/>
    <testCase name="MainDashboardComponent should compute sidenav mode for mobile" duration="602"/>
    <testCase name="MainDashboardComponent should compute sidenav mode for desktop" duration="821"/>
    <testCase name="MainDashboardComponent should compute sidenav opened state for mobile when not collapsed" duration="546"/>
    <testCase name="MainDashboardComponent should compute sidenav opened state for mobile when collapsed" duration="478"/>
    <testCase name="MainDashboardComponent should compute sidenav opened state for desktop when collapsed" duration="438"/>
    <testCase name="MainDashboardComponent should compute sidenav opened state for desktop when not collapsed" duration="329"/>
    <testCase name="MainDashboardComponent should return correct theme aria label for light theme" duration="204">
      <failure message="Error: expect(received).toBe(expected) // Object.is equality"><![CDATA[Error: expect(received).toBe(expected) // Object.is equality

Expected: "light theme"
Received: "Light theme"
    at C:\Angular project-2\codebook\src\app\main-dashboard\main-dashboard.component.spec.ts:338:50
    at _ZoneDelegate.invoke (C:\Angular project-2\codebook\node_modules\zone.js\bundles\zone.umd.js:416:32)
    at ProxyZoneSpec.Object.<anonymous>.ProxyZoneSpec.onInvoke (C:\Angular project-2\codebook\node_modules\zone.js\bundles\zone-testing.umd.js:2177:43)
    at _ZoneDelegate.invoke (C:\Angular project-2\codebook\node_modules\zone.js\bundles\zone.umd.js:415:38)
    at ZoneImpl.run (C:\Angular project-2\codebook\node_modules\zone.js\bundles\zone.umd.js:147:47)
    at Object.wrappedFunc (C:\Angular project-2\codebook\node_modules\zone.js\bundles\zone-testing.umd.js:450:38)
    at Promise.then.completed (C:\Angular project-2\codebook\node_modules\jest-circus\build\utils.js:298:28)
    at new Promise (<anonymous>)
    at callAsyncCircusFn (C:\Angular project-2\codebook\node_modules\jest-circus\build\utils.js:231:10)
    at _callCircusTest (C:\Angular project-2\codebook\node_modules\jest-circus\build\run.js:316:40)
    at processTicksAndRejections (node:internal/process/task_queues:105:5)
    at _runTest (C:\Angular project-2\codebook\node_modules\jest-circus\build\run.js:252:3)
    at _runTestsForDescribeBlock (C:\Angular project-2\codebook\node_modules\jest-circus\build\run.js:126:9)
    at _runTestsForDescribeBlock (C:\Angular project-2\codebook\node_modules\jest-circus\build\run.js:121:9)
    at run (C:\Angular project-2\codebook\node_modules\jest-circus\build\run.js:71:3)
    at runAndTransformResultsToJestFormat (C:\Angular project-2\codebook\node_modules\jest-circus\build\legacy-code-todo-rewrite\jestAdapterInit.js:122:21)]]></failure>
    </testCase>
    <testCase name="MainDashboardComponent should return correct theme aria label for dark theme" duration="315">
      <failure message="Error: expect(received).toBe(expected) // Object.is equality"><![CDATA[Error: expect(received).toBe(expected) // Object.is equality

Expected: "dark theme"
Received: "Dark theme"
    at C:\Angular project-2\codebook\src\app\main-dashboard\main-dashboard.component.spec.ts:342:49
    at _ZoneDelegate.invoke (C:\Angular project-2\codebook\node_modules\zone.js\bundles\zone.umd.js:416:32)
    at ProxyZoneSpec.Object.<anonymous>.ProxyZoneSpec.onInvoke (C:\Angular project-2\codebook\node_modules\zone.js\bundles\zone-testing.umd.js:2177:43)
    at _ZoneDelegate.invoke (C:\Angular project-2\codebook\node_modules\zone.js\bundles\zone.umd.js:415:38)
    at ZoneImpl.run (C:\Angular project-2\codebook\node_modules\zone.js\bundles\zone.umd.js:147:47)
    at Object.wrappedFunc (C:\Angular project-2\codebook\node_modules\zone.js\bundles\zone-testing.umd.js:450:38)
    at Promise.then.completed (C:\Angular project-2\codebook\node_modules\jest-circus\build\utils.js:298:28)
    at new Promise (<anonymous>)
    at callAsyncCircusFn (C:\Angular project-2\codebook\node_modules\jest-circus\build\utils.js:231:10)
    at _callCircusTest (C:\Angular project-2\codebook\node_modules\jest-circus\build\run.js:316:40)
    at processTicksAndRejections (node:internal/process/task_queues:105:5)
    at _runTest (C:\Angular project-2\codebook\node_modules\jest-circus\build\run.js:252:3)
    at _runTestsForDescribeBlock (C:\Angular project-2\codebook\node_modules\jest-circus\build\run.js:126:9)
    at _runTestsForDescribeBlock (C:\Angular project-2\codebook\node_modules\jest-circus\build\run.js:121:9)
    at run (C:\Angular project-2\codebook\node_modules\jest-circus\build\run.js:71:3)
    at runAndTransformResultsToJestFormat (C:\Angular project-2\codebook\node_modules\jest-circus\build\legacy-code-todo-rewrite\jestAdapterInit.js:122:21)]]></failure>
    </testCase>
    <testCase name="MainDashboardComponent should return correct theme aria label for system theme" duration="300">
      <failure message="Error: expect(received).toBe(expected) // Object.is equality"><![CDATA[Error: expect(received).toBe(expected) // Object.is equality

Expected: "system theme"
Received: "System theme"
    at C:\Angular project-2\codebook\src\app\main-dashboard\main-dashboard.component.spec.ts:346:51
    at _ZoneDelegate.invoke (C:\Angular project-2\codebook\node_modules\zone.js\bundles\zone.umd.js:416:32)
    at ProxyZoneSpec.Object.<anonymous>.ProxyZoneSpec.onInvoke (C:\Angular project-2\codebook\node_modules\zone.js\bundles\zone-testing.umd.js:2177:43)
    at _ZoneDelegate.invoke (C:\Angular project-2\codebook\node_modules\zone.js\bundles\zone.umd.js:415:38)
    at ZoneImpl.run (C:\Angular project-2\codebook\node_modules\zone.js\bundles\zone.umd.js:147:47)
    at Object.wrappedFunc (C:\Angular project-2\codebook\node_modules\zone.js\bundles\zone-testing.umd.js:450:38)
    at Promise.then.completed (C:\Angular project-2\codebook\node_modules\jest-circus\build\utils.js:298:28)
    at new Promise (<anonymous>)
    at callAsyncCircusFn (C:\Angular project-2\codebook\node_modules\jest-circus\build\utils.js:231:10)
    at _callCircusTest (C:\Angular project-2\codebook\node_modules\jest-circus\build\run.js:316:40)
    at processTicksAndRejections (node:internal/process/task_queues:105:5)
    at _runTest (C:\Angular project-2\codebook\node_modules\jest-circus\build\run.js:252:3)
    at _runTestsForDescribeBlock (C:\Angular project-2\codebook\node_modules\jest-circus\build\run.js:126:9)
    at _runTestsForDescribeBlock (C:\Angular project-2\codebook\node_modules\jest-circus\build\run.js:121:9)
    at run (C:\Angular project-2\codebook\node_modules\jest-circus\build\run.js:71:3)
    at runAndTransformResultsToJestFormat (C:\Angular project-2\codebook\node_modules\jest-circus\build\legacy-code-todo-rewrite\jestAdapterInit.js:122:21)]]></failure>
    </testCase>
    <testCase name="MainDashboardComponent should return correct theme aria label for unknown theme" duration="274">
      <failure message="Error: expect(received).toBe(expected) // Object.is equality"><![CDATA[Error: expect(received).toBe(expected) // Object.is equality

Expected: "unknown theme"
Received: "Unknown theme"
    at C:\Angular project-2\codebook\src\app\main-dashboard\main-dashboard.component.spec.ts:350:52
    at _ZoneDelegate.invoke (C:\Angular project-2\codebook\node_modules\zone.js\bundles\zone.umd.js:416:32)
    at ProxyZoneSpec.Object.<anonymous>.ProxyZoneSpec.onInvoke (C:\Angular project-2\codebook\node_modules\zone.js\bundles\zone-testing.umd.js:2177:43)
    at _ZoneDelegate.invoke (C:\Angular project-2\codebook\node_modules\zone.js\bundles\zone.umd.js:415:38)
    at ZoneImpl.run (C:\Angular project-2\codebook\node_modules\zone.js\bundles\zone.umd.js:147:47)
    at Object.wrappedFunc (C:\Angular project-2\codebook\node_modules\zone.js\bundles\zone-testing.umd.js:450:38)
    at Promise.then.completed (C:\Angular project-2\codebook\node_modules\jest-circus\build\utils.js:298:28)
    at new Promise (<anonymous>)
    at callAsyncCircusFn (C:\Angular project-2\codebook\node_modules\jest-circus\build\utils.js:231:10)
    at _callCircusTest (C:\Angular project-2\codebook\node_modules\jest-circus\build\run.js:316:40)
    at processTicksAndRejections (node:internal/process/task_queues:105:5)
    at _runTest (C:\Angular project-2\codebook\node_modules\jest-circus\build\run.js:252:3)
    at _runTestsForDescribeBlock (C:\Angular project-2\codebook\node_modules\jest-circus\build\run.js:126:9)
    at _runTestsForDescribeBlock (C:\Angular project-2\codebook\node_modules\jest-circus\build\run.js:121:9)
    at run (C:\Angular project-2\codebook\node_modules\jest-circus\build\run.js:71:3)
    at runAndTransformResultsToJestFormat (C:\Angular project-2\codebook\node_modules\jest-circus\build\legacy-code-todo-rewrite\jestAdapterInit.js:122:21)]]></failure>
    </testCase>
    <testCase name="MainDashboardComponent should return correct color theme aria label for Deep-Blue" duration="262"/>
    <testCase name="MainDashboardComponent should return correct color theme aria label for Green" duration="129"/>
    <testCase name="MainDashboardComponent should toggle fullscreen mode when not in fullscreen" duration="423"/>
    <testCase name="MainDashboardComponent should exit fullscreen mode when in fullscreen" duration="449"/>
    <testCase name="MainDashboardComponent should handle fullscreen error" duration="401">
      <failure message="Error: expect(jest.fn()).toHaveBeenCalledWith(...expected)"><![CDATA[Error: expect(jest.fn()).toHaveBeenCalledWith(...expected)

Expected: "Error attempting to enable fullscreen: Error: Fullscreen error"
Received: "Error attempting to enable fullscreen: Fullscreen error"

Number of calls: 1
    at C:\Angular project-2\codebook\src\app\main-dashboard\main-dashboard.component.spec.ts:383:29
    at Generator.next (<anonymous>)
    at fulfilled (C:\Angular project-2\codebook\node_modules\tslib\tslib.js:167:62)
    at _ZoneDelegate.invoke (C:\Angular project-2\codebook\node_modules\zone.js\bundles\zone.umd.js:416:32)
    at ProxyZoneSpec.Object.<anonymous>.ProxyZoneSpec.onInvoke (C:\Angular project-2\codebook\node_modules\zone.js\bundles\zone-testing.umd.js:2177:43)
    at _ZoneDelegate.invoke (C:\Angular project-2\codebook\node_modules\zone.js\bundles\zone.umd.js:415:38)
    at ZoneImpl.run (C:\Angular project-2\codebook\node_modules\zone.js\bundles\zone.umd.js:147:47)
    at C:\Angular project-2\codebook\node_modules\zone.js\bundles\zone.umd.js:2598:42
    at _ZoneDelegate.invokeTask (C:\Angular project-2\codebook\node_modules\zone.js\bundles\zone.umd.js:449:37)
    at ProxyZoneSpec.Object.<anonymous>.ProxyZoneSpec.onInvokeTask (C:\Angular project-2\codebook\node_modules\zone.js\bundles\zone-testing.umd.js:2208:43)
    at _ZoneDelegate.invokeTask (C:\Angular project-2\codebook\node_modules\zone.js\bundles\zone.umd.js:448:42)
    at ZoneImpl.runTask (C:\Angular project-2\codebook\node_modules\zone.js\bundles\zone.umd.js:196:51)
    at drainMicroTaskQueue (C:\Angular project-2\codebook\node_modules\zone.js\bundles\zone.umd.js:638:39)
    at processTicksAndRejections (node:internal/process/task_queues:105:5)]]></failure>
    </testCase>
    <testCase name="MainDashboardComponent should not attempt to exit fullscreen if exitFullscreen is not available" duration="550"/>
    <testCase name="MainDashboardComponent should handle invalid language code" duration="593">
      <failure message="Error: expect(received).toBe(expected) // Object.is equality"><![CDATA[Error: expect(received).toBe(expected) // Object.is equality

Expected: "English"
Received: "French"
    at C:\Angular project-2\codebook\src\app\main-dashboard\main-dashboard.component.spec.ts:401:41
    at _ZoneDelegate.invoke (C:\Angular project-2\codebook\node_modules\zone.js\bundles\zone.umd.js:416:32)
    at ProxyZoneSpec.Object.<anonymous>.ProxyZoneSpec.onInvoke (C:\Angular project-2\codebook\node_modules\zone.js\bundles\zone-testing.umd.js:2177:43)
    at _ZoneDelegate.invoke (C:\Angular project-2\codebook\node_modules\zone.js\bundles\zone.umd.js:415:38)
    at ZoneImpl.run (C:\Angular project-2\codebook\node_modules\zone.js\bundles\zone.umd.js:147:47)
    at Object.wrappedFunc (C:\Angular project-2\codebook\node_modules\zone.js\bundles\zone-testing.umd.js:450:38)
    at Promise.then.completed (C:\Angular project-2\codebook\node_modules\jest-circus\build\utils.js:298:28)
    at new Promise (<anonymous>)
    at callAsyncCircusFn (C:\Angular project-2\codebook\node_modules\jest-circus\build\utils.js:231:10)
    at _callCircusTest (C:\Angular project-2\codebook\node_modules\jest-circus\build\run.js:316:40)
    at processTicksAndRejections (node:internal/process/task_queues:105:5)
    at _runTest (C:\Angular project-2\codebook\node_modules\jest-circus\build\run.js:252:3)
    at _runTestsForDescribeBlock (C:\Angular project-2\codebook\node_modules\jest-circus\build\run.js:126:9)
    at _runTestsForDescribeBlock (C:\Angular project-2\codebook\node_modules\jest-circus\build\run.js:121:9)
    at run (C:\Angular project-2\codebook\node_modules\jest-circus\build\run.js:71:3)
    at runAndTransformResultsToJestFormat (C:\Angular project-2\codebook\node_modules\jest-circus\build\legacy-code-todo-rewrite\jestAdapterInit.js:122:21)]]></failure>
    </testCase>
    <testCase name="MainDashboardComponent should initialize services in constructor" duration="214"/>
    <testCase name="MainDashboardComponent should handle null responsiveService in error cases" duration="421"/>
    <testCase name="MainDashboardComponent should initialize sidenav" duration="503"/>
  </file>
  <file path="C:\Angular project-2\codebook\src\app\user\user.component.spec.ts">
    <testCase name="UserComponent should create the component" duration="671"/>
    <testCase name="UserComponent should initialize with correct default properties" duration="187"/>
    <testCase name="UserComponent should have correct constructor injections" duration="177"/>
    <testCase name="UserComponent should render avatar when showAvatar is true and avatar is set" duration="295"/>
    <testCase name="UserComponent should render icon when showAvatar is false" duration="347"/>
    <testCase name="UserComponent should render icon when user.avatar is falsy" duration="294"/>
    <testCase name="UserComponent should apply correct status class for online" duration="275"/>
    <testCase name="UserComponent should apply correct status class for away" duration="224"/>
    <testCase name="UserComponent should apply correct status class for busy" duration="201"/>
    <testCase name="UserComponent should apply correct status class for not-visible" duration="411"/>
    <testCase name="UserComponent should update user status to online" duration="168"/>
    <testCase name="UserComponent should update user status to away" duration="175"/>
    <testCase name="UserComponent should update user status to busy" duration="270"/>
    <testCase name="UserComponent should update user status to not-visible" duration="210"/>
    <testCase name="UserComponent should trigger updateUserStatus when status menu item is clicked" duration="143">
      <failure message="TypeError: Cannot read properties of null (reading &apos;triggerEventHandler&apos;)"><![CDATA[TypeError: Cannot read properties of null (reading 'triggerEventHandler')
    at C:\Angular project-2\codebook\src\app\user\user.component.spec.ts:143:20
    at fakeAsyncFn (C:\Angular project-2\codebook\node_modules\zone.js\bundles\zone-testing.umd.js:1795:30)
    at _ZoneDelegate.invoke (C:\Angular project-2\codebook\node_modules\zone.js\bundles\zone.umd.js:416:32)
    at ProxyZoneSpec.Object.<anonymous>.ProxyZoneSpec.onInvoke (C:\Angular project-2\codebook\node_modules\zone.js\bundles\zone-testing.umd.js:2177:43)
    at _ZoneDelegate.invoke (C:\Angular project-2\codebook\node_modules\zone.js\bundles\zone.umd.js:415:38)
    at ZoneImpl.run (C:\Angular project-2\codebook\node_modules\zone.js\bundles\zone.umd.js:147:47)
    at Object.wrappedFunc (C:\Angular project-2\codebook\node_modules\zone.js\bundles\zone-testing.umd.js:450:38)
    at Promise.then.completed (C:\Angular project-2\codebook\node_modules\jest-circus\build\utils.js:298:28)
    at new Promise (<anonymous>)
    at callAsyncCircusFn (C:\Angular project-2\codebook\node_modules\jest-circus\build\utils.js:231:10)
    at _callCircusTest (C:\Angular project-2\codebook\node_modules\jest-circus\build\run.js:316:40)
    at processTicksAndRejections (node:internal/process/task_queues:105:5)
    at _runTest (C:\Angular project-2\codebook\node_modules\jest-circus\build\run.js:252:3)
    at _runTestsForDescribeBlock (C:\Angular project-2\codebook\node_modules\jest-circus\build\run.js:126:9)
    at _runTestsForDescribeBlock (C:\Angular project-2\codebook\node_modules\jest-circus\build\run.js:121:9)
    at run (C:\Angular project-2\codebook\node_modules\jest-circus\build\run.js:71:3)
    at runAndTransformResultsToJestFormat (C:\Angular project-2\codebook\node_modules\jest-circus\build\legacy-code-todo-rewrite\jestAdapterInit.js:122:21)]]></failure>
    </testCase>
    <testCase name="UserComponent should render user menu items" duration="394">
      <failure message="TypeError: Cannot read properties of null (reading &apos;triggerEventHandler&apos;)"><![CDATA[TypeError: Cannot read properties of null (reading 'triggerEventHandler')
    at C:\Angular project-2\codebook\src\app\user\user.component.spec.ts:182:20
    at _ZoneDelegate.invoke (C:\Angular project-2\codebook\node_modules\zone.js\bundles\zone.umd.js:416:32)
    at ProxyZoneSpec.Object.<anonymous>.ProxyZoneSpec.onInvoke (C:\Angular project-2\codebook\node_modules\zone.js\bundles\zone-testing.umd.js:2177:43)
    at _ZoneDelegate.invoke (C:\Angular project-2\codebook\node_modules\zone.js\bundles\zone.umd.js:415:38)
    at ZoneImpl.run (C:\Angular project-2\codebook\node_modules\zone.js\bundles\zone.umd.js:147:47)
    at Object.wrappedFunc (C:\Angular project-2\codebook\node_modules\zone.js\bundles\zone-testing.umd.js:450:38)
    at Promise.then.completed (C:\Angular project-2\codebook\node_modules\jest-circus\build\utils.js:298:28)
    at new Promise (<anonymous>)
    at callAsyncCircusFn (C:\Angular project-2\codebook\node_modules\jest-circus\build\utils.js:231:10)
    at _callCircusTest (C:\Angular project-2\codebook\node_modules\jest-circus\build\run.js:316:40)
    at processTicksAndRejections (node:internal/process/task_queues:105:5)
    at _runTest (C:\Angular project-2\codebook\node_modules\jest-circus\build\run.js:252:3)
    at _runTestsForDescribeBlock (C:\Angular project-2\codebook\node_modules\jest-circus\build\run.js:126:9)
    at _runTestsForDescribeBlock (C:\Angular project-2\codebook\node_modules\jest-circus\build\run.js:121:9)
    at run (C:\Angular project-2\codebook\node_modules\jest-circus\build\run.js:71:3)
    at runAndTransformResultsToJestFormat (C:\Angular project-2\codebook\node_modules\jest-circus\build\legacy-code-todo-rewrite\jestAdapterInit.js:122:21)]]></failure>
    </testCase>
    <testCase name="UserComponent should call signOut and navigate to login via direct method call" duration="154"/>
    <testCase name="UserComponent should call signOut and navigate to login via menu click" duration="197">
      <failure message="TypeError: Cannot read properties of null (reading &apos;triggerEventHandler&apos;)"><![CDATA[TypeError: Cannot read properties of null (reading 'triggerEventHandler')
    at C:\Angular project-2\codebook\src\app\user\user.component.spec.ts:207:20
    at fakeAsyncFn (C:\Angular project-2\codebook\node_modules\zone.js\bundles\zone-testing.umd.js:1795:30)
    at _ZoneDelegate.invoke (C:\Angular project-2\codebook\node_modules\zone.js\bundles\zone.umd.js:416:32)
    at ProxyZoneSpec.Object.<anonymous>.ProxyZoneSpec.onInvoke (C:\Angular project-2\codebook\node_modules\zone.js\bundles\zone-testing.umd.js:2177:43)
    at _ZoneDelegate.invoke (C:\Angular project-2\codebook\node_modules\zone.js\bundles\zone.umd.js:415:38)
    at ZoneImpl.run (C:\Angular project-2\codebook\node_modules\zone.js\bundles\zone.umd.js:147:47)
    at Object.wrappedFunc (C:\Angular project-2\codebook\node_modules\zone.js\bundles\zone-testing.umd.js:450:38)
    at Promise.then.completed (C:\Angular project-2\codebook\node_modules\jest-circus\build\utils.js:298:28)
    at new Promise (<anonymous>)
    at callAsyncCircusFn (C:\Angular project-2\codebook\node_modules\jest-circus\build\utils.js:231:10)
    at _callCircusTest (C:\Angular project-2\codebook\node_modules\jest-circus\build\run.js:316:40)
    at processTicksAndRejections (node:internal/process/task_queues:105:5)
    at _runTest (C:\Angular project-2\codebook\node_modules\jest-circus\build\run.js:252:3)
    at _runTestsForDescribeBlock (C:\Angular project-2\codebook\node_modules\jest-circus\build\run.js:126:9)
    at _runTestsForDescribeBlock (C:\Angular project-2\codebook\node_modules\jest-circus\build\run.js:121:9)
    at run (C:\Angular project-2\codebook\node_modules\jest-circus\build\run.js:71:3)
    at runAndTransformResultsToJestFormat (C:\Angular project-2\codebook\node_modules\jest-circus\build\legacy-code-todo-rewrite\jestAdapterInit.js:122:21)]]></failure>
    </testCase>
    <testCase name="UserComponent should render divider" duration="176">
      <failure message="TypeError: Cannot read properties of null (reading &apos;triggerEventHandler&apos;)"><![CDATA[TypeError: Cannot read properties of null (reading 'triggerEventHandler')
    at C:\Angular project-2\codebook\src\app\user\user.component.spec.ts:226:20
    at _ZoneDelegate.invoke (C:\Angular project-2\codebook\node_modules\zone.js\bundles\zone.umd.js:416:32)
    at ProxyZoneSpec.Object.<anonymous>.ProxyZoneSpec.onInvoke (C:\Angular project-2\codebook\node_modules\zone.js\bundles\zone-testing.umd.js:2177:43)
    at _ZoneDelegate.invoke (C:\Angular project-2\codebook\node_modules\zone.js\bundles\zone.umd.js:415:38)
    at ZoneImpl.run (C:\Angular project-2\codebook\node_modules\zone.js\bundles\zone.umd.js:147:47)
    at Object.wrappedFunc (C:\Angular project-2\codebook\node_modules\zone.js\bundles\zone-testing.umd.js:450:38)
    at Promise.then.completed (C:\Angular project-2\codebook\node_modules\jest-circus\build\utils.js:298:28)
    at new Promise (<anonymous>)
    at callAsyncCircusFn (C:\Angular project-2\codebook\node_modules\jest-circus\build\utils.js:231:10)
    at _callCircusTest (C:\Angular project-2\codebook\node_modules\jest-circus\build\run.js:316:40)
    at processTicksAndRejections (node:internal/process/task_queues:105:5)
    at _runTest (C:\Angular project-2\codebook\node_modules\jest-circus\build\run.js:252:3)
    at _runTestsForDescribeBlock (C:\Angular project-2\codebook\node_modules\jest-circus\build\run.js:126:9)
    at _runTestsForDescribeBlock (C:\Angular project-2\codebook\node_modules\jest-circus\build\run.js:121:9)
    at run (C:\Angular project-2\codebook\node_modules\jest-circus\build\run.js:71:3)
    at runAndTransformResultsToJestFormat (C:\Angular project-2\codebook\node_modules\jest-circus\build\legacy-code-todo-rewrite\jestAdapterInit.js:122:21)]]></failure>
    </testCase>
  </file>
  <file path="C:\Angular project-2\codebook\src\app\pages\subcategories\add-subcategories\add-subcategories.component.spec.ts">
    <testCase name="AddSubcategoriesComponent should create the component" duration="647"/>
    <testCase name="AddSubcategoriesComponent should initialize formSubcategory with default values when no data is provided" duration="214">
      <failure message="Error: Cannot override provider when the test module has already been instantiated. Make sure you are not using `inject` before `overrideProvider`."><![CDATA[Error: Cannot override provider when the test module has already been instantiated. Make sure you are not using `inject` before `overrideProvider`.
    at _TestBedImpl.assertNotInstantiated (C:\Angular project-2\codebook\node_modules\@angular\core\fesm2022\testing.mjs:2084:19)
    at _TestBedImpl.overrideProvider (C:\Angular project-2\codebook\node_modules\@angular\core\fesm2022\testing.mjs:2032:14)
    at Function.overrideProvider (C:\Angular project-2\codebook\node_modules\@angular\core\fesm2022\testing.mjs:1826:37)
    at C:\Angular project-2\codebook\src\app\pages\subcategories\add-subcategories\add-subcategories.component.spec.ts:54:13
    at _ZoneDelegate.invoke (C:\Angular project-2\codebook\node_modules\zone.js\bundles\zone.umd.js:416:32)
    at ProxyZoneSpec.Object.<anonymous>.ProxyZoneSpec.onInvoke (C:\Angular project-2\codebook\node_modules\zone.js\bundles\zone-testing.umd.js:2177:43)
    at _ZoneDelegate.invoke (C:\Angular project-2\codebook\node_modules\zone.js\bundles\zone.umd.js:415:38)
    at ZoneImpl.run (C:\Angular project-2\codebook\node_modules\zone.js\bundles\zone.umd.js:147:47)
    at Object.wrappedFunc (C:\Angular project-2\codebook\node_modules\zone.js\bundles\zone-testing.umd.js:450:38)
    at Promise.then.completed (C:\Angular project-2\codebook\node_modules\jest-circus\build\utils.js:298:28)
    at new Promise (<anonymous>)
    at callAsyncCircusFn (C:\Angular project-2\codebook\node_modules\jest-circus\build\utils.js:231:10)
    at _callCircusTest (C:\Angular project-2\codebook\node_modules\jest-circus\build\run.js:316:40)
    at processTicksAndRejections (node:internal/process/task_queues:105:5)
    at _runTest (C:\Angular project-2\codebook\node_modules\jest-circus\build\run.js:252:3)
    at _runTestsForDescribeBlock (C:\Angular project-2\codebook\node_modules\jest-circus\build\run.js:126:9)
    at _runTestsForDescribeBlock (C:\Angular project-2\codebook\node_modules\jest-circus\build\run.js:121:9)
    at run (C:\Angular project-2\codebook\node_modules\jest-circus\build\run.js:71:3)
    at runAndTransformResultsToJestFormat (C:\Angular project-2\codebook\node_modules\jest-circus\build\legacy-code-todo-rewrite\jestAdapterInit.js:122:21)]]></failure>
    </testCase>
    <testCase name="AddSubcategoriesComponent should initialize formSubcategory with subcategory data in edit mode" duration="170">
      <failure message="Error: Cannot override provider when the test module has already been instantiated. Make sure you are not using `inject` before `overrideProvider`."><![CDATA[Error: Cannot override provider when the test module has already been instantiated. Make sure you are not using `inject` before `overrideProvider`.
    at _TestBedImpl.assertNotInstantiated (C:\Angular project-2\codebook\node_modules\@angular\core\fesm2022\testing.mjs:2084:19)
    at _TestBedImpl.overrideProvider (C:\Angular project-2\codebook\node_modules\@angular\core\fesm2022\testing.mjs:2032:14)
    at Function.overrideProvider (C:\Angular project-2\codebook\node_modules\@angular\core\fesm2022\testing.mjs:1826:37)
    at C:\Angular project-2\codebook\src\app\pages\subcategories\add-subcategories\add-subcategories.component.spec.ts:81:13
    at _ZoneDelegate.invoke (C:\Angular project-2\codebook\node_modules\zone.js\bundles\zone.umd.js:416:32)
    at ProxyZoneSpec.Object.<anonymous>.ProxyZoneSpec.onInvoke (C:\Angular project-2\codebook\node_modules\zone.js\bundles\zone-testing.umd.js:2177:43)
    at _ZoneDelegate.invoke (C:\Angular project-2\codebook\node_modules\zone.js\bundles\zone.umd.js:415:38)
    at ZoneImpl.run (C:\Angular project-2\codebook\node_modules\zone.js\bundles\zone.umd.js:147:47)
    at Object.wrappedFunc (C:\Angular project-2\codebook\node_modules\zone.js\bundles\zone-testing.umd.js:450:38)
    at Promise.then.completed (C:\Angular project-2\codebook\node_modules\jest-circus\build\utils.js:298:28)
    at new Promise (<anonymous>)
    at callAsyncCircusFn (C:\Angular project-2\codebook\node_modules\jest-circus\build\utils.js:231:10)
    at _callCircusTest (C:\Angular project-2\codebook\node_modules\jest-circus\build\run.js:316:40)
    at processTicksAndRejections (node:internal/process/task_queues:105:5)
    at _runTest (C:\Angular project-2\codebook\node_modules\jest-circus\build\run.js:252:3)
    at _runTestsForDescribeBlock (C:\Angular project-2\codebook\node_modules\jest-circus\build\run.js:126:9)
    at _runTestsForDescribeBlock (C:\Angular project-2\codebook\node_modules\jest-circus\build\run.js:121:9)
    at run (C:\Angular project-2\codebook\node_modules\jest-circus\build\run.js:71:3)
    at runAndTransformResultsToJestFormat (C:\Angular project-2\codebook\node_modules\jest-circus\build\legacy-code-todo-rewrite\jestAdapterInit.js:122:21)]]></failure>
    </testCase>
    <testCase name="AddSubcategoriesComponent should not close dialog when form is invalid in saveSubcategory" duration="114"/>
    <testCase name="AddSubcategoriesComponent should close dialog with formSubcategory when form is valid and isFormInvalid is false" duration="123"/>
    <testCase name="AddSubcategoriesComponent should return true in isFormInvalid when name is missing" duration="160"/>
    <testCase name="AddSubcategoriesComponent should return true in isFormInvalid when icon is missing" duration="224"/>
    <testCase name="AddSubcategoriesComponent should return true in isFormInvalid when imageUrl is missing" duration="317"/>
    <testCase name="AddSubcategoriesComponent should return true in isFormInvalid when categoryId is 0" duration="219"/>
    <testCase name="AddSubcategoriesComponent should return false in isFormInvalid when all required fields are present" duration="163"/>
    <testCase name="AddSubcategoriesComponent should close dialog when cancel is called" duration="192"/>
    <testCase name="AddSubcategoriesComponent should trigger saveSubcategory on form submission" duration="267"/>
    <testCase name="AddSubcategoriesComponent should trigger cancel on cancel button click" duration="154"/>
    <testCase name="AddSubcategoriesComponent should show validation errors for required fields when form is submitted" duration="260"/>
    <testCase name="AddSubcategoriesComponent should display &quot;Add Subcategory&quot; title when no subcategory is provided" duration="332">
      <failure message="Error: Cannot override provider when the test module has already been instantiated. Make sure you are not using `inject` before `overrideProvider`."><![CDATA[Error: Cannot override provider when the test module has already been instantiated. Make sure you are not using `inject` before `overrideProvider`.
    at _TestBedImpl.assertNotInstantiated (C:\Angular project-2\codebook\node_modules\@angular\core\fesm2022\testing.mjs:2084:19)
    at _TestBedImpl.overrideProvider (C:\Angular project-2\codebook\node_modules\@angular\core\fesm2022\testing.mjs:2032:14)
    at Function.overrideProvider (C:\Angular project-2\codebook\node_modules\@angular\core\fesm2022\testing.mjs:1826:37)
    at C:\Angular project-2\codebook\src\app\pages\subcategories\add-subcategories\add-subcategories.component.spec.ts:195:13
    at _ZoneDelegate.invoke (C:\Angular project-2\codebook\node_modules\zone.js\bundles\zone.umd.js:416:32)
    at ProxyZoneSpec.Object.<anonymous>.ProxyZoneSpec.onInvoke (C:\Angular project-2\codebook\node_modules\zone.js\bundles\zone-testing.umd.js:2177:43)
    at _ZoneDelegate.invoke (C:\Angular project-2\codebook\node_modules\zone.js\bundles\zone.umd.js:415:38)
    at ZoneImpl.run (C:\Angular project-2\codebook\node_modules\zone.js\bundles\zone.umd.js:147:47)
    at Object.wrappedFunc (C:\Angular project-2\codebook\node_modules\zone.js\bundles\zone-testing.umd.js:450:38)
    at Promise.then.completed (C:\Angular project-2\codebook\node_modules\jest-circus\build\utils.js:298:28)
    at new Promise (<anonymous>)
    at callAsyncCircusFn (C:\Angular project-2\codebook\node_modules\jest-circus\build\utils.js:231:10)
    at _callCircusTest (C:\Angular project-2\codebook\node_modules\jest-circus\build\run.js:316:40)
    at processTicksAndRejections (node:internal/process/task_queues:105:5)
    at _runTest (C:\Angular project-2\codebook\node_modules\jest-circus\build\run.js:252:3)
    at _runTestsForDescribeBlock (C:\Angular project-2\codebook\node_modules\jest-circus\build\run.js:126:9)
    at _runTestsForDescribeBlock (C:\Angular project-2\codebook\node_modules\jest-circus\build\run.js:121:9)
    at run (C:\Angular project-2\codebook\node_modules\jest-circus\build\run.js:71:3)
    at runAndTransformResultsToJestFormat (C:\Angular project-2\codebook\node_modules\jest-circus\build\legacy-code-todo-rewrite\jestAdapterInit.js:122:21)]]></failure>
    </testCase>
    <testCase name="AddSubcategoriesComponent should display &quot;Edit Subcategory&quot; title when subcategory is provided" duration="227">
      <failure message="Error: Cannot override provider when the test module has already been instantiated. Make sure you are not using `inject` before `overrideProvider`."><![CDATA[Error: Cannot override provider when the test module has already been instantiated. Make sure you are not using `inject` before `overrideProvider`.
    at _TestBedImpl.assertNotInstantiated (C:\Angular project-2\codebook\node_modules\@angular\core\fesm2022\testing.mjs:2084:19)
    at _TestBedImpl.overrideProvider (C:\Angular project-2\codebook\node_modules\@angular\core\fesm2022\testing.mjs:2032:14)
    at Function.overrideProvider (C:\Angular project-2\codebook\node_modules\@angular\core\fesm2022\testing.mjs:1826:37)
    at C:\Angular project-2\codebook\src\app\pages\subcategories\add-subcategories\add-subcategories.component.spec.ts:216:13
    at _ZoneDelegate.invoke (C:\Angular project-2\codebook\node_modules\zone.js\bundles\zone.umd.js:416:32)
    at ProxyZoneSpec.Object.<anonymous>.ProxyZoneSpec.onInvoke (C:\Angular project-2\codebook\node_modules\zone.js\bundles\zone-testing.umd.js:2177:43)
    at _ZoneDelegate.invoke (C:\Angular project-2\codebook\node_modules\zone.js\bundles\zone.umd.js:415:38)
    at ZoneImpl.run (C:\Angular project-2\codebook\node_modules\zone.js\bundles\zone.umd.js:147:47)
    at Object.wrappedFunc (C:\Angular project-2\codebook\node_modules\zone.js\bundles\zone-testing.umd.js:450:38)
    at Promise.then.completed (C:\Angular project-2\codebook\node_modules\jest-circus\build\utils.js:298:28)
    at new Promise (<anonymous>)
    at callAsyncCircusFn (C:\Angular project-2\codebook\node_modules\jest-circus\build\utils.js:231:10)
    at _callCircusTest (C:\Angular project-2\codebook\node_modules\jest-circus\build\run.js:316:40)
    at processTicksAndRejections (node:internal/process/task_queues:105:5)
    at _runTest (C:\Angular project-2\codebook\node_modules\jest-circus\build\run.js:252:3)
    at _runTestsForDescribeBlock (C:\Angular project-2\codebook\node_modules\jest-circus\build\run.js:126:9)
    at _runTestsForDescribeBlock (C:\Angular project-2\codebook\node_modules\jest-circus\build\run.js:121:9)
    at run (C:\Angular project-2\codebook\node_modules\jest-circus\build\run.js:71:3)
    at runAndTransformResultsToJestFormat (C:\Angular project-2\codebook\node_modules\jest-circus\build\legacy-code-todo-rewrite\jestAdapterInit.js:122:21)]]></failure>
    </testCase>
    <testCase name="AddSubcategoriesComponent should disable save button when form is invalid" duration="197"/>
    <testCase name="AddSubcategoriesComponent should enable save button when form is valid" duration="212"/>
  </file>
  <file path="C:\Angular project-2\codebook\src\app\custom-sidenav-2\custom-sidenav-2.component.spec.ts">
    <testCase name="CustomSidenav2Component should create" duration="379"/>
    <testCase name="CustomSidenav2Component collapsed input setter should update sideNavCollapsed signal with true value" duration="98"/>
    <testCase name="CustomSidenav2Component collapsed input setter should update sideNavCollapsed signal with false value" duration="102"/>
    <testCase name="CustomSidenav2Component toggleSubMenu should update menuItems when item has subItems" duration="119"/>
    <testCase name="CustomSidenav2Component toggleSubMenu should not update menuItems when item has no subItems" duration="138"/>
    <testCase name="CustomSidenav2Component toggleSubMenu should collapse other items when toggling one" duration="150"/>
    <testCase name="CustomSidenav2Component toggleSubMenu should handle empty subItems array" duration="124"/>
    <testCase name="CustomSidenav2Component toggleSubMenu should handle undefined subItems" duration="77">
      <failure message="Error: expect(received).toBeUndefined()"><![CDATA[Error: expect(received).toBeUndefined()

Received: false
    at C:\Angular project-2\codebook\src\app\custom-sidenav-2\custom-sidenav-2.component.spec.ts:155:51
    at _ZoneDelegate.invoke (C:\Angular project-2\codebook\node_modules\zone.js\bundles\zone.umd.js:416:32)
    at ProxyZoneSpec.Object.<anonymous>.ProxyZoneSpec.onInvoke (C:\Angular project-2\codebook\node_modules\zone.js\bundles\zone-testing.umd.js:2177:43)
    at _ZoneDelegate.invoke (C:\Angular project-2\codebook\node_modules\zone.js\bundles\zone.umd.js:415:38)
    at ZoneImpl.run (C:\Angular project-2\codebook\node_modules\zone.js\bundles\zone.umd.js:147:47)
    at Object.wrappedFunc (C:\Angular project-2\codebook\node_modules\zone.js\bundles\zone-testing.umd.js:450:38)
    at Promise.then.completed (C:\Angular project-2\codebook\node_modules\jest-circus\build\utils.js:298:28)
    at new Promise (<anonymous>)
    at callAsyncCircusFn (C:\Angular project-2\codebook\node_modules\jest-circus\build\utils.js:231:10)
    at _callCircusTest (C:\Angular project-2\codebook\node_modules\jest-circus\build\run.js:316:40)
    at processTicksAndRejections (node:internal/process/task_queues:105:5)
    at _runTest (C:\Angular project-2\codebook\node_modules\jest-circus\build\run.js:252:3)
    at _runTestsForDescribeBlock (C:\Angular project-2\codebook\node_modules\jest-circus\build\run.js:126:9)
    at _runTestsForDescribeBlock (C:\Angular project-2\codebook\node_modules\jest-circus\build\run.js:121:9)
    at _runTestsForDescribeBlock (C:\Angular project-2\codebook\node_modules\jest-circus\build\run.js:121:9)
    at run (C:\Angular project-2\codebook\node_modules\jest-circus\build\run.js:71:3)
    at runAndTransformResultsToJestFormat (C:\Angular project-2\codebook\node_modules\jest-circus\build\legacy-code-todo-rewrite\jestAdapterInit.js:122:21)]]></failure>
    </testCase>
    <testCase name="CustomSidenav2Component should initialize with correct menu items" duration="88"/>
    <testCase name="CustomSidenav2Component should render menu items without sub-items correctly" duration="149">
      <failure message="Error: expect(received).toBeTruthy()"><![CDATA[Error: expect(received).toBeTruthy()

Received: undefined
    at C:\Angular project-2\codebook\src\app\custom-sidenav-2\custom-sidenav-2.component.spec.ts:175:25
    at _ZoneDelegate.invoke (C:\Angular project-2\codebook\node_modules\zone.js\bundles\zone.umd.js:416:32)
    at ProxyZoneSpec.Object.<anonymous>.ProxyZoneSpec.onInvoke (C:\Angular project-2\codebook\node_modules\zone.js\bundles\zone-testing.umd.js:2177:43)
    at _ZoneDelegate.invoke (C:\Angular project-2\codebook\node_modules\zone.js\bundles\zone.umd.js:415:38)
    at ZoneImpl.run (C:\Angular project-2\codebook\node_modules\zone.js\bundles\zone.umd.js:147:47)
    at Object.wrappedFunc (C:\Angular project-2\codebook\node_modules\zone.js\bundles\zone-testing.umd.js:450:38)
    at Promise.then.completed (C:\Angular project-2\codebook\node_modules\jest-circus\build\utils.js:298:28)
    at new Promise (<anonymous>)
    at callAsyncCircusFn (C:\Angular project-2\codebook\node_modules\jest-circus\build\utils.js:231:10)
    at _callCircusTest (C:\Angular project-2\codebook\node_modules\jest-circus\build\run.js:316:40)
    at processTicksAndRejections (node:internal/process/task_queues:105:5)
    at _runTest (C:\Angular project-2\codebook\node_modules\jest-circus\build\run.js:252:3)
    at _runTestsForDescribeBlock (C:\Angular project-2\codebook\node_modules\jest-circus\build\run.js:126:9)
    at _runTestsForDescribeBlock (C:\Angular project-2\codebook\node_modules\jest-circus\build\run.js:121:9)
    at run (C:\Angular project-2\codebook\node_modules\jest-circus\build\run.js:71:3)
    at runAndTransformResultsToJestFormat (C:\Angular project-2\codebook\node_modules\jest-circus\build\legacy-code-todo-rewrite\jestAdapterInit.js:122:21)]]></failure>
    </testCase>
    <testCase name="CustomSidenav2Component should render menu items with sub-items and toggle them" duration="131">
      <failure message="Error: expect(received).toBeTruthy()"><![CDATA[Error: expect(received).toBeTruthy()

Received: null
    at C:\Angular project-2\codebook\src\app\custom-sidenav-2\custom-sidenav-2.component.spec.ts:181:28
    at _ZoneDelegate.invoke (C:\Angular project-2\codebook\node_modules\zone.js\bundles\zone.umd.js:416:32)
    at ProxyZoneSpec.Object.<anonymous>.ProxyZoneSpec.onInvoke (C:\Angular project-2\codebook\node_modules\zone.js\bundles\zone-testing.umd.js:2177:43)
    at _ZoneDelegate.invoke (C:\Angular project-2\codebook\node_modules\zone.js\bundles\zone.umd.js:415:38)
    at ZoneImpl.run (C:\Angular project-2\codebook\node_modules\zone.js\bundles\zone.umd.js:147:47)
    at Object.wrappedFunc (C:\Angular project-2\codebook\node_modules\zone.js\bundles\zone-testing.umd.js:450:38)
    at Promise.then.completed (C:\Angular project-2\codebook\node_modules\jest-circus\build\utils.js:298:28)
    at new Promise (<anonymous>)
    at callAsyncCircusFn (C:\Angular project-2\codebook\node_modules\jest-circus\build\utils.js:231:10)
    at _callCircusTest (C:\Angular project-2\codebook\node_modules\jest-circus\build\run.js:316:40)
    at processTicksAndRejections (node:internal/process/task_queues:105:5)
    at _runTest (C:\Angular project-2\codebook\node_modules\jest-circus\build\run.js:252:3)
    at _runTestsForDescribeBlock (C:\Angular project-2\codebook\node_modules\jest-circus\build\run.js:126:9)
    at _runTestsForDescribeBlock (C:\Angular project-2\codebook\node_modules\jest-circus\build\run.js:121:9)
    at run (C:\Angular project-2\codebook\node_modules\jest-circus\build\run.js:71:3)
    at runAndTransformResultsToJestFormat (C:\Angular project-2\codebook\node_modules\jest-circus\build\legacy-code-todo-rewrite\jestAdapterInit.js:122:21)]]></failure>
    </testCase>
    <testCase name="CustomSidenav2Component should apply dark mode styles when isDarkMode is true" duration="159">
      <failure message="Error: expect(received).toBeTruthy()"><![CDATA[Error: expect(received).toBeTruthy()

Received: undefined
    at C:\Angular project-2\codebook\src\app\custom-sidenav-2\custom-sidenav-2.component.spec.ts:193:37
    at _ZoneDelegate.invoke (C:\Angular project-2\codebook\node_modules\zone.js\bundles\zone.umd.js:416:32)
    at ProxyZoneSpec.Object.<anonymous>.ProxyZoneSpec.onInvoke (C:\Angular project-2\codebook\node_modules\zone.js\bundles\zone-testing.umd.js:2177:43)
    at _ZoneDelegate.invoke (C:\Angular project-2\codebook\node_modules\zone.js\bundles\zone.umd.js:415:38)
    at ZoneImpl.run (C:\Angular project-2\codebook\node_modules\zone.js\bundles\zone.umd.js:147:47)
    at Object.wrappedFunc (C:\Angular project-2\codebook\node_modules\zone.js\bundles\zone-testing.umd.js:450:38)
    at Promise.then.completed (C:\Angular project-2\codebook\node_modules\jest-circus\build\utils.js:298:28)
    at new Promise (<anonymous>)
    at callAsyncCircusFn (C:\Angular project-2\codebook\node_modules\jest-circus\build\utils.js:231:10)
    at _callCircusTest (C:\Angular project-2\codebook\node_modules\jest-circus\build\run.js:316:40)
    at processTicksAndRejections (node:internal/process/task_queues:105:5)
    at _runTest (C:\Angular project-2\codebook\node_modules\jest-circus\build\run.js:252:3)
    at _runTestsForDescribeBlock (C:\Angular project-2\codebook\node_modules\jest-circus\build\run.js:126:9)
    at _runTestsForDescribeBlock (C:\Angular project-2\codebook\node_modules\jest-circus\build\run.js:121:9)
    at run (C:\Angular project-2\codebook\node_modules\jest-circus\build\run.js:71:3)
    at runAndTransformResultsToJestFormat (C:\Angular project-2\codebook\node_modules\jest-circus\build\legacy-code-todo-rewrite\jestAdapterInit.js:122:21)]]></failure>
    </testCase>
    <testCase name="CustomSidenav2Component should apply light mode styles when isDarkMode is false" duration="143"/>
    <testCase name="CustomSidenav2Component should hide labels when collapsed and not mobile" duration="339"/>
    <testCase name="CustomSidenav2Component should show labels when collapsed and mobile" duration="190"/>
    <testCase name="CustomSidenav2Component should apply active styles when route is active" duration="282">
      <failure message="Error: expect(received).toBeTruthy()"><![CDATA[Error: expect(received).toBeTruthy()

Received: undefined
    at C:\Angular project-2\codebook\src\app\custom-sidenav-2\custom-sidenav-2.component.spec.ts:223:45
    at Generator.next (<anonymous>)
    at fulfilled (C:\Angular project-2\codebook\node_modules\tslib\tslib.js:167:62)
    at _ZoneDelegate.invoke (C:\Angular project-2\codebook\node_modules\zone.js\bundles\zone.umd.js:416:32)
    at ProxyZoneSpec.Object.<anonymous>.ProxyZoneSpec.onInvoke (C:\Angular project-2\codebook\node_modules\zone.js\bundles\zone-testing.umd.js:2177:43)
    at _ZoneDelegate.invoke (C:\Angular project-2\codebook\node_modules\zone.js\bundles\zone.umd.js:415:38)
    at ZoneImpl.run (C:\Angular project-2\codebook\node_modules\zone.js\bundles\zone.umd.js:147:47)
    at C:\Angular project-2\codebook\node_modules\zone.js\bundles\zone.umd.js:2598:42
    at _ZoneDelegate.invokeTask (C:\Angular project-2\codebook\node_modules\zone.js\bundles\zone.umd.js:449:37)
    at ProxyZoneSpec.Object.<anonymous>.ProxyZoneSpec.onInvokeTask (C:\Angular project-2\codebook\node_modules\zone.js\bundles\zone-testing.umd.js:2208:43)
    at _ZoneDelegate.invokeTask (C:\Angular project-2\codebook\node_modules\zone.js\bundles\zone.umd.js:448:42)
    at ZoneImpl.runTask (C:\Angular project-2\codebook\node_modules\zone.js\bundles\zone.umd.js:196:51)
    at drainMicroTaskQueue (C:\Angular project-2\codebook\node_modules\zone.js\bundles\zone.umd.js:638:39)
    at processTicksAndRejections (node:internal/process/task_queues:105:5)]]></failure>
    </testCase>
    <testCase name="CustomSidenav2Component should not show sub-items when collapsed and not mobile" duration="404"/>
    <testCase name="CustomSidenav2Component should show sub-items when collapsed and mobile" duration="369">
      <failure message="Error: expect(received).toBe(expected) // Object.is equality"><![CDATA[Error: expect(received).toBe(expected) // Object.is equality

Expected: 1
Received: 0
    at C:\Angular project-2\codebook\src\app\custom-sidenav-2\custom-sidenav-2.component.spec.ts:241:29
    at _ZoneDelegate.invoke (C:\Angular project-2\codebook\node_modules\zone.js\bundles\zone.umd.js:416:32)
    at ProxyZoneSpec.Object.<anonymous>.ProxyZoneSpec.onInvoke (C:\Angular project-2\codebook\node_modules\zone.js\bundles\zone-testing.umd.js:2177:43)
    at _ZoneDelegate.invoke (C:\Angular project-2\codebook\node_modules\zone.js\bundles\zone.umd.js:415:38)
    at ZoneImpl.run (C:\Angular project-2\codebook\node_modules\zone.js\bundles\zone.umd.js:147:47)
    at Object.wrappedFunc (C:\Angular project-2\codebook\node_modules\zone.js\bundles\zone-testing.umd.js:450:38)
    at Promise.then.completed (C:\Angular project-2\codebook\node_modules\jest-circus\build\utils.js:298:28)
    at new Promise (<anonymous>)
    at callAsyncCircusFn (C:\Angular project-2\codebook\node_modules\jest-circus\build\utils.js:231:10)
    at _callCircusTest (C:\Angular project-2\codebook\node_modules\jest-circus\build\run.js:316:40)
    at processTicksAndRejections (node:internal/process/task_queues:105:5)
    at _runTest (C:\Angular project-2\codebook\node_modules\jest-circus\build\run.js:252:3)
    at _runTestsForDescribeBlock (C:\Angular project-2\codebook\node_modules\jest-circus\build\run.js:126:9)
    at _runTestsForDescribeBlock (C:\Angular project-2\codebook\node_modules\jest-circus\build\run.js:121:9)
    at run (C:\Angular project-2\codebook\node_modules\jest-circus\build\run.js:71:3)
    at runAndTransformResultsToJestFormat (C:\Angular project-2\codebook\node_modules\jest-circus\build\legacy-code-todo-rewrite\jestAdapterInit.js:122:21)]]></failure>
    </testCase>
    <testCase name="CustomSidenav2Component should translate menu item labels" duration="205">
      <failure message="Error: expect(jest.fn()).toHaveBeenCalledWith(...expected)"><![CDATA[Error: expect(jest.fn()).toHaveBeenCalledWith(...expected)

Expected: "DASHBOARD"

Number of calls: 0
    at C:\Angular project-2\codebook\src\app\custom-sidenav-2\custom-sidenav-2.component.spec.ts:249:42
    at _ZoneDelegate.invoke (C:\Angular project-2\codebook\node_modules\zone.js\bundles\zone.umd.js:416:32)
    at ProxyZoneSpec.Object.<anonymous>.ProxyZoneSpec.onInvoke (C:\Angular project-2\codebook\node_modules\zone.js\bundles\zone-testing.umd.js:2177:43)
    at _ZoneDelegate.invoke (C:\Angular project-2\codebook\node_modules\zone.js\bundles\zone.umd.js:415:38)
    at ZoneImpl.run (C:\Angular project-2\codebook\node_modules\zone.js\bundles\zone.umd.js:147:47)
    at Object.wrappedFunc (C:\Angular project-2\codebook\node_modules\zone.js\bundles\zone-testing.umd.js:450:38)
    at Promise.then.completed (C:\Angular project-2\codebook\node_modules\jest-circus\build\utils.js:298:28)
    at new Promise (<anonymous>)
    at callAsyncCircusFn (C:\Angular project-2\codebook\node_modules\jest-circus\build\utils.js:231:10)
    at _callCircusTest (C:\Angular project-2\codebook\node_modules\jest-circus\build\run.js:316:40)
    at processTicksAndRejections (node:internal/process/task_queues:105:5)
    at _runTest (C:\Angular project-2\codebook\node_modules\jest-circus\build\run.js:252:3)
    at _runTestsForDescribeBlock (C:\Angular project-2\codebook\node_modules\jest-circus\build\run.js:126:9)
    at _runTestsForDescribeBlock (C:\Angular project-2\codebook\node_modules\jest-circus\build\run.js:121:9)
    at run (C:\Angular project-2\codebook\node_modules\jest-circus\build\run.js:71:3)
    at runAndTransformResultsToJestFormat (C:\Angular project-2\codebook\node_modules\jest-circus\build\legacy-code-todo-rewrite\jestAdapterInit.js:122:21)]]></failure>
    </testCase>
    <testCase name="CustomSidenav2Component should handle menu item without route" duration="134">
      <failure message="TypeError: Cannot read properties of null (reading &apos;attributes&apos;)"><![CDATA[TypeError: Cannot read properties of null (reading 'attributes')
    at C:\Angular project-2\codebook\src\app\custom-sidenav-2\custom-sidenav-2.component.spec.ts:257:21
    at _ZoneDelegate.invoke (C:\Angular project-2\codebook\node_modules\zone.js\bundles\zone.umd.js:416:32)
    at ProxyZoneSpec.Object.<anonymous>.ProxyZoneSpec.onInvoke (C:\Angular project-2\codebook\node_modules\zone.js\bundles\zone-testing.umd.js:2177:43)
    at _ZoneDelegate.invoke (C:\Angular project-2\codebook\node_modules\zone.js\bundles\zone.umd.js:415:38)
    at ZoneImpl.run (C:\Angular project-2\codebook\node_modules\zone.js\bundles\zone.umd.js:147:47)
    at Object.wrappedFunc (C:\Angular project-2\codebook\node_modules\zone.js\bundles\zone-testing.umd.js:450:38)
    at Promise.then.completed (C:\Angular project-2\codebook\node_modules\jest-circus\build\utils.js:298:28)
    at new Promise (<anonymous>)
    at callAsyncCircusFn (C:\Angular project-2\codebook\node_modules\jest-circus\build\utils.js:231:10)
    at _callCircusTest (C:\Angular project-2\codebook\node_modules\jest-circus\build\run.js:316:40)
    at processTicksAndRejections (node:internal/process/task_queues:105:5)
    at _runTest (C:\Angular project-2\codebook\node_modules\jest-circus\build\run.js:252:3)
    at _runTestsForDescribeBlock (C:\Angular project-2\codebook\node_modules\jest-circus\build\run.js:126:9)
    at _runTestsForDescribeBlock (C:\Angular project-2\codebook\node_modules\jest-circus\build\run.js:121:9)
    at run (C:\Angular project-2\codebook\node_modules\jest-circus\build\run.js:71:3)
    at runAndTransformResultsToJestFormat (C:\Angular project-2\codebook\node_modules\jest-circus\build\legacy-code-todo-rewrite\jestAdapterInit.js:122:21)]]></failure>
    </testCase>
    <testCase name="CustomSidenav2Component should stop propagation on expand/collapse icon click" duration="174">
      <failure message="TypeError: Cannot read properties of null (reading &apos;triggerEventHandler&apos;)"><![CDATA[TypeError: Cannot read properties of null (reading 'triggerEventHandler')
    at C:\Angular project-2\codebook\src\app\custom-sidenav-2\custom-sidenav-2.component.spec.ts:263:20
    at _ZoneDelegate.invoke (C:\Angular project-2\codebook\node_modules\zone.js\bundles\zone.umd.js:416:32)
    at ProxyZoneSpec.Object.<anonymous>.ProxyZoneSpec.onInvoke (C:\Angular project-2\codebook\node_modules\zone.js\bundles\zone-testing.umd.js:2177:43)
    at _ZoneDelegate.invoke (C:\Angular project-2\codebook\node_modules\zone.js\bundles\zone.umd.js:415:38)
    at ZoneImpl.run (C:\Angular project-2\codebook\node_modules\zone.js\bundles\zone.umd.js:147:47)
    at Object.wrappedFunc (C:\Angular project-2\codebook\node_modules\zone.js\bundles\zone-testing.umd.js:450:38)
    at Promise.then.completed (C:\Angular project-2\codebook\node_modules\jest-circus\build\utils.js:298:28)
    at new Promise (<anonymous>)
    at callAsyncCircusFn (C:\Angular project-2\codebook\node_modules\jest-circus\build\utils.js:231:10)
    at _callCircusTest (C:\Angular project-2\codebook\node_modules\jest-circus\build\run.js:316:40)
    at processTicksAndRejections (node:internal/process/task_queues:105:5)
    at _runTest (C:\Angular project-2\codebook\node_modules\jest-circus\build\run.js:252:3)
    at _runTestsForDescribeBlock (C:\Angular project-2\codebook\node_modules\jest-circus\build\run.js:126:9)
    at _runTestsForDescribeBlock (C:\Angular project-2\codebook\node_modules\jest-circus\build\run.js:121:9)
    at run (C:\Angular project-2\codebook\node_modules\jest-circus\build\run.js:71:3)
    at runAndTransformResultsToJestFormat (C:\Angular project-2\codebook\node_modules\jest-circus\build\legacy-code-todo-rewrite\jestAdapterInit.js:122:21)]]></failure>
    </testCase>
  </file>
  <file path="C:\Angular project-2\codebook\src\app\app.config.spec.ts">
    <testCase name="AppConfig HttpLoaderFactory should return a TranslateHttpLoader instance" duration="4"/>
    <testCase name="AppConfig appConfig should define providers with correct configurations" duration="4">
      <failure message="Error: expect(received).toBeDefined()"><![CDATA[Error: expect(received).toBeDefined()

Received: undefined
    at C:\Angular project-2\codebook\src\app\app.config.spec.ts:46:26
    at _ZoneDelegate.invoke (C:\Angular project-2\codebook\node_modules\zone.js\bundles\zone.umd.js:416:32)
    at ProxyZoneSpec.Object.<anonymous>.ProxyZoneSpec.onInvoke (C:\Angular project-2\codebook\node_modules\zone.js\bundles\zone-testing.umd.js:2177:43)
    at _ZoneDelegate.invoke (C:\Angular project-2\codebook\node_modules\zone.js\bundles\zone.umd.js:415:38)
    at ZoneImpl.run (C:\Angular project-2\codebook\node_modules\zone.js\bundles\zone.umd.js:147:47)
    at Object.wrappedFunc (C:\Angular project-2\codebook\node_modules\zone.js\bundles\zone-testing.umd.js:450:38)
    at Promise.then.completed (C:\Angular project-2\codebook\node_modules\jest-circus\build\utils.js:298:28)
    at new Promise (<anonymous>)
    at callAsyncCircusFn (C:\Angular project-2\codebook\node_modules\jest-circus\build\utils.js:231:10)
    at _callCircusTest (C:\Angular project-2\codebook\node_modules\jest-circus\build\run.js:316:40)
    at processTicksAndRejections (node:internal/process/task_queues:105:5)
    at _runTest (C:\Angular project-2\codebook\node_modules\jest-circus\build\run.js:252:3)
    at _runTestsForDescribeBlock (C:\Angular project-2\codebook\node_modules\jest-circus\build\run.js:126:9)
    at _runTestsForDescribeBlock (C:\Angular project-2\codebook\node_modules\jest-circus\build\run.js:121:9)
    at _runTestsForDescribeBlock (C:\Angular project-2\codebook\node_modules\jest-circus\build\run.js:121:9)
    at run (C:\Angular project-2\codebook\node_modules\jest-circus\build\run.js:71:3)
    at runAndTransformResultsToJestFormat (C:\Angular project-2\codebook\node_modules\jest-circus\build\legacy-code-todo-rewrite\jestAdapterInit.js:122:21)]]></failure>
    </testCase>
  </file>
  <file path="C:\Angular project-2\codebook\src\app\pages\users\add-user\add-user.component.spec.ts">
    <testCase name="AddUserComponent should create the component" duration="426"/>
    <testCase name="AddUserComponent should initialize form and set title to &quot;Add User&quot; when userId is 0" duration="179">
      <failure message="Error: Cannot override provider when the test module has already been instantiated. Make sure you are not using `inject` before `overrideProvider`."><![CDATA[Error: Cannot override provider when the test module has already been instantiated. Make sure you are not using `inject` before `overrideProvider`.
    at _TestBedImpl.assertNotInstantiated (C:\Angular project-2\codebook\node_modules\@angular\core\fesm2022\testing.mjs:2084:19)
    at _TestBedImpl.overrideProvider (C:\Angular project-2\codebook\node_modules\@angular\core\fesm2022\testing.mjs:2032:14)
    at Function.overrideProvider (C:\Angular project-2\codebook\node_modules\@angular\core\fesm2022\testing.mjs:1826:37)
    at C:\Angular project-2\codebook\src\app\pages\users\add-user\add-user.component.spec.ts:84:13
    at _ZoneDelegate.invoke (C:\Angular project-2\codebook\node_modules\zone.js\bundles\zone.umd.js:416:32)
    at ProxyZoneSpec.Object.<anonymous>.ProxyZoneSpec.onInvoke (C:\Angular project-2\codebook\node_modules\zone.js\bundles\zone-testing.umd.js:2177:43)
    at _ZoneDelegate.invoke (C:\Angular project-2\codebook\node_modules\zone.js\bundles\zone.umd.js:415:38)
    at ZoneImpl.run (C:\Angular project-2\codebook\node_modules\zone.js\bundles\zone.umd.js:147:47)
    at Object.wrappedFunc (C:\Angular project-2\codebook\node_modules\zone.js\bundles\zone-testing.umd.js:450:38)
    at Promise.then.completed (C:\Angular project-2\codebook\node_modules\jest-circus\build\utils.js:298:28)
    at new Promise (<anonymous>)
    at callAsyncCircusFn (C:\Angular project-2\codebook\node_modules\jest-circus\build\utils.js:231:10)
    at _callCircusTest (C:\Angular project-2\codebook\node_modules\jest-circus\build\run.js:316:40)
    at processTicksAndRejections (node:internal/process/task_queues:105:5)
    at _runTest (C:\Angular project-2\codebook\node_modules\jest-circus\build\run.js:252:3)
    at _runTestsForDescribeBlock (C:\Angular project-2\codebook\node_modules\jest-circus\build\run.js:126:9)
    at _runTestsForDescribeBlock (C:\Angular project-2\codebook\node_modules\jest-circus\build\run.js:121:9)
    at run (C:\Angular project-2\codebook\node_modules\jest-circus\build\run.js:71:3)
    at runAndTransformResultsToJestFormat (C:\Angular project-2\codebook\node_modules\jest-circus\build\legacy-code-todo-rewrite\jestAdapterInit.js:122:21)]]></failure>
    </testCase>
    <testCase name="AddUserComponent should initialize form and set title to &quot;Add User&quot; when data is undefined" duration="170">
      <failure message="Error: Cannot override provider when the test module has already been instantiated. Make sure you are not using `inject` before `overrideProvider`."><![CDATA[Error: Cannot override provider when the test module has already been instantiated. Make sure you are not using `inject` before `overrideProvider`.
    at _TestBedImpl.assertNotInstantiated (C:\Angular project-2\codebook\node_modules\@angular\core\fesm2022\testing.mjs:2084:19)
    at _TestBedImpl.overrideProvider (C:\Angular project-2\codebook\node_modules\@angular\core\fesm2022\testing.mjs:2032:14)
    at Function.overrideProvider (C:\Angular project-2\codebook\node_modules\@angular\core\fesm2022\testing.mjs:1826:37)
    at C:\Angular project-2\codebook\src\app\pages\users\add-user\add-user.component.spec.ts:96:13
    at _ZoneDelegate.invoke (C:\Angular project-2\codebook\node_modules\zone.js\bundles\zone.umd.js:416:32)
    at ProxyZoneSpec.Object.<anonymous>.ProxyZoneSpec.onInvoke (C:\Angular project-2\codebook\node_modules\zone.js\bundles\zone-testing.umd.js:2177:43)
    at _ZoneDelegate.invoke (C:\Angular project-2\codebook\node_modules\zone.js\bundles\zone.umd.js:415:38)
    at ZoneImpl.run (C:\Angular project-2\codebook\node_modules\zone.js\bundles\zone.umd.js:147:47)
    at Object.wrappedFunc (C:\Angular project-2\codebook\node_modules\zone.js\bundles\zone-testing.umd.js:450:38)
    at Promise.then.completed (C:\Angular project-2\codebook\node_modules\jest-circus\build\utils.js:298:28)
    at new Promise (<anonymous>)
    at callAsyncCircusFn (C:\Angular project-2\codebook\node_modules\jest-circus\build\utils.js:231:10)
    at _callCircusTest (C:\Angular project-2\codebook\node_modules\jest-circus\build\run.js:316:40)
    at processTicksAndRejections (node:internal/process/task_queues:105:5)
    at _runTest (C:\Angular project-2\codebook\node_modules\jest-circus\build\run.js:252:3)
    at _runTestsForDescribeBlock (C:\Angular project-2\codebook\node_modules\jest-circus\build\run.js:126:9)
    at _runTestsForDescribeBlock (C:\Angular project-2\codebook\node_modules\jest-circus\build\run.js:121:9)
    at run (C:\Angular project-2\codebook\node_modules\jest-circus\build\run.js:71:3)
    at runAndTransformResultsToJestFormat (C:\Angular project-2\codebook\node_modules\jest-circus\build\legacy-code-todo-rewrite\jestAdapterInit.js:122:21)]]></failure>
    </testCase>
    <testCase name="AddUserComponent should initialize form and set title to &quot;Add User&quot; when userId is undefined" duration="83">
      <failure message="Error: Cannot override provider when the test module has already been instantiated. Make sure you are not using `inject` before `overrideProvider`."><![CDATA[Error: Cannot override provider when the test module has already been instantiated. Make sure you are not using `inject` before `overrideProvider`.
    at _TestBedImpl.assertNotInstantiated (C:\Angular project-2\codebook\node_modules\@angular\core\fesm2022\testing.mjs:2084:19)
    at _TestBedImpl.overrideProvider (C:\Angular project-2\codebook\node_modules\@angular\core\fesm2022\testing.mjs:2032:14)
    at Function.overrideProvider (C:\Angular project-2\codebook\node_modules\@angular\core\fesm2022\testing.mjs:1826:37)
    at C:\Angular project-2\codebook\src\app\pages\users\add-user\add-user.component.spec.ts:111:13
    at _ZoneDelegate.invoke (C:\Angular project-2\codebook\node_modules\zone.js\bundles\zone.umd.js:416:32)
    at ProxyZoneSpec.Object.<anonymous>.ProxyZoneSpec.onInvoke (C:\Angular project-2\codebook\node_modules\zone.js\bundles\zone-testing.umd.js:2177:43)
    at _ZoneDelegate.invoke (C:\Angular project-2\codebook\node_modules\zone.js\bundles\zone.umd.js:415:38)
    at ZoneImpl.run (C:\Angular project-2\codebook\node_modules\zone.js\bundles\zone.umd.js:147:47)
    at Object.wrappedFunc (C:\Angular project-2\codebook\node_modules\zone.js\bundles\zone-testing.umd.js:450:38)
    at Promise.then.completed (C:\Angular project-2\codebook\node_modules\jest-circus\build\utils.js:298:28)
    at new Promise (<anonymous>)
    at callAsyncCircusFn (C:\Angular project-2\codebook\node_modules\jest-circus\build\utils.js:231:10)
    at _callCircusTest (C:\Angular project-2\codebook\node_modules\jest-circus\build\run.js:316:40)
    at processTicksAndRejections (node:internal/process/task_queues:105:5)
    at _runTest (C:\Angular project-2\codebook\node_modules\jest-circus\build\run.js:252:3)
    at _runTestsForDescribeBlock (C:\Angular project-2\codebook\node_modules\jest-circus\build\run.js:126:9)
    at _runTestsForDescribeBlock (C:\Angular project-2\codebook\node_modules\jest-circus\build\run.js:121:9)
    at run (C:\Angular project-2\codebook\node_modules\jest-circus\build\run.js:71:3)
    at runAndTransformResultsToJestFormat (C:\Angular project-2\codebook\node_modules\jest-circus\build\legacy-code-todo-rewrite\jestAdapterInit.js:122:21)]]></failure>
    </testCase>
    <testCase name="AddUserComponent should set edit mode and populate form when userId is provided and user exists" duration="61">
      <failure message="Error: Cannot override provider when the test module has already been instantiated. Make sure you are not using `inject` before `overrideProvider`."><![CDATA[Error: Cannot override provider when the test module has already been instantiated. Make sure you are not using `inject` before `overrideProvider`.
    at _TestBedImpl.assertNotInstantiated (C:\Angular project-2\codebook\node_modules\@angular\core\fesm2022\testing.mjs:2084:19)
    at _TestBedImpl.overrideProvider (C:\Angular project-2\codebook\node_modules\@angular\core\fesm2022\testing.mjs:2032:14)
    at Function.overrideProvider (C:\Angular project-2\codebook\node_modules\@angular\core\fesm2022\testing.mjs:1826:37)
    at C:\Angular project-2\codebook\src\app\pages\users\add-user\add-user.component.spec.ts:128:13
    at _ZoneDelegate.invoke (C:\Angular project-2\codebook\node_modules\zone.js\bundles\zone.umd.js:416:32)
    at ProxyZoneSpec.Object.<anonymous>.ProxyZoneSpec.onInvoke (C:\Angular project-2\codebook\node_modules\zone.js\bundles\zone-testing.umd.js:2177:43)
    at _ZoneDelegate.invoke (C:\Angular project-2\codebook\node_modules\zone.js\bundles\zone.umd.js:415:38)
    at ZoneImpl.run (C:\Angular project-2\codebook\node_modules\zone.js\bundles\zone.umd.js:147:47)
    at Object.wrappedFunc (C:\Angular project-2\codebook\node_modules\zone.js\bundles\zone-testing.umd.js:450:38)
    at Promise.then.completed (C:\Angular project-2\codebook\node_modules\jest-circus\build\utils.js:298:28)
    at new Promise (<anonymous>)
    at callAsyncCircusFn (C:\Angular project-2\codebook\node_modules\jest-circus\build\utils.js:231:10)
    at _callCircusTest (C:\Angular project-2\codebook\node_modules\jest-circus\build\run.js:316:40)
    at processTicksAndRejections (node:internal/process/task_queues:105:5)
    at _runTest (C:\Angular project-2\codebook\node_modules\jest-circus\build\run.js:252:3)
    at _runTestsForDescribeBlock (C:\Angular project-2\codebook\node_modules\jest-circus\build\run.js:126:9)
    at _runTestsForDescribeBlock (C:\Angular project-2\codebook\node_modules\jest-circus\build\run.js:121:9)
    at run (C:\Angular project-2\codebook\node_modules\jest-circus\build\run.js:71:3)
    at runAndTransformResultsToJestFormat (C:\Angular project-2\codebook\node_modules\jest-circus\build\legacy-code-todo-rewrite\jestAdapterInit.js:122:21)]]></failure>
    </testCase>
    <testCase name="AddUserComponent should show error and close dialog when userId is provided but user is not found" duration="74">
      <failure message="Error: Cannot override provider when the test module has already been instantiated. Make sure you are not using `inject` before `overrideProvider`."><![CDATA[Error: Cannot override provider when the test module has already been instantiated. Make sure you are not using `inject` before `overrideProvider`.
    at _TestBedImpl.assertNotInstantiated (C:\Angular project-2\codebook\node_modules\@angular\core\fesm2022\testing.mjs:2084:19)
    at _TestBedImpl.overrideProvider (C:\Angular project-2\codebook\node_modules\@angular\core\fesm2022\testing.mjs:2032:14)
    at Function.overrideProvider (C:\Angular project-2\codebook\node_modules\@angular\core\fesm2022\testing.mjs:1826:37)
    at C:\Angular project-2\codebook\src\app\pages\users\add-user\add-user.component.spec.ts:146:13
    at _ZoneDelegate.invoke (C:\Angular project-2\codebook\node_modules\zone.js\bundles\zone.umd.js:416:32)
    at ProxyZoneSpec.Object.<anonymous>.ProxyZoneSpec.onInvoke (C:\Angular project-2\codebook\node_modules\zone.js\bundles\zone-testing.umd.js:2177:43)
    at _ZoneDelegate.invoke (C:\Angular project-2\codebook\node_modules\zone.js\bundles\zone.umd.js:415:38)
    at ZoneImpl.run (C:\Angular project-2\codebook\node_modules\zone.js\bundles\zone.umd.js:147:47)
    at Object.wrappedFunc (C:\Angular project-2\codebook\node_modules\zone.js\bundles\zone-testing.umd.js:450:38)
    at Promise.then.completed (C:\Angular project-2\codebook\node_modules\jest-circus\build\utils.js:298:28)
    at new Promise (<anonymous>)
    at callAsyncCircusFn (C:\Angular project-2\codebook\node_modules\jest-circus\build\utils.js:231:10)
    at _callCircusTest (C:\Angular project-2\codebook\node_modules\jest-circus\build\run.js:316:40)
    at processTicksAndRejections (node:internal/process/task_queues:105:5)
    at _runTest (C:\Angular project-2\codebook\node_modules\jest-circus\build\run.js:252:3)
    at _runTestsForDescribeBlock (C:\Angular project-2\codebook\node_modules\jest-circus\build\run.js:126:9)
    at _runTestsForDescribeBlock (C:\Angular project-2\codebook\node_modules\jest-circus\build\run.js:121:9)
    at run (C:\Angular project-2\codebook\node_modules\jest-circus\build\run.js:71:3)
    at runAndTransformResultsToJestFormat (C:\Angular project-2\codebook\node_modules\jest-circus\build\legacy-code-todo-rewrite\jestAdapterInit.js:122:21)]]></failure>
    </testCase>
    <testCase name="AddUserComponent should show error when form is invalid in saveUser" duration="66"/>
    <testCase name="AddUserComponent should add user and show success toast when form is valid in add mode" duration="68"/>
    <testCase name="AddUserComponent should update user and show success toast when form is valid in edit mode" duration="69"/>
    <testCase name="AddUserComponent should show error toast when addUser throws an error" duration="59">
      <failure message="Error: expect(jest.fn()).toHaveBeenCalled()"><![CDATA[Error: expect(jest.fn()).toHaveBeenCalled()

Expected number of calls: >= 1
Received number of calls:    0
    at C:\Angular project-2\codebook\src\app\pages\users\add-user\add-user.component.spec.ts:227:33
    at _ZoneDelegate.invoke (C:\Angular project-2\codebook\node_modules\zone.js\bundles\zone.umd.js:416:32)
    at ProxyZoneSpec.Object.<anonymous>.ProxyZoneSpec.onInvoke (C:\Angular project-2\codebook\node_modules\zone.js\bundles\zone-testing.umd.js:2177:43)
    at _ZoneDelegate.invoke (C:\Angular project-2\codebook\node_modules\zone.js\bundles\zone.umd.js:415:38)
    at ZoneImpl.run (C:\Angular project-2\codebook\node_modules\zone.js\bundles\zone.umd.js:147:47)
    at Object.wrappedFunc (C:\Angular project-2\codebook\node_modules\zone.js\bundles\zone-testing.umd.js:450:38)
    at Promise.then.completed (C:\Angular project-2\codebook\node_modules\jest-circus\build\utils.js:298:28)
    at new Promise (<anonymous>)
    at callAsyncCircusFn (C:\Angular project-2\codebook\node_modules\jest-circus\build\utils.js:231:10)
    at _callCircusTest (C:\Angular project-2\codebook\node_modules\jest-circus\build\run.js:316:40)
    at processTicksAndRejections (node:internal/process/task_queues:105:5)
    at _runTest (C:\Angular project-2\codebook\node_modules\jest-circus\build\run.js:252:3)
    at _runTestsForDescribeBlock (C:\Angular project-2\codebook\node_modules\jest-circus\build\run.js:126:9)
    at _runTestsForDescribeBlock (C:\Angular project-2\codebook\node_modules\jest-circus\build\run.js:121:9)
    at run (C:\Angular project-2\codebook\node_modules\jest-circus\build\run.js:71:3)
    at runAndTransformResultsToJestFormat (C:\Angular project-2\codebook\node_modules\jest-circus\build\legacy-code-todo-rewrite\jestAdapterInit.js:122:21)]]></failure>
    </testCase>
    <testCase name="AddUserComponent should show error toast when updateUser throws an error" duration="51">
      <failure message="Error: expect(jest.fn()).toHaveBeenCalled()"><![CDATA[Error: expect(jest.fn()).toHaveBeenCalled()

Expected number of calls: >= 1
Received number of calls:    0
    at C:\Angular project-2\codebook\src\app\pages\users\add-user\add-user.component.spec.ts:244:33
    at _ZoneDelegate.invoke (C:\Angular project-2\codebook\node_modules\zone.js\bundles\zone.umd.js:416:32)
    at ProxyZoneSpec.Object.<anonymous>.ProxyZoneSpec.onInvoke (C:\Angular project-2\codebook\node_modules\zone.js\bundles\zone-testing.umd.js:2177:43)
    at _ZoneDelegate.invoke (C:\Angular project-2\codebook\node_modules\zone.js\bundles\zone.umd.js:415:38)
    at ZoneImpl.run (C:\Angular project-2\codebook\node_modules\zone.js\bundles\zone.umd.js:147:47)
    at Object.wrappedFunc (C:\Angular project-2\codebook\node_modules\zone.js\bundles\zone-testing.umd.js:450:38)
    at Promise.then.completed (C:\Angular project-2\codebook\node_modules\jest-circus\build\utils.js:298:28)
    at new Promise (<anonymous>)
    at callAsyncCircusFn (C:\Angular project-2\codebook\node_modules\jest-circus\build\utils.js:231:10)
    at _callCircusTest (C:\Angular project-2\codebook\node_modules\jest-circus\build\run.js:316:40)
    at processTicksAndRejections (node:internal/process/task_queues:105:5)
    at _runTest (C:\Angular project-2\codebook\node_modules\jest-circus\build\run.js:252:3)
    at _runTestsForDescribeBlock (C:\Angular project-2\codebook\node_modules\jest-circus\build\run.js:126:9)
    at _runTestsForDescribeBlock (C:\Angular project-2\codebook\node_modules\jest-circus\build\run.js:121:9)
    at run (C:\Angular project-2\codebook\node_modules\jest-circus\build\run.js:71:3)
    at runAndTransformResultsToJestFormat (C:\Angular project-2\codebook\node_modules\jest-circus\build\legacy-code-todo-rewrite\jestAdapterInit.js:122:21)]]></failure>
    </testCase>
    <testCase name="AddUserComponent should close dialog when closePopup is called" duration="59"/>
    <testCase name="AddUserComponent should trigger saveUser on form submission" duration="84">
      <failure message="TypeError: this.translate.get is not a function"><![CDATA[TypeError: this.translate.get is not a function
    at _TranslatePipe.updateValue (C:\Angular project-2\codebook\node_modules\@ngx-translate\core\fesm2022\ngx-translate-core.mjs:931:24)
    at _TranslatePipe.transform (C:\Angular project-2\codebook\node_modules\@ngx-translate\core\fesm2022\ngx-translate-core.mjs:967:14)
    at ɵɵpipeBind1 (C:\Angular project-2\codebook\node_modules\@angular\core\fesm2022\core.mjs:33042:24)
    at AddUserComponent_Template (ng:///AddUserComponent.js:90:34)
    at executeTemplate (C:\Angular project-2\codebook\node_modules\@angular\core\fesm2022\core.mjs:12338:9)
    at refreshView (C:\Angular project-2\codebook\node_modules\@angular\core\fesm2022\core.mjs:14023:13)
    at detectChangesInView (C:\Angular project-2\codebook\node_modules\@angular\core\fesm2022\core.mjs:14243:9)
    at detectChangesInViewIfAttached (C:\Angular project-2\codebook\node_modules\@angular\core\fesm2022\core.mjs:14203:5)
    at detectChangesInComponent (C:\Angular project-2\codebook\node_modules\@angular\core\fesm2022\core.mjs:14191:5)
    at detectChangesInChildComponents (C:\Angular project-2\codebook\node_modules\@angular\core\fesm2022\core.mjs:14262:9)
    at refreshView (C:\Angular project-2\codebook\node_modules\@angular\core\fesm2022\core.mjs:14078:13)
    at detectChangesInView (C:\Angular project-2\codebook\node_modules\@angular\core\fesm2022\core.mjs:14243:9)
    at detectChangesInViewWhileDirty (C:\Angular project-2\codebook\node_modules\@angular\core\fesm2022\core.mjs:13935:9)
    at detectChangesInternal (C:\Angular project-2\codebook\node_modules\@angular\core\fesm2022\core.mjs:13917:9)
    at ViewRef.detectChanges (C:\Angular project-2\codebook\node_modules\@angular\core\fesm2022\core.mjs:14774:9)
    at C:\Angular project-2\codebook\node_modules\@angular\core\fesm2022\testing.mjs:292:44
    at _ZoneDelegate.invoke (C:\Angular project-2\codebook\node_modules\zone.js\bundles\zone.umd.js:416:32)
    at ProxyZoneSpec.Object.<anonymous>.ProxyZoneSpec.onInvoke (C:\Angular project-2\codebook\node_modules\zone.js\bundles\zone-testing.umd.js:2177:43)
    at _ZoneDelegate.invoke (C:\Angular project-2\codebook\node_modules\zone.js\bundles\zone.umd.js:415:38)
    at Object.onInvoke (C:\Angular project-2\codebook\node_modules\@angular\core\fesm2022\core.mjs:6528:33)
    at _ZoneDelegate.invoke (C:\Angular project-2\codebook\node_modules\zone.js\bundles\zone.umd.js:415:38)
    at ZoneImpl.run (C:\Angular project-2\codebook\node_modules\zone.js\bundles\zone.umd.js:147:47)
    at NgZone.run (C:\Angular project-2\codebook\node_modules\@angular\core\fesm2022\core.mjs:6374:28)
    at ComponentFixture.detectChanges (C:\Angular project-2\codebook\node_modules\@angular\core\fesm2022\testing.mjs:289:30)
    at C:\Angular project-2\codebook\src\app\pages\users\add-user\add-user.component.spec.ts:262:13
    at _ZoneDelegate.invoke (C:\Angular project-2\codebook\node_modules\zone.js\bundles\zone.umd.js:416:32)
    at ProxyZoneSpec.Object.<anonymous>.ProxyZoneSpec.onInvoke (C:\Angular project-2\codebook\node_modules\zone.js\bundles\zone-testing.umd.js:2177:43)
    at _ZoneDelegate.invoke (C:\Angular project-2\codebook\node_modules\zone.js\bundles\zone.umd.js:415:38)
    at ZoneImpl.run (C:\Angular project-2\codebook\node_modules\zone.js\bundles\zone.umd.js:147:47)
    at Object.wrappedFunc (C:\Angular project-2\codebook\node_modules\zone.js\bundles\zone-testing.umd.js:450:38)
    at Promise.then.completed (C:\Angular project-2\codebook\node_modules\jest-circus\build\utils.js:298:28)
    at new Promise (<anonymous>)
    at callAsyncCircusFn (C:\Angular project-2\codebook\node_modules\jest-circus\build\utils.js:231:10)
    at _callCircusTest (C:\Angular project-2\codebook\node_modules\jest-circus\build\run.js:316:40)
    at processTicksAndRejections (node:internal/process/task_queues:105:5)
    at _runTest (C:\Angular project-2\codebook\node_modules\jest-circus\build\run.js:252:3)
    at _runTestsForDescribeBlock (C:\Angular project-2\codebook\node_modules\jest-circus\build\run.js:126:9)
    at _runTestsForDescribeBlock (C:\Angular project-2\codebook\node_modules\jest-circus\build\run.js:121:9)
    at run (C:\Angular project-2\codebook\node_modules\jest-circus\build\run.js:71:3)
    at runAndTransformResultsToJestFormat (C:\Angular project-2\codebook\node_modules\jest-circus\build\legacy-code-todo-rewrite\jestAdapterInit.js:122:21)]]></failure>
    </testCase>
    <testCase name="AddUserComponent should trigger closePopup on close button click" duration="100">
      <failure message="TypeError: this.translate.get is not a function"><![CDATA[TypeError: this.translate.get is not a function
    at _TranslatePipe.updateValue (C:\Angular project-2\codebook\node_modules\@ngx-translate\core\fesm2022\ngx-translate-core.mjs:931:24)
    at _TranslatePipe.transform (C:\Angular project-2\codebook\node_modules\@ngx-translate\core\fesm2022\ngx-translate-core.mjs:967:14)
    at ɵɵpipeBind1 (C:\Angular project-2\codebook\node_modules\@angular\core\fesm2022\core.mjs:33042:24)
    at AddUserComponent_Template (ng:///AddUserComponent.js:90:34)
    at executeTemplate (C:\Angular project-2\codebook\node_modules\@angular\core\fesm2022\core.mjs:12338:9)
    at refreshView (C:\Angular project-2\codebook\node_modules\@angular\core\fesm2022\core.mjs:14023:13)
    at detectChangesInView (C:\Angular project-2\codebook\node_modules\@angular\core\fesm2022\core.mjs:14243:9)
    at detectChangesInViewIfAttached (C:\Angular project-2\codebook\node_modules\@angular\core\fesm2022\core.mjs:14203:5)
    at detectChangesInComponent (C:\Angular project-2\codebook\node_modules\@angular\core\fesm2022\core.mjs:14191:5)
    at detectChangesInChildComponents (C:\Angular project-2\codebook\node_modules\@angular\core\fesm2022\core.mjs:14262:9)
    at refreshView (C:\Angular project-2\codebook\node_modules\@angular\core\fesm2022\core.mjs:14078:13)
    at detectChangesInView (C:\Angular project-2\codebook\node_modules\@angular\core\fesm2022\core.mjs:14243:9)
    at detectChangesInViewWhileDirty (C:\Angular project-2\codebook\node_modules\@angular\core\fesm2022\core.mjs:13935:9)
    at detectChangesInternal (C:\Angular project-2\codebook\node_modules\@angular\core\fesm2022\core.mjs:13917:9)
    at ViewRef.detectChanges (C:\Angular project-2\codebook\node_modules\@angular\core\fesm2022\core.mjs:14774:9)
    at C:\Angular project-2\codebook\node_modules\@angular\core\fesm2022\testing.mjs:292:44
    at _ZoneDelegate.invoke (C:\Angular project-2\codebook\node_modules\zone.js\bundles\zone.umd.js:416:32)
    at ProxyZoneSpec.Object.<anonymous>.ProxyZoneSpec.onInvoke (C:\Angular project-2\codebook\node_modules\zone.js\bundles\zone-testing.umd.js:2177:43)
    at _ZoneDelegate.invoke (C:\Angular project-2\codebook\node_modules\zone.js\bundles\zone.umd.js:415:38)
    at Object.onInvoke (C:\Angular project-2\codebook\node_modules\@angular\core\fesm2022\core.mjs:6528:33)
    at _ZoneDelegate.invoke (C:\Angular project-2\codebook\node_modules\zone.js\bundles\zone.umd.js:415:38)
    at ZoneImpl.run (C:\Angular project-2\codebook\node_modules\zone.js\bundles\zone.umd.js:147:47)
    at NgZone.run (C:\Angular project-2\codebook\node_modules\@angular\core\fesm2022\core.mjs:6374:28)
    at ComponentFixture.detectChanges (C:\Angular project-2\codebook\node_modules\@angular\core\fesm2022\testing.mjs:289:30)
    at C:\Angular project-2\codebook\src\app\pages\users\add-user\add-user.component.spec.ts:272:13
    at _ZoneDelegate.invoke (C:\Angular project-2\codebook\node_modules\zone.js\bundles\zone.umd.js:416:32)
    at ProxyZoneSpec.Object.<anonymous>.ProxyZoneSpec.onInvoke (C:\Angular project-2\codebook\node_modules\zone.js\bundles\zone-testing.umd.js:2177:43)
    at _ZoneDelegate.invoke (C:\Angular project-2\codebook\node_modules\zone.js\bundles\zone.umd.js:415:38)
    at ZoneImpl.run (C:\Angular project-2\codebook\node_modules\zone.js\bundles\zone.umd.js:147:47)
    at Object.wrappedFunc (C:\Angular project-2\codebook\node_modules\zone.js\bundles\zone-testing.umd.js:450:38)
    at Promise.then.completed (C:\Angular project-2\codebook\node_modules\jest-circus\build\utils.js:298:28)
    at new Promise (<anonymous>)
    at callAsyncCircusFn (C:\Angular project-2\codebook\node_modules\jest-circus\build\utils.js:231:10)
    at _callCircusTest (C:\Angular project-2\codebook\node_modules\jest-circus\build\run.js:316:40)
    at processTicksAndRejections (node:internal/process/task_queues:105:5)
    at _runTest (C:\Angular project-2\codebook\node_modules\jest-circus\build\run.js:252:3)
    at _runTestsForDescribeBlock (C:\Angular project-2\codebook\node_modules\jest-circus\build\run.js:126:9)
    at _runTestsForDescribeBlock (C:\Angular project-2\codebook\node_modules\jest-circus\build\run.js:121:9)
    at run (C:\Angular project-2\codebook\node_modules\jest-circus\build\run.js:71:3)
    at runAndTransformResultsToJestFormat (C:\Angular project-2\codebook\node_modules\jest-circus\build\legacy-code-todo-rewrite\jestAdapterInit.js:122:21)]]></failure>
    </testCase>
    <testCase name="AddUserComponent should apply dark-theme class when darkModeService.isDarkMode returns true" duration="80">
      <failure message="TypeError: this.translate.get is not a function"><![CDATA[TypeError: this.translate.get is not a function
    at _TranslatePipe.updateValue (C:\Angular project-2\codebook\node_modules\@ngx-translate\core\fesm2022\ngx-translate-core.mjs:931:24)
    at _TranslatePipe.transform (C:\Angular project-2\codebook\node_modules\@ngx-translate\core\fesm2022\ngx-translate-core.mjs:967:14)
    at ɵɵpipeBind1 (C:\Angular project-2\codebook\node_modules\@angular\core\fesm2022\core.mjs:33042:24)
    at AddUserComponent_Template (ng:///AddUserComponent.js:90:34)
    at executeTemplate (C:\Angular project-2\codebook\node_modules\@angular\core\fesm2022\core.mjs:12338:9)
    at refreshView (C:\Angular project-2\codebook\node_modules\@angular\core\fesm2022\core.mjs:14023:13)
    at detectChangesInView (C:\Angular project-2\codebook\node_modules\@angular\core\fesm2022\core.mjs:14243:9)
    at detectChangesInViewIfAttached (C:\Angular project-2\codebook\node_modules\@angular\core\fesm2022\core.mjs:14203:5)
    at detectChangesInComponent (C:\Angular project-2\codebook\node_modules\@angular\core\fesm2022\core.mjs:14191:5)
    at detectChangesInChildComponents (C:\Angular project-2\codebook\node_modules\@angular\core\fesm2022\core.mjs:14262:9)
    at refreshView (C:\Angular project-2\codebook\node_modules\@angular\core\fesm2022\core.mjs:14078:13)
    at detectChangesInView (C:\Angular project-2\codebook\node_modules\@angular\core\fesm2022\core.mjs:14243:9)
    at detectChangesInViewWhileDirty (C:\Angular project-2\codebook\node_modules\@angular\core\fesm2022\core.mjs:13935:9)
    at detectChangesInternal (C:\Angular project-2\codebook\node_modules\@angular\core\fesm2022\core.mjs:13917:9)
    at ViewRef.detectChanges (C:\Angular project-2\codebook\node_modules\@angular\core\fesm2022\core.mjs:14774:9)
    at C:\Angular project-2\codebook\node_modules\@angular\core\fesm2022\testing.mjs:292:44
    at _ZoneDelegate.invoke (C:\Angular project-2\codebook\node_modules\zone.js\bundles\zone.umd.js:416:32)
    at ProxyZoneSpec.Object.<anonymous>.ProxyZoneSpec.onInvoke (C:\Angular project-2\codebook\node_modules\zone.js\bundles\zone-testing.umd.js:2177:43)
    at _ZoneDelegate.invoke (C:\Angular project-2\codebook\node_modules\zone.js\bundles\zone.umd.js:415:38)
    at Object.onInvoke (C:\Angular project-2\codebook\node_modules\@angular\core\fesm2022\core.mjs:6528:33)
    at _ZoneDelegate.invoke (C:\Angular project-2\codebook\node_modules\zone.js\bundles\zone.umd.js:415:38)
    at ZoneImpl.run (C:\Angular project-2\codebook\node_modules\zone.js\bundles\zone.umd.js:147:47)
    at NgZone.run (C:\Angular project-2\codebook\node_modules\@angular\core\fesm2022\core.mjs:6374:28)
    at ComponentFixture.detectChanges (C:\Angular project-2\codebook\node_modules\@angular\core\fesm2022\testing.mjs:289:30)
    at C:\Angular project-2\codebook\src\app\pages\users\add-user\add-user.component.spec.ts:282:13
    at _ZoneDelegate.invoke (C:\Angular project-2\codebook\node_modules\zone.js\bundles\zone.umd.js:416:32)
    at ProxyZoneSpec.Object.<anonymous>.ProxyZoneSpec.onInvoke (C:\Angular project-2\codebook\node_modules\zone.js\bundles\zone-testing.umd.js:2177:43)
    at _ZoneDelegate.invoke (C:\Angular project-2\codebook\node_modules\zone.js\bundles\zone.umd.js:415:38)
    at ZoneImpl.run (C:\Angular project-2\codebook\node_modules\zone.js\bundles\zone.umd.js:147:47)
    at Object.wrappedFunc (C:\Angular project-2\codebook\node_modules\zone.js\bundles\zone-testing.umd.js:450:38)
    at Promise.then.completed (C:\Angular project-2\codebook\node_modules\jest-circus\build\utils.js:298:28)
    at new Promise (<anonymous>)
    at callAsyncCircusFn (C:\Angular project-2\codebook\node_modules\jest-circus\build\utils.js:231:10)
    at _callCircusTest (C:\Angular project-2\codebook\node_modules\jest-circus\build\run.js:316:40)
    at processTicksAndRejections (node:internal/process/task_queues:105:5)
    at _runTest (C:\Angular project-2\codebook\node_modules\jest-circus\build\run.js:252:3)
    at _runTestsForDescribeBlock (C:\Angular project-2\codebook\node_modules\jest-circus\build\run.js:126:9)
    at _runTestsForDescribeBlock (C:\Angular project-2\codebook\node_modules\jest-circus\build\run.js:121:9)
    at run (C:\Angular project-2\codebook\node_modules\jest-circus\build\run.js:71:3)
    at runAndTransformResultsToJestFormat (C:\Angular project-2\codebook\node_modules\jest-circus\build\legacy-code-todo-rewrite\jestAdapterInit.js:122:21)]]></failure>
    </testCase>
    <testCase name="AddUserComponent should not apply dark-theme class when darkModeService.isDarkMode returns false" duration="85">
      <failure message="TypeError: this.translate.get is not a function"><![CDATA[TypeError: this.translate.get is not a function
    at _TranslatePipe.updateValue (C:\Angular project-2\codebook\node_modules\@ngx-translate\core\fesm2022\ngx-translate-core.mjs:931:24)
    at _TranslatePipe.transform (C:\Angular project-2\codebook\node_modules\@ngx-translate\core\fesm2022\ngx-translate-core.mjs:967:14)
    at ɵɵpipeBind1 (C:\Angular project-2\codebook\node_modules\@angular\core\fesm2022\core.mjs:33042:24)
    at AddUserComponent_Template (ng:///AddUserComponent.js:90:34)
    at executeTemplate (C:\Angular project-2\codebook\node_modules\@angular\core\fesm2022\core.mjs:12338:9)
    at refreshView (C:\Angular project-2\codebook\node_modules\@angular\core\fesm2022\core.mjs:14023:13)
    at detectChangesInView (C:\Angular project-2\codebook\node_modules\@angular\core\fesm2022\core.mjs:14243:9)
    at detectChangesInViewIfAttached (C:\Angular project-2\codebook\node_modules\@angular\core\fesm2022\core.mjs:14203:5)
    at detectChangesInComponent (C:\Angular project-2\codebook\node_modules\@angular\core\fesm2022\core.mjs:14191:5)
    at detectChangesInChildComponents (C:\Angular project-2\codebook\node_modules\@angular\core\fesm2022\core.mjs:14262:9)
    at refreshView (C:\Angular project-2\codebook\node_modules\@angular\core\fesm2022\core.mjs:14078:13)
    at detectChangesInView (C:\Angular project-2\codebook\node_modules\@angular\core\fesm2022\core.mjs:14243:9)
    at detectChangesInViewWhileDirty (C:\Angular project-2\codebook\node_modules\@angular\core\fesm2022\core.mjs:13935:9)
    at detectChangesInternal (C:\Angular project-2\codebook\node_modules\@angular\core\fesm2022\core.mjs:13917:9)
    at ViewRef.detectChanges (C:\Angular project-2\codebook\node_modules\@angular\core\fesm2022\core.mjs:14774:9)
    at C:\Angular project-2\codebook\node_modules\@angular\core\fesm2022\testing.mjs:292:44
    at _ZoneDelegate.invoke (C:\Angular project-2\codebook\node_modules\zone.js\bundles\zone.umd.js:416:32)
    at ProxyZoneSpec.Object.<anonymous>.ProxyZoneSpec.onInvoke (C:\Angular project-2\codebook\node_modules\zone.js\bundles\zone-testing.umd.js:2177:43)
    at _ZoneDelegate.invoke (C:\Angular project-2\codebook\node_modules\zone.js\bundles\zone.umd.js:415:38)
    at Object.onInvoke (C:\Angular project-2\codebook\node_modules\@angular\core\fesm2022\core.mjs:6528:33)
    at _ZoneDelegate.invoke (C:\Angular project-2\codebook\node_modules\zone.js\bundles\zone.umd.js:415:38)
    at ZoneImpl.run (C:\Angular project-2\codebook\node_modules\zone.js\bundles\zone.umd.js:147:47)
    at NgZone.run (C:\Angular project-2\codebook\node_modules\@angular\core\fesm2022\core.mjs:6374:28)
    at ComponentFixture.detectChanges (C:\Angular project-2\codebook\node_modules\@angular\core\fesm2022\testing.mjs:289:30)
    at C:\Angular project-2\codebook\src\app\pages\users\add-user\add-user.component.spec.ts:290:13
    at _ZoneDelegate.invoke (C:\Angular project-2\codebook\node_modules\zone.js\bundles\zone.umd.js:416:32)
    at ProxyZoneSpec.Object.<anonymous>.ProxyZoneSpec.onInvoke (C:\Angular project-2\codebook\node_modules\zone.js\bundles\zone-testing.umd.js:2177:43)
    at _ZoneDelegate.invoke (C:\Angular project-2\codebook\node_modules\zone.js\bundles\zone.umd.js:415:38)
    at ZoneImpl.run (C:\Angular project-2\codebook\node_modules\zone.js\bundles\zone.umd.js:147:47)
    at Object.wrappedFunc (C:\Angular project-2\codebook\node_modules\zone.js\bundles\zone-testing.umd.js:450:38)
    at Promise.then.completed (C:\Angular project-2\codebook\node_modules\jest-circus\build\utils.js:298:28)
    at new Promise (<anonymous>)
    at callAsyncCircusFn (C:\Angular project-2\codebook\node_modules\jest-circus\build\utils.js:231:10)
    at _callCircusTest (C:\Angular project-2\codebook\node_modules\jest-circus\build\run.js:316:40)
    at processTicksAndRejections (node:internal/process/task_queues:105:5)
    at _runTest (C:\Angular project-2\codebook\node_modules\jest-circus\build\run.js:252:3)
    at _runTestsForDescribeBlock (C:\Angular project-2\codebook\node_modules\jest-circus\build\run.js:126:9)
    at _runTestsForDescribeBlock (C:\Angular project-2\codebook\node_modules\jest-circus\build\run.js:121:9)
    at run (C:\Angular project-2\codebook\node_modules\jest-circus\build\run.js:71:3)
    at runAndTransformResultsToJestFormat (C:\Angular project-2\codebook\node_modules\jest-circus\build\legacy-code-todo-rewrite\jestAdapterInit.js:122:21)]]></failure>
    </testCase>
  </file>
  <file path="C:\Angular project-2\codebook\src\app\pages\subcategories\subcategories.component.spec.ts">
    <testCase name="SubcategoriesComponent should create the component" duration="957"/>
    <testCase name="SubcategoriesComponent should initialize in ngOnInit and set up subscriptions" duration="407">
      <failure message="Error: expect(received).toContain(expected) // indexOf"><![CDATA[Error: expect(received).toContain(expected) // indexOf

Expected value: "select"
Received array: []
    at C:\Angular project-2\codebook\src\app\pages\subcategories\subcategories.component.spec.ts:134:40
    at _ZoneDelegate.invoke (C:\Angular project-2\codebook\node_modules\zone.js\bundles\zone.umd.js:416:32)
    at ProxyZoneSpec.Object.<anonymous>.ProxyZoneSpec.onInvoke (C:\Angular project-2\codebook\node_modules\zone.js\bundles\zone-testing.umd.js:2177:43)
    at _ZoneDelegate.invoke (C:\Angular project-2\codebook\node_modules\zone.js\bundles\zone.umd.js:415:38)
    at ZoneImpl.run (C:\Angular project-2\codebook\node_modules\zone.js\bundles\zone.umd.js:147:47)
    at Object.wrappedFunc (C:\Angular project-2\codebook\node_modules\zone.js\bundles\zone-testing.umd.js:450:38)
    at Promise.then.completed (C:\Angular project-2\codebook\node_modules\jest-circus\build\utils.js:298:28)
    at new Promise (<anonymous>)
    at callAsyncCircusFn (C:\Angular project-2\codebook\node_modules\jest-circus\build\utils.js:231:10)
    at _callCircusTest (C:\Angular project-2\codebook\node_modules\jest-circus\build\run.js:316:40)
    at processTicksAndRejections (node:internal/process/task_queues:105:5)
    at _runTest (C:\Angular project-2\codebook\node_modules\jest-circus\build\run.js:252:3)
    at _runTestsForDescribeBlock (C:\Angular project-2\codebook\node_modules\jest-circus\build\run.js:126:9)
    at _runTestsForDescribeBlock (C:\Angular project-2\codebook\node_modules\jest-circus\build\run.js:121:9)
    at run (C:\Angular project-2\codebook\node_modules\jest-circus\build\run.js:71:3)
    at runAndTransformResultsToJestFormat (C:\Angular project-2\codebook\node_modules\jest-circus\build\legacy-code-todo-rewrite\jestAdapterInit.js:122:21)]]></failure>
    </testCase>
    <testCase name="SubcategoriesComponent should unsubscribe in ngOnDestroy" duration="366"/>
    <testCase name="SubcategoriesComponent should not unsubscribe in ngOnDestroy if subscription is undefined" duration="209"/>
    <testCase name="SubcategoriesComponent should update displayed columns for mobile" duration="295"/>
    <testCase name="SubcategoriesComponent should update displayed columns for tablet" duration="252"/>
    <testCase name="SubcategoriesComponent should update displayed columns for desktop" duration="332"/>
    <testCase name="SubcategoriesComponent should handle category change" duration="174"/>
    <testCase name="SubcategoriesComponent should handle null category change" duration="160"/>
    <testCase name="SubcategoriesComponent should refresh table" duration="361"/>
    <testCase name="SubcategoriesComponent should alert when opening add dialog with no category selected" duration="324"/>
    <testCase name="SubcategoriesComponent should open add subcategory dialog with selected category" duration="903">
      <failure message="TypeError: Cannot read properties of undefined (reading &apos;push&apos;)"><![CDATA[TypeError: Cannot read properties of undefined (reading 'push')
    at _MatDialog.open (C:\Angular project-2\codebook\node_modules\@angular\material\fesm2022\module-c1a8b4bb.mjs:638:26)
    at SubcategoriesComponent.open [as openAddSubcategoryDialog] (C:\Angular project-2\codebook\src\app\pages\subcategories\subcategories.component.ts:120:35)
    at C:\Angular project-2\codebook\src\app\pages\subcategories\subcategories.component.spec.ts:233:15
    at _ZoneDelegate.invoke (C:\Angular project-2\codebook\node_modules\zone.js\bundles\zone.umd.js:416:32)
    at ProxyZoneSpec.Object.<anonymous>.ProxyZoneSpec.onInvoke (C:\Angular project-2\codebook\node_modules\zone.js\bundles\zone-testing.umd.js:2177:43)
    at _ZoneDelegate.invoke (C:\Angular project-2\codebook\node_modules\zone.js\bundles\zone.umd.js:415:38)
    at ZoneImpl.run (C:\Angular project-2\codebook\node_modules\zone.js\bundles\zone.umd.js:147:47)
    at Object.wrappedFunc (C:\Angular project-2\codebook\node_modules\zone.js\bundles\zone-testing.umd.js:450:38)
    at Promise.then.completed (C:\Angular project-2\codebook\node_modules\jest-circus\build\utils.js:298:28)
    at new Promise (<anonymous>)
    at callAsyncCircusFn (C:\Angular project-2\codebook\node_modules\jest-circus\build\utils.js:231:10)
    at _callCircusTest (C:\Angular project-2\codebook\node_modules\jest-circus\build\run.js:316:40)
    at processTicksAndRejections (node:internal/process/task_queues:105:5)
    at _runTest (C:\Angular project-2\codebook\node_modules\jest-circus\build\run.js:252:3)
    at _runTestsForDescribeBlock (C:\Angular project-2\codebook\node_modules\jest-circus\build\run.js:126:9)
    at _runTestsForDescribeBlock (C:\Angular project-2\codebook\node_modules\jest-circus\build\run.js:121:9)
    at run (C:\Angular project-2\codebook\node_modules\jest-circus\build\run.js:71:3)
    at runAndTransformResultsToJestFormat (C:\Angular project-2\codebook\node_modules\jest-circus\build\legacy-code-todo-rewrite\jestAdapterInit.js:122:21)]]></failure>
    </testCase>
    <testCase name="SubcategoriesComponent should open add subcategory dialog with mobile width" duration="359">
      <failure message="TypeError: Cannot read properties of undefined (reading &apos;push&apos;)"><![CDATA[TypeError: Cannot read properties of undefined (reading 'push')
    at _MatDialog.open (C:\Angular project-2\codebook\node_modules\@angular\material\fesm2022\module-c1a8b4bb.mjs:638:26)
    at SubcategoriesComponent.open [as openAddSubcategoryDialog] (C:\Angular project-2\codebook\src\app\pages\subcategories\subcategories.component.ts:120:35)
    at C:\Angular project-2\codebook\src\app\pages\subcategories\subcategories.component.spec.ts:254:15
    at _ZoneDelegate.invoke (C:\Angular project-2\codebook\node_modules\zone.js\bundles\zone.umd.js:416:32)
    at ProxyZoneSpec.Object.<anonymous>.ProxyZoneSpec.onInvoke (C:\Angular project-2\codebook\node_modules\zone.js\bundles\zone-testing.umd.js:2177:43)
    at _ZoneDelegate.invoke (C:\Angular project-2\codebook\node_modules\zone.js\bundles\zone.umd.js:415:38)
    at ZoneImpl.run (C:\Angular project-2\codebook\node_modules\zone.js\bundles\zone.umd.js:147:47)
    at Object.wrappedFunc (C:\Angular project-2\codebook\node_modules\zone.js\bundles\zone-testing.umd.js:450:38)
    at Promise.then.completed (C:\Angular project-2\codebook\node_modules\jest-circus\build\utils.js:298:28)
    at new Promise (<anonymous>)
    at callAsyncCircusFn (C:\Angular project-2\codebook\node_modules\jest-circus\build\utils.js:231:10)
    at _callCircusTest (C:\Angular project-2\codebook\node_modules\jest-circus\build\run.js:316:40)
    at processTicksAndRejections (node:internal/process/task_queues:105:5)
    at _runTest (C:\Angular project-2\codebook\node_modules\jest-circus\build\run.js:252:3)
    at _runTestsForDescribeBlock (C:\Angular project-2\codebook\node_modules\jest-circus\build\run.js:126:9)
    at _runTestsForDescribeBlock (C:\Angular project-2\codebook\node_modules\jest-circus\build\run.js:121:9)
    at run (C:\Angular project-2\codebook\node_modules\jest-circus\build\run.js:71:3)
    at runAndTransformResultsToJestFormat (C:\Angular project-2\codebook\node_modules\jest-circus\build\legacy-code-todo-rewrite\jestAdapterInit.js:122:21)]]></failure>
    </testCase>
    <testCase name="SubcategoriesComponent should open add subcategory dialog with tablet width" duration="335">
      <failure message="TypeError: Cannot read properties of undefined (reading &apos;push&apos;)"><![CDATA[TypeError: Cannot read properties of undefined (reading 'push')
    at _MatDialog.open (C:\Angular project-2\codebook\node_modules\@angular\material\fesm2022\module-c1a8b4bb.mjs:638:26)
    at SubcategoriesComponent.open [as openAddSubcategoryDialog] (C:\Angular project-2\codebook\src\app\pages\subcategories\subcategories.component.ts:120:35)
    at C:\Angular project-2\codebook\src\app\pages\subcategories\subcategories.component.spec.ts:276:15
    at _ZoneDelegate.invoke (C:\Angular project-2\codebook\node_modules\zone.js\bundles\zone.umd.js:416:32)
    at ProxyZoneSpec.Object.<anonymous>.ProxyZoneSpec.onInvoke (C:\Angular project-2\codebook\node_modules\zone.js\bundles\zone-testing.umd.js:2177:43)
    at _ZoneDelegate.invoke (C:\Angular project-2\codebook\node_modules\zone.js\bundles\zone.umd.js:415:38)
    at ZoneImpl.run (C:\Angular project-2\codebook\node_modules\zone.js\bundles\zone.umd.js:147:47)
    at Object.wrappedFunc (C:\Angular project-2\codebook\node_modules\zone.js\bundles\zone-testing.umd.js:450:38)
    at Promise.then.completed (C:\Angular project-2\codebook\node_modules\jest-circus\build\utils.js:298:28)
    at new Promise (<anonymous>)
    at callAsyncCircusFn (C:\Angular project-2\codebook\node_modules\jest-circus\build\utils.js:231:10)
    at _callCircusTest (C:\Angular project-2\codebook\node_modules\jest-circus\build\run.js:316:40)
    at processTicksAndRejections (node:internal/process/task_queues:105:5)
    at _runTest (C:\Angular project-2\codebook\node_modules\jest-circus\build\run.js:252:3)
    at _runTestsForDescribeBlock (C:\Angular project-2\codebook\node_modules\jest-circus\build\run.js:126:9)
    at _runTestsForDescribeBlock (C:\Angular project-2\codebook\node_modules\jest-circus\build\run.js:121:9)
    at run (C:\Angular project-2\codebook\node_modules\jest-circus\build\run.js:71:3)
    at runAndTransformResultsToJestFormat (C:\Angular project-2\codebook\node_modules\jest-circus\build\legacy-code-todo-rewrite\jestAdapterInit.js:122:21)]]></failure>
    </testCase>
    <testCase name="SubcategoriesComponent should handle add subcategory dialog result" duration="383">
      <failure message="TypeError: Cannot read properties of undefined (reading &apos;push&apos;)"><![CDATA[TypeError: Cannot read properties of undefined (reading 'push')
    at _MatDialog.open (C:\Angular project-2\codebook\node_modules\@angular\material\fesm2022\module-c1a8b4bb.mjs:638:26)
    at SubcategoriesComponent.open [as openAddSubcategoryDialog] (C:\Angular project-2\codebook\src\app\pages\subcategories\subcategories.component.ts:120:35)
    at C:\Angular project-2\codebook\src\app\pages\subcategories\subcategories.component.spec.ts:298:15
    at _ZoneDelegate.invoke (C:\Angular project-2\codebook\node_modules\zone.js\bundles\zone.umd.js:416:32)
    at ProxyZoneSpec.Object.<anonymous>.ProxyZoneSpec.onInvoke (C:\Angular project-2\codebook\node_modules\zone.js\bundles\zone-testing.umd.js:2177:43)
    at _ZoneDelegate.invoke (C:\Angular project-2\codebook\node_modules\zone.js\bundles\zone.umd.js:415:38)
    at ZoneImpl.run (C:\Angular project-2\codebook\node_modules\zone.js\bundles\zone.umd.js:147:47)
    at Object.wrappedFunc (C:\Angular project-2\codebook\node_modules\zone.js\bundles\zone-testing.umd.js:450:38)
    at Promise.then.completed (C:\Angular project-2\codebook\node_modules\jest-circus\build\utils.js:298:28)
    at new Promise (<anonymous>)
    at callAsyncCircusFn (C:\Angular project-2\codebook\node_modules\jest-circus\build\utils.js:231:10)
    at _callCircusTest (C:\Angular project-2\codebook\node_modules\jest-circus\build\run.js:316:40)
    at processTicksAndRejections (node:internal/process/task_queues:105:5)
    at _runTest (C:\Angular project-2\codebook\node_modules\jest-circus\build\run.js:252:3)
    at _runTestsForDescribeBlock (C:\Angular project-2\codebook\node_modules\jest-circus\build\run.js:126:9)
    at _runTestsForDescribeBlock (C:\Angular project-2\codebook\node_modules\jest-circus\build\run.js:121:9)
    at run (C:\Angular project-2\codebook\node_modules\jest-circus\build\run.js:71:3)
    at runAndTransformResultsToJestFormat (C:\Angular project-2\codebook\node_modules\jest-circus\build\legacy-code-todo-rewrite\jestAdapterInit.js:122:21)]]></failure>
    </testCase>
    <testCase name="SubcategoriesComponent should open edit subcategory dialog" duration="432">
      <failure message="TypeError: Cannot read properties of undefined (reading &apos;push&apos;)"><![CDATA[TypeError: Cannot read properties of undefined (reading 'push')
    at _MatDialog.open (C:\Angular project-2\codebook\node_modules\@angular\material\fesm2022\module-c1a8b4bb.mjs:638:26)
    at SubcategoriesComponent.open [as startEdit] (C:\Angular project-2\codebook\src\app\pages\subcategories\subcategories.component.ts:136:35)
    at C:\Angular project-2\codebook\src\app\pages\subcategories\subcategories.component.spec.ts:305:15
    at _ZoneDelegate.invoke (C:\Angular project-2\codebook\node_modules\zone.js\bundles\zone.umd.js:416:32)
    at ProxyZoneSpec.Object.<anonymous>.ProxyZoneSpec.onInvoke (C:\Angular project-2\codebook\node_modules\zone.js\bundles\zone-testing.umd.js:2177:43)
    at _ZoneDelegate.invoke (C:\Angular project-2\codebook\node_modules\zone.js\bundles\zone.umd.js:415:38)
    at ZoneImpl.run (C:\Angular project-2\codebook\node_modules\zone.js\bundles\zone.umd.js:147:47)
    at Object.wrappedFunc (C:\Angular project-2\codebook\node_modules\zone.js\bundles\zone-testing.umd.js:450:38)
    at Promise.then.completed (C:\Angular project-2\codebook\node_modules\jest-circus\build\utils.js:298:28)
    at new Promise (<anonymous>)
    at callAsyncCircusFn (C:\Angular project-2\codebook\node_modules\jest-circus\build\utils.js:231:10)
    at _callCircusTest (C:\Angular project-2\codebook\node_modules\jest-circus\build\run.js:316:40)
    at processTicksAndRejections (node:internal/process/task_queues:105:5)
    at _runTest (C:\Angular project-2\codebook\node_modules\jest-circus\build\run.js:252:3)
    at _runTestsForDescribeBlock (C:\Angular project-2\codebook\node_modules\jest-circus\build\run.js:126:9)
    at _runTestsForDescribeBlock (C:\Angular project-2\codebook\node_modules\jest-circus\build\run.js:121:9)
    at run (C:\Angular project-2\codebook\node_modules\jest-circus\build\run.js:71:3)
    at runAndTransformResultsToJestFormat (C:\Angular project-2\codebook\node_modules\jest-circus\build\legacy-code-todo-rewrite\jestAdapterInit.js:122:21)]]></failure>
    </testCase>
    <testCase name="SubcategoriesComponent should handle edit subcategory dialog result" duration="342">
      <failure message="TypeError: Cannot read properties of undefined (reading &apos;push&apos;)"><![CDATA[TypeError: Cannot read properties of undefined (reading 'push')
    at _MatDialog.open (C:\Angular project-2\codebook\node_modules\@angular\material\fesm2022\module-c1a8b4bb.mjs:638:26)
    at SubcategoriesComponent.open [as startEdit] (C:\Angular project-2\codebook\src\app\pages\subcategories\subcategories.component.ts:136:35)
    at C:\Angular project-2\codebook\src\app\pages\subcategories\subcategories.component.spec.ts:320:15
    at _ZoneDelegate.invoke (C:\Angular project-2\codebook\node_modules\zone.js\bundles\zone.umd.js:416:32)
    at ProxyZoneSpec.Object.<anonymous>.ProxyZoneSpec.onInvoke (C:\Angular project-2\codebook\node_modules\zone.js\bundles\zone-testing.umd.js:2177:43)
    at _ZoneDelegate.invoke (C:\Angular project-2\codebook\node_modules\zone.js\bundles\zone.umd.js:415:38)
    at ZoneImpl.run (C:\Angular project-2\codebook\node_modules\zone.js\bundles\zone.umd.js:147:47)
    at Object.wrappedFunc (C:\Angular project-2\codebook\node_modules\zone.js\bundles\zone-testing.umd.js:450:38)
    at Promise.then.completed (C:\Angular project-2\codebook\node_modules\jest-circus\build\utils.js:298:28)
    at new Promise (<anonymous>)
    at callAsyncCircusFn (C:\Angular project-2\codebook\node_modules\jest-circus\build\utils.js:231:10)
    at _callCircusTest (C:\Angular project-2\codebook\node_modules\jest-circus\build\run.js:316:40)
    at processTicksAndRejections (node:internal/process/task_queues:105:5)
    at _runTest (C:\Angular project-2\codebook\node_modules\jest-circus\build\run.js:252:3)
    at _runTestsForDescribeBlock (C:\Angular project-2\codebook\node_modules\jest-circus\build\run.js:126:9)
    at _runTestsForDescribeBlock (C:\Angular project-2\codebook\node_modules\jest-circus\build\run.js:121:9)
    at run (C:\Angular project-2\codebook\node_modules\jest-circus\build\run.js:71:3)
    at runAndTransformResultsToJestFormat (C:\Angular project-2\codebook\node_modules\jest-circus\build\legacy-code-todo-rewrite\jestAdapterInit.js:122:21)]]></failure>
    </testCase>
    <testCase name="SubcategoriesComponent should handle search query change" duration="221"/>
    <testCase name="SubcategoriesComponent should handle page change" duration="395">
      <failure message="Error: expect(jest.fn()).toHaveBeenCalledWith(...expected)"><![CDATA[Error: expect(jest.fn()).toHaveBeenCalledWith(...expected)

Expected: 2
Received: NaN

Number of calls: 1
    at C:\Angular project-2\codebook\src\app\pages\subcategories\subcategories.component.spec.ts:334:46
    at _ZoneDelegate.invoke (C:\Angular project-2\codebook\node_modules\zone.js\bundles\zone.umd.js:416:32)
    at ProxyZoneSpec.Object.<anonymous>.ProxyZoneSpec.onInvoke (C:\Angular project-2\codebook\node_modules\zone.js\bundles\zone-testing.umd.js:2177:43)
    at _ZoneDelegate.invoke (C:\Angular project-2\codebook\node_modules\zone.js\bundles\zone.umd.js:415:38)
    at ZoneImpl.run (C:\Angular project-2\codebook\node_modules\zone.js\bundles\zone.umd.js:147:47)
    at Object.wrappedFunc (C:\Angular project-2\codebook\node_modules\zone.js\bundles\zone-testing.umd.js:450:38)
    at Promise.then.completed (C:\Angular project-2\codebook\node_modules\jest-circus\build\utils.js:298:28)
    at new Promise (<anonymous>)
    at callAsyncCircusFn (C:\Angular project-2\codebook\node_modules\jest-circus\build\utils.js:231:10)
    at _callCircusTest (C:\Angular project-2\codebook\node_modules\jest-circus\build\run.js:316:40)
    at processTicksAndRejections (node:internal/process/task_queues:105:5)
    at _runTest (C:\Angular project-2\codebook\node_modules\jest-circus\build\run.js:252:3)
    at _runTestsForDescribeBlock (C:\Angular project-2\codebook\node_modules\jest-circus\build\run.js:126:9)
    at _runTestsForDescribeBlock (C:\Angular project-2\codebook\node_modules\jest-circus\build\run.js:121:9)
    at run (C:\Angular project-2\codebook\node_modules\jest-circus\build\run.js:71:3)
    at runAndTransformResultsToJestFormat (C:\Angular project-2\codebook\node_modules\jest-circus\build\legacy-code-todo-rewrite\jestAdapterInit.js:122:21)]]></failure>
    </testCase>
    <testCase name="SubcategoriesComponent should sort column" duration="487"/>
    <testCase name="SubcategoriesComponent should toggle subcategory selection" duration="183"/>
    <testCase name="SubcategoriesComponent should check if subcategory is selected" duration="164"/>
    <testCase name="SubcategoriesComponent should toggle all subcategories" duration="107"/>
    <testCase name="SubcategoriesComponent should check if all subcategories are selected" duration="96"/>
    <testCase name="SubcategoriesComponent should delete selected subcategories" duration="110"/>
    <testCase name="SubcategoriesComponent should get page numbers for pagination" duration="186"/>
    <testCase name="SubcategoriesComponent should track subcategories by id" duration="201"/>
    <testCase name="SubcategoriesComponent should display error message when service.error is truthy" duration="379"/>
    <testCase name="SubcategoriesComponent should display loading spinner when service.isLoading is true" duration="223"/>
    <testCase name="SubcategoriesComponent should apply dark-theme class when darkModeService.isDarkMode is true" duration="365"/>
    <testCase name="SubcategoriesComponent should handle category select change" duration="611">
      <failure message="Error: expect(jest.fn()).toHaveBeenCalled()"><![CDATA[Error: expect(jest.fn()).toHaveBeenCalled()

Expected number of calls: >= 1
Received number of calls:    0
    at C:\Angular project-2\codebook\src\app\pages\subcategories\subcategories.component.spec.ts:458:17
    at _ZoneDelegate.invoke (C:\Angular project-2\codebook\node_modules\zone.js\bundles\zone.umd.js:416:32)
    at ProxyZoneSpec.Object.<anonymous>.ProxyZoneSpec.onInvoke (C:\Angular project-2\codebook\node_modules\zone.js\bundles\zone-testing.umd.js:2177:43)
    at _ZoneDelegate.invoke (C:\Angular project-2\codebook\node_modules\zone.js\bundles\zone.umd.js:415:38)
    at ZoneImpl.run (C:\Angular project-2\codebook\node_modules\zone.js\bundles\zone.umd.js:147:47)
    at Object.wrappedFunc (C:\Angular project-2\codebook\node_modules\zone.js\bundles\zone-testing.umd.js:450:38)
    at Promise.then.completed (C:\Angular project-2\codebook\node_modules\jest-circus\build\utils.js:298:28)
    at new Promise (<anonymous>)
    at callAsyncCircusFn (C:\Angular project-2\codebook\node_modules\jest-circus\build\utils.js:231:10)
    at _callCircusTest (C:\Angular project-2\codebook\node_modules\jest-circus\build\run.js:316:40)
    at processTicksAndRejections (node:internal/process/task_queues:105:5)
    at _runTest (C:\Angular project-2\codebook\node_modules\jest-circus\build\run.js:252:3)
    at _runTestsForDescribeBlock (C:\Angular project-2\codebook\node_modules\jest-circus\build\run.js:126:9)
    at _runTestsForDescribeBlock (C:\Angular project-2\codebook\node_modules\jest-circus\build\run.js:121:9)
    at run (C:\Angular project-2\codebook\node_modules\jest-circus\build\run.js:71:3)
    at runAndTransformResultsToJestFormat (C:\Angular project-2\codebook\node_modules\jest-circus\build\legacy-code-todo-rewrite\jestAdapterInit.js:122:21)]]></failure>
    </testCase>
    <testCase name="SubcategoriesComponent should handle search input change" duration="318"/>
    <testCase name="SubcategoriesComponent should handle delete selected button click" duration="471"/>
    <testCase name="SubcategoriesComponent should disable delete button when no subcategories are selected" duration="461"/>
    <testCase name="SubcategoriesComponent should handle add subcategory button click" duration="300"/>
    <testCase name="SubcategoriesComponent should handle refresh button click" duration="273">
      <failure message="TypeError: Cannot read properties of null (reading &apos;click&apos;)"><![CDATA[TypeError: Cannot read properties of null (reading 'click')
    at C:\Angular project-2\codebook\src\app\pages\subcategories\subcategories.component.spec.ts:503:19
    at _ZoneDelegate.invoke (C:\Angular project-2\codebook\node_modules\zone.js\bundles\zone.umd.js:416:32)
    at ProxyZoneSpec.Object.<anonymous>.ProxyZoneSpec.onInvoke (C:\Angular project-2\codebook\node_modules\zone.js\bundles\zone-testing.umd.js:2177:43)
    at _ZoneDelegate.invoke (C:\Angular project-2\codebook\node_modules\zone.js\bundles\zone.umd.js:415:38)
    at ZoneImpl.run (C:\Angular project-2\codebook\node_modules\zone.js\bundles\zone.umd.js:147:47)
    at Object.wrappedFunc (C:\Angular project-2\codebook\node_modules\zone.js\bundles\zone-testing.umd.js:450:38)
    at Promise.then.completed (C:\Angular project-2\codebook\node_modules\jest-circus\build\utils.js:298:28)
    at new Promise (<anonymous>)
    at callAsyncCircusFn (C:\Angular project-2\codebook\node_modules\jest-circus\build\utils.js:231:10)
    at _callCircusTest (C:\Angular project-2\codebook\node_modules\jest-circus\build\run.js:316:40)
    at processTicksAndRejections (node:internal/process/task_queues:105:5)
    at _runTest (C:\Angular project-2\codebook\node_modules\jest-circus\build\run.js:252:3)
    at _runTestsForDescribeBlock (C:\Angular project-2\codebook\node_modules\jest-circus\build\run.js:126:9)
    at _runTestsForDescribeBlock (C:\Angular project-2\codebook\node_modules\jest-circus\build\run.js:121:9)
    at run (C:\Angular project-2\codebook\node_modules\jest-circus\build\run.js:71:3)
    at runAndTransformResultsToJestFormat (C:\Angular project-2\codebook\node_modules\jest-circus\build\legacy-code-todo-rewrite\jestAdapterInit.js:122:21)]]></failure>
    </testCase>
    <testCase name="SubcategoriesComponent should handle edit button click" duration="189">
      <failure message="TypeError: Cannot read properties of null (reading &apos;click&apos;)"><![CDATA[TypeError: Cannot read properties of null (reading 'click')
    at C:\Angular project-2\codebook\src\app\pages\subcategories\subcategories.component.spec.ts:514:16
    at _ZoneDelegate.invoke (C:\Angular project-2\codebook\node_modules\zone.js\bundles\zone.umd.js:416:32)
    at ProxyZoneSpec.Object.<anonymous>.ProxyZoneSpec.onInvoke (C:\Angular project-2\codebook\node_modules\zone.js\bundles\zone-testing.umd.js:2177:43)
    at _ZoneDelegate.invoke (C:\Angular project-2\codebook\node_modules\zone.js\bundles\zone.umd.js:415:38)
    at ZoneImpl.run (C:\Angular project-2\codebook\node_modules\zone.js\bundles\zone.umd.js:147:47)
    at Object.wrappedFunc (C:\Angular project-2\codebook\node_modules\zone.js\bundles\zone-testing.umd.js:450:38)
    at Promise.then.completed (C:\Angular project-2\codebook\node_modules\jest-circus\build\utils.js:298:28)
    at new Promise (<anonymous>)
    at callAsyncCircusFn (C:\Angular project-2\codebook\node_modules\jest-circus\build\utils.js:231:10)
    at _callCircusTest (C:\Angular project-2\codebook\node_modules\jest-circus\build\run.js:316:40)
    at processTicksAndRejections (node:internal/process/task_queues:105:5)
    at _runTest (C:\Angular project-2\codebook\node_modules\jest-circus\build\run.js:252:3)
    at _runTestsForDescribeBlock (C:\Angular project-2\codebook\node_modules\jest-circus\build\run.js:126:9)
    at _runTestsForDescribeBlock (C:\Angular project-2\codebook\node_modules\jest-circus\build\run.js:121:9)
    at run (C:\Angular project-2\codebook\node_modules\jest-circus\build\run.js:71:3)
    at runAndTransformResultsToJestFormat (C:\Angular project-2\codebook\node_modules\jest-circus\build\legacy-code-todo-rewrite\jestAdapterInit.js:122:21)]]></failure>
    </testCase>
    <testCase name="SubcategoriesComponent should handle delete button click" duration="225">
      <failure message="TypeError: Cannot read properties of null (reading &apos;click&apos;)"><![CDATA[TypeError: Cannot read properties of null (reading 'click')
    at C:\Angular project-2\codebook\src\app\pages\subcategories\subcategories.component.spec.ts:524:18
    at _ZoneDelegate.invoke (C:\Angular project-2\codebook\node_modules\zone.js\bundles\zone.umd.js:416:32)
    at ProxyZoneSpec.Object.<anonymous>.ProxyZoneSpec.onInvoke (C:\Angular project-2\codebook\node_modules\zone.js\bundles\zone-testing.umd.js:2177:43)
    at _ZoneDelegate.invoke (C:\Angular project-2\codebook\node_modules\zone.js\bundles\zone.umd.js:415:38)
    at ZoneImpl.run (C:\Angular project-2\codebook\node_modules\zone.js\bundles\zone.umd.js:147:47)
    at Object.wrappedFunc (C:\Angular project-2\codebook\node_modules\zone.js\bundles\zone-testing.umd.js:450:38)
    at Promise.then.completed (C:\Angular project-2\codebook\node_modules\jest-circus\build\utils.js:298:28)
    at new Promise (<anonymous>)
    at callAsyncCircusFn (C:\Angular project-2\codebook\node_modules\jest-circus\build\utils.js:231:10)
    at _callCircusTest (C:\Angular project-2\codebook\node_modules\jest-circus\build\run.js:316:40)
    at processTicksAndRejections (node:internal/process/task_queues:105:5)
    at _runTest (C:\Angular project-2\codebook\node_modules\jest-circus\build\run.js:252:3)
    at _runTestsForDescribeBlock (C:\Angular project-2\codebook\node_modules\jest-circus\build\run.js:126:9)
    at _runTestsForDescribeBlock (C:\Angular project-2\codebook\node_modules\jest-circus\build\run.js:121:9)
    at run (C:\Angular project-2\codebook\node_modules\jest-circus\build\run.js:71:3)
    at runAndTransformResultsToJestFormat (C:\Angular project-2\codebook\node_modules\jest-circus\build\legacy-code-todo-rewrite\jestAdapterInit.js:122:21)]]></failure>
    </testCase>
    <testCase name="SubcategoriesComponent should handle mobile actions menu" duration="229">
      <failure message="TypeError: Cannot read properties of null (reading &apos;click&apos;)"><![CDATA[TypeError: Cannot read properties of null (reading 'click')
    at C:\Angular project-2\codebook\src\app\pages\subcategories\subcategories.component.spec.ts:536:16
    at _ZoneDelegate.invoke (C:\Angular project-2\codebook\node_modules\zone.js\bundles\zone.umd.js:416:32)
    at ProxyZoneSpec.Object.<anonymous>.ProxyZoneSpec.onInvoke (C:\Angular project-2\codebook\node_modules\zone.js\bundles\zone-testing.umd.js:2177:43)
    at _ZoneDelegate.invoke (C:\Angular project-2\codebook\node_modules\zone.js\bundles\zone.umd.js:415:38)
    at ZoneImpl.run (C:\Angular project-2\codebook\node_modules\zone.js\bundles\zone.umd.js:147:47)
    at Object.wrappedFunc (C:\Angular project-2\codebook\node_modules\zone.js\bundles\zone-testing.umd.js:450:38)
    at Promise.then.completed (C:\Angular project-2\codebook\node_modules\jest-circus\build\utils.js:298:28)
    at new Promise (<anonymous>)
    at callAsyncCircusFn (C:\Angular project-2\codebook\node_modules\jest-circus\build\utils.js:231:10)
    at _callCircusTest (C:\Angular project-2\codebook\node_modules\jest-circus\build\run.js:316:40)
    at processTicksAndRejections (node:internal/process/task_queues:105:5)
    at _runTest (C:\Angular project-2\codebook\node_modules\jest-circus\build\run.js:252:3)
    at _runTestsForDescribeBlock (C:\Angular project-2\codebook\node_modules\jest-circus\build\run.js:126:9)
    at _runTestsForDescribeBlock (C:\Angular project-2\codebook\node_modules\jest-circus\build\run.js:121:9)
    at run (C:\Angular project-2\codebook\node_modules\jest-circus\build\run.js:71:3)
    at runAndTransformResultsToJestFormat (C:\Angular project-2\codebook\node_modules\jest-circus\build\legacy-code-todo-rewrite\jestAdapterInit.js:122:21)]]></failure>
    </testCase>
    <testCase name="SubcategoriesComponent should handle sort menu click" duration="178">
      <failure message="TypeError: Cannot read properties of null (reading &apos;click&apos;)"><![CDATA[TypeError: Cannot read properties of null (reading 'click')
    at C:\Angular project-2\codebook\src\app\pages\subcategories\subcategories.component.spec.ts:549:16
    at _ZoneDelegate.invoke (C:\Angular project-2\codebook\node_modules\zone.js\bundles\zone.umd.js:416:32)
    at ProxyZoneSpec.Object.<anonymous>.ProxyZoneSpec.onInvoke (C:\Angular project-2\codebook\node_modules\zone.js\bundles\zone-testing.umd.js:2177:43)
    at _ZoneDelegate.invoke (C:\Angular project-2\codebook\node_modules\zone.js\bundles\zone.umd.js:415:38)
    at ZoneImpl.run (C:\Angular project-2\codebook\node_modules\zone.js\bundles\zone.umd.js:147:47)
    at Object.wrappedFunc (C:\Angular project-2\codebook\node_modules\zone.js\bundles\zone-testing.umd.js:450:38)
    at Promise.then.completed (C:\Angular project-2\codebook\node_modules\jest-circus\build\utils.js:298:28)
    at new Promise (<anonymous>)
    at callAsyncCircusFn (C:\Angular project-2\codebook\node_modules\jest-circus\build\utils.js:231:10)
    at _callCircusTest (C:\Angular project-2\codebook\node_modules\jest-circus\build\run.js:316:40)
    at processTicksAndRejections (node:internal/process/task_queues:105:5)
    at _runTest (C:\Angular project-2\codebook\node_modules\jest-circus\build\run.js:252:3)
    at _runTestsForDescribeBlock (C:\Angular project-2\codebook\node_modules\jest-circus\build\run.js:126:9)
    at _runTestsForDescribeBlock (C:\Angular project-2\codebook\node_modules\jest-circus\build\run.js:121:9)
    at run (C:\Angular project-2\codebook\node_modules\jest-circus\build\run.js:71:3)
    at runAndTransformResultsToJestFormat (C:\Angular project-2\codebook\node_modules\jest-circus\build\legacy-code-todo-rewrite\jestAdapterInit.js:122:21)]]></failure>
    </testCase>
    <testCase name="SubcategoriesComponent should handle toggle all checkbox" duration="434">
      <failure message="TypeError: Cannot read properties of null (reading &apos;click&apos;)"><![CDATA[TypeError: Cannot read properties of null (reading 'click')
    at C:\Angular project-2\codebook\src\app\pages\subcategories\subcategories.component.spec.ts:562:14
    at _ZoneDelegate.invoke (C:\Angular project-2\codebook\node_modules\zone.js\bundles\zone.umd.js:416:32)
    at ProxyZoneSpec.Object.<anonymous>.ProxyZoneSpec.onInvoke (C:\Angular project-2\codebook\node_modules\zone.js\bundles\zone-testing.umd.js:2177:43)
    at _ZoneDelegate.invoke (C:\Angular project-2\codebook\node_modules\zone.js\bundles\zone.umd.js:415:38)
    at ZoneImpl.run (C:\Angular project-2\codebook\node_modules\zone.js\bundles\zone.umd.js:147:47)
    at Object.wrappedFunc (C:\Angular project-2\codebook\node_modules\zone.js\bundles\zone-testing.umd.js:450:38)
    at Promise.then.completed (C:\Angular project-2\codebook\node_modules\jest-circus\build\utils.js:298:28)
    at new Promise (<anonymous>)
    at callAsyncCircusFn (C:\Angular project-2\codebook\node_modules\jest-circus\build\utils.js:231:10)
    at _callCircusTest (C:\Angular project-2\codebook\node_modules\jest-circus\build\run.js:316:40)
    at processTicksAndRejections (node:internal/process/task_queues:105:5)
    at _runTest (C:\Angular project-2\codebook\node_modules\jest-circus\build\run.js:252:3)
    at _runTestsForDescribeBlock (C:\Angular project-2\codebook\node_modules\jest-circus\build\run.js:126:9)
    at _runTestsForDescribeBlock (C:\Angular project-2\codebook\node_modules\jest-circus\build\run.js:121:9)
    at run (C:\Angular project-2\codebook\node_modules\jest-circus\build\run.js:71:3)
    at runAndTransformResultsToJestFormat (C:\Angular project-2\codebook\node_modules\jest-circus\build\legacy-code-todo-rewrite\jestAdapterInit.js:122:21)]]></failure>
    </testCase>
    <testCase name="SubcategoriesComponent should handle toggle subcategory checkbox" duration="226">
      <failure message="TypeError: Cannot read properties of null (reading &apos;click&apos;)"><![CDATA[TypeError: Cannot read properties of null (reading 'click')
    at C:\Angular project-2\codebook\src\app\pages\subcategories\subcategories.component.spec.ts:573:14
    at _ZoneDelegate.invoke (C:\Angular project-2\codebook\node_modules\zone.js\bundles\zone.umd.js:416:32)
    at ProxyZoneSpec.Object.<anonymous>.ProxyZoneSpec.onInvoke (C:\Angular project-2\codebook\node_modules\zone.js\bundles\zone-testing.umd.js:2177:43)
    at _ZoneDelegate.invoke (C:\Angular project-2\codebook\node_modules\zone.js\bundles\zone.umd.js:415:38)
    at ZoneImpl.run (C:\Angular project-2\codebook\node_modules\zone.js\bundles\zone.umd.js:147:47)
    at Object.wrappedFunc (C:\Angular project-2\codebook\node_modules\zone.js\bundles\zone-testing.umd.js:450:38)
    at Promise.then.completed (C:\Angular project-2\codebook\node_modules\jest-circus\build\utils.js:298:28)
    at new Promise (<anonymous>)
    at callAsyncCircusFn (C:\Angular project-2\codebook\node_modules\jest-circus\build\utils.js:231:10)
    at _callCircusTest (C:\Angular project-2\codebook\node_modules\jest-circus\build\run.js:316:40)
    at processTicksAndRejections (node:internal/process/task_queues:105:5)
    at _runTest (C:\Angular project-2\codebook\node_modules\jest-circus\build\run.js:252:3)
    at _runTestsForDescribeBlock (C:\Angular project-2\codebook\node_modules\jest-circus\build\run.js:126:9)
    at _runTestsForDescribeBlock (C:\Angular project-2\codebook\node_modules\jest-circus\build\run.js:121:9)
    at run (C:\Angular project-2\codebook\node_modules\jest-circus\build\run.js:71:3)
    at runAndTransformResultsToJestFormat (C:\Angular project-2\codebook\node_modules\jest-circus\build\legacy-code-todo-rewrite\jestAdapterInit.js:122:21)]]></failure>
    </testCase>
    <testCase name="SubcategoriesComponent should handle previous page button" duration="200"/>
    <testCase name="SubcategoriesComponent should disable previous page button on first page" duration="259"/>
    <testCase name="SubcategoriesComponent should handle next page button" duration="164"/>
    <testCase name="SubcategoriesComponent should disable next page button on last page" duration="182"/>
    <testCase name="SubcategoriesComponent should handle page number button click" duration="165"/>
    <testCase name="SubcategoriesComponent should handle mobile page select" duration="235"/>
    <testCase name="SubcategoriesComponent should display no pages message when no pages are available" duration="185">
      <failure message="Error: expect(received).toBe(expected) // Object.is equality"><![CDATA[Error: expect(received).toBe(expected) // Object.is equality

Expected: "No pages available"
Received: ""
    at C:\Angular project-2\codebook\src\app\pages\subcategories\subcategories.component.spec.ts:642:37
    at _ZoneDelegate.invoke (C:\Angular project-2\codebook\node_modules\zone.js\bundles\zone.umd.js:416:32)
    at ProxyZoneSpec.Object.<anonymous>.ProxyZoneSpec.onInvoke (C:\Angular project-2\codebook\node_modules\zone.js\bundles\zone-testing.umd.js:2177:43)
    at _ZoneDelegate.invoke (C:\Angular project-2\codebook\node_modules\zone.js\bundles\zone.umd.js:415:38)
    at ZoneImpl.run (C:\Angular project-2\codebook\node_modules\zone.js\bundles\zone.umd.js:147:47)
    at Object.wrappedFunc (C:\Angular project-2\codebook\node_modules\zone.js\bundles\zone-testing.umd.js:450:38)
    at Promise.then.completed (C:\Angular project-2\codebook\node_modules\jest-circus\build\utils.js:298:28)
    at new Promise (<anonymous>)
    at callAsyncCircusFn (C:\Angular project-2\codebook\node_modules\jest-circus\build\utils.js:231:10)
    at _callCircusTest (C:\Angular project-2\codebook\node_modules\jest-circus\build\run.js:316:40)
    at processTicksAndRejections (node:internal/process/task_queues:105:5)
    at _runTest (C:\Angular project-2\codebook\node_modules\jest-circus\build\run.js:252:3)
    at _runTestsForDescribeBlock (C:\Angular project-2\codebook\node_modules\jest-circus\build\run.js:126:9)
    at _runTestsForDescribeBlock (C:\Angular project-2\codebook\node_modules\jest-circus\build\run.js:121:9)
    at run (C:\Angular project-2\codebook\node_modules\jest-circus\build\run.js:71:3)
    at runAndTransformResultsToJestFormat (C:\Angular project-2\codebook\node_modules\jest-circus\build\legacy-code-todo-rewrite\jestAdapterInit.js:122:21)]]></failure>
    </testCase>
  </file>
  <file path="C:\Angular project-2\codebook\src\app\pages\business\list-businesses\list-businesses.component.spec.ts">
    <testCase name="ListBusinessesComponent should create the component" duration="360"/>
    <testCase name="ListBusinessesComponent Initial State should initialize with businesses from BusinessStore" duration="98"/>
    <testCase name="ListBusinessesComponent Desktop and Tablet View should render table layout when isDesktop is true" duration="136"/>
    <testCase name="ListBusinessesComponent Desktop and Tablet View should render table layout when isTablet is true" duration="202"/>
    <testCase name="ListBusinessesComponent Desktop and Tablet View should display business data in table rows" duration="59"/>
    <testCase name="ListBusinessesComponent Desktop and Tablet View should render delete button for each business" duration="140"/>
    <testCase name="ListBusinessesComponent Mobile View should render card layout when isMobile is true" duration="85"/>
    <testCase name="ListBusinessesComponent Mobile View should display business data in cards" duration="106">
      <failure message="Error: expect(received).toContain(expected) // indexOf"><![CDATA[Error: expect(received).toContain(expected) // indexOf

Expected substring: "Country: USA"
Received string:    "Country:USA"
    at C:\Angular project-2\codebook\src\app\pages\business\list-businesses\list-businesses.component.spec.ts:151:62
    at _ZoneDelegate.invoke (C:\Angular project-2\codebook\node_modules\zone.js\bundles\zone.umd.js:416:32)
    at ProxyZoneSpec.Object.<anonymous>.ProxyZoneSpec.onInvoke (C:\Angular project-2\codebook\node_modules\zone.js\bundles\zone-testing.umd.js:2177:43)
    at _ZoneDelegate.invoke (C:\Angular project-2\codebook\node_modules\zone.js\bundles\zone.umd.js:415:38)
    at ZoneImpl.run (C:\Angular project-2\codebook\node_modules\zone.js\bundles\zone.umd.js:147:47)
    at Object.wrappedFunc (C:\Angular project-2\codebook\node_modules\zone.js\bundles\zone-testing.umd.js:450:38)
    at Promise.then.completed (C:\Angular project-2\codebook\node_modules\jest-circus\build\utils.js:298:28)
    at new Promise (<anonymous>)
    at callAsyncCircusFn (C:\Angular project-2\codebook\node_modules\jest-circus\build\utils.js:231:10)
    at _callCircusTest (C:\Angular project-2\codebook\node_modules\jest-circus\build\run.js:316:40)
    at _runTest (C:\Angular project-2\codebook\node_modules\jest-circus\build\run.js:252:3)
    at _runTestsForDescribeBlock (C:\Angular project-2\codebook\node_modules\jest-circus\build\run.js:126:9)
    at _runTestsForDescribeBlock (C:\Angular project-2\codebook\node_modules\jest-circus\build\run.js:121:9)
    at _runTestsForDescribeBlock (C:\Angular project-2\codebook\node_modules\jest-circus\build\run.js:121:9)
    at run (C:\Angular project-2\codebook\node_modules\jest-circus\build\run.js:71:3)
    at runAndTransformResultsToJestFormat (C:\Angular project-2\codebook\node_modules\jest-circus\build\legacy-code-todo-rewrite\jestAdapterInit.js:122:21)]]></failure>
    </testCase>
    <testCase name="ListBusinessesComponent Mobile View should render delete button for each card" duration="167"/>
    <testCase name="ListBusinessesComponent deleteBusiness should call deleteBusiness on BusinessStore when confirmed" duration="70"/>
    <testCase name="ListBusinessesComponent deleteBusiness should not call deleteBusiness if confirmation is cancelled" duration="87"/>
    <testCase name="ListBusinessesComponent Dark Mode Integration should inject DarkModeService" duration="101"/>
    <testCase name="ListBusinessesComponent Dark Mode Integration should apply dark mode if enabled" duration="140">
      <failure message="Error: expect(jest.fn()).toHaveBeenCalled()"><![CDATA[Error: expect(jest.fn()).toHaveBeenCalled()

Expected number of calls: >= 1
Received number of calls:    0
    at C:\Angular project-2\codebook\src\app\pages\business\list-businesses\list-businesses.component.spec.ts:191:42
    at _ZoneDelegate.invoke (C:\Angular project-2\codebook\node_modules\zone.js\bundles\zone.umd.js:416:32)
    at ProxyZoneSpec.Object.<anonymous>.ProxyZoneSpec.onInvoke (C:\Angular project-2\codebook\node_modules\zone.js\bundles\zone-testing.umd.js:2177:43)
    at _ZoneDelegate.invoke (C:\Angular project-2\codebook\node_modules\zone.js\bundles\zone.umd.js:415:38)
    at ZoneImpl.run (C:\Angular project-2\codebook\node_modules\zone.js\bundles\zone.umd.js:147:47)
    at Object.wrappedFunc (C:\Angular project-2\codebook\node_modules\zone.js\bundles\zone-testing.umd.js:450:38)
    at Promise.then.completed (C:\Angular project-2\codebook\node_modules\jest-circus\build\utils.js:298:28)
    at new Promise (<anonymous>)
    at callAsyncCircusFn (C:\Angular project-2\codebook\node_modules\jest-circus\build\utils.js:231:10)
    at _callCircusTest (C:\Angular project-2\codebook\node_modules\jest-circus\build\run.js:316:40)
    at _runTest (C:\Angular project-2\codebook\node_modules\jest-circus\build\run.js:252:3)
    at _runTestsForDescribeBlock (C:\Angular project-2\codebook\node_modules\jest-circus\build\run.js:126:9)
    at _runTestsForDescribeBlock (C:\Angular project-2\codebook\node_modules\jest-circus\build\run.js:121:9)
    at _runTestsForDescribeBlock (C:\Angular project-2\codebook\node_modules\jest-circus\build\run.js:121:9)
    at run (C:\Angular project-2\codebook\node_modules\jest-circus\build\run.js:71:3)
    at runAndTransformResultsToJestFormat (C:\Angular project-2\codebook\node_modules\jest-circus\build\legacy-code-todo-rewrite\jestAdapterInit.js:122:21)]]></failure>
    </testCase>
    <testCase name="ListBusinessesComponent Responsive Behavior should not render table or cards when businesses is empty" duration="87"/>
    <testCase name="ListBusinessesComponent Responsive Behavior should render table when both isDesktop and isTablet are false but isMobile is false" duration="127">
      <failure message="Error: expect(received).toBeTruthy()"><![CDATA[Error: expect(received).toBeTruthy()

Received: null
    at C:\Angular project-2\codebook\src\app\pages\business\list-businesses\list-businesses.component.spec.ts:212:21
    at _ZoneDelegate.invoke (C:\Angular project-2\codebook\node_modules\zone.js\bundles\zone.umd.js:416:32)
    at ProxyZoneSpec.Object.<anonymous>.ProxyZoneSpec.onInvoke (C:\Angular project-2\codebook\node_modules\zone.js\bundles\zone-testing.umd.js:2177:43)
    at _ZoneDelegate.invoke (C:\Angular project-2\codebook\node_modules\zone.js\bundles\zone.umd.js:415:38)
    at ZoneImpl.run (C:\Angular project-2\codebook\node_modules\zone.js\bundles\zone.umd.js:147:47)
    at Object.wrappedFunc (C:\Angular project-2\codebook\node_modules\zone.js\bundles\zone-testing.umd.js:450:38)
    at Promise.then.completed (C:\Angular project-2\codebook\node_modules\jest-circus\build\utils.js:298:28)
    at new Promise (<anonymous>)
    at callAsyncCircusFn (C:\Angular project-2\codebook\node_modules\jest-circus\build\utils.js:231:10)
    at _callCircusTest (C:\Angular project-2\codebook\node_modules\jest-circus\build\run.js:316:40)
    at _runTest (C:\Angular project-2\codebook\node_modules\jest-circus\build\run.js:252:3)
    at _runTestsForDescribeBlock (C:\Angular project-2\codebook\node_modules\jest-circus\build\run.js:126:9)
    at _runTestsForDescribeBlock (C:\Angular project-2\codebook\node_modules\jest-circus\build\run.js:121:9)
    at _runTestsForDescribeBlock (C:\Angular project-2\codebook\node_modules\jest-circus\build\run.js:121:9)
    at run (C:\Angular project-2\codebook\node_modules\jest-circus\build\run.js:71:3)
    at runAndTransformResultsToJestFormat (C:\Angular project-2\codebook\node_modules\jest-circus\build\legacy-code-todo-rewrite\jestAdapterInit.js:122:21)]]></failure>
    </testCase>
  </file>
  <file path="C:\Angular project-2\codebook\src\app\pages\pincodes\pincodes.service.spec.ts">
    <testCase name="PincodesService should be created" duration="35"/>
    <testCase name="PincodesService signals should expose pincodes signal" duration="86">
      <failure message="Error: Expected one matching request for criteria &quot;Match URL: https://dbapiservice.onrender.com/dbapis/v1/pincodes&quot;, found none."><![CDATA[Error: Expected one matching request for criteria "Match URL: https://dbapiservice.onrender.com/dbapis/v1/pincodes", found none.
    at _HttpClientTestingBackend.expectOne (C:\Angular project-2\codebook\node_modules\@angular\common\fesm2022\http\testing.mjs:277:19)
    at C:\Angular project-2\codebook\src\app\pages\pincodes\pincodes.service.spec.ts:84:41
    at Generator.next (<anonymous>)
    at C:\Angular project-2\codebook\node_modules\tslib\tslib.js:170:75
    at new ZoneAwarePromise (C:\Angular project-2\codebook\node_modules\zone.js\bundles\zone.umd.js:2623:29)
    at Object.__awaiter (C:\Angular project-2\codebook\node_modules\tslib\tslib.js:166:16)
    at C:\Angular project-2\codebook\src\app\pages\pincodes\pincodes.service.spec.ts:82:52
    at _ZoneDelegate.invoke (C:\Angular project-2\codebook\node_modules\zone.js\bundles\zone.umd.js:416:32)
    at ProxyZoneSpec.Object.<anonymous>.ProxyZoneSpec.onInvoke (C:\Angular project-2\codebook\node_modules\zone.js\bundles\zone-testing.umd.js:2177:43)
    at _ZoneDelegate.invoke (C:\Angular project-2\codebook\node_modules\zone.js\bundles\zone.umd.js:415:38)
    at ZoneImpl.run (C:\Angular project-2\codebook\node_modules\zone.js\bundles\zone.umd.js:147:47)
    at Object.wrappedFunc (C:\Angular project-2\codebook\node_modules\zone.js\bundles\zone-testing.umd.js:450:38)
    at Promise.then.completed (C:\Angular project-2\codebook\node_modules\jest-circus\build\utils.js:298:28)
    at new Promise (<anonymous>)
    at callAsyncCircusFn (C:\Angular project-2\codebook\node_modules\jest-circus\build\utils.js:231:10)
    at _callCircusTest (C:\Angular project-2\codebook\node_modules\jest-circus\build\run.js:316:40)
    at processTicksAndRejections (node:internal/process/task_queues:105:5)
    at _runTest (C:\Angular project-2\codebook\node_modules\jest-circus\build\run.js:252:3)
    at _runTestsForDescribeBlock (C:\Angular project-2\codebook\node_modules\jest-circus\build\run.js:126:9)
    at _runTestsForDescribeBlock (C:\Angular project-2\codebook\node_modules\jest-circus\build\run.js:121:9)
    at _runTestsForDescribeBlock (C:\Angular project-2\codebook\node_modules\jest-circus\build\run.js:121:9)
    at run (C:\Angular project-2\codebook\node_modules\jest-circus\build\run.js:71:3)
    at runAndTransformResultsToJestFormat (C:\Angular project-2\codebook\node_modules\jest-circus\build\legacy-code-todo-rewrite\jestAdapterInit.js:122:21)]]></failure>
    </testCase>
    <testCase name="PincodesService signals should expose filteredPincodes signal" duration="8">
      <failure message="Error: Expected one matching request for criteria &quot;Match URL: https://dbapiservice.onrender.com/dbapis/v1/pincodes&quot;, found none."><![CDATA[Error: Expected one matching request for criteria "Match URL: https://dbapiservice.onrender.com/dbapis/v1/pincodes", found none.
    at _HttpClientTestingBackend.expectOne (C:\Angular project-2\codebook\node_modules\@angular\common\fesm2022\http\testing.mjs:277:19)
    at C:\Angular project-2\codebook\src\app\pages\pincodes\pincodes.service.spec.ts:92:41
    at Generator.next (<anonymous>)
    at C:\Angular project-2\codebook\node_modules\tslib\tslib.js:170:75
    at new ZoneAwarePromise (C:\Angular project-2\codebook\node_modules\zone.js\bundles\zone.umd.js:2623:29)
    at Object.__awaiter (C:\Angular project-2\codebook\node_modules\tslib\tslib.js:166:16)
    at C:\Angular project-2\codebook\src\app\pages\pincodes\pincodes.service.spec.ts:90:60
    at _ZoneDelegate.invoke (C:\Angular project-2\codebook\node_modules\zone.js\bundles\zone.umd.js:416:32)
    at ProxyZoneSpec.Object.<anonymous>.ProxyZoneSpec.onInvoke (C:\Angular project-2\codebook\node_modules\zone.js\bundles\zone-testing.umd.js:2177:43)
    at _ZoneDelegate.invoke (C:\Angular project-2\codebook\node_modules\zone.js\bundles\zone.umd.js:415:38)
    at ZoneImpl.run (C:\Angular project-2\codebook\node_modules\zone.js\bundles\zone.umd.js:147:47)
    at Object.wrappedFunc (C:\Angular project-2\codebook\node_modules\zone.js\bundles\zone-testing.umd.js:450:38)
    at Promise.then.completed (C:\Angular project-2\codebook\node_modules\jest-circus\build\utils.js:298:28)
    at new Promise (<anonymous>)
    at callAsyncCircusFn (C:\Angular project-2\codebook\node_modules\jest-circus\build\utils.js:231:10)
    at _callCircusTest (C:\Angular project-2\codebook\node_modules\jest-circus\build\run.js:316:40)
    at processTicksAndRejections (node:internal/process/task_queues:105:5)
    at _runTest (C:\Angular project-2\codebook\node_modules\jest-circus\build\run.js:252:3)
    at _runTestsForDescribeBlock (C:\Angular project-2\codebook\node_modules\jest-circus\build\run.js:126:9)
    at _runTestsForDescribeBlock (C:\Angular project-2\codebook\node_modules\jest-circus\build\run.js:121:9)
    at _runTestsForDescribeBlock (C:\Angular project-2\codebook\node_modules\jest-circus\build\run.js:121:9)
    at run (C:\Angular project-2\codebook\node_modules\jest-circus\build\run.js:71:3)
    at runAndTransformResultsToJestFormat (C:\Angular project-2\codebook\node_modules\jest-circus\build\legacy-code-todo-rewrite\jestAdapterInit.js:122:21)]]></failure>
    </testCase>
    <testCase name="PincodesService signals should expose paginatedPincodes signal" duration="42">
      <failure message="Error: Expected one matching request for criteria &quot;Match URL: https://dbapiservice.onrender.com/dbapis/v1/pincodes&quot;, found none."><![CDATA[Error: Expected one matching request for criteria "Match URL: https://dbapiservice.onrender.com/dbapis/v1/pincodes", found none.
    at _HttpClientTestingBackend.expectOne (C:\Angular project-2\codebook\node_modules\@angular\common\fesm2022\http\testing.mjs:277:19)
    at C:\Angular project-2\codebook\src\app\pages\pincodes\pincodes.service.spec.ts:101:41
    at Generator.next (<anonymous>)
    at C:\Angular project-2\codebook\node_modules\tslib\tslib.js:170:75
    at new ZoneAwarePromise (C:\Angular project-2\codebook\node_modules\zone.js\bundles\zone.umd.js:2623:29)
    at Object.__awaiter (C:\Angular project-2\codebook\node_modules\tslib\tslib.js:166:16)
    at C:\Angular project-2\codebook\src\app\pages\pincodes\pincodes.service.spec.ts:99:61
    at _ZoneDelegate.invoke (C:\Angular project-2\codebook\node_modules\zone.js\bundles\zone.umd.js:416:32)
    at ProxyZoneSpec.Object.<anonymous>.ProxyZoneSpec.onInvoke (C:\Angular project-2\codebook\node_modules\zone.js\bundles\zone-testing.umd.js:2177:43)
    at _ZoneDelegate.invoke (C:\Angular project-2\codebook\node_modules\zone.js\bundles\zone.umd.js:415:38)
    at ZoneImpl.run (C:\Angular project-2\codebook\node_modules\zone.js\bundles\zone.umd.js:147:47)
    at Object.wrappedFunc (C:\Angular project-2\codebook\node_modules\zone.js\bundles\zone-testing.umd.js:450:38)
    at Promise.then.completed (C:\Angular project-2\codebook\node_modules\jest-circus\build\utils.js:298:28)
    at new Promise (<anonymous>)
    at callAsyncCircusFn (C:\Angular project-2\codebook\node_modules\jest-circus\build\utils.js:231:10)
    at _callCircusTest (C:\Angular project-2\codebook\node_modules\jest-circus\build\run.js:316:40)
    at processTicksAndRejections (node:internal/process/task_queues:105:5)
    at _runTest (C:\Angular project-2\codebook\node_modules\jest-circus\build\run.js:252:3)
    at _runTestsForDescribeBlock (C:\Angular project-2\codebook\node_modules\jest-circus\build\run.js:126:9)
    at _runTestsForDescribeBlock (C:\Angular project-2\codebook\node_modules\jest-circus\build\run.js:121:9)
    at _runTestsForDescribeBlock (C:\Angular project-2\codebook\node_modules\jest-circus\build\run.js:121:9)
    at run (C:\Angular project-2\codebook\node_modules\jest-circus\build\run.js:71:3)
    at runAndTransformResultsToJestFormat (C:\Angular project-2\codebook\node_modules\jest-circus\build\legacy-code-todo-rewrite\jestAdapterInit.js:122:21)]]></failure>
    </testCase>
    <testCase name="PincodesService signals should expose totalPages signal" duration="42">
      <failure message="Error: Expected one matching request for criteria &quot;Match URL: https://dbapiservice.onrender.com/dbapis/v1/pincodes&quot;, found none."><![CDATA[Error: Expected one matching request for criteria "Match URL: https://dbapiservice.onrender.com/dbapis/v1/pincodes", found none.
    at _HttpClientTestingBackend.expectOne (C:\Angular project-2\codebook\node_modules\@angular\common\fesm2022\http\testing.mjs:277:19)
    at C:\Angular project-2\codebook\src\app\pages\pincodes\pincodes.service.spec.ts:111:41
    at Generator.next (<anonymous>)
    at C:\Angular project-2\codebook\node_modules\tslib\tslib.js:170:75
    at new ZoneAwarePromise (C:\Angular project-2\codebook\node_modules\zone.js\bundles\zone.umd.js:2623:29)
    at Object.__awaiter (C:\Angular project-2\codebook\node_modules\tslib\tslib.js:166:16)
    at C:\Angular project-2\codebook\src\app\pages\pincodes\pincodes.service.spec.ts:109:54
    at _ZoneDelegate.invoke (C:\Angular project-2\codebook\node_modules\zone.js\bundles\zone.umd.js:416:32)
    at ProxyZoneSpec.Object.<anonymous>.ProxyZoneSpec.onInvoke (C:\Angular project-2\codebook\node_modules\zone.js\bundles\zone-testing.umd.js:2177:43)
    at _ZoneDelegate.invoke (C:\Angular project-2\codebook\node_modules\zone.js\bundles\zone.umd.js:415:38)
    at ZoneImpl.run (C:\Angular project-2\codebook\node_modules\zone.js\bundles\zone.umd.js:147:47)
    at Object.wrappedFunc (C:\Angular project-2\codebook\node_modules\zone.js\bundles\zone-testing.umd.js:450:38)
    at Promise.then.completed (C:\Angular project-2\codebook\node_modules\jest-circus\build\utils.js:298:28)
    at new Promise (<anonymous>)
    at callAsyncCircusFn (C:\Angular project-2\codebook\node_modules\jest-circus\build\utils.js:231:10)
    at _callCircusTest (C:\Angular project-2\codebook\node_modules\jest-circus\build\run.js:316:40)
    at processTicksAndRejections (node:internal/process/task_queues:105:5)
    at _runTest (C:\Angular project-2\codebook\node_modules\jest-circus\build\run.js:252:3)
    at _runTestsForDescribeBlock (C:\Angular project-2\codebook\node_modules\jest-circus\build\run.js:126:9)
    at _runTestsForDescribeBlock (C:\Angular project-2\codebook\node_modules\jest-circus\build\run.js:121:9)
    at _runTestsForDescribeBlock (C:\Angular project-2\codebook\node_modules\jest-circus\build\run.js:121:9)
    at run (C:\Angular project-2\codebook\node_modules\jest-circus\build\run.js:71:3)
    at runAndTransformResultsToJestFormat (C:\Angular project-2\codebook\node_modules\jest-circus\build\legacy-code-todo-rewrite\jestAdapterInit.js:122:21)]]></failure>
    </testCase>
    <testCase name="PincodesService signals should expose currentPage signal" duration="25">
      <failure message="Error: Expected one matching request for criteria &quot;Match URL: https://dbapiservice.onrender.com/dbapis/v1/pincodes&quot;, found none."><![CDATA[Error: Expected one matching request for criteria "Match URL: https://dbapiservice.onrender.com/dbapis/v1/pincodes", found none.
    at _HttpClientTestingBackend.expectOne (C:\Angular project-2\codebook\node_modules\@angular\common\fesm2022\http\testing.mjs:277:19)
    at C:\Angular project-2\codebook\src\app\pages\pincodes\pincodes.service.spec.ts:120:41
    at Generator.next (<anonymous>)
    at C:\Angular project-2\codebook\node_modules\tslib\tslib.js:170:75
    at new ZoneAwarePromise (C:\Angular project-2\codebook\node_modules\zone.js\bundles\zone.umd.js:2623:29)
    at Object.__awaiter (C:\Angular project-2\codebook\node_modules\tslib\tslib.js:166:16)
    at C:\Angular project-2\codebook\src\app\pages\pincodes\pincodes.service.spec.ts:118:55
    at _ZoneDelegate.invoke (C:\Angular project-2\codebook\node_modules\zone.js\bundles\zone.umd.js:416:32)
    at ProxyZoneSpec.Object.<anonymous>.ProxyZoneSpec.onInvoke (C:\Angular project-2\codebook\node_modules\zone.js\bundles\zone-testing.umd.js:2177:43)
    at _ZoneDelegate.invoke (C:\Angular project-2\codebook\node_modules\zone.js\bundles\zone.umd.js:415:38)
    at ZoneImpl.run (C:\Angular project-2\codebook\node_modules\zone.js\bundles\zone.umd.js:147:47)
    at Object.wrappedFunc (C:\Angular project-2\codebook\node_modules\zone.js\bundles\zone-testing.umd.js:450:38)
    at Promise.then.completed (C:\Angular project-2\codebook\node_modules\jest-circus\build\utils.js:298:28)
    at new Promise (<anonymous>)
    at callAsyncCircusFn (C:\Angular project-2\codebook\node_modules\jest-circus\build\utils.js:231:10)
    at _callCircusTest (C:\Angular project-2\codebook\node_modules\jest-circus\build\run.js:316:40)
    at processTicksAndRejections (node:internal/process/task_queues:105:5)
    at _runTest (C:\Angular project-2\codebook\node_modules\jest-circus\build\run.js:252:3)
    at _runTestsForDescribeBlock (C:\Angular project-2\codebook\node_modules\jest-circus\build\run.js:126:9)
    at _runTestsForDescribeBlock (C:\Angular project-2\codebook\node_modules\jest-circus\build\run.js:121:9)
    at _runTestsForDescribeBlock (C:\Angular project-2\codebook\node_modules\jest-circus\build\run.js:121:9)
    at run (C:\Angular project-2\codebook\node_modules\jest-circus\build\run.js:71:3)
    at runAndTransformResultsToJestFormat (C:\Angular project-2\codebook\node_modules\jest-circus\build\legacy-code-todo-rewrite\jestAdapterInit.js:122:21)]]></failure>
    </testCase>
    <testCase name="PincodesService signals should expose pageSize signal" duration="8">
      <failure message="Error: Expected one matching request for criteria &quot;Match URL: https://dbapiservice.onrender.com/dbapis/v1/pincodes&quot;, found none."><![CDATA[Error: Expected one matching request for criteria "Match URL: https://dbapiservice.onrender.com/dbapis/v1/pincodes", found none.
    at _HttpClientTestingBackend.expectOne (C:\Angular project-2\codebook\node_modules\@angular\common\fesm2022\http\testing.mjs:277:19)
    at C:\Angular project-2\codebook\src\app\pages\pincodes\pincodes.service.spec.ts:129:41
    at Generator.next (<anonymous>)
    at C:\Angular project-2\codebook\node_modules\tslib\tslib.js:170:75
    at new ZoneAwarePromise (C:\Angular project-2\codebook\node_modules\zone.js\bundles\zone.umd.js:2623:29)
    at Object.__awaiter (C:\Angular project-2\codebook\node_modules\tslib\tslib.js:166:16)
    at C:\Angular project-2\codebook\src\app\pages\pincodes\pincodes.service.spec.ts:127:52
    at _ZoneDelegate.invoke (C:\Angular project-2\codebook\node_modules\zone.js\bundles\zone.umd.js:416:32)
    at ProxyZoneSpec.Object.<anonymous>.ProxyZoneSpec.onInvoke (C:\Angular project-2\codebook\node_modules\zone.js\bundles\zone-testing.umd.js:2177:43)
    at _ZoneDelegate.invoke (C:\Angular project-2\codebook\node_modules\zone.js\bundles\zone.umd.js:415:38)
    at ZoneImpl.run (C:\Angular project-2\codebook\node_modules\zone.js\bundles\zone.umd.js:147:47)
    at Object.wrappedFunc (C:\Angular project-2\codebook\node_modules\zone.js\bundles\zone-testing.umd.js:450:38)
    at Promise.then.completed (C:\Angular project-2\codebook\node_modules\jest-circus\build\utils.js:298:28)
    at new Promise (<anonymous>)
    at callAsyncCircusFn (C:\Angular project-2\codebook\node_modules\jest-circus\build\utils.js:231:10)
    at _callCircusTest (C:\Angular project-2\codebook\node_modules\jest-circus\build\run.js:316:40)
    at processTicksAndRejections (node:internal/process/task_queues:105:5)
    at _runTest (C:\Angular project-2\codebook\node_modules\jest-circus\build\run.js:252:3)
    at _runTestsForDescribeBlock (C:\Angular project-2\codebook\node_modules\jest-circus\build\run.js:126:9)
    at _runTestsForDescribeBlock (C:\Angular project-2\codebook\node_modules\jest-circus\build\run.js:121:9)
    at _runTestsForDescribeBlock (C:\Angular project-2\codebook\node_modules\jest-circus\build\run.js:121:9)
    at run (C:\Angular project-2\codebook\node_modules\jest-circus\build\run.js:71:3)
    at runAndTransformResultsToJestFormat (C:\Angular project-2\codebook\node_modules\jest-circus\build\legacy-code-todo-rewrite\jestAdapterInit.js:122:21)]]></failure>
    </testCase>
    <testCase name="PincodesService signals should expose isLoading signal" duration="23">
      <failure message="TypeError: this.pincodeStore.loadPincodes is not a function"><![CDATA[TypeError: this.pincodeStore.loadPincodes is not a function
    at PincodesService.loadPincodes [as getPincodes] (C:\Angular project-2\codebook\src\app\pages\pincodes\pincodes.service.ts:19:30)
    at C:\Angular project-2\codebook\src\app\pages\pincodes\pincodes.service.spec.ts:138:15
    at _ZoneDelegate.invoke (C:\Angular project-2\codebook\node_modules\zone.js\bundles\zone.umd.js:416:32)
    at ProxyZoneSpec.Object.<anonymous>.ProxyZoneSpec.onInvoke (C:\Angular project-2\codebook\node_modules\zone.js\bundles\zone-testing.umd.js:2177:43)
    at _ZoneDelegate.invoke (C:\Angular project-2\codebook\node_modules\zone.js\bundles\zone.umd.js:415:38)
    at ZoneImpl.run (C:\Angular project-2\codebook\node_modules\zone.js\bundles\zone.umd.js:147:47)
    at Object.wrappedFunc (C:\Angular project-2\codebook\node_modules\zone.js\bundles\zone-testing.umd.js:450:38)
    at Promise.then.completed (C:\Angular project-2\codebook\node_modules\jest-circus\build\utils.js:298:28)
    at new Promise (<anonymous>)
    at callAsyncCircusFn (C:\Angular project-2\codebook\node_modules\jest-circus\build\utils.js:231:10)
    at _callCircusTest (C:\Angular project-2\codebook\node_modules\jest-circus\build\run.js:316:40)
    at processTicksAndRejections (node:internal/process/task_queues:105:5)
    at _runTest (C:\Angular project-2\codebook\node_modules\jest-circus\build\run.js:252:3)
    at _runTestsForDescribeBlock (C:\Angular project-2\codebook\node_modules\jest-circus\build\run.js:126:9)
    at _runTestsForDescribeBlock (C:\Angular project-2\codebook\node_modules\jest-circus\build\run.js:121:9)
    at _runTestsForDescribeBlock (C:\Angular project-2\codebook\node_modules\jest-circus\build\run.js:121:9)
    at run (C:\Angular project-2\codebook\node_modules\jest-circus\build\run.js:71:3)
    at runAndTransformResultsToJestFormat (C:\Angular project-2\codebook\node_modules\jest-circus\build\legacy-code-todo-rewrite\jestAdapterInit.js:122:21)]]></failure>
    </testCase>
    <testCase name="PincodesService signals should expose error signal" duration="8">
      <failure message="Error: Expected one matching request for criteria &quot;Match URL: https://dbapiservice.onrender.com/dbapis/v1/pincodes&quot;, found none."><![CDATA[Error: Expected one matching request for criteria "Match URL: https://dbapiservice.onrender.com/dbapis/v1/pincodes", found none.
    at _HttpClientTestingBackend.expectOne (C:\Angular project-2\codebook\node_modules\@angular\common\fesm2022\http\testing.mjs:277:19)
    at C:\Angular project-2\codebook\src\app\pages\pincodes\pincodes.service.spec.ts:145:41
    at Generator.next (<anonymous>)
    at C:\Angular project-2\codebook\node_modules\tslib\tslib.js:170:75
    at new ZoneAwarePromise (C:\Angular project-2\codebook\node_modules\zone.js\bundles\zone.umd.js:2623:29)
    at Object.__awaiter (C:\Angular project-2\codebook\node_modules\tslib\tslib.js:166:16)
    at C:\Angular project-2\codebook\src\app\pages\pincodes\pincodes.service.spec.ts:143:49
    at _ZoneDelegate.invoke (C:\Angular project-2\codebook\node_modules\zone.js\bundles\zone.umd.js:416:32)
    at ProxyZoneSpec.Object.<anonymous>.ProxyZoneSpec.onInvoke (C:\Angular project-2\codebook\node_modules\zone.js\bundles\zone-testing.umd.js:2177:43)
    at _ZoneDelegate.invoke (C:\Angular project-2\codebook\node_modules\zone.js\bundles\zone.umd.js:415:38)
    at ZoneImpl.run (C:\Angular project-2\codebook\node_modules\zone.js\bundles\zone.umd.js:147:47)
    at Object.wrappedFunc (C:\Angular project-2\codebook\node_modules\zone.js\bundles\zone-testing.umd.js:450:38)
    at Promise.then.completed (C:\Angular project-2\codebook\node_modules\jest-circus\build\utils.js:298:28)
    at new Promise (<anonymous>)
    at callAsyncCircusFn (C:\Angular project-2\codebook\node_modules\jest-circus\build\utils.js:231:10)
    at _callCircusTest (C:\Angular project-2\codebook\node_modules\jest-circus\build\run.js:316:40)
    at processTicksAndRejections (node:internal/process/task_queues:105:5)
    at _runTest (C:\Angular project-2\codebook\node_modules\jest-circus\build\run.js:252:3)
    at _runTestsForDescribeBlock (C:\Angular project-2\codebook\node_modules\jest-circus\build\run.js:126:9)
    at _runTestsForDescribeBlock (C:\Angular project-2\codebook\node_modules\jest-circus\build\run.js:121:9)
    at _runTestsForDescribeBlock (C:\Angular project-2\codebook\node_modules\jest-circus\build\run.js:121:9)
    at run (C:\Angular project-2\codebook\node_modules\jest-circus\build\run.js:71:3)
    at runAndTransformResultsToJestFormat (C:\Angular project-2\codebook\node_modules\jest-circus\build\legacy-code-todo-rewrite\jestAdapterInit.js:122:21)]]></failure>
    </testCase>
    <testCase name="PincodesService getPincodes should call loadPincodes and fetch pincodes from API" duration="8">
      <failure message="TypeError: this.pincodeStore.loadPincodes is not a function"><![CDATA[TypeError: this.pincodeStore.loadPincodes is not a function
    at PincodesService.loadPincodes [as getPincodes] (C:\Angular project-2\codebook\src\app\pages\pincodes\pincodes.service.ts:19:30)
    at C:\Angular project-2\codebook\src\app\pages\pincodes\pincodes.service.spec.ts:155:15
    at Generator.next (<anonymous>)
    at C:\Angular project-2\codebook\node_modules\tslib\tslib.js:170:75
    at new ZoneAwarePromise (C:\Angular project-2\codebook\node_modules\zone.js\bundles\zone.umd.js:2623:29)
    at Object.__awaiter (C:\Angular project-2\codebook\node_modules\tslib\tslib.js:166:16)
    at C:\Angular project-2\codebook\src\app\pages\pincodes\pincodes.service.spec.ts:153:75
    at _ZoneDelegate.invoke (C:\Angular project-2\codebook\node_modules\zone.js\bundles\zone.umd.js:416:32)
    at ProxyZoneSpec.Object.<anonymous>.ProxyZoneSpec.onInvoke (C:\Angular project-2\codebook\node_modules\zone.js\bundles\zone-testing.umd.js:2177:43)
    at _ZoneDelegate.invoke (C:\Angular project-2\codebook\node_modules\zone.js\bundles\zone.umd.js:415:38)
    at ZoneImpl.run (C:\Angular project-2\codebook\node_modules\zone.js\bundles\zone.umd.js:147:47)
    at Object.wrappedFunc (C:\Angular project-2\codebook\node_modules\zone.js\bundles\zone-testing.umd.js:450:38)
    at Promise.then.completed (C:\Angular project-2\codebook\node_modules\jest-circus\build\utils.js:298:28)
    at new Promise (<anonymous>)
    at callAsyncCircusFn (C:\Angular project-2\codebook\node_modules\jest-circus\build\utils.js:231:10)
    at _callCircusTest (C:\Angular project-2\codebook\node_modules\jest-circus\build\run.js:316:40)
    at processTicksAndRejections (node:internal/process/task_queues:105:5)
    at _runTest (C:\Angular project-2\codebook\node_modules\jest-circus\build\run.js:252:3)
    at _runTestsForDescribeBlock (C:\Angular project-2\codebook\node_modules\jest-circus\build\run.js:126:9)
    at _runTestsForDescribeBlock (C:\Angular project-2\codebook\node_modules\jest-circus\build\run.js:121:9)
    at _runTestsForDescribeBlock (C:\Angular project-2\codebook\node_modules\jest-circus\build\run.js:121:9)
    at run (C:\Angular project-2\codebook\node_modules\jest-circus\build\run.js:71:3)
    at runAndTransformResultsToJestFormat (C:\Angular project-2\codebook\node_modules\jest-circus\build\legacy-code-todo-rewrite\jestAdapterInit.js:122:21)]]></failure>
    </testCase>
    <testCase name="PincodesService getPincodes should load pincodes from localStorage if available" duration="22">
      <failure message="TypeError: this.pincodeStore.loadPincodes is not a function"><![CDATA[TypeError: this.pincodeStore.loadPincodes is not a function
    at PincodesService.loadPincodes [as getPincodes] (C:\Angular project-2\codebook\src\app\pages\pincodes\pincodes.service.ts:19:30)
    at C:\Angular project-2\codebook\src\app\pages\pincodes\pincodes.service.spec.ts:166:15
    at Generator.next (<anonymous>)
    at C:\Angular project-2\codebook\node_modules\tslib\tslib.js:170:75
    at new ZoneAwarePromise (C:\Angular project-2\codebook\node_modules\zone.js\bundles\zone.umd.js:2623:29)
    at Object.__awaiter (C:\Angular project-2\codebook\node_modules\tslib\tslib.js:166:16)
    at C:\Angular project-2\codebook\src\app\pages\pincodes\pincodes.service.spec.ts:164:74
    at _ZoneDelegate.invoke (C:\Angular project-2\codebook\node_modules\zone.js\bundles\zone.umd.js:416:32)
    at ProxyZoneSpec.Object.<anonymous>.ProxyZoneSpec.onInvoke (C:\Angular project-2\codebook\node_modules\zone.js\bundles\zone-testing.umd.js:2177:43)
    at _ZoneDelegate.invoke (C:\Angular project-2\codebook\node_modules\zone.js\bundles\zone.umd.js:415:38)
    at ZoneImpl.run (C:\Angular project-2\codebook\node_modules\zone.js\bundles\zone.umd.js:147:47)
    at Object.wrappedFunc (C:\Angular project-2\codebook\node_modules\zone.js\bundles\zone-testing.umd.js:450:38)
    at Promise.then.completed (C:\Angular project-2\codebook\node_modules\jest-circus\build\utils.js:298:28)
    at new Promise (<anonymous>)
    at callAsyncCircusFn (C:\Angular project-2\codebook\node_modules\jest-circus\build\utils.js:231:10)
    at _callCircusTest (C:\Angular project-2\codebook\node_modules\jest-circus\build\run.js:316:40)
    at processTicksAndRejections (node:internal/process/task_queues:105:5)
    at _runTest (C:\Angular project-2\codebook\node_modules\jest-circus\build\run.js:252:3)
    at _runTestsForDescribeBlock (C:\Angular project-2\codebook\node_modules\jest-circus\build\run.js:126:9)
    at _runTestsForDescribeBlock (C:\Angular project-2\codebook\node_modules\jest-circus\build\run.js:121:9)
    at _runTestsForDescribeBlock (C:\Angular project-2\codebook\node_modules\jest-circus\build\run.js:121:9)
    at run (C:\Angular project-2\codebook\node_modules\jest-circus\build\run.js:71:3)
    at runAndTransformResultsToJestFormat (C:\Angular project-2\codebook\node_modules\jest-circus\build\legacy-code-todo-rewrite\jestAdapterInit.js:122:21)]]></failure>
    </testCase>
    <testCase name="PincodesService addPincode should add a pincode and update localStorage" duration="26">
      <failure message="TypeError: this.pincodeStore.addPincode is not a function"><![CDATA[TypeError: this.pincodeStore.addPincode is not a function
    at PincodesService.addPincode (C:\Angular project-2\codebook\src\app\pages\pincodes\pincodes.service.ts:23:30)
    at C:\Angular project-2\codebook\src\app\pages\pincodes\pincodes.service.spec.ts:184:42
    at Generator.next (<anonymous>)
    at C:\Angular project-2\codebook\node_modules\tslib\tslib.js:170:75
    at new ZoneAwarePromise (C:\Angular project-2\codebook\node_modules\zone.js\bundles\zone.umd.js:2623:29)
    at Object.__awaiter (C:\Angular project-2\codebook\node_modules\tslib\tslib.js:166:16)
    at C:\Angular project-2\codebook\src\app\pages\pincodes\pincodes.service.spec.ts:174:67
    at _ZoneDelegate.invoke (C:\Angular project-2\codebook\node_modules\zone.js\bundles\zone.umd.js:416:32)
    at ProxyZoneSpec.Object.<anonymous>.ProxyZoneSpec.onInvoke (C:\Angular project-2\codebook\node_modules\zone.js\bundles\zone-testing.umd.js:2177:43)
    at _ZoneDelegate.invoke (C:\Angular project-2\codebook\node_modules\zone.js\bundles\zone.umd.js:415:38)
    at ZoneImpl.run (C:\Angular project-2\codebook\node_modules\zone.js\bundles\zone.umd.js:147:47)
    at Object.wrappedFunc (C:\Angular project-2\codebook\node_modules\zone.js\bundles\zone-testing.umd.js:450:38)
    at Promise.then.completed (C:\Angular project-2\codebook\node_modules\jest-circus\build\utils.js:298:28)
    at new Promise (<anonymous>)
    at callAsyncCircusFn (C:\Angular project-2\codebook\node_modules\jest-circus\build\utils.js:231:10)
    at _callCircusTest (C:\Angular project-2\codebook\node_modules\jest-circus\build\run.js:316:40)
    at processTicksAndRejections (node:internal/process/task_queues:105:5)
    at _runTest (C:\Angular project-2\codebook\node_modules\jest-circus\build\run.js:252:3)
    at _runTestsForDescribeBlock (C:\Angular project-2\codebook\node_modules\jest-circus\build\run.js:126:9)
    at _runTestsForDescribeBlock (C:\Angular project-2\codebook\node_modules\jest-circus\build\run.js:121:9)
    at _runTestsForDescribeBlock (C:\Angular project-2\codebook\node_modules\jest-circus\build\run.js:121:9)
    at run (C:\Angular project-2\codebook\node_modules\jest-circus\build\run.js:71:3)
    at runAndTransformResultsToJestFormat (C:\Angular project-2\codebook\node_modules\jest-circus\build\legacy-code-todo-rewrite\jestAdapterInit.js:122:21)]]></failure>
    </testCase>
    <testCase name="PincodesService updatePincode should update a pincode and save to localStorage" duration="12">
      <failure message="TypeError: this.pincodeStore.updatePincode is not a function"><![CDATA[TypeError: this.pincodeStore.updatePincode is not a function
    at PincodesService.updatePincode (C:\Angular project-2\codebook\src\app\pages\pincodes\pincodes.service.ts:27:30)
    at C:\Angular project-2\codebook\src\app\pages\pincodes\pincodes.service.spec.ts:199:15
    at Generator.next (<anonymous>)
    at C:\Angular project-2\codebook\node_modules\tslib\tslib.js:170:75
    at new ZoneAwarePromise (C:\Angular project-2\codebook\node_modules\zone.js\bundles\zone.umd.js:2623:29)
    at Object.__awaiter (C:\Angular project-2\codebook\node_modules\tslib\tslib.js:166:16)
    at C:\Angular project-2\codebook\src\app\pages\pincodes\pincodes.service.spec.ts:193:71
    at _ZoneDelegate.invoke (C:\Angular project-2\codebook\node_modules\zone.js\bundles\zone.umd.js:416:32)
    at ProxyZoneSpec.Object.<anonymous>.ProxyZoneSpec.onInvoke (C:\Angular project-2\codebook\node_modules\zone.js\bundles\zone-testing.umd.js:2177:43)
    at _ZoneDelegate.invoke (C:\Angular project-2\codebook\node_modules\zone.js\bundles\zone.umd.js:415:38)
    at ZoneImpl.run (C:\Angular project-2\codebook\node_modules\zone.js\bundles\zone.umd.js:147:47)
    at Object.wrappedFunc (C:\Angular project-2\codebook\node_modules\zone.js\bundles\zone-testing.umd.js:450:38)
    at Promise.then.completed (C:\Angular project-2\codebook\node_modules\jest-circus\build\utils.js:298:28)
    at new Promise (<anonymous>)
    at callAsyncCircusFn (C:\Angular project-2\codebook\node_modules\jest-circus\build\utils.js:231:10)
    at _callCircusTest (C:\Angular project-2\codebook\node_modules\jest-circus\build\run.js:316:40)
    at processTicksAndRejections (node:internal/process/task_queues:105:5)
    at _runTest (C:\Angular project-2\codebook\node_modules\jest-circus\build\run.js:252:3)
    at _runTestsForDescribeBlock (C:\Angular project-2\codebook\node_modules\jest-circus\build\run.js:126:9)
    at _runTestsForDescribeBlock (C:\Angular project-2\codebook\node_modules\jest-circus\build\run.js:121:9)
    at _runTestsForDescribeBlock (C:\Angular project-2\codebook\node_modules\jest-circus\build\run.js:121:9)
    at run (C:\Angular project-2\codebook\node_modules\jest-circus\build\run.js:71:3)
    at runAndTransformResultsToJestFormat (C:\Angular project-2\codebook\node_modules\jest-circus\build\legacy-code-todo-rewrite\jestAdapterInit.js:122:21)]]></failure>
    </testCase>
    <testCase name="PincodesService deletePincode should delete a pincode and update localStorage" duration="25">
      <failure message="TypeError: this.pincodeStore.deletePincode is not a function"><![CDATA[TypeError: this.pincodeStore.deletePincode is not a function
    at PincodesService.deletePincode (C:\Angular project-2\codebook\src\app\pages\pincodes\pincodes.service.ts:31:30)
    at C:\Angular project-2\codebook\src\app\pages\pincodes\pincodes.service.spec.ts:212:15
    at Generator.next (<anonymous>)
    at C:\Angular project-2\codebook\node_modules\tslib\tslib.js:170:75
    at new ZoneAwarePromise (C:\Angular project-2\codebook\node_modules\zone.js\bundles\zone.umd.js:2623:29)
    at Object.__awaiter (C:\Angular project-2\codebook\node_modules\tslib\tslib.js:166:16)
    at C:\Angular project-2\codebook\src\app\pages\pincodes\pincodes.service.spec.ts:210:70
    at _ZoneDelegate.invoke (C:\Angular project-2\codebook\node_modules\zone.js\bundles\zone.umd.js:416:32)
    at ProxyZoneSpec.Object.<anonymous>.ProxyZoneSpec.onInvoke (C:\Angular project-2\codebook\node_modules\zone.js\bundles\zone-testing.umd.js:2177:43)
    at _ZoneDelegate.invoke (C:\Angular project-2\codebook\node_modules\zone.js\bundles\zone.umd.js:415:38)
    at ZoneImpl.run (C:\Angular project-2\codebook\node_modules\zone.js\bundles\zone.umd.js:147:47)
    at Object.wrappedFunc (C:\Angular project-2\codebook\node_modules\zone.js\bundles\zone-testing.umd.js:450:38)
    at Promise.then.completed (C:\Angular project-2\codebook\node_modules\jest-circus\build\utils.js:298:28)
    at new Promise (<anonymous>)
    at callAsyncCircusFn (C:\Angular project-2\codebook\node_modules\jest-circus\build\utils.js:231:10)
    at _callCircusTest (C:\Angular project-2\codebook\node_modules\jest-circus\build\run.js:316:40)
    at processTicksAndRejections (node:internal/process/task_queues:105:5)
    at _runTest (C:\Angular project-2\codebook\node_modules\jest-circus\build\run.js:252:3)
    at _runTestsForDescribeBlock (C:\Angular project-2\codebook\node_modules\jest-circus\build\run.js:126:9)
    at _runTestsForDescribeBlock (C:\Angular project-2\codebook\node_modules\jest-circus\build\run.js:121:9)
    at _runTestsForDescribeBlock (C:\Angular project-2\codebook\node_modules\jest-circus\build\run.js:121:9)
    at run (C:\Angular project-2\codebook\node_modules\jest-circus\build\run.js:71:3)
    at runAndTransformResultsToJestFormat (C:\Angular project-2\codebook\node_modules\jest-circus\build\legacy-code-todo-rewrite\jestAdapterInit.js:122:21)]]></failure>
    </testCase>
    <testCase name="PincodesService setPage should set the current page" duration="8">
      <failure message="TypeError: this.pincodeStore.setPage is not a function"><![CDATA[TypeError: this.pincodeStore.setPage is not a function
    at PincodesService.setPage (C:\Angular project-2\codebook\src\app\pages\pincodes\pincodes.service.ts:35:23)
    at C:\Angular project-2\codebook\src\app\pages\pincodes\pincodes.service.spec.ts:222:15
    at Generator.next (<anonymous>)
    at C:\Angular project-2\codebook\node_modules\tslib\tslib.js:170:75
    at new ZoneAwarePromise (C:\Angular project-2\codebook\node_modules\zone.js\bundles\zone.umd.js:2623:29)
    at Object.__awaiter (C:\Angular project-2\codebook\node_modules\tslib\tslib.js:166:16)
    at C:\Angular project-2\codebook\src\app\pages\pincodes\pincodes.service.spec.ts:220:50
    at _ZoneDelegate.invoke (C:\Angular project-2\codebook\node_modules\zone.js\bundles\zone.umd.js:416:32)
    at ProxyZoneSpec.Object.<anonymous>.ProxyZoneSpec.onInvoke (C:\Angular project-2\codebook\node_modules\zone.js\bundles\zone-testing.umd.js:2177:43)
    at _ZoneDelegate.invoke (C:\Angular project-2\codebook\node_modules\zone.js\bundles\zone.umd.js:415:38)
    at ZoneImpl.run (C:\Angular project-2\codebook\node_modules\zone.js\bundles\zone.umd.js:147:47)
    at Object.wrappedFunc (C:\Angular project-2\codebook\node_modules\zone.js\bundles\zone-testing.umd.js:450:38)
    at Promise.then.completed (C:\Angular project-2\codebook\node_modules\jest-circus\build\utils.js:298:28)
    at new Promise (<anonymous>)
    at callAsyncCircusFn (C:\Angular project-2\codebook\node_modules\jest-circus\build\utils.js:231:10)
    at _callCircusTest (C:\Angular project-2\codebook\node_modules\jest-circus\build\run.js:316:40)
    at processTicksAndRejections (node:internal/process/task_queues:105:5)
    at _runTest (C:\Angular project-2\codebook\node_modules\jest-circus\build\run.js:252:3)
    at _runTestsForDescribeBlock (C:\Angular project-2\codebook\node_modules\jest-circus\build\run.js:126:9)
    at _runTestsForDescribeBlock (C:\Angular project-2\codebook\node_modules\jest-circus\build\run.js:121:9)
    at _runTestsForDescribeBlock (C:\Angular project-2\codebook\node_modules\jest-circus\build\run.js:121:9)
    at run (C:\Angular project-2\codebook\node_modules\jest-circus\build\run.js:71:3)
    at runAndTransformResultsToJestFormat (C:\Angular project-2\codebook\node_modules\jest-circus\build\legacy-code-todo-rewrite\jestAdapterInit.js:122:21)]]></failure>
    </testCase>
    <testCase name="PincodesService setPageSize should set page size and reset to page 1" duration="7">
      <failure message="TypeError: this.pincodeStore.setPageSize is not a function"><![CDATA[TypeError: this.pincodeStore.setPageSize is not a function
    at PincodesService.setPageSize (C:\Angular project-2\codebook\src\app\pages\pincodes\pincodes.service.ts:39:23)
    at C:\Angular project-2\codebook\src\app\pages\pincodes\pincodes.service.spec.ts:230:15
    at Generator.next (<anonymous>)
    at C:\Angular project-2\codebook\node_modules\tslib\tslib.js:170:75
    at new ZoneAwarePromise (C:\Angular project-2\codebook\node_modules\zone.js\bundles\zone.umd.js:2623:29)
    at Object.__awaiter (C:\Angular project-2\codebook\node_modules\tslib\tslib.js:166:16)
    at C:\Angular project-2\codebook\src\app\pages\pincodes\pincodes.service.spec.ts:228:63
    at _ZoneDelegate.invoke (C:\Angular project-2\codebook\node_modules\zone.js\bundles\zone.umd.js:416:32)
    at ProxyZoneSpec.Object.<anonymous>.ProxyZoneSpec.onInvoke (C:\Angular project-2\codebook\node_modules\zone.js\bundles\zone-testing.umd.js:2177:43)
    at _ZoneDelegate.invoke (C:\Angular project-2\codebook\node_modules\zone.js\bundles\zone.umd.js:415:38)
    at ZoneImpl.run (C:\Angular project-2\codebook\node_modules\zone.js\bundles\zone.umd.js:147:47)
    at Object.wrappedFunc (C:\Angular project-2\codebook\node_modules\zone.js\bundles\zone-testing.umd.js:450:38)
    at Promise.then.completed (C:\Angular project-2\codebook\node_modules\jest-circus\build\utils.js:298:28)
    at new Promise (<anonymous>)
    at callAsyncCircusFn (C:\Angular project-2\codebook\node_modules\jest-circus\build\utils.js:231:10)
    at _callCircusTest (C:\Angular project-2\codebook\node_modules\jest-circus\build\run.js:316:40)
    at processTicksAndRejections (node:internal/process/task_queues:105:5)
    at _runTest (C:\Angular project-2\codebook\node_modules\jest-circus\build\run.js:252:3)
    at _runTestsForDescribeBlock (C:\Angular project-2\codebook\node_modules\jest-circus\build\run.js:126:9)
    at _runTestsForDescribeBlock (C:\Angular project-2\codebook\node_modules\jest-circus\build\run.js:121:9)
    at _runTestsForDescribeBlock (C:\Angular project-2\codebook\node_modules\jest-circus\build\run.js:121:9)
    at run (C:\Angular project-2\codebook\node_modules\jest-circus\build\run.js:71:3)
    at runAndTransformResultsToJestFormat (C:\Angular project-2\codebook\node_modules\jest-circus\build\legacy-code-todo-rewrite\jestAdapterInit.js:122:21)]]></failure>
    </testCase>
    <testCase name="PincodesService setSearchQuery should set search query and reset to page 1" duration="8">
      <failure message="TypeError: this.pincodeStore.setSearchQuery is not a function"><![CDATA[TypeError: this.pincodeStore.setSearchQuery is not a function
    at PincodesService.setSearchQuery (C:\Angular project-2\codebook\src\app\pages\pincodes\pincodes.service.ts:43:23)
    at C:\Angular project-2\codebook\src\app\pages\pincodes\pincodes.service.spec.ts:239:15
    at Generator.next (<anonymous>)
    at C:\Angular project-2\codebook\node_modules\tslib\tslib.js:170:75
    at new ZoneAwarePromise (C:\Angular project-2\codebook\node_modules\zone.js\bundles\zone.umd.js:2623:29)
    at Object.__awaiter (C:\Angular project-2\codebook\node_modules\tslib\tslib.js:166:16)
    at C:\Angular project-2\codebook\src\app\pages\pincodes\pincodes.service.spec.ts:237:66
    at _ZoneDelegate.invoke (C:\Angular project-2\codebook\node_modules\zone.js\bundles\zone.umd.js:416:32)
    at ProxyZoneSpec.Object.<anonymous>.ProxyZoneSpec.onInvoke (C:\Angular project-2\codebook\node_modules\zone.js\bundles\zone-testing.umd.js:2177:43)
    at _ZoneDelegate.invoke (C:\Angular project-2\codebook\node_modules\zone.js\bundles\zone.umd.js:415:38)
    at ZoneImpl.run (C:\Angular project-2\codebook\node_modules\zone.js\bundles\zone.umd.js:147:47)
    at Object.wrappedFunc (C:\Angular project-2\codebook\node_modules\zone.js\bundles\zone-testing.umd.js:450:38)
    at Promise.then.completed (C:\Angular project-2\codebook\node_modules\jest-circus\build\utils.js:298:28)
    at new Promise (<anonymous>)
    at callAsyncCircusFn (C:\Angular project-2\codebook\node_modules\jest-circus\build\utils.js:231:10)
    at _callCircusTest (C:\Angular project-2\codebook\node_modules\jest-circus\build\run.js:316:40)
    at processTicksAndRejections (node:internal/process/task_queues:105:5)
    at _runTest (C:\Angular project-2\codebook\node_modules\jest-circus\build\run.js:252:3)
    at _runTestsForDescribeBlock (C:\Angular project-2\codebook\node_modules\jest-circus\build\run.js:126:9)
    at _runTestsForDescribeBlock (C:\Angular project-2\codebook\node_modules\jest-circus\build\run.js:121:9)
    at _runTestsForDescribeBlock (C:\Angular project-2\codebook\node_modules\jest-circus\build\run.js:121:9)
    at run (C:\Angular project-2\codebook\node_modules\jest-circus\build\run.js:71:3)
    at runAndTransformResultsToJestFormat (C:\Angular project-2\codebook\node_modules\jest-circus\build\legacy-code-todo-rewrite\jestAdapterInit.js:122:21)]]></failure>
    </testCase>
    <testCase name="PincodesService sortPincodes should sort pincodes by field in ascending order" duration="8">
      <failure message="TypeError: this.pincodeStore.sortPincodes is not a function"><![CDATA[TypeError: this.pincodeStore.sortPincodes is not a function
    at PincodesService.sortPincodes (C:\Angular project-2\codebook\src\app\pages\pincodes\pincodes.service.ts:47:23)
    at C:\Angular project-2\codebook\src\app\pages\pincodes\pincodes.service.spec.ts:248:15
    at Generator.next (<anonymous>)
    at C:\Angular project-2\codebook\node_modules\tslib\tslib.js:170:75
    at new ZoneAwarePromise (C:\Angular project-2\codebook\node_modules\zone.js\bundles\zone.umd.js:2623:29)
    at Object.__awaiter (C:\Angular project-2\codebook\node_modules\tslib\tslib.js:166:16)
    at C:\Angular project-2\codebook\src\app\pages\pincodes\pincodes.service.spec.ts:246:71
    at _ZoneDelegate.invoke (C:\Angular project-2\codebook\node_modules\zone.js\bundles\zone.umd.js:416:32)
    at ProxyZoneSpec.Object.<anonymous>.ProxyZoneSpec.onInvoke (C:\Angular project-2\codebook\node_modules\zone.js\bundles\zone-testing.umd.js:2177:43)
    at _ZoneDelegate.invoke (C:\Angular project-2\codebook\node_modules\zone.js\bundles\zone.umd.js:415:38)
    at ZoneImpl.run (C:\Angular project-2\codebook\node_modules\zone.js\bundles\zone.umd.js:147:47)
    at Object.wrappedFunc (C:\Angular project-2\codebook\node_modules\zone.js\bundles\zone-testing.umd.js:450:38)
    at Promise.then.completed (C:\Angular project-2\codebook\node_modules\jest-circus\build\utils.js:298:28)
    at new Promise (<anonymous>)
    at callAsyncCircusFn (C:\Angular project-2\codebook\node_modules\jest-circus\build\utils.js:231:10)
    at _callCircusTest (C:\Angular project-2\codebook\node_modules\jest-circus\build\run.js:316:40)
    at processTicksAndRejections (node:internal/process/task_queues:105:5)
    at _runTest (C:\Angular project-2\codebook\node_modules\jest-circus\build\run.js:252:3)
    at _runTestsForDescribeBlock (C:\Angular project-2\codebook\node_modules\jest-circus\build\run.js:126:9)
    at _runTestsForDescribeBlock (C:\Angular project-2\codebook\node_modules\jest-circus\build\run.js:121:9)
    at _runTestsForDescribeBlock (C:\Angular project-2\codebook\node_modules\jest-circus\build\run.js:121:9)
    at run (C:\Angular project-2\codebook\node_modules\jest-circus\build\run.js:71:3)
    at runAndTransformResultsToJestFormat (C:\Angular project-2\codebook\node_modules\jest-circus\build\legacy-code-todo-rewrite\jestAdapterInit.js:122:21)]]></failure>
    </testCase>
    <testCase name="PincodesService sortPincodes should sort pincodes by field in descending order" duration="8">
      <failure message="TypeError: this.pincodeStore.sortPincodes is not a function"><![CDATA[TypeError: this.pincodeStore.sortPincodes is not a function
    at PincodesService.sortPincodes (C:\Angular project-2\codebook\src\app\pages\pincodes\pincodes.service.ts:47:23)
    at C:\Angular project-2\codebook\src\app\pages\pincodes\pincodes.service.spec.ts:256:15
    at Generator.next (<anonymous>)
    at C:\Angular project-2\codebook\node_modules\tslib\tslib.js:170:75
    at new ZoneAwarePromise (C:\Angular project-2\codebook\node_modules\zone.js\bundles\zone.umd.js:2623:29)
    at Object.__awaiter (C:\Angular project-2\codebook\node_modules\tslib\tslib.js:166:16)
    at C:\Angular project-2\codebook\src\app\pages\pincodes\pincodes.service.spec.ts:254:72
    at _ZoneDelegate.invoke (C:\Angular project-2\codebook\node_modules\zone.js\bundles\zone.umd.js:416:32)
    at ProxyZoneSpec.Object.<anonymous>.ProxyZoneSpec.onInvoke (C:\Angular project-2\codebook\node_modules\zone.js\bundles\zone-testing.umd.js:2177:43)
    at _ZoneDelegate.invoke (C:\Angular project-2\codebook\node_modules\zone.js\bundles\zone.umd.js:415:38)
    at ZoneImpl.run (C:\Angular project-2\codebook\node_modules\zone.js\bundles\zone.umd.js:147:47)
    at Object.wrappedFunc (C:\Angular project-2\codebook\node_modules\zone.js\bundles\zone-testing.umd.js:450:38)
    at Promise.then.completed (C:\Angular project-2\codebook\node_modules\jest-circus\build\utils.js:298:28)
    at new Promise (<anonymous>)
    at callAsyncCircusFn (C:\Angular project-2\codebook\node_modules\jest-circus\build\utils.js:231:10)
    at _callCircusTest (C:\Angular project-2\codebook\node_modules\jest-circus\build\run.js:316:40)
    at processTicksAndRejections (node:internal/process/task_queues:105:5)
    at _runTest (C:\Angular project-2\codebook\node_modules\jest-circus\build\run.js:252:3)
    at _runTestsForDescribeBlock (C:\Angular project-2\codebook\node_modules\jest-circus\build\run.js:126:9)
    at _runTestsForDescribeBlock (C:\Angular project-2\codebook\node_modules\jest-circus\build\run.js:121:9)
    at _runTestsForDescribeBlock (C:\Angular project-2\codebook\node_modules\jest-circus\build\run.js:121:9)
    at run (C:\Angular project-2\codebook\node_modules\jest-circus\build\run.js:71:3)
    at runAndTransformResultsToJestFormat (C:\Angular project-2\codebook\node_modules\jest-circus\build\legacy-code-todo-rewrite\jestAdapterInit.js:122:21)]]></failure>
    </testCase>
  </file>
  <file path="C:\Angular project-2\codebook\src\app\dashboard-selector\dashboard-selector.component.spec.ts">
    <testCase name="DashboardSelectorComponent should create" duration="209"/>
    <testCase name="DashboardSelectorComponent should navigate to main-dashboard when navigateToDashboard1 is called" duration="59"/>
    <testCase name="DashboardSelectorComponent should navigate to main-dashboard-2 when navigateToDashboard2 is called" duration="56"/>
    <testCase name="DashboardSelectorComponent should render the title correctly" duration="103"/>
    <testCase name="DashboardSelectorComponent should render two mat-card elements" duration="61"/>
    <testCase name="DashboardSelectorComponent should render Dashboard 1 card with correct content" duration="76">
      <failure message="Error: expect(received).toContain(expected) // indexOf"><![CDATA[Error: expect(received).toContain(expected) // indexOf

Expected value:  "mat-raised-button"
Received object: {"0": "mdc-button", "1": "mdc-button--raised", "2": "mat-mdc-raised-button", "3": "mat-primary", "4": "mat-mdc-button-base"}
    at C:\Angular project-2\codebook\src\app\dashboard-selector\dashboard-selector.component.spec.ts:110:30
    at _ZoneDelegate.invoke (C:\Angular project-2\codebook\node_modules\zone.js\bundles\zone.umd.js:416:32)
    at ProxyZoneSpec.Object.<anonymous>.ProxyZoneSpec.onInvoke (C:\Angular project-2\codebook\node_modules\zone.js\bundles\zone-testing.umd.js:2177:43)
    at _ZoneDelegate.invoke (C:\Angular project-2\codebook\node_modules\zone.js\bundles\zone.umd.js:415:38)
    at ZoneImpl.run (C:\Angular project-2\codebook\node_modules\zone.js\bundles\zone.umd.js:147:47)
    at Object.wrappedFunc (C:\Angular project-2\codebook\node_modules\zone.js\bundles\zone-testing.umd.js:450:38)
    at Promise.then.completed (C:\Angular project-2\codebook\node_modules\jest-circus\build\utils.js:298:28)
    at new Promise (<anonymous>)
    at callAsyncCircusFn (C:\Angular project-2\codebook\node_modules\jest-circus\build\utils.js:231:10)
    at _callCircusTest (C:\Angular project-2\codebook\node_modules\jest-circus\build\run.js:316:40)
    at processTicksAndRejections (node:internal/process/task_queues:105:5)
    at _runTest (C:\Angular project-2\codebook\node_modules\jest-circus\build\run.js:252:3)
    at _runTestsForDescribeBlock (C:\Angular project-2\codebook\node_modules\jest-circus\build\run.js:126:9)
    at _runTestsForDescribeBlock (C:\Angular project-2\codebook\node_modules\jest-circus\build\run.js:121:9)
    at run (C:\Angular project-2\codebook\node_modules\jest-circus\build\run.js:71:3)
    at runAndTransformResultsToJestFormat (C:\Angular project-2\codebook\node_modules\jest-circus\build\legacy-code-todo-rewrite\jestAdapterInit.js:122:21)]]></failure>
    </testCase>
    <testCase name="DashboardSelectorComponent should render Dashboard 2 card with correct content" duration="86">
      <failure message="Error: expect(received).toContain(expected) // indexOf"><![CDATA[Error: expect(received).toContain(expected) // indexOf

Expected value:  "mat-raised-button"
Received object: {"0": "mdc-button", "1": "mdc-button--raised", "2": "mat-mdc-raised-button", "3": "mat-primary", "4": "mat-mdc-button-base"}
    at C:\Angular project-2\codebook\src\app\dashboard-selector\dashboard-selector.component.spec.ts:151:30
    at _ZoneDelegate.invoke (C:\Angular project-2\codebook\node_modules\zone.js\bundles\zone.umd.js:416:32)
    at ProxyZoneSpec.Object.<anonymous>.ProxyZoneSpec.onInvoke (C:\Angular project-2\codebook\node_modules\zone.js\bundles\zone-testing.umd.js:2177:43)
    at _ZoneDelegate.invoke (C:\Angular project-2\codebook\node_modules\zone.js\bundles\zone.umd.js:415:38)
    at ZoneImpl.run (C:\Angular project-2\codebook\node_modules\zone.js\bundles\zone.umd.js:147:47)
    at Object.wrappedFunc (C:\Angular project-2\codebook\node_modules\zone.js\bundles\zone-testing.umd.js:450:38)
    at Promise.then.completed (C:\Angular project-2\codebook\node_modules\jest-circus\build\utils.js:298:28)
    at new Promise (<anonymous>)
    at callAsyncCircusFn (C:\Angular project-2\codebook\node_modules\jest-circus\build\utils.js:231:10)
    at _callCircusTest (C:\Angular project-2\codebook\node_modules\jest-circus\build\run.js:316:40)
    at processTicksAndRejections (node:internal/process/task_queues:105:5)
    at _runTest (C:\Angular project-2\codebook\node_modules\jest-circus\build\run.js:252:3)
    at _runTestsForDescribeBlock (C:\Angular project-2\codebook\node_modules\jest-circus\build\run.js:126:9)
    at _runTestsForDescribeBlock (C:\Angular project-2\codebook\node_modules\jest-circus\build\run.js:121:9)
    at run (C:\Angular project-2\codebook\node_modules\jest-circus\build\run.js:71:3)
    at runAndTransformResultsToJestFormat (C:\Angular project-2\codebook\node_modules\jest-circus\build\legacy-code-todo-rewrite\jestAdapterInit.js:122:21)]]></failure>
    </testCase>
    <testCase name="DashboardSelectorComponent should call navigateToDashboard1 when Dashboard 1 button is clicked" duration="97"/>
    <testCase name="DashboardSelectorComponent should call navigateToDashboard2 when Dashboard 2 button is clicked" duration="66"/>
    <testCase name="DashboardSelectorComponent should have correct classes on the container div" duration="66"/>
    <testCase name="DashboardSelectorComponent should have correct classes on the grid div" duration="79"/>
  </file>
  <file path="C:\Angular project-2\codebook\src\app\pages\categories\categories.component.spec.ts">
    <testCase name="CategoriesComponent should create the component" duration="1688"/>
    <testCase name="CategoriesComponent should initialize in ngOnInit and set up subscriptions" duration="1816"/>
    <testCase name="CategoriesComponent should unsubscribe in ngOnDestroy" duration="443"/>
    <testCase name="CategoriesComponent should not throw error if breakpointSubscription is undefined in ngOnDestroy" duration="278"/>
    <testCase name="CategoriesComponent should update displayed columns for mobile" duration="199"/>
    <testCase name="CategoriesComponent should update displayed columns for tablet" duration="259"/>
    <testCase name="CategoriesComponent should update displayed columns for desktop" duration="213"/>
    <testCase name="CategoriesComponent should refresh table" duration="417"/>
    <testCase name="CategoriesComponent should handle refresh table when search input is not found" duration="231"/>
    <testCase name="CategoriesComponent should open add category dialog" duration="2077">
      <failure message="TypeError: Cannot read properties of undefined (reading &apos;push&apos;)"><![CDATA[TypeError: Cannot read properties of undefined (reading 'push')
    at _MatDialog.open (C:\Angular project-2\codebook\node_modules\@angular\material\fesm2022\module-c1a8b4bb.mjs:638:26)
    at CategoriesComponent.open [as openAddCategoryDialog] (C:\Angular project-2\codebook\src\app\pages\categories\categories.component.ts:101:35)
    at C:\Angular project-2\codebook\src\app\pages\categories\categories.component.spec.ts:208:15
    at fakeAsyncFn (C:\Angular project-2\codebook\node_modules\zone.js\bundles\zone-testing.umd.js:1795:30)
    at _ZoneDelegate.invoke (C:\Angular project-2\codebook\node_modules\zone.js\bundles\zone.umd.js:416:32)
    at ProxyZoneSpec.Object.<anonymous>.ProxyZoneSpec.onInvoke (C:\Angular project-2\codebook\node_modules\zone.js\bundles\zone-testing.umd.js:2177:43)
    at _ZoneDelegate.invoke (C:\Angular project-2\codebook\node_modules\zone.js\bundles\zone.umd.js:415:38)
    at ZoneImpl.run (C:\Angular project-2\codebook\node_modules\zone.js\bundles\zone.umd.js:147:47)
    at Object.wrappedFunc (C:\Angular project-2\codebook\node_modules\zone.js\bundles\zone-testing.umd.js:450:38)
    at Promise.then.completed (C:\Angular project-2\codebook\node_modules\jest-circus\build\utils.js:298:28)
    at new Promise (<anonymous>)
    at callAsyncCircusFn (C:\Angular project-2\codebook\node_modules\jest-circus\build\utils.js:231:10)
    at _callCircusTest (C:\Angular project-2\codebook\node_modules\jest-circus\build\run.js:316:40)
    at processTicksAndRejections (node:internal/process/task_queues:105:5)
    at _runTest (C:\Angular project-2\codebook\node_modules\jest-circus\build\run.js:252:3)
    at _runTestsForDescribeBlock (C:\Angular project-2\codebook\node_modules\jest-circus\build\run.js:126:9)
    at _runTestsForDescribeBlock (C:\Angular project-2\codebook\node_modules\jest-circus\build\run.js:121:9)
    at run (C:\Angular project-2\codebook\node_modules\jest-circus\build\run.js:71:3)
    at runAndTransformResultsToJestFormat (C:\Angular project-2\codebook\node_modules\jest-circus\build\legacy-code-todo-rewrite\jestAdapterInit.js:122:21)]]></failure>
    </testCase>
    <testCase name="CategoriesComponent should open add category dialog with mobile width" duration="391">
      <failure message="TypeError: Cannot read properties of undefined (reading &apos;push&apos;)"><![CDATA[TypeError: Cannot read properties of undefined (reading 'push')
    at _MatDialog.open (C:\Angular project-2\codebook\node_modules\@angular\material\fesm2022\module-c1a8b4bb.mjs:638:26)
    at CategoriesComponent.open [as openAddCategoryDialog] (C:\Angular project-2\codebook\src\app\pages\categories\categories.component.ts:101:35)
    at C:\Angular project-2\codebook\src\app\pages\categories\categories.component.spec.ts:221:15
    at fakeAsyncFn (C:\Angular project-2\codebook\node_modules\zone.js\bundles\zone-testing.umd.js:1795:30)
    at _ZoneDelegate.invoke (C:\Angular project-2\codebook\node_modules\zone.js\bundles\zone.umd.js:416:32)
    at ProxyZoneSpec.Object.<anonymous>.ProxyZoneSpec.onInvoke (C:\Angular project-2\codebook\node_modules\zone.js\bundles\zone-testing.umd.js:2177:43)
    at _ZoneDelegate.invoke (C:\Angular project-2\codebook\node_modules\zone.js\bundles\zone.umd.js:415:38)
    at ZoneImpl.run (C:\Angular project-2\codebook\node_modules\zone.js\bundles\zone.umd.js:147:47)
    at Object.wrappedFunc (C:\Angular project-2\codebook\node_modules\zone.js\bundles\zone-testing.umd.js:450:38)
    at Promise.then.completed (C:\Angular project-2\codebook\node_modules\jest-circus\build\utils.js:298:28)
    at new Promise (<anonymous>)
    at callAsyncCircusFn (C:\Angular project-2\codebook\node_modules\jest-circus\build\utils.js:231:10)
    at _callCircusTest (C:\Angular project-2\codebook\node_modules\jest-circus\build\run.js:316:40)
    at processTicksAndRejections (node:internal/process/task_queues:105:5)
    at _runTest (C:\Angular project-2\codebook\node_modules\jest-circus\build\run.js:252:3)
    at _runTestsForDescribeBlock (C:\Angular project-2\codebook\node_modules\jest-circus\build\run.js:126:9)
    at _runTestsForDescribeBlock (C:\Angular project-2\codebook\node_modules\jest-circus\build\run.js:121:9)
    at run (C:\Angular project-2\codebook\node_modules\jest-circus\build\run.js:71:3)
    at runAndTransformResultsToJestFormat (C:\Angular project-2\codebook\node_modules\jest-circus\build\legacy-code-todo-rewrite\jestAdapterInit.js:122:21)]]></failure>
    </testCase>
    <testCase name="CategoriesComponent should open add category dialog with tablet width" duration="306">
      <failure message="TypeError: Cannot read properties of undefined (reading &apos;push&apos;)"><![CDATA[TypeError: Cannot read properties of undefined (reading 'push')
    at _MatDialog.open (C:\Angular project-2\codebook\node_modules\@angular\material\fesm2022\module-c1a8b4bb.mjs:638:26)
    at CategoriesComponent.open [as openAddCategoryDialog] (C:\Angular project-2\codebook\src\app\pages\categories\categories.component.ts:101:35)
    at C:\Angular project-2\codebook\src\app\pages\categories\categories.component.spec.ts:234:15
    at fakeAsyncFn (C:\Angular project-2\codebook\node_modules\zone.js\bundles\zone-testing.umd.js:1795:30)
    at _ZoneDelegate.invoke (C:\Angular project-2\codebook\node_modules\zone.js\bundles\zone.umd.js:416:32)
    at ProxyZoneSpec.Object.<anonymous>.ProxyZoneSpec.onInvoke (C:\Angular project-2\codebook\node_modules\zone.js\bundles\zone-testing.umd.js:2177:43)
    at _ZoneDelegate.invoke (C:\Angular project-2\codebook\node_modules\zone.js\bundles\zone.umd.js:415:38)
    at ZoneImpl.run (C:\Angular project-2\codebook\node_modules\zone.js\bundles\zone.umd.js:147:47)
    at Object.wrappedFunc (C:\Angular project-2\codebook\node_modules\zone.js\bundles\zone-testing.umd.js:450:38)
    at Promise.then.completed (C:\Angular project-2\codebook\node_modules\jest-circus\build\utils.js:298:28)
    at new Promise (<anonymous>)
    at callAsyncCircusFn (C:\Angular project-2\codebook\node_modules\jest-circus\build\utils.js:231:10)
    at _callCircusTest (C:\Angular project-2\codebook\node_modules\jest-circus\build\run.js:316:40)
    at processTicksAndRejections (node:internal/process/task_queues:105:5)
    at _runTest (C:\Angular project-2\codebook\node_modules\jest-circus\build\run.js:252:3)
    at _runTestsForDescribeBlock (C:\Angular project-2\codebook\node_modules\jest-circus\build\run.js:126:9)
    at _runTestsForDescribeBlock (C:\Angular project-2\codebook\node_modules\jest-circus\build\run.js:121:9)
    at run (C:\Angular project-2\codebook\node_modules\jest-circus\build\run.js:71:3)
    at runAndTransformResultsToJestFormat (C:\Angular project-2\codebook\node_modules\jest-circus\build\legacy-code-todo-rewrite\jestAdapterInit.js:122:21)]]></failure>
    </testCase>
    <testCase name="CategoriesComponent should handle add category dialog with no result" duration="328">
      <failure message="TypeError: Cannot read properties of undefined (reading &apos;push&apos;)"><![CDATA[TypeError: Cannot read properties of undefined (reading 'push')
    at _MatDialog.open (C:\Angular project-2\codebook\node_modules\@angular\material\fesm2022\module-c1a8b4bb.mjs:638:26)
    at CategoriesComponent.open [as openAddCategoryDialog] (C:\Angular project-2\codebook\src\app\pages\categories\categories.component.ts:101:35)
    at C:\Angular project-2\codebook\src\app\pages\categories\categories.component.spec.ts:248:15
    at fakeAsyncFn (C:\Angular project-2\codebook\node_modules\zone.js\bundles\zone-testing.umd.js:1795:30)
    at _ZoneDelegate.invoke (C:\Angular project-2\codebook\node_modules\zone.js\bundles\zone.umd.js:416:32)
    at ProxyZoneSpec.Object.<anonymous>.ProxyZoneSpec.onInvoke (C:\Angular project-2\codebook\node_modules\zone.js\bundles\zone-testing.umd.js:2177:43)
    at _ZoneDelegate.invoke (C:\Angular project-2\codebook\node_modules\zone.js\bundles\zone.umd.js:415:38)
    at ZoneImpl.run (C:\Angular project-2\codebook\node_modules\zone.js\bundles\zone.umd.js:147:47)
    at Object.wrappedFunc (C:\Angular project-2\codebook\node_modules\zone.js\bundles\zone-testing.umd.js:450:38)
    at Promise.then.completed (C:\Angular project-2\codebook\node_modules\jest-circus\build\utils.js:298:28)
    at new Promise (<anonymous>)
    at callAsyncCircusFn (C:\Angular project-2\codebook\node_modules\jest-circus\build\utils.js:231:10)
    at _callCircusTest (C:\Angular project-2\codebook\node_modules\jest-circus\build\run.js:316:40)
    at processTicksAndRejections (node:internal/process/task_queues:105:5)
    at _runTest (C:\Angular project-2\codebook\node_modules\jest-circus\build\run.js:252:3)
    at _runTestsForDescribeBlock (C:\Angular project-2\codebook\node_modules\jest-circus\build\run.js:126:9)
    at _runTestsForDescribeBlock (C:\Angular project-2\codebook\node_modules\jest-circus\build\run.js:121:9)
    at run (C:\Angular project-2\codebook\node_modules\jest-circus\build\run.js:71:3)
    at runAndTransformResultsToJestFormat (C:\Angular project-2\codebook\node_modules\jest-circus\build\legacy-code-todo-rewrite\jestAdapterInit.js:122:21)]]></failure>
    </testCase>
    <testCase name="CategoriesComponent should open edit category dialog" duration="591">
      <failure message="TypeError: Cannot read properties of undefined (reading &apos;push&apos;)"><![CDATA[TypeError: Cannot read properties of undefined (reading 'push')
    at _MatDialog.open (C:\Angular project-2\codebook\node_modules\@angular\material\fesm2022\module-c1a8b4bb.mjs:638:26)
    at CategoriesComponent.open [as startEdit] (C:\Angular project-2\codebook\src\app\pages\categories\categories.component.ts:117:35)
    at C:\Angular project-2\codebook\src\app\pages\categories\categories.component.spec.ts:267:15
    at fakeAsyncFn (C:\Angular project-2\codebook\node_modules\zone.js\bundles\zone-testing.umd.js:1795:30)
    at _ZoneDelegate.invoke (C:\Angular project-2\codebook\node_modules\zone.js\bundles\zone.umd.js:416:32)
    at ProxyZoneSpec.Object.<anonymous>.ProxyZoneSpec.onInvoke (C:\Angular project-2\codebook\node_modules\zone.js\bundles\zone-testing.umd.js:2177:43)
    at _ZoneDelegate.invoke (C:\Angular project-2\codebook\node_modules\zone.js\bundles\zone.umd.js:415:38)
    at ZoneImpl.run (C:\Angular project-2\codebook\node_modules\zone.js\bundles\zone.umd.js:147:47)
    at Object.wrappedFunc (C:\Angular project-2\codebook\node_modules\zone.js\bundles\zone-testing.umd.js:450:38)
    at Promise.then.completed (C:\Angular project-2\codebook\node_modules\jest-circus\build\utils.js:298:28)
    at new Promise (<anonymous>)
    at callAsyncCircusFn (C:\Angular project-2\codebook\node_modules\jest-circus\build\utils.js:231:10)
    at _callCircusTest (C:\Angular project-2\codebook\node_modules\jest-circus\build\run.js:316:40)
    at processTicksAndRejections (node:internal/process/task_queues:105:5)
    at _runTest (C:\Angular project-2\codebook\node_modules\jest-circus\build\run.js:252:3)
    at _runTestsForDescribeBlock (C:\Angular project-2\codebook\node_modules\jest-circus\build\run.js:126:9)
    at _runTestsForDescribeBlock (C:\Angular project-2\codebook\node_modules\jest-circus\build\run.js:121:9)
    at run (C:\Angular project-2\codebook\node_modules\jest-circus\build\run.js:71:3)
    at runAndTransformResultsToJestFormat (C:\Angular project-2\codebook\node_modules\jest-circus\build\legacy-code-todo-rewrite\jestAdapterInit.js:122:21)]]></failure>
    </testCase>
    <testCase name="CategoriesComponent should handle edit category dialog with no result" duration="370">
      <failure message="TypeError: Cannot read properties of undefined (reading &apos;push&apos;)"><![CDATA[TypeError: Cannot read properties of undefined (reading 'push')
    at _MatDialog.open (C:\Angular project-2\codebook\node_modules\@angular\material\fesm2022\module-c1a8b4bb.mjs:638:26)
    at CategoriesComponent.open [as startEdit] (C:\Angular project-2\codebook\src\app\pages\categories\categories.component.ts:117:35)
    at C:\Angular project-2\codebook\src\app\pages\categories\categories.component.spec.ts:293:15
    at fakeAsyncFn (C:\Angular project-2\codebook\node_modules\zone.js\bundles\zone-testing.umd.js:1795:30)
    at _ZoneDelegate.invoke (C:\Angular project-2\codebook\node_modules\zone.js\bundles\zone.umd.js:416:32)
    at ProxyZoneSpec.Object.<anonymous>.ProxyZoneSpec.onInvoke (C:\Angular project-2\codebook\node_modules\zone.js\bundles\zone-testing.umd.js:2177:43)
    at _ZoneDelegate.invoke (C:\Angular project-2\codebook\node_modules\zone.js\bundles\zone.umd.js:415:38)
    at ZoneImpl.run (C:\Angular project-2\codebook\node_modules\zone.js\bundles\zone.umd.js:147:47)
    at Object.wrappedFunc (C:\Angular project-2\codebook\node_modules\zone.js\bundles\zone-testing.umd.js:450:38)
    at Promise.then.completed (C:\Angular project-2\codebook\node_modules\jest-circus\build\utils.js:298:28)
    at new Promise (<anonymous>)
    at callAsyncCircusFn (C:\Angular project-2\codebook\node_modules\jest-circus\build\utils.js:231:10)
    at _callCircusTest (C:\Angular project-2\codebook\node_modules\jest-circus\build\run.js:316:40)
    at processTicksAndRejections (node:internal/process/task_queues:105:5)
    at _runTest (C:\Angular project-2\codebook\node_modules\jest-circus\build\run.js:252:3)
    at _runTestsForDescribeBlock (C:\Angular project-2\codebook\node_modules\jest-circus\build\run.js:126:9)
    at _runTestsForDescribeBlock (C:\Angular project-2\codebook\node_modules\jest-circus\build\run.js:121:9)
    at run (C:\Angular project-2\codebook\node_modules\jest-circus\build\run.js:71:3)
    at runAndTransformResultsToJestFormat (C:\Angular project-2\codebook\node_modules\jest-circus\build\legacy-code-todo-rewrite\jestAdapterInit.js:122:21)]]></failure>
    </testCase>
    <testCase name="CategoriesComponent should handle search query change" duration="233"/>
    <testCase name="CategoriesComponent should handle page change" duration="434"/>
    <testCase name="CategoriesComponent should sort column" duration="313"/>
    <testCase name="CategoriesComponent should toggle category selection" duration="215"/>
    <testCase name="CategoriesComponent should check if category is selected" duration="199"/>
    <testCase name="CategoriesComponent should toggle all categories" duration="363"/>
    <testCase name="CategoriesComponent should check if all categories are selected" duration="327"/>
    <testCase name="CategoriesComponent should delete selected categories" duration="299"/>
    <testCase name="CategoriesComponent should get page numbers for pagination" duration="235"/>
    <testCase name="CategoriesComponent should track categories by id" duration="122"/>
    <testCase name="CategoriesComponent should display error message when service.error is truthy" duration="144"/>
    <testCase name="CategoriesComponent should display loading spinner when service.isLoading is true" duration="153"/>
    <testCase name="CategoriesComponent should apply dark-theme class when darkModeService.isDarkMode is true" duration="166"/>
    <testCase name="CategoriesComponent should handle category select change" duration="172">
      <failure message="TypeError: Cannot set properties of null (setting &apos;value&apos;)"><![CDATA[TypeError: Cannot set properties of null (setting 'value')
    at C:\Angular project-2\codebook\src\app\pages\categories\categories.component.spec.ts:461:17
    at fakeAsyncFn (C:\Angular project-2\codebook\node_modules\zone.js\bundles\zone-testing.umd.js:1795:30)
    at _ZoneDelegate.invoke (C:\Angular project-2\codebook\node_modules\zone.js\bundles\zone.umd.js:416:32)
    at ProxyZoneSpec.Object.<anonymous>.ProxyZoneSpec.onInvoke (C:\Angular project-2\codebook\node_modules\zone.js\bundles\zone-testing.umd.js:2177:43)
    at _ZoneDelegate.invoke (C:\Angular project-2\codebook\node_modules\zone.js\bundles\zone.umd.js:415:38)
    at ZoneImpl.run (C:\Angular project-2\codebook\node_modules\zone.js\bundles\zone.umd.js:147:47)
    at Object.wrappedFunc (C:\Angular project-2\codebook\node_modules\zone.js\bundles\zone-testing.umd.js:450:38)
    at Promise.then.completed (C:\Angular project-2\codebook\node_modules\jest-circus\build\utils.js:298:28)
    at new Promise (<anonymous>)
    at callAsyncCircusFn (C:\Angular project-2\codebook\node_modules\jest-circus\build\utils.js:231:10)
    at _callCircusTest (C:\Angular project-2\codebook\node_modules\jest-circus\build\run.js:316:40)
    at processTicksAndRejections (node:internal/process/task_queues:105:5)
    at _runTest (C:\Angular project-2\codebook\node_modules\jest-circus\build\run.js:252:3)
    at _runTestsForDescribeBlock (C:\Angular project-2\codebook\node_modules\jest-circus\build\run.js:126:9)
    at _runTestsForDescribeBlock (C:\Angular project-2\codebook\node_modules\jest-circus\build\run.js:121:9)
    at run (C:\Angular project-2\codebook\node_modules\jest-circus\build\run.js:71:3)
    at runAndTransformResultsToJestFormat (C:\Angular project-2\codebook\node_modules\jest-circus\build\legacy-code-todo-rewrite\jestAdapterInit.js:122:21)]]></failure>
    </testCase>
    <testCase name="CategoriesComponent should handle search input change" duration="129"/>
    <testCase name="CategoriesComponent should handle delete selected button click" duration="167"/>
    <testCase name="CategoriesComponent should disable delete button when no categories are selected" duration="182"/>
    <testCase name="CategoriesComponent should handle add category button click" duration="938"/>
    <testCase name="CategoriesComponent should handle refresh button click" duration="138">
      <failure message="TypeError: Cannot read properties of null (reading &apos;click&apos;)"><![CDATA[TypeError: Cannot read properties of null (reading 'click')
    at C:\Angular project-2\codebook\src\app\pages\categories\categories.component.spec.ts:512:19
    at _ZoneDelegate.invoke (C:\Angular project-2\codebook\node_modules\zone.js\bundles\zone.umd.js:416:32)
    at ProxyZoneSpec.Object.<anonymous>.ProxyZoneSpec.onInvoke (C:\Angular project-2\codebook\node_modules\zone.js\bundles\zone-testing.umd.js:2177:43)
    at _ZoneDelegate.invoke (C:\Angular project-2\codebook\node_modules\zone.js\bundles\zone.umd.js:415:38)
    at ZoneImpl.run (C:\Angular project-2\codebook\node_modules\zone.js\bundles\zone.umd.js:147:47)
    at Object.wrappedFunc (C:\Angular project-2\codebook\node_modules\zone.js\bundles\zone-testing.umd.js:450:38)
    at Promise.then.completed (C:\Angular project-2\codebook\node_modules\jest-circus\build\utils.js:298:28)
    at new Promise (<anonymous>)
    at callAsyncCircusFn (C:\Angular project-2\codebook\node_modules\jest-circus\build\utils.js:231:10)
    at _callCircusTest (C:\Angular project-2\codebook\node_modules\jest-circus\build\run.js:316:40)
    at processTicksAndRejections (node:internal/process/task_queues:105:5)
    at _runTest (C:\Angular project-2\codebook\node_modules\jest-circus\build\run.js:252:3)
    at _runTestsForDescribeBlock (C:\Angular project-2\codebook\node_modules\jest-circus\build\run.js:126:9)
    at _runTestsForDescribeBlock (C:\Angular project-2\codebook\node_modules\jest-circus\build\run.js:121:9)
    at run (C:\Angular project-2\codebook\node_modules\jest-circus\build\run.js:71:3)
    at runAndTransformResultsToJestFormat (C:\Angular project-2\codebook\node_modules\jest-circus\build\legacy-code-todo-rewrite\jestAdapterInit.js:122:21)]]></failure>
    </testCase>
    <testCase name="CategoriesComponent should handle edit button click" duration="127">
      <failure message="TypeError: Cannot read properties of null (reading &apos;click&apos;)"><![CDATA[TypeError: Cannot read properties of null (reading 'click')
    at C:\Angular project-2\codebook\src\app\pages\categories\categories.component.spec.ts:531:16
    at _ZoneDelegate.invoke (C:\Angular project-2\codebook\node_modules\zone.js\bundles\zone.umd.js:416:32)
    at ProxyZoneSpec.Object.<anonymous>.ProxyZoneSpec.onInvoke (C:\Angular project-2\codebook\node_modules\zone.js\bundles\zone-testing.umd.js:2177:43)
    at _ZoneDelegate.invoke (C:\Angular project-2\codebook\node_modules\zone.js\bundles\zone.umd.js:415:38)
    at ZoneImpl.run (C:\Angular project-2\codebook\node_modules\zone.js\bundles\zone.umd.js:147:47)
    at Object.wrappedFunc (C:\Angular project-2\codebook\node_modules\zone.js\bundles\zone-testing.umd.js:450:38)
    at Promise.then.completed (C:\Angular project-2\codebook\node_modules\jest-circus\build\utils.js:298:28)
    at new Promise (<anonymous>)
    at callAsyncCircusFn (C:\Angular project-2\codebook\node_modules\jest-circus\build\utils.js:231:10)
    at _callCircusTest (C:\Angular project-2\codebook\node_modules\jest-circus\build\run.js:316:40)
    at processTicksAndRejections (node:internal/process/task_queues:105:5)
    at _runTest (C:\Angular project-2\codebook\node_modules\jest-circus\build\run.js:252:3)
    at _runTestsForDescribeBlock (C:\Angular project-2\codebook\node_modules\jest-circus\build\run.js:126:9)
    at _runTestsForDescribeBlock (C:\Angular project-2\codebook\node_modules\jest-circus\build\run.js:121:9)
    at run (C:\Angular project-2\codebook\node_modules\jest-circus\build\run.js:71:3)
    at runAndTransformResultsToJestFormat (C:\Angular project-2\codebook\node_modules\jest-circus\build\legacy-code-todo-rewrite\jestAdapterInit.js:122:21)]]></failure>
    </testCase>
    <testCase name="CategoriesComponent should handle delete button click" duration="130">
      <failure message="TypeError: Cannot read properties of null (reading &apos;click&apos;)"><![CDATA[TypeError: Cannot read properties of null (reading 'click')
    at C:\Angular project-2\codebook\src\app\pages\categories\categories.component.spec.ts:549:18
    at _ZoneDelegate.invoke (C:\Angular project-2\codebook\node_modules\zone.js\bundles\zone.umd.js:416:32)
    at ProxyZoneSpec.Object.<anonymous>.ProxyZoneSpec.onInvoke (C:\Angular project-2\codebook\node_modules\zone.js\bundles\zone-testing.umd.js:2177:43)
    at _ZoneDelegate.invoke (C:\Angular project-2\codebook\node_modules\zone.js\bundles\zone.umd.js:415:38)
    at ZoneImpl.run (C:\Angular project-2\codebook\node_modules\zone.js\bundles\zone.umd.js:147:47)
    at Object.wrappedFunc (C:\Angular project-2\codebook\node_modules\zone.js\bundles\zone-testing.umd.js:450:38)
    at Promise.then.completed (C:\Angular project-2\codebook\node_modules\jest-circus\build\utils.js:298:28)
    at new Promise (<anonymous>)
    at callAsyncCircusFn (C:\Angular project-2\codebook\node_modules\jest-circus\build\utils.js:231:10)
    at _callCircusTest (C:\Angular project-2\codebook\node_modules\jest-circus\build\run.js:316:40)
    at processTicksAndRejections (node:internal/process/task_queues:105:5)
    at _runTest (C:\Angular project-2\codebook\node_modules\jest-circus\build\run.js:252:3)
    at _runTestsForDescribeBlock (C:\Angular project-2\codebook\node_modules\jest-circus\build\run.js:126:9)
    at _runTestsForDescribeBlock (C:\Angular project-2\codebook\node_modules\jest-circus\build\run.js:121:9)
    at run (C:\Angular project-2\codebook\node_modules\jest-circus\build\run.js:71:3)
    at runAndTransformResultsToJestFormat (C:\Angular project-2\codebook\node_modules\jest-circus\build\legacy-code-todo-rewrite\jestAdapterInit.js:122:21)]]></failure>
    </testCase>
    <testCase name="CategoriesComponent should handle mobile actions menu" duration="147">
      <failure message="TypeError: Cannot read properties of null (reading &apos;click&apos;)"><![CDATA[TypeError: Cannot read properties of null (reading 'click')
    at C:\Angular project-2\codebook\src\app\pages\categories\categories.component.spec.ts:569:16
    at _ZoneDelegate.invoke (C:\Angular project-2\codebook\node_modules\zone.js\bundles\zone.umd.js:416:32)
    at ProxyZoneSpec.Object.<anonymous>.ProxyZoneSpec.onInvoke (C:\Angular project-2\codebook\node_modules\zone.js\bundles\zone-testing.umd.js:2177:43)
    at _ZoneDelegate.invoke (C:\Angular project-2\codebook\node_modules\zone.js\bundles\zone.umd.js:415:38)
    at ZoneImpl.run (C:\Angular project-2\codebook\node_modules\zone.js\bundles\zone.umd.js:147:47)
    at Object.wrappedFunc (C:\Angular project-2\codebook\node_modules\zone.js\bundles\zone-testing.umd.js:450:38)
    at Promise.then.completed (C:\Angular project-2\codebook\node_modules\jest-circus\build\utils.js:298:28)
    at new Promise (<anonymous>)
    at callAsyncCircusFn (C:\Angular project-2\codebook\node_modules\jest-circus\build\utils.js:231:10)
    at _callCircusTest (C:\Angular project-2\codebook\node_modules\jest-circus\build\run.js:316:40)
    at processTicksAndRejections (node:internal/process/task_queues:105:5)
    at _runTest (C:\Angular project-2\codebook\node_modules\jest-circus\build\run.js:252:3)
    at _runTestsForDescribeBlock (C:\Angular project-2\codebook\node_modules\jest-circus\build\run.js:126:9)
    at _runTestsForDescribeBlock (C:\Angular project-2\codebook\node_modules\jest-circus\build\run.js:121:9)
    at run (C:\Angular project-2\codebook\node_modules\jest-circus\build\run.js:71:3)
    at runAndTransformResultsToJestFormat (C:\Angular project-2\codebook\node_modules\jest-circus\build\legacy-code-todo-rewrite\jestAdapterInit.js:122:21)]]></failure>
    </testCase>
    <testCase name="CategoriesComponent should handle sort menu click" duration="124">
      <failure message="TypeError: Cannot read properties of null (reading &apos;click&apos;)"><![CDATA[TypeError: Cannot read properties of null (reading 'click')
    at C:\Angular project-2\codebook\src\app\pages\categories\categories.component.spec.ts:585:16
    at _ZoneDelegate.invoke (C:\Angular project-2\codebook\node_modules\zone.js\bundles\zone.umd.js:416:32)
    at ProxyZoneSpec.Object.<anonymous>.ProxyZoneSpec.onInvoke (C:\Angular project-2\codebook\node_modules\zone.js\bundles\zone-testing.umd.js:2177:43)
    at _ZoneDelegate.invoke (C:\Angular project-2\codebook\node_modules\zone.js\bundles\zone.umd.js:415:38)
    at ZoneImpl.run (C:\Angular project-2\codebook\node_modules\zone.js\bundles\zone.umd.js:147:47)
    at Object.wrappedFunc (C:\Angular project-2\codebook\node_modules\zone.js\bundles\zone-testing.umd.js:450:38)
    at Promise.then.completed (C:\Angular project-2\codebook\node_modules\jest-circus\build\utils.js:298:28)
    at new Promise (<anonymous>)
    at callAsyncCircusFn (C:\Angular project-2\codebook\node_modules\jest-circus\build\utils.js:231:10)
    at _callCircusTest (C:\Angular project-2\codebook\node_modules\jest-circus\build\run.js:316:40)
    at processTicksAndRejections (node:internal/process/task_queues:105:5)
    at _runTest (C:\Angular project-2\codebook\node_modules\jest-circus\build\run.js:252:3)
    at _runTestsForDescribeBlock (C:\Angular project-2\codebook\node_modules\jest-circus\build\run.js:126:9)
    at _runTestsForDescribeBlock (C:\Angular project-2\codebook\node_modules\jest-circus\build\run.js:121:9)
    at run (C:\Angular project-2\codebook\node_modules\jest-circus\build\run.js:71:3)
    at runAndTransformResultsToJestFormat (C:\Angular project-2\codebook\node_modules\jest-circus\build\legacy-code-todo-rewrite\jestAdapterInit.js:122:21)]]></failure>
    </testCase>
    <testCase name="CategoriesComponent should handle toggle all checkbox" duration="175">
      <failure message="TypeError: Cannot read properties of null (reading &apos;click&apos;)"><![CDATA[TypeError: Cannot read properties of null (reading 'click')
    at C:\Angular project-2\codebook\src\app\pages\categories\categories.component.spec.ts:601:14
    at _ZoneDelegate.invoke (C:\Angular project-2\codebook\node_modules\zone.js\bundles\zone.umd.js:416:32)
    at ProxyZoneSpec.Object.<anonymous>.ProxyZoneSpec.onInvoke (C:\Angular project-2\codebook\node_modules\zone.js\bundles\zone-testing.umd.js:2177:43)
    at _ZoneDelegate.invoke (C:\Angular project-2\codebook\node_modules\zone.js\bundles\zone.umd.js:415:38)
    at ZoneImpl.run (C:\Angular project-2\codebook\node_modules\zone.js\bundles\zone.umd.js:147:47)
    at Object.wrappedFunc (C:\Angular project-2\codebook\node_modules\zone.js\bundles\zone-testing.umd.js:450:38)
    at Promise.then.completed (C:\Angular project-2\codebook\node_modules\jest-circus\build\utils.js:298:28)
    at new Promise (<anonymous>)
    at callAsyncCircusFn (C:\Angular project-2\codebook\node_modules\jest-circus\build\utils.js:231:10)
    at _callCircusTest (C:\Angular project-2\codebook\node_modules\jest-circus\build\run.js:316:40)
    at processTicksAndRejections (node:internal/process/task_queues:105:5)
    at _runTest (C:\Angular project-2\codebook\node_modules\jest-circus\build\run.js:252:3)
    at _runTestsForDescribeBlock (C:\Angular project-2\codebook\node_modules\jest-circus\build\run.js:126:9)
    at _runTestsForDescribeBlock (C:\Angular project-2\codebook\node_modules\jest-circus\build\run.js:121:9)
    at run (C:\Angular project-2\codebook\node_modules\jest-circus\build\run.js:71:3)
    at runAndTransformResultsToJestFormat (C:\Angular project-2\codebook\node_modules\jest-circus\build\legacy-code-todo-rewrite\jestAdapterInit.js:122:21)]]></failure>
    </testCase>
    <testCase name="CategoriesComponent should handle toggle category checkbox" duration="122">
      <failure message="TypeError: Cannot read properties of null (reading &apos;click&apos;)"><![CDATA[TypeError: Cannot read properties of null (reading 'click')
    at C:\Angular project-2\codebook\src\app\pages\categories\categories.component.spec.ts:620:14
    at _ZoneDelegate.invoke (C:\Angular project-2\codebook\node_modules\zone.js\bundles\zone.umd.js:416:32)
    at ProxyZoneSpec.Object.<anonymous>.ProxyZoneSpec.onInvoke (C:\Angular project-2\codebook\node_modules\zone.js\bundles\zone-testing.umd.js:2177:43)
    at _ZoneDelegate.invoke (C:\Angular project-2\codebook\node_modules\zone.js\bundles\zone.umd.js:415:38)
    at ZoneImpl.run (C:\Angular project-2\codebook\node_modules\zone.js\bundles\zone.umd.js:147:47)
    at Object.wrappedFunc (C:\Angular project-2\codebook\node_modules\zone.js\bundles\zone-testing.umd.js:450:38)
    at Promise.then.completed (C:\Angular project-2\codebook\node_modules\jest-circus\build\utils.js:298:28)
    at new Promise (<anonymous>)
    at callAsyncCircusFn (C:\Angular project-2\codebook\node_modules\jest-circus\build\utils.js:231:10)
    at _callCircusTest (C:\Angular project-2\codebook\node_modules\jest-circus\build\run.js:316:40)
    at processTicksAndRejections (node:internal/process/task_queues:105:5)
    at _runTest (C:\Angular project-2\codebook\node_modules\jest-circus\build\run.js:252:3)
    at _runTestsForDescribeBlock (C:\Angular project-2\codebook\node_modules\jest-circus\build\run.js:126:9)
    at _runTestsForDescribeBlock (C:\Angular project-2\codebook\node_modules\jest-circus\build\run.js:121:9)
    at run (C:\Angular project-2\codebook\node_modules\jest-circus\build\run.js:71:3)
    at runAndTransformResultsToJestFormat (C:\Angular project-2\codebook\node_modules\jest-circus\build\legacy-code-todo-rewrite\jestAdapterInit.js:122:21)]]></failure>
    </testCase>
    <testCase name="CategoriesComponent should handle previous page button" duration="136">
      <failure message="Error: expect(jest.fn()).toHaveBeenCalledWith(...expected)"><![CDATA[Error: expect(jest.fn()).toHaveBeenCalledWith(...expected)

- Expected
+ Received

  Object {
-   "pageIndex": 1,
+   "pageIndex": 0,
  },

Number of calls: 1
    at C:\Angular project-2\codebook\src\app\pages\categories\categories.component.spec.ts:634:17
    at _ZoneDelegate.invoke (C:\Angular project-2\codebook\node_modules\zone.js\bundles\zone.umd.js:416:32)
    at ProxyZoneSpec.Object.<anonymous>.ProxyZoneSpec.onInvoke (C:\Angular project-2\codebook\node_modules\zone.js\bundles\zone-testing.umd.js:2177:43)
    at _ZoneDelegate.invoke (C:\Angular project-2\codebook\node_modules\zone.js\bundles\zone.umd.js:415:38)
    at ZoneImpl.run (C:\Angular project-2\codebook\node_modules\zone.js\bundles\zone.umd.js:147:47)
    at Object.wrappedFunc (C:\Angular project-2\codebook\node_modules\zone.js\bundles\zone-testing.umd.js:450:38)
    at Promise.then.completed (C:\Angular project-2\codebook\node_modules\jest-circus\build\utils.js:298:28)
    at new Promise (<anonymous>)
    at callAsyncCircusFn (C:\Angular project-2\codebook\node_modules\jest-circus\build\utils.js:231:10)
    at _callCircusTest (C:\Angular project-2\codebook\node_modules\jest-circus\build\run.js:316:40)
    at processTicksAndRejections (node:internal/process/task_queues:105:5)
    at _runTest (C:\Angular project-2\codebook\node_modules\jest-circus\build\run.js:252:3)
    at _runTestsForDescribeBlock (C:\Angular project-2\codebook\node_modules\jest-circus\build\run.js:126:9)
    at _runTestsForDescribeBlock (C:\Angular project-2\codebook\node_modules\jest-circus\build\run.js:121:9)
    at run (C:\Angular project-2\codebook\node_modules\jest-circus\build\run.js:71:3)
    at runAndTransformResultsToJestFormat (C:\Angular project-2\codebook\node_modules\jest-circus\build\legacy-code-todo-rewrite\jestAdapterInit.js:122:21)]]></failure>
    </testCase>
    <testCase name="CategoriesComponent should disable previous page button on first page" duration="190"/>
    <testCase name="CategoriesComponent should handle next page button" duration="123"/>
    <testCase name="CategoriesComponent should disable next page button on last page" duration="122"/>
    <testCase name="CategoriesComponent should handle page number button click" duration="220"/>
    <testCase name="CategoriesComponent should handle mobile page select" duration="141">
      <failure message="Error: expect(jest.fn()).toHaveBeenCalledWith(...expected)"><![CDATA[Error: expect(jest.fn()).toHaveBeenCalledWith(...expected)

- Expected
+ Received

  Object {
-   "pageIndex": 1,
+   "pageIndex": NaN,
  },

Number of calls: 1
    at C:\Angular project-2\codebook\src\app\pages\categories\categories.component.spec.ts:701:17
    at fakeAsyncFn (C:\Angular project-2\codebook\node_modules\zone.js\bundles\zone-testing.umd.js:1795:30)
    at _ZoneDelegate.invoke (C:\Angular project-2\codebook\node_modules\zone.js\bundles\zone.umd.js:416:32)
    at ProxyZoneSpec.Object.<anonymous>.ProxyZoneSpec.onInvoke (C:\Angular project-2\codebook\node_modules\zone.js\bundles\zone-testing.umd.js:2177:43)
    at _ZoneDelegate.invoke (C:\Angular project-2\codebook\node_modules\zone.js\bundles\zone.umd.js:415:38)
    at ZoneImpl.run (C:\Angular project-2\codebook\node_modules\zone.js\bundles\zone.umd.js:147:47)
    at Object.wrappedFunc (C:\Angular project-2\codebook\node_modules\zone.js\bundles\zone-testing.umd.js:450:38)
    at Promise.then.completed (C:\Angular project-2\codebook\node_modules\jest-circus\build\utils.js:298:28)
    at new Promise (<anonymous>)
    at callAsyncCircusFn (C:\Angular project-2\codebook\node_modules\jest-circus\build\utils.js:231:10)
    at _callCircusTest (C:\Angular project-2\codebook\node_modules\jest-circus\build\run.js:316:40)
    at processTicksAndRejections (node:internal/process/task_queues:105:5)
    at _runTest (C:\Angular project-2\codebook\node_modules\jest-circus\build\run.js:252:3)
    at _runTestsForDescribeBlock (C:\Angular project-2\codebook\node_modules\jest-circus\build\run.js:126:9)
    at _runTestsForDescribeBlock (C:\Angular project-2\codebook\node_modules\jest-circus\build\run.js:121:9)
    at run (C:\Angular project-2\codebook\node_modules\jest-circus\build\run.js:71:3)
    at runAndTransformResultsToJestFormat (C:\Angular project-2\codebook\node_modules\jest-circus\build\legacy-code-todo-rewrite\jestAdapterInit.js:122:21)]]></failure>
    </testCase>
    <testCase name="CategoriesComponent should display no pages message when no pages are available" duration="127">
      <failure message="Error: expect(received).toBe(expected) // Object.is equality"><![CDATA[Error: expect(received).toBe(expected) // Object.is equality

Expected: "No pages available"
Received: "Showing 1 to 0 of 2 entries"
    at C:\Angular project-2\codebook\src\app\pages\categories\categories.component.spec.ts:710:44
    at _ZoneDelegate.invoke (C:\Angular project-2\codebook\node_modules\zone.js\bundles\zone.umd.js:416:32)
    at ProxyZoneSpec.Object.<anonymous>.ProxyZoneSpec.onInvoke (C:\Angular project-2\codebook\node_modules\zone.js\bundles\zone-testing.umd.js:2177:43)
    at _ZoneDelegate.invoke (C:\Angular project-2\codebook\node_modules\zone.js\bundles\zone.umd.js:415:38)
    at ZoneImpl.run (C:\Angular project-2\codebook\node_modules\zone.js\bundles\zone.umd.js:147:47)
    at Object.wrappedFunc (C:\Angular project-2\codebook\node_modules\zone.js\bundles\zone-testing.umd.js:450:38)
    at Promise.then.completed (C:\Angular project-2\codebook\node_modules\jest-circus\build\utils.js:298:28)
    at new Promise (<anonymous>)
    at callAsyncCircusFn (C:\Angular project-2\codebook\node_modules\jest-circus\build\utils.js:231:10)
    at _callCircusTest (C:\Angular project-2\codebook\node_modules\jest-circus\build\run.js:316:40)
    at processTicksAndRejections (node:internal/process/task_queues:105:5)
    at _runTest (C:\Angular project-2\codebook\node_modules\jest-circus\build\run.js:252:3)
    at _runTestsForDescribeBlock (C:\Angular project-2\codebook\node_modules\jest-circus\build\run.js:126:9)
    at _runTestsForDescribeBlock (C:\Angular project-2\codebook\node_modules\jest-circus\build\run.js:121:9)
    at run (C:\Angular project-2\codebook\node_modules\jest-circus\build\run.js:71:3)
    at runAndTransformResultsToJestFormat (C:\Angular project-2\codebook\node_modules\jest-circus\build\legacy-code-todo-rewrite\jestAdapterInit.js:122:21)]]></failure>
    </testCase>
  </file>
  <file path="C:\Angular project-2\codebook\src\app\pages\subcategories\subcategories.store.spec.ts">
    <testCase name="SubcategoryStore should initialize with correct initial state" duration="593">
      <failure message="Error: expect(received).toBe(expected) // Object.is equality"><![CDATA[Error: expect(received).toBe(expected) // Object.is equality

Expected: false
Received: true
    at C:\Angular project-2\codebook\src\app\pages\subcategories\subcategories.store.spec.ts:29:33
    at _ZoneDelegate.invoke (C:\Angular project-2\codebook\node_modules\zone.js\bundles\zone.umd.js:416:32)
    at ProxyZoneSpec.Object.<anonymous>.ProxyZoneSpec.onInvoke (C:\Angular project-2\codebook\node_modules\zone.js\bundles\zone-testing.umd.js:2177:43)
    at _ZoneDelegate.invoke (C:\Angular project-2\codebook\node_modules\zone.js\bundles\zone.umd.js:415:38)
    at ZoneImpl.run (C:\Angular project-2\codebook\node_modules\zone.js\bundles\zone.umd.js:147:47)
    at Object.wrappedFunc (C:\Angular project-2\codebook\node_modules\zone.js\bundles\zone-testing.umd.js:450:38)
    at Promise.then.completed (C:\Angular project-2\codebook\node_modules\jest-circus\build\utils.js:298:28)
    at new Promise (<anonymous>)
    at callAsyncCircusFn (C:\Angular project-2\codebook\node_modules\jest-circus\build\utils.js:231:10)
    at _callCircusTest (C:\Angular project-2\codebook\node_modules\jest-circus\build\run.js:316:40)
    at processTicksAndRejections (node:internal/process/task_queues:105:5)
    at _runTest (C:\Angular project-2\codebook\node_modules\jest-circus\build\run.js:252:3)
    at _runTestsForDescribeBlock (C:\Angular project-2\codebook\node_modules\jest-circus\build\run.js:126:9)
    at _runTestsForDescribeBlock (C:\Angular project-2\codebook\node_modules\jest-circus\build\run.js:121:9)
    at run (C:\Angular project-2\codebook\node_modules\jest-circus\build\run.js:71:3)
    at runAndTransformResultsToJestFormat (C:\Angular project-2\codebook\node_modules\jest-circus\build\legacy-code-todo-rewrite\jestAdapterInit.js:122:21)]]></failure>
    </testCase>
    <testCase name="SubcategoryStore should load subcategories from localStorage on init" duration="17"/>
    <testCase name="SubcategoryStore should handle loadSubcategories error" duration="38"/>
    <testCase name="SubcategoryStore should add a new subcategory" duration="64"/>
    <testCase name="SubcategoryStore should handle addSubcategory error" duration="13"/>
    <testCase name="SubcategoryStore should update an existing subcategory" duration="33"/>
    <testCase name="SubcategoryStore should handle updateSubcategory error" duration="57">
      <failure message="Error: expect(received).toThrow(expected)"><![CDATA[Error: expect(received).toThrow(expected)

Expected substring: "Update error"

Received function did not throw
    at C:\Angular project-2\codebook\src\app\pages\subcategories\subcategories.store.spec.ts:173:56
    at _ZoneDelegate.invoke (C:\Angular project-2\codebook\node_modules\zone.js\bundles\zone.umd.js:416:32)
    at ProxyZoneSpec.Object.<anonymous>.ProxyZoneSpec.onInvoke (C:\Angular project-2\codebook\node_modules\zone.js\bundles\zone-testing.umd.js:2177:43)
    at _ZoneDelegate.invoke (C:\Angular project-2\codebook\node_modules\zone.js\bundles\zone.umd.js:415:38)
    at ZoneImpl.run (C:\Angular project-2\codebook\node_modules\zone.js\bundles\zone.umd.js:147:47)
    at Object.wrappedFunc (C:\Angular project-2\codebook\node_modules\zone.js\bundles\zone-testing.umd.js:450:38)
    at Promise.then.completed (C:\Angular project-2\codebook\node_modules\jest-circus\build\utils.js:298:28)
    at new Promise (<anonymous>)
    at callAsyncCircusFn (C:\Angular project-2\codebook\node_modules\jest-circus\build\utils.js:231:10)
    at _callCircusTest (C:\Angular project-2\codebook\node_modules\jest-circus\build\run.js:316:40)
    at processTicksAndRejections (node:internal/process/task_queues:105:5)
    at _runTest (C:\Angular project-2\codebook\node_modules\jest-circus\build\run.js:252:3)
    at _runTestsForDescribeBlock (C:\Angular project-2\codebook\node_modules\jest-circus\build\run.js:126:9)
    at _runTestsForDescribeBlock (C:\Angular project-2\codebook\node_modules\jest-circus\build\run.js:121:9)
    at run (C:\Angular project-2\codebook\node_modules\jest-circus\build\run.js:71:3)
    at runAndTransformResultsToJestFormat (C:\Angular project-2\codebook\node_modules\jest-circus\build\legacy-code-todo-rewrite\jestAdapterInit.js:122:21)]]></failure>
    </testCase>
    <testCase name="SubcategoryStore should delete a subcategory" duration="18"/>
    <testCase name="SubcategoryStore should handle deleteSubcategory error" duration="14">
      <failure message="Error: expect(received).toThrow(expected)"><![CDATA[Error: expect(received).toThrow(expected)

Expected substring: "Delete error"

Received function did not throw
    at C:\Angular project-2\codebook\src\app\pages\subcategories\subcategories.store.spec.ts:206:46
    at _ZoneDelegate.invoke (C:\Angular project-2\codebook\node_modules\zone.js\bundles\zone.umd.js:416:32)
    at ProxyZoneSpec.Object.<anonymous>.ProxyZoneSpec.onInvoke (C:\Angular project-2\codebook\node_modules\zone.js\bundles\zone-testing.umd.js:2177:43)
    at _ZoneDelegate.invoke (C:\Angular project-2\codebook\node_modules\zone.js\bundles\zone.umd.js:415:38)
    at ZoneImpl.run (C:\Angular project-2\codebook\node_modules\zone.js\bundles\zone.umd.js:147:47)
    at Object.wrappedFunc (C:\Angular project-2\codebook\node_modules\zone.js\bundles\zone-testing.umd.js:450:38)
    at Promise.then.completed (C:\Angular project-2\codebook\node_modules\jest-circus\build\utils.js:298:28)
    at new Promise (<anonymous>)
    at callAsyncCircusFn (C:\Angular project-2\codebook\node_modules\jest-circus\build\utils.js:231:10)
    at _callCircusTest (C:\Angular project-2\codebook\node_modules\jest-circus\build\run.js:316:40)
    at processTicksAndRejections (node:internal/process/task_queues:105:5)
    at _runTest (C:\Angular project-2\codebook\node_modules\jest-circus\build\run.js:252:3)
    at _runTestsForDescribeBlock (C:\Angular project-2\codebook\node_modules\jest-circus\build\run.js:126:9)
    at _runTestsForDescribeBlock (C:\Angular project-2\codebook\node_modules\jest-circus\build\run.js:121:9)
    at run (C:\Angular project-2\codebook\node_modules\jest-circus\build\run.js:71:3)
    at runAndTransformResultsToJestFormat (C:\Angular project-2\codebook\node_modules\jest-circus\build\legacy-code-todo-rewrite\jestAdapterInit.js:122:21)]]></failure>
    </testCase>
    <testCase name="SubcategoryStore should set page" duration="14"/>
    <testCase name="SubcategoryStore should set page size and reset current page" duration="13"/>
    <testCase name="SubcategoryStore should set search query and reset current page" duration="10"/>
    <testCase name="SubcategoryStore should sort subcategories and reset current page" duration="17"/>
    <testCase name="SubcategoryStore should set selected category ID and reset current page" duration="11"/>
    <testCase name="SubcategoryStore should filter subcategories by search query" duration="14"/>
    <testCase name="SubcategoryStore should filter subcategories by category ID" duration="11"/>
    <testCase name="SubcategoryStore should sort subcategories by name" duration="92"/>
    <testCase name="SubcategoryStore should sort subcategories by createdAt" duration="14"/>
    <testCase name="SubcategoryStore should paginate subcategories" duration="10"/>
    <testCase name="SubcategoryStore should return empty paginated subcategories when no data" duration="8"/>
  </file>
  <file path="C:\Angular project-2\codebook\src\app\services\dark-mode.service.spec.ts">
    <testCase name="DarkModeService Initialization should initialize with system theme by default" duration="23"/>
    <testCase name="DarkModeService Initialization should initialize with saved theme from localStorage" duration="20">
      <failure message="Error: expect(received).toBe(expected) // Object.is equality"><![CDATA[Error: expect(received).toBe(expected) // Object.is equality

Expected: "dark"
Received: "system"
    at C:\Angular project-2\codebook\src\app\services\dark-mode.service.spec.ts:83:37
    at _ZoneDelegate.invoke (C:\Angular project-2\codebook\node_modules\zone.js\bundles\zone.umd.js:416:32)
    at ProxyZoneSpec.Object.<anonymous>.ProxyZoneSpec.onInvoke (C:\Angular project-2\codebook\node_modules\zone.js\bundles\zone-testing.umd.js:2177:43)
    at _ZoneDelegate.invoke (C:\Angular project-2\codebook\node_modules\zone.js\bundles\zone.umd.js:415:38)
    at ZoneImpl.run (C:\Angular project-2\codebook\node_modules\zone.js\bundles\zone.umd.js:147:47)
    at Object.wrappedFunc (C:\Angular project-2\codebook\node_modules\zone.js\bundles\zone-testing.umd.js:450:38)
    at Promise.then.completed (C:\Angular project-2\codebook\node_modules\jest-circus\build\utils.js:298:28)
    at new Promise (<anonymous>)
    at callAsyncCircusFn (C:\Angular project-2\codebook\node_modules\jest-circus\build\utils.js:231:10)
    at _callCircusTest (C:\Angular project-2\codebook\node_modules\jest-circus\build\run.js:316:40)
    at processTicksAndRejections (node:internal/process/task_queues:105:5)
    at _runTest (C:\Angular project-2\codebook\node_modules\jest-circus\build\run.js:252:3)
    at _runTestsForDescribeBlock (C:\Angular project-2\codebook\node_modules\jest-circus\build\run.js:126:9)
    at _runTestsForDescribeBlock (C:\Angular project-2\codebook\node_modules\jest-circus\build\run.js:121:9)
    at _runTestsForDescribeBlock (C:\Angular project-2\codebook\node_modules\jest-circus\build\run.js:121:9)
    at run (C:\Angular project-2\codebook\node_modules\jest-circus\build\run.js:71:3)
    at runAndTransformResultsToJestFormat (C:\Angular project-2\codebook\node_modules\jest-circus\build\legacy-code-todo-rewrite\jestAdapterInit.js:122:21)]]></failure>
    </testCase>
    <testCase name="DarkModeService Initialization should set up event listener for system theme changes" duration="18"/>
    <testCase name="DarkModeService selectedTheme should return the correct theme object for light theme" duration="9"/>
    <testCase name="DarkModeService selectedTheme should return the correct theme object for dark theme" duration="15"/>
    <testCase name="DarkModeService selectedTheme should return the correct theme object for system theme" duration="9"/>
    <testCase name="DarkModeService isDarkMode should return false for light theme" duration="8"/>
    <testCase name="DarkModeService isDarkMode should return true for dark theme" duration="8"/>
    <testCase name="DarkModeService isDarkMode should return system preference for system theme (dark)" duration="8">
      <failure message="Error: expect(received).toBe(expected) // Object.is equality"><![CDATA[Error: expect(received).toBe(expected) // Object.is equality

Expected: true
Received: false
    at C:\Angular project-2\codebook\src\app\services\dark-mode.service.spec.ts:130:36
    at _ZoneDelegate.invoke (C:\Angular project-2\codebook\node_modules\zone.js\bundles\zone.umd.js:416:32)
    at ProxyZoneSpec.Object.<anonymous>.ProxyZoneSpec.onInvoke (C:\Angular project-2\codebook\node_modules\zone.js\bundles\zone-testing.umd.js:2177:43)
    at _ZoneDelegate.invoke (C:\Angular project-2\codebook\node_modules\zone.js\bundles\zone.umd.js:415:38)
    at ZoneImpl.run (C:\Angular project-2\codebook\node_modules\zone.js\bundles\zone.umd.js:147:47)
    at Object.wrappedFunc (C:\Angular project-2\codebook\node_modules\zone.js\bundles\zone-testing.umd.js:450:38)
    at Promise.then.completed (C:\Angular project-2\codebook\node_modules\jest-circus\build\utils.js:298:28)
    at new Promise (<anonymous>)
    at callAsyncCircusFn (C:\Angular project-2\codebook\node_modules\jest-circus\build\utils.js:231:10)
    at _callCircusTest (C:\Angular project-2\codebook\node_modules\jest-circus\build\run.js:316:40)
    at processTicksAndRejections (node:internal/process/task_queues:105:5)
    at _runTest (C:\Angular project-2\codebook\node_modules\jest-circus\build\run.js:252:3)
    at _runTestsForDescribeBlock (C:\Angular project-2\codebook\node_modules\jest-circus\build\run.js:126:9)
    at _runTestsForDescribeBlock (C:\Angular project-2\codebook\node_modules\jest-circus\build\run.js:121:9)
    at _runTestsForDescribeBlock (C:\Angular project-2\codebook\node_modules\jest-circus\build\run.js:121:9)
    at run (C:\Angular project-2\codebook\node_modules\jest-circus\build\run.js:71:3)
    at runAndTransformResultsToJestFormat (C:\Angular project-2\codebook\node_modules\jest-circus\build\legacy-code-todo-rewrite\jestAdapterInit.js:122:21)]]></failure>
    </testCase>
    <testCase name="DarkModeService isDarkMode should return system preference for system theme (light)" duration="9"/>
    <testCase name="DarkModeService isDarkMode should handle missing window.matchMedia for system theme" duration="9"/>
    <testCase name="DarkModeService setTheme should set light theme and update DOM" duration="10"/>
    <testCase name="DarkModeService setTheme should set dark theme and update DOM" duration="11"/>
    <testCase name="DarkModeService setTheme should set system theme and update DOM based on system preference (dark)" duration="11">
      <failure message="Error: expect(jest.fn()).toHaveBeenCalledWith(...expected)"><![CDATA[Error: expect(jest.fn()).toHaveBeenCalledWith(...expected)

Expected: "dark-theme", true
Received
       1: "dark-theme", false
       2: "light-theme", true
       3: "dark-theme", false

Number of calls: 4
    at C:\Angular project-2\codebook\src\app\services\dark-mode.service.spec.ts:170:46
    at _ZoneDelegate.invoke (C:\Angular project-2\codebook\node_modules\zone.js\bundles\zone.umd.js:416:32)
    at ProxyZoneSpec.Object.<anonymous>.ProxyZoneSpec.onInvoke (C:\Angular project-2\codebook\node_modules\zone.js\bundles\zone-testing.umd.js:2177:43)
    at _ZoneDelegate.invoke (C:\Angular project-2\codebook\node_modules\zone.js\bundles\zone.umd.js:415:38)
    at ZoneImpl.run (C:\Angular project-2\codebook\node_modules\zone.js\bundles\zone.umd.js:147:47)
    at Object.wrappedFunc (C:\Angular project-2\codebook\node_modules\zone.js\bundles\zone-testing.umd.js:450:38)
    at Promise.then.completed (C:\Angular project-2\codebook\node_modules\jest-circus\build\utils.js:298:28)
    at new Promise (<anonymous>)
    at callAsyncCircusFn (C:\Angular project-2\codebook\node_modules\jest-circus\build\utils.js:231:10)
    at _callCircusTest (C:\Angular project-2\codebook\node_modules\jest-circus\build\run.js:316:40)
    at processTicksAndRejections (node:internal/process/task_queues:105:5)
    at _runTest (C:\Angular project-2\codebook\node_modules\jest-circus\build\run.js:252:3)
    at _runTestsForDescribeBlock (C:\Angular project-2\codebook\node_modules\jest-circus\build\run.js:126:9)
    at _runTestsForDescribeBlock (C:\Angular project-2\codebook\node_modules\jest-circus\build\run.js:121:9)
    at _runTestsForDescribeBlock (C:\Angular project-2\codebook\node_modules\jest-circus\build\run.js:121:9)
    at run (C:\Angular project-2\codebook\node_modules\jest-circus\build\run.js:71:3)
    at runAndTransformResultsToJestFormat (C:\Angular project-2\codebook\node_modules\jest-circus\build\legacy-code-todo-rewrite\jestAdapterInit.js:122:21)]]></failure>
    </testCase>
    <testCase name="DarkModeService setTheme should set system theme and update DOM based on system preference (light)" duration="15"/>
    <testCase name="DarkModeService getThemes should return the list of themes" duration="8"/>
    <testCase name="DarkModeService System Theme Change Listener should apply theme when system preference changes in system mode" duration="8"/>
    <testCase name="DarkModeService System Theme Change Listener should not apply theme when system preference changes in non-system mode" duration="11"/>
    <testCase name="DarkModeService applyTheme should apply dark theme classes and attributes" duration="9"/>
    <testCase name="DarkModeService applyTheme should apply light theme classes and attributes" duration="13"/>
    <testCase name="DarkModeService applyTheme should apply system theme based on dark preference" duration="8">
      <failure message="Error: expect(jest.fn()).toHaveBeenCalledWith(...expected)"><![CDATA[Error: expect(jest.fn()).toHaveBeenCalledWith(...expected)

Expected: "dark-theme", true
Received
       1: "dark-theme", false
       2: "light-theme", true
       3: "dark-theme", false

Number of calls: 4
    at C:\Angular project-2\codebook\src\app\services\dark-mode.service.spec.ts:235:46
    at _ZoneDelegate.invoke (C:\Angular project-2\codebook\node_modules\zone.js\bundles\zone.umd.js:416:32)
    at ProxyZoneSpec.Object.<anonymous>.ProxyZoneSpec.onInvoke (C:\Angular project-2\codebook\node_modules\zone.js\bundles\zone-testing.umd.js:2177:43)
    at _ZoneDelegate.invoke (C:\Angular project-2\codebook\node_modules\zone.js\bundles\zone.umd.js:415:38)
    at ZoneImpl.run (C:\Angular project-2\codebook\node_modules\zone.js\bundles\zone.umd.js:147:47)
    at Object.wrappedFunc (C:\Angular project-2\codebook\node_modules\zone.js\bundles\zone-testing.umd.js:450:38)
    at Promise.then.completed (C:\Angular project-2\codebook\node_modules\jest-circus\build\utils.js:298:28)
    at new Promise (<anonymous>)
    at callAsyncCircusFn (C:\Angular project-2\codebook\node_modules\jest-circus\build\utils.js:231:10)
    at _callCircusTest (C:\Angular project-2\codebook\node_modules\jest-circus\build\run.js:316:40)
    at processTicksAndRejections (node:internal/process/task_queues:105:5)
    at _runTest (C:\Angular project-2\codebook\node_modules\jest-circus\build\run.js:252:3)
    at _runTestsForDescribeBlock (C:\Angular project-2\codebook\node_modules\jest-circus\build\run.js:126:9)
    at _runTestsForDescribeBlock (C:\Angular project-2\codebook\node_modules\jest-circus\build\run.js:121:9)
    at _runTestsForDescribeBlock (C:\Angular project-2\codebook\node_modules\jest-circus\build\run.js:121:9)
    at run (C:\Angular project-2\codebook\node_modules\jest-circus\build\run.js:71:3)
    at runAndTransformResultsToJestFormat (C:\Angular project-2\codebook\node_modules\jest-circus\build\legacy-code-todo-rewrite\jestAdapterInit.js:122:21)]]></failure>
    </testCase>
    <testCase name="DarkModeService applyTheme should apply system theme based on light preference" duration="8"/>
    <testCase name="DarkModeService isVisible should return true indicating theme toggle is visible" duration="11"/>
  </file>
  <file path="C:\Angular project-2\codebook\src\app\pages\users\store\user-store.spec.ts">
    <testCase name="UserStore Initial State should initialize with default state" duration="74">
      <failure message="Error: expect(received).toBe(expected) // Object.is equality"><![CDATA[Error: expect(received).toBe(expected) // Object.is equality

Expected: false
Received: true
    at C:\Angular project-2\codebook\src\app\pages\users\store\user-store.spec.ts:84:35
    at _ZoneDelegate.invoke (C:\Angular project-2\codebook\node_modules\zone.js\bundles\zone.umd.js:416:32)
    at ProxyZoneSpec.Object.<anonymous>.ProxyZoneSpec.onInvoke (C:\Angular project-2\codebook\node_modules\zone.js\bundles\zone-testing.umd.js:2177:43)
    at _ZoneDelegate.invoke (C:\Angular project-2\codebook\node_modules\zone.js\bundles\zone.umd.js:415:38)
    at ZoneImpl.run (C:\Angular project-2\codebook\node_modules\zone.js\bundles\zone.umd.js:147:47)
    at Object.wrappedFunc (C:\Angular project-2\codebook\node_modules\zone.js\bundles\zone-testing.umd.js:450:38)
    at Promise.then.completed (C:\Angular project-2\codebook\node_modules\jest-circus\build\utils.js:298:28)
    at new Promise (<anonymous>)
    at callAsyncCircusFn (C:\Angular project-2\codebook\node_modules\jest-circus\build\utils.js:231:10)
    at _callCircusTest (C:\Angular project-2\codebook\node_modules\jest-circus\build\run.js:316:40)
    at processTicksAndRejections (node:internal/process/task_queues:105:5)
    at _runTest (C:\Angular project-2\codebook\node_modules\jest-circus\build\run.js:252:3)
    at _runTestsForDescribeBlock (C:\Angular project-2\codebook\node_modules\jest-circus\build\run.js:126:9)
    at _runTestsForDescribeBlock (C:\Angular project-2\codebook\node_modules\jest-circus\build\run.js:121:9)
    at _runTestsForDescribeBlock (C:\Angular project-2\codebook\node_modules\jest-circus\build\run.js:121:9)
    at run (C:\Angular project-2\codebook\node_modules\jest-circus\build\run.js:71:3)
    at runAndTransformResultsToJestFormat (C:\Angular project-2\codebook\node_modules\jest-circus\build\legacy-code-todo-rewrite\jestAdapterInit.js:122:21)]]></failure>
    </testCase>
    <testCase name="UserStore Computed Properties should compute users correctly" duration="14"/>
    <testCase name="UserStore Computed Properties should compute isLoading correctly" duration="12">
      <failure message="Error: expect(received).toBe(expected) // Object.is equality"><![CDATA[Error: expect(received).toBe(expected) // Object.is equality

Expected: false
Received: true
    at C:\Angular project-2\codebook\src\app\pages\users\store\user-store.spec.ts:100:33
    at _ZoneDelegate.invoke (C:\Angular project-2\codebook\node_modules\zone.js\bundles\zone.umd.js:416:32)
    at ProxyZoneSpec.Object.<anonymous>.ProxyZoneSpec.onInvoke (C:\Angular project-2\codebook\node_modules\zone.js\bundles\zone-testing.umd.js:2177:43)
    at _ZoneDelegate.invoke (C:\Angular project-2\codebook\node_modules\zone.js\bundles\zone.umd.js:415:38)
    at ZoneImpl.run (C:\Angular project-2\codebook\node_modules\zone.js\bundles\zone.umd.js:147:47)
    at Object.wrappedFunc (C:\Angular project-2\codebook\node_modules\zone.js\bundles\zone-testing.umd.js:450:38)
    at Promise.then.completed (C:\Angular project-2\codebook\node_modules\jest-circus\build\utils.js:298:28)
    at new Promise (<anonymous>)
    at callAsyncCircusFn (C:\Angular project-2\codebook\node_modules\jest-circus\build\utils.js:231:10)
    at _callCircusTest (C:\Angular project-2\codebook\node_modules\jest-circus\build\run.js:316:40)
    at processTicksAndRejections (node:internal/process/task_queues:105:5)
    at _runTest (C:\Angular project-2\codebook\node_modules\jest-circus\build\run.js:252:3)
    at _runTestsForDescribeBlock (C:\Angular project-2\codebook\node_modules\jest-circus\build\run.js:126:9)
    at _runTestsForDescribeBlock (C:\Angular project-2\codebook\node_modules\jest-circus\build\run.js:121:9)
    at _runTestsForDescribeBlock (C:\Angular project-2\codebook\node_modules\jest-circus\build\run.js:121:9)
    at run (C:\Angular project-2\codebook\node_modules\jest-circus\build\run.js:71:3)
    at runAndTransformResultsToJestFormat (C:\Angular project-2\codebook\node_modules\jest-circus\build\legacy-code-todo-rewrite\jestAdapterInit.js:122:21)]]></failure>
    </testCase>
    <testCase name="UserStore loadUsers should load users from local storage if available" duration="15">
      <failure message="Error: expect(jest.fn()).not.toHaveBeenCalled()"><![CDATA[Error: expect(jest.fn()).not.toHaveBeenCalled()

Expected number of calls: 0
Received number of calls: 1

1: "https://jsonplaceholder.typicode.com/users"
    at C:\Angular project-2\codebook\src\app\pages\users\store\user-store.spec.ts:109:38
    at Generator.next (<anonymous>)
    at fulfilled (C:\Angular project-2\codebook\node_modules\tslib\tslib.js:167:62)
    at _ZoneDelegate.invoke (C:\Angular project-2\codebook\node_modules\zone.js\bundles\zone.umd.js:416:32)
    at ProxyZoneSpec.Object.<anonymous>.ProxyZoneSpec.onInvoke (C:\Angular project-2\codebook\node_modules\zone.js\bundles\zone-testing.umd.js:2177:43)
    at _ZoneDelegate.invoke (C:\Angular project-2\codebook\node_modules\zone.js\bundles\zone.umd.js:415:38)
    at ZoneImpl.run (C:\Angular project-2\codebook\node_modules\zone.js\bundles\zone.umd.js:147:47)
    at C:\Angular project-2\codebook\node_modules\zone.js\bundles\zone.umd.js:2598:42
    at _ZoneDelegate.invokeTask (C:\Angular project-2\codebook\node_modules\zone.js\bundles\zone.umd.js:449:37)
    at ProxyZoneSpec.Object.<anonymous>.ProxyZoneSpec.onInvokeTask (C:\Angular project-2\codebook\node_modules\zone.js\bundles\zone-testing.umd.js:2208:43)
    at _ZoneDelegate.invokeTask (C:\Angular project-2\codebook\node_modules\zone.js\bundles\zone.umd.js:448:42)
    at ZoneImpl.runTask (C:\Angular project-2\codebook\node_modules\zone.js\bundles\zone.umd.js:196:51)
    at drainMicroTaskQueue (C:\Angular project-2\codebook\node_modules\zone.js\bundles\zone.umd.js:638:39)
    at processTicksAndRejections (node:internal/process/task_queues:105:5)]]></failure>
    </testCase>
    <testCase name="UserStore loadUsers should load users from API if local storage is empty" duration="14"/>
    <testCase name="UserStore loadUsers should handle API error" duration="63">
      <failure message="Error: expect(received).toEqual(expected) // deep equality"><![CDATA[Error: expect(received).toEqual(expected) // deep equality

- Expected  - 1
+ Received  + 9

- Array []
+ Array [
+   Object {
+     "bs": "Synergy",
+     "company": "Doe Inc",
+     "id": 1,
+     "name": "John Doe",
+     "website": "johndoe.com",
+   },
+ ]
    at C:\Angular project-2\codebook\src\app\pages\users\store\user-store.spec.ts:131:29
    at Generator.next (<anonymous>)
    at fulfilled (C:\Angular project-2\codebook\node_modules\tslib\tslib.js:167:62)
    at _ZoneDelegate.invoke (C:\Angular project-2\codebook\node_modules\zone.js\bundles\zone.umd.js:416:32)
    at ProxyZoneSpec.Object.<anonymous>.ProxyZoneSpec.onInvoke (C:\Angular project-2\codebook\node_modules\zone.js\bundles\zone-testing.umd.js:2177:43)
    at _ZoneDelegate.invoke (C:\Angular project-2\codebook\node_modules\zone.js\bundles\zone.umd.js:415:38)
    at ZoneImpl.run (C:\Angular project-2\codebook\node_modules\zone.js\bundles\zone.umd.js:147:47)
    at C:\Angular project-2\codebook\node_modules\zone.js\bundles\zone.umd.js:2598:42
    at _ZoneDelegate.invokeTask (C:\Angular project-2\codebook\node_modules\zone.js\bundles\zone.umd.js:449:37)
    at ProxyZoneSpec.Object.<anonymous>.ProxyZoneSpec.onInvokeTask (C:\Angular project-2\codebook\node_modules\zone.js\bundles\zone-testing.umd.js:2208:43)
    at _ZoneDelegate.invokeTask (C:\Angular project-2\codebook\node_modules\zone.js\bundles\zone.umd.js:448:42)
    at ZoneImpl.runTask (C:\Angular project-2\codebook\node_modules\zone.js\bundles\zone.umd.js:196:51)
    at drainMicroTaskQueue (C:\Angular project-2\codebook\node_modules\zone.js\bundles\zone.umd.js:638:39)
    at processTicksAndRejections (node:internal/process/task_queues:105:5)]]></failure>
    </testCase>
    <testCase name="UserStore addUser should add a new user" duration="19">
      <failure message="Error: expect(received).toContainEqual(expected) // deep equality"><![CDATA[Error: expect(received).toContainEqual(expected) // deep equality

Expected value: {"bs": "Innovation", "company": "Jane Inc", "id": 2, "name": "Jane Doe", "website": "janedoe.com"}
Received array: [{"bs": "Synergy", "company": "Doe Inc", "id": 1, "name": "John Doe", "website": "johndoe.com"}, {"bs": "Innovation", "company": "Jane Inc", "id": 1748512503802, "name": "Jane Doe", "website": "janedoe.com"}]
    at C:\Angular project-2\codebook\src\app\pages\users\store\user-store.spec.ts:146:29
    at _ZoneDelegate.invoke (C:\Angular project-2\codebook\node_modules\zone.js\bundles\zone.umd.js:416:32)
    at ProxyZoneSpec.Object.<anonymous>.ProxyZoneSpec.onInvoke (C:\Angular project-2\codebook\node_modules\zone.js\bundles\zone-testing.umd.js:2177:43)
    at _ZoneDelegate.invoke (C:\Angular project-2\codebook\node_modules\zone.js\bundles\zone.umd.js:415:38)
    at ZoneImpl.run (C:\Angular project-2\codebook\node_modules\zone.js\bundles\zone.umd.js:147:47)
    at Object.wrappedFunc (C:\Angular project-2\codebook\node_modules\zone.js\bundles\zone-testing.umd.js:450:38)
    at Promise.then.completed (C:\Angular project-2\codebook\node_modules\jest-circus\build\utils.js:298:28)
    at new Promise (<anonymous>)
    at callAsyncCircusFn (C:\Angular project-2\codebook\node_modules\jest-circus\build\utils.js:231:10)
    at _callCircusTest (C:\Angular project-2\codebook\node_modules\jest-circus\build\run.js:316:40)
    at processTicksAndRejections (node:internal/process/task_queues:105:5)
    at _runTest (C:\Angular project-2\codebook\node_modules\jest-circus\build\run.js:252:3)
    at _runTestsForDescribeBlock (C:\Angular project-2\codebook\node_modules\jest-circus\build\run.js:126:9)
    at _runTestsForDescribeBlock (C:\Angular project-2\codebook\node_modules\jest-circus\build\run.js:121:9)
    at _runTestsForDescribeBlock (C:\Angular project-2\codebook\node_modules\jest-circus\build\run.js:121:9)
    at run (C:\Angular project-2\codebook\node_modules\jest-circus\build\run.js:71:3)
    at runAndTransformResultsToJestFormat (C:\Angular project-2\codebook\node_modules\jest-circus\build\legacy-code-todo-rewrite\jestAdapterInit.js:122:21)]]></failure>
    </testCase>
    <testCase name="UserStore addUser should handle error when adding user" duration="24">
      <failure message="Error: expect(received).toEqual(expected) // deep equality"><![CDATA[Error: expect(received).toEqual(expected) // deep equality

- Expected  - 1
+ Received  + 9

- Array []
+ Array [
+   Object {
+     "bs": "Synergy",
+     "company": "Doe Inc",
+     "id": 1,
+     "name": "John Doe",
+     "website": "johndoe.com",
+   },
+ ]
    at C:\Angular project-2\codebook\src\app\pages\users\store\user-store.spec.ts:164:29
    at _ZoneDelegate.invoke (C:\Angular project-2\codebook\node_modules\zone.js\bundles\zone.umd.js:416:32)
    at ProxyZoneSpec.Object.<anonymous>.ProxyZoneSpec.onInvoke (C:\Angular project-2\codebook\node_modules\zone.js\bundles\zone-testing.umd.js:2177:43)
    at _ZoneDelegate.invoke (C:\Angular project-2\codebook\node_modules\zone.js\bundles\zone.umd.js:415:38)
    at ZoneImpl.run (C:\Angular project-2\codebook\node_modules\zone.js\bundles\zone.umd.js:147:47)
    at Object.wrappedFunc (C:\Angular project-2\codebook\node_modules\zone.js\bundles\zone-testing.umd.js:450:38)
    at Promise.then.completed (C:\Angular project-2\codebook\node_modules\jest-circus\build\utils.js:298:28)
    at new Promise (<anonymous>)
    at callAsyncCircusFn (C:\Angular project-2\codebook\node_modules\jest-circus\build\utils.js:231:10)
    at _callCircusTest (C:\Angular project-2\codebook\node_modules\jest-circus\build\run.js:316:40)
    at processTicksAndRejections (node:internal/process/task_queues:105:5)
    at _runTest (C:\Angular project-2\codebook\node_modules\jest-circus\build\run.js:252:3)
    at _runTestsForDescribeBlock (C:\Angular project-2\codebook\node_modules\jest-circus\build\run.js:126:9)
    at _runTestsForDescribeBlock (C:\Angular project-2\codebook\node_modules\jest-circus\build\run.js:121:9)
    at _runTestsForDescribeBlock (C:\Angular project-2\codebook\node_modules\jest-circus\build\run.js:121:9)
    at run (C:\Angular project-2\codebook\node_modules\jest-circus\build\run.js:71:3)
    at runAndTransformResultsToJestFormat (C:\Angular project-2\codebook\node_modules\jest-circus\build\legacy-code-todo-rewrite\jestAdapterInit.js:122:21)]]></failure>
    </testCase>
    <testCase name="UserStore updateUser should update an existing user" duration="42"/>
    <testCase name="UserStore updateUser should handle error when updating user" duration="11"/>
    <testCase name="UserStore deleteUser should delete a user" duration="13"/>
    <testCase name="UserStore deleteUser should handle error when deleting user" duration="11"/>
    <testCase name="UserStore getUser should return a user by ID" duration="11"/>
    <testCase name="UserStore getUser should return undefined if user is not found" duration="9"/>
    <testCase name="UserStore getUser should handle error when fetching user" duration="12"/>
    <testCase name="UserStore onInit Hook should call loadUsers on initialization" duration="24">
      <failure message="Error: expect(jest.fn()).toHaveBeenCalled()"><![CDATA[Error: expect(jest.fn()).toHaveBeenCalled()

Expected number of calls: >= 1
Received number of calls:    0
    at C:\Angular project-2\codebook\src\app\pages\users\store\user-store.spec.ts:253:28
    at _ZoneDelegate.invoke (C:\Angular project-2\codebook\node_modules\zone.js\bundles\zone.umd.js:416:32)
    at ProxyZoneSpec.Object.<anonymous>.ProxyZoneSpec.onInvoke (C:\Angular project-2\codebook\node_modules\zone.js\bundles\zone-testing.umd.js:2177:43)
    at _ZoneDelegate.invoke (C:\Angular project-2\codebook\node_modules\zone.js\bundles\zone.umd.js:415:38)
    at ZoneImpl.run (C:\Angular project-2\codebook\node_modules\zone.js\bundles\zone.umd.js:147:47)
    at Object.wrappedFunc (C:\Angular project-2\codebook\node_modules\zone.js\bundles\zone-testing.umd.js:450:38)
    at Promise.then.completed (C:\Angular project-2\codebook\node_modules\jest-circus\build\utils.js:298:28)
    at new Promise (<anonymous>)
    at callAsyncCircusFn (C:\Angular project-2\codebook\node_modules\jest-circus\build\utils.js:231:10)
    at _callCircusTest (C:\Angular project-2\codebook\node_modules\jest-circus\build\run.js:316:40)
    at processTicksAndRejections (node:internal/process/task_queues:105:5)
    at _runTest (C:\Angular project-2\codebook\node_modules\jest-circus\build\run.js:252:3)
    at _runTestsForDescribeBlock (C:\Angular project-2\codebook\node_modules\jest-circus\build\run.js:126:9)
    at _runTestsForDescribeBlock (C:\Angular project-2\codebook\node_modules\jest-circus\build\run.js:121:9)
    at _runTestsForDescribeBlock (C:\Angular project-2\codebook\node_modules\jest-circus\build\run.js:121:9)
    at run (C:\Angular project-2\codebook\node_modules\jest-circus\build\run.js:71:3)
    at runAndTransformResultsToJestFormat (C:\Angular project-2\codebook\node_modules\jest-circus\build\legacy-code-todo-rewrite\jestAdapterInit.js:122:21)]]></failure>
    </testCase>
  </file>
  <file path="C:\Angular project-2\codebook\src\app\pages\business\store\business.store.spec.ts">
    <testCase name="BusinessStore should be created" duration="21"/>
    <testCase name="BusinessStore initial state should have initial state" duration="49"/>
    <testCase name="BusinessStore loadBusinesses should load businesses from localStorage" duration="9"/>
    <testCase name="BusinessStore loadBusinesses should handle empty localStorage" duration="9"/>
    <testCase name="BusinessStore loadBusinesses should handle parsing error" duration="9"/>
    <testCase name="BusinessStore addBusiness should add a new business" duration="10"/>
    <testCase name="BusinessStore addBusiness should handle error when adding business" duration="25"/>
    <testCase name="BusinessStore updateBusiness should update an existing business" duration="8"/>
    <testCase name="BusinessStore updateBusiness should handle business not found" duration="20"/>
    <testCase name="BusinessStore updateBusiness should handle storage error" duration="9"/>
    <testCase name="BusinessStore deleteBusiness should delete a business" duration="8"/>
    <testCase name="BusinessStore deleteBusiness should handle storage error" duration="15"/>
    <testCase name="BusinessStore deleteBusiness should not fail when deleting non-existent business" duration="19"/>
    <testCase name="BusinessStore getBusiness should get a business by id" duration="30"/>
    <testCase name="BusinessStore getBusiness should return undefined for non-existent id" duration="15"/>
    <testCase name="BusinessStore getBusiness should set error if something goes wrong" duration="20"/>
    <testCase name="BusinessStore businessCount should return correct count of businesses" duration="26">
      <failure message="Error: expect(received).toBe(expected) // Object.is equality"><![CDATA[Error: expect(received).toBe(expected) // Object.is equality

Expected: 0
Received: 1
    at C:\Angular project-2\codebook\src\app\pages\business\store\business.store.spec.ts:280:37
    at _ZoneDelegate.invoke (C:\Angular project-2\codebook\node_modules\zone.js\bundles\zone.umd.js:416:32)
    at ProxyZoneSpec.Object.<anonymous>.ProxyZoneSpec.onInvoke (C:\Angular project-2\codebook\node_modules\zone.js\bundles\zone-testing.umd.js:2177:43)
    at _ZoneDelegate.invoke (C:\Angular project-2\codebook\node_modules\zone.js\bundles\zone.umd.js:415:38)
    at ZoneImpl.run (C:\Angular project-2\codebook\node_modules\zone.js\bundles\zone.umd.js:147:47)
    at Object.wrappedFunc (C:\Angular project-2\codebook\node_modules\zone.js\bundles\zone-testing.umd.js:450:38)
    at Promise.then.completed (C:\Angular project-2\codebook\node_modules\jest-circus\build\utils.js:298:28)
    at new Promise (<anonymous>)
    at callAsyncCircusFn (C:\Angular project-2\codebook\node_modules\jest-circus\build\utils.js:231:10)
    at _callCircusTest (C:\Angular project-2\codebook\node_modules\jest-circus\build\run.js:316:40)
    at processTicksAndRejections (node:internal/process/task_queues:105:5)
    at _runTest (C:\Angular project-2\codebook\node_modules\jest-circus\build\run.js:252:3)
    at _runTestsForDescribeBlock (C:\Angular project-2\codebook\node_modules\jest-circus\build\run.js:126:9)
    at _runTestsForDescribeBlock (C:\Angular project-2\codebook\node_modules\jest-circus\build\run.js:121:9)
    at _runTestsForDescribeBlock (C:\Angular project-2\codebook\node_modules\jest-circus\build\run.js:121:9)
    at run (C:\Angular project-2\codebook\node_modules\jest-circus\build\run.js:71:3)
    at runAndTransformResultsToJestFormat (C:\Angular project-2\codebook\node_modules\jest-circus\build\legacy-code-todo-rewrite\jestAdapterInit.js:122:21)]]></failure>
    </testCase>
    <testCase name="BusinessStore onInit should load businesses on initialization" duration="15">
      <failure message="Error: expect(received).toBe(expected) // Object.is equality"><![CDATA[Error: expect(received).toBe(expected) // Object.is equality

Expected: 1
Received: 0
    at C:\Angular project-2\codebook\src\app\pages\business\store\business.store.spec.ts:321:44
    at _ZoneDelegate.invoke (C:\Angular project-2\codebook\node_modules\zone.js\bundles\zone.umd.js:416:32)
    at ProxyZoneSpec.Object.<anonymous>.ProxyZoneSpec.onInvoke (C:\Angular project-2\codebook\node_modules\zone.js\bundles\zone-testing.umd.js:2177:43)
    at _ZoneDelegate.invoke (C:\Angular project-2\codebook\node_modules\zone.js\bundles\zone.umd.js:415:38)
    at ZoneImpl.run (C:\Angular project-2\codebook\node_modules\zone.js\bundles\zone.umd.js:147:47)
    at Object.wrappedFunc (C:\Angular project-2\codebook\node_modules\zone.js\bundles\zone-testing.umd.js:450:38)
    at Promise.then.completed (C:\Angular project-2\codebook\node_modules\jest-circus\build\utils.js:298:28)
    at new Promise (<anonymous>)
    at callAsyncCircusFn (C:\Angular project-2\codebook\node_modules\jest-circus\build\utils.js:231:10)
    at _callCircusTest (C:\Angular project-2\codebook\node_modules\jest-circus\build\run.js:316:40)
    at processTicksAndRejections (node:internal/process/task_queues:105:5)
    at _runTest (C:\Angular project-2\codebook\node_modules\jest-circus\build\run.js:252:3)
    at _runTestsForDescribeBlock (C:\Angular project-2\codebook\node_modules\jest-circus\build\run.js:126:9)
    at _runTestsForDescribeBlock (C:\Angular project-2\codebook\node_modules\jest-circus\build\run.js:121:9)
    at _runTestsForDescribeBlock (C:\Angular project-2\codebook\node_modules\jest-circus\build\run.js:121:9)
    at run (C:\Angular project-2\codebook\node_modules\jest-circus\build\run.js:71:3)
    at runAndTransformResultsToJestFormat (C:\Angular project-2\codebook\node_modules\jest-circus\build\legacy-code-todo-rewrite\jestAdapterInit.js:122:21)]]></failure>
    </testCase>
  </file>
  <file path="C:\Angular project-2\codebook\src\app\services\theme\theme.service.spec.ts">
    <testCase name="ThemeService Initialization should initialize with deep-blue theme" duration="40">
      <failure message="Error: expect(jest.fn()).toHaveBeenCalledWith(...expected)"><![CDATA[Error: expect(jest.fn()).toHaveBeenCalledWith(...expected)

Expected: "deep-blue-light-theme"

Number of calls: 0
    at C:\Angular project-2\codebook\src\app\services\theme\theme.service.spec.ts:58:43
    at _ZoneDelegate.invoke (C:\Angular project-2\codebook\node_modules\zone.js\bundles\zone.umd.js:416:32)
    at ProxyZoneSpec.Object.<anonymous>.ProxyZoneSpec.onInvoke (C:\Angular project-2\codebook\node_modules\zone.js\bundles\zone-testing.umd.js:2177:43)
    at _ZoneDelegate.invoke (C:\Angular project-2\codebook\node_modules\zone.js\bundles\zone.umd.js:415:38)
    at ZoneImpl.run (C:\Angular project-2\codebook\node_modules\zone.js\bundles\zone.umd.js:147:47)
    at Object.wrappedFunc (C:\Angular project-2\codebook\node_modules\zone.js\bundles\zone-testing.umd.js:450:38)
    at Promise.then.completed (C:\Angular project-2\codebook\node_modules\jest-circus\build\utils.js:298:28)
    at new Promise (<anonymous>)
    at callAsyncCircusFn (C:\Angular project-2\codebook\node_modules\jest-circus\build\utils.js:231:10)
    at _callCircusTest (C:\Angular project-2\codebook\node_modules\jest-circus\build\run.js:316:40)
    at processTicksAndRejections (node:internal/process/task_queues:105:5)
    at _runTest (C:\Angular project-2\codebook\node_modules\jest-circus\build\run.js:252:3)
    at _runTestsForDescribeBlock (C:\Angular project-2\codebook\node_modules\jest-circus\build\run.js:126:9)
    at _runTestsForDescribeBlock (C:\Angular project-2\codebook\node_modules\jest-circus\build\run.js:121:9)
    at _runTestsForDescribeBlock (C:\Angular project-2\codebook\node_modules\jest-circus\build\run.js:121:9)
    at run (C:\Angular project-2\codebook\node_modules\jest-circus\build\run.js:71:3)
    at runAndTransformResultsToJestFormat (C:\Angular project-2\codebook\node_modules\jest-circus\build\legacy-code-todo-rewrite\jestAdapterInit.js:122:21)]]></failure>
    </testCase>
    <testCase name="ThemeService Initialization should remove all theme classes during initialization" duration="10">
      <failure message="Error: expect(jest.fn()).toHaveBeenCalledWith(...expected)"><![CDATA[Error: expect(jest.fn()).toHaveBeenCalledWith(...expected)

Expected: "deep-blue-dark-theme", "deep-blue-light-theme", "green-dark-theme", "green-light-theme", "orange-dark-theme", "orange-light-theme", "purple-dark-theme", "purple-light-theme", "red-dark-theme", "red-light-theme"

Number of calls: 0
    at C:\Angular project-2\codebook\src\app\services\theme\theme.service.spec.ts:71:46
    at _ZoneDelegate.invoke (C:\Angular project-2\codebook\node_modules\zone.js\bundles\zone.umd.js:416:32)
    at ProxyZoneSpec.Object.<anonymous>.ProxyZoneSpec.onInvoke (C:\Angular project-2\codebook\node_modules\zone.js\bundles\zone-testing.umd.js:2177:43)
    at _ZoneDelegate.invoke (C:\Angular project-2\codebook\node_modules\zone.js\bundles\zone.umd.js:415:38)
    at ZoneImpl.run (C:\Angular project-2\codebook\node_modules\zone.js\bundles\zone.umd.js:147:47)
    at Object.wrappedFunc (C:\Angular project-2\codebook\node_modules\zone.js\bundles\zone-testing.umd.js:450:38)
    at Promise.then.completed (C:\Angular project-2\codebook\node_modules\jest-circus\build\utils.js:298:28)
    at new Promise (<anonymous>)
    at callAsyncCircusFn (C:\Angular project-2\codebook\node_modules\jest-circus\build\utils.js:231:10)
    at _callCircusTest (C:\Angular project-2\codebook\node_modules\jest-circus\build\run.js:316:40)
    at processTicksAndRejections (node:internal/process/task_queues:105:5)
    at _runTest (C:\Angular project-2\codebook\node_modules\jest-circus\build\run.js:252:3)
    at _runTestsForDescribeBlock (C:\Angular project-2\codebook\node_modules\jest-circus\build\run.js:126:9)
    at _runTestsForDescribeBlock (C:\Angular project-2\codebook\node_modules\jest-circus\build\run.js:121:9)
    at _runTestsForDescribeBlock (C:\Angular project-2\codebook\node_modules\jest-circus\build\run.js:121:9)
    at run (C:\Angular project-2\codebook\node_modules\jest-circus\build\run.js:71:3)
    at runAndTransformResultsToJestFormat (C:\Angular project-2\codebook\node_modules\jest-circus\build\legacy-code-todo-rewrite\jestAdapterInit.js:122:21)]]></failure>
    </testCase>
    <testCase name="ThemeService getThemes should return the list of themes" duration="21">
      <failure message="Error: expect(received).toHaveLength(expected)"><![CDATA[Error: expect(received).toHaveLength(expected)

Expected length: 5
Received length: 6
Received array:  [{"darkModeClass": "deep-blue-dark-theme", "displayName": "Deep-Blue", "id": "deep-blue", "lightModeClass": "deep-blue-light-theme", "primary": "#1976D2"}, {"darkModeClass": "green-dark-theme", "displayName": "Green", "id": "green", "lightModeClass": "green-light-theme", "primary": "#00796B"}, {"darkModeClass": "orange-dark-theme", "displayName": "Orange", "id": "orange", "lightModeClass": "orange-light-theme", "primary": "#E65100"}, {"darkModeClass": "purple-dark-theme", "displayName": "Purple", "id": "purple", "lightModeClass": "purple-light-theme", "primary": "#6200EE"}, {"darkModeClass": "red-dark-theme", "displayName": "Red", "id": "red", "lightModeClass": "red-light-theme", "primary": "#C2185B"}, {"darkModeClass": "gray-dark-theme", "displayName": "Charcoal", "id": "charcoal", "lightModeClass": "gray-light-theme", "primary": "#333333"}]
    at C:\Angular project-2\codebook\src\app\services\theme\theme.service.spec.ts:78:22
    at _ZoneDelegate.invoke (C:\Angular project-2\codebook\node_modules\zone.js\bundles\zone.umd.js:416:32)
    at ProxyZoneSpec.Object.<anonymous>.ProxyZoneSpec.onInvoke (C:\Angular project-2\codebook\node_modules\zone.js\bundles\zone-testing.umd.js:2177:43)
    at _ZoneDelegate.invoke (C:\Angular project-2\codebook\node_modules\zone.js\bundles\zone.umd.js:415:38)
    at ZoneImpl.run (C:\Angular project-2\codebook\node_modules\zone.js\bundles\zone.umd.js:147:47)
    at Object.wrappedFunc (C:\Angular project-2\codebook\node_modules\zone.js\bundles\zone-testing.umd.js:450:38)
    at Promise.then.completed (C:\Angular project-2\codebook\node_modules\jest-circus\build\utils.js:298:28)
    at new Promise (<anonymous>)
    at callAsyncCircusFn (C:\Angular project-2\codebook\node_modules\jest-circus\build\utils.js:231:10)
    at _callCircusTest (C:\Angular project-2\codebook\node_modules\jest-circus\build\run.js:316:40)
    at processTicksAndRejections (node:internal/process/task_queues:105:5)
    at _runTest (C:\Angular project-2\codebook\node_modules\jest-circus\build\run.js:252:3)
    at _runTestsForDescribeBlock (C:\Angular project-2\codebook\node_modules\jest-circus\build\run.js:126:9)
    at _runTestsForDescribeBlock (C:\Angular project-2\codebook\node_modules\jest-circus\build\run.js:121:9)
    at _runTestsForDescribeBlock (C:\Angular project-2\codebook\node_modules\jest-circus\build\run.js:121:9)
    at run (C:\Angular project-2\codebook\node_modules\jest-circus\build\run.js:71:3)
    at runAndTransformResultsToJestFormat (C:\Angular project-2\codebook\node_modules\jest-circus\build\legacy-code-todo-rewrite\jestAdapterInit.js:122:21)]]></failure>
    </testCase>
    <testCase name="ThemeService setTheme should set theme to green and apply light theme class when not in dark mode" duration="18">
      <failure message="Error: expect(jest.fn()).toHaveBeenCalledWith(...expected)"><![CDATA[Error: expect(jest.fn()).toHaveBeenCalledWith(...expected)

Expected: "deep-blue-dark-theme", "deep-blue-light-theme", "green-dark-theme", "green-light-theme", "orange-dark-theme", "orange-light-theme", "purple-dark-theme", "purple-light-theme", "red-dark-theme", "red-light-theme"
Received: "deep-blue-dark-theme", "deep-blue-light-theme", "green-dark-theme", "green-light-theme", "orange-dark-theme", "orange-light-theme", "purple-dark-theme", "purple-light-theme", "red-dark-theme", "red-light-theme", "gray-dark-theme", "gray-light-theme"

Number of calls: 1
    at C:\Angular project-2\codebook\src\app\services\theme\theme.service.spec.ts:130:46
    at _ZoneDelegate.invoke (C:\Angular project-2\codebook\node_modules\zone.js\bundles\zone.umd.js:416:32)
    at ProxyZoneSpec.Object.<anonymous>.ProxyZoneSpec.onInvoke (C:\Angular project-2\codebook\node_modules\zone.js\bundles\zone-testing.umd.js:2177:43)
    at _ZoneDelegate.invoke (C:\Angular project-2\codebook\node_modules\zone.js\bundles\zone.umd.js:415:38)
    at ZoneImpl.run (C:\Angular project-2\codebook\node_modules\zone.js\bundles\zone.umd.js:147:47)
    at Object.wrappedFunc (C:\Angular project-2\codebook\node_modules\zone.js\bundles\zone-testing.umd.js:450:38)
    at Promise.then.completed (C:\Angular project-2\codebook\node_modules\jest-circus\build\utils.js:298:28)
    at new Promise (<anonymous>)
    at callAsyncCircusFn (C:\Angular project-2\codebook\node_modules\jest-circus\build\utils.js:231:10)
    at _callCircusTest (C:\Angular project-2\codebook\node_modules\jest-circus\build\run.js:316:40)
    at processTicksAndRejections (node:internal/process/task_queues:105:5)
    at _runTest (C:\Angular project-2\codebook\node_modules\jest-circus\build\run.js:252:3)
    at _runTestsForDescribeBlock (C:\Angular project-2\codebook\node_modules\jest-circus\build\run.js:126:9)
    at _runTestsForDescribeBlock (C:\Angular project-2\codebook\node_modules\jest-circus\build\run.js:121:9)
    at _runTestsForDescribeBlock (C:\Angular project-2\codebook\node_modules\jest-circus\build\run.js:121:9)
    at run (C:\Angular project-2\codebook\node_modules\jest-circus\build\run.js:71:3)
    at runAndTransformResultsToJestFormat (C:\Angular project-2\codebook\node_modules\jest-circus\build\legacy-code-todo-rewrite\jestAdapterInit.js:122:21)]]></failure>
    </testCase>
    <testCase name="ThemeService setTheme should set theme to purple and apply dark theme class when in dark mode" duration="16">
      <failure message="Error: expect(jest.fn()).toHaveBeenCalledWith(...expected)"><![CDATA[Error: expect(jest.fn()).toHaveBeenCalledWith(...expected)

Expected: "deep-blue-dark-theme", "deep-blue-light-theme", "green-dark-theme", "green-light-theme", "orange-dark-theme", "orange-light-theme", "purple-dark-theme", "purple-light-theme", "red-dark-theme", "red-light-theme"
Received: "deep-blue-dark-theme", "deep-blue-light-theme", "green-dark-theme", "green-light-theme", "orange-dark-theme", "orange-light-theme", "purple-dark-theme", "purple-light-theme", "red-dark-theme", "red-light-theme", "gray-dark-theme", "gray-light-theme"

Number of calls: 1
    at C:\Angular project-2\codebook\src\app\services\theme\theme.service.spec.ts:152:46
    at _ZoneDelegate.invoke (C:\Angular project-2\codebook\node_modules\zone.js\bundles\zone.umd.js:416:32)
    at ProxyZoneSpec.Object.<anonymous>.ProxyZoneSpec.onInvoke (C:\Angular project-2\codebook\node_modules\zone.js\bundles\zone-testing.umd.js:2177:43)
    at _ZoneDelegate.invoke (C:\Angular project-2\codebook\node_modules\zone.js\bundles\zone.umd.js:415:38)
    at ZoneImpl.run (C:\Angular project-2\codebook\node_modules\zone.js\bundles\zone.umd.js:147:47)
    at Object.wrappedFunc (C:\Angular project-2\codebook\node_modules\zone.js\bundles\zone-testing.umd.js:450:38)
    at Promise.then.completed (C:\Angular project-2\codebook\node_modules\jest-circus\build\utils.js:298:28)
    at new Promise (<anonymous>)
    at callAsyncCircusFn (C:\Angular project-2\codebook\node_modules\jest-circus\build\utils.js:231:10)
    at _callCircusTest (C:\Angular project-2\codebook\node_modules\jest-circus\build\run.js:316:40)
    at processTicksAndRejections (node:internal/process/task_queues:105:5)
    at _runTest (C:\Angular project-2\codebook\node_modules\jest-circus\build\run.js:252:3)
    at _runTestsForDescribeBlock (C:\Angular project-2\codebook\node_modules\jest-circus\build\run.js:126:9)
    at _runTestsForDescribeBlock (C:\Angular project-2\codebook\node_modules\jest-circus\build\run.js:121:9)
    at _runTestsForDescribeBlock (C:\Angular project-2\codebook\node_modules\jest-circus\build\run.js:121:9)
    at run (C:\Angular project-2\codebook\node_modules\jest-circus\build\run.js:71:3)
    at runAndTransformResultsToJestFormat (C:\Angular project-2\codebook\node_modules\jest-circus\build\legacy-code-todo-rewrite\jestAdapterInit.js:122:21)]]></failure>
    </testCase>
    <testCase name="ThemeService setTheme should not change theme if themeId is invalid" duration="7">
      <failure message="Error: expect(jest.fn()).toHaveBeenCalledTimes(expected)"><![CDATA[Error: expect(jest.fn()).toHaveBeenCalledTimes(expected)

Expected number of calls: 1
Received number of calls: 0
    at C:\Angular project-2\codebook\src\app\services\theme\theme.service.spec.ts:168:43
    at _ZoneDelegate.invoke (C:\Angular project-2\codebook\node_modules\zone.js\bundles\zone.umd.js:416:32)
    at ProxyZoneSpec.Object.<anonymous>.ProxyZoneSpec.onInvoke (C:\Angular project-2\codebook\node_modules\zone.js\bundles\zone-testing.umd.js:2177:43)
    at _ZoneDelegate.invoke (C:\Angular project-2\codebook\node_modules\zone.js\bundles\zone.umd.js:415:38)
    at ZoneImpl.run (C:\Angular project-2\codebook\node_modules\zone.js\bundles\zone.umd.js:147:47)
    at Object.wrappedFunc (C:\Angular project-2\codebook\node_modules\zone.js\bundles\zone-testing.umd.js:450:38)
    at Promise.then.completed (C:\Angular project-2\codebook\node_modules\jest-circus\build\utils.js:298:28)
    at new Promise (<anonymous>)
    at callAsyncCircusFn (C:\Angular project-2\codebook\node_modules\jest-circus\build\utils.js:231:10)
    at _callCircusTest (C:\Angular project-2\codebook\node_modules\jest-circus\build\run.js:316:40)
    at processTicksAndRejections (node:internal/process/task_queues:105:5)
    at _runTest (C:\Angular project-2\codebook\node_modules\jest-circus\build\run.js:252:3)
    at _runTestsForDescribeBlock (C:\Angular project-2\codebook\node_modules\jest-circus\build\run.js:126:9)
    at _runTestsForDescribeBlock (C:\Angular project-2\codebook\node_modules\jest-circus\build\run.js:121:9)
    at _runTestsForDescribeBlock (C:\Angular project-2\codebook\node_modules\jest-circus\build\run.js:121:9)
    at run (C:\Angular project-2\codebook\node_modules\jest-circus\build\run.js:71:3)
    at runAndTransformResultsToJestFormat (C:\Angular project-2\codebook\node_modules\jest-circus\build\legacy-code-todo-rewrite\jestAdapterInit.js:122:21)]]></failure>
    </testCase>
    <testCase name="ThemeService applyCurrentTheme should apply light theme class when not in dark mode" duration="67">
      <failure message="Error: expect(jest.fn()).toHaveBeenCalledWith(...expected)"><![CDATA[Error: expect(jest.fn()).toHaveBeenCalledWith(...expected)

Expected: "deep-blue-dark-theme", "deep-blue-light-theme", "green-dark-theme", "green-light-theme", "orange-dark-theme", "orange-light-theme", "purple-dark-theme", "purple-light-theme", "red-dark-theme", "red-light-theme"
Received: "deep-blue-dark-theme", "deep-blue-light-theme", "green-dark-theme", "green-light-theme", "orange-dark-theme", "orange-light-theme", "purple-dark-theme", "purple-light-theme", "red-dark-theme", "red-light-theme", "gray-dark-theme", "gray-light-theme"

Number of calls: 1
    at C:\Angular project-2\codebook\src\app\services\theme\theme.service.spec.ts:177:46
    at _ZoneDelegate.invoke (C:\Angular project-2\codebook\node_modules\zone.js\bundles\zone.umd.js:416:32)
    at ProxyZoneSpec.Object.<anonymous>.ProxyZoneSpec.onInvoke (C:\Angular project-2\codebook\node_modules\zone.js\bundles\zone-testing.umd.js:2177:43)
    at _ZoneDelegate.invoke (C:\Angular project-2\codebook\node_modules\zone.js\bundles\zone.umd.js:415:38)
    at ZoneImpl.run (C:\Angular project-2\codebook\node_modules\zone.js\bundles\zone.umd.js:147:47)
    at Object.wrappedFunc (C:\Angular project-2\codebook\node_modules\zone.js\bundles\zone-testing.umd.js:450:38)
    at Promise.then.completed (C:\Angular project-2\codebook\node_modules\jest-circus\build\utils.js:298:28)
    at new Promise (<anonymous>)
    at callAsyncCircusFn (C:\Angular project-2\codebook\node_modules\jest-circus\build\utils.js:231:10)
    at _callCircusTest (C:\Angular project-2\codebook\node_modules\jest-circus\build\run.js:316:40)
    at processTicksAndRejections (node:internal/process/task_queues:105:5)
    at _runTest (C:\Angular project-2\codebook\node_modules\jest-circus\build\run.js:252:3)
    at _runTestsForDescribeBlock (C:\Angular project-2\codebook\node_modules\jest-circus\build\run.js:126:9)
    at _runTestsForDescribeBlock (C:\Angular project-2\codebook\node_modules\jest-circus\build\run.js:121:9)
    at _runTestsForDescribeBlock (C:\Angular project-2\codebook\node_modules\jest-circus\build\run.js:121:9)
    at run (C:\Angular project-2\codebook\node_modules\jest-circus\build\run.js:71:3)
    at runAndTransformResultsToJestFormat (C:\Angular project-2\codebook\node_modules\jest-circus\build\legacy-code-todo-rewrite\jestAdapterInit.js:122:21)]]></failure>
    </testCase>
    <testCase name="ThemeService applyCurrentTheme should apply dark theme class when in dark mode" duration="11">
      <failure message="Error: expect(jest.fn()).toHaveBeenCalledWith(...expected)"><![CDATA[Error: expect(jest.fn()).toHaveBeenCalledWith(...expected)

Expected: "deep-blue-dark-theme", "deep-blue-light-theme", "green-dark-theme", "green-light-theme", "orange-dark-theme", "orange-light-theme", "purple-dark-theme", "purple-light-theme", "red-dark-theme", "red-light-theme"
Received: "deep-blue-dark-theme", "deep-blue-light-theme", "green-dark-theme", "green-light-theme", "orange-dark-theme", "orange-light-theme", "purple-dark-theme", "purple-light-theme", "red-dark-theme", "red-light-theme", "gray-dark-theme", "gray-light-theme"

Number of calls: 1
    at C:\Angular project-2\codebook\src\app\services\theme\theme.service.spec.ts:192:46
    at _ZoneDelegate.invoke (C:\Angular project-2\codebook\node_modules\zone.js\bundles\zone.umd.js:416:32)
    at ProxyZoneSpec.Object.<anonymous>.ProxyZoneSpec.onInvoke (C:\Angular project-2\codebook\node_modules\zone.js\bundles\zone-testing.umd.js:2177:43)
    at _ZoneDelegate.invoke (C:\Angular project-2\codebook\node_modules\zone.js\bundles\zone.umd.js:415:38)
    at ZoneImpl.run (C:\Angular project-2\codebook\node_modules\zone.js\bundles\zone.umd.js:147:47)
    at Object.wrappedFunc (C:\Angular project-2\codebook\node_modules\zone.js\bundles\zone-testing.umd.js:450:38)
    at Promise.then.completed (C:\Angular project-2\codebook\node_modules\jest-circus\build\utils.js:298:28)
    at new Promise (<anonymous>)
    at callAsyncCircusFn (C:\Angular project-2\codebook\node_modules\jest-circus\build\utils.js:231:10)
    at _callCircusTest (C:\Angular project-2\codebook\node_modules\jest-circus\build\run.js:316:40)
    at processTicksAndRejections (node:internal/process/task_queues:105:5)
    at _runTest (C:\Angular project-2\codebook\node_modules\jest-circus\build\run.js:252:3)
    at _runTestsForDescribeBlock (C:\Angular project-2\codebook\node_modules\jest-circus\build\run.js:126:9)
    at _runTestsForDescribeBlock (C:\Angular project-2\codebook\node_modules\jest-circus\build\run.js:121:9)
    at _runTestsForDescribeBlock (C:\Angular project-2\codebook\node_modules\jest-circus\build\run.js:121:9)
    at run (C:\Angular project-2\codebook\node_modules\jest-circus\build\run.js:71:3)
    at runAndTransformResultsToJestFormat (C:\Angular project-2\codebook\node_modules\jest-circus\build\legacy-code-todo-rewrite\jestAdapterInit.js:122:21)]]></failure>
    </testCase>
    <testCase name="ThemeService Effect should reapply theme when dark mode changes" duration="10">
      <failure message="Error: expect(jest.fn()).toHaveBeenCalledWith(...expected)"><![CDATA[Error: expect(jest.fn()).toHaveBeenCalledWith(...expected)

Expected: "deep-blue-dark-theme", "deep-blue-light-theme", "green-dark-theme", "green-light-theme", "orange-dark-theme", "orange-light-theme", "purple-dark-theme", "purple-light-theme", "red-dark-theme", "red-light-theme"
Received
       1: "deep-blue-dark-theme", "deep-blue-light-theme", "green-dark-theme", "green-light-theme", "orange-dark-theme", "orange-light-theme", "purple-dark-theme", "purple-light-theme", "red-dark-theme", "red-light-theme", "gray-dark-theme", "gray-light-theme"
       2: "deep-blue-dark-theme", "deep-blue-light-theme", "green-dark-theme", "green-light-theme", "orange-dark-theme", "orange-light-theme", "purple-dark-theme", "purple-light-theme", "red-dark-theme", "red-light-theme", "gray-dark-theme", "gray-light-theme"

Number of calls: 2
    at C:\Angular project-2\codebook\src\app\services\theme\theme.service.spec.ts:216:46
    at _ZoneDelegate.invoke (C:\Angular project-2\codebook\node_modules\zone.js\bundles\zone.umd.js:416:32)
    at ProxyZoneSpec.Object.<anonymous>.ProxyZoneSpec.onInvoke (C:\Angular project-2\codebook\node_modules\zone.js\bundles\zone-testing.umd.js:2177:43)
    at _ZoneDelegate.invoke (C:\Angular project-2\codebook\node_modules\zone.js\bundles\zone.umd.js:415:38)
    at ZoneImpl.run (C:\Angular project-2\codebook\node_modules\zone.js\bundles\zone.umd.js:147:47)
    at Object.wrappedFunc (C:\Angular project-2\codebook\node_modules\zone.js\bundles\zone-testing.umd.js:450:38)
    at Promise.then.completed (C:\Angular project-2\codebook\node_modules\jest-circus\build\utils.js:298:28)
    at new Promise (<anonymous>)
    at callAsyncCircusFn (C:\Angular project-2\codebook\node_modules\jest-circus\build\utils.js:231:10)
    at _callCircusTest (C:\Angular project-2\codebook\node_modules\jest-circus\build\run.js:316:40)
    at processTicksAndRejections (node:internal/process/task_queues:105:5)
    at _runTest (C:\Angular project-2\codebook\node_modules\jest-circus\build\run.js:252:3)
    at _runTestsForDescribeBlock (C:\Angular project-2\codebook\node_modules\jest-circus\build\run.js:126:9)
    at _runTestsForDescribeBlock (C:\Angular project-2\codebook\node_modules\jest-circus\build\run.js:121:9)
    at _runTestsForDescribeBlock (C:\Angular project-2\codebook\node_modules\jest-circus\build\run.js:121:9)
    at run (C:\Angular project-2\codebook\node_modules\jest-circus\build\run.js:71:3)
    at runAndTransformResultsToJestFormat (C:\Angular project-2\codebook\node_modules\jest-circus\build\legacy-code-todo-rewrite\jestAdapterInit.js:122:21)]]></failure>
    </testCase>
    <testCase name="ThemeService Effect should call applyCurrentTheme when effect is triggered" duration="9">
      <failure message="Error: expect(jest.fn()).toHaveBeenCalledWith(...expected)"><![CDATA[Error: expect(jest.fn()).toHaveBeenCalledWith(...expected)

Expected: "deep-blue-light-theme"
Received: "green-light-theme"

Number of calls: 1
    at C:\Angular project-2\codebook\src\app\services\theme\theme.service.spec.ts:232:43
    at _ZoneDelegate.invoke (C:\Angular project-2\codebook\node_modules\zone.js\bundles\zone.umd.js:416:32)
    at ProxyZoneSpec.Object.<anonymous>.ProxyZoneSpec.onInvoke (C:\Angular project-2\codebook\node_modules\zone.js\bundles\zone-testing.umd.js:2177:43)
    at _ZoneDelegate.invoke (C:\Angular project-2\codebook\node_modules\zone.js\bundles\zone.umd.js:415:38)
    at ZoneImpl.run (C:\Angular project-2\codebook\node_modules\zone.js\bundles\zone.umd.js:147:47)
    at Object.wrappedFunc (C:\Angular project-2\codebook\node_modules\zone.js\bundles\zone-testing.umd.js:450:38)
    at Promise.then.completed (C:\Angular project-2\codebook\node_modules\jest-circus\build\utils.js:298:28)
    at new Promise (<anonymous>)
    at callAsyncCircusFn (C:\Angular project-2\codebook\node_modules\jest-circus\build\utils.js:231:10)
    at _callCircusTest (C:\Angular project-2\codebook\node_modules\jest-circus\build\run.js:316:40)
    at processTicksAndRejections (node:internal/process/task_queues:105:5)
    at _runTest (C:\Angular project-2\codebook\node_modules\jest-circus\build\run.js:252:3)
    at _runTestsForDescribeBlock (C:\Angular project-2\codebook\node_modules\jest-circus\build\run.js:126:9)
    at _runTestsForDescribeBlock (C:\Angular project-2\codebook\node_modules\jest-circus\build\run.js:121:9)
    at _runTestsForDescribeBlock (C:\Angular project-2\codebook\node_modules\jest-circus\build\run.js:121:9)
    at run (C:\Angular project-2\codebook\node_modules\jest-circus\build\run.js:71:3)
    at runAndTransformResultsToJestFormat (C:\Angular project-2\codebook\node_modules\jest-circus\build\legacy-code-todo-rewrite\jestAdapterInit.js:122:21)]]></failure>
    </testCase>
  </file>
  <file path="C:\Angular project-2\codebook\src\app\app.routes.spec.ts">
    <testCase name="App Routes should define routes with correct configurations" duration="37">
      <failure message="Error: expect(received).toBe(expected) // Object.is equality"><![CDATA[Error: expect(received).toBe(expected) // Object.is equality

Expected: 5
Received: 6
    at C:\Angular project-2\codebook\src\app\app.routes.spec.ts:43:27
    at _ZoneDelegate.invoke (C:\Angular project-2\codebook\node_modules\zone.js\bundles\zone.umd.js:416:32)
    at ProxyZoneSpec.Object.<anonymous>.ProxyZoneSpec.onInvoke (C:\Angular project-2\codebook\node_modules\zone.js\bundles\zone-testing.umd.js:2177:43)
    at _ZoneDelegate.invoke (C:\Angular project-2\codebook\node_modules\zone.js\bundles\zone.umd.js:415:38)
    at ZoneImpl.run (C:\Angular project-2\codebook\node_modules\zone.js\bundles\zone.umd.js:147:47)
    at Object.wrappedFunc (C:\Angular project-2\codebook\node_modules\zone.js\bundles\zone-testing.umd.js:450:38)
    at Promise.then.completed (C:\Angular project-2\codebook\node_modules\jest-circus\build\utils.js:298:28)
    at new Promise (<anonymous>)
    at callAsyncCircusFn (C:\Angular project-2\codebook\node_modules\jest-circus\build\utils.js:231:10)
    at _callCircusTest (C:\Angular project-2\codebook\node_modules\jest-circus\build\run.js:316:40)
    at processTicksAndRejections (node:internal/process/task_queues:105:5)
    at _runTest (C:\Angular project-2\codebook\node_modules\jest-circus\build\run.js:252:3)
    at _runTestsForDescribeBlock (C:\Angular project-2\codebook\node_modules\jest-circus\build\run.js:126:9)
    at _runTestsForDescribeBlock (C:\Angular project-2\codebook\node_modules\jest-circus\build\run.js:121:9)
    at run (C:\Angular project-2\codebook\node_modules\jest-circus\build\run.js:71:3)
    at runAndTransformResultsToJestFormat (C:\Angular project-2\codebook\node_modules\jest-circus\build\legacy-code-todo-rewrite\jestAdapterInit.js:122:21)]]></failure>
    </testCase>
  </file>
  <file path="C:\Angular project-2\codebook\src\app\pages\pincodes\add-pincodes\add-pincodes.component.spec.ts">
    <testCase name="AddPincodesComponent should create the component" duration="442"/>
    <testCase name="AddPincodesComponent should initialize formPincode with data.pincode if provided" duration="98"/>
    <testCase name="AddPincodesComponent should not close dialog if form is invalid in savePincode" duration="107"/>
    <testCase name="AddPincodesComponent should not close dialog if isFormInvalid returns true in savePincode" duration="93"/>
    <testCase name="AddPincodesComponent should close dialog with formPincode data if form is valid" duration="101"/>
    <testCase name="AddPincodesComponent should return true for isFormInvalid if any field is missing or invalid" duration="112"/>
    <testCase name="AddPincodesComponent should close dialog without data when cancel is called" duration="106"/>
  </file>
  <file path="C:\Angular project-2\codebook\src\app\pages\categories\add-categories\add-categories.component.spec.ts">
    <testCase name="AddCategoriesComponent should create" duration="416"/>
    <testCase name="AddCategoriesComponent should initialize formCategory with empty values when no category is provided" duration="132"/>
    <testCase name="AddCategoriesComponent should initialize formCategory with provided category data" duration="318"/>
    <testCase name="AddCategoriesComponent should not save and not close dialog if form is invalid" duration="108"/>
    <testCase name="AddCategoriesComponent should not save and not close dialog if formCategory is invalid" duration="115"/>
    <testCase name="AddCategoriesComponent should save category and close dialog if form is valid" duration="120"/>
    <testCase name="AddCategoriesComponent should return true for isFormInvalid if name is empty" duration="137"/>
    <testCase name="AddCategoriesComponent should return true for isFormInvalid if icon is empty" duration="198"/>
    <testCase name="AddCategoriesComponent should return true for isFormInvalid if imageUrl is empty" duration="85"/>
    <testCase name="AddCategoriesComponent should return false for isFormInvalid if all required fields are filled" duration="84"/>
    <testCase name="AddCategoriesComponent should close dialog without data on cancel" duration="104"/>
  </file>
  <file path="C:\Angular project-2\codebook\src\app\pages\categories\categories.store.spec.ts">
    <testCase name="CategoryStore should initialize with correct initial state" duration="114"/>
    <testCase name="CategoryStore should load categories from localStorage on init" duration="34"/>
    <testCase name="CategoryStore should handle loadCategories error" duration="97"/>
    <testCase name="CategoryStore should handle loadCategories with empty localStorage" duration="13"/>
    <testCase name="CategoryStore should add a new category" duration="15"/>
    <testCase name="CategoryStore should handle addCategory error" duration="11"/>
    <testCase name="CategoryStore should update an existing category" duration="75"/>
    <testCase name="CategoryStore should handle updateCategory with no localStorage data" duration="21"/>
    <testCase name="CategoryStore should delete a category" duration="10"/>
    <testCase name="CategoryStore should handle deleteCategory with no localStorage data" duration="9"/>
    <testCase name="CategoryStore should set page" duration="22"/>
    <testCase name="CategoryStore should set page size and reset current page" duration="9"/>
    <testCase name="CategoryStore should set search query and reset current page" duration="7"/>
    <testCase name="CategoryStore should sort categories and reset current page" duration="8"/>
    <testCase name="CategoryStore should filter categories by search query" duration="26"/>
    <testCase name="CategoryStore should sort categories by name" duration="40"/>
    <testCase name="CategoryStore should sort categories by createdAt" duration="25"/>
    <testCase name="CategoryStore should sort categories by modifiedAt in descending order" duration="9"/>
    <testCase name="CategoryStore should paginate categories" duration="10"/>
    <testCase name="CategoryStore should return empty paginated categories when no data" duration="73"/>
    <testCase name="CategoryStore should filter categories by icon" duration="20"/>
    <testCase name="CategoryStore should filter categories by comments" duration="8"/>
  </file>
  <file path="C:\Angular project-2\codebook\src\app\pages\dashboard\service-provider\service-provider.component.spec.ts">
    <testCase name="ServiceProviderComponent should create" duration="445"/>
    <testCase name="ServiceProviderComponent should initialize form and countries" duration="154"/>
    <testCase name="ServiceProviderComponent should patch form with provider data" duration="320"/>
    <testCase name="ServiceProviderComponent should set language from localStorage on init" duration="149"/>
    <testCase name="ServiceProviderComponent should set default language to en if no lang in localStorage" duration="171"/>
    <testCase name="ServiceProviderComponent should update responsiveClass based on breakpoint" duration="168"/>
    <testCase name="ServiceProviderComponent should save valid new provider" duration="199"/>
    <testCase name="ServiceProviderComponent should save valid new provider with generated ID" duration="235"/>
    <testCase name="ServiceProviderComponent should handle invalid form in saveProvider" duration="209"/>
    <testCase name="ServiceProviderComponent should handle localStorage error in saveProvider" duration="212"/>
    <testCase name="ServiceProviderComponent should handle invalid localStorage data in saveProvider" duration="239"/>
    <testCase name="ServiceProviderComponent should update existing provider" duration="246"/>
    <testCase name="ServiceProviderComponent should handle provider ID not found" duration="446"/>
    <testCase name="ServiceProviderComponent should close popup" duration="325"/>
    <testCase name="ServiceProviderComponent should cancel form and close popup" duration="136"/>
    <testCase name="ServiceProviderComponent should cancel form without closing popup" duration="121"/>
    <testCase name="ServiceProviderComponent should initialize without provider data" duration="116"/>
  </file>
  <file path="C:\Angular project-2\codebook\src\app\app.component.spec.ts">
    <testCase name="AppComponent should create the app" duration="79"/>
    <testCase name="AppComponent should have router-outlet in the template" duration="22"/>
  </file>
  <file path="C:\Angular project-2\codebook\src\app\custom-sidenav\custom-sidenav.component.spec.ts">
    <testCase name="CustomSidenavComponent should create the component" duration="433"/>
    <testCase name="CustomSidenavComponent should initialize with correct menu items" duration="140"/>
    <testCase name="CustomSidenavComponent should set collapsed input correctly" duration="155"/>
    <testCase name="CustomSidenavComponent should emit toggleSidenav event when toggle button is clicked" duration="143"/>
    <testCase name="CustomSidenavComponent should emit closeSidenav event when close button is clicked" duration="137"/>
    <testCase name="CustomSidenavComponent should toggle submenu and collapse others" duration="318"/>
    <testCase name="CustomSidenavComponent should render menu items without sub-items correctly" duration="121"/>
    <testCase name="CustomSidenavComponent should render menu items with sub-items and toggle them" duration="329"/>
    <testCase name="CustomSidenavComponent should apply dark mode styles when isDarkMode is true" duration="183"/>
    <testCase name="CustomSidenavComponent should apply light mode styles when isDarkMode is false" duration="91"/>
    <testCase name="CustomSidenavComponent should hide labels when collapsed and not mobile" duration="132"/>
    <testCase name="CustomSidenavComponent should show labels when collapsed and mobile" duration="158"/>
    <testCase name="CustomSidenavComponent should apply active styles when route is active" duration="194"/>
    <testCase name="CustomSidenavComponent should not show sub-items when collapsed and not mobile" duration="525"/>
    <testCase name="CustomSidenavComponent should show sub-items when collapsed and mobile" duration="374"/>
    <testCase name="CustomSidenavComponent should apply logo styles based on dark mode" duration="185"/>
    <testCase name="CustomSidenavComponent should show CODE BOOK label when not collapsed" duration="194"/>
    <testCase name="CustomSidenavComponent should stop propagation on expand/collapse icon click and toggle submenu" duration="224"/>
  </file>
  <file path="C:\Angular project-2\codebook\src\app\pages\subcategories\subcategories.service.spec.ts">
    <testCase name="SubcategoriesService should be created" duration="16"/>
    <testCase name="SubcategoriesService should initialize properties from subcategoryStore" duration="9"/>
    <testCase name="SubcategoriesService should call loadSubcategories on getSubcategories" duration="6"/>
    <testCase name="SubcategoriesService should call addSubcategory with subcategory data" duration="10"/>
    <testCase name="SubcategoriesService should call updateSubcategory with subcategory data" duration="9"/>
    <testCase name="SubcategoriesService should call deleteSubcategory with id" duration="9"/>
    <testCase name="SubcategoriesService should call setPage with page number" duration="6"/>
    <testCase name="SubcategoriesService should call setPageSize with page size" duration="19"/>
    <testCase name="SubcategoriesService should call setSearchQuery with query" duration="36"/>
    <testCase name="SubcategoriesService should call sortSubcategories with field and direction" duration="9"/>
    <testCase name="SubcategoriesService should call setSelectedCategoryId with categoryId" duration="12"/>
  </file>
  <file path="C:\Angular project-2\codebook\src\app\pages\pincodes\pincodes.store.spec.ts">
    <testCase name="PincodeStore should initialize with correct initial state" duration="1657"/>
    <testCase name="PincodeStore should load pincodes from localStorage on init" duration="39"/>
    <testCase name="PincodeStore should load pincodes from API when localStorage is empty" duration="23"/>
    <testCase name="PincodeStore should handle loadPincodes error" duration="61"/>
    <testCase name="PincodeStore should add a new pincode" duration="16"/>
    <testCase name="PincodeStore should handle addPincode error" duration="28"/>
    <testCase name="PincodeStore should update an existing pincode" duration="39"/>
    <testCase name="PincodeStore should update pincode when localStorage is empty" duration="12"/>
    <testCase name="PincodeStore should delete a pincode" duration="34"/>
    <testCase name="PincodeStore should delete pincode when localStorage is empty" duration="23"/>
    <testCase name="PincodeStore should set page" duration="44"/>
    <testCase name="PincodeStore should set page size and reset current page" duration="27"/>
    <testCase name="PincodeStore should set search query and reset current page" duration="32"/>
    <testCase name="PincodeStore should sort pincodes and reset current page" duration="65"/>
    <testCase name="PincodeStore should filter pincodes by search query" duration="36"/>
    <testCase name="PincodeStore should filter pincodes by pincode" duration="38"/>
    <testCase name="PincodeStore should sort pincodes by officeName ascending" duration="131"/>
    <testCase name="PincodeStore should sort pincodes by officeName descending" duration="30"/>
    <testCase name="PincodeStore should paginate pincodes" duration="63"/>
    <testCase name="PincodeStore should return empty paginated pincodes when no data" duration="15"/>
    <testCase name="PincodeStore should handle null or undefined fields in pincode during filtering" duration="15"/>
  </file>
  <file path="C:\Angular project-2\codebook\src\app\nav.component.spec.ts">
    <testCase name="NavComponent should create the component" duration="247"/>
    <testCase name="NavComponent should bind isAuthenticated to authService.getIsAuthenticated" duration="32"/>
    <testCase name="NavComponent should call authService.signout when signout is called" duration="12"/>
  </file>
  <file path="C:\Angular project-2\codebook\src\app\pages\categories\categories.service.spec.ts">
    <testCase name="CategoriesService should be created" duration="20"/>
    <testCase name="CategoriesService should return categories from store" duration="8"/>
    <testCase name="CategoriesService should return filteredCategories from store" duration="7"/>
    <testCase name="CategoriesService should return paginatedCategories from store" duration="7"/>
    <testCase name="CategoriesService should return totalPages from store" duration="11"/>
    <testCase name="CategoriesService should return currentPage from store" duration="13"/>
    <testCase name="CategoriesService should return pageSize from store" duration="12"/>
    <testCase name="CategoriesService should return isLoading from store" duration="6"/>
    <testCase name="CategoriesService should return error from store" duration="8"/>
    <testCase name="CategoriesService should call loadCategories on store" duration="6"/>
    <testCase name="CategoriesService should call addCategory on store and return result" duration="8"/>
    <testCase name="CategoriesService should handle addCategory error" duration="44"/>
    <testCase name="CategoriesService should call updateCategory on store" duration="7"/>
    <testCase name="CategoriesService should handle updateCategory error" duration="50"/>
    <testCase name="CategoriesService should call deleteCategory on store" duration="8"/>
    <testCase name="CategoriesService should handle deleteCategory error" duration="27"/>
    <testCase name="CategoriesService should call setPage on store" duration="7"/>
    <testCase name="CategoriesService should call setPageSize on store" duration="16"/>
    <testCase name="CategoriesService should call setSearchQuery on store" duration="14"/>
    <testCase name="CategoriesService should call sortCategories on store" duration="15"/>
  </file>
  <file path="C:\Angular project-2\codebook\src\app\pages\pincodes\pincodes.component.spec.ts">
    <testCase name="PincodesComponent should create the component" duration="3266"/>
    <testCase name="PincodesComponent ngOnInit should subscribe to responsive service and update displayed columns" duration="956"/>
    <testCase name="PincodesComponent ngOnInit should set displayed columns for desktop" duration="971"/>
    <testCase name="PincodesComponent ngOnInit should set displayed columns for tablet" duration="674"/>
    <testCase name="PincodesComponent ngOnInit should set displayed columns for mobile" duration="837"/>
    <testCase name="PincodesComponent ngOnDestroy should unsubscribe from breakpoint subscription" duration="769"/>
    <testCase name="PincodesComponent ngOnDestroy should handle undefined subscription" duration="607"/>
    <testCase name="PincodesComponent updateDisplayedColumns should set columns for mobile" duration="696"/>
    <testCase name="PincodesComponent updateDisplayedColumns should set columns for tablet" duration="446"/>
    <testCase name="PincodesComponent updateDisplayedColumns should set columns for desktop" duration="495"/>
    <testCase name="PincodesComponent refreshTable should reset table state and reload data" duration="616"/>
    <testCase name="PincodesComponent openAddPincodeDialog should open dialog with correct width for mobile" duration="1354">
      <failure message="TypeError: Cannot read properties of undefined (reading &apos;push&apos;)"><![CDATA[TypeError: Cannot read properties of undefined (reading 'push')
    at _MatDialog.open (C:\Angular project-2\codebook\node_modules\@angular\material\fesm2022\module-c1a8b4bb.mjs:638:26)
    at PincodesComponent.open [as openAddPincodeDialog] (C:\Angular project-2\codebook\src\app\pages\pincodes\pincodes.component.ts:109:35)
    at C:\Angular project-2\codebook\src\app\pages\pincodes\pincodes.component.spec.ts:250:17
    at _ZoneDelegate.invoke (C:\Angular project-2\codebook\node_modules\zone.js\bundles\zone.umd.js:416:32)
    at ProxyZoneSpec.Object.<anonymous>.ProxyZoneSpec.onInvoke (C:\Angular project-2\codebook\node_modules\zone.js\bundles\zone-testing.umd.js:2177:43)
    at _ZoneDelegate.invoke (C:\Angular project-2\codebook\node_modules\zone.js\bundles\zone.umd.js:415:38)
    at ZoneImpl.run (C:\Angular project-2\codebook\node_modules\zone.js\bundles\zone.umd.js:147:47)
    at Object.wrappedFunc (C:\Angular project-2\codebook\node_modules\zone.js\bundles\zone-testing.umd.js:450:38)
    at Promise.then.completed (C:\Angular project-2\codebook\node_modules\jest-circus\build\utils.js:298:28)
    at new Promise (<anonymous>)
    at callAsyncCircusFn (C:\Angular project-2\codebook\node_modules\jest-circus\build\utils.js:231:10)
    at _callCircusTest (C:\Angular project-2\codebook\node_modules\jest-circus\build\run.js:316:40)
    at processTicksAndRejections (node:internal/process/task_queues:105:5)
    at _runTest (C:\Angular project-2\codebook\node_modules\jest-circus\build\run.js:252:3)
    at _runTestsForDescribeBlock (C:\Angular project-2\codebook\node_modules\jest-circus\build\run.js:126:9)
    at _runTestsForDescribeBlock (C:\Angular project-2\codebook\node_modules\jest-circus\build\run.js:121:9)
    at _runTestsForDescribeBlock (C:\Angular project-2\codebook\node_modules\jest-circus\build\run.js:121:9)
    at run (C:\Angular project-2\codebook\node_modules\jest-circus\build\run.js:71:3)
    at runAndTransformResultsToJestFormat (C:\Angular project-2\codebook\node_modules\jest-circus\build\legacy-code-todo-rewrite\jestAdapterInit.js:122:21)]]></failure>
    </testCase>
    <testCase name="PincodesComponent openAddPincodeDialog should open dialog with correct width for tablet" duration="380">
      <failure message="TypeError: Cannot read properties of undefined (reading &apos;push&apos;)"><![CDATA[TypeError: Cannot read properties of undefined (reading 'push')
    at _MatDialog.open (C:\Angular project-2\codebook\node_modules\@angular\material\fesm2022\module-c1a8b4bb.mjs:638:26)
    at PincodesComponent.open [as openAddPincodeDialog] (C:\Angular project-2\codebook\src\app\pages\pincodes\pincodes.component.ts:109:35)
    at C:\Angular project-2\codebook\src\app\pages\pincodes\pincodes.component.spec.ts:261:17
    at _ZoneDelegate.invoke (C:\Angular project-2\codebook\node_modules\zone.js\bundles\zone.umd.js:416:32)
    at ProxyZoneSpec.Object.<anonymous>.ProxyZoneSpec.onInvoke (C:\Angular project-2\codebook\node_modules\zone.js\bundles\zone-testing.umd.js:2177:43)
    at _ZoneDelegate.invoke (C:\Angular project-2\codebook\node_modules\zone.js\bundles\zone.umd.js:415:38)
    at ZoneImpl.run (C:\Angular project-2\codebook\node_modules\zone.js\bundles\zone.umd.js:147:47)
    at Object.wrappedFunc (C:\Angular project-2\codebook\node_modules\zone.js\bundles\zone-testing.umd.js:450:38)
    at Promise.then.completed (C:\Angular project-2\codebook\node_modules\jest-circus\build\utils.js:298:28)
    at new Promise (<anonymous>)
    at callAsyncCircusFn (C:\Angular project-2\codebook\node_modules\jest-circus\build\utils.js:231:10)
    at _callCircusTest (C:\Angular project-2\codebook\node_modules\jest-circus\build\run.js:316:40)
    at processTicksAndRejections (node:internal/process/task_queues:105:5)
    at _runTest (C:\Angular project-2\codebook\node_modules\jest-circus\build\run.js:252:3)
    at _runTestsForDescribeBlock (C:\Angular project-2\codebook\node_modules\jest-circus\build\run.js:126:9)
    at _runTestsForDescribeBlock (C:\Angular project-2\codebook\node_modules\jest-circus\build\run.js:121:9)
    at _runTestsForDescribeBlock (C:\Angular project-2\codebook\node_modules\jest-circus\build\run.js:121:9)
    at run (C:\Angular project-2\codebook\node_modules\jest-circus\build\run.js:71:3)
    at runAndTransformResultsToJestFormat (C:\Angular project-2\codebook\node_modules\jest-circus\build\legacy-code-todo-rewrite\jestAdapterInit.js:122:21)]]></failure>
    </testCase>
    <testCase name="PincodesComponent openAddPincodeDialog should open dialog with correct width for desktop" duration="362">
      <failure message="TypeError: Cannot read properties of undefined (reading &apos;push&apos;)"><![CDATA[TypeError: Cannot read properties of undefined (reading 'push')
    at _MatDialog.open (C:\Angular project-2\codebook\node_modules\@angular\material\fesm2022\module-c1a8b4bb.mjs:638:26)
    at PincodesComponent.open [as openAddPincodeDialog] (C:\Angular project-2\codebook\src\app\pages\pincodes\pincodes.component.ts:109:35)
    at C:\Angular project-2\codebook\src\app\pages\pincodes\pincodes.component.spec.ts:272:17
    at _ZoneDelegate.invoke (C:\Angular project-2\codebook\node_modules\zone.js\bundles\zone.umd.js:416:32)
    at ProxyZoneSpec.Object.<anonymous>.ProxyZoneSpec.onInvoke (C:\Angular project-2\codebook\node_modules\zone.js\bundles\zone-testing.umd.js:2177:43)
    at _ZoneDelegate.invoke (C:\Angular project-2\codebook\node_modules\zone.js\bundles\zone.umd.js:415:38)
    at ZoneImpl.run (C:\Angular project-2\codebook\node_modules\zone.js\bundles\zone.umd.js:147:47)
    at Object.wrappedFunc (C:\Angular project-2\codebook\node_modules\zone.js\bundles\zone-testing.umd.js:450:38)
    at Promise.then.completed (C:\Angular project-2\codebook\node_modules\jest-circus\build\utils.js:298:28)
    at new Promise (<anonymous>)
    at callAsyncCircusFn (C:\Angular project-2\codebook\node_modules\jest-circus\build\utils.js:231:10)
    at _callCircusTest (C:\Angular project-2\codebook\node_modules\jest-circus\build\run.js:316:40)
    at processTicksAndRejections (node:internal/process/task_queues:105:5)
    at _runTest (C:\Angular project-2\codebook\node_modules\jest-circus\build\run.js:252:3)
    at _runTestsForDescribeBlock (C:\Angular project-2\codebook\node_modules\jest-circus\build\run.js:126:9)
    at _runTestsForDescribeBlock (C:\Angular project-2\codebook\node_modules\jest-circus\build\run.js:121:9)
    at _runTestsForDescribeBlock (C:\Angular project-2\codebook\node_modules\jest-circus\build\run.js:121:9)
    at run (C:\Angular project-2\codebook\node_modules\jest-circus\build\run.js:71:3)
    at runAndTransformResultsToJestFormat (C:\Angular project-2\codebook\node_modules\jest-circus\build\legacy-code-todo-rewrite\jestAdapterInit.js:122:21)]]></failure>
    </testCase>
    <testCase name="PincodesComponent openAddPincodeDialog should add pincode after dialog closes with result" duration="388">
      <failure message="TypeError: Cannot read properties of undefined (reading &apos;push&apos;)"><![CDATA[TypeError: Cannot read properties of undefined (reading 'push')
    at _MatDialog.open (C:\Angular project-2\codebook\node_modules\@angular\material\fesm2022\module-c1a8b4bb.mjs:638:26)
    at PincodesComponent.open [as openAddPincodeDialog] (C:\Angular project-2\codebook\src\app\pages\pincodes\pincodes.component.ts:109:35)
    at C:\Angular project-2\codebook\src\app\pages\pincodes\pincodes.component.spec.ts:285:17
    at _ZoneDelegate.invoke (C:\Angular project-2\codebook\node_modules\zone.js\bundles\zone.umd.js:416:32)
    at ProxyZoneSpec.Object.<anonymous>.ProxyZoneSpec.onInvoke (C:\Angular project-2\codebook\node_modules\zone.js\bundles\zone-testing.umd.js:2177:43)
    at _ZoneDelegate.invoke (C:\Angular project-2\codebook\node_modules\zone.js\bundles\zone.umd.js:415:38)
    at ZoneImpl.run (C:\Angular project-2\codebook\node_modules\zone.js\bundles\zone.umd.js:147:47)
    at Object.wrappedFunc (C:\Angular project-2\codebook\node_modules\zone.js\bundles\zone-testing.umd.js:450:38)
    at Promise.then.completed (C:\Angular project-2\codebook\node_modules\jest-circus\build\utils.js:298:28)
    at new Promise (<anonymous>)
    at callAsyncCircusFn (C:\Angular project-2\codebook\node_modules\jest-circus\build\utils.js:231:10)
    at _callCircusTest (C:\Angular project-2\codebook\node_modules\jest-circus\build\run.js:316:40)
    at processTicksAndRejections (node:internal/process/task_queues:105:5)
    at _runTest (C:\Angular project-2\codebook\node_modules\jest-circus\build\run.js:252:3)
    at _runTestsForDescribeBlock (C:\Angular project-2\codebook\node_modules\jest-circus\build\run.js:126:9)
    at _runTestsForDescribeBlock (C:\Angular project-2\codebook\node_modules\jest-circus\build\run.js:121:9)
    at _runTestsForDescribeBlock (C:\Angular project-2\codebook\node_modules\jest-circus\build\run.js:121:9)
    at run (C:\Angular project-2\codebook\node_modules\jest-circus\build\run.js:71:3)
    at runAndTransformResultsToJestFormat (C:\Angular project-2\codebook\node_modules\jest-circus\build\legacy-code-todo-rewrite\jestAdapterInit.js:122:21)]]></failure>
    </testCase>
    <testCase name="PincodesComponent openAddPincodeDialog should not add pincode if dialog closes without result" duration="411">
      <failure message="TypeError: Cannot read properties of undefined (reading &apos;push&apos;)"><![CDATA[TypeError: Cannot read properties of undefined (reading 'push')
    at _MatDialog.open (C:\Angular project-2\codebook\node_modules\@angular\material\fesm2022\module-c1a8b4bb.mjs:638:26)
    at PincodesComponent.open [as openAddPincodeDialog] (C:\Angular project-2\codebook\src\app\pages\pincodes\pincodes.component.ts:109:35)
    at C:\Angular project-2\codebook\src\app\pages\pincodes\pincodes.component.spec.ts:294:17
    at _ZoneDelegate.invoke (C:\Angular project-2\codebook\node_modules\zone.js\bundles\zone.umd.js:416:32)
    at ProxyZoneSpec.Object.<anonymous>.ProxyZoneSpec.onInvoke (C:\Angular project-2\codebook\node_modules\zone.js\bundles\zone-testing.umd.js:2177:43)
    at _ZoneDelegate.invoke (C:\Angular project-2\codebook\node_modules\zone.js\bundles\zone.umd.js:415:38)
    at ZoneImpl.run (C:\Angular project-2\codebook\node_modules\zone.js\bundles\zone.umd.js:147:47)
    at Object.wrappedFunc (C:\Angular project-2\codebook\node_modules\zone.js\bundles\zone-testing.umd.js:450:38)
    at Promise.then.completed (C:\Angular project-2\codebook\node_modules\jest-circus\build\utils.js:298:28)
    at new Promise (<anonymous>)
    at callAsyncCircusFn (C:\Angular project-2\codebook\node_modules\jest-circus\build\utils.js:231:10)
    at _callCircusTest (C:\Angular project-2\codebook\node_modules\jest-circus\build\run.js:316:40)
    at processTicksAndRejections (node:internal/process/task_queues:105:5)
    at _runTest (C:\Angular project-2\codebook\node_modules\jest-circus\build\run.js:252:3)
    at _runTestsForDescribeBlock (C:\Angular project-2\codebook\node_modules\jest-circus\build\run.js:126:9)
    at _runTestsForDescribeBlock (C:\Angular project-2\codebook\node_modules\jest-circus\build\run.js:121:9)
    at _runTestsForDescribeBlock (C:\Angular project-2\codebook\node_modules\jest-circus\build\run.js:121:9)
    at run (C:\Angular project-2\codebook\node_modules\jest-circus\build\run.js:71:3)
    at runAndTransformResultsToJestFormat (C:\Angular project-2\codebook\node_modules\jest-circus\build\legacy-code-todo-rewrite\jestAdapterInit.js:122:21)]]></failure>
    </testCase>
    <testCase name="PincodesComponent startEdit should open edit dialog with correct pincode and width" duration="353">
      <failure message="TypeError: Cannot read properties of undefined (reading &apos;push&apos;)"><![CDATA[TypeError: Cannot read properties of undefined (reading 'push')
    at _MatDialog.open (C:\Angular project-2\codebook\node_modules\@angular\material\fesm2022\module-c1a8b4bb.mjs:638:26)
    at PincodesComponent.open [as startEdit] (C:\Angular project-2\codebook\src\app\pages\pincodes\pincodes.component.ts:125:35)
    at C:\Angular project-2\codebook\src\app\pages\pincodes\pincodes.component.spec.ts:302:17
    at _ZoneDelegate.invoke (C:\Angular project-2\codebook\node_modules\zone.js\bundles\zone.umd.js:416:32)
    at ProxyZoneSpec.Object.<anonymous>.ProxyZoneSpec.onInvoke (C:\Angular project-2\codebook\node_modules\zone.js\bundles\zone-testing.umd.js:2177:43)
    at _ZoneDelegate.invoke (C:\Angular project-2\codebook\node_modules\zone.js\bundles\zone.umd.js:415:38)
    at ZoneImpl.run (C:\Angular project-2\codebook\node_modules\zone.js\bundles\zone.umd.js:147:47)
    at Object.wrappedFunc (C:\Angular project-2\codebook\node_modules\zone.js\bundles\zone-testing.umd.js:450:38)
    at Promise.then.completed (C:\Angular project-2\codebook\node_modules\jest-circus\build\utils.js:298:28)
    at new Promise (<anonymous>)
    at callAsyncCircusFn (C:\Angular project-2\codebook\node_modules\jest-circus\build\utils.js:231:10)
    at _callCircusTest (C:\Angular project-2\codebook\node_modules\jest-circus\build\run.js:316:40)
    at processTicksAndRejections (node:internal/process/task_queues:105:5)
    at _runTest (C:\Angular project-2\codebook\node_modules\jest-circus\build\run.js:252:3)
    at _runTestsForDescribeBlock (C:\Angular project-2\codebook\node_modules\jest-circus\build\run.js:126:9)
    at _runTestsForDescribeBlock (C:\Angular project-2\codebook\node_modules\jest-circus\build\run.js:121:9)
    at _runTestsForDescribeBlock (C:\Angular project-2\codebook\node_modules\jest-circus\build\run.js:121:9)
    at run (C:\Angular project-2\codebook\node_modules\jest-circus\build\run.js:71:3)
    at runAndTransformResultsToJestFormat (C:\Angular project-2\codebook\node_modules\jest-circus\build\legacy-code-todo-rewrite\jestAdapterInit.js:122:21)]]></failure>
    </testCase>
    <testCase name="PincodesComponent startEdit should update pincode after dialog closes with result" duration="305">
      <failure message="TypeError: Cannot read properties of undefined (reading &apos;push&apos;)"><![CDATA[TypeError: Cannot read properties of undefined (reading 'push')
    at _MatDialog.open (C:\Angular project-2\codebook\node_modules\@angular\material\fesm2022\module-c1a8b4bb.mjs:638:26)
    at PincodesComponent.open [as startEdit] (C:\Angular project-2\codebook\src\app\pages\pincodes\pincodes.component.ts:125:35)
    at C:\Angular project-2\codebook\src\app\pages\pincodes\pincodes.component.spec.ts:316:17
    at _ZoneDelegate.invoke (C:\Angular project-2\codebook\node_modules\zone.js\bundles\zone.umd.js:416:32)
    at ProxyZoneSpec.Object.<anonymous>.ProxyZoneSpec.onInvoke (C:\Angular project-2\codebook\node_modules\zone.js\bundles\zone-testing.umd.js:2177:43)
    at _ZoneDelegate.invoke (C:\Angular project-2\codebook\node_modules\zone.js\bundles\zone.umd.js:415:38)
    at ZoneImpl.run (C:\Angular project-2\codebook\node_modules\zone.js\bundles\zone.umd.js:147:47)
    at Object.wrappedFunc (C:\Angular project-2\codebook\node_modules\zone.js\bundles\zone-testing.umd.js:450:38)
    at Promise.then.completed (C:\Angular project-2\codebook\node_modules\jest-circus\build\utils.js:298:28)
    at new Promise (<anonymous>)
    at callAsyncCircusFn (C:\Angular project-2\codebook\node_modules\jest-circus\build\utils.js:231:10)
    at _callCircusTest (C:\Angular project-2\codebook\node_modules\jest-circus\build\run.js:316:40)
    at processTicksAndRejections (node:internal/process/task_queues:105:5)
    at _runTest (C:\Angular project-2\codebook\node_modules\jest-circus\build\run.js:252:3)
    at _runTestsForDescribeBlock (C:\Angular project-2\codebook\node_modules\jest-circus\build\run.js:126:9)
    at _runTestsForDescribeBlock (C:\Angular project-2\codebook\node_modules\jest-circus\build\run.js:121:9)
    at _runTestsForDescribeBlock (C:\Angular project-2\codebook\node_modules\jest-circus\build\run.js:121:9)
    at run (C:\Angular project-2\codebook\node_modules\jest-circus\build\run.js:71:3)
    at runAndTransformResultsToJestFormat (C:\Angular project-2\codebook\node_modules\jest-circus\build\legacy-code-todo-rewrite\jestAdapterInit.js:122:21)]]></failure>
    </testCase>
    <testCase name="PincodesComponent startEdit should not update pincode if dialog closes without result" duration="320">
      <failure message="TypeError: Cannot read properties of undefined (reading &apos;push&apos;)"><![CDATA[TypeError: Cannot read properties of undefined (reading 'push')
    at _MatDialog.open (C:\Angular project-2\codebook\node_modules\@angular\material\fesm2022\module-c1a8b4bb.mjs:638:26)
    at PincodesComponent.open [as startEdit] (C:\Angular project-2\codebook\src\app\pages\pincodes\pincodes.component.ts:125:35)
    at C:\Angular project-2\codebook\src\app\pages\pincodes\pincodes.component.spec.ts:326:17
    at _ZoneDelegate.invoke (C:\Angular project-2\codebook\node_modules\zone.js\bundles\zone.umd.js:416:32)
    at ProxyZoneSpec.Object.<anonymous>.ProxyZoneSpec.onInvoke (C:\Angular project-2\codebook\node_modules\zone.js\bundles\zone-testing.umd.js:2177:43)
    at _ZoneDelegate.invoke (C:\Angular project-2\codebook\node_modules\zone.js\bundles\zone.umd.js:415:38)
    at ZoneImpl.run (C:\Angular project-2\codebook\node_modules\zone.js\bundles\zone.umd.js:147:47)
    at Object.wrappedFunc (C:\Angular project-2\codebook\node_modules\zone.js\bundles\zone-testing.umd.js:450:38)
    at Promise.then.completed (C:\Angular project-2\codebook\node_modules\jest-circus\build\utils.js:298:28)
    at new Promise (<anonymous>)
    at callAsyncCircusFn (C:\Angular project-2\codebook\node_modules\jest-circus\build\utils.js:231:10)
    at _callCircusTest (C:\Angular project-2\codebook\node_modules\jest-circus\build\run.js:316:40)
    at processTicksAndRejections (node:internal/process/task_queues:105:5)
    at _runTest (C:\Angular project-2\codebook\node_modules\jest-circus\build\run.js:252:3)
    at _runTestsForDescribeBlock (C:\Angular project-2\codebook\node_modules\jest-circus\build\run.js:126:9)
    at _runTestsForDescribeBlock (C:\Angular project-2\codebook\node_modules\jest-circus\build\run.js:121:9)
    at _runTestsForDescribeBlock (C:\Angular project-2\codebook\node_modules\jest-circus\build\run.js:121:9)
    at run (C:\Angular project-2\codebook\node_modules\jest-circus\build\run.js:71:3)
    at runAndTransformResultsToJestFormat (C:\Angular project-2\codebook\node_modules\jest-circus\build\legacy-code-todo-rewrite\jestAdapterInit.js:122:21)]]></failure>
    </testCase>
    <testCase name="PincodesComponent onSearchQueryChange should update search query" duration="270"/>
    <testCase name="PincodesComponent onPageChange should change page and clear selected pincodes" duration="293"/>
    <testCase name="PincodesComponent sortColumn should sort by field and direction" duration="418"/>
    <testCase name="PincodesComponent togglePincode should add pincode to selectedPincodes if not selected" duration="268"/>
    <testCase name="PincodesComponent togglePincode should remove pincode from selectedPincodes if selected" duration="300"/>
    <testCase name="PincodesComponent isSelected should return true if pincode is selected" duration="425"/>
    <testCase name="PincodesComponent isSelected should return false if pincode is not selected" duration="447"/>
    <testCase name="PincodesComponent toggleAllPincodes should select all pincodes if checked" duration="325"/>
    <testCase name="PincodesComponent toggleAllPincodes should clear selected pincodes if unchecked" duration="479"/>
    <testCase name="PincodesComponent isAllSelected should return true if all pincodes are selected" duration="217"/>
    <testCase name="PincodesComponent isAllSelected should return false if not all pincodes are selected" duration="350"/>
    <testCase name="PincodesComponent isAllSelected should return false if no pincodes are available" duration="273"/>
    <testCase name="PincodesComponent deleteSelectedPincodes should delete selected pincodes and clear selection" duration="299"/>
    <testCase name="PincodesComponent getPageNumbers should return page numbers for desktop" duration="319"/>
    <testCase name="PincodesComponent getPageNumbers should return page numbers for tablet" duration="383"/>
    <testCase name="PincodesComponent getPageNumbers should return page numbers for mobile" duration="380"/>
    <testCase name="PincodesComponent getPageNumbers should adjust start page when near end" duration="355"/>
    <testCase name="PincodesComponent getPageNumbers should return empty array if no pages" duration="265"/>
    <testCase name="PincodesComponent trackById should return pincode id" duration="292"/>
    <testCase name="PincodesComponent template coverage should render loading spinner when isLoading is true" duration="519"/>
    <testCase name="PincodesComponent template coverage should render error message when error exists" duration="664"/>
    <testCase name="PincodesComponent template coverage should disable delete button when no pincodes are selected" duration="394"/>
    <testCase name="PincodesComponent template coverage should enable delete button when pincodes are selected" duration="478"/>
    <testCase name="PincodesComponent template coverage should show indeterminate checkbox state" duration="394">
      <failure message="Error: expect(received).toBeTruthy()"><![CDATA[Error: expect(received).toBeTruthy()

Received: null
    at C:\Angular project-2\codebook\src\app\pages\pincodes\pincodes.component.spec.ts:502:24
    at _ZoneDelegate.invoke (C:\Angular project-2\codebook\node_modules\zone.js\bundles\zone.umd.js:416:32)
    at ProxyZoneSpec.Object.<anonymous>.ProxyZoneSpec.onInvoke (C:\Angular project-2\codebook\node_modules\zone.js\bundles\zone-testing.umd.js:2177:43)
    at _ZoneDelegate.invoke (C:\Angular project-2\codebook\node_modules\zone.js\bundles\zone.umd.js:415:38)
    at ZoneImpl.run (C:\Angular project-2\codebook\node_modules\zone.js\bundles\zone.umd.js:147:47)
    at Object.wrappedFunc (C:\Angular project-2\codebook\node_modules\zone.js\bundles\zone-testing.umd.js:450:38)
    at Promise.then.completed (C:\Angular project-2\codebook\node_modules\jest-circus\build\utils.js:298:28)
    at new Promise (<anonymous>)
    at callAsyncCircusFn (C:\Angular project-2\codebook\node_modules\jest-circus\build\utils.js:231:10)
    at _callCircusTest (C:\Angular project-2\codebook\node_modules\jest-circus\build\run.js:316:40)
    at processTicksAndRejections (node:internal/process/task_queues:105:5)
    at _runTest (C:\Angular project-2\codebook\node_modules\jest-circus\build\run.js:252:3)
    at _runTestsForDescribeBlock (C:\Angular project-2\codebook\node_modules\jest-circus\build\run.js:126:9)
    at _runTestsForDescribeBlock (C:\Angular project-2\codebook\node_modules\jest-circus\build\run.js:121:9)
    at _runTestsForDescribeBlock (C:\Angular project-2\codebook\node_modules\jest-circus\build\run.js:121:9)
    at run (C:\Angular project-2\codebook\node_modules\jest-circus\build\run.js:71:3)
    at runAndTransformResultsToJestFormat (C:\Angular project-2\codebook\node_modules\jest-circus\build\legacy-code-todo-rewrite\jestAdapterInit.js:122:21)]]></failure>
    </testCase>
    <testCase name="PincodesComponent template coverage should show no pages message when no pages available" duration="501"/>
  </file>
  <file path="C:\Angular project-2\codebook\src\app\login\auth.service.spec.ts">
    <testCase name="AuthService should be created" duration="23"/>
    <testCase name="AuthService login should call authStore.login with credentials" duration="19"/>
    <testCase name="AuthService login should handle different credentials" duration="18"/>
    <testCase name="AuthService signup should call authStore.signup with user data" duration="10"/>
    <testCase name="AuthService signup should handle different user data" duration="12"/>
    <testCase name="AuthService signout should call authStore.signout" duration="9"/>
    <testCase name="AuthService getUser should return authStore.user signal" duration="23"/>
    <testCase name="AuthService getIsAuthenticated should return authStore.isAuthenticated signal" duration="10"/>
    <testCase name="AuthService getIsLoading should return authStore.isLoading signal" duration="33"/>
    <testCase name="AuthService error should return authStore.error signal" duration="12"/>
    <testCase name="AuthService error should handle non-null error" duration="24"/>
  </file>
  <file path="C:\Angular project-2\codebook\src\app\login\auth.store.spec.ts">
    <testCase name="AuthStore Initial State and Signals should initialize with default state" duration="42"/>
    <testCase name="AuthStore onInit Hook should load auth data from localStorage on init" duration="14"/>
    <testCase name="AuthStore onInit Hook should not update state if no auth data in localStorage" duration="61"/>
    <testCase name="AuthStore login Method should login successfully and update state" duration="12"/>
    <testCase name="AuthStore login Method should handle 401 error during login" duration="12"/>
    <testCase name="AuthStore login Method should handle error with error.error.message during login" duration="11"/>
    <testCase name="AuthStore login Method should handle generic error during login" duration="16"/>
    <testCase name="AuthStore login Method should handle error with no message during login" duration="10"/>
    <testCase name="AuthStore login Method should set isLoading to true before HTTP request" duration="7"/>
    <testCase name="AuthStore signup Method should signup successfully and update state" duration="15"/>
    <testCase name="AuthStore signup Method should handle error with error.error.message during signup" duration="13"/>
    <testCase name="AuthStore signup Method should handle error with error.message during signup" duration="14"/>
    <testCase name="AuthStore signup Method should handle default error during signup" duration="11"/>
    <testCase name="AuthStore signup Method should set isLoading to true before HTTP request" duration="8"/>
    <testCase name="AuthStore signout Method should sign out successfully and clear state" duration="18"/>
    <testCase name="AuthStore signout Method should handle error during signout" duration="79"/>
  </file>
  <file path="C:\Angular project-2\codebook\src\app\auth.guard.spec.ts">
    <testCase name="AuthGuard should be created" duration="19"/>
    <testCase name="AuthGuard should allow navigation when user is authenticated" duration="9"/>
    <testCase name="AuthGuard should redirect to login when user is not authenticated" duration="9"/>
  </file>
  <file path="C:\Angular project-2\codebook\src\app\services\responsive\responsive.service.spec.ts">
    <testCase name="ResponsiveService currentBreakpoint should return &quot;xsmall&quot; when XSmall breakpoint is matched" duration="18"/>
    <testCase name="ResponsiveService currentBreakpoint should return &quot;small&quot; when Small breakpoint is matched" duration="8"/>
    <testCase name="ResponsiveService currentBreakpoint should return &quot;medium&quot; when Medium breakpoint is matched" duration="7"/>
    <testCase name="ResponsiveService currentBreakpoint should return &quot;large&quot; when Large breakpoint is matched" duration="7"/>
    <testCase name="ResponsiveService currentBreakpoint should return &quot;xlarge&quot; when XLarge breakpoint is matched" duration="8"/>
    <testCase name="ResponsiveService currentBreakpoint should return &quot;xlarge&quot; when no breakpoints are matched" duration="7"/>
    <testCase name="ResponsiveService isMobile should return true when XSmall breakpoint is matched" duration="7"/>
    <testCase name="ResponsiveService isMobile should return false when XSmall breakpoint is not matched" duration="11"/>
    <testCase name="ResponsiveService isTablet should return true when Small breakpoint is matched" duration="15"/>
    <testCase name="ResponsiveService isTablet should return true when Medium breakpoint is matched" duration="20"/>
    <testCase name="ResponsiveService isTablet should return false when neither Small nor Medium breakpoints are matched" duration="13"/>
    <testCase name="ResponsiveService isDesktop should return true when Large breakpoint is matched" duration="10"/>
    <testCase name="ResponsiveService isDesktop should return true when XLarge breakpoint is matched" duration="11"/>
    <testCase name="ResponsiveService isDesktop should return false when neither Large nor XLarge breakpoints are matched" duration="17"/>
  </file>
  <file path="C:\Angular project-2\codebook\src\app\pages\dashboard-1\dashboard-1.component.spec.ts">
    <testCase name="Dashboard1Component should create" duration="64"/>
  </file>
  <file path="C:\Angular project-2\codebook\src\app\main-dashboard-2\main-dashboard-2.component.spec.ts">
    <testCase name="MainDashboard2Component should create" duration="697"/>
    <testCase name="MainDashboard2Component should initialize with correct title" duration="437"/>
    <testCase name="MainDashboard2Component should initialize collapsed signal as false" duration="349"/>
    <testCase name="MainDashboard2Component should initialize currentLanguage signal as English" duration="303"/>
    <testCase name="MainDashboard2Component should add languages in constructor" duration="313"/>
    <testCase name="MainDashboard2Component should set up language in ngOnInit with stored language (en)" duration="233"/>
    <testCase name="MainDashboard2Component should set up language in ngOnInit with stored language (fr)" duration="533"/>
    <testCase name="MainDashboard2Component should set up language in ngOnInit with no stored language" duration="615"/>
    <testCase name="MainDashboard2Component should change language to French" duration="282"/>
    <testCase name="MainDashboard2Component should change language to English" duration="323"/>
    <testCase name="MainDashboard2Component should return correct theme aria label" duration="272"/>
    <testCase name="MainDashboard2Component should return correct color theme aria label" duration="309"/>
    <testCase name="MainDashboard2Component should toggle fullscreen when not in fullscreen" duration="404"/>
    <testCase name="MainDashboard2Component should exit fullscreen when in fullscreen" duration="344"/>
    <testCase name="MainDashboard2Component should handle fullscreen error" duration="349"/>
    <testCase name="MainDashboard2Component should compute sidenavWidth for mobile" duration="317"/>
    <testCase name="MainDashboard2Component should compute sidenavWidth for non-mobile collapsed" duration="299"/>
    <testCase name="MainDashboard2Component should compute sidenavWidth for non-mobile non-collapsed" duration="211"/>
    <testCase name="MainDashboard2Component should compute sidenavMode for mobile" duration="220"/>
    <testCase name="MainDashboard2Component should compute sidenavMode for non-mobile" duration="182"/>
    <testCase name="MainDashboard2Component should compute sidenavOpened for mobile and collapsed" duration="110"/>
    <testCase name="MainDashboard2Component should compute sidenavOpened for mobile and non-collapsed" duration="111"/>
    <testCase name="MainDashboard2Component should compute sidenavOpened for non-mobile" duration="104"/>
    <testCase name="MainDashboard2Component should toggle sidenav collapsed state" duration="107"/>
  </file>
</testExecutions>