<?xml version="1.0" encoding="UTF-8"?>
<testExecutions version="1">
  <file path="C:\Angular project-2\codebook\src\app\pages\dashboard\dashboard.component.spec.ts">
    <testCase name="DashboardComponent should create" duration="202">
      <failure message="TypeError: window.matchMedia is not a function"><![CDATA[TypeError: window.matchMedia is not a function
    at new matchMedia (C:\Angular project-2\codebook\src\app\services\dark-mode.service.ts:30:12)
    at Object.DarkModeService_Factory [as factory] (ng:///DarkModeService/ɵfac.js:5:10)
    at C:\Angular project-2\codebook\node_modules\@angular\core\fesm2022\core.mjs:2274:47
    at runInInjectorProfilerContext (C:\Angular project-2\codebook\node_modules\@angular\core\fesm2022\core.mjs:880:9)
    at R3Injector.hydrate (C:\Angular project-2\codebook\node_modules\@angular\core\fesm2022\core.mjs:2273:21)
    at R3Injector.get (C:\Angular project-2\codebook\node_modules\@angular\core\fesm2022\core.mjs:2141:33)
    at ChainedInjector.get (C:\Angular project-2\codebook\node_modules\@angular\core\fesm2022\core.mjs:17238:36)
    at lookupTokenUsingModuleInjector (C:\Angular project-2\codebook\node_modules\@angular\core\fesm2022\core.mjs:5063:39)
    at getOrCreateInjectable (C:\Angular project-2\codebook\node_modules\@angular\core\fesm2022\core.mjs:5111:12)
    at ɵɵdirectiveInject (C:\Angular project-2\codebook\node_modules\@angular\core\fesm2022\core.mjs:17289:19)
    at ɵɵinject (C:\Angular project-2\codebook\node_modules\@angular\core\fesm2022\core.mjs:1125:42)
    at inject (C:\Angular project-2\codebook\node_modules\@angular\core\fesm2022\core.mjs:1211:12)
    at new DashboardComponent (C:\Angular project-2\codebook\src\app\pages\dashboard\dashboard.component.ts:11:34)
    at NodeInjectorFactory.DashboardComponent_Factory [as factory] (ng:///DashboardComponent/ɵfac.js:5:10)
    at getNodeInjectable (C:\Angular project-2\codebook\node_modules\@angular\core\fesm2022\core.mjs:5323:44)
    at instantiateAllDirectives (C:\Angular project-2\codebook\node_modules\@angular\core\fesm2022\core.mjs:12562:27)
    at createDirectivesInstances (C:\Angular project-2\codebook\node_modules\@angular\core\fesm2022\core.mjs:12352:5)
    at ComponentFactory2.create (C:\Angular project-2\codebook\node_modules\@angular\core\fesm2022\core.mjs:17945:17)
    at initComponent (C:\Angular project-2\codebook\node_modules\@angular\core\fesm2022\testing.mjs:2053:51)
    at _ZoneDelegate.invoke (C:\Angular project-2\codebook\node_modules\zone.js\bundles\zone.umd.js:416:32)
    at ProxyZoneSpec.Object.<anonymous>.ProxyZoneSpec.onInvoke (C:\Angular project-2\codebook\node_modules\zone.js\bundles\zone-testing.umd.js:2177:43)
    at _ZoneDelegate.invoke (C:\Angular project-2\codebook\node_modules\zone.js\bundles\zone.umd.js:415:38)
    at Object.onInvoke (C:\Angular project-2\codebook\node_modules\@angular\core\fesm2022\core.mjs:6528:33)
    at _ZoneDelegate.invoke (C:\Angular project-2\codebook\node_modules\zone.js\bundles\zone.umd.js:415:38)
    at ZoneImpl.run (C:\Angular project-2\codebook\node_modules\zone.js\bundles\zone.umd.js:147:47)
    at NgZone.run (C:\Angular project-2\codebook\node_modules\@angular\core\fesm2022\core.mjs:6374:28)
    at _TestBedImpl.createComponent (C:\Angular project-2\codebook\node_modules\@angular\core\fesm2022\testing.mjs:2058:41)
    at Function.createComponent (C:\Angular project-2\codebook\node_modules\@angular\core\fesm2022\testing.mjs:1844:37)
    at C:\Angular project-2\codebook\src\app\pages\dashboard\dashboard.component.spec.ts:15:23
    at Generator.next (<anonymous>)
    at fulfilled (C:\Angular project-2\codebook\node_modules\tslib\tslib.js:167:62)
    at _ZoneDelegate.invoke (C:\Angular project-2\codebook\node_modules\zone.js\bundles\zone.umd.js:416:32)
    at ProxyZoneSpec.Object.<anonymous>.ProxyZoneSpec.onInvoke (C:\Angular project-2\codebook\node_modules\zone.js\bundles\zone-testing.umd.js:2177:43)
    at _ZoneDelegate.invoke (C:\Angular project-2\codebook\node_modules\zone.js\bundles\zone.umd.js:415:38)
    at ZoneImpl.run (C:\Angular project-2\codebook\node_modules\zone.js\bundles\zone.umd.js:147:47)
    at C:\Angular project-2\codebook\node_modules\zone.js\bundles\zone.umd.js:2598:42
    at _ZoneDelegate.invokeTask (C:\Angular project-2\codebook\node_modules\zone.js\bundles\zone.umd.js:449:37)
    at ProxyZoneSpec.Object.<anonymous>.ProxyZoneSpec.onInvokeTask (C:\Angular project-2\codebook\node_modules\zone.js\bundles\zone-testing.umd.js:2208:43)
    at _ZoneDelegate.invokeTask (C:\Angular project-2\codebook\node_modules\zone.js\bundles\zone.umd.js:448:42)
    at ZoneImpl.runTask (C:\Angular project-2\codebook\node_modules\zone.js\bundles\zone.umd.js:196:51)
    at drainMicroTaskQueue (C:\Angular project-2\codebook\node_modules\zone.js\bundles\zone.umd.js:638:39)
    at processTicksAndRejections (node:internal/process/task_queues:105:5)]]></failure>
    </testCase>
  </file>
  <file path="C:\Angular project-2\codebook\src\app\pages\users\store\user-store.spec.ts">
    <testCase name="UserStore Initial State should initialize with default state" duration="541">
      <failure message="Error: expect(received).toBe(expected) // Object.is equality"><![CDATA[Error: expect(received).toBe(expected) // Object.is equality

Expected: false
Received: true
    at C:\Angular project-2\codebook\src\app\pages\users\store\user-store.spec.ts:84:35
    at _ZoneDelegate.invoke (C:\Angular project-2\codebook\node_modules\zone.js\bundles\zone.umd.js:416:32)
    at ProxyZoneSpec.Object.<anonymous>.ProxyZoneSpec.onInvoke (C:\Angular project-2\codebook\node_modules\zone.js\bundles\zone-testing.umd.js:2177:43)
    at _ZoneDelegate.invoke (C:\Angular project-2\codebook\node_modules\zone.js\bundles\zone.umd.js:415:38)
    at ZoneImpl.run (C:\Angular project-2\codebook\node_modules\zone.js\bundles\zone.umd.js:147:47)
    at Object.wrappedFunc (C:\Angular project-2\codebook\node_modules\zone.js\bundles\zone-testing.umd.js:450:38)
    at Promise.then.completed (C:\Angular project-2\codebook\node_modules\jest-circus\build\utils.js:298:28)
    at new Promise (<anonymous>)
    at callAsyncCircusFn (C:\Angular project-2\codebook\node_modules\jest-circus\build\utils.js:231:10)
    at _callCircusTest (C:\Angular project-2\codebook\node_modules\jest-circus\build\run.js:316:40)
    at processTicksAndRejections (node:internal/process/task_queues:105:5)
    at _runTest (C:\Angular project-2\codebook\node_modules\jest-circus\build\run.js:252:3)
    at _runTestsForDescribeBlock (C:\Angular project-2\codebook\node_modules\jest-circus\build\run.js:126:9)
    at _runTestsForDescribeBlock (C:\Angular project-2\codebook\node_modules\jest-circus\build\run.js:121:9)
    at _runTestsForDescribeBlock (C:\Angular project-2\codebook\node_modules\jest-circus\build\run.js:121:9)
    at run (C:\Angular project-2\codebook\node_modules\jest-circus\build\run.js:71:3)
    at runAndTransformResultsToJestFormat (C:\Angular project-2\codebook\node_modules\jest-circus\build\legacy-code-todo-rewrite\jestAdapterInit.js:122:21)]]></failure>
    </testCase>
    <testCase name="UserStore Computed Properties should compute users correctly" duration="17"/>
    <testCase name="UserStore Computed Properties should compute isLoading correctly" duration="14">
      <failure message="Error: expect(received).toBe(expected) // Object.is equality"><![CDATA[Error: expect(received).toBe(expected) // Object.is equality

Expected: false
Received: true
    at C:\Angular project-2\codebook\src\app\pages\users\store\user-store.spec.ts:100:33
    at _ZoneDelegate.invoke (C:\Angular project-2\codebook\node_modules\zone.js\bundles\zone.umd.js:416:32)
    at ProxyZoneSpec.Object.<anonymous>.ProxyZoneSpec.onInvoke (C:\Angular project-2\codebook\node_modules\zone.js\bundles\zone-testing.umd.js:2177:43)
    at _ZoneDelegate.invoke (C:\Angular project-2\codebook\node_modules\zone.js\bundles\zone.umd.js:415:38)
    at ZoneImpl.run (C:\Angular project-2\codebook\node_modules\zone.js\bundles\zone.umd.js:147:47)
    at Object.wrappedFunc (C:\Angular project-2\codebook\node_modules\zone.js\bundles\zone-testing.umd.js:450:38)
    at Promise.then.completed (C:\Angular project-2\codebook\node_modules\jest-circus\build\utils.js:298:28)
    at new Promise (<anonymous>)
    at callAsyncCircusFn (C:\Angular project-2\codebook\node_modules\jest-circus\build\utils.js:231:10)
    at _callCircusTest (C:\Angular project-2\codebook\node_modules\jest-circus\build\run.js:316:40)
    at processTicksAndRejections (node:internal/process/task_queues:105:5)
    at _runTest (C:\Angular project-2\codebook\node_modules\jest-circus\build\run.js:252:3)
    at _runTestsForDescribeBlock (C:\Angular project-2\codebook\node_modules\jest-circus\build\run.js:126:9)
    at _runTestsForDescribeBlock (C:\Angular project-2\codebook\node_modules\jest-circus\build\run.js:121:9)
    at _runTestsForDescribeBlock (C:\Angular project-2\codebook\node_modules\jest-circus\build\run.js:121:9)
    at run (C:\Angular project-2\codebook\node_modules\jest-circus\build\run.js:71:3)
    at runAndTransformResultsToJestFormat (C:\Angular project-2\codebook\node_modules\jest-circus\build\legacy-code-todo-rewrite\jestAdapterInit.js:122:21)]]></failure>
    </testCase>
    <testCase name="UserStore loadUsers should load users from local storage if available" duration="17">
      <failure message="Error: expect(jest.fn()).not.toHaveBeenCalled()"><![CDATA[Error: expect(jest.fn()).not.toHaveBeenCalled()

Expected number of calls: 0
Received number of calls: 1

1: "https://jsonplaceholder.typicode.com/users"
    at C:\Angular project-2\codebook\src\app\pages\users\store\user-store.spec.ts:109:38
    at Generator.next (<anonymous>)
    at fulfilled (C:\Angular project-2\codebook\node_modules\tslib\tslib.js:167:62)
    at _ZoneDelegate.invoke (C:\Angular project-2\codebook\node_modules\zone.js\bundles\zone.umd.js:416:32)
    at ProxyZoneSpec.Object.<anonymous>.ProxyZoneSpec.onInvoke (C:\Angular project-2\codebook\node_modules\zone.js\bundles\zone-testing.umd.js:2177:43)
    at _ZoneDelegate.invoke (C:\Angular project-2\codebook\node_modules\zone.js\bundles\zone.umd.js:415:38)
    at ZoneImpl.run (C:\Angular project-2\codebook\node_modules\zone.js\bundles\zone.umd.js:147:47)
    at C:\Angular project-2\codebook\node_modules\zone.js\bundles\zone.umd.js:2598:42
    at _ZoneDelegate.invokeTask (C:\Angular project-2\codebook\node_modules\zone.js\bundles\zone.umd.js:449:37)
    at ProxyZoneSpec.Object.<anonymous>.ProxyZoneSpec.onInvokeTask (C:\Angular project-2\codebook\node_modules\zone.js\bundles\zone-testing.umd.js:2208:43)
    at _ZoneDelegate.invokeTask (C:\Angular project-2\codebook\node_modules\zone.js\bundles\zone.umd.js:448:42)
    at ZoneImpl.runTask (C:\Angular project-2\codebook\node_modules\zone.js\bundles\zone.umd.js:196:51)
    at drainMicroTaskQueue (C:\Angular project-2\codebook\node_modules\zone.js\bundles\zone.umd.js:638:39)
    at processTicksAndRejections (node:internal/process/task_queues:105:5)]]></failure>
    </testCase>
    <testCase name="UserStore loadUsers should load users from API if local storage is empty" duration="16"/>
    <testCase name="UserStore loadUsers should handle API error" duration="49">
      <failure message="Error: expect(received).toEqual(expected) // deep equality"><![CDATA[Error: expect(received).toEqual(expected) // deep equality

- Expected  - 1
+ Received  + 9

- Array []
+ Array [
+   Object {
+     "bs": "Synergy",
+     "company": "Doe Inc",
+     "id": 1,
+     "name": "John Doe",
+     "website": "johndoe.com",
+   },
+ ]
    at C:\Angular project-2\codebook\src\app\pages\users\store\user-store.spec.ts:131:29
    at Generator.next (<anonymous>)
    at fulfilled (C:\Angular project-2\codebook\node_modules\tslib\tslib.js:167:62)
    at _ZoneDelegate.invoke (C:\Angular project-2\codebook\node_modules\zone.js\bundles\zone.umd.js:416:32)
    at ProxyZoneSpec.Object.<anonymous>.ProxyZoneSpec.onInvoke (C:\Angular project-2\codebook\node_modules\zone.js\bundles\zone-testing.umd.js:2177:43)
    at _ZoneDelegate.invoke (C:\Angular project-2\codebook\node_modules\zone.js\bundles\zone.umd.js:415:38)
    at ZoneImpl.run (C:\Angular project-2\codebook\node_modules\zone.js\bundles\zone.umd.js:147:47)
    at C:\Angular project-2\codebook\node_modules\zone.js\bundles\zone.umd.js:2598:42
    at _ZoneDelegate.invokeTask (C:\Angular project-2\codebook\node_modules\zone.js\bundles\zone.umd.js:449:37)
    at ProxyZoneSpec.Object.<anonymous>.ProxyZoneSpec.onInvokeTask (C:\Angular project-2\codebook\node_modules\zone.js\bundles\zone-testing.umd.js:2208:43)
    at _ZoneDelegate.invokeTask (C:\Angular project-2\codebook\node_modules\zone.js\bundles\zone.umd.js:448:42)
    at ZoneImpl.runTask (C:\Angular project-2\codebook\node_modules\zone.js\bundles\zone.umd.js:196:51)
    at drainMicroTaskQueue (C:\Angular project-2\codebook\node_modules\zone.js\bundles\zone.umd.js:638:39)
    at processTicksAndRejections (node:internal/process/task_queues:105:5)]]></failure>
    </testCase>
    <testCase name="UserStore addUser should add a new user" duration="15">
      <failure message="Error: expect(received).toContainEqual(expected) // deep equality"><![CDATA[Error: expect(received).toContainEqual(expected) // deep equality

Expected value: {"bs": "Innovation", "company": "Jane Inc", "id": 2, "name": "Jane Doe", "website": "janedoe.com"}
Received array: [{"bs": "Synergy", "company": "Doe Inc", "id": 1, "name": "John Doe", "website": "johndoe.com"}, {"bs": "Innovation", "company": "Jane Inc", "id": 1746867759826, "name": "Jane Doe", "website": "janedoe.com"}]
    at C:\Angular project-2\codebook\src\app\pages\users\store\user-store.spec.ts:146:29
    at _ZoneDelegate.invoke (C:\Angular project-2\codebook\node_modules\zone.js\bundles\zone.umd.js:416:32)
    at ProxyZoneSpec.Object.<anonymous>.ProxyZoneSpec.onInvoke (C:\Angular project-2\codebook\node_modules\zone.js\bundles\zone-testing.umd.js:2177:43)
    at _ZoneDelegate.invoke (C:\Angular project-2\codebook\node_modules\zone.js\bundles\zone.umd.js:415:38)
    at ZoneImpl.run (C:\Angular project-2\codebook\node_modules\zone.js\bundles\zone.umd.js:147:47)
    at Object.wrappedFunc (C:\Angular project-2\codebook\node_modules\zone.js\bundles\zone-testing.umd.js:450:38)
    at Promise.then.completed (C:\Angular project-2\codebook\node_modules\jest-circus\build\utils.js:298:28)
    at new Promise (<anonymous>)
    at callAsyncCircusFn (C:\Angular project-2\codebook\node_modules\jest-circus\build\utils.js:231:10)
    at _callCircusTest (C:\Angular project-2\codebook\node_modules\jest-circus\build\run.js:316:40)
    at processTicksAndRejections (node:internal/process/task_queues:105:5)
    at _runTest (C:\Angular project-2\codebook\node_modules\jest-circus\build\run.js:252:3)
    at _runTestsForDescribeBlock (C:\Angular project-2\codebook\node_modules\jest-circus\build\run.js:126:9)
    at _runTestsForDescribeBlock (C:\Angular project-2\codebook\node_modules\jest-circus\build\run.js:121:9)
    at _runTestsForDescribeBlock (C:\Angular project-2\codebook\node_modules\jest-circus\build\run.js:121:9)
    at run (C:\Angular project-2\codebook\node_modules\jest-circus\build\run.js:71:3)
    at runAndTransformResultsToJestFormat (C:\Angular project-2\codebook\node_modules\jest-circus\build\legacy-code-todo-rewrite\jestAdapterInit.js:122:21)]]></failure>
    </testCase>
    <testCase name="UserStore addUser should handle error when adding user" duration="25">
      <failure message="Error: expect(received).toEqual(expected) // deep equality"><![CDATA[Error: expect(received).toEqual(expected) // deep equality

- Expected  - 1
+ Received  + 9

- Array []
+ Array [
+   Object {
+     "bs": "Synergy",
+     "company": "Doe Inc",
+     "id": 1,
+     "name": "John Doe",
+     "website": "johndoe.com",
+   },
+ ]
    at C:\Angular project-2\codebook\src\app\pages\users\store\user-store.spec.ts:164:29
    at _ZoneDelegate.invoke (C:\Angular project-2\codebook\node_modules\zone.js\bundles\zone.umd.js:416:32)
    at ProxyZoneSpec.Object.<anonymous>.ProxyZoneSpec.onInvoke (C:\Angular project-2\codebook\node_modules\zone.js\bundles\zone-testing.umd.js:2177:43)
    at _ZoneDelegate.invoke (C:\Angular project-2\codebook\node_modules\zone.js\bundles\zone.umd.js:415:38)
    at ZoneImpl.run (C:\Angular project-2\codebook\node_modules\zone.js\bundles\zone.umd.js:147:47)
    at Object.wrappedFunc (C:\Angular project-2\codebook\node_modules\zone.js\bundles\zone-testing.umd.js:450:38)
    at Promise.then.completed (C:\Angular project-2\codebook\node_modules\jest-circus\build\utils.js:298:28)
    at new Promise (<anonymous>)
    at callAsyncCircusFn (C:\Angular project-2\codebook\node_modules\jest-circus\build\utils.js:231:10)
    at _callCircusTest (C:\Angular project-2\codebook\node_modules\jest-circus\build\run.js:316:40)
    at processTicksAndRejections (node:internal/process/task_queues:105:5)
    at _runTest (C:\Angular project-2\codebook\node_modules\jest-circus\build\run.js:252:3)
    at _runTestsForDescribeBlock (C:\Angular project-2\codebook\node_modules\jest-circus\build\run.js:126:9)
    at _runTestsForDescribeBlock (C:\Angular project-2\codebook\node_modules\jest-circus\build\run.js:121:9)
    at _runTestsForDescribeBlock (C:\Angular project-2\codebook\node_modules\jest-circus\build\run.js:121:9)
    at run (C:\Angular project-2\codebook\node_modules\jest-circus\build\run.js:71:3)
    at runAndTransformResultsToJestFormat (C:\Angular project-2\codebook\node_modules\jest-circus\build\legacy-code-todo-rewrite\jestAdapterInit.js:122:21)]]></failure>
    </testCase>
    <testCase name="UserStore updateUser should update an existing user" duration="26"/>
    <testCase name="UserStore updateUser should handle error when updating user" duration="44"/>
    <testCase name="UserStore deleteUser should delete a user" duration="16"/>
    <testCase name="UserStore deleteUser should handle error when deleting user" duration="14"/>
    <testCase name="UserStore getUser should return a user by ID" duration="11"/>
    <testCase name="UserStore getUser should return undefined if user is not found" duration="10"/>
    <testCase name="UserStore getUser should handle error when fetching user" duration="34"/>
    <testCase name="UserStore onInit Hook should call loadUsers on initialization" duration="12">
      <failure message="Error: expect(jest.fn()).toHaveBeenCalled()"><![CDATA[Error: expect(jest.fn()).toHaveBeenCalled()

Expected number of calls: >= 1
Received number of calls:    0
    at C:\Angular project-2\codebook\src\app\pages\users\store\user-store.spec.ts:253:28
    at _ZoneDelegate.invoke (C:\Angular project-2\codebook\node_modules\zone.js\bundles\zone.umd.js:416:32)
    at ProxyZoneSpec.Object.<anonymous>.ProxyZoneSpec.onInvoke (C:\Angular project-2\codebook\node_modules\zone.js\bundles\zone-testing.umd.js:2177:43)
    at _ZoneDelegate.invoke (C:\Angular project-2\codebook\node_modules\zone.js\bundles\zone.umd.js:415:38)
    at ZoneImpl.run (C:\Angular project-2\codebook\node_modules\zone.js\bundles\zone.umd.js:147:47)
    at Object.wrappedFunc (C:\Angular project-2\codebook\node_modules\zone.js\bundles\zone-testing.umd.js:450:38)
    at Promise.then.completed (C:\Angular project-2\codebook\node_modules\jest-circus\build\utils.js:298:28)
    at new Promise (<anonymous>)
    at callAsyncCircusFn (C:\Angular project-2\codebook\node_modules\jest-circus\build\utils.js:231:10)
    at _callCircusTest (C:\Angular project-2\codebook\node_modules\jest-circus\build\run.js:316:40)
    at processTicksAndRejections (node:internal/process/task_queues:105:5)
    at _runTest (C:\Angular project-2\codebook\node_modules\jest-circus\build\run.js:252:3)
    at _runTestsForDescribeBlock (C:\Angular project-2\codebook\node_modules\jest-circus\build\run.js:126:9)
    at _runTestsForDescribeBlock (C:\Angular project-2\codebook\node_modules\jest-circus\build\run.js:121:9)
    at _runTestsForDescribeBlock (C:\Angular project-2\codebook\node_modules\jest-circus\build\run.js:121:9)
    at run (C:\Angular project-2\codebook\node_modules\jest-circus\build\run.js:71:3)
    at runAndTransformResultsToJestFormat (C:\Angular project-2\codebook\node_modules\jest-circus\build\legacy-code-todo-rewrite\jestAdapterInit.js:122:21)]]></failure>
    </testCase>
  </file>
  <file path="C:\Angular project-2\codebook\src\app\custom-sidenav\custom-sidenav.component.spec.ts">
    <testCase name="CustomSidenavComponent should create" duration="572"/>
    <testCase name="CustomSidenavComponent Initial state should initialize menuItems with correct values" duration="95">
      <failure message="Error: expect(received).toBe(expected) // Object.is equality"><![CDATA[Error: expect(received).toBe(expected) // Object.is equality

Expected: 2
Received: 4
    at C:\Angular project-2\codebook\src\app\custom-sidenav\custom-sidenav.component.spec.ts:58:44
    at _ZoneDelegate.invoke (C:\Angular project-2\codebook\node_modules\zone.js\bundles\zone.umd.js:416:32)
    at ProxyZoneSpec.Object.<anonymous>.ProxyZoneSpec.onInvoke (C:\Angular project-2\codebook\node_modules\zone.js\bundles\zone-testing.umd.js:2177:43)
    at _ZoneDelegate.invoke (C:\Angular project-2\codebook\node_modules\zone.js\bundles\zone.umd.js:415:38)
    at ZoneImpl.run (C:\Angular project-2\codebook\node_modules\zone.js\bundles\zone.umd.js:147:47)
    at Object.wrappedFunc (C:\Angular project-2\codebook\node_modules\zone.js\bundles\zone-testing.umd.js:450:38)
    at Promise.then.completed (C:\Angular project-2\codebook\node_modules\jest-circus\build\utils.js:298:28)
    at new Promise (<anonymous>)
    at callAsyncCircusFn (C:\Angular project-2\codebook\node_modules\jest-circus\build\utils.js:231:10)
    at _callCircusTest (C:\Angular project-2\codebook\node_modules\jest-circus\build\run.js:316:40)
    at processTicksAndRejections (node:internal/process/task_queues:105:5)
    at _runTest (C:\Angular project-2\codebook\node_modules\jest-circus\build\run.js:252:3)
    at _runTestsForDescribeBlock (C:\Angular project-2\codebook\node_modules\jest-circus\build\run.js:126:9)
    at _runTestsForDescribeBlock (C:\Angular project-2\codebook\node_modules\jest-circus\build\run.js:121:9)
    at _runTestsForDescribeBlock (C:\Angular project-2\codebook\node_modules\jest-circus\build\run.js:121:9)
    at run (C:\Angular project-2\codebook\node_modules\jest-circus\build\run.js:71:3)
    at runAndTransformResultsToJestFormat (C:\Angular project-2\codebook\node_modules\jest-circus\build\legacy-code-todo-rewrite\jestAdapterInit.js:122:21)]]></failure>
    </testCase>
    <testCase name="CustomSidenavComponent Initial state should initialize sideNavCollapsed as false" duration="157"/>
    <testCase name="CustomSidenavComponent Input collapsed should update sideNavCollapsed when input changes to true" duration="141"/>
    <testCase name="CustomSidenavComponent Input collapsed should update sideNavCollapsed when input changes to false" duration="97"/>
    <testCase name="CustomSidenavComponent Template rendering should render menu items with correct router links" duration="82">
      <failure message="Error: expect(received).toBe(expected) // Object.is equality"><![CDATA[Error: expect(received).toBe(expected) // Object.is equality

Expected: 2
Received: 4
    at C:\Angular project-2\codebook\src\app\custom-sidenav\custom-sidenav.component.spec.ts:93:32
    at _ZoneDelegate.invoke (C:\Angular project-2\codebook\node_modules\zone.js\bundles\zone.umd.js:416:32)
    at ProxyZoneSpec.Object.<anonymous>.ProxyZoneSpec.onInvoke (C:\Angular project-2\codebook\node_modules\zone.js\bundles\zone-testing.umd.js:2177:43)
    at _ZoneDelegate.invoke (C:\Angular project-2\codebook\node_modules\zone.js\bundles\zone.umd.js:415:38)
    at ZoneImpl.run (C:\Angular project-2\codebook\node_modules\zone.js\bundles\zone.umd.js:147:47)
    at Object.wrappedFunc (C:\Angular project-2\codebook\node_modules\zone.js\bundles\zone-testing.umd.js:450:38)
    at Promise.then.completed (C:\Angular project-2\codebook\node_modules\jest-circus\build\utils.js:298:28)
    at new Promise (<anonymous>)
    at callAsyncCircusFn (C:\Angular project-2\codebook\node_modules\jest-circus\build\utils.js:231:10)
    at _callCircusTest (C:\Angular project-2\codebook\node_modules\jest-circus\build\run.js:316:40)
    at processTicksAndRejections (node:internal/process/task_queues:105:5)
    at _runTest (C:\Angular project-2\codebook\node_modules\jest-circus\build\run.js:252:3)
    at _runTestsForDescribeBlock (C:\Angular project-2\codebook\node_modules\jest-circus\build\run.js:126:9)
    at _runTestsForDescribeBlock (C:\Angular project-2\codebook\node_modules\jest-circus\build\run.js:121:9)
    at _runTestsForDescribeBlock (C:\Angular project-2\codebook\node_modules\jest-circus\build\run.js:121:9)
    at run (C:\Angular project-2\codebook\node_modules\jest-circus\build\run.js:71:3)
    at runAndTransformResultsToJestFormat (C:\Angular project-2\codebook\node_modules\jest-circus\build\legacy-code-todo-rewrite\jestAdapterInit.js:122:21)]]></failure>
    </testCase>
    <testCase name="CustomSidenavComponent Template rendering should display icon and label when not collapsed on desktop" duration="106"/>
    <testCase name="CustomSidenavComponent Template rendering should display only icon when collapsed on desktop" duration="63"/>
    <testCase name="CustomSidenavComponent Template rendering should display icon and label when collapsed on mobile" duration="60">
      <failure message="Error: expect(received).toBe(expected) // Object.is equality"><![CDATA[Error: expect(received).toBe(expected) // Object.is equality

Expected: true
Received: undefined
    at C:\Angular project-2\codebook\src\app\custom-sidenav\custom-sidenav.component.spec.ts:137:40
    at _ZoneDelegate.invoke (C:\Angular project-2\codebook\node_modules\zone.js\bundles\zone.umd.js:416:32)
    at ProxyZoneSpec.Object.<anonymous>.ProxyZoneSpec.onInvoke (C:\Angular project-2\codebook\node_modules\zone.js\bundles\zone-testing.umd.js:2177:43)
    at _ZoneDelegate.invoke (C:\Angular project-2\codebook\node_modules\zone.js\bundles\zone.umd.js:415:38)
    at ZoneImpl.run (C:\Angular project-2\codebook\node_modules\zone.js\bundles\zone.umd.js:147:47)
    at Object.wrappedFunc (C:\Angular project-2\codebook\node_modules\zone.js\bundles\zone-testing.umd.js:450:38)
    at Promise.then.completed (C:\Angular project-2\codebook\node_modules\jest-circus\build\utils.js:298:28)
    at new Promise (<anonymous>)
    at callAsyncCircusFn (C:\Angular project-2\codebook\node_modules\jest-circus\build\utils.js:231:10)
    at _callCircusTest (C:\Angular project-2\codebook\node_modules\jest-circus\build\run.js:316:40)
    at processTicksAndRejections (node:internal/process/task_queues:105:5)
    at _runTest (C:\Angular project-2\codebook\node_modules\jest-circus\build\run.js:252:3)
    at _runTestsForDescribeBlock (C:\Angular project-2\codebook\node_modules\jest-circus\build\run.js:126:9)
    at _runTestsForDescribeBlock (C:\Angular project-2\codebook\node_modules\jest-circus\build\run.js:121:9)
    at _runTestsForDescribeBlock (C:\Angular project-2\codebook\node_modules\jest-circus\build\run.js:121:9)
    at run (C:\Angular project-2\codebook\node_modules\jest-circus\build\run.js:71:3)
    at runAndTransformResultsToJestFormat (C:\Angular project-2\codebook\node_modules\jest-circus\build\legacy-code-todo-rewrite\jestAdapterInit.js:122:21)]]></failure>
    </testCase>
    <testCase name="CustomSidenavComponent Dark mode behavior should apply light mode classes when darkMode is false" duration="94">
      <failure message="Error: expect(received).toBe(expected) // Object.is equality"><![CDATA[Error: expect(received).toBe(expected) // Object.is equality

Expected: true
Received: undefined
    at C:\Angular project-2\codebook\src\app\custom-sidenav\custom-sidenav.component.spec.ts:150:45
    at _ZoneDelegate.invoke (C:\Angular project-2\codebook\node_modules\zone.js\bundles\zone.umd.js:416:32)
    at ProxyZoneSpec.Object.<anonymous>.ProxyZoneSpec.onInvoke (C:\Angular project-2\codebook\node_modules\zone.js\bundles\zone-testing.umd.js:2177:43)
    at _ZoneDelegate.invoke (C:\Angular project-2\codebook\node_modules\zone.js\bundles\zone.umd.js:415:38)
    at ZoneImpl.run (C:\Angular project-2\codebook\node_modules\zone.js\bundles\zone.umd.js:147:47)
    at Object.wrappedFunc (C:\Angular project-2\codebook\node_modules\zone.js\bundles\zone-testing.umd.js:450:38)
    at Promise.then.completed (C:\Angular project-2\codebook\node_modules\jest-circus\build\utils.js:298:28)
    at new Promise (<anonymous>)
    at callAsyncCircusFn (C:\Angular project-2\codebook\node_modules\jest-circus\build\utils.js:231:10)
    at _callCircusTest (C:\Angular project-2\codebook\node_modules\jest-circus\build\run.js:316:40)
    at processTicksAndRejections (node:internal/process/task_queues:105:5)
    at _runTest (C:\Angular project-2\codebook\node_modules\jest-circus\build\run.js:252:3)
    at _runTestsForDescribeBlock (C:\Angular project-2\codebook\node_modules\jest-circus\build\run.js:126:9)
    at _runTestsForDescribeBlock (C:\Angular project-2\codebook\node_modules\jest-circus\build\run.js:121:9)
    at _runTestsForDescribeBlock (C:\Angular project-2\codebook\node_modules\jest-circus\build\run.js:121:9)
    at run (C:\Angular project-2\codebook\node_modules\jest-circus\build\run.js:71:3)
    at runAndTransformResultsToJestFormat (C:\Angular project-2\codebook\node_modules\jest-circus\build\legacy-code-todo-rewrite\jestAdapterInit.js:122:21)]]></failure>
    </testCase>
    <testCase name="CustomSidenavComponent Dark mode behavior should apply dark mode classes when darkMode is true" duration="72">
      <failure message="Error: expect(received).toBe(expected) // Object.is equality"><![CDATA[Error: expect(received).toBe(expected) // Object.is equality

Expected: true
Received: undefined
    at C:\Angular project-2\codebook\src\app\custom-sidenav\custom-sidenav.component.spec.ts:165:48
    at _ZoneDelegate.invoke (C:\Angular project-2\codebook\node_modules\zone.js\bundles\zone.umd.js:416:32)
    at ProxyZoneSpec.Object.<anonymous>.ProxyZoneSpec.onInvoke (C:\Angular project-2\codebook\node_modules\zone.js\bundles\zone-testing.umd.js:2177:43)
    at _ZoneDelegate.invoke (C:\Angular project-2\codebook\node_modules\zone.js\bundles\zone.umd.js:415:38)
    at ZoneImpl.run (C:\Angular project-2\codebook\node_modules\zone.js\bundles\zone.umd.js:147:47)
    at Object.wrappedFunc (C:\Angular project-2\codebook\node_modules\zone.js\bundles\zone-testing.umd.js:450:38)
    at Promise.then.completed (C:\Angular project-2\codebook\node_modules\jest-circus\build\utils.js:298:28)
    at new Promise (<anonymous>)
    at callAsyncCircusFn (C:\Angular project-2\codebook\node_modules\jest-circus\build\utils.js:231:10)
    at _callCircusTest (C:\Angular project-2\codebook\node_modules\jest-circus\build\run.js:316:40)
    at processTicksAndRejections (node:internal/process/task_queues:105:5)
    at _runTest (C:\Angular project-2\codebook\node_modules\jest-circus\build\run.js:252:3)
    at _runTestsForDescribeBlock (C:\Angular project-2\codebook\node_modules\jest-circus\build\run.js:126:9)
    at _runTestsForDescribeBlock (C:\Angular project-2\codebook\node_modules\jest-circus\build\run.js:121:9)
    at _runTestsForDescribeBlock (C:\Angular project-2\codebook\node_modules\jest-circus\build\run.js:121:9)
    at run (C:\Angular project-2\codebook\node_modules\jest-circus\build\run.js:71:3)
    at runAndTransformResultsToJestFormat (C:\Angular project-2\codebook\node_modules\jest-circus\build\legacy-code-todo-rewrite\jestAdapterInit.js:122:21)]]></failure>
    </testCase>
    <testCase name="CustomSidenavComponent Active route behavior should apply active classes in light mode" duration="140">
      <failure message="Error: expect(received).toBe(expected) // Object.is equality"><![CDATA[Error: expect(received).toBe(expected) // Object.is equality

Expected: true
Received: undefined
    at C:\Angular project-2\codebook\src\app\custom-sidenav\custom-sidenav.component.spec.ts:188:49
    at _ZoneDelegate.invoke (C:\Angular project-2\codebook\node_modules\zone.js\bundles\zone.umd.js:416:32)
    at ProxyZoneSpec.Object.<anonymous>.ProxyZoneSpec.onInvoke (C:\Angular project-2\codebook\node_modules\zone.js\bundles\zone-testing.umd.js:2177:43)
    at _ZoneDelegate.invoke (C:\Angular project-2\codebook\node_modules\zone.js\bundles\zone.umd.js:415:38)
    at ZoneImpl.run (C:\Angular project-2\codebook\node_modules\zone.js\bundles\zone.umd.js:147:47)
    at Object.wrappedFunc (C:\Angular project-2\codebook\node_modules\zone.js\bundles\zone-testing.umd.js:450:38)
    at Promise.then.completed (C:\Angular project-2\codebook\node_modules\jest-circus\build\utils.js:298:28)
    at new Promise (<anonymous>)
    at callAsyncCircusFn (C:\Angular project-2\codebook\node_modules\jest-circus\build\utils.js:231:10)
    at _callCircusTest (C:\Angular project-2\codebook\node_modules\jest-circus\build\run.js:316:40)
    at processTicksAndRejections (node:internal/process/task_queues:105:5)
    at _runTest (C:\Angular project-2\codebook\node_modules\jest-circus\build\run.js:252:3)
    at _runTestsForDescribeBlock (C:\Angular project-2\codebook\node_modules\jest-circus\build\run.js:126:9)
    at _runTestsForDescribeBlock (C:\Angular project-2\codebook\node_modules\jest-circus\build\run.js:121:9)
    at _runTestsForDescribeBlock (C:\Angular project-2\codebook\node_modules\jest-circus\build\run.js:121:9)
    at run (C:\Angular project-2\codebook\node_modules\jest-circus\build\run.js:71:3)
    at runAndTransformResultsToJestFormat (C:\Angular project-2\codebook\node_modules\jest-circus\build\legacy-code-todo-rewrite\jestAdapterInit.js:122:21)]]></failure>
    </testCase>
    <testCase name="CustomSidenavComponent Active route behavior should apply active classes in dark mode" duration="82">
      <failure message="Error: expect(received).toBe(expected) // Object.is equality"><![CDATA[Error: expect(received).toBe(expected) // Object.is equality

Expected: true
Received: undefined
    at C:\Angular project-2\codebook\src\app\custom-sidenav\custom-sidenav.component.spec.ts:205:47
    at _ZoneDelegate.invoke (C:\Angular project-2\codebook\node_modules\zone.js\bundles\zone.umd.js:416:32)
    at ProxyZoneSpec.Object.<anonymous>.ProxyZoneSpec.onInvoke (C:\Angular project-2\codebook\node_modules\zone.js\bundles\zone-testing.umd.js:2177:43)
    at _ZoneDelegate.invoke (C:\Angular project-2\codebook\node_modules\zone.js\bundles\zone.umd.js:415:38)
    at ZoneImpl.run (C:\Angular project-2\codebook\node_modules\zone.js\bundles\zone.umd.js:147:47)
    at Object.wrappedFunc (C:\Angular project-2\codebook\node_modules\zone.js\bundles\zone-testing.umd.js:450:38)
    at Promise.then.completed (C:\Angular project-2\codebook\node_modules\jest-circus\build\utils.js:298:28)
    at new Promise (<anonymous>)
    at callAsyncCircusFn (C:\Angular project-2\codebook\node_modules\jest-circus\build\utils.js:231:10)
    at _callCircusTest (C:\Angular project-2\codebook\node_modules\jest-circus\build\run.js:316:40)
    at processTicksAndRejections (node:internal/process/task_queues:105:5)
    at _runTest (C:\Angular project-2\codebook\node_modules\jest-circus\build\run.js:252:3)
    at _runTestsForDescribeBlock (C:\Angular project-2\codebook\node_modules\jest-circus\build\run.js:126:9)
    at _runTestsForDescribeBlock (C:\Angular project-2\codebook\node_modules\jest-circus\build\run.js:121:9)
    at _runTestsForDescribeBlock (C:\Angular project-2\codebook\node_modules\jest-circus\build\run.js:121:9)
    at run (C:\Angular project-2\codebook\node_modules\jest-circus\build\run.js:71:3)
    at runAndTransformResultsToJestFormat (C:\Angular project-2\codebook\node_modules\jest-circus\build\legacy-code-todo-rewrite\jestAdapterInit.js:122:21)]]></failure>
    </testCase>
    <testCase name="CustomSidenavComponent Active route behavior should apply inactive classes for non-active routes in light mode" duration="91">
      <failure message="Error: expect(received).toBe(expected) // Object.is equality"><![CDATA[Error: expect(received).toBe(expected) // Object.is equality

Expected: true
Received: undefined
    at C:\Angular project-2\codebook\src\app\custom-sidenav\custom-sidenav.component.spec.ts:222:49
    at _ZoneDelegate.invoke (C:\Angular project-2\codebook\node_modules\zone.js\bundles\zone.umd.js:416:32)
    at ProxyZoneSpec.Object.<anonymous>.ProxyZoneSpec.onInvoke (C:\Angular project-2\codebook\node_modules\zone.js\bundles\zone-testing.umd.js:2177:43)
    at _ZoneDelegate.invoke (C:\Angular project-2\codebook\node_modules\zone.js\bundles\zone.umd.js:415:38)
    at ZoneImpl.run (C:\Angular project-2\codebook\node_modules\zone.js\bundles\zone.umd.js:147:47)
    at Object.wrappedFunc (C:\Angular project-2\codebook\node_modules\zone.js\bundles\zone-testing.umd.js:450:38)
    at Promise.then.completed (C:\Angular project-2\codebook\node_modules\jest-circus\build\utils.js:298:28)
    at new Promise (<anonymous>)
    at callAsyncCircusFn (C:\Angular project-2\codebook\node_modules\jest-circus\build\utils.js:231:10)
    at _callCircusTest (C:\Angular project-2\codebook\node_modules\jest-circus\build\run.js:316:40)
    at processTicksAndRejections (node:internal/process/task_queues:105:5)
    at _runTest (C:\Angular project-2\codebook\node_modules\jest-circus\build\run.js:252:3)
    at _runTestsForDescribeBlock (C:\Angular project-2\codebook\node_modules\jest-circus\build\run.js:126:9)
    at _runTestsForDescribeBlock (C:\Angular project-2\codebook\node_modules\jest-circus\build\run.js:121:9)
    at _runTestsForDescribeBlock (C:\Angular project-2\codebook\node_modules\jest-circus\build\run.js:121:9)
    at run (C:\Angular project-2\codebook\node_modules\jest-circus\build\run.js:71:3)
    at runAndTransformResultsToJestFormat (C:\Angular project-2\codebook\node_modules\jest-circus\build\legacy-code-todo-rewrite\jestAdapterInit.js:122:21)]]></failure>
    </testCase>
    <testCase name="CustomSidenavComponent Active route behavior should apply inactive classes for non-active routes in dark mode" duration="87">
      <failure message="Error: expect(received).toBe(expected) // Object.is equality"><![CDATA[Error: expect(received).toBe(expected) // Object.is equality

Expected: true
Received: undefined
    at C:\Angular project-2\codebook\src\app\custom-sidenav\custom-sidenav.component.spec.ts:237:49
    at _ZoneDelegate.invoke (C:\Angular project-2\codebook\node_modules\zone.js\bundles\zone.umd.js:416:32)
    at ProxyZoneSpec.Object.<anonymous>.ProxyZoneSpec.onInvoke (C:\Angular project-2\codebook\node_modules\zone.js\bundles\zone-testing.umd.js:2177:43)
    at _ZoneDelegate.invoke (C:\Angular project-2\codebook\node_modules\zone.js\bundles\zone.umd.js:415:38)
    at ZoneImpl.run (C:\Angular project-2\codebook\node_modules\zone.js\bundles\zone.umd.js:147:47)
    at Object.wrappedFunc (C:\Angular project-2\codebook\node_modules\zone.js\bundles\zone-testing.umd.js:450:38)
    at Promise.then.completed (C:\Angular project-2\codebook\node_modules\jest-circus\build\utils.js:298:28)
    at new Promise (<anonymous>)
    at callAsyncCircusFn (C:\Angular project-2\codebook\node_modules\jest-circus\build\utils.js:231:10)
    at _callCircusTest (C:\Angular project-2\codebook\node_modules\jest-circus\build\run.js:316:40)
    at processTicksAndRejections (node:internal/process/task_queues:105:5)
    at _runTest (C:\Angular project-2\codebook\node_modules\jest-circus\build\run.js:252:3)
    at _runTestsForDescribeBlock (C:\Angular project-2\codebook\node_modules\jest-circus\build\run.js:126:9)
    at _runTestsForDescribeBlock (C:\Angular project-2\codebook\node_modules\jest-circus\build\run.js:121:9)
    at _runTestsForDescribeBlock (C:\Angular project-2\codebook\node_modules\jest-circus\build\run.js:121:9)
    at run (C:\Angular project-2\codebook\node_modules\jest-circus\build\run.js:71:3)
    at runAndTransformResultsToJestFormat (C:\Angular project-2\codebook\node_modules\jest-circus\build\legacy-code-todo-rewrite\jestAdapterInit.js:122:21)]]></failure>
    </testCase>
    <testCase name="CustomSidenavComponent Responsive behavior should apply mobile styling when isMobile returns true" duration="83">
      <failure message="Error: expect(received).toBe(expected) // Object.is equality"><![CDATA[Error: expect(received).toBe(expected) // Object.is equality

Expected: true
Received: undefined
    at C:\Angular project-2\codebook\src\app\custom-sidenav\custom-sidenav.component.spec.ts:250:40
    at _ZoneDelegate.invoke (C:\Angular project-2\codebook\node_modules\zone.js\bundles\zone.umd.js:416:32)
    at ProxyZoneSpec.Object.<anonymous>.ProxyZoneSpec.onInvoke (C:\Angular project-2\codebook\node_modules\zone.js\bundles\zone-testing.umd.js:2177:43)
    at _ZoneDelegate.invoke (C:\Angular project-2\codebook\node_modules\zone.js\bundles\zone.umd.js:415:38)
    at ZoneImpl.run (C:\Angular project-2\codebook\node_modules\zone.js\bundles\zone.umd.js:147:47)
    at Object.wrappedFunc (C:\Angular project-2\codebook\node_modules\zone.js\bundles\zone-testing.umd.js:450:38)
    at Promise.then.completed (C:\Angular project-2\codebook\node_modules\jest-circus\build\utils.js:298:28)
    at new Promise (<anonymous>)
    at callAsyncCircusFn (C:\Angular project-2\codebook\node_modules\jest-circus\build\utils.js:231:10)
    at _callCircusTest (C:\Angular project-2\codebook\node_modules\jest-circus\build\run.js:316:40)
    at processTicksAndRejections (node:internal/process/task_queues:105:5)
    at _runTest (C:\Angular project-2\codebook\node_modules\jest-circus\build\run.js:252:3)
    at _runTestsForDescribeBlock (C:\Angular project-2\codebook\node_modules\jest-circus\build\run.js:126:9)
    at _runTestsForDescribeBlock (C:\Angular project-2\codebook\node_modules\jest-circus\build\run.js:121:9)
    at _runTestsForDescribeBlock (C:\Angular project-2\codebook\node_modules\jest-circus\build\run.js:121:9)
    at run (C:\Angular project-2\codebook\node_modules\jest-circus\build\run.js:71:3)
    at runAndTransformResultsToJestFormat (C:\Angular project-2\codebook\node_modules\jest-circus\build\legacy-code-todo-rewrite\jestAdapterInit.js:122:21)]]></failure>
    </testCase>
    <testCase name="CustomSidenavComponent Responsive behavior should apply desktop collapsed styling when not mobile and collapsed" duration="117"/>
    <testCase name="CustomSidenavComponent Responsive behavior should apply desktop expanded styling when not mobile and not collapsed" duration="59">
      <failure message="Error: expect(received).toBe(expected) // Object.is equality"><![CDATA[Error: expect(received).toBe(expected) // Object.is equality

Expected: true
Received: undefined
    at C:\Angular project-2\codebook\src\app\custom-sidenav\custom-sidenav.component.spec.ts:271:40
    at _ZoneDelegate.invoke (C:\Angular project-2\codebook\node_modules\zone.js\bundles\zone.umd.js:416:32)
    at ProxyZoneSpec.Object.<anonymous>.ProxyZoneSpec.onInvoke (C:\Angular project-2\codebook\node_modules\zone.js\bundles\zone-testing.umd.js:2177:43)
    at _ZoneDelegate.invoke (C:\Angular project-2\codebook\node_modules\zone.js\bundles\zone.umd.js:415:38)
    at ZoneImpl.run (C:\Angular project-2\codebook\node_modules\zone.js\bundles\zone.umd.js:147:47)
    at Object.wrappedFunc (C:\Angular project-2\codebook\node_modules\zone.js\bundles\zone-testing.umd.js:450:38)
    at Promise.then.completed (C:\Angular project-2\codebook\node_modules\jest-circus\build\utils.js:298:28)
    at new Promise (<anonymous>)
    at callAsyncCircusFn (C:\Angular project-2\codebook\node_modules\jest-circus\build\utils.js:231:10)
    at _callCircusTest (C:\Angular project-2\codebook\node_modules\jest-circus\build\run.js:316:40)
    at processTicksAndRejections (node:internal/process/task_queues:105:5)
    at _runTest (C:\Angular project-2\codebook\node_modules\jest-circus\build\run.js:252:3)
    at _runTestsForDescribeBlock (C:\Angular project-2\codebook\node_modules\jest-circus\build\run.js:126:9)
    at _runTestsForDescribeBlock (C:\Angular project-2\codebook\node_modules\jest-circus\build\run.js:121:9)
    at _runTestsForDescribeBlock (C:\Angular project-2\codebook\node_modules\jest-circus\build\run.js:121:9)
    at run (C:\Angular project-2\codebook\node_modules\jest-circus\build\run.js:71:3)
    at runAndTransformResultsToJestFormat (C:\Angular project-2\codebook\node_modules\jest-circus\build\legacy-code-todo-rewrite\jestAdapterInit.js:122:21)]]></failure>
    </testCase>
  </file>
  <file path="C:\Angular project-2\codebook\src\app\pages\users\add-user\add-user.component.spec.ts">
    <testCase name="AddUserComponent should create the component" duration="735"/>
    <testCase name="AddUserComponent Initial State should initialize form with default values for add mode" duration="111">
      <failure message="Error: expect(received).toEqual(expected) // deep equality"><![CDATA[Error: expect(received).toEqual(expected) // deep equality

- Expected  - 1
+ Received  + 0

  Object {
    "bs": "",
    "company": "",
-   "id": 0,
    "name": "",
    "website": "",
  }
    at C:\Angular project-2\codebook\src\app\pages\users\add-user\add-user.component.spec.ts:90:40
    at _ZoneDelegate.invoke (C:\Angular project-2\codebook\node_modules\zone.js\bundles\zone.umd.js:416:32)
    at ProxyZoneSpec.Object.<anonymous>.ProxyZoneSpec.onInvoke (C:\Angular project-2\codebook\node_modules\zone.js\bundles\zone-testing.umd.js:2177:43)
    at _ZoneDelegate.invoke (C:\Angular project-2\codebook\node_modules\zone.js\bundles\zone.umd.js:415:38)
    at ZoneImpl.run (C:\Angular project-2\codebook\node_modules\zone.js\bundles\zone.umd.js:147:47)
    at Object.wrappedFunc (C:\Angular project-2\codebook\node_modules\zone.js\bundles\zone-testing.umd.js:450:38)
    at Promise.then.completed (C:\Angular project-2\codebook\node_modules\jest-circus\build\utils.js:298:28)
    at new Promise (<anonymous>)
    at callAsyncCircusFn (C:\Angular project-2\codebook\node_modules\jest-circus\build\utils.js:231:10)
    at _callCircusTest (C:\Angular project-2\codebook\node_modules\jest-circus\build\run.js:316:40)
    at _runTest (C:\Angular project-2\codebook\node_modules\jest-circus\build\run.js:252:3)
    at _runTestsForDescribeBlock (C:\Angular project-2\codebook\node_modules\jest-circus\build\run.js:126:9)
    at _runTestsForDescribeBlock (C:\Angular project-2\codebook\node_modules\jest-circus\build\run.js:121:9)
    at _runTestsForDescribeBlock (C:\Angular project-2\codebook\node_modules\jest-circus\build\run.js:121:9)
    at run (C:\Angular project-2\codebook\node_modules\jest-circus\build\run.js:71:3)
    at runAndTransformResultsToJestFormat (C:\Angular project-2\codebook\node_modules\jest-circus\build\legacy-code-todo-rewrite\jestAdapterInit.js:122:21)]]></failure>
    </testCase>
    <testCase name="AddUserComponent Initial State should initialize form with user data for edit mode" duration="175">
      <failure message="Error: expect(received).toEqual(expected) // deep equality"><![CDATA[Error: expect(received).toEqual(expected) // deep equality

- Expected  - 1
+ Received  + 0

  Object {
    "bs": "Innovation",
    "company": "Acme Corp",
-   "id": 1,
    "name": "John Doe",
    "website": "https://acme.com",
  }
    at C:\Angular project-2\codebook\src\app\pages\users\add-user\add-user.component.spec.ts:130:40
    at _ZoneDelegate.invoke (C:\Angular project-2\codebook\node_modules\zone.js\bundles\zone.umd.js:416:32)
    at ProxyZoneSpec.Object.<anonymous>.ProxyZoneSpec.onInvoke (C:\Angular project-2\codebook\node_modules\zone.js\bundles\zone-testing.umd.js:2177:43)
    at _ZoneDelegate.invoke (C:\Angular project-2\codebook\node_modules\zone.js\bundles\zone.umd.js:415:38)
    at ZoneImpl.run (C:\Angular project-2\codebook\node_modules\zone.js\bundles\zone.umd.js:147:47)
    at Object.wrappedFunc (C:\Angular project-2\codebook\node_modules\zone.js\bundles\zone-testing.umd.js:450:38)
    at Promise.then.completed (C:\Angular project-2\codebook\node_modules\jest-circus\build\utils.js:298:28)
    at new Promise (<anonymous>)
    at callAsyncCircusFn (C:\Angular project-2\codebook\node_modules\jest-circus\build\utils.js:231:10)
    at _callCircusTest (C:\Angular project-2\codebook\node_modules\jest-circus\build\run.js:316:40)
    at _runTest (C:\Angular project-2\codebook\node_modules\jest-circus\build\run.js:252:3)
    at _runTestsForDescribeBlock (C:\Angular project-2\codebook\node_modules\jest-circus\build\run.js:126:9)
    at _runTestsForDescribeBlock (C:\Angular project-2\codebook\node_modules\jest-circus\build\run.js:121:9)
    at _runTestsForDescribeBlock (C:\Angular project-2\codebook\node_modules\jest-circus\build\run.js:121:9)
    at run (C:\Angular project-2\codebook\node_modules\jest-circus\build\run.js:71:3)
    at runAndTransformResultsToJestFormat (C:\Angular project-2\codebook\node_modules\jest-circus\build\legacy-code-todo-rewrite\jestAdapterInit.js:122:21)]]></failure>
    </testCase>
    <testCase name="AddUserComponent Initial State should show error and close dialog if user not found in edit mode" duration="158"/>
    <testCase name="AddUserComponent Template Rendering should render form with all fields" duration="86"/>
    <testCase name="AddUserComponent Template Rendering should apply dark-theme class when dark mode is enabled" duration="95"/>
    <testCase name="AddUserComponent Template Rendering should display title correctly" duration="120"/>
    <testCase name="AddUserComponent Template Rendering should mark id field as readonly" duration="83"/>
    <testCase name="AddUserComponent Form Validation should mark form as invalid when required fields are empty" duration="86"/>
    <testCase name="AddUserComponent Form Validation should show error toast when submitting invalid form" duration="114"/>
    <testCase name="AddUserComponent saveUser should add new user and close dialog in add mode" duration="65"/>
    <testCase name="AddUserComponent saveUser should update user and close dialog in edit mode" duration="110"/>
    <testCase name="AddUserComponent saveUser should show error toast and not close dialog on add failure" duration="86"/>
    <testCase name="AddUserComponent saveUser should show error toast and not close dialog on update failure" duration="79"/>
    <testCase name="AddUserComponent closePopup should close the dialog" duration="62"/>
    <testCase name="AddUserComponent Dark Mode Integration should inject DarkModeService" duration="93"/>
    <testCase name="AddUserComponent Dark Mode Integration should not apply dark-theme class when dark mode is disabled" duration="75"/>
  </file>
  <file path="C:\Angular project-2\codebook\src\app\services\theme\theme.service.spec.ts">
    <testCase name="ThemeService Initialization should initialize with deep-blue theme" duration="40">
      <failure message="Error: expect(jest.fn()).toHaveBeenCalledWith(...expected)"><![CDATA[Error: expect(jest.fn()).toHaveBeenCalledWith(...expected)

Expected: "deep-blue-light-theme"

Number of calls: 0
    at C:\Angular project-2\codebook\src\app\services\theme\theme.service.spec.ts:58:43
    at _ZoneDelegate.invoke (C:\Angular project-2\codebook\node_modules\zone.js\bundles\zone.umd.js:416:32)
    at ProxyZoneSpec.Object.<anonymous>.ProxyZoneSpec.onInvoke (C:\Angular project-2\codebook\node_modules\zone.js\bundles\zone-testing.umd.js:2177:43)
    at _ZoneDelegate.invoke (C:\Angular project-2\codebook\node_modules\zone.js\bundles\zone.umd.js:415:38)
    at ZoneImpl.run (C:\Angular project-2\codebook\node_modules\zone.js\bundles\zone.umd.js:147:47)
    at Object.wrappedFunc (C:\Angular project-2\codebook\node_modules\zone.js\bundles\zone-testing.umd.js:450:38)
    at Promise.then.completed (C:\Angular project-2\codebook\node_modules\jest-circus\build\utils.js:298:28)
    at new Promise (<anonymous>)
    at callAsyncCircusFn (C:\Angular project-2\codebook\node_modules\jest-circus\build\utils.js:231:10)
    at _callCircusTest (C:\Angular project-2\codebook\node_modules\jest-circus\build\run.js:316:40)
    at processTicksAndRejections (node:internal/process/task_queues:105:5)
    at _runTest (C:\Angular project-2\codebook\node_modules\jest-circus\build\run.js:252:3)
    at _runTestsForDescribeBlock (C:\Angular project-2\codebook\node_modules\jest-circus\build\run.js:126:9)
    at _runTestsForDescribeBlock (C:\Angular project-2\codebook\node_modules\jest-circus\build\run.js:121:9)
    at _runTestsForDescribeBlock (C:\Angular project-2\codebook\node_modules\jest-circus\build\run.js:121:9)
    at run (C:\Angular project-2\codebook\node_modules\jest-circus\build\run.js:71:3)
    at runAndTransformResultsToJestFormat (C:\Angular project-2\codebook\node_modules\jest-circus\build\legacy-code-todo-rewrite\jestAdapterInit.js:122:21)]]></failure>
    </testCase>
    <testCase name="ThemeService Initialization should remove all theme classes during initialization" duration="11">
      <failure message="Error: expect(jest.fn()).toHaveBeenCalledWith(...expected)"><![CDATA[Error: expect(jest.fn()).toHaveBeenCalledWith(...expected)

Expected: "deep-blue-dark-theme", "deep-blue-light-theme", "green-dark-theme", "green-light-theme", "orange-dark-theme", "orange-light-theme", "purple-dark-theme", "purple-light-theme", "red-dark-theme", "red-light-theme"

Number of calls: 0
    at C:\Angular project-2\codebook\src\app\services\theme\theme.service.spec.ts:71:46
    at _ZoneDelegate.invoke (C:\Angular project-2\codebook\node_modules\zone.js\bundles\zone.umd.js:416:32)
    at ProxyZoneSpec.Object.<anonymous>.ProxyZoneSpec.onInvoke (C:\Angular project-2\codebook\node_modules\zone.js\bundles\zone-testing.umd.js:2177:43)
    at _ZoneDelegate.invoke (C:\Angular project-2\codebook\node_modules\zone.js\bundles\zone.umd.js:415:38)
    at ZoneImpl.run (C:\Angular project-2\codebook\node_modules\zone.js\bundles\zone.umd.js:147:47)
    at Object.wrappedFunc (C:\Angular project-2\codebook\node_modules\zone.js\bundles\zone-testing.umd.js:450:38)
    at Promise.then.completed (C:\Angular project-2\codebook\node_modules\jest-circus\build\utils.js:298:28)
    at new Promise (<anonymous>)
    at callAsyncCircusFn (C:\Angular project-2\codebook\node_modules\jest-circus\build\utils.js:231:10)
    at _callCircusTest (C:\Angular project-2\codebook\node_modules\jest-circus\build\run.js:316:40)
    at processTicksAndRejections (node:internal/process/task_queues:105:5)
    at _runTest (C:\Angular project-2\codebook\node_modules\jest-circus\build\run.js:252:3)
    at _runTestsForDescribeBlock (C:\Angular project-2\codebook\node_modules\jest-circus\build\run.js:126:9)
    at _runTestsForDescribeBlock (C:\Angular project-2\codebook\node_modules\jest-circus\build\run.js:121:9)
    at _runTestsForDescribeBlock (C:\Angular project-2\codebook\node_modules\jest-circus\build\run.js:121:9)
    at run (C:\Angular project-2\codebook\node_modules\jest-circus\build\run.js:71:3)
    at runAndTransformResultsToJestFormat (C:\Angular project-2\codebook\node_modules\jest-circus\build\legacy-code-todo-rewrite\jestAdapterInit.js:122:21)]]></failure>
    </testCase>
    <testCase name="ThemeService getThemes should return the list of themes" duration="26"/>
    <testCase name="ThemeService setTheme should set theme to green and apply light theme class when not in dark mode" duration="58"/>
    <testCase name="ThemeService setTheme should set theme to purple and apply dark theme class when in dark mode" duration="10"/>
    <testCase name="ThemeService setTheme should not change theme if themeId is invalid" duration="9">
      <failure message="Error: expect(jest.fn()).toHaveBeenCalledTimes(expected)"><![CDATA[Error: expect(jest.fn()).toHaveBeenCalledTimes(expected)

Expected number of calls: 1
Received number of calls: 0
    at C:\Angular project-2\codebook\src\app\services\theme\theme.service.spec.ts:168:43
    at _ZoneDelegate.invoke (C:\Angular project-2\codebook\node_modules\zone.js\bundles\zone.umd.js:416:32)
    at ProxyZoneSpec.Object.<anonymous>.ProxyZoneSpec.onInvoke (C:\Angular project-2\codebook\node_modules\zone.js\bundles\zone-testing.umd.js:2177:43)
    at _ZoneDelegate.invoke (C:\Angular project-2\codebook\node_modules\zone.js\bundles\zone.umd.js:415:38)
    at ZoneImpl.run (C:\Angular project-2\codebook\node_modules\zone.js\bundles\zone.umd.js:147:47)
    at Object.wrappedFunc (C:\Angular project-2\codebook\node_modules\zone.js\bundles\zone-testing.umd.js:450:38)
    at Promise.then.completed (C:\Angular project-2\codebook\node_modules\jest-circus\build\utils.js:298:28)
    at new Promise (<anonymous>)
    at callAsyncCircusFn (C:\Angular project-2\codebook\node_modules\jest-circus\build\utils.js:231:10)
    at _callCircusTest (C:\Angular project-2\codebook\node_modules\jest-circus\build\run.js:316:40)
    at processTicksAndRejections (node:internal/process/task_queues:105:5)
    at _runTest (C:\Angular project-2\codebook\node_modules\jest-circus\build\run.js:252:3)
    at _runTestsForDescribeBlock (C:\Angular project-2\codebook\node_modules\jest-circus\build\run.js:126:9)
    at _runTestsForDescribeBlock (C:\Angular project-2\codebook\node_modules\jest-circus\build\run.js:121:9)
    at _runTestsForDescribeBlock (C:\Angular project-2\codebook\node_modules\jest-circus\build\run.js:121:9)
    at run (C:\Angular project-2\codebook\node_modules\jest-circus\build\run.js:71:3)
    at runAndTransformResultsToJestFormat (C:\Angular project-2\codebook\node_modules\jest-circus\build\legacy-code-todo-rewrite\jestAdapterInit.js:122:21)]]></failure>
    </testCase>
    <testCase name="ThemeService applyCurrentTheme should apply light theme class when not in dark mode" duration="10"/>
    <testCase name="ThemeService applyCurrentTheme should apply dark theme class when in dark mode" duration="16"/>
    <testCase name="ThemeService Effect should reapply theme when dark mode changes" duration="9"/>
    <testCase name="ThemeService Effect should call applyCurrentTheme when effect is triggered" duration="9"/>
  </file>
  <file path="C:\Angular project-2\codebook\src\app\pages\business\list-businesses\list-businesses.component.spec.ts">
    <testCase name="ListBusinessesComponent should create the component" duration="709"/>
    <testCase name="ListBusinessesComponent Initial State should initialize with businesses from BusinessStore" duration="174"/>
    <testCase name="ListBusinessesComponent Desktop and Tablet View should render table layout when isDesktop is true" duration="149"/>
    <testCase name="ListBusinessesComponent Desktop and Tablet View should render table layout when isTablet is true" duration="80"/>
    <testCase name="ListBusinessesComponent Desktop and Tablet View should display business data in table rows" duration="83"/>
    <testCase name="ListBusinessesComponent Desktop and Tablet View should render delete button for each business" duration="101"/>
    <testCase name="ListBusinessesComponent Mobile View should render card layout when isMobile is true" duration="147"/>
    <testCase name="ListBusinessesComponent Mobile View should display business data in cards" duration="126">
      <failure message="Error: expect(received).toContain(expected) // indexOf"><![CDATA[Error: expect(received).toContain(expected) // indexOf

Expected substring: "Country: USA"
Received string:    "Country:USA"
    at C:\Angular project-2\codebook\src\app\pages\business\list-businesses\list-businesses.component.spec.ts:151:62
    at _ZoneDelegate.invoke (C:\Angular project-2\codebook\node_modules\zone.js\bundles\zone.umd.js:416:32)
    at ProxyZoneSpec.Object.<anonymous>.ProxyZoneSpec.onInvoke (C:\Angular project-2\codebook\node_modules\zone.js\bundles\zone-testing.umd.js:2177:43)
    at _ZoneDelegate.invoke (C:\Angular project-2\codebook\node_modules\zone.js\bundles\zone.umd.js:415:38)
    at ZoneImpl.run (C:\Angular project-2\codebook\node_modules\zone.js\bundles\zone.umd.js:147:47)
    at Object.wrappedFunc (C:\Angular project-2\codebook\node_modules\zone.js\bundles\zone-testing.umd.js:450:38)
    at Promise.then.completed (C:\Angular project-2\codebook\node_modules\jest-circus\build\utils.js:298:28)
    at new Promise (<anonymous>)
    at callAsyncCircusFn (C:\Angular project-2\codebook\node_modules\jest-circus\build\utils.js:231:10)
    at _callCircusTest (C:\Angular project-2\codebook\node_modules\jest-circus\build\run.js:316:40)
    at _runTest (C:\Angular project-2\codebook\node_modules\jest-circus\build\run.js:252:3)
    at _runTestsForDescribeBlock (C:\Angular project-2\codebook\node_modules\jest-circus\build\run.js:126:9)
    at _runTestsForDescribeBlock (C:\Angular project-2\codebook\node_modules\jest-circus\build\run.js:121:9)
    at _runTestsForDescribeBlock (C:\Angular project-2\codebook\node_modules\jest-circus\build\run.js:121:9)
    at run (C:\Angular project-2\codebook\node_modules\jest-circus\build\run.js:71:3)
    at runAndTransformResultsToJestFormat (C:\Angular project-2\codebook\node_modules\jest-circus\build\legacy-code-todo-rewrite\jestAdapterInit.js:122:21)]]></failure>
    </testCase>
    <testCase name="ListBusinessesComponent Mobile View should render delete button for each card" duration="167"/>
    <testCase name="ListBusinessesComponent deleteBusiness should call deleteBusiness on BusinessStore when confirmed" duration="86"/>
    <testCase name="ListBusinessesComponent deleteBusiness should not call deleteBusiness if confirmation is cancelled" duration="76"/>
    <testCase name="ListBusinessesComponent Dark Mode Integration should inject DarkModeService" duration="72"/>
    <testCase name="ListBusinessesComponent Dark Mode Integration should apply dark mode if enabled" duration="69">
      <failure message="Error: expect(jest.fn()).toHaveBeenCalled()"><![CDATA[Error: expect(jest.fn()).toHaveBeenCalled()

Expected number of calls: >= 1
Received number of calls:    0
    at C:\Angular project-2\codebook\src\app\pages\business\list-businesses\list-businesses.component.spec.ts:191:42
    at _ZoneDelegate.invoke (C:\Angular project-2\codebook\node_modules\zone.js\bundles\zone.umd.js:416:32)
    at ProxyZoneSpec.Object.<anonymous>.ProxyZoneSpec.onInvoke (C:\Angular project-2\codebook\node_modules\zone.js\bundles\zone-testing.umd.js:2177:43)
    at _ZoneDelegate.invoke (C:\Angular project-2\codebook\node_modules\zone.js\bundles\zone.umd.js:415:38)
    at ZoneImpl.run (C:\Angular project-2\codebook\node_modules\zone.js\bundles\zone.umd.js:147:47)
    at Object.wrappedFunc (C:\Angular project-2\codebook\node_modules\zone.js\bundles\zone-testing.umd.js:450:38)
    at Promise.then.completed (C:\Angular project-2\codebook\node_modules\jest-circus\build\utils.js:298:28)
    at new Promise (<anonymous>)
    at callAsyncCircusFn (C:\Angular project-2\codebook\node_modules\jest-circus\build\utils.js:231:10)
    at _callCircusTest (C:\Angular project-2\codebook\node_modules\jest-circus\build\run.js:316:40)
    at _runTest (C:\Angular project-2\codebook\node_modules\jest-circus\build\run.js:252:3)
    at _runTestsForDescribeBlock (C:\Angular project-2\codebook\node_modules\jest-circus\build\run.js:126:9)
    at _runTestsForDescribeBlock (C:\Angular project-2\codebook\node_modules\jest-circus\build\run.js:121:9)
    at _runTestsForDescribeBlock (C:\Angular project-2\codebook\node_modules\jest-circus\build\run.js:121:9)
    at run (C:\Angular project-2\codebook\node_modules\jest-circus\build\run.js:71:3)
    at runAndTransformResultsToJestFormat (C:\Angular project-2\codebook\node_modules\jest-circus\build\legacy-code-todo-rewrite\jestAdapterInit.js:122:21)]]></failure>
    </testCase>
    <testCase name="ListBusinessesComponent Responsive Behavior should not render table or cards when businesses is empty" duration="82"/>
    <testCase name="ListBusinessesComponent Responsive Behavior should render table when both isDesktop and isTablet are false but isMobile is false" duration="75">
      <failure message="Error: expect(received).toBeTruthy()"><![CDATA[Error: expect(received).toBeTruthy()

Received: null
    at C:\Angular project-2\codebook\src\app\pages\business\list-businesses\list-businesses.component.spec.ts:212:21
    at _ZoneDelegate.invoke (C:\Angular project-2\codebook\node_modules\zone.js\bundles\zone.umd.js:416:32)
    at ProxyZoneSpec.Object.<anonymous>.ProxyZoneSpec.onInvoke (C:\Angular project-2\codebook\node_modules\zone.js\bundles\zone-testing.umd.js:2177:43)
    at _ZoneDelegate.invoke (C:\Angular project-2\codebook\node_modules\zone.js\bundles\zone.umd.js:415:38)
    at ZoneImpl.run (C:\Angular project-2\codebook\node_modules\zone.js\bundles\zone.umd.js:147:47)
    at Object.wrappedFunc (C:\Angular project-2\codebook\node_modules\zone.js\bundles\zone-testing.umd.js:450:38)
    at Promise.then.completed (C:\Angular project-2\codebook\node_modules\jest-circus\build\utils.js:298:28)
    at new Promise (<anonymous>)
    at callAsyncCircusFn (C:\Angular project-2\codebook\node_modules\jest-circus\build\utils.js:231:10)
    at _callCircusTest (C:\Angular project-2\codebook\node_modules\jest-circus\build\run.js:316:40)
    at _runTest (C:\Angular project-2\codebook\node_modules\jest-circus\build\run.js:252:3)
    at _runTestsForDescribeBlock (C:\Angular project-2\codebook\node_modules\jest-circus\build\run.js:126:9)
    at _runTestsForDescribeBlock (C:\Angular project-2\codebook\node_modules\jest-circus\build\run.js:121:9)
    at _runTestsForDescribeBlock (C:\Angular project-2\codebook\node_modules\jest-circus\build\run.js:121:9)
    at run (C:\Angular project-2\codebook\node_modules\jest-circus\build\run.js:71:3)
    at runAndTransformResultsToJestFormat (C:\Angular project-2\codebook\node_modules\jest-circus\build\legacy-code-todo-rewrite\jestAdapterInit.js:122:21)]]></failure>
    </testCase>
  </file>
  <file path="C:\Angular project-2\codebook\src\app\user\user.component.spec.ts">
    <testCase name="UserComponent should create the component" duration="577"/>
    <testCase name="UserComponent Initial State should initialize user with default avatar and online status" duration="157"/>
    <testCase name="UserComponent Initial State should initialize avatarUpload ViewChild" duration="248"/>
    <testCase name="UserComponent Template Rendering should render user menu button with avatar when showAvatar and user.avatar are true" duration="200"/>
    <testCase name="UserComponent Template Rendering should render default SVG icon when showAvatar is false" duration="162"/>
    <testCase name="UserComponent Template Rendering should render default SVG icon when user.avatar is empty" duration="149"/>
    <testCase name="UserComponent Template Rendering should render status indicator with correct class based on user.status" duration="143"/>
    <testCase name="UserComponent Template Rendering should render user menu with all items" duration="140">
      <failure message="TypeError: Cannot read properties of null (reading &apos;nativeElement&apos;)"><![CDATA[TypeError: Cannot read properties of null (reading 'nativeElement')
    at C:\Angular project-2\codebook\src\app\user\user.component.spec.ts:103:19
    at _ZoneDelegate.invoke (C:\Angular project-2\codebook\node_modules\zone.js\bundles\zone.umd.js:416:32)
    at ProxyZoneSpec.Object.<anonymous>.ProxyZoneSpec.onInvoke (C:\Angular project-2\codebook\node_modules\zone.js\bundles\zone-testing.umd.js:2177:43)
    at _ZoneDelegate.invoke (C:\Angular project-2\codebook\node_modules\zone.js\bundles\zone.umd.js:415:38)
    at ZoneImpl.run (C:\Angular project-2\codebook\node_modules\zone.js\bundles\zone.umd.js:147:47)
    at Object.wrappedFunc (C:\Angular project-2\codebook\node_modules\zone.js\bundles\zone-testing.umd.js:450:38)
    at Promise.then.completed (C:\Angular project-2\codebook\node_modules\jest-circus\build\utils.js:298:28)
    at new Promise (<anonymous>)
    at callAsyncCircusFn (C:\Angular project-2\codebook\node_modules\jest-circus\build\utils.js:231:10)
    at _callCircusTest (C:\Angular project-2\codebook\node_modules\jest-circus\build\run.js:316:40)
    at _runTest (C:\Angular project-2\codebook\node_modules\jest-circus\build\run.js:252:3)
    at _runTestsForDescribeBlock (C:\Angular project-2\codebook\node_modules\jest-circus\build\run.js:126:9)
    at _runTestsForDescribeBlock (C:\Angular project-2\codebook\node_modules\jest-circus\build\run.js:121:9)
    at _runTestsForDescribeBlock (C:\Angular project-2\codebook\node_modules\jest-circus\build\run.js:121:9)
    at run (C:\Angular project-2\codebook\node_modules\jest-circus\build\run.js:71:3)
    at runAndTransformResultsToJestFormat (C:\Angular project-2\codebook\node_modules\jest-circus\build\legacy-code-todo-rewrite\jestAdapterInit.js:122:21)]]></failure>
    </testCase>
    <testCase name="UserComponent Template Rendering should render status sub-menu with all options" duration="115">
      <failure message="TypeError: Cannot read properties of null (reading &apos;nativeElement&apos;)"><![CDATA[TypeError: Cannot read properties of null (reading 'nativeElement')
    at C:\Angular project-2\codebook\src\app\user\user.component.spec.ts:116:19
    at _ZoneDelegate.invoke (C:\Angular project-2\codebook\node_modules\zone.js\bundles\zone.umd.js:416:32)
    at ProxyZoneSpec.Object.<anonymous>.ProxyZoneSpec.onInvoke (C:\Angular project-2\codebook\node_modules\zone.js\bundles\zone-testing.umd.js:2177:43)
    at _ZoneDelegate.invoke (C:\Angular project-2\codebook\node_modules\zone.js\bundles\zone.umd.js:415:38)
    at ZoneImpl.run (C:\Angular project-2\codebook\node_modules\zone.js\bundles\zone.umd.js:147:47)
    at Object.wrappedFunc (C:\Angular project-2\codebook\node_modules\zone.js\bundles\zone-testing.umd.js:450:38)
    at Promise.then.completed (C:\Angular project-2\codebook\node_modules\jest-circus\build\utils.js:298:28)
    at new Promise (<anonymous>)
    at callAsyncCircusFn (C:\Angular project-2\codebook\node_modules\jest-circus\build\utils.js:231:10)
    at _callCircusTest (C:\Angular project-2\codebook\node_modules\jest-circus\build\run.js:316:40)
    at _runTest (C:\Angular project-2\codebook\node_modules\jest-circus\build\run.js:252:3)
    at _runTestsForDescribeBlock (C:\Angular project-2\codebook\node_modules\jest-circus\build\run.js:126:9)
    at _runTestsForDescribeBlock (C:\Angular project-2\codebook\node_modules\jest-circus\build\run.js:121:9)
    at _runTestsForDescribeBlock (C:\Angular project-2\codebook\node_modules\jest-circus\build\run.js:121:9)
    at run (C:\Angular project-2\codebook\node_modules\jest-circus\build\run.js:71:3)
    at runAndTransformResultsToJestFormat (C:\Angular project-2\codebook\node_modules\jest-circus\build\legacy-code-todo-rewrite\jestAdapterInit.js:122:21)]]></failure>
    </testCase>
    <testCase name="UserComponent updateUserStatus should update user status correctly" duration="134"/>
    <testCase name="UserComponent updateUserStatus should reflect status change in UI" duration="94"/>
    <testCase name="UserComponent updateUserStatus should update status when status menu item is clicked" duration="119">
      <failure message="TypeError: Cannot read properties of null (reading &apos;nativeElement&apos;)"><![CDATA[TypeError: Cannot read properties of null (reading 'nativeElement')
    at C:\Angular project-2\codebook\src\app\user\user.component.spec.ts:153:19
    at _ZoneDelegate.invoke (C:\Angular project-2\codebook\node_modules\zone.js\bundles\zone.umd.js:416:32)
    at ProxyZoneSpec.Object.<anonymous>.ProxyZoneSpec.onInvoke (C:\Angular project-2\codebook\node_modules\zone.js\bundles\zone-testing.umd.js:2177:43)
    at _ZoneDelegate.invoke (C:\Angular project-2\codebook\node_modules\zone.js\bundles\zone.umd.js:415:38)
    at ZoneImpl.run (C:\Angular project-2\codebook\node_modules\zone.js\bundles\zone.umd.js:147:47)
    at Object.wrappedFunc (C:\Angular project-2\codebook\node_modules\zone.js\bundles\zone-testing.umd.js:450:38)
    at Promise.then.completed (C:\Angular project-2\codebook\node_modules\jest-circus\build\utils.js:298:28)
    at new Promise (<anonymous>)
    at callAsyncCircusFn (C:\Angular project-2\codebook\node_modules\jest-circus\build\utils.js:231:10)
    at _callCircusTest (C:\Angular project-2\codebook\node_modules\jest-circus\build\run.js:316:40)
    at _runTest (C:\Angular project-2\codebook\node_modules\jest-circus\build\run.js:252:3)
    at _runTestsForDescribeBlock (C:\Angular project-2\codebook\node_modules\jest-circus\build\run.js:126:9)
    at _runTestsForDescribeBlock (C:\Angular project-2\codebook\node_modules\jest-circus\build\run.js:121:9)
    at _runTestsForDescribeBlock (C:\Angular project-2\codebook\node_modules\jest-circus\build\run.js:121:9)
    at run (C:\Angular project-2\codebook\node_modules\jest-circus\build\run.js:71:3)
    at runAndTransformResultsToJestFormat (C:\Angular project-2\codebook\node_modules\jest-circus\build\legacy-code-todo-rewrite\jestAdapterInit.js:122:21)]]></failure>
    </testCase>
    <testCase name="UserComponent signOut should log sign out message when sign out is clicked" duration="132"/>
    <testCase name="UserComponent signOut should trigger sign out when sign out menu item is clicked" duration="107">
      <failure message="TypeError: Cannot read properties of null (reading &apos;nativeElement&apos;)"><![CDATA[TypeError: Cannot read properties of null (reading 'nativeElement')
    at C:\Angular project-2\codebook\src\app\user\user.component.spec.ts:179:19
    at _ZoneDelegate.invoke (C:\Angular project-2\codebook\node_modules\zone.js\bundles\zone.umd.js:416:32)
    at ProxyZoneSpec.Object.<anonymous>.ProxyZoneSpec.onInvoke (C:\Angular project-2\codebook\node_modules\zone.js\bundles\zone-testing.umd.js:2177:43)
    at _ZoneDelegate.invoke (C:\Angular project-2\codebook\node_modules\zone.js\bundles\zone.umd.js:415:38)
    at ZoneImpl.run (C:\Angular project-2\codebook\node_modules\zone.js\bundles\zone.umd.js:147:47)
    at Object.wrappedFunc (C:\Angular project-2\codebook\node_modules\zone.js\bundles\zone-testing.umd.js:450:38)
    at Promise.then.completed (C:\Angular project-2\codebook\node_modules\jest-circus\build\utils.js:298:28)
    at new Promise (<anonymous>)
    at callAsyncCircusFn (C:\Angular project-2\codebook\node_modules\jest-circus\build\utils.js:231:10)
    at _callCircusTest (C:\Angular project-2\codebook\node_modules\jest-circus\build\run.js:316:40)
    at _runTest (C:\Angular project-2\codebook\node_modules\jest-circus\build\run.js:252:3)
    at _runTestsForDescribeBlock (C:\Angular project-2\codebook\node_modules\jest-circus\build\run.js:126:9)
    at _runTestsForDescribeBlock (C:\Angular project-2\codebook\node_modules\jest-circus\build\run.js:121:9)
    at _runTestsForDescribeBlock (C:\Angular project-2\codebook\node_modules\jest-circus\build\run.js:121:9)
    at run (C:\Angular project-2\codebook\node_modules\jest-circus\build\run.js:71:3)
    at runAndTransformResultsToJestFormat (C:\Angular project-2\codebook\node_modules\jest-circus\build\legacy-code-todo-rewrite\jestAdapterInit.js:122:21)]]></failure>
    </testCase>
    <testCase name="UserComponent Avatar Upload Input should render hidden file input" duration="110"/>
  </file>
  <file path="C:\Angular project-2\codebook\src\app\pages\business\store\business.store.spec.ts">
    <testCase name="BusinessStore should be created" duration="35"/>
    <testCase name="BusinessStore initial state should have initial state" duration="16"/>
    <testCase name="BusinessStore loadBusinesses should load businesses from localStorage" duration="17"/>
    <testCase name="BusinessStore loadBusinesses should handle empty localStorage" duration="16"/>
    <testCase name="BusinessStore loadBusinesses should handle parsing error" duration="11"/>
    <testCase name="BusinessStore addBusiness should add a new business" duration="12"/>
    <testCase name="BusinessStore addBusiness should handle error when adding business" duration="9"/>
    <testCase name="BusinessStore updateBusiness should update an existing business" duration="25"/>
    <testCase name="BusinessStore updateBusiness should handle business not found" duration="21"/>
    <testCase name="BusinessStore updateBusiness should handle storage error" duration="19"/>
    <testCase name="BusinessStore deleteBusiness should delete a business" duration="12"/>
    <testCase name="BusinessStore deleteBusiness should handle storage error" duration="14"/>
    <testCase name="BusinessStore deleteBusiness should not fail when deleting non-existent business" duration="7"/>
    <testCase name="BusinessStore getBusiness should get a business by id" duration="18"/>
    <testCase name="BusinessStore getBusiness should return undefined for non-existent id" duration="9"/>
    <testCase name="BusinessStore getBusiness should set error if something goes wrong" duration="26"/>
    <testCase name="BusinessStore businessCount should return correct count of businesses" duration="31">
      <failure message="Error: expect(received).toBe(expected) // Object.is equality"><![CDATA[Error: expect(received).toBe(expected) // Object.is equality

Expected: 0
Received: 1
    at C:\Angular project-2\codebook\src\app\pages\business\store\business.store.spec.ts:280:37
    at _ZoneDelegate.invoke (C:\Angular project-2\codebook\node_modules\zone.js\bundles\zone.umd.js:416:32)
    at ProxyZoneSpec.Object.<anonymous>.ProxyZoneSpec.onInvoke (C:\Angular project-2\codebook\node_modules\zone.js\bundles\zone-testing.umd.js:2177:43)
    at _ZoneDelegate.invoke (C:\Angular project-2\codebook\node_modules\zone.js\bundles\zone.umd.js:415:38)
    at ZoneImpl.run (C:\Angular project-2\codebook\node_modules\zone.js\bundles\zone.umd.js:147:47)
    at Object.wrappedFunc (C:\Angular project-2\codebook\node_modules\zone.js\bundles\zone-testing.umd.js:450:38)
    at Promise.then.completed (C:\Angular project-2\codebook\node_modules\jest-circus\build\utils.js:298:28)
    at new Promise (<anonymous>)
    at callAsyncCircusFn (C:\Angular project-2\codebook\node_modules\jest-circus\build\utils.js:231:10)
    at _callCircusTest (C:\Angular project-2\codebook\node_modules\jest-circus\build\run.js:316:40)
    at processTicksAndRejections (node:internal/process/task_queues:105:5)
    at _runTest (C:\Angular project-2\codebook\node_modules\jest-circus\build\run.js:252:3)
    at _runTestsForDescribeBlock (C:\Angular project-2\codebook\node_modules\jest-circus\build\run.js:126:9)
    at _runTestsForDescribeBlock (C:\Angular project-2\codebook\node_modules\jest-circus\build\run.js:121:9)
    at _runTestsForDescribeBlock (C:\Angular project-2\codebook\node_modules\jest-circus\build\run.js:121:9)
    at run (C:\Angular project-2\codebook\node_modules\jest-circus\build\run.js:71:3)
    at runAndTransformResultsToJestFormat (C:\Angular project-2\codebook\node_modules\jest-circus\build\legacy-code-todo-rewrite\jestAdapterInit.js:122:21)]]></failure>
    </testCase>
    <testCase name="BusinessStore onInit should load businesses on initialization" duration="13">
      <failure message="Error: expect(received).toBe(expected) // Object.is equality"><![CDATA[Error: expect(received).toBe(expected) // Object.is equality

Expected: 1
Received: 0
    at C:\Angular project-2\codebook\src\app\pages\business\store\business.store.spec.ts:321:44
    at _ZoneDelegate.invoke (C:\Angular project-2\codebook\node_modules\zone.js\bundles\zone.umd.js:416:32)
    at ProxyZoneSpec.Object.<anonymous>.ProxyZoneSpec.onInvoke (C:\Angular project-2\codebook\node_modules\zone.js\bundles\zone-testing.umd.js:2177:43)
    at _ZoneDelegate.invoke (C:\Angular project-2\codebook\node_modules\zone.js\bundles\zone.umd.js:415:38)
    at ZoneImpl.run (C:\Angular project-2\codebook\node_modules\zone.js\bundles\zone.umd.js:147:47)
    at Object.wrappedFunc (C:\Angular project-2\codebook\node_modules\zone.js\bundles\zone-testing.umd.js:450:38)
    at Promise.then.completed (C:\Angular project-2\codebook\node_modules\jest-circus\build\utils.js:298:28)
    at new Promise (<anonymous>)
    at callAsyncCircusFn (C:\Angular project-2\codebook\node_modules\jest-circus\build\utils.js:231:10)
    at _callCircusTest (C:\Angular project-2\codebook\node_modules\jest-circus\build\run.js:316:40)
    at processTicksAndRejections (node:internal/process/task_queues:105:5)
    at _runTest (C:\Angular project-2\codebook\node_modules\jest-circus\build\run.js:252:3)
    at _runTestsForDescribeBlock (C:\Angular project-2\codebook\node_modules\jest-circus\build\run.js:126:9)
    at _runTestsForDescribeBlock (C:\Angular project-2\codebook\node_modules\jest-circus\build\run.js:121:9)
    at _runTestsForDescribeBlock (C:\Angular project-2\codebook\node_modules\jest-circus\build\run.js:121:9)
    at run (C:\Angular project-2\codebook\node_modules\jest-circus\build\run.js:71:3)
    at runAndTransformResultsToJestFormat (C:\Angular project-2\codebook\node_modules\jest-circus\build\legacy-code-todo-rewrite\jestAdapterInit.js:122:21)]]></failure>
    </testCase>
  </file>
  <file path="C:\Angular project-2\codebook\src\app\services\dark-mode.service.spec.ts">
    <testCase name="DarkModeService Initialization should initialize with system theme by default" duration="27"/>
    <testCase name="DarkModeService Initialization should initialize with saved theme from localStorage" duration="12">
      <failure message="Error: expect(received).toBe(expected) // Object.is equality"><![CDATA[Error: expect(received).toBe(expected) // Object.is equality

Expected: "dark"
Received: "system"
    at C:\Angular project-2\codebook\src\app\services\dark-mode.service.spec.ts:87:37
    at _ZoneDelegate.invoke (C:\Angular project-2\codebook\node_modules\zone.js\bundles\zone.umd.js:416:32)
    at ProxyZoneSpec.Object.<anonymous>.ProxyZoneSpec.onInvoke (C:\Angular project-2\codebook\node_modules\zone.js\bundles\zone-testing.umd.js:2177:43)
    at _ZoneDelegate.invoke (C:\Angular project-2\codebook\node_modules\zone.js\bundles\zone.umd.js:415:38)
    at ZoneImpl.run (C:\Angular project-2\codebook\node_modules\zone.js\bundles\zone.umd.js:147:47)
    at Object.wrappedFunc (C:\Angular project-2\codebook\node_modules\zone.js\bundles\zone-testing.umd.js:450:38)
    at Promise.then.completed (C:\Angular project-2\codebook\node_modules\jest-circus\build\utils.js:298:28)
    at new Promise (<anonymous>)
    at callAsyncCircusFn (C:\Angular project-2\codebook\node_modules\jest-circus\build\utils.js:231:10)
    at _callCircusTest (C:\Angular project-2\codebook\node_modules\jest-circus\build\run.js:316:40)
    at processTicksAndRejections (node:internal/process/task_queues:105:5)
    at _runTest (C:\Angular project-2\codebook\node_modules\jest-circus\build\run.js:252:3)
    at _runTestsForDescribeBlock (C:\Angular project-2\codebook\node_modules\jest-circus\build\run.js:126:9)
    at _runTestsForDescribeBlock (C:\Angular project-2\codebook\node_modules\jest-circus\build\run.js:121:9)
    at _runTestsForDescribeBlock (C:\Angular project-2\codebook\node_modules\jest-circus\build\run.js:121:9)
    at run (C:\Angular project-2\codebook\node_modules\jest-circus\build\run.js:71:3)
    at runAndTransformResultsToJestFormat (C:\Angular project-2\codebook\node_modules\jest-circus\build\legacy-code-todo-rewrite\jestAdapterInit.js:122:21)]]></failure>
    </testCase>
    <testCase name="DarkModeService Initialization should set up event listener for system theme changes" duration="7"/>
    <testCase name="DarkModeService selectedTheme should return the correct theme object for light theme" duration="7"/>
    <testCase name="DarkModeService selectedTheme should return the correct theme object for dark theme" duration="8"/>
    <testCase name="DarkModeService selectedTheme should return the correct theme object for system theme" duration="7"/>
    <testCase name="DarkModeService isDarkMode should return false for light theme" duration="10"/>
    <testCase name="DarkModeService isDarkMode should return true for dark theme" duration="7"/>
    <testCase name="DarkModeService isDarkMode should return system preference for system theme (dark)" duration="8">
      <failure message="Error: expect(received).toBe(expected) // Object.is equality"><![CDATA[Error: expect(received).toBe(expected) // Object.is equality

Expected: true
Received: false
    at C:\Angular project-2\codebook\src\app\services\dark-mode.service.spec.ts:134:36
    at _ZoneDelegate.invoke (C:\Angular project-2\codebook\node_modules\zone.js\bundles\zone.umd.js:416:32)
    at ProxyZoneSpec.Object.<anonymous>.ProxyZoneSpec.onInvoke (C:\Angular project-2\codebook\node_modules\zone.js\bundles\zone-testing.umd.js:2177:43)
    at _ZoneDelegate.invoke (C:\Angular project-2\codebook\node_modules\zone.js\bundles\zone.umd.js:415:38)
    at ZoneImpl.run (C:\Angular project-2\codebook\node_modules\zone.js\bundles\zone.umd.js:147:47)
    at Object.wrappedFunc (C:\Angular project-2\codebook\node_modules\zone.js\bundles\zone-testing.umd.js:450:38)
    at Promise.then.completed (C:\Angular project-2\codebook\node_modules\jest-circus\build\utils.js:298:28)
    at new Promise (<anonymous>)
    at callAsyncCircusFn (C:\Angular project-2\codebook\node_modules\jest-circus\build\utils.js:231:10)
    at _callCircusTest (C:\Angular project-2\codebook\node_modules\jest-circus\build\run.js:316:40)
    at processTicksAndRejections (node:internal/process/task_queues:105:5)
    at _runTest (C:\Angular project-2\codebook\node_modules\jest-circus\build\run.js:252:3)
    at _runTestsForDescribeBlock (C:\Angular project-2\codebook\node_modules\jest-circus\build\run.js:126:9)
    at _runTestsForDescribeBlock (C:\Angular project-2\codebook\node_modules\jest-circus\build\run.js:121:9)
    at _runTestsForDescribeBlock (C:\Angular project-2\codebook\node_modules\jest-circus\build\run.js:121:9)
    at run (C:\Angular project-2\codebook\node_modules\jest-circus\build\run.js:71:3)
    at runAndTransformResultsToJestFormat (C:\Angular project-2\codebook\node_modules\jest-circus\build\legacy-code-todo-rewrite\jestAdapterInit.js:122:21)]]></failure>
    </testCase>
    <testCase name="DarkModeService isDarkMode should return system preference for system theme (light)" duration="19"/>
    <testCase name="DarkModeService isDarkMode should handle missing window.matchMedia for system theme" duration="12"/>
    <testCase name="DarkModeService setTheme should set light theme and update DOM" duration="10"/>
    <testCase name="DarkModeService setTheme should set dark theme and update DOM" duration="10"/>
    <testCase name="DarkModeService setTheme should set system theme and update DOM based on system preference (dark)" duration="17">
      <failure message="Error: expect(jest.fn()).toHaveBeenCalledWith(...expected)"><![CDATA[Error: expect(jest.fn()).toHaveBeenCalledWith(...expected)

Expected: "dark-theme", true
Received
       1: "dark-theme", false
       2: "light-theme", true
       3: "dark-theme", false

Number of calls: 4
    at C:\Angular project-2\codebook\src\app\services\dark-mode.service.spec.ts:174:46
    at _ZoneDelegate.invoke (C:\Angular project-2\codebook\node_modules\zone.js\bundles\zone.umd.js:416:32)
    at ProxyZoneSpec.Object.<anonymous>.ProxyZoneSpec.onInvoke (C:\Angular project-2\codebook\node_modules\zone.js\bundles\zone-testing.umd.js:2177:43)
    at _ZoneDelegate.invoke (C:\Angular project-2\codebook\node_modules\zone.js\bundles\zone.umd.js:415:38)
    at ZoneImpl.run (C:\Angular project-2\codebook\node_modules\zone.js\bundles\zone.umd.js:147:47)
    at Object.wrappedFunc (C:\Angular project-2\codebook\node_modules\zone.js\bundles\zone-testing.umd.js:450:38)
    at Promise.then.completed (C:\Angular project-2\codebook\node_modules\jest-circus\build\utils.js:298:28)
    at new Promise (<anonymous>)
    at callAsyncCircusFn (C:\Angular project-2\codebook\node_modules\jest-circus\build\utils.js:231:10)
    at _callCircusTest (C:\Angular project-2\codebook\node_modules\jest-circus\build\run.js:316:40)
    at processTicksAndRejections (node:internal/process/task_queues:105:5)
    at _runTest (C:\Angular project-2\codebook\node_modules\jest-circus\build\run.js:252:3)
    at _runTestsForDescribeBlock (C:\Angular project-2\codebook\node_modules\jest-circus\build\run.js:126:9)
    at _runTestsForDescribeBlock (C:\Angular project-2\codebook\node_modules\jest-circus\build\run.js:121:9)
    at _runTestsForDescribeBlock (C:\Angular project-2\codebook\node_modules\jest-circus\build\run.js:121:9)
    at run (C:\Angular project-2\codebook\node_modules\jest-circus\build\run.js:71:3)
    at runAndTransformResultsToJestFormat (C:\Angular project-2\codebook\node_modules\jest-circus\build\legacy-code-todo-rewrite\jestAdapterInit.js:122:21)]]></failure>
    </testCase>
    <testCase name="DarkModeService setTheme should set system theme and update DOM based on system preference (light)" duration="18"/>
    <testCase name="DarkModeService getThemes should return the list of themes" duration="10"/>
    <testCase name="DarkModeService System Theme Change Listener should apply theme when system preference changes in system mode" duration="11"/>
    <testCase name="DarkModeService System Theme Change Listener should not apply theme when system preference changes in non-system mode" duration="14"/>
    <testCase name="DarkModeService applyTheme should apply dark theme classes and attributes" duration="31"/>
    <testCase name="DarkModeService applyTheme should apply light theme classes and attributes" duration="35"/>
    <testCase name="DarkModeService applyTheme should apply system theme based on dark preference" duration="23">
      <failure message="Error: expect(jest.fn()).toHaveBeenCalledWith(...expected)"><![CDATA[Error: expect(jest.fn()).toHaveBeenCalledWith(...expected)

Expected: "dark-theme", true
Received
       1: "dark-theme", false
       2: "light-theme", true
       3: "dark-theme", false

Number of calls: 4
    at C:\Angular project-2\codebook\src\app\services\dark-mode.service.spec.ts:241:46
    at _ZoneDelegate.invoke (C:\Angular project-2\codebook\node_modules\zone.js\bundles\zone.umd.js:416:32)
    at ProxyZoneSpec.Object.<anonymous>.ProxyZoneSpec.onInvoke (C:\Angular project-2\codebook\node_modules\zone.js\bundles\zone-testing.umd.js:2177:43)
    at _ZoneDelegate.invoke (C:\Angular project-2\codebook\node_modules\zone.js\bundles\zone.umd.js:415:38)
    at ZoneImpl.run (C:\Angular project-2\codebook\node_modules\zone.js\bundles\zone.umd.js:147:47)
    at Object.wrappedFunc (C:\Angular project-2\codebook\node_modules\zone.js\bundles\zone-testing.umd.js:450:38)
    at Promise.then.completed (C:\Angular project-2\codebook\node_modules\jest-circus\build\utils.js:298:28)
    at new Promise (<anonymous>)
    at callAsyncCircusFn (C:\Angular project-2\codebook\node_modules\jest-circus\build\utils.js:231:10)
    at _callCircusTest (C:\Angular project-2\codebook\node_modules\jest-circus\build\run.js:316:40)
    at processTicksAndRejections (node:internal/process/task_queues:105:5)
    at _runTest (C:\Angular project-2\codebook\node_modules\jest-circus\build\run.js:252:3)
    at _runTestsForDescribeBlock (C:\Angular project-2\codebook\node_modules\jest-circus\build\run.js:126:9)
    at _runTestsForDescribeBlock (C:\Angular project-2\codebook\node_modules\jest-circus\build\run.js:121:9)
    at _runTestsForDescribeBlock (C:\Angular project-2\codebook\node_modules\jest-circus\build\run.js:121:9)
    at run (C:\Angular project-2\codebook\node_modules\jest-circus\build\run.js:71:3)
    at runAndTransformResultsToJestFormat (C:\Angular project-2\codebook\node_modules\jest-circus\build\legacy-code-todo-rewrite\jestAdapterInit.js:122:21)]]></failure>
    </testCase>
    <testCase name="DarkModeService applyTheme should apply system theme based on light preference" duration="19"/>
  </file>
  <file path="C:\Angular project-2\codebook\src\app\services\responsive\responsive.service.spec.ts">
    <testCase name="ResponsiveService should be created" duration="40"/>
    <testCase name="ResponsiveService constructor should initialize breakpointObserver with all breakpoints" duration="9"/>
    <testCase name="ResponsiveService constructor should update breakpointState when breakpointObserver emits" duration="8"/>
    <testCase name="ResponsiveService isMobile should return true when isXSmall is true" duration="8"/>
    <testCase name="ResponsiveService isMobile should return false when isXSmall is false" duration="6"/>
    <testCase name="ResponsiveService isTablet should return true when isSmall is true" duration="7"/>
    <testCase name="ResponsiveService isTablet should return true when isMedium is true" duration="7"/>
    <testCase name="ResponsiveService isTablet should return false when neither isSmall nor isMedium is true" duration="7"/>
    <testCase name="ResponsiveService isDesktop should return true when isLarge is true" duration="7"/>
    <testCase name="ResponsiveService isDesktop should return true when isXLarge is true" duration="7"/>
    <testCase name="ResponsiveService isDesktop should return false when neither isLarge nor isXLarge is true" duration="9"/>
    <testCase name="ResponsiveService currentBreakpoint should return &quot;xsmall&quot; when isXSmall is true" duration="6"/>
    <testCase name="ResponsiveService currentBreakpoint should return &quot;small&quot; when isSmall is true" duration="7"/>
    <testCase name="ResponsiveService currentBreakpoint should return &quot;medium&quot; when isMedium is true" duration="6"/>
    <testCase name="ResponsiveService currentBreakpoint should return &quot;large&quot; when isLarge is true" duration="9"/>
    <testCase name="ResponsiveService currentBreakpoint should return &quot;xlarge&quot; when isXLarge is true or no other breakpoint is active" duration="17"/>
  </file>
  <file path="C:\Angular project-2\codebook\src\app\pages\business\business.component.spec.ts">
    <testCase name="BusinessComponent should create the component" duration="1289"/>
    <testCase name="BusinessComponent Initial State should initialize business signal with empty values" duration="269"/>
    <testCase name="BusinessComponent Initial State should initialize categories and subCategories" duration="202"/>
    <testCase name="BusinessComponent Initial State should initialize isPublished as false" duration="196"/>
    <testCase name="BusinessComponent Initial State should initialize isEditing with all steps as false" duration="240"/>
    <testCase name="BusinessComponent Template Rendering should render the header with title and Create New Business button" duration="247"/>
    <testCase name="BusinessComponent Template Rendering should render the stepper with three steps" duration="281">
      <failure message="Error: expect(received).toBe(expected) // Object.is equality"><![CDATA[Error: expect(received).toBe(expected) // Object.is equality

Expected: 3
Received: 0
    at C:\Angular project-2\codebook\src\app\pages\business\business.component.spec.ts:116:28
    at _ZoneDelegate.invoke (C:\Angular project-2\codebook\node_modules\zone.js\bundles\zone.umd.js:416:32)
    at ProxyZoneSpec.Object.<anonymous>.ProxyZoneSpec.onInvoke (C:\Angular project-2\codebook\node_modules\zone.js\bundles\zone-testing.umd.js:2177:43)
    at _ZoneDelegate.invoke (C:\Angular project-2\codebook\node_modules\zone.js\bundles\zone.umd.js:415:38)
    at ZoneImpl.run (C:\Angular project-2\codebook\node_modules\zone.js\bundles\zone.umd.js:147:47)
    at Object.wrappedFunc (C:\Angular project-2\codebook\node_modules\zone.js\bundles\zone-testing.umd.js:450:38)
    at Promise.then.completed (C:\Angular project-2\codebook\node_modules\jest-circus\build\utils.js:298:28)
    at new Promise (<anonymous>)
    at callAsyncCircusFn (C:\Angular project-2\codebook\node_modules\jest-circus\build\utils.js:231:10)
    at _callCircusTest (C:\Angular project-2\codebook\node_modules\jest-circus\build\run.js:316:40)
    at _runTest (C:\Angular project-2\codebook\node_modules\jest-circus\build\run.js:252:3)
    at _runTestsForDescribeBlock (C:\Angular project-2\codebook\node_modules\jest-circus\build\run.js:126:9)
    at _runTestsForDescribeBlock (C:\Angular project-2\codebook\node_modules\jest-circus\build\run.js:121:9)
    at _runTestsForDescribeBlock (C:\Angular project-2\codebook\node_modules\jest-circus\build\run.js:121:9)
    at run (C:\Angular project-2\codebook\node_modules\jest-circus\build\run.js:71:3)
    at runAndTransformResultsToJestFormat (C:\Angular project-2\codebook\node_modules\jest-circus\build\legacy-code-todo-rewrite\jestAdapterInit.js:122:21)]]></failure>
    </testCase>
    <testCase name="BusinessComponent Template Rendering should render step 1 form when not published" duration="241"/>
    <testCase name="BusinessComponent Template Rendering should render published view when isPublished is true" duration="308">
      <failure message="Error: expect(received).toContain(expected) // indexOf"><![CDATA[Error: expect(received).toContain(expected) // indexOf

Expected substring: "Test Business"
Received string:    "Name:"
    at C:\Angular project-2\codebook\src\app\pages\business\business.component.spec.ts:142:63
    at _ZoneDelegate.invoke (C:\Angular project-2\codebook\node_modules\zone.js\bundles\zone.umd.js:416:32)
    at ProxyZoneSpec.Object.<anonymous>.ProxyZoneSpec.onInvoke (C:\Angular project-2\codebook\node_modules\zone.js\bundles\zone-testing.umd.js:2177:43)
    at _ZoneDelegate.invoke (C:\Angular project-2\codebook\node_modules\zone.js\bundles\zone.umd.js:415:38)
    at ZoneImpl.run (C:\Angular project-2\codebook\node_modules\zone.js\bundles\zone.umd.js:147:47)
    at Object.wrappedFunc (C:\Angular project-2\codebook\node_modules\zone.js\bundles\zone-testing.umd.js:450:38)
    at Promise.then.completed (C:\Angular project-2\codebook\node_modules\jest-circus\build\utils.js:298:28)
    at new Promise (<anonymous>)
    at callAsyncCircusFn (C:\Angular project-2\codebook\node_modules\jest-circus\build\utils.js:231:10)
    at _callCircusTest (C:\Angular project-2\codebook\node_modules\jest-circus\build\run.js:316:40)
    at _runTest (C:\Angular project-2\codebook\node_modules\jest-circus\build\run.js:252:3)
    at _runTestsForDescribeBlock (C:\Angular project-2\codebook\node_modules\jest-circus\build\run.js:126:9)
    at _runTestsForDescribeBlock (C:\Angular project-2\codebook\node_modules\jest-circus\build\run.js:121:9)
    at _runTestsForDescribeBlock (C:\Angular project-2\codebook\node_modules\jest-circus\build\run.js:121:9)
    at run (C:\Angular project-2\codebook\node_modules\jest-circus\build\run.js:71:3)
    at runAndTransformResultsToJestFormat (C:\Angular project-2\codebook\node_modules\jest-circus\build\legacy-code-todo-rewrite\jestAdapterInit.js:122:21)]]></failure>
    </testCase>
    <testCase name="BusinessComponent Template Rendering should show success message when published" duration="250"/>
    <testCase name="BusinessComponent Form Validation should validate step 1 as invalid when name or country is empty" duration="220"/>
    <testCase name="BusinessComponent Form Validation should validate step 2 as invalid when category or subCategory is empty" duration="197"/>
    <testCase name="BusinessComponent Form Validation should validate step 3 as invalid when phone is empty" duration="212"/>
    <testCase name="BusinessComponent Form Validation should show validation errors for step 1 when fields are touched and invalid" duration="284"/>
    <testCase name="BusinessComponent Stepper Navigation should disable Next button in step 1 when form is invalid" duration="162">
      <failure message="Error: expect(received).toBe(expected) // Object.is equality"><![CDATA[Error: expect(received).toBe(expected) // Object.is equality

Expected: true
Received: false
    at C:\Angular project-2\codebook\src\app\pages\business\business.component.spec.ts:195:35
    at _ZoneDelegate.invoke (C:\Angular project-2\codebook\node_modules\zone.js\bundles\zone.umd.js:416:32)
    at ProxyZoneSpec.Object.<anonymous>.ProxyZoneSpec.onInvoke (C:\Angular project-2\codebook\node_modules\zone.js\bundles\zone-testing.umd.js:2177:43)
    at _ZoneDelegate.invoke (C:\Angular project-2\codebook\node_modules\zone.js\bundles\zone.umd.js:415:38)
    at ZoneImpl.run (C:\Angular project-2\codebook\node_modules\zone.js\bundles\zone.umd.js:147:47)
    at Object.wrappedFunc (C:\Angular project-2\codebook\node_modules\zone.js\bundles\zone-testing.umd.js:450:38)
    at Promise.then.completed (C:\Angular project-2\codebook\node_modules\jest-circus\build\utils.js:298:28)
    at new Promise (<anonymous>)
    at callAsyncCircusFn (C:\Angular project-2\codebook\node_modules\jest-circus\build\utils.js:231:10)
    at _callCircusTest (C:\Angular project-2\codebook\node_modules\jest-circus\build\run.js:316:40)
    at _runTest (C:\Angular project-2\codebook\node_modules\jest-circus\build\run.js:252:3)
    at _runTestsForDescribeBlock (C:\Angular project-2\codebook\node_modules\jest-circus\build\run.js:126:9)
    at _runTestsForDescribeBlock (C:\Angular project-2\codebook\node_modules\jest-circus\build\run.js:121:9)
    at _runTestsForDescribeBlock (C:\Angular project-2\codebook\node_modules\jest-circus\build\run.js:121:9)
    at run (C:\Angular project-2\codebook\node_modules\jest-circus\build\run.js:71:3)
    at runAndTransformResultsToJestFormat (C:\Angular project-2\codebook\node_modules\jest-circus\build\legacy-code-todo-rewrite\jestAdapterInit.js:122:21)]]></failure>
    </testCase>
    <testCase name="BusinessComponent Stepper Navigation should enable Next button in step 1 when form is valid" duration="178">
      <failure message="Error: expect(received).toBe(expected) // Object.is equality"><![CDATA[Error: expect(received).toBe(expected) // Object.is equality

Expected: false
Received: true
    at C:\Angular project-2\codebook\src\app\pages\business\business.component.spec.ts:206:35
    at _ZoneDelegate.invoke (C:\Angular project-2\codebook\node_modules\zone.js\bundles\zone.umd.js:416:32)
    at ProxyZoneSpec.Object.<anonymous>.ProxyZoneSpec.onInvoke (C:\Angular project-2\codebook\node_modules\zone.js\bundles\zone-testing.umd.js:2177:43)
    at _ZoneDelegate.invoke (C:\Angular project-2\codebook\node_modules\zone.js\bundles\zone.umd.js:415:38)
    at ZoneImpl.run (C:\Angular project-2\codebook\node_modules\zone.js\bundles\zone.umd.js:147:47)
    at Object.wrappedFunc (C:\Angular project-2\codebook\node_modules\zone.js\bundles\zone-testing.umd.js:450:38)
    at Promise.then.completed (C:\Angular project-2\codebook\node_modules\jest-circus\build\utils.js:298:28)
    at new Promise (<anonymous>)
    at callAsyncCircusFn (C:\Angular project-2\codebook\node_modules\jest-circus\build\utils.js:231:10)
    at _callCircusTest (C:\Angular project-2\codebook\node_modules\jest-circus\build\run.js:316:40)
    at _runTest (C:\Angular project-2\codebook\node_modules\jest-circus\build\run.js:252:3)
    at _runTestsForDescribeBlock (C:\Angular project-2\codebook\node_modules\jest-circus\build\run.js:126:9)
    at _runTestsForDescribeBlock (C:\Angular project-2\codebook\node_modules\jest-circus\build\run.js:121:9)
    at _runTestsForDescribeBlock (C:\Angular project-2\codebook\node_modules\jest-circus\build\run.js:121:9)
    at run (C:\Angular project-2\codebook\node_modules\jest-circus\build\run.js:71:3)
    at runAndTransformResultsToJestFormat (C:\Angular project-2\codebook\node_modules\jest-circus\build\legacy-code-todo-rewrite\jestAdapterInit.js:122:21)]]></failure>
    </testCase>
    <testCase name="BusinessComponent Stepper Navigation should navigate to step 2 when Next is clicked" duration="261">
      <failure message="Error: expect(received).toBeTruthy()"><![CDATA[Error: expect(received).toBeTruthy()

Received: null
    at C:\Angular project-2\codebook\src\app\pages\business\business.component.spec.ts:221:52
    at _ZoneDelegate.invoke (C:\Angular project-2\codebook\node_modules\zone.js\bundles\zone.umd.js:416:32)
    at ProxyZoneSpec.Object.<anonymous>.ProxyZoneSpec.onInvoke (C:\Angular project-2\codebook\node_modules\zone.js\bundles\zone-testing.umd.js:2177:43)
    at _ZoneDelegate.invoke (C:\Angular project-2\codebook\node_modules\zone.js\bundles\zone.umd.js:415:38)
    at ZoneImpl.run (C:\Angular project-2\codebook\node_modules\zone.js\bundles\zone.umd.js:147:47)
    at Object.wrappedFunc (C:\Angular project-2\codebook\node_modules\zone.js\bundles\zone-testing.umd.js:450:38)
    at Promise.then.completed (C:\Angular project-2\codebook\node_modules\jest-circus\build\utils.js:298:28)
    at new Promise (<anonymous>)
    at callAsyncCircusFn (C:\Angular project-2\codebook\node_modules\jest-circus\build\utils.js:231:10)
    at _callCircusTest (C:\Angular project-2\codebook\node_modules\jest-circus\build\run.js:316:40)
    at _runTest (C:\Angular project-2\codebook\node_modules\jest-circus\build\run.js:252:3)
    at _runTestsForDescribeBlock (C:\Angular project-2\codebook\node_modules\jest-circus\build\run.js:126:9)
    at _runTestsForDescribeBlock (C:\Angular project-2\codebook\node_modules\jest-circus\build\run.js:121:9)
    at _runTestsForDescribeBlock (C:\Angular project-2\codebook\node_modules\jest-circus\build\run.js:121:9)
    at run (C:\Angular project-2\codebook\node_modules\jest-circus\build\run.js:71:3)
    at runAndTransformResultsToJestFormat (C:\Angular project-2\codebook\node_modules\jest-circus\build\legacy-code-todo-rewrite\jestAdapterInit.js:122:21)]]></failure>
    </testCase>
    <testCase name="BusinessComponent Stepper Navigation should navigate back to step 1 from step 2" duration="279">
      <failure message="TypeError: Cannot read properties of null (reading &apos;click&apos;)"><![CDATA[TypeError: Cannot read properties of null (reading 'click')
    at C:\Angular project-2\codebook\src\app\pages\business\business.component.spec.ts:233:72
    at _ZoneDelegate.invoke (C:\Angular project-2\codebook\node_modules\zone.js\bundles\zone.umd.js:416:32)
    at ProxyZoneSpec.Object.<anonymous>.ProxyZoneSpec.onInvoke (C:\Angular project-2\codebook\node_modules\zone.js\bundles\zone-testing.umd.js:2177:43)
    at _ZoneDelegate.invoke (C:\Angular project-2\codebook\node_modules\zone.js\bundles\zone.umd.js:415:38)
    at ZoneImpl.run (C:\Angular project-2\codebook\node_modules\zone.js\bundles\zone.umd.js:147:47)
    at Object.wrappedFunc (C:\Angular project-2\codebook\node_modules\zone.js\bundles\zone-testing.umd.js:450:38)
    at Promise.then.completed (C:\Angular project-2\codebook\node_modules\jest-circus\build\utils.js:298:28)
    at new Promise (<anonymous>)
    at callAsyncCircusFn (C:\Angular project-2\codebook\node_modules\jest-circus\build\utils.js:231:10)
    at _callCircusTest (C:\Angular project-2\codebook\node_modules\jest-circus\build\run.js:316:40)
    at _runTest (C:\Angular project-2\codebook\node_modules\jest-circus\build\run.js:252:3)
    at _runTestsForDescribeBlock (C:\Angular project-2\codebook\node_modules\jest-circus\build\run.js:126:9)
    at _runTestsForDescribeBlock (C:\Angular project-2\codebook\node_modules\jest-circus\build\run.js:121:9)
    at _runTestsForDescribeBlock (C:\Angular project-2\codebook\node_modules\jest-circus\build\run.js:121:9)
    at run (C:\Angular project-2\codebook\node_modules\jest-circus\build\run.js:71:3)
    at runAndTransformResultsToJestFormat (C:\Angular project-2\codebook\node_modules\jest-circus\build\legacy-code-todo-rewrite\jestAdapterInit.js:122:21)]]></failure>
    </testCase>
    <testCase name="BusinessComponent Publishing Business should call addBusiness and set isPublished to true on publish" duration="166"/>
    <testCase name="BusinessComponent Publishing Business should not publish if confirm is cancelled" duration="184"/>
    <testCase name="BusinessComponent Editing Business should toggle edit mode for step 1" duration="170"/>
    <testCase name="BusinessComponent Editing Business should render edit form for step 1" duration="263"/>
    <testCase name="BusinessComponent Editing Business should call updateBusiness on save" duration="172"/>
    <testCase name="BusinessComponent Editing Business should cancel edit mode without saving" duration="156">
      <failure message="Error: expect(received).toEqual(expected) // deep equality"><![CDATA[Error: expect(received).toEqual(expected) // deep equality

- Expected  - 1
+ Received  + 1

  Object {
    "category": "Retail",
    "country": "USA",
    "id": "123",
-   "name": "Test Business",
+   "name": "Updated Business",
    "phone": "1234567890",
    "subCategory": "Clothing",
  }
    at C:\Angular project-2\codebook\src\app\pages\business\business.component.spec.ts:316:36
    at _ZoneDelegate.invoke (C:\Angular project-2\codebook\node_modules\zone.js\bundles\zone.umd.js:416:32)
    at ProxyZoneSpec.Object.<anonymous>.ProxyZoneSpec.onInvoke (C:\Angular project-2\codebook\node_modules\zone.js\bundles\zone-testing.umd.js:2177:43)
    at _ZoneDelegate.invoke (C:\Angular project-2\codebook\node_modules\zone.js\bundles\zone.umd.js:415:38)
    at ZoneImpl.run (C:\Angular project-2\codebook\node_modules\zone.js\bundles\zone.umd.js:147:47)
    at Object.wrappedFunc (C:\Angular project-2\codebook\node_modules\zone.js\bundles\zone-testing.umd.js:450:38)
    at Promise.then.completed (C:\Angular project-2\codebook\node_modules\jest-circus\build\utils.js:298:28)
    at new Promise (<anonymous>)
    at callAsyncCircusFn (C:\Angular project-2\codebook\node_modules\jest-circus\build\utils.js:231:10)
    at _callCircusTest (C:\Angular project-2\codebook\node_modules\jest-circus\build\run.js:316:40)
    at _runTest (C:\Angular project-2\codebook\node_modules\jest-circus\build\run.js:252:3)
    at _runTestsForDescribeBlock (C:\Angular project-2\codebook\node_modules\jest-circus\build\run.js:126:9)
    at _runTestsForDescribeBlock (C:\Angular project-2\codebook\node_modules\jest-circus\build\run.js:121:9)
    at _runTestsForDescribeBlock (C:\Angular project-2\codebook\node_modules\jest-circus\build\run.js:121:9)
    at run (C:\Angular project-2\codebook\node_modules\jest-circus\build\run.js:71:3)
    at runAndTransformResultsToJestFormat (C:\Angular project-2\codebook\node_modules\jest-circus\build\legacy-code-todo-rewrite\jestAdapterInit.js:122:21)]]></failure>
    </testCase>
    <testCase name="BusinessComponent Reset Form should reset the form and signals" duration="101"/>
    <testCase name="BusinessComponent Responsive Behavior should set stepper orientation to vertical on mobile" duration="172">
      <failure message="Error: expect(received).toBe(expected) // Object.is equality"><![CDATA[Error: expect(received).toBe(expected) // Object.is equality

Expected: "vertical"
Received: null
    at C:\Angular project-2\codebook\src\app\pages\business\business.component.spec.ts:353:51
    at _ZoneDelegate.invoke (C:\Angular project-2\codebook\node_modules\zone.js\bundles\zone.umd.js:416:32)
    at ProxyZoneSpec.Object.<anonymous>.ProxyZoneSpec.onInvoke (C:\Angular project-2\codebook\node_modules\zone.js\bundles\zone-testing.umd.js:2177:43)
    at _ZoneDelegate.invoke (C:\Angular project-2\codebook\node_modules\zone.js\bundles\zone.umd.js:415:38)
    at ZoneImpl.run (C:\Angular project-2\codebook\node_modules\zone.js\bundles\zone.umd.js:147:47)
    at Object.wrappedFunc (C:\Angular project-2\codebook\node_modules\zone.js\bundles\zone-testing.umd.js:450:38)
    at Promise.then.completed (C:\Angular project-2\codebook\node_modules\jest-circus\build\utils.js:298:28)
    at new Promise (<anonymous>)
    at callAsyncCircusFn (C:\Angular project-2\codebook\node_modules\jest-circus\build\utils.js:231:10)
    at _callCircusTest (C:\Angular project-2\codebook\node_modules\jest-circus\build\run.js:316:40)
    at _runTest (C:\Angular project-2\codebook\node_modules\jest-circus\build\run.js:252:3)
    at _runTestsForDescribeBlock (C:\Angular project-2\codebook\node_modules\jest-circus\build\run.js:126:9)
    at _runTestsForDescribeBlock (C:\Angular project-2\codebook\node_modules\jest-circus\build\run.js:121:9)
    at _runTestsForDescribeBlock (C:\Angular project-2\codebook\node_modules\jest-circus\build\run.js:121:9)
    at run (C:\Angular project-2\codebook\node_modules\jest-circus\build\run.js:71:3)
    at runAndTransformResultsToJestFormat (C:\Angular project-2\codebook\node_modules\jest-circus\build\legacy-code-todo-rewrite\jestAdapterInit.js:122:21)]]></failure>
    </testCase>
    <testCase name="BusinessComponent Responsive Behavior should set stepper orientation to horizontal on desktop" duration="108">
      <failure message="Error: expect(received).toBe(expected) // Object.is equality"><![CDATA[Error: expect(received).toBe(expected) // Object.is equality

Expected: "horizontal"
Received: null
    at C:\Angular project-2\codebook\src\app\pages\business\business.component.spec.ts:360:51
    at _ZoneDelegate.invoke (C:\Angular project-2\codebook\node_modules\zone.js\bundles\zone.umd.js:416:32)
    at ProxyZoneSpec.Object.<anonymous>.ProxyZoneSpec.onInvoke (C:\Angular project-2\codebook\node_modules\zone.js\bundles\zone-testing.umd.js:2177:43)
    at _ZoneDelegate.invoke (C:\Angular project-2\codebook\node_modules\zone.js\bundles\zone.umd.js:415:38)
    at ZoneImpl.run (C:\Angular project-2\codebook\node_modules\zone.js\bundles\zone.umd.js:147:47)
    at Object.wrappedFunc (C:\Angular project-2\codebook\node_modules\zone.js\bundles\zone-testing.umd.js:450:38)
    at Promise.then.completed (C:\Angular project-2\codebook\node_modules\jest-circus\build\utils.js:298:28)
    at new Promise (<anonymous>)
    at callAsyncCircusFn (C:\Angular project-2\codebook\node_modules\jest-circus\build\utils.js:231:10)
    at _callCircusTest (C:\Angular project-2\codebook\node_modules\jest-circus\build\run.js:316:40)
    at _runTest (C:\Angular project-2\codebook\node_modules\jest-circus\build\run.js:252:3)
    at _runTestsForDescribeBlock (C:\Angular project-2\codebook\node_modules\jest-circus\build\run.js:126:9)
    at _runTestsForDescribeBlock (C:\Angular project-2\codebook\node_modules\jest-circus\build\run.js:121:9)
    at _runTestsForDescribeBlock (C:\Angular project-2\codebook\node_modules\jest-circus\build\run.js:121:9)
    at run (C:\Angular project-2\codebook\node_modules\jest-circus\build\run.js:71:3)
    at runAndTransformResultsToJestFormat (C:\Angular project-2\codebook\node_modules\jest-circus\build\legacy-code-todo-rewrite\jestAdapterInit.js:122:21)]]></failure>
    </testCase>
    <testCase name="BusinessComponent Dark Mode should apply dark-theme class when dark mode is enabled" duration="110"/>
    <testCase name="BusinessComponent Dark Mode should not apply dark-theme class when dark mode is disabled" duration="108"/>
  </file>
  <file path="C:\Angular project-2\codebook\src\app\pages\users\users.component.spec.ts">
    <testCase name="UsersComponent Initialization should create the component" duration="1315"/>
    <testCase name="UsersComponent Initialization should initialize properties" duration="201"/>
    <testCase name="UsersComponent Initialization should call loadUsers and set filterPredicate on ngOnInit" duration="234"/>
    <testCase name="UsersComponent Initialization should set dataSource.data, paginator, and call detectChanges when users change" duration="974">
      <failure message="TypeError: Cannot read private member #channel from an object whose class did not declare it"><![CDATA[TypeError: Cannot read private member #channel from an object whose class did not declare it
    at C:\Angular project-2\codebook\src\app\pages\users\users.component.spec.ts:140:46
    at _ZoneDelegate.invoke (C:\Angular project-2\codebook\node_modules\zone.js\bundles\zone.umd.js:416:32)
    at ProxyZoneSpec.Object.<anonymous>.ProxyZoneSpec.onInvoke (C:\Angular project-2\codebook\node_modules\zone.js\bundles\zone-testing.umd.js:2177:43)
    at _ZoneDelegate.invoke (C:\Angular project-2\codebook\node_modules\zone.js\bundles\zone.umd.js:415:38)
    at ZoneImpl.run (C:\Angular project-2\codebook\node_modules\zone.js\bundles\zone.umd.js:147:47)
    at Object.wrappedFunc (C:\Angular project-2\codebook\node_modules\zone.js\bundles\zone-testing.umd.js:450:38)
    at Promise.then.completed (C:\Angular project-2\codebook\node_modules\jest-circus\build\utils.js:298:28)
    at new Promise (<anonymous>)
    at callAsyncCircusFn (C:\Angular project-2\codebook\node_modules\jest-circus\build\utils.js:231:10)
    at _callCircusTest (C:\Angular project-2\codebook\node_modules\jest-circus\build\run.js:316:40)
    at processTicksAndRejections (node:internal/process/task_queues:105:5)
    at _runTest (C:\Angular project-2\codebook\node_modules\jest-circus\build\run.js:252:3)
    at _runTestsForDescribeBlock (C:\Angular project-2\codebook\node_modules\jest-circus\build\run.js:126:9)
    at _runTestsForDescribeBlock (C:\Angular project-2\codebook\node_modules\jest-circus\build\run.js:121:9)
    at _runTestsForDescribeBlock (C:\Angular project-2\codebook\node_modules\jest-circus\build\run.js:121:9)
    at run (C:\Angular project-2\codebook\node_modules\jest-circus\build\run.js:71:3)
    at runAndTransformResultsToJestFormat (C:\Angular project-2\codebook\node_modules\jest-circus\build\legacy-code-todo-rewrite\jestAdapterInit.js:122:21)]]></failure>
    </testCase>
    <testCase name="UsersComponent Initialization should show error toast and log error when store has error" duration="421">
      <failure message="Error: expect(jest.fn()).toHaveBeenCalled()"><![CDATA[Error: expect(jest.fn()).toHaveBeenCalled()

Expected number of calls: >= 1
Received number of calls:    0
    at C:\Angular project-2\codebook\src\app\pages\users\users.component.spec.ts:151:37
    at _ZoneDelegate.invoke (C:\Angular project-2\codebook\node_modules\zone.js\bundles\zone.umd.js:416:32)
    at ProxyZoneSpec.Object.<anonymous>.ProxyZoneSpec.onInvoke (C:\Angular project-2\codebook\node_modules\zone.js\bundles\zone-testing.umd.js:2177:43)
    at _ZoneDelegate.invoke (C:\Angular project-2\codebook\node_modules\zone.js\bundles\zone.umd.js:415:38)
    at ZoneImpl.run (C:\Angular project-2\codebook\node_modules\zone.js\bundles\zone.umd.js:147:47)
    at Object.wrappedFunc (C:\Angular project-2\codebook\node_modules\zone.js\bundles\zone-testing.umd.js:450:38)
    at Promise.then.completed (C:\Angular project-2\codebook\node_modules\jest-circus\build\utils.js:298:28)
    at new Promise (<anonymous>)
    at callAsyncCircusFn (C:\Angular project-2\codebook\node_modules\jest-circus\build\utils.js:231:10)
    at _callCircusTest (C:\Angular project-2\codebook\node_modules\jest-circus\build\run.js:316:40)
    at processTicksAndRejections (node:internal/process/task_queues:105:5)
    at _runTest (C:\Angular project-2\codebook\node_modules\jest-circus\build\run.js:252:3)
    at _runTestsForDescribeBlock (C:\Angular project-2\codebook\node_modules\jest-circus\build\run.js:126:9)
    at _runTestsForDescribeBlock (C:\Angular project-2\codebook\node_modules\jest-circus\build\run.js:121:9)
    at _runTestsForDescribeBlock (C:\Angular project-2\codebook\node_modules\jest-circus\build\run.js:121:9)
    at run (C:\Angular project-2\codebook\node_modules\jest-circus\build\run.js:71:3)
    at runAndTransformResultsToJestFormat (C:\Angular project-2\codebook\node_modules\jest-circus\build\legacy-code-todo-rewrite\jestAdapterInit.js:122:21)]]></failure>
    </testCase>
    <testCase name="UsersComponent Initialization should log warning if paginator is not initialized" duration="436">
      <failure message="Error: expect(jest.fn()).toHaveBeenCalled()"><![CDATA[Error: expect(jest.fn()).toHaveBeenCalled()

Expected number of calls: >= 1
Received number of calls:    0
    at C:\Angular project-2\codebook\src\app\pages\users\users.component.spec.ts:160:37
    at _ZoneDelegate.invoke (C:\Angular project-2\codebook\node_modules\zone.js\bundles\zone.umd.js:416:32)
    at ProxyZoneSpec.Object.<anonymous>.ProxyZoneSpec.onInvoke (C:\Angular project-2\codebook\node_modules\zone.js\bundles\zone-testing.umd.js:2177:43)
    at _ZoneDelegate.invoke (C:\Angular project-2\codebook\node_modules\zone.js\bundles\zone.umd.js:415:38)
    at ZoneImpl.run (C:\Angular project-2\codebook\node_modules\zone.js\bundles\zone.umd.js:147:47)
    at Object.wrappedFunc (C:\Angular project-2\codebook\node_modules\zone.js\bundles\zone-testing.umd.js:450:38)
    at Promise.then.completed (C:\Angular project-2\codebook\node_modules\jest-circus\build\utils.js:298:28)
    at new Promise (<anonymous>)
    at callAsyncCircusFn (C:\Angular project-2\codebook\node_modules\jest-circus\build\utils.js:231:10)
    at _callCircusTest (C:\Angular project-2\codebook\node_modules\jest-circus\build\run.js:316:40)
    at processTicksAndRejections (node:internal/process/task_queues:105:5)
    at _runTest (C:\Angular project-2\codebook\node_modules\jest-circus\build\run.js:252:3)
    at _runTestsForDescribeBlock (C:\Angular project-2\codebook\node_modules\jest-circus\build\run.js:126:9)
    at _runTestsForDescribeBlock (C:\Angular project-2\codebook\node_modules\jest-circus\build\run.js:121:9)
    at _runTestsForDescribeBlock (C:\Angular project-2\codebook\node_modules\jest-circus\build\run.js:121:9)
    at run (C:\Angular project-2\codebook\node_modules\jest-circus\build\run.js:71:3)
    at runAndTransformResultsToJestFormat (C:\Angular project-2\codebook\node_modules\jest-circus\build\legacy-code-todo-rewrite\jestAdapterInit.js:122:21)]]></failure>
    </testCase>
    <testCase name="UsersComponent User Actions should open dialog for adding user" duration="232">
      <failure message="TypeError: Cannot read properties of undefined (reading &apos;push&apos;)"><![CDATA[TypeError: Cannot read properties of undefined (reading 'push')
    at _MatDialog.open (C:\Angular project-2\codebook\node_modules\@angular\material\fesm2022\module-c1a8b4bb.mjs:638:26)
    at UsersComponent.open [as openPopup] (C:\Angular project-2\codebook\src\app\pages\users\users.component.ts:92:17)
    at UsersComponent.openPopup [as addUser] (C:\Angular project-2\codebook\src\app\pages\users\users.component.ts:80:10)
    at C:\Angular project-2\codebook\src\app\pages\users\users.component.spec.ts:167:17
    at _ZoneDelegate.invoke (C:\Angular project-2\codebook\node_modules\zone.js\bundles\zone.umd.js:416:32)
    at ProxyZoneSpec.Object.<anonymous>.ProxyZoneSpec.onInvoke (C:\Angular project-2\codebook\node_modules\zone.js\bundles\zone-testing.umd.js:2177:43)
    at _ZoneDelegate.invoke (C:\Angular project-2\codebook\node_modules\zone.js\bundles\zone.umd.js:415:38)
    at ZoneImpl.run (C:\Angular project-2\codebook\node_modules\zone.js\bundles\zone.umd.js:147:47)
    at Object.wrappedFunc (C:\Angular project-2\codebook\node_modules\zone.js\bundles\zone-testing.umd.js:450:38)
    at Promise.then.completed (C:\Angular project-2\codebook\node_modules\jest-circus\build\utils.js:298:28)
    at new Promise (<anonymous>)
    at callAsyncCircusFn (C:\Angular project-2\codebook\node_modules\jest-circus\build\utils.js:231:10)
    at _callCircusTest (C:\Angular project-2\codebook\node_modules\jest-circus\build\run.js:316:40)
    at processTicksAndRejections (node:internal/process/task_queues:105:5)
    at _runTest (C:\Angular project-2\codebook\node_modules\jest-circus\build\run.js:252:3)
    at _runTestsForDescribeBlock (C:\Angular project-2\codebook\node_modules\jest-circus\build\run.js:126:9)
    at _runTestsForDescribeBlock (C:\Angular project-2\codebook\node_modules\jest-circus\build\run.js:121:9)
    at _runTestsForDescribeBlock (C:\Angular project-2\codebook\node_modules\jest-circus\build\run.js:121:9)
    at run (C:\Angular project-2\codebook\node_modules\jest-circus\build\run.js:71:3)
    at runAndTransformResultsToJestFormat (C:\Angular project-2\codebook\node_modules\jest-circus\build\legacy-code-todo-rewrite\jestAdapterInit.js:122:21)]]></failure>
    </testCase>
    <testCase name="UsersComponent User Actions should open dialog for editing user" duration="153">
      <failure message="TypeError: Cannot read properties of undefined (reading &apos;push&apos;)"><![CDATA[TypeError: Cannot read properties of undefined (reading 'push')
    at _MatDialog.open (C:\Angular project-2\codebook\node_modules\@angular\material\fesm2022\module-c1a8b4bb.mjs:638:26)
    at UsersComponent.open [as openPopup] (C:\Angular project-2\codebook\src\app\pages\users\users.component.ts:92:17)
    at UsersComponent.openPopup [as editUser] (C:\Angular project-2\codebook\src\app\pages\users\users.component.ts:88:10)
    at C:\Angular project-2\codebook\src\app\pages\users\users.component.spec.ts:178:17
    at _ZoneDelegate.invoke (C:\Angular project-2\codebook\node_modules\zone.js\bundles\zone.umd.js:416:32)
    at ProxyZoneSpec.Object.<anonymous>.ProxyZoneSpec.onInvoke (C:\Angular project-2\codebook\node_modules\zone.js\bundles\zone-testing.umd.js:2177:43)
    at _ZoneDelegate.invoke (C:\Angular project-2\codebook\node_modules\zone.js\bundles\zone.umd.js:415:38)
    at ZoneImpl.run (C:\Angular project-2\codebook\node_modules\zone.js\bundles\zone.umd.js:147:47)
    at Object.wrappedFunc (C:\Angular project-2\codebook\node_modules\zone.js\bundles\zone-testing.umd.js:450:38)
    at Promise.then.completed (C:\Angular project-2\codebook\node_modules\jest-circus\build\utils.js:298:28)
    at new Promise (<anonymous>)
    at callAsyncCircusFn (C:\Angular project-2\codebook\node_modules\jest-circus\build\utils.js:231:10)
    at _callCircusTest (C:\Angular project-2\codebook\node_modules\jest-circus\build\run.js:316:40)
    at processTicksAndRejections (node:internal/process/task_queues:105:5)
    at _runTest (C:\Angular project-2\codebook\node_modules\jest-circus\build\run.js:252:3)
    at _runTestsForDescribeBlock (C:\Angular project-2\codebook\node_modules\jest-circus\build\run.js:126:9)
    at _runTestsForDescribeBlock (C:\Angular project-2\codebook\node_modules\jest-circus\build\run.js:121:9)
    at _runTestsForDescribeBlock (C:\Angular project-2\codebook\node_modules\jest-circus\build\run.js:121:9)
    at run (C:\Angular project-2\codebook\node_modules\jest-circus\build\run.js:71:3)
    at runAndTransformResultsToJestFormat (C:\Angular project-2\codebook\node_modules\jest-circus\build\legacy-code-todo-rewrite\jestAdapterInit.js:122:21)]]></failure>
    </testCase>
    <testCase name="UsersComponent User Actions should call deleteUser on store when deleting user" duration="183"/>
    <testCase name="UsersComponent User Actions should open popup with correct configuration" duration="203">
      <failure message="TypeError: Cannot read properties of undefined (reading &apos;push&apos;)"><![CDATA[TypeError: Cannot read properties of undefined (reading 'push')
    at _MatDialog.open (C:\Angular project-2\codebook\node_modules\@angular\material\fesm2022\module-c1a8b4bb.mjs:638:26)
    at UsersComponent.open [as openPopup] (C:\Angular project-2\codebook\src\app\pages\users\users.component.ts:92:17)
    at C:\Angular project-2\codebook\src\app\pages\users\users.component.spec.ts:194:17
    at _ZoneDelegate.invoke (C:\Angular project-2\codebook\node_modules\zone.js\bundles\zone.umd.js:416:32)
    at ProxyZoneSpec.Object.<anonymous>.ProxyZoneSpec.onInvoke (C:\Angular project-2\codebook\node_modules\zone.js\bundles\zone-testing.umd.js:2177:43)
    at _ZoneDelegate.invoke (C:\Angular project-2\codebook\node_modules\zone.js\bundles\zone.umd.js:415:38)
    at ZoneImpl.run (C:\Angular project-2\codebook\node_modules\zone.js\bundles\zone.umd.js:147:47)
    at Object.wrappedFunc (C:\Angular project-2\codebook\node_modules\zone.js\bundles\zone-testing.umd.js:450:38)
    at Promise.then.completed (C:\Angular project-2\codebook\node_modules\jest-circus\build\utils.js:298:28)
    at new Promise (<anonymous>)
    at callAsyncCircusFn (C:\Angular project-2\codebook\node_modules\jest-circus\build\utils.js:231:10)
    at _callCircusTest (C:\Angular project-2\codebook\node_modules\jest-circus\build\run.js:316:40)
    at processTicksAndRejections (node:internal/process/task_queues:105:5)
    at _runTest (C:\Angular project-2\codebook\node_modules\jest-circus\build\run.js:252:3)
    at _runTestsForDescribeBlock (C:\Angular project-2\codebook\node_modules\jest-circus\build\run.js:126:9)
    at _runTestsForDescribeBlock (C:\Angular project-2\codebook\node_modules\jest-circus\build\run.js:121:9)
    at _runTestsForDescribeBlock (C:\Angular project-2\codebook\node_modules\jest-circus\build\run.js:121:9)
    at run (C:\Angular project-2\codebook\node_modules\jest-circus\build\run.js:71:3)
    at runAndTransformResultsToJestFormat (C:\Angular project-2\codebook\node_modules\jest-circus\build\legacy-code-todo-rewrite\jestAdapterInit.js:122:21)]]></failure>
    </testCase>
    <testCase name="UsersComponent Filtering should apply filter when search term changes with paginator" duration="251">
      <failure message="TypeError: Cannot read properties of undefined (reading &apos;firstPage&apos;)"><![CDATA[TypeError: Cannot read properties of undefined (reading 'firstPage')
    at C:\Angular project-2\codebook\src\app\pages\users\users.component.spec.ts:212:46
    at _ZoneDelegate.invoke (C:\Angular project-2\codebook\node_modules\zone.js\bundles\zone.umd.js:416:32)
    at ProxyZoneSpec.Object.<anonymous>.ProxyZoneSpec.onInvoke (C:\Angular project-2\codebook\node_modules\zone.js\bundles\zone-testing.umd.js:2177:43)
    at _ZoneDelegate.invoke (C:\Angular project-2\codebook\node_modules\zone.js\bundles\zone.umd.js:415:38)
    at ZoneImpl.run (C:\Angular project-2\codebook\node_modules\zone.js\bundles\zone.umd.js:147:47)
    at Object.wrappedFunc (C:\Angular project-2\codebook\node_modules\zone.js\bundles\zone-testing.umd.js:450:38)
    at Promise.then.completed (C:\Angular project-2\codebook\node_modules\jest-circus\build\utils.js:298:28)
    at new Promise (<anonymous>)
    at callAsyncCircusFn (C:\Angular project-2\codebook\node_modules\jest-circus\build\utils.js:231:10)
    at _callCircusTest (C:\Angular project-2\codebook\node_modules\jest-circus\build\run.js:316:40)
    at processTicksAndRejections (node:internal/process/task_queues:105:5)
    at _runTest (C:\Angular project-2\codebook\node_modules\jest-circus\build\run.js:252:3)
    at _runTestsForDescribeBlock (C:\Angular project-2\codebook\node_modules\jest-circus\build\run.js:126:9)
    at _runTestsForDescribeBlock (C:\Angular project-2\codebook\node_modules\jest-circus\build\run.js:121:9)
    at _runTestsForDescribeBlock (C:\Angular project-2\codebook\node_modules\jest-circus\build\run.js:121:9)
    at run (C:\Angular project-2\codebook\node_modules\jest-circus\build\run.js:71:3)
    at runAndTransformResultsToJestFormat (C:\Angular project-2\codebook\node_modules\jest-circus\build\legacy-code-todo-rewrite\jestAdapterInit.js:122:21)]]></failure>
    </testCase>
    <testCase name="UsersComponent Filtering should apply filter when search term changes without paginator" duration="337">
      <failure message="Error: expect(jest.fn()).toHaveBeenCalled()"><![CDATA[Error: expect(jest.fn()).toHaveBeenCalled()

Expected number of calls: >= 1
Received number of calls:    0
    at C:\Angular project-2\codebook\src\app\pages\users\users.component.spec.ts:222:37
    at _ZoneDelegate.invoke (C:\Angular project-2\codebook\node_modules\zone.js\bundles\zone.umd.js:416:32)
    at ProxyZoneSpec.Object.<anonymous>.ProxyZoneSpec.onInvoke (C:\Angular project-2\codebook\node_modules\zone.js\bundles\zone-testing.umd.js:2177:43)
    at _ZoneDelegate.invoke (C:\Angular project-2\codebook\node_modules\zone.js\bundles\zone.umd.js:415:38)
    at ZoneImpl.run (C:\Angular project-2\codebook\node_modules\zone.js\bundles\zone.umd.js:147:47)
    at Object.wrappedFunc (C:\Angular project-2\codebook\node_modules\zone.js\bundles\zone-testing.umd.js:450:38)
    at Promise.then.completed (C:\Angular project-2\codebook\node_modules\jest-circus\build\utils.js:298:28)
    at new Promise (<anonymous>)
    at callAsyncCircusFn (C:\Angular project-2\codebook\node_modules\jest-circus\build\utils.js:231:10)
    at _callCircusTest (C:\Angular project-2\codebook\node_modules\jest-circus\build\run.js:316:40)
    at processTicksAndRejections (node:internal/process/task_queues:105:5)
    at _runTest (C:\Angular project-2\codebook\node_modules\jest-circus\build\run.js:252:3)
    at _runTestsForDescribeBlock (C:\Angular project-2\codebook\node_modules\jest-circus\build\run.js:126:9)
    at _runTestsForDescribeBlock (C:\Angular project-2\codebook\node_modules\jest-circus\build\run.js:121:9)
    at _runTestsForDescribeBlock (C:\Angular project-2\codebook\node_modules\jest-circus\build\run.js:121:9)
    at run (C:\Angular project-2\codebook\node_modules\jest-circus\build\run.js:71:3)
    at runAndTransformResultsToJestFormat (C:\Angular project-2\codebook\node_modules\jest-circus\build\legacy-code-todo-rewrite\jestAdapterInit.js:122:21)]]></failure>
    </testCase>
    <testCase name="UsersComponent Filtering should filter dataSource based on search term" duration="100"/>
    <testCase name="UsersComponent Pagination should initialize paginator with correct pageSizeOptions and pageSize" duration="101"/>
    <testCase name="UsersComponent Pagination should slice data correctly based on paginator" duration="304"/>
    <testCase name="UsersComponent Template Interactions should display users in table view on desktop" duration="273"/>
    <testCase name="UsersComponent Template Interactions should display users in card view on mobile" duration="234"/>
    <testCase name="UsersComponent Template Interactions should trigger addUser when clicking Add New button" duration="258"/>
    <testCase name="UsersComponent Template Interactions should trigger editUser when clicking Edit button" duration="260"/>
    <testCase name="UsersComponent Template Interactions should trigger deleteUser when clicking Delete button" duration="232"/>
    <testCase name="UsersComponent Template Interactions should apply filter when typing in search input" duration="146"/>
    <testCase name="UsersComponent Dark Mode should apply dark-theme class when darkModeService.isDarkMode is true" duration="138"/>
    <testCase name="UsersComponent Dark Mode should not apply dark-theme class when darkModeService.isDarkMode is false" duration="118"/>
    <testCase name="UsersComponent Lifecycle Hooks should log on ngOnInit" duration="35"/>
    <testCase name="UsersComponent Lifecycle Hooks should log on ngOnDestroy" duration="39"/>
  </file>
  <file path="C:\Angular project-2\codebook\src\app\app.component.spec.ts">
    <testCase name="AppComponent should create the component" duration="1842"/>
    <testCase name="AppComponent Initial State should initialize with default title, collapsed, and currentLanguage" duration="455"/>
    <testCase name="AppComponent Initial State should inject services" duration="332"/>
    <testCase name="AppComponent Template Rendering should render toolbar with title and buttons" duration="314">
      <failure message="Error: expect(received).toContain(expected) // indexOf"><![CDATA[Error: expect(received).toContain(expected) // indexOf

Expected substring: "Code Book"
Received string:    ""
    at C:\Angular project-2\codebook\src\app\app.component.spec.ts:165:57
    at _ZoneDelegate.invoke (C:\Angular project-2\codebook\node_modules\zone.js\bundles\zone.umd.js:416:32)
    at ProxyZoneSpec.Object.<anonymous>.ProxyZoneSpec.onInvoke (C:\Angular project-2\codebook\node_modules\zone.js\bundles\zone-testing.umd.js:2177:43)
    at _ZoneDelegate.invoke (C:\Angular project-2\codebook\node_modules\zone.js\bundles\zone.umd.js:415:38)
    at ZoneImpl.run (C:\Angular project-2\codebook\node_modules\zone.js\bundles\zone.umd.js:147:47)
    at Object.wrappedFunc (C:\Angular project-2\codebook\node_modules\zone.js\bundles\zone-testing.umd.js:450:38)
    at Promise.then.completed (C:\Angular project-2\codebook\node_modules\jest-circus\build\utils.js:298:28)
    at new Promise (<anonymous>)
    at callAsyncCircusFn (C:\Angular project-2\codebook\node_modules\jest-circus\build\utils.js:231:10)
    at _callCircusTest (C:\Angular project-2\codebook\node_modules\jest-circus\build\run.js:316:40)
    at _runTest (C:\Angular project-2\codebook\node_modules\jest-circus\build\run.js:252:3)
    at _runTestsForDescribeBlock (C:\Angular project-2\codebook\node_modules\jest-circus\build\run.js:126:9)
    at _runTestsForDescribeBlock (C:\Angular project-2\codebook\node_modules\jest-circus\build\run.js:121:9)
    at _runTestsForDescribeBlock (C:\Angular project-2\codebook\node_modules\jest-circus\build\run.js:121:9)
    at run (C:\Angular project-2\codebook\node_modules\jest-circus\build\run.js:71:3)
    at runAndTransformResultsToJestFormat (C:\Angular project-2\codebook\node_modules\jest-circus\build\legacy-code-todo-rewrite\jestAdapterInit.js:122:21)]]></failure>
    </testCase>
    <testCase name="AppComponent Template Rendering should render sidenav with CustomSidenavComponent" duration="339"/>
    <testCase name="AppComponent Template Rendering should render router-outlet in sidenav-content" duration="317"/>
    <testCase name="AppComponent Template Rendering should render footer with copyright and links" duration="270"/>
    <testCase name="AppComponent Template Rendering should apply dark-theme class when dark mode is enabled" duration="315"/>
    <testCase name="AppComponent Computed Signals should compute sidenavWidth based on collapsed and isMobile" duration="220">
      <failure message="Error: expect(received).toBe(expected) // Object.is equality"><![CDATA[Error: expect(received).toBe(expected) // Object.is equality

Expected: "280px"
Received: "200px"
    at C:\Angular project-2\codebook\src\app\app.component.spec.ts:209:40
    at _ZoneDelegate.invoke (C:\Angular project-2\codebook\node_modules\zone.js\bundles\zone.umd.js:416:32)
    at ProxyZoneSpec.Object.<anonymous>.ProxyZoneSpec.onInvoke (C:\Angular project-2\codebook\node_modules\zone.js\bundles\zone-testing.umd.js:2177:43)
    at _ZoneDelegate.invoke (C:\Angular project-2\codebook\node_modules\zone.js\bundles\zone.umd.js:415:38)
    at ZoneImpl.run (C:\Angular project-2\codebook\node_modules\zone.js\bundles\zone.umd.js:147:47)
    at Object.wrappedFunc (C:\Angular project-2\codebook\node_modules\zone.js\bundles\zone-testing.umd.js:450:38)
    at Promise.then.completed (C:\Angular project-2\codebook\node_modules\jest-circus\build\utils.js:298:28)
    at new Promise (<anonymous>)
    at callAsyncCircusFn (C:\Angular project-2\codebook\node_modules\jest-circus\build\utils.js:231:10)
    at _callCircusTest (C:\Angular project-2\codebook\node_modules\jest-circus\build\run.js:316:40)
    at _runTest (C:\Angular project-2\codebook\node_modules\jest-circus\build\run.js:252:3)
    at _runTestsForDescribeBlock (C:\Angular project-2\codebook\node_modules\jest-circus\build\run.js:126:9)
    at _runTestsForDescribeBlock (C:\Angular project-2\codebook\node_modules\jest-circus\build\run.js:121:9)
    at _runTestsForDescribeBlock (C:\Angular project-2\codebook\node_modules\jest-circus\build\run.js:121:9)
    at run (C:\Angular project-2\codebook\node_modules\jest-circus\build\run.js:71:3)
    at runAndTransformResultsToJestFormat (C:\Angular project-2\codebook\node_modules\jest-circus\build\legacy-code-todo-rewrite\jestAdapterInit.js:122:21)]]></failure>
    </testCase>
    <testCase name="AppComponent Computed Signals should compute sidenavMode based on isMobile" duration="190">
      <failure message="Error: expect(received).toBe(expected) // Object.is equality"><![CDATA[Error: expect(received).toBe(expected) // Object.is equality

Expected: "over"
Received: "side"
    at C:\Angular project-2\codebook\src\app\app.component.spec.ts:215:39
    at _ZoneDelegate.invoke (C:\Angular project-2\codebook\node_modules\zone.js\bundles\zone.umd.js:416:32)
    at ProxyZoneSpec.Object.<anonymous>.ProxyZoneSpec.onInvoke (C:\Angular project-2\codebook\node_modules\zone.js\bundles\zone-testing.umd.js:2177:43)
    at _ZoneDelegate.invoke (C:\Angular project-2\codebook\node_modules\zone.js\bundles\zone.umd.js:415:38)
    at ZoneImpl.run (C:\Angular project-2\codebook\node_modules\zone.js\bundles\zone.umd.js:147:47)
    at Object.wrappedFunc (C:\Angular project-2\codebook\node_modules\zone.js\bundles\zone-testing.umd.js:450:38)
    at Promise.then.completed (C:\Angular project-2\codebook\node_modules\jest-circus\build\utils.js:298:28)
    at new Promise (<anonymous>)
    at callAsyncCircusFn (C:\Angular project-2\codebook\node_modules\jest-circus\build\utils.js:231:10)
    at _callCircusTest (C:\Angular project-2\codebook\node_modules\jest-circus\build\run.js:316:40)
    at _runTest (C:\Angular project-2\codebook\node_modules\jest-circus\build\run.js:252:3)
    at _runTestsForDescribeBlock (C:\Angular project-2\codebook\node_modules\jest-circus\build\run.js:126:9)
    at _runTestsForDescribeBlock (C:\Angular project-2\codebook\node_modules\jest-circus\build\run.js:121:9)
    at _runTestsForDescribeBlock (C:\Angular project-2\codebook\node_modules\jest-circus\build\run.js:121:9)
    at run (C:\Angular project-2\codebook\node_modules\jest-circus\build\run.js:71:3)
    at runAndTransformResultsToJestFormat (C:\Angular project-2\codebook\node_modules\jest-circus\build\legacy-code-todo-rewrite\jestAdapterInit.js:122:21)]]></failure>
    </testCase>
    <testCase name="AppComponent Computed Signals should compute sidenavOpened based on isMobile and collapsed" duration="167">
      <failure message="Error: expect(received).toBe(expected) // Object.is equality"><![CDATA[Error: expect(received).toBe(expected) // Object.is equality

Expected: false
Received: true
    at C:\Angular project-2\codebook\src\app\app.component.spec.ts:223:41
    at _ZoneDelegate.invoke (C:\Angular project-2\codebook\node_modules\zone.js\bundles\zone.umd.js:416:32)
    at ProxyZoneSpec.Object.<anonymous>.ProxyZoneSpec.onInvoke (C:\Angular project-2\codebook\node_modules\zone.js\bundles\zone-testing.umd.js:2177:43)
    at _ZoneDelegate.invoke (C:\Angular project-2\codebook\node_modules\zone.js\bundles\zone.umd.js:415:38)
    at ZoneImpl.run (C:\Angular project-2\codebook\node_modules\zone.js\bundles\zone.umd.js:147:47)
    at Object.wrappedFunc (C:\Angular project-2\codebook\node_modules\zone.js\bundles\zone-testing.umd.js:450:38)
    at Promise.then.completed (C:\Angular project-2\codebook\node_modules\jest-circus\build\utils.js:298:28)
    at new Promise (<anonymous>)
    at callAsyncCircusFn (C:\Angular project-2\codebook\node_modules\jest-circus\build\utils.js:231:10)
    at _callCircusTest (C:\Angular project-2\codebook\node_modules\jest-circus\build\run.js:316:40)
    at _runTest (C:\Angular project-2\codebook\node_modules\jest-circus\build\run.js:252:3)
    at _runTestsForDescribeBlock (C:\Angular project-2\codebook\node_modules\jest-circus\build\run.js:126:9)
    at _runTestsForDescribeBlock (C:\Angular project-2\codebook\node_modules\jest-circus\build\run.js:121:9)
    at _runTestsForDescribeBlock (C:\Angular project-2\codebook\node_modules\jest-circus\build\run.js:121:9)
    at run (C:\Angular project-2\codebook\node_modules\jest-circus\build\run.js:71:3)
    at runAndTransformResultsToJestFormat (C:\Angular project-2\codebook\node_modules\jest-circus\build\legacy-code-todo-rewrite\jestAdapterInit.js:122:21)]]></failure>
    </testCase>
    <testCase name="AppComponent toggleSidenav should toggle collapsed state" duration="149"/>
    <testCase name="AppComponent toggleSidenav should toggle sidenav when menu button is clicked" duration="164"/>
    <testCase name="AppComponent toggleSidenav should update sidenav width in UI" duration="162"/>
    <testCase name="AppComponent toggleFullScreen should request fullscreen when not in fullscreen" duration="169">
      <failure message="Error: Property `requestFullscreen` does not exist in the provided object"><![CDATA[Error: Property `requestFullscreen` does not exist in the provided object
    at ModuleMocker.spyOn (C:\Angular project-2\codebook\node_modules\jest-mock\build\index.js:731:13)
    at C:\Angular project-2\codebook\src\app\app.component.spec.ts:259:35
    at _ZoneDelegate.invoke (C:\Angular project-2\codebook\node_modules\zone.js\bundles\zone.umd.js:416:32)
    at ProxyZoneSpec.Object.<anonymous>.ProxyZoneSpec.onInvoke (C:\Angular project-2\codebook\node_modules\zone.js\bundles\zone-testing.umd.js:2177:43)
    at _ZoneDelegate.invoke (C:\Angular project-2\codebook\node_modules\zone.js\bundles\zone.umd.js:415:38)
    at ZoneImpl.run (C:\Angular project-2\codebook\node_modules\zone.js\bundles\zone.umd.js:147:47)
    at Object.wrappedFunc (C:\Angular project-2\codebook\node_modules\zone.js\bundles\zone-testing.umd.js:450:38)
    at Promise.then.completed (C:\Angular project-2\codebook\node_modules\jest-circus\build\utils.js:298:28)
    at new Promise (<anonymous>)
    at callAsyncCircusFn (C:\Angular project-2\codebook\node_modules\jest-circus\build\utils.js:231:10)
    at _callCircusHook (C:\Angular project-2\codebook\node_modules\jest-circus\build\run.js:281:40)
    at _runTest (C:\Angular project-2\codebook\node_modules\jest-circus\build\run.js:246:5)
    at _runTestsForDescribeBlock (C:\Angular project-2\codebook\node_modules\jest-circus\build\run.js:126:9)
    at _runTestsForDescribeBlock (C:\Angular project-2\codebook\node_modules\jest-circus\build\run.js:121:9)
    at _runTestsForDescribeBlock (C:\Angular project-2\codebook\node_modules\jest-circus\build\run.js:121:9)
    at run (C:\Angular project-2\codebook\node_modules\jest-circus\build\run.js:71:3)
    at runAndTransformResultsToJestFormat (C:\Angular project-2\codebook\node_modules\jest-circus\build\legacy-code-todo-rewrite\jestAdapterInit.js:122:21)]]></failure>
      <failure message="TypeError: Cannot read properties of undefined (reading &apos;mockRestore&apos;)"><![CDATA[TypeError: Cannot read properties of undefined (reading 'mockRestore')
    at C:\Angular project-2\codebook\src\app\app.component.spec.ts:275:28
    at _ZoneDelegate.invoke (C:\Angular project-2\codebook\node_modules\zone.js\bundles\zone.umd.js:416:32)
    at ProxyZoneSpec.Object.<anonymous>.ProxyZoneSpec.onInvoke (C:\Angular project-2\codebook\node_modules\zone.js\bundles\zone-testing.umd.js:2177:43)
    at _ZoneDelegate.invoke (C:\Angular project-2\codebook\node_modules\zone.js\bundles\zone.umd.js:415:38)
    at ZoneImpl.run (C:\Angular project-2\codebook\node_modules\zone.js\bundles\zone.umd.js:147:47)
    at Object.wrappedFunc (C:\Angular project-2\codebook\node_modules\zone.js\bundles\zone-testing.umd.js:450:38)
    at Promise.then.completed (C:\Angular project-2\codebook\node_modules\jest-circus\build\utils.js:298:28)
    at new Promise (<anonymous>)
    at callAsyncCircusFn (C:\Angular project-2\codebook\node_modules\jest-circus\build\utils.js:231:10)
    at _callCircusHook (C:\Angular project-2\codebook\node_modules\jest-circus\build\run.js:281:40)
    at _runTest (C:\Angular project-2\codebook\node_modules\jest-circus\build\run.js:254:5)
    at _runTestsForDescribeBlock (C:\Angular project-2\codebook\node_modules\jest-circus\build\run.js:126:9)
    at _runTestsForDescribeBlock (C:\Angular project-2\codebook\node_modules\jest-circus\build\run.js:121:9)
    at _runTestsForDescribeBlock (C:\Angular project-2\codebook\node_modules\jest-circus\build\run.js:121:9)
    at run (C:\Angular project-2\codebook\node_modules\jest-circus\build\run.js:71:3)
    at runAndTransformResultsToJestFormat (C:\Angular project-2\codebook\node_modules\jest-circus\build\legacy-code-todo-rewrite\jestAdapterInit.js:122:21)]]></failure>
    </testCase>
    <testCase name="AppComponent toggleFullScreen should exit fullscreen when in fullscreen and exitFullscreen is available" duration="116">
      <failure message="Error: Property `requestFullscreen` does not exist in the provided object"><![CDATA[Error: Property `requestFullscreen` does not exist in the provided object
    at ModuleMocker.spyOn (C:\Angular project-2\codebook\node_modules\jest-mock\build\index.js:731:13)
    at C:\Angular project-2\codebook\src\app\app.component.spec.ts:259:35
    at _ZoneDelegate.invoke (C:\Angular project-2\codebook\node_modules\zone.js\bundles\zone.umd.js:416:32)
    at ProxyZoneSpec.Object.<anonymous>.ProxyZoneSpec.onInvoke (C:\Angular project-2\codebook\node_modules\zone.js\bundles\zone-testing.umd.js:2177:43)
    at _ZoneDelegate.invoke (C:\Angular project-2\codebook\node_modules\zone.js\bundles\zone.umd.js:415:38)
    at ZoneImpl.run (C:\Angular project-2\codebook\node_modules\zone.js\bundles\zone.umd.js:147:47)
    at Object.wrappedFunc (C:\Angular project-2\codebook\node_modules\zone.js\bundles\zone-testing.umd.js:450:38)
    at Promise.then.completed (C:\Angular project-2\codebook\node_modules\jest-circus\build\utils.js:298:28)
    at new Promise (<anonymous>)
    at callAsyncCircusFn (C:\Angular project-2\codebook\node_modules\jest-circus\build\utils.js:231:10)
    at _callCircusHook (C:\Angular project-2\codebook\node_modules\jest-circus\build\run.js:281:40)
    at _runTest (C:\Angular project-2\codebook\node_modules\jest-circus\build\run.js:246:5)
    at _runTestsForDescribeBlock (C:\Angular project-2\codebook\node_modules\jest-circus\build\run.js:126:9)
    at _runTestsForDescribeBlock (C:\Angular project-2\codebook\node_modules\jest-circus\build\run.js:121:9)
    at _runTestsForDescribeBlock (C:\Angular project-2\codebook\node_modules\jest-circus\build\run.js:121:9)
    at run (C:\Angular project-2\codebook\node_modules\jest-circus\build\run.js:71:3)
    at runAndTransformResultsToJestFormat (C:\Angular project-2\codebook\node_modules\jest-circus\build\legacy-code-todo-rewrite\jestAdapterInit.js:122:21)]]></failure>
      <failure message="TypeError: Cannot read properties of undefined (reading &apos;mockRestore&apos;)"><![CDATA[TypeError: Cannot read properties of undefined (reading 'mockRestore')
    at C:\Angular project-2\codebook\src\app\app.component.spec.ts:275:28
    at _ZoneDelegate.invoke (C:\Angular project-2\codebook\node_modules\zone.js\bundles\zone.umd.js:416:32)
    at ProxyZoneSpec.Object.<anonymous>.ProxyZoneSpec.onInvoke (C:\Angular project-2\codebook\node_modules\zone.js\bundles\zone-testing.umd.js:2177:43)
    at _ZoneDelegate.invoke (C:\Angular project-2\codebook\node_modules\zone.js\bundles\zone.umd.js:415:38)
    at ZoneImpl.run (C:\Angular project-2\codebook\node_modules\zone.js\bundles\zone.umd.js:147:47)
    at Object.wrappedFunc (C:\Angular project-2\codebook\node_modules\zone.js\bundles\zone-testing.umd.js:450:38)
    at Promise.then.completed (C:\Angular project-2\codebook\node_modules\jest-circus\build\utils.js:298:28)
    at new Promise (<anonymous>)
    at callAsyncCircusFn (C:\Angular project-2\codebook\node_modules\jest-circus\build\utils.js:231:10)
    at _callCircusHook (C:\Angular project-2\codebook\node_modules\jest-circus\build\run.js:281:40)
    at _runTest (C:\Angular project-2\codebook\node_modules\jest-circus\build\run.js:254:5)
    at _runTestsForDescribeBlock (C:\Angular project-2\codebook\node_modules\jest-circus\build\run.js:126:9)
    at _runTestsForDescribeBlock (C:\Angular project-2\codebook\node_modules\jest-circus\build\run.js:121:9)
    at _runTestsForDescribeBlock (C:\Angular project-2\codebook\node_modules\jest-circus\build\run.js:121:9)
    at run (C:\Angular project-2\codebook\node_modules\jest-circus\build\run.js:71:3)
    at runAndTransformResultsToJestFormat (C:\Angular project-2\codebook\node_modules\jest-circus\build\legacy-code-todo-rewrite\jestAdapterInit.js:122:21)]]></failure>
    </testCase>
    <testCase name="AppComponent toggleFullScreen should not attempt to exit fullscreen when in fullscreen but exitFullscreen is undefined" duration="114">
      <failure message="Error: Property `requestFullscreen` does not exist in the provided object"><![CDATA[Error: Property `requestFullscreen` does not exist in the provided object
    at ModuleMocker.spyOn (C:\Angular project-2\codebook\node_modules\jest-mock\build\index.js:731:13)
    at C:\Angular project-2\codebook\src\app\app.component.spec.ts:259:35
    at _ZoneDelegate.invoke (C:\Angular project-2\codebook\node_modules\zone.js\bundles\zone.umd.js:416:32)
    at ProxyZoneSpec.Object.<anonymous>.ProxyZoneSpec.onInvoke (C:\Angular project-2\codebook\node_modules\zone.js\bundles\zone-testing.umd.js:2177:43)
    at _ZoneDelegate.invoke (C:\Angular project-2\codebook\node_modules\zone.js\bundles\zone.umd.js:415:38)
    at ZoneImpl.run (C:\Angular project-2\codebook\node_modules\zone.js\bundles\zone.umd.js:147:47)
    at Object.wrappedFunc (C:\Angular project-2\codebook\node_modules\zone.js\bundles\zone-testing.umd.js:450:38)
    at Promise.then.completed (C:\Angular project-2\codebook\node_modules\jest-circus\build\utils.js:298:28)
    at new Promise (<anonymous>)
    at callAsyncCircusFn (C:\Angular project-2\codebook\node_modules\jest-circus\build\utils.js:231:10)
    at _callCircusHook (C:\Angular project-2\codebook\node_modules\jest-circus\build\run.js:281:40)
    at _runTest (C:\Angular project-2\codebook\node_modules\jest-circus\build\run.js:246:5)
    at _runTestsForDescribeBlock (C:\Angular project-2\codebook\node_modules\jest-circus\build\run.js:126:9)
    at _runTestsForDescribeBlock (C:\Angular project-2\codebook\node_modules\jest-circus\build\run.js:121:9)
    at _runTestsForDescribeBlock (C:\Angular project-2\codebook\node_modules\jest-circus\build\run.js:121:9)
    at run (C:\Angular project-2\codebook\node_modules\jest-circus\build\run.js:71:3)
    at runAndTransformResultsToJestFormat (C:\Angular project-2\codebook\node_modules\jest-circus\build\legacy-code-todo-rewrite\jestAdapterInit.js:122:21)]]></failure>
      <failure message="TypeError: Cannot read properties of undefined (reading &apos;mockRestore&apos;)"><![CDATA[TypeError: Cannot read properties of undefined (reading 'mockRestore')
    at C:\Angular project-2\codebook\src\app\app.component.spec.ts:275:28
    at _ZoneDelegate.invoke (C:\Angular project-2\codebook\node_modules\zone.js\bundles\zone.umd.js:416:32)
    at ProxyZoneSpec.Object.<anonymous>.ProxyZoneSpec.onInvoke (C:\Angular project-2\codebook\node_modules\zone.js\bundles\zone-testing.umd.js:2177:43)
    at _ZoneDelegate.invoke (C:\Angular project-2\codebook\node_modules\zone.js\bundles\zone.umd.js:415:38)
    at ZoneImpl.run (C:\Angular project-2\codebook\node_modules\zone.js\bundles\zone.umd.js:147:47)
    at Object.wrappedFunc (C:\Angular project-2\codebook\node_modules\zone.js\bundles\zone-testing.umd.js:450:38)
    at Promise.then.completed (C:\Angular project-2\codebook\node_modules\jest-circus\build\utils.js:298:28)
    at new Promise (<anonymous>)
    at callAsyncCircusFn (C:\Angular project-2\codebook\node_modules\jest-circus\build\utils.js:231:10)
    at _callCircusHook (C:\Angular project-2\codebook\node_modules\jest-circus\build\run.js:281:40)
    at _runTest (C:\Angular project-2\codebook\node_modules\jest-circus\build\run.js:254:5)
    at _runTestsForDescribeBlock (C:\Angular project-2\codebook\node_modules\jest-circus\build\run.js:126:9)
    at _runTestsForDescribeBlock (C:\Angular project-2\codebook\node_modules\jest-circus\build\run.js:121:9)
    at _runTestsForDescribeBlock (C:\Angular project-2\codebook\node_modules\jest-circus\build\run.js:121:9)
    at run (C:\Angular project-2\codebook\node_modules\jest-circus\build\run.js:71:3)
    at runAndTransformResultsToJestFormat (C:\Angular project-2\codebook\node_modules\jest-circus\build\legacy-code-todo-rewrite\jestAdapterInit.js:122:21)]]></failure>
    </testCase>
    <testCase name="AppComponent toggleFullScreen should not attempt to exit fullscreen when in fullscreen but exitFullscreen is null" duration="111">
      <failure message="Error: Property `requestFullscreen` does not exist in the provided object"><![CDATA[Error: Property `requestFullscreen` does not exist in the provided object
    at ModuleMocker.spyOn (C:\Angular project-2\codebook\node_modules\jest-mock\build\index.js:731:13)
    at C:\Angular project-2\codebook\src\app\app.component.spec.ts:259:35
    at _ZoneDelegate.invoke (C:\Angular project-2\codebook\node_modules\zone.js\bundles\zone.umd.js:416:32)
    at ProxyZoneSpec.Object.<anonymous>.ProxyZoneSpec.onInvoke (C:\Angular project-2\codebook\node_modules\zone.js\bundles\zone-testing.umd.js:2177:43)
    at _ZoneDelegate.invoke (C:\Angular project-2\codebook\node_modules\zone.js\bundles\zone.umd.js:415:38)
    at ZoneImpl.run (C:\Angular project-2\codebook\node_modules\zone.js\bundles\zone.umd.js:147:47)
    at Object.wrappedFunc (C:\Angular project-2\codebook\node_modules\zone.js\bundles\zone-testing.umd.js:450:38)
    at Promise.then.completed (C:\Angular project-2\codebook\node_modules\jest-circus\build\utils.js:298:28)
    at new Promise (<anonymous>)
    at callAsyncCircusFn (C:\Angular project-2\codebook\node_modules\jest-circus\build\utils.js:231:10)
    at _callCircusHook (C:\Angular project-2\codebook\node_modules\jest-circus\build\run.js:281:40)
    at _runTest (C:\Angular project-2\codebook\node_modules\jest-circus\build\run.js:246:5)
    at _runTestsForDescribeBlock (C:\Angular project-2\codebook\node_modules\jest-circus\build\run.js:126:9)
    at _runTestsForDescribeBlock (C:\Angular project-2\codebook\node_modules\jest-circus\build\run.js:121:9)
    at _runTestsForDescribeBlock (C:\Angular project-2\codebook\node_modules\jest-circus\build\run.js:121:9)
    at run (C:\Angular project-2\codebook\node_modules\jest-circus\build\run.js:71:3)
    at runAndTransformResultsToJestFormat (C:\Angular project-2\codebook\node_modules\jest-circus\build\legacy-code-todo-rewrite\jestAdapterInit.js:122:21)]]></failure>
      <failure message="TypeError: Cannot read properties of undefined (reading &apos;mockRestore&apos;)"><![CDATA[TypeError: Cannot read properties of undefined (reading 'mockRestore')
    at C:\Angular project-2\codebook\src\app\app.component.spec.ts:275:28
    at _ZoneDelegate.invoke (C:\Angular project-2\codebook\node_modules\zone.js\bundles\zone.umd.js:416:32)
    at ProxyZoneSpec.Object.<anonymous>.ProxyZoneSpec.onInvoke (C:\Angular project-2\codebook\node_modules\zone.js\bundles\zone-testing.umd.js:2177:43)
    at _ZoneDelegate.invoke (C:\Angular project-2\codebook\node_modules\zone.js\bundles\zone.umd.js:415:38)
    at ZoneImpl.run (C:\Angular project-2\codebook\node_modules\zone.js\bundles\zone.umd.js:147:47)
    at Object.wrappedFunc (C:\Angular project-2\codebook\node_modules\zone.js\bundles\zone-testing.umd.js:450:38)
    at Promise.then.completed (C:\Angular project-2\codebook\node_modules\jest-circus\build\utils.js:298:28)
    at new Promise (<anonymous>)
    at callAsyncCircusFn (C:\Angular project-2\codebook\node_modules\jest-circus\build\utils.js:231:10)
    at _callCircusHook (C:\Angular project-2\codebook\node_modules\jest-circus\build\run.js:281:40)
    at _runTest (C:\Angular project-2\codebook\node_modules\jest-circus\build\run.js:254:5)
    at _runTestsForDescribeBlock (C:\Angular project-2\codebook\node_modules\jest-circus\build\run.js:126:9)
    at _runTestsForDescribeBlock (C:\Angular project-2\codebook\node_modules\jest-circus\build\run.js:121:9)
    at _runTestsForDescribeBlock (C:\Angular project-2\codebook\node_modules\jest-circus\build\run.js:121:9)
    at run (C:\Angular project-2\codebook\node_modules\jest-circus\build\run.js:71:3)
    at runAndTransformResultsToJestFormat (C:\Angular project-2\codebook\node_modules\jest-circus\build\legacy-code-todo-rewrite\jestAdapterInit.js:122:21)]]></failure>
    </testCase>
    <testCase name="AppComponent toggleFullScreen should log error when fullscreen request fails" duration="102">
      <failure message="Error: Property `requestFullscreen` does not exist in the provided object"><![CDATA[Error: Property `requestFullscreen` does not exist in the provided object
    at ModuleMocker.spyOn (C:\Angular project-2\codebook\node_modules\jest-mock\build\index.js:731:13)
    at C:\Angular project-2\codebook\src\app\app.component.spec.ts:259:35
    at _ZoneDelegate.invoke (C:\Angular project-2\codebook\node_modules\zone.js\bundles\zone.umd.js:416:32)
    at ProxyZoneSpec.Object.<anonymous>.ProxyZoneSpec.onInvoke (C:\Angular project-2\codebook\node_modules\zone.js\bundles\zone-testing.umd.js:2177:43)
    at _ZoneDelegate.invoke (C:\Angular project-2\codebook\node_modules\zone.js\bundles\zone.umd.js:415:38)
    at ZoneImpl.run (C:\Angular project-2\codebook\node_modules\zone.js\bundles\zone.umd.js:147:47)
    at Object.wrappedFunc (C:\Angular project-2\codebook\node_modules\zone.js\bundles\zone-testing.umd.js:450:38)
    at Promise.then.completed (C:\Angular project-2\codebook\node_modules\jest-circus\build\utils.js:298:28)
    at new Promise (<anonymous>)
    at callAsyncCircusFn (C:\Angular project-2\codebook\node_modules\jest-circus\build\utils.js:231:10)
    at _callCircusHook (C:\Angular project-2\codebook\node_modules\jest-circus\build\run.js:281:40)
    at _runTest (C:\Angular project-2\codebook\node_modules\jest-circus\build\run.js:246:5)
    at _runTestsForDescribeBlock (C:\Angular project-2\codebook\node_modules\jest-circus\build\run.js:126:9)
    at _runTestsForDescribeBlock (C:\Angular project-2\codebook\node_modules\jest-circus\build\run.js:121:9)
    at _runTestsForDescribeBlock (C:\Angular project-2\codebook\node_modules\jest-circus\build\run.js:121:9)
    at run (C:\Angular project-2\codebook\node_modules\jest-circus\build\run.js:71:3)
    at runAndTransformResultsToJestFormat (C:\Angular project-2\codebook\node_modules\jest-circus\build\legacy-code-todo-rewrite\jestAdapterInit.js:122:21)]]></failure>
      <failure message="TypeError: Cannot read properties of undefined (reading &apos;mockRestore&apos;)"><![CDATA[TypeError: Cannot read properties of undefined (reading 'mockRestore')
    at C:\Angular project-2\codebook\src\app\app.component.spec.ts:275:28
    at _ZoneDelegate.invoke (C:\Angular project-2\codebook\node_modules\zone.js\bundles\zone.umd.js:416:32)
    at ProxyZoneSpec.Object.<anonymous>.ProxyZoneSpec.onInvoke (C:\Angular project-2\codebook\node_modules\zone.js\bundles\zone-testing.umd.js:2177:43)
    at _ZoneDelegate.invoke (C:\Angular project-2\codebook\node_modules\zone.js\bundles\zone.umd.js:415:38)
    at ZoneImpl.run (C:\Angular project-2\codebook\node_modules\zone.js\bundles\zone.umd.js:147:47)
    at Object.wrappedFunc (C:\Angular project-2\codebook\node_modules\zone.js\bundles\zone-testing.umd.js:450:38)
    at Promise.then.completed (C:\Angular project-2\codebook\node_modules\jest-circus\build\utils.js:298:28)
    at new Promise (<anonymous>)
    at callAsyncCircusFn (C:\Angular project-2\codebook\node_modules\jest-circus\build\utils.js:231:10)
    at _callCircusHook (C:\Angular project-2\codebook\node_modules\jest-circus\build\run.js:281:40)
    at _runTest (C:\Angular project-2\codebook\node_modules\jest-circus\build\run.js:254:5)
    at _runTestsForDescribeBlock (C:\Angular project-2\codebook\node_modules\jest-circus\build\run.js:126:9)
    at _runTestsForDescribeBlock (C:\Angular project-2\codebook\node_modules\jest-circus\build\run.js:121:9)
    at _runTestsForDescribeBlock (C:\Angular project-2\codebook\node_modules\jest-circus\build\run.js:121:9)
    at run (C:\Angular project-2\codebook\node_modules\jest-circus\build\run.js:71:3)
    at runAndTransformResultsToJestFormat (C:\Angular project-2\codebook\node_modules\jest-circus\build\legacy-code-todo-rewrite\jestAdapterInit.js:122:21)]]></failure>
    </testCase>
    <testCase name="AppComponent toggleFullScreen should trigger fullscreen toggle when button is clicked (enter fullscreen)" duration="88">
      <failure message="Error: Property `requestFullscreen` does not exist in the provided object"><![CDATA[Error: Property `requestFullscreen` does not exist in the provided object
    at ModuleMocker.spyOn (C:\Angular project-2\codebook\node_modules\jest-mock\build\index.js:731:13)
    at C:\Angular project-2\codebook\src\app\app.component.spec.ts:259:35
    at _ZoneDelegate.invoke (C:\Angular project-2\codebook\node_modules\zone.js\bundles\zone.umd.js:416:32)
    at ProxyZoneSpec.Object.<anonymous>.ProxyZoneSpec.onInvoke (C:\Angular project-2\codebook\node_modules\zone.js\bundles\zone-testing.umd.js:2177:43)
    at _ZoneDelegate.invoke (C:\Angular project-2\codebook\node_modules\zone.js\bundles\zone.umd.js:415:38)
    at ZoneImpl.run (C:\Angular project-2\codebook\node_modules\zone.js\bundles\zone.umd.js:147:47)
    at Object.wrappedFunc (C:\Angular project-2\codebook\node_modules\zone.js\bundles\zone-testing.umd.js:450:38)
    at Promise.then.completed (C:\Angular project-2\codebook\node_modules\jest-circus\build\utils.js:298:28)
    at new Promise (<anonymous>)
    at callAsyncCircusFn (C:\Angular project-2\codebook\node_modules\jest-circus\build\utils.js:231:10)
    at _callCircusHook (C:\Angular project-2\codebook\node_modules\jest-circus\build\run.js:281:40)
    at _runTest (C:\Angular project-2\codebook\node_modules\jest-circus\build\run.js:246:5)
    at _runTestsForDescribeBlock (C:\Angular project-2\codebook\node_modules\jest-circus\build\run.js:126:9)
    at _runTestsForDescribeBlock (C:\Angular project-2\codebook\node_modules\jest-circus\build\run.js:121:9)
    at _runTestsForDescribeBlock (C:\Angular project-2\codebook\node_modules\jest-circus\build\run.js:121:9)
    at run (C:\Angular project-2\codebook\node_modules\jest-circus\build\run.js:71:3)
    at runAndTransformResultsToJestFormat (C:\Angular project-2\codebook\node_modules\jest-circus\build\legacy-code-todo-rewrite\jestAdapterInit.js:122:21)]]></failure>
      <failure message="TypeError: Cannot read properties of undefined (reading &apos;mockRestore&apos;)"><![CDATA[TypeError: Cannot read properties of undefined (reading 'mockRestore')
    at C:\Angular project-2\codebook\src\app\app.component.spec.ts:275:28
    at _ZoneDelegate.invoke (C:\Angular project-2\codebook\node_modules\zone.js\bundles\zone.umd.js:416:32)
    at ProxyZoneSpec.Object.<anonymous>.ProxyZoneSpec.onInvoke (C:\Angular project-2\codebook\node_modules\zone.js\bundles\zone-testing.umd.js:2177:43)
    at _ZoneDelegate.invoke (C:\Angular project-2\codebook\node_modules\zone.js\bundles\zone.umd.js:415:38)
    at ZoneImpl.run (C:\Angular project-2\codebook\node_modules\zone.js\bundles\zone.umd.js:147:47)
    at Object.wrappedFunc (C:\Angular project-2\codebook\node_modules\zone.js\bundles\zone-testing.umd.js:450:38)
    at Promise.then.completed (C:\Angular project-2\codebook\node_modules\jest-circus\build\utils.js:298:28)
    at new Promise (<anonymous>)
    at callAsyncCircusFn (C:\Angular project-2\codebook\node_modules\jest-circus\build\utils.js:231:10)
    at _callCircusHook (C:\Angular project-2\codebook\node_modules\jest-circus\build\run.js:281:40)
    at _runTest (C:\Angular project-2\codebook\node_modules\jest-circus\build\run.js:254:5)
    at _runTestsForDescribeBlock (C:\Angular project-2\codebook\node_modules\jest-circus\build\run.js:126:9)
    at _runTestsForDescribeBlock (C:\Angular project-2\codebook\node_modules\jest-circus\build\run.js:121:9)
    at _runTestsForDescribeBlock (C:\Angular project-2\codebook\node_modules\jest-circus\build\run.js:121:9)
    at run (C:\Angular project-2\codebook\node_modules\jest-circus\build\run.js:71:3)
    at runAndTransformResultsToJestFormat (C:\Angular project-2\codebook\node_modules\jest-circus\build\legacy-code-todo-rewrite\jestAdapterInit.js:122:21)]]></failure>
    </testCase>
    <testCase name="AppComponent toggleFullScreen should trigger fullscreen toggle when button is clicked (exit fullscreen)" duration="91">
      <failure message="Error: Property `requestFullscreen` does not exist in the provided object"><![CDATA[Error: Property `requestFullscreen` does not exist in the provided object
    at ModuleMocker.spyOn (C:\Angular project-2\codebook\node_modules\jest-mock\build\index.js:731:13)
    at C:\Angular project-2\codebook\src\app\app.component.spec.ts:259:35
    at _ZoneDelegate.invoke (C:\Angular project-2\codebook\node_modules\zone.js\bundles\zone.umd.js:416:32)
    at ProxyZoneSpec.Object.<anonymous>.ProxyZoneSpec.onInvoke (C:\Angular project-2\codebook\node_modules\zone.js\bundles\zone-testing.umd.js:2177:43)
    at _ZoneDelegate.invoke (C:\Angular project-2\codebook\node_modules\zone.js\bundles\zone.umd.js:415:38)
    at ZoneImpl.run (C:\Angular project-2\codebook\node_modules\zone.js\bundles\zone.umd.js:147:47)
    at Object.wrappedFunc (C:\Angular project-2\codebook\node_modules\zone.js\bundles\zone-testing.umd.js:450:38)
    at Promise.then.completed (C:\Angular project-2\codebook\node_modules\jest-circus\build\utils.js:298:28)
    at new Promise (<anonymous>)
    at callAsyncCircusFn (C:\Angular project-2\codebook\node_modules\jest-circus\build\utils.js:231:10)
    at _callCircusHook (C:\Angular project-2\codebook\node_modules\jest-circus\build\run.js:281:40)
    at _runTest (C:\Angular project-2\codebook\node_modules\jest-circus\build\run.js:246:5)
    at _runTestsForDescribeBlock (C:\Angular project-2\codebook\node_modules\jest-circus\build\run.js:126:9)
    at _runTestsForDescribeBlock (C:\Angular project-2\codebook\node_modules\jest-circus\build\run.js:121:9)
    at _runTestsForDescribeBlock (C:\Angular project-2\codebook\node_modules\jest-circus\build\run.js:121:9)
    at run (C:\Angular project-2\codebook\node_modules\jest-circus\build\run.js:71:3)
    at runAndTransformResultsToJestFormat (C:\Angular project-2\codebook\node_modules\jest-circus\build\legacy-code-todo-rewrite\jestAdapterInit.js:122:21)]]></failure>
      <failure message="TypeError: Cannot read properties of undefined (reading &apos;mockRestore&apos;)"><![CDATA[TypeError: Cannot read properties of undefined (reading 'mockRestore')
    at C:\Angular project-2\codebook\src\app\app.component.spec.ts:275:28
    at _ZoneDelegate.invoke (C:\Angular project-2\codebook\node_modules\zone.js\bundles\zone.umd.js:416:32)
    at ProxyZoneSpec.Object.<anonymous>.ProxyZoneSpec.onInvoke (C:\Angular project-2\codebook\node_modules\zone.js\bundles\zone-testing.umd.js:2177:43)
    at _ZoneDelegate.invoke (C:\Angular project-2\codebook\node_modules\zone.js\bundles\zone.umd.js:415:38)
    at ZoneImpl.run (C:\Angular project-2\codebook\node_modules\zone.js\bundles\zone.umd.js:147:47)
    at Object.wrappedFunc (C:\Angular project-2\codebook\node_modules\zone.js\bundles\zone-testing.umd.js:450:38)
    at Promise.then.completed (C:\Angular project-2\codebook\node_modules\jest-circus\build\utils.js:298:28)
    at new Promise (<anonymous>)
    at callAsyncCircusFn (C:\Angular project-2\codebook\node_modules\jest-circus\build\utils.js:231:10)
    at _callCircusHook (C:\Angular project-2\codebook\node_modules\jest-circus\build\run.js:281:40)
    at _runTest (C:\Angular project-2\codebook\node_modules\jest-circus\build\run.js:254:5)
    at _runTestsForDescribeBlock (C:\Angular project-2\codebook\node_modules\jest-circus\build\run.js:126:9)
    at _runTestsForDescribeBlock (C:\Angular project-2\codebook\node_modules\jest-circus\build\run.js:121:9)
    at _runTestsForDescribeBlock (C:\Angular project-2\codebook\node_modules\jest-circus\build\run.js:121:9)
    at run (C:\Angular project-2\codebook\node_modules\jest-circus\build\run.js:71:3)
    at runAndTransformResultsToJestFormat (C:\Angular project-2\codebook\node_modules\jest-circus\build\legacy-code-todo-rewrite\jestAdapterInit.js:122:21)]]></failure>
    </testCase>
    <testCase name="AppComponent setLanguage should set language to English for &quot;en&quot;" duration="88"/>
    <testCase name="AppComponent setLanguage should set language to French for &quot;fr&quot;" duration="80"/>
    <testCase name="AppComponent setLanguage should update language when menu item is clicked" duration="84">
      <failure message="TypeError: Cannot read properties of null (reading &apos;nativeElement&apos;)"><![CDATA[TypeError: Cannot read properties of null (reading 'nativeElement')
    at C:\Angular project-2\codebook\src\app\app.component.spec.ts:362:22
    at _ZoneDelegate.invoke (C:\Angular project-2\codebook\node_modules\zone.js\bundles\zone.umd.js:416:32)
    at ProxyZoneSpec.Object.<anonymous>.ProxyZoneSpec.onInvoke (C:\Angular project-2\codebook\node_modules\zone.js\bundles\zone-testing.umd.js:2177:43)
    at _ZoneDelegate.invoke (C:\Angular project-2\codebook\node_modules\zone.js\bundles\zone.umd.js:415:38)
    at ZoneImpl.run (C:\Angular project-2\codebook\node_modules\zone.js\bundles\zone.umd.js:147:47)
    at Object.wrappedFunc (C:\Angular project-2\codebook\node_modules\zone.js\bundles\zone-testing.umd.js:450:38)
    at Promise.then.completed (C:\Angular project-2\codebook\node_modules\jest-circus\build\utils.js:298:28)
    at new Promise (<anonymous>)
    at callAsyncCircusFn (C:\Angular project-2\codebook\node_modules\jest-circus\build\utils.js:231:10)
    at _callCircusTest (C:\Angular project-2\codebook\node_modules\jest-circus\build\run.js:316:40)
    at _runTest (C:\Angular project-2\codebook\node_modules\jest-circus\build\run.js:252:3)
    at _runTestsForDescribeBlock (C:\Angular project-2\codebook\node_modules\jest-circus\build\run.js:126:9)
    at _runTestsForDescribeBlock (C:\Angular project-2\codebook\node_modules\jest-circus\build\run.js:121:9)
    at _runTestsForDescribeBlock (C:\Angular project-2\codebook\node_modules\jest-circus\build\run.js:121:9)
    at run (C:\Angular project-2\codebook\node_modules\jest-circus\build\run.js:71:3)
    at runAndTransformResultsToJestFormat (C:\Angular project-2\codebook\node_modules\jest-circus\build\legacy-code-todo-rewrite\jestAdapterInit.js:122:21)]]></failure>
    </testCase>
    <testCase name="AppComponent Dark Mode Menu should render dark mode menu items" duration="88">
      <failure message="TypeError: Cannot read properties of null (reading &apos;nativeElement&apos;)"><![CDATA[TypeError: Cannot read properties of null (reading 'nativeElement')
    at C:\Angular project-2\codebook\src\app\app.component.spec.ts:377:22
    at _ZoneDelegate.invoke (C:\Angular project-2\codebook\node_modules\zone.js\bundles\zone.umd.js:416:32)
    at ProxyZoneSpec.Object.<anonymous>.ProxyZoneSpec.onInvoke (C:\Angular project-2\codebook\node_modules\zone.js\bundles\zone-testing.umd.js:2177:43)
    at _ZoneDelegate.invoke (C:\Angular project-2\codebook\node_modules\zone.js\bundles\zone.umd.js:415:38)
    at ZoneImpl.run (C:\Angular project-2\codebook\node_modules\zone.js\bundles\zone.umd.js:147:47)
    at Object.wrappedFunc (C:\Angular project-2\codebook\node_modules\zone.js\bundles\zone-testing.umd.js:450:38)
    at Promise.then.completed (C:\Angular project-2\codebook\node_modules\jest-circus\build\utils.js:298:28)
    at new Promise (<anonymous>)
    at callAsyncCircusFn (C:\Angular project-2\codebook\node_modules\jest-circus\build\utils.js:231:10)
    at _callCircusTest (C:\Angular project-2\codebook\node_modules\jest-circus\build\run.js:316:40)
    at runNextTicks (node:internal/process/task_queues:65:5)
    at processTimers (node:internal/timers:526:9)
    at _runTest (C:\Angular project-2\codebook\node_modules\jest-circus\build\run.js:252:3)
    at _runTestsForDescribeBlock (C:\Angular project-2\codebook\node_modules\jest-circus\build\run.js:126:9)
    at _runTestsForDescribeBlock (C:\Angular project-2\codebook\node_modules\jest-circus\build\run.js:121:9)
    at _runTestsForDescribeBlock (C:\Angular project-2\codebook\node_modules\jest-circus\build\run.js:121:9)
    at run (C:\Angular project-2\codebook\node_modules\jest-circus\build\run.js:71:3)
    at runAndTransformResultsToJestFormat (C:\Angular project-2\codebook\node_modules\jest-circus\build\legacy-code-todo-rewrite\jestAdapterInit.js:122:21)]]></failure>
    </testCase>
    <testCase name="AppComponent Dark Mode Menu should apply selected-theme class to current dark mode theme" duration="70">
      <failure message="TypeError: Cannot read properties of null (reading &apos;nativeElement&apos;)"><![CDATA[TypeError: Cannot read properties of null (reading 'nativeElement')
    at C:\Angular project-2\codebook\src\app\app.component.spec.ts:391:22
    at _ZoneDelegate.invoke (C:\Angular project-2\codebook\node_modules\zone.js\bundles\zone.umd.js:416:32)
    at ProxyZoneSpec.Object.<anonymous>.ProxyZoneSpec.onInvoke (C:\Angular project-2\codebook\node_modules\zone.js\bundles\zone-testing.umd.js:2177:43)
    at _ZoneDelegate.invoke (C:\Angular project-2\codebook\node_modules\zone.js\bundles\zone.umd.js:415:38)
    at ZoneImpl.run (C:\Angular project-2\codebook\node_modules\zone.js\bundles\zone.umd.js:147:47)
    at Object.wrappedFunc (C:\Angular project-2\codebook\node_modules\zone.js\bundles\zone-testing.umd.js:450:38)
    at Promise.then.completed (C:\Angular project-2\codebook\node_modules\jest-circus\build\utils.js:298:28)
    at new Promise (<anonymous>)
    at callAsyncCircusFn (C:\Angular project-2\codebook\node_modules\jest-circus\build\utils.js:231:10)
    at _callCircusTest (C:\Angular project-2\codebook\node_modules\jest-circus\build\run.js:316:40)
    at runNextTicks (node:internal/process/task_queues:65:5)
    at processTimers (node:internal/timers:526:9)
    at _runTest (C:\Angular project-2\codebook\node_modules\jest-circus\build\run.js:252:3)
    at _runTestsForDescribeBlock (C:\Angular project-2\codebook\node_modules\jest-circus\build\run.js:126:9)
    at _runTestsForDescribeBlock (C:\Angular project-2\codebook\node_modules\jest-circus\build\run.js:121:9)
    at _runTestsForDescribeBlock (C:\Angular project-2\codebook\node_modules\jest-circus\build\run.js:121:9)
    at run (C:\Angular project-2\codebook\node_modules\jest-circus\build\run.js:71:3)
    at runAndTransformResultsToJestFormat (C:\Angular project-2\codebook\node_modules\jest-circus\build\legacy-code-todo-rewrite\jestAdapterInit.js:122:21)]]></failure>
    </testCase>
    <testCase name="AppComponent Dark Mode Menu should call setTheme when dark mode menu item is clicked" duration="70">
      <failure message="TypeError: Cannot read properties of null (reading &apos;nativeElement&apos;)"><![CDATA[TypeError: Cannot read properties of null (reading 'nativeElement')
    at C:\Angular project-2\codebook\src\app\app.component.spec.ts:401:22
    at _ZoneDelegate.invoke (C:\Angular project-2\codebook\node_modules\zone.js\bundles\zone.umd.js:416:32)
    at ProxyZoneSpec.Object.<anonymous>.ProxyZoneSpec.onInvoke (C:\Angular project-2\codebook\node_modules\zone.js\bundles\zone-testing.umd.js:2177:43)
    at _ZoneDelegate.invoke (C:\Angular project-2\codebook\node_modules\zone.js\bundles\zone.umd.js:415:38)
    at ZoneImpl.run (C:\Angular project-2\codebook\node_modules\zone.js\bundles\zone.umd.js:147:47)
    at Object.wrappedFunc (C:\Angular project-2\codebook\node_modules\zone.js\bundles\zone-testing.umd.js:450:38)
    at Promise.then.completed (C:\Angular project-2\codebook\node_modules\jest-circus\build\utils.js:298:28)
    at new Promise (<anonymous>)
    at callAsyncCircusFn (C:\Angular project-2\codebook\node_modules\jest-circus\build\utils.js:231:10)
    at _callCircusTest (C:\Angular project-2\codebook\node_modules\jest-circus\build\run.js:316:40)
    at _runTest (C:\Angular project-2\codebook\node_modules\jest-circus\build\run.js:252:3)
    at _runTestsForDescribeBlock (C:\Angular project-2\codebook\node_modules\jest-circus\build\run.js:126:9)
    at _runTestsForDescribeBlock (C:\Angular project-2\codebook\node_modules\jest-circus\build\run.js:121:9)
    at _runTestsForDescribeBlock (C:\Angular project-2\codebook\node_modules\jest-circus\build\run.js:121:9)
    at run (C:\Angular project-2\codebook\node_modules\jest-circus\build\run.js:71:3)
    at runAndTransformResultsToJestFormat (C:\Angular project-2\codebook\node_modules\jest-circus\build\legacy-code-todo-rewrite\jestAdapterInit.js:122:21)]]></failure>
    </testCase>
    <testCase name="AppComponent Color Theme Menu should render color theme menu items with color preview" duration="83">
      <failure message="TypeError: Cannot read properties of null (reading &apos;nativeElement&apos;)"><![CDATA[TypeError: Cannot read properties of null (reading 'nativeElement')
    at C:\Angular project-2\codebook\src\app\app.component.spec.ts:415:24
    at _ZoneDelegate.invoke (C:\Angular project-2\codebook\node_modules\zone.js\bundles\zone.umd.js:416:32)
    at ProxyZoneSpec.Object.<anonymous>.ProxyZoneSpec.onInvoke (C:\Angular project-2\codebook\node_modules\zone.js\bundles\zone-testing.umd.js:2177:43)
    at _ZoneDelegate.invoke (C:\Angular project-2\codebook\node_modules\zone.js\bundles\zone.umd.js:415:38)
    at ZoneImpl.run (C:\Angular project-2\codebook\node_modules\zone.js\bundles\zone.umd.js:147:47)
    at Object.wrappedFunc (C:\Angular project-2\codebook\node_modules\zone.js\bundles\zone-testing.umd.js:450:38)
    at Promise.then.completed (C:\Angular project-2\codebook\node_modules\jest-circus\build\utils.js:298:28)
    at new Promise (<anonymous>)
    at callAsyncCircusFn (C:\Angular project-2\codebook\node_modules\jest-circus\build\utils.js:231:10)
    at _callCircusTest (C:\Angular project-2\codebook\node_modules\jest-circus\build\run.js:316:40)
    at _runTest (C:\Angular project-2\codebook\node_modules\jest-circus\build\run.js:252:3)
    at _runTestsForDescribeBlock (C:\Angular project-2\codebook\node_modules\jest-circus\build\run.js:126:9)
    at _runTestsForDescribeBlock (C:\Angular project-2\codebook\node_modules\jest-circus\build\run.js:121:9)
    at _runTestsForDescribeBlock (C:\Angular project-2\codebook\node_modules\jest-circus\build\run.js:121:9)
    at run (C:\Angular project-2\codebook\node_modules\jest-circus\build\run.js:71:3)
    at runAndTransformResultsToJestFormat (C:\Angular project-2\codebook\node_modules\jest-circus\build\legacy-code-todo-rewrite\jestAdapterInit.js:122:21)]]></failure>
    </testCase>
    <testCase name="AppComponent Color Theme Menu should call setTheme when color theme menu item is clicked" duration="60">
      <failure message="TypeError: Cannot read properties of null (reading &apos;nativeElement&apos;)"><![CDATA[TypeError: Cannot read properties of null (reading 'nativeElement')
    at C:\Angular project-2\codebook\src\app\app.component.spec.ts:430:24
    at _ZoneDelegate.invoke (C:\Angular project-2\codebook\node_modules\zone.js\bundles\zone.umd.js:416:32)
    at ProxyZoneSpec.Object.<anonymous>.ProxyZoneSpec.onInvoke (C:\Angular project-2\codebook\node_modules\zone.js\bundles\zone-testing.umd.js:2177:43)
    at _ZoneDelegate.invoke (C:\Angular project-2\codebook\node_modules\zone.js\bundles\zone.umd.js:415:38)
    at ZoneImpl.run (C:\Angular project-2\codebook\node_modules\zone.js\bundles\zone.umd.js:147:47)
    at Object.wrappedFunc (C:\Angular project-2\codebook\node_modules\zone.js\bundles\zone-testing.umd.js:450:38)
    at Promise.then.completed (C:\Angular project-2\codebook\node_modules\jest-circus\build\utils.js:298:28)
    at new Promise (<anonymous>)
    at callAsyncCircusFn (C:\Angular project-2\codebook\node_modules\jest-circus\build\utils.js:231:10)
    at _callCircusTest (C:\Angular project-2\codebook\node_modules\jest-circus\build\run.js:316:40)
    at _runTest (C:\Angular project-2\codebook\node_modules\jest-circus\build\run.js:252:3)
    at _runTestsForDescribeBlock (C:\Angular project-2\codebook\node_modules\jest-circus\build\run.js:126:9)
    at _runTestsForDescribeBlock (C:\Angular project-2\codebook\node_modules\jest-circus\build\run.js:121:9)
    at _runTestsForDescribeBlock (C:\Angular project-2\codebook\node_modules\jest-circus\build\run.js:121:9)
    at run (C:\Angular project-2\codebook\node_modules\jest-circus\build\run.js:71:3)
    at runAndTransformResultsToJestFormat (C:\Angular project-2\codebook\node_modules\jest-circus\build\legacy-code-todo-rewrite\jestAdapterInit.js:122:21)]]></failure>
    </testCase>
    <testCase name="AppComponent Responsive Behavior should set sidenav margin-left to 0 on mobile" duration="71"/>
    <testCase name="AppComponent Responsive Behavior should set fixedInViewport and fixedTopGap on mobile" duration="63"/>
    <testCase name="AppComponent Responsive Behavior should close sidenav on content click when mobile" duration="65"/>
    <testCase name="AppComponent Responsive Behavior should not close sidenav on content click when not mobile" duration="65"/>
    <testCase name="AppComponent Tooltip Integration should render tooltips for fullscreen, dark mode, color theme, and language buttons" duration="59">
      <failure message="Error: expect(received).toBe(expected) // Object.is equality"><![CDATA[Error: expect(received).toBe(expected) // Object.is equality

Expected: 3
Received: 4
    at C:\Angular project-2\codebook\src\app\app.component.spec.ts:489:30
    at _ZoneDelegate.invoke (C:\Angular project-2\codebook\node_modules\zone.js\bundles\zone.umd.js:416:32)
    at ProxyZoneSpec.Object.<anonymous>.ProxyZoneSpec.onInvoke (C:\Angular project-2\codebook\node_modules\zone.js\bundles\zone-testing.umd.js:2177:43)
    at _ZoneDelegate.invoke (C:\Angular project-2\codebook\node_modules\zone.js\bundles\zone.umd.js:415:38)
    at ZoneImpl.run (C:\Angular project-2\codebook\node_modules\zone.js\bundles\zone.umd.js:147:47)
    at Object.wrappedFunc (C:\Angular project-2\codebook\node_modules\zone.js\bundles\zone-testing.umd.js:450:38)
    at Promise.then.completed (C:\Angular project-2\codebook\node_modules\jest-circus\build\utils.js:298:28)
    at new Promise (<anonymous>)
    at callAsyncCircusFn (C:\Angular project-2\codebook\node_modules\jest-circus\build\utils.js:231:10)
    at _callCircusTest (C:\Angular project-2\codebook\node_modules\jest-circus\build\run.js:316:40)
    at _runTest (C:\Angular project-2\codebook\node_modules\jest-circus\build\run.js:252:3)
    at _runTestsForDescribeBlock (C:\Angular project-2\codebook\node_modules\jest-circus\build\run.js:126:9)
    at _runTestsForDescribeBlock (C:\Angular project-2\codebook\node_modules\jest-circus\build\run.js:121:9)
    at _runTestsForDescribeBlock (C:\Angular project-2\codebook\node_modules\jest-circus\build\run.js:121:9)
    at run (C:\Angular project-2\codebook\node_modules\jest-circus\build\run.js:71:3)
    at runAndTransformResultsToJestFormat (C:\Angular project-2\codebook\node_modules\jest-circus\build\legacy-code-todo-rewrite\jestAdapterInit.js:122:21)]]></failure>
    </testCase>
    <testCase name="AppComponent Routing Integration should render DashboardComponent for /dashboard route" duration="157">
      <failure message="Error: expect(received).toContain(expected) // indexOf"><![CDATA[Error: expect(received).toContain(expected) // indexOf

Expected substring: "Dashboard"
Received string:    "dashboard works!"
    at C:\Angular project-2\codebook\src\app\app.component.spec.ts:551:51
    at Generator.next (<anonymous>)
    at fulfilled (C:\Angular project-2\codebook\node_modules\tslib\tslib.js:167:62)
    at _ZoneDelegate.invoke (C:\Angular project-2\codebook\node_modules\zone.js\bundles\zone.umd.js:416:32)
    at ProxyZoneSpec.Object.<anonymous>.ProxyZoneSpec.onInvoke (C:\Angular project-2\codebook\node_modules\zone.js\bundles\zone-testing.umd.js:2177:43)
    at _ZoneDelegate.invoke (C:\Angular project-2\codebook\node_modules\zone.js\bundles\zone.umd.js:415:38)
    at ZoneImpl.run (C:\Angular project-2\codebook\node_modules\zone.js\bundles\zone.umd.js:147:47)
    at C:\Angular project-2\codebook\node_modules\zone.js\bundles\zone.umd.js:2598:42
    at _ZoneDelegate.invokeTask (C:\Angular project-2\codebook\node_modules\zone.js\bundles\zone.umd.js:449:37)
    at ProxyZoneSpec.Object.<anonymous>.ProxyZoneSpec.onInvokeTask (C:\Angular project-2\codebook\node_modules\zone.js\bundles\zone-testing.umd.js:2208:43)
    at _ZoneDelegate.invokeTask (C:\Angular project-2\codebook\node_modules\zone.js\bundles\zone.umd.js:448:42)
    at ZoneImpl.runTask (C:\Angular project-2\codebook\node_modules\zone.js\bundles\zone.umd.js:196:51)
    at drainMicroTaskQueue (C:\Angular project-2\codebook\node_modules\zone.js\bundles\zone.umd.js:638:39)]]></failure>
    </testCase>
    <testCase name="AppComponent Routing Integration should render UsersComponent for /users route" duration="407">
      <failure message="Error: expect(received).toContain(expected) // indexOf"><![CDATA[Error: expect(received).toContain(expected) // indexOf

Expected substring: "Users"
Received string:    " Add New User IdNameCompanyBusiness StrategyWebsiteAction Items per page:  0 of 0  Items per page:  0 of 0 "
    at C:\Angular project-2\codebook\src\app\app.component.spec.ts:559:47
    at Generator.next (<anonymous>)
    at fulfilled (C:\Angular project-2\codebook\node_modules\tslib\tslib.js:167:62)
    at _ZoneDelegate.invoke (C:\Angular project-2\codebook\node_modules\zone.js\bundles\zone.umd.js:416:32)
    at ProxyZoneSpec.Object.<anonymous>.ProxyZoneSpec.onInvoke (C:\Angular project-2\codebook\node_modules\zone.js\bundles\zone-testing.umd.js:2177:43)
    at _ZoneDelegate.invoke (C:\Angular project-2\codebook\node_modules\zone.js\bundles\zone.umd.js:415:38)
    at ZoneImpl.run (C:\Angular project-2\codebook\node_modules\zone.js\bundles\zone.umd.js:147:47)
    at C:\Angular project-2\codebook\node_modules\zone.js\bundles\zone.umd.js:2598:42
    at _ZoneDelegate.invokeTask (C:\Angular project-2\codebook\node_modules\zone.js\bundles\zone.umd.js:449:37)
    at ProxyZoneSpec.Object.<anonymous>.ProxyZoneSpec.onInvokeTask (C:\Angular project-2\codebook\node_modules\zone.js\bundles\zone-testing.umd.js:2208:43)
    at _ZoneDelegate.invokeTask (C:\Angular project-2\codebook\node_modules\zone.js\bundles\zone.umd.js:448:42)
    at ZoneImpl.runTask (C:\Angular project-2\codebook\node_modules\zone.js\bundles\zone.umd.js:196:51)
    at drainMicroTaskQueue (C:\Angular project-2\codebook\node_modules\zone.js\bundles\zone.umd.js:638:39)]]></failure>
    </testCase>
    <testCase name="AppComponent Routing Integration should render BusinessComponent for /business route" duration="262"/>
    <testCase name="AppComponent Routing Integration should render ListBusinessesComponent for /business-list route" duration="141">
      <failure message="TypeError: ctx.responsiveService.isDesktop is not a function"><![CDATA[TypeError: ctx.responsiveService.isDesktop is not a function
    at ListBusinessesComponent_Template (ng:///ListBusinessesComponent.js:150:57)
    at executeTemplate (C:\Angular project-2\codebook\node_modules\@angular\core\fesm2022\core.mjs:12338:9)
    at refreshView (C:\Angular project-2\codebook\node_modules\@angular\core\fesm2022\core.mjs:14023:13)
    at detectChangesInView (C:\Angular project-2\codebook\node_modules\@angular\core\fesm2022\core.mjs:14243:9)
    at detectChangesInViewIfAttached (C:\Angular project-2\codebook\node_modules\@angular\core\fesm2022\core.mjs:14203:5)
    at detectChangesInComponent (C:\Angular project-2\codebook\node_modules\@angular\core\fesm2022\core.mjs:14191:5)
    at detectChangesInChildComponents (C:\Angular project-2\codebook\node_modules\@angular\core\fesm2022\core.mjs:14262:9)
    at refreshView (C:\Angular project-2\codebook\node_modules\@angular\core\fesm2022\core.mjs:14078:13)
    at detectChangesInView (C:\Angular project-2\codebook\node_modules\@angular\core\fesm2022\core.mjs:14243:9)
    at detectChangesInViewIfAttached (C:\Angular project-2\codebook\node_modules\@angular\core\fesm2022\core.mjs:14203:5)
    at detectChangesInEmbeddedViews (C:\Angular project-2\codebook\node_modules\@angular\core\fesm2022\core.mjs:14160:13)
    at refreshView (C:\Angular project-2\codebook\node_modules\@angular\core\fesm2022\core.mjs:14052:9)
    at detectChangesInView (C:\Angular project-2\codebook\node_modules\@angular\core\fesm2022\core.mjs:14243:9)
    at detectChangesInViewIfAttached (C:\Angular project-2\codebook\node_modules\@angular\core\fesm2022\core.mjs:14203:5)
    at detectChangesInComponent (C:\Angular project-2\codebook\node_modules\@angular\core\fesm2022\core.mjs:14191:5)
    at detectChangesInChildComponents (C:\Angular project-2\codebook\node_modules\@angular\core\fesm2022\core.mjs:14262:9)
    at refreshView (C:\Angular project-2\codebook\node_modules\@angular\core\fesm2022\core.mjs:14078:13)
    at detectChangesInView (C:\Angular project-2\codebook\node_modules\@angular\core\fesm2022\core.mjs:14243:9)
    at detectChangesInViewWhileDirty (C:\Angular project-2\codebook\node_modules\@angular\core\fesm2022\core.mjs:13935:9)
    at detectChangesInternal (C:\Angular project-2\codebook\node_modules\@angular\core\fesm2022\core.mjs:13917:9)
    at ViewRef.detectChanges (C:\Angular project-2\codebook\node_modules\@angular\core\fesm2022\core.mjs:14774:9)
    at C:\Angular project-2\codebook\node_modules\@angular\core\fesm2022\testing.mjs:292:44
    at _ZoneDelegate.invoke (C:\Angular project-2\codebook\node_modules\zone.js\bundles\zone.umd.js:416:32)
    at ProxyZoneSpec.Object.<anonymous>.ProxyZoneSpec.onInvoke (C:\Angular project-2\codebook\node_modules\zone.js\bundles\zone-testing.umd.js:2177:43)
    at _ZoneDelegate.invoke (C:\Angular project-2\codebook\node_modules\zone.js\bundles\zone.umd.js:415:38)
    at Object.onInvoke (C:\Angular project-2\codebook\node_modules\@angular\core\fesm2022\core.mjs:6528:33)
    at _ZoneDelegate.invoke (C:\Angular project-2\codebook\node_modules\zone.js\bundles\zone.umd.js:415:38)
    at ZoneImpl.run (C:\Angular project-2\codebook\node_modules\zone.js\bundles\zone.umd.js:147:47)
    at NgZone.run (C:\Angular project-2\codebook\node_modules\@angular\core\fesm2022\core.mjs:6374:28)
    at ComponentFixture.detectChanges (C:\Angular project-2\codebook\node_modules\@angular\core\fesm2022\testing.mjs:289:30)
    at C:\Angular project-2\codebook\src\app\app.component.spec.ts:572:15
    at Generator.next (<anonymous>)
    at fulfilled (C:\Angular project-2\codebook\node_modules\tslib\tslib.js:167:62)
    at _ZoneDelegate.invoke (C:\Angular project-2\codebook\node_modules\zone.js\bundles\zone.umd.js:416:32)
    at ProxyZoneSpec.Object.<anonymous>.ProxyZoneSpec.onInvoke (C:\Angular project-2\codebook\node_modules\zone.js\bundles\zone-testing.umd.js:2177:43)
    at _ZoneDelegate.invoke (C:\Angular project-2\codebook\node_modules\zone.js\bundles\zone.umd.js:415:38)
    at ZoneImpl.run (C:\Angular project-2\codebook\node_modules\zone.js\bundles\zone.umd.js:147:47)
    at C:\Angular project-2\codebook\node_modules\zone.js\bundles\zone.umd.js:2598:42
    at _ZoneDelegate.invokeTask (C:\Angular project-2\codebook\node_modules\zone.js\bundles\zone.umd.js:449:37)
    at ProxyZoneSpec.Object.<anonymous>.ProxyZoneSpec.onInvokeTask (C:\Angular project-2\codebook\node_modules\zone.js\bundles\zone-testing.umd.js:2208:43)
    at _ZoneDelegate.invokeTask (C:\Angular project-2\codebook\node_modules\zone.js\bundles\zone.umd.js:448:42)
    at ZoneImpl.runTask (C:\Angular project-2\codebook\node_modules\zone.js\bundles\zone.umd.js:196:51)
    at drainMicroTaskQueue (C:\Angular project-2\codebook\node_modules\zone.js\bundles\zone.umd.js:638:39)
    at runNextTicks (node:internal/process/task_queues:65:5)
    at processTimers (node:internal/timers:526:9)]]></failure>
    </testCase>
    <testCase name="AppComponent Routing Integration should redirect to /dashboard for empty route" duration="153"/>
    <testCase name="AppComponent Routing Integration should redirect to /dashboard for unknown route" duration="126"/>
    <testCase name="AppComponent AppConfig Integration should include all providers from appConfig" duration="66">
      <failure message="Error: expect(received).toContainEqual(expected) // deep equality"><![CDATA[Error: expect(received).toContainEqual(expected) // deep equality

Expected value: {"ɵproviders": [{"provide": {"_desc": "provideZoneChangeDetection token", "ngMetadataName": "InjectionToken", "ɵprov": {"factory": [Function factory], "providedIn": "root", "token": [Circular], "value": undefined}}, "useValue": true}, {"provide": {"_desc": "Zoneless enabled", "ngMetadataName": "InjectionToken", "ɵprov": {"factory": [Function factory], "providedIn": "root", "token": [Circular], "value": undefined}}, "useValue": false}, [{"provide": [Function NgZone], "useFactory": [Function ngZoneFactory]}, {"multi": true, "provide": {"_desc": "ENVIRONMENT_INITIALIZER", "ngMetadataName": "InjectionToken", "ɵprov": undefined}, "useFactory": [Function useFactory]}, {"multi": true, "provide": {"_desc": "ENVIRONMENT_INITIALIZER", "ngMetadataName": "InjectionToken", "ɵprov": undefined}, "useFactory": [Function useFactory]}, [], {"provide": {"_desc": "run changes outside zone in root", "ngMetadataName": "InjectionToken", "ɵprov": undefined}, "useValue": false}]]}
Received array: [{"ɵproviders": [{"provide": {"_desc": "provideZoneChangeDetection token", "ngMetadataName": "InjectionToken", "ɵprov": {"factory": [Function factory], "providedIn": "root", "token": [Circular], "value": undefined}}, "useValue": true}, {"provide": {"_desc": "Zoneless enabled", "ngMetadataName": "InjectionToken", "ɵprov": {"factory": [Function factory], "providedIn": "root", "token": [Circular], "value": undefined}}, "useValue": false}, [{"provide": [Function NgZone], "useFactory": [Function ngZoneFactory]}, {"multi": true, "provide": {"_desc": "ENVIRONMENT_INITIALIZER", "ngMetadataName": "InjectionToken", "ɵprov": undefined}, "useFactory": [Function useFactory]}, {"multi": true, "provide": {"_desc": "ENVIRONMENT_INITIALIZER", "ngMetadataName": "InjectionToken", "ɵprov": undefined}, "useFactory": [Function useFactory]}, [], {"provide": {"_desc": "run changes outside zone in root", "ngMetadataName": "InjectionToken", "ɵprov": undefined}, "useValue": false}]]}, {"ɵproviders": [{"multi": true, "provide": {"_desc": "ROUTES", "ngMetadataName": "InjectionToken", "ɵprov": undefined}, "useValue": [{"component": [Function DashboardComponent], "path": "dashboard"}, {"component": [Function UsersComponent], "path": "users"}, {"component": [Function BusinessComponent], "path": "business"}, {"component": [Function ListBusinessesComponent], "path": "business-list"}, {"path": "", "pathMatch": "full", "redirectTo": "dashboard"}, {"path": "**", "redirectTo": "dashboard"}]}, {"provide": {"_desc": "", "ngMetadataName": "InjectionToken", "ɵprov": {"factory": [Function factory], "providedIn": "root", "token": [Circular], "value": undefined}}, "useValue": true}, {"deps": [[Function _Router]], "provide": [Function ActivatedRoute], "useFactory": [Function rootRoute]}, {"multi": true, "provide": {"_desc": "appBootstrapListener", "ngMetadataName": "InjectionToken", "ɵprov": undefined}, "useFactory": [Function getBootstrapListener]}, []]}, {"ɵproviders": [[Function _HttpClient], [Function _HttpXhrBackend], [Function _HttpInterceptorHandler], {"provide": [Function HttpHandler], "useExisting": [Function _HttpInterceptorHandler]}, {"provide": [Function HttpBackend], "useFactory": [Function useFactory]}, {"multi": true, "provide": {"_desc": "HTTP_INTERCEPTOR_FNS", "ngMetadataName": "InjectionToken", "ɵprov": undefined}, "useValue": [Function xsrfInterceptorFn]}, {"provide": {"_desc": "XSRF_ENABLED", "ngMetadataName": "InjectionToken", "ɵprov": undefined}, "useValue": true}, {"provide": [Function HttpXsrfTokenExtractor], "useClass": [Function _HttpXsrfCookieExtractor]}]}, [{"provide": [Function AnimationDriver], "useFactory": [Function useFactory]}, {"provide": {"_desc": "AnimationModuleType", "ngMetadataName": "InjectionToken", "ɵprov": undefined}, "useFactory": [Function useFactory]}, {"provide": [Function AnimationStyleNormalizer], "useFactory": [Function instantiateDefaultStyleNormalizer]}, {"provide": [Function AnimationEngine], "useClass": [Function _InjectableAnimationEngine]}, {"deps": [[Function _DomRendererFactory2], [Function AnimationEngine], [Function NgZone]], "provide": [Function RendererFactory2], "useFactory": [Function instantiateRendererFactory]}], {"ɵproviders": [{"provide": {"_desc": "ToastConfig", "ngMetadataName": "InjectionToken", "ɵprov": undefined}, "useValue": {"config": {"positionClass": "toast-top-right", "preventDuplicates": true, "timeOut": 3000}, "default": {"autoDismiss": false, "closeButton": false, "countDuplicates": false, "disableTimeOut": false, "easeTime": 300, "easing": "ease-in", "enableHtml": false, "extendedTimeOut": 1000, "iconClasses": {"error": "toast-error", "info": "toast-info", "success": "toast-success", "warning": "toast-warning"}, "includeTitleDuplicates": false, "maxOpened": 0, "messageClass": "toast-message", "newestOnTop": true, "onActivateTick": false, "positionClass": "toast-top-right", "preventDuplicates": false, "progressAnimation": "decreasing", "progressBar": false, "resetTimeoutOnDuplicate": false, "tapToDismiss": true, "timeOut": 5000, "titleClass": "toast-title", "toastClass": "ngx-toastr", "toastComponent": [Function _Toast]}}}]}]
    at C:\Angular project-2\codebook\src\app\app.component.spec.ts:642:35
    at _ZoneDelegate.invoke (C:\Angular project-2\codebook\node_modules\zone.js\bundles\zone.umd.js:416:32)
    at ProxyZoneSpec.Object.<anonymous>.ProxyZoneSpec.onInvoke (C:\Angular project-2\codebook\node_modules\zone.js\bundles\zone-testing.umd.js:2177:43)
    at _ZoneDelegate.invoke (C:\Angular project-2\codebook\node_modules\zone.js\bundles\zone.umd.js:415:38)
    at ZoneImpl.run (C:\Angular project-2\codebook\node_modules\zone.js\bundles\zone.umd.js:147:47)
    at Object.wrappedFunc (C:\Angular project-2\codebook\node_modules\zone.js\bundles\zone-testing.umd.js:450:38)
    at Promise.then.completed (C:\Angular project-2\codebook\node_modules\jest-circus\build\utils.js:298:28)
    at new Promise (<anonymous>)
    at callAsyncCircusFn (C:\Angular project-2\codebook\node_modules\jest-circus\build\utils.js:231:10)
    at _callCircusTest (C:\Angular project-2\codebook\node_modules\jest-circus\build\run.js:316:40)
    at runNextTicks (node:internal/process/task_queues:65:5)
    at processTimers (node:internal/timers:526:9)
    at _runTest (C:\Angular project-2\codebook\node_modules\jest-circus\build\run.js:252:3)
    at _runTestsForDescribeBlock (C:\Angular project-2\codebook\node_modules\jest-circus\build\run.js:126:9)
    at _runTestsForDescribeBlock (C:\Angular project-2\codebook\node_modules\jest-circus\build\run.js:121:9)
    at _runTestsForDescribeBlock (C:\Angular project-2\codebook\node_modules\jest-circus\build\run.js:121:9)
    at run (C:\Angular project-2\codebook\node_modules\jest-circus\build\run.js:71:3)
    at runAndTransformResultsToJestFormat (C:\Angular project-2\codebook\node_modules\jest-circus\build\legacy-code-todo-rewrite\jestAdapterInit.js:122:21)]]></failure>
    </testCase>
    <testCase name="AppComponent AppConfig Integration should provide ZoneChangeDetection with eventCoalescing" duration="57">
      <failure message="NullInjectorError: R3InjectorError[provideZoneChangeDetection -&gt; provideZoneChangeDetection]: "><![CDATA[NullInjectorError: R3InjectorError[provideZoneChangeDetection -> provideZoneChangeDetection]: 
  NullInjectorError: No provider for provideZoneChangeDetection!
    at NullInjector.get (C:\Angular project-2\codebook\node_modules\@angular\core\fesm2022\core.mjs:1624:27)
    at R3Injector.get (C:\Angular project-2\codebook\node_modules\@angular\core\fesm2022\core.mjs:2151:33)
    at R3Injector.get (C:\Angular project-2\codebook\node_modules\@angular\core\fesm2022\core.mjs:2151:33)
    at _TestBedImpl.inject (C:\Angular project-2\codebook\node_modules\@angular\core\fesm2022\testing.mjs:1989:38)
    at Function.inject (C:\Angular project-2\codebook\node_modules\@angular\core\fesm2022\testing.mjs:1829:37)
    at C:\Angular project-2\codebook\src\app\app.component.spec.ts:656:34
    at _ZoneDelegate.invoke (C:\Angular project-2\codebook\node_modules\zone.js\bundles\zone.umd.js:416:32)
    at ProxyZoneSpec.Object.<anonymous>.ProxyZoneSpec.onInvoke (C:\Angular project-2\codebook\node_modules\zone.js\bundles\zone-testing.umd.js:2177:43)
    at _ZoneDelegate.invoke (C:\Angular project-2\codebook\node_modules\zone.js\bundles\zone.umd.js:415:38)
    at ZoneImpl.run (C:\Angular project-2\codebook\node_modules\zone.js\bundles\zone.umd.js:147:47)
    at Object.wrappedFunc (C:\Angular project-2\codebook\node_modules\zone.js\bundles\zone-testing.umd.js:450:38)
    at Promise.then.completed (C:\Angular project-2\codebook\node_modules\jest-circus\build\utils.js:298:28)
    at new Promise (<anonymous>)
    at callAsyncCircusFn (C:\Angular project-2\codebook\node_modules\jest-circus\build\utils.js:231:10)
    at _callCircusTest (C:\Angular project-2\codebook\node_modules\jest-circus\build\run.js:316:40)
    at _runTest (C:\Angular project-2\codebook\node_modules\jest-circus\build\run.js:252:3)
    at _runTestsForDescribeBlock (C:\Angular project-2\codebook\node_modules\jest-circus\build\run.js:126:9)
    at _runTestsForDescribeBlock (C:\Angular project-2\codebook\node_modules\jest-circus\build\run.js:121:9)
    at _runTestsForDescribeBlock (C:\Angular project-2\codebook\node_modules\jest-circus\build\run.js:121:9)
    at run (C:\Angular project-2\codebook\node_modules\jest-circus\build\run.js:71:3)
    at runAndTransformResultsToJestFormat (C:\Angular project-2\codebook\node_modules\jest-circus\build\legacy-code-todo-rewrite\jestAdapterInit.js:122:21)]]></failure>
    </testCase>
    <testCase name="AppComponent AppConfig Integration should provide Router with routes" duration="89"/>
    <testCase name="AppComponent AppConfig Integration should provide HttpClient" duration="64"/>
    <testCase name="AppComponent AppConfig Integration should provide Animations" duration="61">
      <failure message="NullInjectorError: R3InjectorError[provideAnimations -&gt; provideAnimations]: "><![CDATA[NullInjectorError: R3InjectorError[provideAnimations -> provideAnimations]: 
  NullInjectorError: No provider for provideAnimations!
    at NullInjector.get (C:\Angular project-2\codebook\node_modules\@angular\core\fesm2022\core.mjs:1624:27)
    at R3Injector.get (C:\Angular project-2\codebook\node_modules\@angular\core\fesm2022\core.mjs:2151:33)
    at R3Injector.get (C:\Angular project-2\codebook\node_modules\@angular\core\fesm2022\core.mjs:2151:33)
    at _TestBedImpl.inject (C:\Angular project-2\codebook\node_modules\@angular\core\fesm2022\testing.mjs:1989:38)
    at Function.inject (C:\Angular project-2\codebook\node_modules\@angular\core\fesm2022\testing.mjs:1829:37)
    at C:\Angular project-2\codebook\src\app\app.component.spec.ts:678:34
    at _ZoneDelegate.invoke (C:\Angular project-2\codebook\node_modules\zone.js\bundles\zone.umd.js:416:32)
    at ProxyZoneSpec.Object.<anonymous>.ProxyZoneSpec.onInvoke (C:\Angular project-2\codebook\node_modules\zone.js\bundles\zone-testing.umd.js:2177:43)
    at _ZoneDelegate.invoke (C:\Angular project-2\codebook\node_modules\zone.js\bundles\zone.umd.js:415:38)
    at ZoneImpl.run (C:\Angular project-2\codebook\node_modules\zone.js\bundles\zone.umd.js:147:47)
    at Object.wrappedFunc (C:\Angular project-2\codebook\node_modules\zone.js\bundles\zone-testing.umd.js:450:38)
    at Promise.then.completed (C:\Angular project-2\codebook\node_modules\jest-circus\build\utils.js:298:28)
    at new Promise (<anonymous>)
    at callAsyncCircusFn (C:\Angular project-2\codebook\node_modules\jest-circus\build\utils.js:231:10)
    at _callCircusTest (C:\Angular project-2\codebook\node_modules\jest-circus\build\run.js:316:40)
    at _runTest (C:\Angular project-2\codebook\node_modules\jest-circus\build\run.js:252:3)
    at _runTestsForDescribeBlock (C:\Angular project-2\codebook\node_modules\jest-circus\build\run.js:126:9)
    at _runTestsForDescribeBlock (C:\Angular project-2\codebook\node_modules\jest-circus\build\run.js:121:9)
    at _runTestsForDescribeBlock (C:\Angular project-2\codebook\node_modules\jest-circus\build\run.js:121:9)
    at run (C:\Angular project-2\codebook\node_modules\jest-circus\build\run.js:71:3)
    at runAndTransformResultsToJestFormat (C:\Angular project-2\codebook\node_modules\jest-circus\build\legacy-code-todo-rewrite\jestAdapterInit.js:122:21)]]></failure>
    </testCase>
    <testCase name="AppComponent AppConfig Integration should provide Toastr with correct configuration" duration="74"/>
  </file>
</testExecutions>